[0.685s] Invoking command in '/home/rhobtor/PHD/ARGOJ8_IA/build/car_cpp': CMAKE_PREFIX_PATH=/home/rhobtor/PHD/ARGOJ8_IA/install/car_interfaces:/home/rhobtor/PHD/ARGOJ8_IA/install/octomap_mapping:/home/rhobtor/PHD/ARGOJ8_IA/install/octomap_server:/home/rhobtor/PHD/ARGOJ8_IA/install/octomap_rviz_plugins:/home/rhobtor/PHD/ARGOJ8_IA/install/j8_xacro_model:/home/rhobtor/PHD/ARGOJ8_IA/install/hector_gazebo_plugins:/home/rhobtor/PHD/ARGOJ8_IA/install/fixposition_sensor_pkg:/home/rhobtor/PHD/ARGOJ8_IA/install/car_cpp:/home/rhobtor/PHD/ARGOJ8_IA/install/argj801_ctl_platform:/home/rhobtor/PHD/ARGOJ8_IA/install/argj801_ctl_platform_interfaces:/home/rhobtor/packages/install/grid_map:/home/rhobtor/packages/install/grid_map_demos:/home/rhobtor/packages/install/grid_map_visualization:/home/rhobtor/packages/install/grid_map_sdf:/home/rhobtor/packages/install/grid_map_rviz_plugin:/home/rhobtor/packages/install/grid_map_pcl:/home/rhobtor/packages/install/grid_map_loader:/home/rhobtor/packages/install/grid_map_filters:/home/rhobtor/packages/install/grid_map_ros:/home/rhobtor/packages/install/grid_map_octomap:/home/rhobtor/packages/install/grid_map_msgs:/home/rhobtor/packages/install/grid_map_cv:/home/rhobtor/packages/install/grid_map_costmap_2d:/home/rhobtor/packages/install/grid_map_core:/home/rhobtor/packages/install/grid_map_cmake_helpers:/home/rhobtor/PHD/reactive/Reactive-Navegation/workspace_full_conected/install/octomap_mapping:/home/rhobtor/PHD/reactive/Reactive-Navegation/workspace_full_conected/install/octomap_server:/home/rhobtor/PHD/reactive/Reactive-Navegation/workspace_full_conected/install/octomap_rviz_plugins:/home/rhobtor/PHD/reactive/Reactive-Navegation/workspace_full_conected/install/hector_gazebo_plugins:/home/rhobtor/PHD/reactive/Reactive-Navegation/workspace_full_conected/install/car_cpp:/home/rhobtor/PHD/reactive/Reactive-Navegation/workspace_full_conected/install/car_interfaces:/home/rhobtor/PHD/ARGOJ8_IA/install/car:/home/rhobtor/PHD/reactive/Reactive-Navegation/workspace_full_conected/install/car:/opt/ros/humble LD_LIBRARY_PATH=/home/rhobtor/PHD/ARGOJ8_IA/install/car_interfaces/lib:/home/rhobtor/PHD/ARGOJ8_IA/install/octomap_server/lib:/home/rhobtor/PHD/ARGOJ8_IA/install/octomap_rviz_plugins/lib:/home/rhobtor/PHD/ARGOJ8_IA/install/j8_xacro_model/lib:/home/rhobtor/PHD/ARGOJ8_IA/install/hector_gazebo_plugins/lib:/home/rhobtor/PHD/ARGOJ8_IA/install/fixposition_sensor_pkg/lib:/home/rhobtor/PHD/ARGOJ8_IA/install/car_cpp/lib:/home/rhobtor/PHD/ARGOJ8_IA/install/argj801_ctl_platform_interfaces/lib:/home/rhobtor/packages/install/grid_map_demos/lib:/home/rhobtor/packages/install/grid_map_visualization/lib:/home/rhobtor/packages/install/grid_map_sdf/lib:/home/rhobtor/packages/install/grid_map_rviz_plugin/lib:/home/rhobtor/packages/install/grid_map_pcl/lib:/home/rhobtor/packages/install/grid_map_loader/lib:/home/rhobtor/packages/install/grid_map_filters/lib:/home/rhobtor/packages/install/grid_map_ros/lib:/home/rhobtor/packages/install/grid_map_octomap/lib:/home/rhobtor/packages/install/grid_map_msgs/lib:/home/rhobtor/packages/install/grid_map_cv/lib:/home/rhobtor/packages/install/grid_map_costmap_2d/lib:/home/rhobtor/packages/install/grid_map_core/lib:/home/rhobtor/PHD/reactive/Reactive-Navegation/workspace_full_conected/install/octomap_server/lib:/home/rhobtor/PHD/reactive/Reactive-Navegation/workspace_full_conected/install/octomap_rviz_plugins/lib:/home/rhobtor/PHD/reactive/Reactive-Navegation/workspace_full_conected/install/hector_gazebo_plugins/lib:/home/rhobtor/PHD/reactive/Reactive-Navegation/workspace_full_conected/install/car_cpp/lib:/home/rhobtor/PHD/reactive/Reactive-Navegation/workspace_full_conected/install/car_interfaces/lib:/usr/lib/x86_64-linux-gnu/gazebo-11/plugins:/opt/ros/humble/opt/rviz_ogre_vendor/lib:/opt/ros/humble/lib/x86_64-linux-gnu:/opt/ros/humble/lib /opt/st/stm32cubeclt_1.18.0/CMake/bin/cmake /home/rhobtor/PHD/ARGOJ8_IA/src/car_cpp -DCMAKE_INSTALL_PREFIX=/home/rhobtor/PHD/ARGOJ8_IA/install/car_cpp
[0.857s] -- The C compiler identification is GNU 11.4.0
[1.070s] -- The CXX compiler identification is GNU 11.4.0
[1.119s] -- Detecting C compiler ABI info
[1.301s] -- Detecting C compiler ABI info - done
[1.340s] -- Check for working C compiler: /usr/bin/cc - skipped
[1.341s] -- Detecting C compile features
[1.343s] -- Detecting C compile features - done
[1.377s] -- Detecting CXX compiler ABI info
[1.614s] -- Detecting CXX compiler ABI info - done
[1.669s] -- Check for working CXX compiler: /usr/bin/c++ - skipped
[1.669s] -- Detecting CXX compile features
[1.671s] -- Detecting CXX compile features - done
[1.678s] -- Found ament_cmake: 1.3.11 (/opt/ros/humble/share/ament_cmake/cmake)
[2.052s] -- Found Python3: /usr/bin/python3 (found version "3.10.12") found components: Interpreter 
[2.318s] -- Found rclcpp: 16.0.12 (/opt/ros/humble/share/rclcpp/cmake)
[2.430s] -- Found rosidl_generator_c: 3.1.6 (/opt/ros/humble/share/rosidl_generator_c/cmake)
[2.445s] -- Found rosidl_adapter: 3.1.6 (/opt/ros/humble/share/rosidl_adapter/cmake)
[2.468s] -- Found rosidl_generator_cpp: 3.1.6 (/opt/ros/humble/share/rosidl_generator_cpp/cmake)
[2.503s] -- Using all available rosidl_typesupport_c: rosidl_typesupport_fastrtps_c;rosidl_typesupport_introspection_c
[2.582s] -- Using all available rosidl_typesupport_cpp: rosidl_typesupport_fastrtps_cpp;rosidl_typesupport_introspection_cpp
[2.912s] -- Found rmw_implementation_cmake: 6.1.2 (/opt/ros/humble/share/rmw_implementation_cmake/cmake)
[2.941s] -- Found rmw_fastrtps_cpp: 6.2.7 (/opt/ros/humble/share/rmw_fastrtps_cpp/cmake)
[3.352s] -- Found OpenSSL: /usr/lib/x86_64-linux-gnu/libcrypto.so (found version "3.0.2")  
[3.465s] -- Found FastRTPS: /opt/ros/humble/include  
[3.636s] -- Using RMW implementation 'rmw_fastrtps_cpp' as default
[3.691s] -- Performing Test CMAKE_HAVE_LIBC_PTHREAD
[3.890s] -- Performing Test CMAKE_HAVE_LIBC_PTHREAD - Success
[3.893s] -- Found Threads: TRUE  
[4.125s] -- Found gazebo_ros: 3.9.0 (/opt/ros/humble/share/gazebo_ros/cmake)
[4.154s] -- Found PkgConfig: /usr/bin/pkg-config (found version "0.29.2") 
[4.160s] -- Checking for module 'bullet>=2.82'
[4.197s] --   Found bullet, version 3.05
[4.494s] -- Found fcl: /usr/include (found suitable version "0.7.0", minimum required is "0.5.0") 
[4.583s] -- Found assimp: /usr/include (found version "5.2.0") 
[4.628s] -- Found DART: /usr/include (Required is at least version "6.6") found components: dart 
[4.700s] -- Found Boost: /usr/lib/x86_64-linux-gnu/cmake/Boost-1.74.0/BoostConfig.cmake (found suitable version "1.74.0", minimum required is "1.40.0") found components: thread system filesystem program_options regex iostreams date_time 
[4.752s] -- Found Protobuf: /usr/lib/x86_64-linux-gnu/libprotobuf.so (found version "3.12.4") 
[4.775s] -- Looking for ignition-math6 -- found version 6.15.1
[4.785s] -- Searching for dependencies of ignition-math6
[4.789s] -- Looking for OGRE...
[4.789s] -- OGRE_PREFIX_WATCH changed.
[4.799s] -- Checking for module 'OGRE'
[4.825s] --   Found OGRE, version 1.9.0
[4.888s] -- Found Ogre Ghadamon (1.9.0)
[4.927s] -- Found OGRE: optimized;/usr/lib/x86_64-linux-gnu/libOgreMain.so;debug;/usr/lib/x86_64-linux-gnu/libOgreMain.so
[4.967s] -- Looking for OGRE_Paging...
[5.005s] -- Found OGRE_Paging: optimized;/usr/lib/x86_64-linux-gnu/libOgrePaging.so;debug;/usr/lib/x86_64-linux-gnu/libOgrePaging.so
[5.006s] -- Looking for OGRE_Terrain...
[5.037s] -- Found OGRE_Terrain: optimized;/usr/lib/x86_64-linux-gnu/libOgreTerrain.so;debug;/usr/lib/x86_64-linux-gnu/libOgreTerrain.so
[5.037s] -- Looking for OGRE_Property...
[5.060s] -- Found OGRE_Property: optimized;/usr/lib/x86_64-linux-gnu/libOgreProperty.so;debug;/usr/lib/x86_64-linux-gnu/libOgreProperty.so
[5.062s] -- Looking for OGRE_RTShaderSystem...
[5.082s] -- Found OGRE_RTShaderSystem: optimized;/usr/lib/x86_64-linux-gnu/libOgreRTShaderSystem.so;debug;/usr/lib/x86_64-linux-gnu/libOgreRTShaderSystem.so
[5.083s] -- Looking for OGRE_Volume...
[5.104s] -- Found OGRE_Volume: optimized;/usr/lib/x86_64-linux-gnu/libOgreVolume.so;debug;/usr/lib/x86_64-linux-gnu/libOgreVolume.so
[5.104s] -- Looking for OGRE_Overlay...
[5.126s] -- Found OGRE_Overlay: optimized;/usr/lib/x86_64-linux-gnu/libOgreOverlay.so;debug;/usr/lib/x86_64-linux-gnu/libOgreOverlay.so
[5.630s] -- Looking for ignition-math6 -- found version 6.15.1
[5.642s] -- Looking for ignition-transport8 -- found version 8.2.1
[5.643s] -- Searching for dependencies of ignition-transport8
[5.680s] -- Found Protobuf: /usr/lib/x86_64-linux-gnu/libprotobuf.so (found suitable version "3.12.4", minimum required is "3") 
[5.710s] -- Config-file not installed for ZeroMQ -- checking for pkg-config
[5.726s] -- Checking for module 'libzmq >= 4'
[5.753s] --   Found libzmq, version 4.3.4
[5.835s] -- Found ZeroMQ: TRUE (Required is at least version "4") 
[5.846s] -- Checking for module 'uuid'
[5.874s] --   Found uuid, version 2.37.2
[5.932s] -- Found UUID: TRUE  
[5.940s] -- Looking for ignition-msgs5 -- found version 5.8.1
[5.941s] -- Searching for dependencies of ignition-msgs5
[5.980s] -- Looking for ignition-math6 -- found version 6.15.1
[5.991s] -- Checking for module 'tinyxml2'
[6.019s] --   Found tinyxml2, version 9.0.0
[6.082s] -- Looking for ignition-msgs5 -- found version 5.8.1
[6.091s] -- Looking for ignition-common3 -- found version 3.14.0
[6.091s] -- Searching for dependencies of ignition-common3
[6.091s] -- Looking for dlfcn.h - found
[6.093s] -- Looking for libdl - found
[6.099s] -- Found DL: TRUE  
[6.143s] -- Found tinyobjloader: /usr/lib/x86_64-linux-gnu/cmake/tinyobjloader/tinyobjloader-config.cmake (found version "2.0.0") 
[6.150s] -- Searching for <ignition-common3> component [graphics]
[6.166s] -- Looking for ignition-common3-graphics -- found version 3.14.0
[6.166s] -- Searching for dependencies of ignition-common3-graphics
[6.166s] -- Looking for ignition-math6 -- found version 6.15.1
[6.179s] -- Looking for ignition-fuel_tools4 -- found version 4.4.0
[6.180s] -- Searching for dependencies of ignition-fuel_tools4
[6.336s] -- Found CURL: /usr/lib/x86_64-linux-gnu/libcurl.so (found version "7.81.0")  
[6.345s] [0mCMake Deprecation Warning at /usr/lib/x86_64-linux-gnu/cmake/jsoncpp/jsoncppConfig.cmake:2 (cmake_policy):
[6.345s]   Compatibility with CMake < 3.5 will be removed from a future version of
[6.345s]   CMake.
[6.345s] 
[6.345s]   Update the VERSION argument <min> value or use a ...<max> suffix to tell
[6.345s]   CMake that the project does not need compatibility with older versions.
[6.345s] Call Stack (most recent call first):
[6.345s]   /usr/share/cmake/ignition-cmake2/cmake2/FindJSONCPP.cmake:34 (find_package)
[6.345s]   /usr/lib/x86_64-linux-gnu/cmake/ignition-fuel_tools4/ignition-fuel_tools4-config.cmake:94 (find_package)
[6.345s]   /usr/lib/x86_64-linux-gnu/cmake/gazebo/gazebo-config.cmake:251 (find_package)
[6.345s]   /opt/ros/humble/share/gazebo_dev/cmake/gazebo_dev-extras.cmake:3 (find_package)
[6.346s]   /opt/ros/humble/share/gazebo_dev/cmake/gazebo_devConfig.cmake:41 (include)
[6.346s]   /opt/ros/humble/share/gazebo_ros/cmake/ament_cmake_export_dependencies-extras.cmake:21 (find_package)
[6.346s]   /opt/ros/humble/share/gazebo_ros/cmake/gazebo_rosConfig.cmake:41 (include)
[6.346s]   CMakeLists.txt:6 (find_package)
[6.346s] 
[6.346s] [0m
[6.358s] -- Checking for module 'jsoncpp'
[6.385s] --   Found jsoncpp, version 1.9.5
[6.459s] -- Found JSONCPP: TRUE  
[6.478s] -- Checking for module 'libzip'
[6.521s] --   Found libzip, version 1.7.3
[6.627s] -- Found ZIP: TRUE  
[6.627s] -- Looking for ignition-common3 -- found version 3.14.0
[6.627s] -- Looking for ignition-math6 -- found version 6.15.1
[6.628s] -- Looking for ignition-msgs5 -- found version 5.8.1
[6.638s] -- Gazebo version: 11.10
[6.638s] -- Checking for module 'tbb'
[6.676s] --   Found tbb, version 2021.5.0
[6.777s] -- Found pluginlib: 5.1.0 (/opt/ros/humble/share/pluginlib/cmake)
[6.835s] -- Found geometry_msgs: 4.8.0 (/opt/ros/humble/share/geometry_msgs/cmake)
[6.871s] -- Found sensor_msgs: 4.8.0 (/opt/ros/humble/share/sensor_msgs/cmake)
[6.921s] -- Found octomap_msgs: 2.0.1 (/opt/ros/humble/share/octomap_msgs/cmake)
[6.972s] -- Found octomap_ros: 0.4.4 (/opt/ros/humble/share/octomap_ros/cmake)
[7.029s] -- Found pcl_conversions: 2.4.5 (/opt/ros/humble/share/pcl_conversions/cmake)
[7.216s] [33mCMake Warning (dev) at /usr/lib/x86_64-linux-gnu/cmake/pcl/PCLConfig.cmake:146 (find_package):
[7.216s]   Policy CMP0144 is not set: find_package uses upper-case <PACKAGENAME>_ROOT
[7.216s]   variables.  Run "cmake --help-policy CMP0144" for policy details.  Use the
[7.216s]   cmake_policy command to set the policy and suppress this warning.
[7.216s] 
[7.216s]   CMake variable EIGEN_ROOT is set to:
[7.216s] 
[7.216s]     /usr/include/eigen3
[7.216s] 
[7.216s]   For compatibility, find_package is ignoring the variable, but code in a
[7.216s]   .cmake module might still use it.
[7.216s] Call Stack (most recent call first):
[7.216s]   /usr/lib/x86_64-linux-gnu/cmake/pcl/PCLConfig.cmake:299 (find_eigen)
[7.217s]   /usr/lib/x86_64-linux-gnu/cmake/pcl/PCLConfig.cmake:543 (find_external_library)
[7.217s]   /opt/ros/humble/share/pcl_conversions/cmake/ament_cmake_export_dependencies-extras.cmake:21 (find_package)
[7.217s]   /opt/ros/humble/share/pcl_conversions/cmake/pcl_conversionsConfig.cmake:41 (include)
[7.217s]   CMakeLists.txt:15 (find_package)
[7.217s] This warning is for project developers.  Use -Wno-dev to suppress it.
[7.217s] [0m
[7.237s] -- Checking for module 'eigen3'
[7.269s] --   Found eigen3, version 3.4.0
[7.374s] -- Found Eigen: /usr/include/eigen3 (Required is at least version "3.1") 
[7.374s] -- Eigen found (include: /usr/include/eigen3, version: 3.4.0)
[7.402s] [33mCMake Warning (dev) at /usr/lib/x86_64-linux-gnu/cmake/pcl/Modules/FindFLANN.cmake:44 (find_package):
[7.403s]   Policy CMP0144 is not set: find_package uses upper-case <PACKAGENAME>_ROOT
[7.405s]   variables.  Run "cmake --help-policy CMP0144" for policy details.  Use the
[7.405s]   cmake_policy command to set the policy and suppress this warning.
[7.405s] 
[7.405s]   CMake variable FLANN_ROOT is set to:
[7.406s] 
[7.406s]     /usr
[7.406s] 
[7.406s]   For compatibility, find_package is ignoring the variable, but code in a
[7.406s]   .cmake module might still use it.
[7.406s] Call Stack (most recent call first):
[7.406s]   /usr/lib/x86_64-linux-gnu/cmake/pcl/PCLConfig.cmake:256 (find_package)
[7.407s]   /usr/lib/x86_64-linux-gnu/cmake/pcl/PCLConfig.cmake:301 (find_flann)
[7.407s]   /usr/lib/x86_64-linux-gnu/cmake/pcl/PCLConfig.cmake:543 (find_external_library)
[7.410s]   /opt/ros/humble/share/pcl_conversions/cmake/ament_cmake_export_dependencies-extras.cmake:21 (find_package)
[7.410s]   /opt/ros/humble/share/pcl_conversions/cmake/pcl_conversionsConfig.cmake:41 (include)
[7.410s]   CMakeLists.txt:15 (find_package)
[7.411s] This warning is for project developers.  Use -Wno-dev to suppress it.
[7.411s] [0m
[7.451s] -- Checking for module 'flann'
[7.490s] --   Found flann, version 1.9.1
[7.624s] -- Found FLANN: /usr/lib/x86_64-linux-gnu/libflann_cpp.so  
[7.632s] -- FLANN found (include: /usr/include, lib: /usr/lib/x86_64-linux-gnu/libflann_cpp.so)
[10.768s] -- Checking for module 'libusb-1.0'
[10.837s] --   Found libusb-1.0, version 1.0.25
[10.943s] -- Found libusb: /usr/lib/x86_64-linux-gnu/libusb-1.0.so  
[10.944s] -- OpenNI found (version: 1.5.4.0, include: /usr/include/ni, lib: /usr/lib/libOpenNI.so;libusb::libusb)
[11.182s] -- OpenNI2 found (version: 2.2.0.33, include: /usr/include/openni2, lib: /usr/lib/x86_64-linux-gnu/libOpenNI2.so;libusb::libusb)
[11.977s] -- Eigen found (include: /usr/include/eigen3, version: 3.4.0)
[11.993s] -- OpenNI found (version: 1.5.4.0, include: /usr/include/ni, lib: /usr/lib/libOpenNI.so;libusb::libusb)
[12.019s] -- OpenNI2 found (version: 2.2.0.33, include: /usr/include/openni2, lib: /usr/lib/x86_64-linux-gnu/libOpenNI2.so;libusb::libusb)
[12.816s] -- Found Qhull version 8.0.2
[14.743s] -- OpenNI found (version: 1.5.4.0, include: /usr/include/ni, lib: /usr/lib/libOpenNI.so;libusb::libusb)
[16.147s] -- Found PCL_COMMON: /usr/lib/x86_64-linux-gnu/libpcl_common.so  
[16.154s] -- Found PCL_KDTREE: /usr/lib/x86_64-linux-gnu/libpcl_kdtree.so  
[16.156s] -- Found PCL_OCTREE: /usr/lib/x86_64-linux-gnu/libpcl_octree.so  
[16.162s] -- Found PCL_SEARCH: /usr/lib/x86_64-linux-gnu/libpcl_search.so  
[16.171s] -- Found PCL_SAMPLE_CONSENSUS: /usr/lib/x86_64-linux-gnu/libpcl_sample_consensus.so  
[16.176s] -- Found PCL_FILTERS: /usr/lib/x86_64-linux-gnu/libpcl_filters.so  
[16.176s] -- Found PCL_2D: /usr/include/pcl-1.12  
[16.182s] -- Found PCL_GEOMETRY: /usr/include/pcl-1.12  
[16.183s] -- Found PCL_IO: /usr/lib/x86_64-linux-gnu/libpcl_io.so  
[16.190s] -- Found PCL_FEATURES: /usr/lib/x86_64-linux-gnu/libpcl_features.so  
[16.198s] -- Found PCL_ML: /usr/lib/x86_64-linux-gnu/libpcl_ml.so  
[16.203s] -- Found PCL_SEGMENTATION: /usr/lib/x86_64-linux-gnu/libpcl_segmentation.so  
[16.209s] -- Found PCL_VISUALIZATION: /usr/lib/x86_64-linux-gnu/libpcl_visualization.so  
[16.212s] -- Found PCL_SURFACE: /usr/lib/x86_64-linux-gnu/libpcl_surface.so  
[16.219s] -- Found PCL_REGISTRATION: /usr/lib/x86_64-linux-gnu/libpcl_registration.so  
[16.226s] -- Found PCL_KEYPOINTS: /usr/lib/x86_64-linux-gnu/libpcl_keypoints.so  
[16.232s] -- Found PCL_TRACKING: /usr/lib/x86_64-linux-gnu/libpcl_tracking.so  
[16.236s] -- Found PCL_RECOGNITION: /usr/lib/x86_64-linux-gnu/libpcl_recognition.so  
[16.243s] -- Found PCL_STEREO: /usr/lib/x86_64-linux-gnu/libpcl_stereo.so  
[16.253s] -- Found PCL_APPS: /usr/lib/x86_64-linux-gnu/libpcl_apps.so  
[16.253s] -- Found PCL_IN_HAND_SCANNER: /usr/include/pcl-1.12  
[16.258s] -- Found PCL_MODELER: /usr/include/pcl-1.12  
[16.259s] -- Found PCL_POINT_CLOUD_EDITOR: /usr/include/pcl-1.12  
[16.261s] -- Found PCL_OUTOFCORE: /usr/lib/x86_64-linux-gnu/libpcl_outofcore.so  
[16.268s] -- Found PCL_PEOPLE: /usr/lib/x86_64-linux-gnu/libpcl_people.so  
[16.293s] -- Found visualization_msgs: 4.8.0 (/opt/ros/humble/share/visualization_msgs/cmake)
[16.408s] -- Found nav_msgs: 4.8.0 (/opt/ros/humble/share/nav_msgs/cmake)
[16.514s] -- Found std_srvs: 4.8.0 (/opt/ros/humble/share/std_srvs/cmake)
[16.567s] -- Found geographic_msgs: 1.0.6 (/opt/ros/humble/share/geographic_msgs/cmake)
[16.751s] -- Found tf2_ros: 0.25.12 (/opt/ros/humble/share/tf2_ros/cmake)
[17.185s] -- Found tf2_geometry_msgs: 0.25.12 (/opt/ros/humble/share/tf2_geometry_msgs/cmake)
[17.234s] -- Found eigen3_cmake_module: 0.1.1 (/opt/ros/humble/share/eigen3_cmake_module/cmake)
[17.241s] -- Found Eigen3: TRUE (found version "3.4.0") 
[17.242s] -- Ensuring Eigen3 include directory is part of orocos-kdl CMake target
[17.255s] -- Looking for ignition-math6 -- found version 6.15.1
[17.255s] -- Looking for ignition-common3 -- found version 3.14.0
[17.258s] -- Found car_interfaces: 0.0.0 (/home/rhobtor/PHD/ARGOJ8_IA/install/car_interfaces/share/car_interfaces/cmake)
[17.349s] -- Found grid_map_ros: 2.0.1 (/home/rhobtor/packages/install/grid_map_ros/share/grid_map_ros/cmake)
[17.967s] -- Found OpenCV: /usr (found version "4.5.4") 
[20.129s] -- Configuring done (19.4s)
[20.915s] -- Generating done (0.6s)
[21.038s] -- Build files have been written to: /home/rhobtor/PHD/ARGOJ8_IA/build/car_cpp
[21.087s] Invoked command in '/home/rhobtor/PHD/ARGOJ8_IA/build/car_cpp' returned '0': CMAKE_PREFIX_PATH=/home/rhobtor/PHD/ARGOJ8_IA/install/car_interfaces:/home/rhobtor/PHD/ARGOJ8_IA/install/octomap_mapping:/home/rhobtor/PHD/ARGOJ8_IA/install/octomap_server:/home/rhobtor/PHD/ARGOJ8_IA/install/octomap_rviz_plugins:/home/rhobtor/PHD/ARGOJ8_IA/install/j8_xacro_model:/home/rhobtor/PHD/ARGOJ8_IA/install/hector_gazebo_plugins:/home/rhobtor/PHD/ARGOJ8_IA/install/fixposition_sensor_pkg:/home/rhobtor/PHD/ARGOJ8_IA/install/car_cpp:/home/rhobtor/PHD/ARGOJ8_IA/install/argj801_ctl_platform:/home/rhobtor/PHD/ARGOJ8_IA/install/argj801_ctl_platform_interfaces:/home/rhobtor/packages/install/grid_map:/home/rhobtor/packages/install/grid_map_demos:/home/rhobtor/packages/install/grid_map_visualization:/home/rhobtor/packages/install/grid_map_sdf:/home/rhobtor/packages/install/grid_map_rviz_plugin:/home/rhobtor/packages/install/grid_map_pcl:/home/rhobtor/packages/install/grid_map_loader:/home/rhobtor/packages/install/grid_map_filters:/home/rhobtor/packages/install/grid_map_ros:/home/rhobtor/packages/install/grid_map_octomap:/home/rhobtor/packages/install/grid_map_msgs:/home/rhobtor/packages/install/grid_map_cv:/home/rhobtor/packages/install/grid_map_costmap_2d:/home/rhobtor/packages/install/grid_map_core:/home/rhobtor/packages/install/grid_map_cmake_helpers:/home/rhobtor/PHD/reactive/Reactive-Navegation/workspace_full_conected/install/octomap_mapping:/home/rhobtor/PHD/reactive/Reactive-Navegation/workspace_full_conected/install/octomap_server:/home/rhobtor/PHD/reactive/Reactive-Navegation/workspace_full_conected/install/octomap_rviz_plugins:/home/rhobtor/PHD/reactive/Reactive-Navegation/workspace_full_conected/install/hector_gazebo_plugins:/home/rhobtor/PHD/reactive/Reactive-Navegation/workspace_full_conected/install/car_cpp:/home/rhobtor/PHD/reactive/Reactive-Navegation/workspace_full_conected/install/car_interfaces:/home/rhobtor/PHD/ARGOJ8_IA/install/car:/home/rhobtor/PHD/reactive/Reactive-Navegation/workspace_full_conected/install/car:/opt/ros/humble LD_LIBRARY_PATH=/home/rhobtor/PHD/ARGOJ8_IA/install/car_interfaces/lib:/home/rhobtor/PHD/ARGOJ8_IA/install/octomap_server/lib:/home/rhobtor/PHD/ARGOJ8_IA/install/octomap_rviz_plugins/lib:/home/rhobtor/PHD/ARGOJ8_IA/install/j8_xacro_model/lib:/home/rhobtor/PHD/ARGOJ8_IA/install/hector_gazebo_plugins/lib:/home/rhobtor/PHD/ARGOJ8_IA/install/fixposition_sensor_pkg/lib:/home/rhobtor/PHD/ARGOJ8_IA/install/car_cpp/lib:/home/rhobtor/PHD/ARGOJ8_IA/install/argj801_ctl_platform_interfaces/lib:/home/rhobtor/packages/install/grid_map_demos/lib:/home/rhobtor/packages/install/grid_map_visualization/lib:/home/rhobtor/packages/install/grid_map_sdf/lib:/home/rhobtor/packages/install/grid_map_rviz_plugin/lib:/home/rhobtor/packages/install/grid_map_pcl/lib:/home/rhobtor/packages/install/grid_map_loader/lib:/home/rhobtor/packages/install/grid_map_filters/lib:/home/rhobtor/packages/install/grid_map_ros/lib:/home/rhobtor/packages/install/grid_map_octomap/lib:/home/rhobtor/packages/install/grid_map_msgs/lib:/home/rhobtor/packages/install/grid_map_cv/lib:/home/rhobtor/packages/install/grid_map_costmap_2d/lib:/home/rhobtor/packages/install/grid_map_core/lib:/home/rhobtor/PHD/reactive/Reactive-Navegation/workspace_full_conected/install/octomap_server/lib:/home/rhobtor/PHD/reactive/Reactive-Navegation/workspace_full_conected/install/octomap_rviz_plugins/lib:/home/rhobtor/PHD/reactive/Reactive-Navegation/workspace_full_conected/install/hector_gazebo_plugins/lib:/home/rhobtor/PHD/reactive/Reactive-Navegation/workspace_full_conected/install/car_cpp/lib:/home/rhobtor/PHD/reactive/Reactive-Navegation/workspace_full_conected/install/car_interfaces/lib:/usr/lib/x86_64-linux-gnu/gazebo-11/plugins:/opt/ros/humble/opt/rviz_ogre_vendor/lib:/opt/ros/humble/lib/x86_64-linux-gnu:/opt/ros/humble/lib /opt/st/stm32cubeclt_1.18.0/CMake/bin/cmake /home/rhobtor/PHD/ARGOJ8_IA/src/car_cpp -DCMAKE_INSTALL_PREFIX=/home/rhobtor/PHD/ARGOJ8_IA/install/car_cpp
[21.110s] Invoking command in '/home/rhobtor/PHD/ARGOJ8_IA/build/car_cpp': CMAKE_PREFIX_PATH=/home/rhobtor/PHD/ARGOJ8_IA/install/car_interfaces:/home/rhobtor/PHD/ARGOJ8_IA/install/octomap_mapping:/home/rhobtor/PHD/ARGOJ8_IA/install/octomap_server:/home/rhobtor/PHD/ARGOJ8_IA/install/octomap_rviz_plugins:/home/rhobtor/PHD/ARGOJ8_IA/install/j8_xacro_model:/home/rhobtor/PHD/ARGOJ8_IA/install/hector_gazebo_plugins:/home/rhobtor/PHD/ARGOJ8_IA/install/fixposition_sensor_pkg:/home/rhobtor/PHD/ARGOJ8_IA/install/car_cpp:/home/rhobtor/PHD/ARGOJ8_IA/install/argj801_ctl_platform:/home/rhobtor/PHD/ARGOJ8_IA/install/argj801_ctl_platform_interfaces:/home/rhobtor/packages/install/grid_map:/home/rhobtor/packages/install/grid_map_demos:/home/rhobtor/packages/install/grid_map_visualization:/home/rhobtor/packages/install/grid_map_sdf:/home/rhobtor/packages/install/grid_map_rviz_plugin:/home/rhobtor/packages/install/grid_map_pcl:/home/rhobtor/packages/install/grid_map_loader:/home/rhobtor/packages/install/grid_map_filters:/home/rhobtor/packages/install/grid_map_ros:/home/rhobtor/packages/install/grid_map_octomap:/home/rhobtor/packages/install/grid_map_msgs:/home/rhobtor/packages/install/grid_map_cv:/home/rhobtor/packages/install/grid_map_costmap_2d:/home/rhobtor/packages/install/grid_map_core:/home/rhobtor/packages/install/grid_map_cmake_helpers:/home/rhobtor/PHD/reactive/Reactive-Navegation/workspace_full_conected/install/octomap_mapping:/home/rhobtor/PHD/reactive/Reactive-Navegation/workspace_full_conected/install/octomap_server:/home/rhobtor/PHD/reactive/Reactive-Navegation/workspace_full_conected/install/octomap_rviz_plugins:/home/rhobtor/PHD/reactive/Reactive-Navegation/workspace_full_conected/install/hector_gazebo_plugins:/home/rhobtor/PHD/reactive/Reactive-Navegation/workspace_full_conected/install/car_cpp:/home/rhobtor/PHD/reactive/Reactive-Navegation/workspace_full_conected/install/car_interfaces:/home/rhobtor/PHD/ARGOJ8_IA/install/car:/home/rhobtor/PHD/reactive/Reactive-Navegation/workspace_full_conected/install/car:/opt/ros/humble LD_LIBRARY_PATH=/home/rhobtor/PHD/ARGOJ8_IA/install/car_interfaces/lib:/home/rhobtor/PHD/ARGOJ8_IA/install/octomap_server/lib:/home/rhobtor/PHD/ARGOJ8_IA/install/octomap_rviz_plugins/lib:/home/rhobtor/PHD/ARGOJ8_IA/install/j8_xacro_model/lib:/home/rhobtor/PHD/ARGOJ8_IA/install/hector_gazebo_plugins/lib:/home/rhobtor/PHD/ARGOJ8_IA/install/fixposition_sensor_pkg/lib:/home/rhobtor/PHD/ARGOJ8_IA/install/car_cpp/lib:/home/rhobtor/PHD/ARGOJ8_IA/install/argj801_ctl_platform_interfaces/lib:/home/rhobtor/packages/install/grid_map_demos/lib:/home/rhobtor/packages/install/grid_map_visualization/lib:/home/rhobtor/packages/install/grid_map_sdf/lib:/home/rhobtor/packages/install/grid_map_rviz_plugin/lib:/home/rhobtor/packages/install/grid_map_pcl/lib:/home/rhobtor/packages/install/grid_map_loader/lib:/home/rhobtor/packages/install/grid_map_filters/lib:/home/rhobtor/packages/install/grid_map_ros/lib:/home/rhobtor/packages/install/grid_map_octomap/lib:/home/rhobtor/packages/install/grid_map_msgs/lib:/home/rhobtor/packages/install/grid_map_cv/lib:/home/rhobtor/packages/install/grid_map_costmap_2d/lib:/home/rhobtor/packages/install/grid_map_core/lib:/home/rhobtor/PHD/reactive/Reactive-Navegation/workspace_full_conected/install/octomap_server/lib:/home/rhobtor/PHD/reactive/Reactive-Navegation/workspace_full_conected/install/octomap_rviz_plugins/lib:/home/rhobtor/PHD/reactive/Reactive-Navegation/workspace_full_conected/install/hector_gazebo_plugins/lib:/home/rhobtor/PHD/reactive/Reactive-Navegation/workspace_full_conected/install/car_cpp/lib:/home/rhobtor/PHD/reactive/Reactive-Navegation/workspace_full_conected/install/car_interfaces/lib:/usr/lib/x86_64-linux-gnu/gazebo-11/plugins:/opt/ros/humble/opt/rviz_ogre_vendor/lib:/opt/ros/humble/lib/x86_64-linux-gnu:/opt/ros/humble/lib /opt/st/stm32cubeclt_1.18.0/CMake/bin/cmake --build /home/rhobtor/PHD/ARGOJ8_IA/build/car_cpp -- -j16 -l16
[21.193s] [  3%] [32mBuilding CXX object CMakeFiles/move_navigation_nodes_frontier.dir/src/move_navigation_nodes_frontier.cpp.o[0m
[21.194s] [  7%] [32mBuilding CXX object CMakeFiles/navigation_nodes.dir/src/navigation_nodes.cpp.o[0m
[21.195s] [ 11%] [32mBuilding CXX object CMakeFiles/occupied_nodes_near_obstacles.dir/src/occupied_nodes_near_obstacles.cpp.o[0m
[21.211s] [ 15%] [32mBuilding CXX object CMakeFiles/obstacles_in_2d.dir/src/obstacles_in_2d.cpp.o[0m
[21.216s] [ 23%] [32mBuilding CXX object CMakeFiles/navigation_nodes_ground.dir/src/navigation_nodes_ground.cpp.o[0m
[21.218s] [ 23%] [32mBuilding CXX object CMakeFiles/check_goal.dir/src/check_goal.cpp.o[0m
[21.231s] [ 26%] [32mBuilding CXX object CMakeFiles/frontier_values.dir/src/frontier_values.cpp.o[0m
[40.462s] [ 30%] [32m[1mLinking CXX executable obstacles_in_2d[0m
[40.978s] [ 34%] [32m[1mLinking CXX executable frontier_values[0m
[41.945s] [ 38%] [32m[1mLinking CXX executable move_navigation_nodes_frontier[0m
[41.949s] [ 38%] Built target obstacles_in_2d
[41.965s] [ 42%] [32mBuilding CXX object CMakeFiles/drive_plugin.dir/src/diffdrive_plugin_multi_wheel.cpp.o[0m
[41.966s] [ 50%] [32mBuilding CXX object CMakeFiles/joints_plugin.dir/src/joints.cpp.o[0m
[41.966s] [ 50%] [32mBuilding CXX object CMakeFiles/move_plugin.dir/src/move_object.cpp.o[0m
[41.968s] [ 53%] [32mBuilding CXX object CMakeFiles/gridmap.dir/src/gridmap.cpp.o[0m
[41.970s] [ 57%] [32mBuilding CXX object CMakeFiles/slope_terrain.dir/src/slope_terrain.cpp.o[0m
[42.585s] [ 57%] Built target frontier_values
[42.605s] [ 61%] [32mBuilding CXX object CMakeFiles/filtered_navigation_nodes.dir/src/filtered_navigation_nodes.cpp.o[0m
[43.761s] [ 65%] [32m[1mLinking CXX executable check_goal[0m
[44.091s] [ 65%] Built target move_navigation_nodes_frontier
[45.663s] [ 65%] Built target check_goal
[54.078s] [ 69%] [32m[1mLinking CXX executable navigation_nodes[0m
[55.328s] [ 73%] [32m[1mLinking CXX executable navigation_nodes_ground[0m
[55.672s] [ 73%] Built target navigation_nodes
[56.541s] [ 73%] Built target navigation_nodes_ground
[57.443s] [ 76%] [32m[1mLinking CXX executable slope_terrain[0m
[57.605s] [ 80%] [32m[1mLinking CXX shared library libjoints_plugin.so[0m
[57.861s] [ 84%] [32m[1mLinking CXX shared library libmove_plugin.so[0m
[58.157s] [ 84%] Built target joints_plugin
[58.331s] [ 84%] Built target move_plugin
[58.799s] [ 84%] Built target slope_terrain
[60.869s] [ 88%] [32m[1mLinking CXX executable occupied_nodes_near_obstacles[0m
[61.887s] [ 88%] Built target occupied_nodes_near_obstacles
[62.393s] [ 92%] [32m[1mLinking CXX executable filtered_navigation_nodes[0m
[63.569s] [ 96%] [32m[1mLinking CXX executable gridmap[0m
[63.906s] [ 96%] Built target filtered_navigation_nodes
[64.604s] [ 96%] Built target gridmap
[66.262s] [100%] [32m[1mLinking CXX shared library libdrive_plugin.so[0m
[66.942s] [100%] Built target drive_plugin
[66.947s] Invoked command in '/home/rhobtor/PHD/ARGOJ8_IA/build/car_cpp' returned '0': CMAKE_PREFIX_PATH=/home/rhobtor/PHD/ARGOJ8_IA/install/car_interfaces:/home/rhobtor/PHD/ARGOJ8_IA/install/octomap_mapping:/home/rhobtor/PHD/ARGOJ8_IA/install/octomap_server:/home/rhobtor/PHD/ARGOJ8_IA/install/octomap_rviz_plugins:/home/rhobtor/PHD/ARGOJ8_IA/install/j8_xacro_model:/home/rhobtor/PHD/ARGOJ8_IA/install/hector_gazebo_plugins:/home/rhobtor/PHD/ARGOJ8_IA/install/fixposition_sensor_pkg:/home/rhobtor/PHD/ARGOJ8_IA/install/car_cpp:/home/rhobtor/PHD/ARGOJ8_IA/install/argj801_ctl_platform:/home/rhobtor/PHD/ARGOJ8_IA/install/argj801_ctl_platform_interfaces:/home/rhobtor/packages/install/grid_map:/home/rhobtor/packages/install/grid_map_demos:/home/rhobtor/packages/install/grid_map_visualization:/home/rhobtor/packages/install/grid_map_sdf:/home/rhobtor/packages/install/grid_map_rviz_plugin:/home/rhobtor/packages/install/grid_map_pcl:/home/rhobtor/packages/install/grid_map_loader:/home/rhobtor/packages/install/grid_map_filters:/home/rhobtor/packages/install/grid_map_ros:/home/rhobtor/packages/install/grid_map_octomap:/home/rhobtor/packages/install/grid_map_msgs:/home/rhobtor/packages/install/grid_map_cv:/home/rhobtor/packages/install/grid_map_costmap_2d:/home/rhobtor/packages/install/grid_map_core:/home/rhobtor/packages/install/grid_map_cmake_helpers:/home/rhobtor/PHD/reactive/Reactive-Navegation/workspace_full_conected/install/octomap_mapping:/home/rhobtor/PHD/reactive/Reactive-Navegation/workspace_full_conected/install/octomap_server:/home/rhobtor/PHD/reactive/Reactive-Navegation/workspace_full_conected/install/octomap_rviz_plugins:/home/rhobtor/PHD/reactive/Reactive-Navegation/workspace_full_conected/install/hector_gazebo_plugins:/home/rhobtor/PHD/reactive/Reactive-Navegation/workspace_full_conected/install/car_cpp:/home/rhobtor/PHD/reactive/Reactive-Navegation/workspace_full_conected/install/car_interfaces:/home/rhobtor/PHD/ARGOJ8_IA/install/car:/home/rhobtor/PHD/reactive/Reactive-Navegation/workspace_full_conected/install/car:/opt/ros/humble LD_LIBRARY_PATH=/home/rhobtor/PHD/ARGOJ8_IA/install/car_interfaces/lib:/home/rhobtor/PHD/ARGOJ8_IA/install/octomap_server/lib:/home/rhobtor/PHD/ARGOJ8_IA/install/octomap_rviz_plugins/lib:/home/rhobtor/PHD/ARGOJ8_IA/install/j8_xacro_model/lib:/home/rhobtor/PHD/ARGOJ8_IA/install/hector_gazebo_plugins/lib:/home/rhobtor/PHD/ARGOJ8_IA/install/fixposition_sensor_pkg/lib:/home/rhobtor/PHD/ARGOJ8_IA/install/car_cpp/lib:/home/rhobtor/PHD/ARGOJ8_IA/install/argj801_ctl_platform_interfaces/lib:/home/rhobtor/packages/install/grid_map_demos/lib:/home/rhobtor/packages/install/grid_map_visualization/lib:/home/rhobtor/packages/install/grid_map_sdf/lib:/home/rhobtor/packages/install/grid_map_rviz_plugin/lib:/home/rhobtor/packages/install/grid_map_pcl/lib:/home/rhobtor/packages/install/grid_map_loader/lib:/home/rhobtor/packages/install/grid_map_filters/lib:/home/rhobtor/packages/install/grid_map_ros/lib:/home/rhobtor/packages/install/grid_map_octomap/lib:/home/rhobtor/packages/install/grid_map_msgs/lib:/home/rhobtor/packages/install/grid_map_cv/lib:/home/rhobtor/packages/install/grid_map_costmap_2d/lib:/home/rhobtor/packages/install/grid_map_core/lib:/home/rhobtor/PHD/reactive/Reactive-Navegation/workspace_full_conected/install/octomap_server/lib:/home/rhobtor/PHD/reactive/Reactive-Navegation/workspace_full_conected/install/octomap_rviz_plugins/lib:/home/rhobtor/PHD/reactive/Reactive-Navegation/workspace_full_conected/install/hector_gazebo_plugins/lib:/home/rhobtor/PHD/reactive/Reactive-Navegation/workspace_full_conected/install/car_cpp/lib:/home/rhobtor/PHD/reactive/Reactive-Navegation/workspace_full_conected/install/car_interfaces/lib:/usr/lib/x86_64-linux-gnu/gazebo-11/plugins:/opt/ros/humble/opt/rviz_ogre_vendor/lib:/opt/ros/humble/lib/x86_64-linux-gnu:/opt/ros/humble/lib /opt/st/stm32cubeclt_1.18.0/CMake/bin/cmake --build /home/rhobtor/PHD/ARGOJ8_IA/build/car_cpp -- -j16 -l16
[66.949s] Invoking command in '/home/rhobtor/PHD/ARGOJ8_IA/build/car_cpp': CMAKE_PREFIX_PATH=/home/rhobtor/PHD/ARGOJ8_IA/install/car_interfaces:/home/rhobtor/PHD/ARGOJ8_IA/install/octomap_mapping:/home/rhobtor/PHD/ARGOJ8_IA/install/octomap_server:/home/rhobtor/PHD/ARGOJ8_IA/install/octomap_rviz_plugins:/home/rhobtor/PHD/ARGOJ8_IA/install/j8_xacro_model:/home/rhobtor/PHD/ARGOJ8_IA/install/hector_gazebo_plugins:/home/rhobtor/PHD/ARGOJ8_IA/install/fixposition_sensor_pkg:/home/rhobtor/PHD/ARGOJ8_IA/install/car_cpp:/home/rhobtor/PHD/ARGOJ8_IA/install/argj801_ctl_platform:/home/rhobtor/PHD/ARGOJ8_IA/install/argj801_ctl_platform_interfaces:/home/rhobtor/packages/install/grid_map:/home/rhobtor/packages/install/grid_map_demos:/home/rhobtor/packages/install/grid_map_visualization:/home/rhobtor/packages/install/grid_map_sdf:/home/rhobtor/packages/install/grid_map_rviz_plugin:/home/rhobtor/packages/install/grid_map_pcl:/home/rhobtor/packages/install/grid_map_loader:/home/rhobtor/packages/install/grid_map_filters:/home/rhobtor/packages/install/grid_map_ros:/home/rhobtor/packages/install/grid_map_octomap:/home/rhobtor/packages/install/grid_map_msgs:/home/rhobtor/packages/install/grid_map_cv:/home/rhobtor/packages/install/grid_map_costmap_2d:/home/rhobtor/packages/install/grid_map_core:/home/rhobtor/packages/install/grid_map_cmake_helpers:/home/rhobtor/PHD/reactive/Reactive-Navegation/workspace_full_conected/install/octomap_mapping:/home/rhobtor/PHD/reactive/Reactive-Navegation/workspace_full_conected/install/octomap_server:/home/rhobtor/PHD/reactive/Reactive-Navegation/workspace_full_conected/install/octomap_rviz_plugins:/home/rhobtor/PHD/reactive/Reactive-Navegation/workspace_full_conected/install/hector_gazebo_plugins:/home/rhobtor/PHD/reactive/Reactive-Navegation/workspace_full_conected/install/car_cpp:/home/rhobtor/PHD/reactive/Reactive-Navegation/workspace_full_conected/install/car_interfaces:/home/rhobtor/PHD/ARGOJ8_IA/install/car:/home/rhobtor/PHD/reactive/Reactive-Navegation/workspace_full_conected/install/car:/opt/ros/humble LD_LIBRARY_PATH=/home/rhobtor/PHD/ARGOJ8_IA/install/car_interfaces/lib:/home/rhobtor/PHD/ARGOJ8_IA/install/octomap_server/lib:/home/rhobtor/PHD/ARGOJ8_IA/install/octomap_rviz_plugins/lib:/home/rhobtor/PHD/ARGOJ8_IA/install/j8_xacro_model/lib:/home/rhobtor/PHD/ARGOJ8_IA/install/hector_gazebo_plugins/lib:/home/rhobtor/PHD/ARGOJ8_IA/install/fixposition_sensor_pkg/lib:/home/rhobtor/PHD/ARGOJ8_IA/install/car_cpp/lib:/home/rhobtor/PHD/ARGOJ8_IA/install/argj801_ctl_platform_interfaces/lib:/home/rhobtor/packages/install/grid_map_demos/lib:/home/rhobtor/packages/install/grid_map_visualization/lib:/home/rhobtor/packages/install/grid_map_sdf/lib:/home/rhobtor/packages/install/grid_map_rviz_plugin/lib:/home/rhobtor/packages/install/grid_map_pcl/lib:/home/rhobtor/packages/install/grid_map_loader/lib:/home/rhobtor/packages/install/grid_map_filters/lib:/home/rhobtor/packages/install/grid_map_ros/lib:/home/rhobtor/packages/install/grid_map_octomap/lib:/home/rhobtor/packages/install/grid_map_msgs/lib:/home/rhobtor/packages/install/grid_map_cv/lib:/home/rhobtor/packages/install/grid_map_costmap_2d/lib:/home/rhobtor/packages/install/grid_map_core/lib:/home/rhobtor/PHD/reactive/Reactive-Navegation/workspace_full_conected/install/octomap_server/lib:/home/rhobtor/PHD/reactive/Reactive-Navegation/workspace_full_conected/install/octomap_rviz_plugins/lib:/home/rhobtor/PHD/reactive/Reactive-Navegation/workspace_full_conected/install/hector_gazebo_plugins/lib:/home/rhobtor/PHD/reactive/Reactive-Navegation/workspace_full_conected/install/car_cpp/lib:/home/rhobtor/PHD/reactive/Reactive-Navegation/workspace_full_conected/install/car_interfaces/lib:/usr/lib/x86_64-linux-gnu/gazebo-11/plugins:/opt/ros/humble/opt/rviz_ogre_vendor/lib:/opt/ros/humble/lib/x86_64-linux-gnu:/opt/ros/humble/lib /opt/st/stm32cubeclt_1.18.0/CMake/bin/cmake --install /home/rhobtor/PHD/ARGOJ8_IA/build/car_cpp
[66.952s] -- Install configuration: ""
[66.952s] -- Installing: /home/rhobtor/PHD/ARGOJ8_IA/install/car_cpp/lib/car_cpp/navigation_nodes
[66.956s] -- Set non-toolchain portion of runtime path of "/home/rhobtor/PHD/ARGOJ8_IA/install/car_cpp/lib/car_cpp/navigation_nodes" to ""
[66.957s] -- Installing: /home/rhobtor/PHD/ARGOJ8_IA/install/car_cpp/lib/car_cpp/navigation_nodes_ground
[66.958s] -- Set non-toolchain portion of runtime path of "/home/rhobtor/PHD/ARGOJ8_IA/install/car_cpp/lib/car_cpp/navigation_nodes_ground" to ""
[66.959s] -- Installing: /home/rhobtor/PHD/ARGOJ8_IA/install/car_cpp/lib/car_cpp/move_navigation_nodes_frontier
[66.963s] -- Set non-toolchain portion of runtime path of "/home/rhobtor/PHD/ARGOJ8_IA/install/car_cpp/lib/car_cpp/move_navigation_nodes_frontier" to ""
[66.963s] -- Installing: /home/rhobtor/PHD/ARGOJ8_IA/install/car_cpp/lib/car_cpp/frontier_values
[66.966s] -- Set non-toolchain portion of runtime path of "/home/rhobtor/PHD/ARGOJ8_IA/install/car_cpp/lib/car_cpp/frontier_values" to ""
[66.966s] -- Installing: /home/rhobtor/PHD/ARGOJ8_IA/install/car_cpp/lib/car_cpp/occupied_nodes_near_obstacles
[66.968s] -- Set non-toolchain portion of runtime path of "/home/rhobtor/PHD/ARGOJ8_IA/install/car_cpp/lib/car_cpp/occupied_nodes_near_obstacles" to ""
[66.968s] -- Installing: /home/rhobtor/PHD/ARGOJ8_IA/install/car_cpp/lib/car_cpp/obstacles_in_2d
[66.971s] -- Set non-toolchain portion of runtime path of "/home/rhobtor/PHD/ARGOJ8_IA/install/car_cpp/lib/car_cpp/obstacles_in_2d" to ""
[66.971s] -- Installing: /home/rhobtor/PHD/ARGOJ8_IA/install/car_cpp/lib/car_cpp/check_goal
[66.974s] -- Set non-toolchain portion of runtime path of "/home/rhobtor/PHD/ARGOJ8_IA/install/car_cpp/lib/car_cpp/check_goal" to ""
[66.974s] -- Installing: /home/rhobtor/PHD/ARGOJ8_IA/install/car_cpp/lib/car_cpp/filtered_navigation_nodes
[66.977s] -- Set non-toolchain portion of runtime path of "/home/rhobtor/PHD/ARGOJ8_IA/install/car_cpp/lib/car_cpp/filtered_navigation_nodes" to ""
[66.977s] -- Installing: /home/rhobtor/PHD/ARGOJ8_IA/install/car_cpp/lib/car_cpp/slope_terrain
[66.980s] -- Set non-toolchain portion of runtime path of "/home/rhobtor/PHD/ARGOJ8_IA/install/car_cpp/lib/car_cpp/slope_terrain" to ""
[66.980s] -- Installing: /home/rhobtor/PHD/ARGOJ8_IA/install/car_cpp/lib/car_cpp/gridmap
[66.982s] -- Set non-toolchain portion of runtime path of "/home/rhobtor/PHD/ARGOJ8_IA/install/car_cpp/lib/car_cpp/gridmap" to ""
[66.982s] -- Installing: /home/rhobtor/PHD/ARGOJ8_IA/install/car_cpp/lib/libmove_plugin.so
[66.983s] -- Set non-toolchain portion of runtime path of "/home/rhobtor/PHD/ARGOJ8_IA/install/car_cpp/lib/libmove_plugin.so" to ""
[66.983s] -- Installing: /home/rhobtor/PHD/ARGOJ8_IA/install/car_cpp/lib/libdrive_plugin.so
[66.988s] -- Set non-toolchain portion of runtime path of "/home/rhobtor/PHD/ARGOJ8_IA/install/car_cpp/lib/libdrive_plugin.so" to ""
[66.988s] -- Installing: /home/rhobtor/PHD/ARGOJ8_IA/install/car_cpp/lib/libjoints_plugin.so
[66.989s] -- Set non-toolchain portion of runtime path of "/home/rhobtor/PHD/ARGOJ8_IA/install/car_cpp/lib/libjoints_plugin.so" to ""
[66.990s] -- Installing: /home/rhobtor/PHD/ARGOJ8_IA/install/car_cpp/include/
[66.990s] -- Installing: /home/rhobtor/PHD/ARGOJ8_IA/install/car_cpp/include//utilities.hpp
[66.991s] -- Installing: /home/rhobtor/PHD/ARGOJ8_IA/install/car_cpp/include//obstacle_detection.hpp
[66.991s] -- Installing: /home/rhobtor/PHD/ARGOJ8_IA/install/car_cpp/include//visualization.hpp
[66.991s] -- Installing: /home/rhobtor/PHD/ARGOJ8_IA/install/car_cpp/include//motion.hpp
[66.991s] -- Installing: /home/rhobtor/PHD/ARGOJ8_IA/install/car_cpp/include//control_plugin.hpp
[66.991s] -- Installing: /home/rhobtor/PHD/ARGOJ8_IA/install/car_cpp/include//move_ros.hpp
[66.991s] -- Installing: /home/rhobtor/PHD/ARGOJ8_IA/install/car_cpp/include//odometria.hpp
[66.992s] -- Installing: /home/rhobtor/PHD/ARGOJ8_IA/install/car_cpp/share/ament_index/resource_index/package_run_dependencies/car_cpp
[66.992s] -- Installing: /home/rhobtor/PHD/ARGOJ8_IA/install/car_cpp/share/ament_index/resource_index/parent_prefix_path/car_cpp
[66.992s] -- Installing: /home/rhobtor/PHD/ARGOJ8_IA/install/car_cpp/share/car_cpp/environment/ament_prefix_path.sh
[66.992s] -- Installing: /home/rhobtor/PHD/ARGOJ8_IA/install/car_cpp/share/car_cpp/environment/ament_prefix_path.dsv
[66.992s] -- Installing: /home/rhobtor/PHD/ARGOJ8_IA/install/car_cpp/share/car_cpp/environment/path.sh
[66.992s] -- Installing: /home/rhobtor/PHD/ARGOJ8_IA/install/car_cpp/share/car_cpp/environment/path.dsv
[66.992s] -- Installing: /home/rhobtor/PHD/ARGOJ8_IA/install/car_cpp/share/car_cpp/local_setup.bash
[66.992s] -- Installing: /home/rhobtor/PHD/ARGOJ8_IA/install/car_cpp/share/car_cpp/local_setup.sh
[66.992s] -- Installing: /home/rhobtor/PHD/ARGOJ8_IA/install/car_cpp/share/car_cpp/local_setup.zsh
[66.992s] -- Installing: /home/rhobtor/PHD/ARGOJ8_IA/install/car_cpp/share/car_cpp/local_setup.dsv
[66.992s] -- Installing: /home/rhobtor/PHD/ARGOJ8_IA/install/car_cpp/share/car_cpp/package.dsv
[66.993s] -- Installing: /home/rhobtor/PHD/ARGOJ8_IA/install/car_cpp/share/ament_index/resource_index/packages/car_cpp
[66.993s] -- Installing: /home/rhobtor/PHD/ARGOJ8_IA/install/car_cpp/share/car_cpp/cmake/car_cppConfig.cmake
[66.993s] -- Installing: /home/rhobtor/PHD/ARGOJ8_IA/install/car_cpp/share/car_cpp/cmake/car_cppConfig-version.cmake
[66.993s] -- Installing: /home/rhobtor/PHD/ARGOJ8_IA/install/car_cpp/share/car_cpp/package.xml
[66.994s] Invoked command in '/home/rhobtor/PHD/ARGOJ8_IA/build/car_cpp' returned '0': CMAKE_PREFIX_PATH=/home/rhobtor/PHD/ARGOJ8_IA/install/car_interfaces:/home/rhobtor/PHD/ARGOJ8_IA/install/octomap_mapping:/home/rhobtor/PHD/ARGOJ8_IA/install/octomap_server:/home/rhobtor/PHD/ARGOJ8_IA/install/octomap_rviz_plugins:/home/rhobtor/PHD/ARGOJ8_IA/install/j8_xacro_model:/home/rhobtor/PHD/ARGOJ8_IA/install/hector_gazebo_plugins:/home/rhobtor/PHD/ARGOJ8_IA/install/fixposition_sensor_pkg:/home/rhobtor/PHD/ARGOJ8_IA/install/car_cpp:/home/rhobtor/PHD/ARGOJ8_IA/install/argj801_ctl_platform:/home/rhobtor/PHD/ARGOJ8_IA/install/argj801_ctl_platform_interfaces:/home/rhobtor/packages/install/grid_map:/home/rhobtor/packages/install/grid_map_demos:/home/rhobtor/packages/install/grid_map_visualization:/home/rhobtor/packages/install/grid_map_sdf:/home/rhobtor/packages/install/grid_map_rviz_plugin:/home/rhobtor/packages/install/grid_map_pcl:/home/rhobtor/packages/install/grid_map_loader:/home/rhobtor/packages/install/grid_map_filters:/home/rhobtor/packages/install/grid_map_ros:/home/rhobtor/packages/install/grid_map_octomap:/home/rhobtor/packages/install/grid_map_msgs:/home/rhobtor/packages/install/grid_map_cv:/home/rhobtor/packages/install/grid_map_costmap_2d:/home/rhobtor/packages/install/grid_map_core:/home/rhobtor/packages/install/grid_map_cmake_helpers:/home/rhobtor/PHD/reactive/Reactive-Navegation/workspace_full_conected/install/octomap_mapping:/home/rhobtor/PHD/reactive/Reactive-Navegation/workspace_full_conected/install/octomap_server:/home/rhobtor/PHD/reactive/Reactive-Navegation/workspace_full_conected/install/octomap_rviz_plugins:/home/rhobtor/PHD/reactive/Reactive-Navegation/workspace_full_conected/install/hector_gazebo_plugins:/home/rhobtor/PHD/reactive/Reactive-Navegation/workspace_full_conected/install/car_cpp:/home/rhobtor/PHD/reactive/Reactive-Navegation/workspace_full_conected/install/car_interfaces:/home/rhobtor/PHD/ARGOJ8_IA/install/car:/home/rhobtor/PHD/reactive/Reactive-Navegation/workspace_full_conected/install/car:/opt/ros/humble LD_LIBRARY_PATH=/home/rhobtor/PHD/ARGOJ8_IA/install/car_interfaces/lib:/home/rhobtor/PHD/ARGOJ8_IA/install/octomap_server/lib:/home/rhobtor/PHD/ARGOJ8_IA/install/octomap_rviz_plugins/lib:/home/rhobtor/PHD/ARGOJ8_IA/install/j8_xacro_model/lib:/home/rhobtor/PHD/ARGOJ8_IA/install/hector_gazebo_plugins/lib:/home/rhobtor/PHD/ARGOJ8_IA/install/fixposition_sensor_pkg/lib:/home/rhobtor/PHD/ARGOJ8_IA/install/car_cpp/lib:/home/rhobtor/PHD/ARGOJ8_IA/install/argj801_ctl_platform_interfaces/lib:/home/rhobtor/packages/install/grid_map_demos/lib:/home/rhobtor/packages/install/grid_map_visualization/lib:/home/rhobtor/packages/install/grid_map_sdf/lib:/home/rhobtor/packages/install/grid_map_rviz_plugin/lib:/home/rhobtor/packages/install/grid_map_pcl/lib:/home/rhobtor/packages/install/grid_map_loader/lib:/home/rhobtor/packages/install/grid_map_filters/lib:/home/rhobtor/packages/install/grid_map_ros/lib:/home/rhobtor/packages/install/grid_map_octomap/lib:/home/rhobtor/packages/install/grid_map_msgs/lib:/home/rhobtor/packages/install/grid_map_cv/lib:/home/rhobtor/packages/install/grid_map_costmap_2d/lib:/home/rhobtor/packages/install/grid_map_core/lib:/home/rhobtor/PHD/reactive/Reactive-Navegation/workspace_full_conected/install/octomap_server/lib:/home/rhobtor/PHD/reactive/Reactive-Navegation/workspace_full_conected/install/octomap_rviz_plugins/lib:/home/rhobtor/PHD/reactive/Reactive-Navegation/workspace_full_conected/install/hector_gazebo_plugins/lib:/home/rhobtor/PHD/reactive/Reactive-Navegation/workspace_full_conected/install/car_cpp/lib:/home/rhobtor/PHD/reactive/Reactive-Navegation/workspace_full_conected/install/car_interfaces/lib:/usr/lib/x86_64-linux-gnu/gazebo-11/plugins:/opt/ros/humble/opt/rviz_ogre_vendor/lib:/opt/ros/humble/lib/x86_64-linux-gnu:/opt/ros/humble/lib /opt/st/stm32cubeclt_1.18.0/CMake/bin/cmake --install /home/rhobtor/PHD/ARGOJ8_IA/build/car_cpp
