[0.296s] Invoking command in '/home/rhobtor/PHD/ARGOJ8_IA/build/wiimote_msgs': CMAKE_PREFIX_PATH=${CMAKE_PREFIX_PATH}:/home/rhobtor/PHD/ARGOJ8_IA/install/ntrip_client:/home/rhobtor/PHD/ARGOJ8_IA/install/car:/home/rhobtor/PHD/ARGOJ8_IA/install/android_ros2_server:/home/rhobtor/PHD/ARGOJ8_IA/install/GUI_pkg:/home/rhobtor/PHD/reactive/Reactive-Navegation/workspace_full_conected/install/car:/opt/ros/humble /opt/st/stm32cubeclt_1.18.0/CMake/bin/cmake --build /home/rhobtor/PHD/ARGOJ8_IA/build/wiimote_msgs -- -j16 -l16
[0.601s] [  2%] Built target wiimote_msgs__cpp
[0.602s] [ 12%] Built target wiimote_msgs__rosidl_generator_c
[0.602s] [ 12%] Built target ament_cmake_python_copy_wiimote_msgs
[0.602s] [ 23%] Built target wiimote_msgs__rosidl_typesupport_cpp
[0.602s] [ 34%] Built target wiimote_msgs__rosidl_typesupport_introspection_c
[0.602s] [ 44%] Built target wiimote_msgs__rosidl_typesupport_c
[0.602s] [ 55%] Built target wiimote_msgs__rosidl_typesupport_introspection_cpp
[0.603s] [ 65%] Built target wiimote_msgs__rosidl_typesupport_fastrtps_cpp
[0.603s] [ 76%] Built target wiimote_msgs__rosidl_typesupport_fastrtps_c
[0.603s] [ 76%] Built target wiimote_msgs
[0.603s] [ 78%] Built target wiimote_msgs__py
[0.603s] [ 87%] Built target wiimote_msgs__rosidl_generator_py
[0.603s] [ 91%] Built target wiimote_msgs__rosidl_typesupport_fastrtps_c__pyext
[0.603s] [ 95%] Built target wiimote_msgs__rosidl_typesupport_c__pyext
[0.603s] [100%] Built target wiimote_msgs__rosidl_typesupport_introspection_c__pyext
[0.625s] running egg_info
[0.626s] writing wiimote_msgs.egg-info/PKG-INFO
[0.626s] writing dependency_links to wiimote_msgs.egg-info/dependency_links.txt
[0.626s] writing top-level names to wiimote_msgs.egg-info/top_level.txt
[0.627s] reading manifest file 'wiimote_msgs.egg-info/SOURCES.txt'
[0.628s] writing manifest file 'wiimote_msgs.egg-info/SOURCES.txt'
[0.655s] [100%] Built target ament_cmake_python_build_wiimote_msgs_egg
[0.918s] Invoked command in '/home/rhobtor/PHD/ARGOJ8_IA/build/wiimote_msgs' returned '0': CMAKE_PREFIX_PATH=${CMAKE_PREFIX_PATH}:/home/rhobtor/PHD/ARGOJ8_IA/install/ntrip_client:/home/rhobtor/PHD/ARGOJ8_IA/install/car:/home/rhobtor/PHD/ARGOJ8_IA/install/android_ros2_server:/home/rhobtor/PHD/ARGOJ8_IA/install/GUI_pkg:/home/rhobtor/PHD/reactive/Reactive-Navegation/workspace_full_conected/install/car:/opt/ros/humble /opt/st/stm32cubeclt_1.18.0/CMake/bin/cmake --build /home/rhobtor/PHD/ARGOJ8_IA/build/wiimote_msgs -- -j16 -l16
[0.925s] Invoking command in '/home/rhobtor/PHD/ARGOJ8_IA/build/wiimote_msgs': CMAKE_PREFIX_PATH=${CMAKE_PREFIX_PATH}:/home/rhobtor/PHD/ARGOJ8_IA/install/ntrip_client:/home/rhobtor/PHD/ARGOJ8_IA/install/car:/home/rhobtor/PHD/ARGOJ8_IA/install/android_ros2_server:/home/rhobtor/PHD/ARGOJ8_IA/install/GUI_pkg:/home/rhobtor/PHD/reactive/Reactive-Navegation/workspace_full_conected/install/car:/opt/ros/humble /opt/st/stm32cubeclt_1.18.0/CMake/bin/cmake --install /home/rhobtor/PHD/ARGOJ8_IA/build/wiimote_msgs
[0.978s] -- Install configuration: ""
[0.978s] -- Up-to-date: /home/rhobtor/PHD/ARGOJ8_IA/install/wiimote_msgs/share/ament_index/resource_index/rosidl_interfaces/wiimote_msgs
[0.978s] -- Up-to-date: /home/rhobtor/PHD/ARGOJ8_IA/install/wiimote_msgs/include/wiimote_msgs/wiimote_msgs
[0.978s] -- Up-to-date: /home/rhobtor/PHD/ARGOJ8_IA/install/wiimote_msgs/include/wiimote_msgs/wiimote_msgs/msg
[0.978s] -- Up-to-date: /home/rhobtor/PHD/ARGOJ8_IA/install/wiimote_msgs/include/wiimote_msgs/wiimote_msgs/msg/state.h
[0.978s] -- Up-to-date: /home/rhobtor/PHD/ARGOJ8_IA/install/wiimote_msgs/include/wiimote_msgs/wiimote_msgs/msg/rosidl_generator_c__visibility_control.h
[0.978s] -- Up-to-date: /home/rhobtor/PHD/ARGOJ8_IA/install/wiimote_msgs/include/wiimote_msgs/wiimote_msgs/msg/timed_switch.h
[0.978s] -- Up-to-date: /home/rhobtor/PHD/ARGOJ8_IA/install/wiimote_msgs/include/wiimote_msgs/wiimote_msgs/msg/detail
[0.978s] -- Up-to-date: /home/rhobtor/PHD/ARGOJ8_IA/install/wiimote_msgs/include/wiimote_msgs/wiimote_msgs/msg/detail/state__type_support.h
[0.978s] -- Up-to-date: /home/rhobtor/PHD/ARGOJ8_IA/install/wiimote_msgs/include/wiimote_msgs/wiimote_msgs/msg/detail/state__struct.h
[0.979s] -- Up-to-date: /home/rhobtor/PHD/ARGOJ8_IA/install/wiimote_msgs/include/wiimote_msgs/wiimote_msgs/msg/detail/ir_source_info__functions.h
[0.979s] -- Up-to-date: /home/rhobtor/PHD/ARGOJ8_IA/install/wiimote_msgs/include/wiimote_msgs/wiimote_msgs/msg/detail/timed_switch__type_support.h
[0.979s] -- Up-to-date: /home/rhobtor/PHD/ARGOJ8_IA/install/wiimote_msgs/include/wiimote_msgs/wiimote_msgs/msg/detail/timed_switch__struct.h
[0.979s] -- Up-to-date: /home/rhobtor/PHD/ARGOJ8_IA/install/wiimote_msgs/include/wiimote_msgs/wiimote_msgs/msg/detail/ir_source_info__functions.c
[0.979s] -- Up-to-date: /home/rhobtor/PHD/ARGOJ8_IA/install/wiimote_msgs/include/wiimote_msgs/wiimote_msgs/msg/detail/ir_source_info__type_support.h
[0.979s] -- Up-to-date: /home/rhobtor/PHD/ARGOJ8_IA/install/wiimote_msgs/include/wiimote_msgs/wiimote_msgs/msg/detail/timed_switch__functions.h
[0.979s] -- Up-to-date: /home/rhobtor/PHD/ARGOJ8_IA/install/wiimote_msgs/include/wiimote_msgs/wiimote_msgs/msg/detail/timed_switch__functions.c
[0.979s] -- Up-to-date: /home/rhobtor/PHD/ARGOJ8_IA/install/wiimote_msgs/include/wiimote_msgs/wiimote_msgs/msg/detail/state__functions.h
[0.979s] -- Up-to-date: /home/rhobtor/PHD/ARGOJ8_IA/install/wiimote_msgs/include/wiimote_msgs/wiimote_msgs/msg/detail/ir_source_info__struct.h
[0.979s] -- Up-to-date: /home/rhobtor/PHD/ARGOJ8_IA/install/wiimote_msgs/include/wiimote_msgs/wiimote_msgs/msg/detail/state__functions.c
[0.979s] -- Up-to-date: /home/rhobtor/PHD/ARGOJ8_IA/install/wiimote_msgs/include/wiimote_msgs/wiimote_msgs/msg/ir_source_info.h
[0.979s] -- Up-to-date: /home/rhobtor/PHD/ARGOJ8_IA/install/wiimote_msgs/share/wiimote_msgs/environment/library_path.sh
[0.980s] -- Up-to-date: /home/rhobtor/PHD/ARGOJ8_IA/install/wiimote_msgs/share/wiimote_msgs/environment/library_path.dsv
[0.980s] -- Up-to-date: /home/rhobtor/PHD/ARGOJ8_IA/install/wiimote_msgs/lib/libwiimote_msgs__rosidl_generator_c.so
[0.980s] -- Up-to-date: /home/rhobtor/PHD/ARGOJ8_IA/install/wiimote_msgs/include/wiimote_msgs/wiimote_msgs
[0.980s] -- Up-to-date: /home/rhobtor/PHD/ARGOJ8_IA/install/wiimote_msgs/include/wiimote_msgs/wiimote_msgs/msg
[0.980s] -- Up-to-date: /home/rhobtor/PHD/ARGOJ8_IA/install/wiimote_msgs/include/wiimote_msgs/wiimote_msgs/msg/detail
[0.980s] -- Up-to-date: /home/rhobtor/PHD/ARGOJ8_IA/install/wiimote_msgs/include/wiimote_msgs/wiimote_msgs/msg/detail/ir_source_info__rosidl_typesupport_fastrtps_c.h
[0.980s] -- Up-to-date: /home/rhobtor/PHD/ARGOJ8_IA/install/wiimote_msgs/include/wiimote_msgs/wiimote_msgs/msg/detail/state__rosidl_typesupport_fastrtps_c.h
[0.980s] -- Up-to-date: /home/rhobtor/PHD/ARGOJ8_IA/install/wiimote_msgs/include/wiimote_msgs/wiimote_msgs/msg/detail/timed_switch__rosidl_typesupport_fastrtps_c.h
[0.980s] -- Up-to-date: /home/rhobtor/PHD/ARGOJ8_IA/install/wiimote_msgs/include/wiimote_msgs/wiimote_msgs/msg/rosidl_typesupport_fastrtps_c__visibility_control.h
[0.980s] -- Up-to-date: /home/rhobtor/PHD/ARGOJ8_IA/install/wiimote_msgs/lib/libwiimote_msgs__rosidl_typesupport_fastrtps_c.so
[0.980s] -- Up-to-date: /home/rhobtor/PHD/ARGOJ8_IA/install/wiimote_msgs/include/wiimote_msgs/wiimote_msgs
[0.980s] -- Up-to-date: /home/rhobtor/PHD/ARGOJ8_IA/install/wiimote_msgs/include/wiimote_msgs/wiimote_msgs/msg
[0.980s] -- Up-to-date: /home/rhobtor/PHD/ARGOJ8_IA/install/wiimote_msgs/include/wiimote_msgs/wiimote_msgs/msg/ir_source_info.hpp
[0.980s] -- Up-to-date: /home/rhobtor/PHD/ARGOJ8_IA/install/wiimote_msgs/include/wiimote_msgs/wiimote_msgs/msg/timed_switch.hpp
[0.980s] -- Up-to-date: /home/rhobtor/PHD/ARGOJ8_IA/install/wiimote_msgs/include/wiimote_msgs/wiimote_msgs/msg/rosidl_generator_cpp__visibility_control.hpp
[0.980s] -- Up-to-date: /home/rhobtor/PHD/ARGOJ8_IA/install/wiimote_msgs/include/wiimote_msgs/wiimote_msgs/msg/state.hpp
[0.980s] -- Up-to-date: /home/rhobtor/PHD/ARGOJ8_IA/install/wiimote_msgs/include/wiimote_msgs/wiimote_msgs/msg/detail
[0.980s] -- Up-to-date: /home/rhobtor/PHD/ARGOJ8_IA/install/wiimote_msgs/include/wiimote_msgs/wiimote_msgs/msg/detail/timed_switch__builder.hpp
[0.981s] -- Up-to-date: /home/rhobtor/PHD/ARGOJ8_IA/install/wiimote_msgs/include/wiimote_msgs/wiimote_msgs/msg/detail/ir_source_info__builder.hpp
[0.981s] -- Up-to-date: /home/rhobtor/PHD/ARGOJ8_IA/install/wiimote_msgs/include/wiimote_msgs/wiimote_msgs/msg/detail/ir_source_info__traits.hpp
[0.981s] -- Up-to-date: /home/rhobtor/PHD/ARGOJ8_IA/install/wiimote_msgs/include/wiimote_msgs/wiimote_msgs/msg/detail/state__type_support.hpp
[0.981s] -- Up-to-date: /home/rhobtor/PHD/ARGOJ8_IA/install/wiimote_msgs/include/wiimote_msgs/wiimote_msgs/msg/detail/state__builder.hpp
[0.981s] -- Up-to-date: /home/rhobtor/PHD/ARGOJ8_IA/install/wiimote_msgs/include/wiimote_msgs/wiimote_msgs/msg/detail/state__traits.hpp
[0.981s] -- Up-to-date: /home/rhobtor/PHD/ARGOJ8_IA/install/wiimote_msgs/include/wiimote_msgs/wiimote_msgs/msg/detail/timed_switch__traits.hpp
[0.981s] -- Up-to-date: /home/rhobtor/PHD/ARGOJ8_IA/install/wiimote_msgs/include/wiimote_msgs/wiimote_msgs/msg/detail/state__struct.hpp
[0.981s] -- Up-to-date: /home/rhobtor/PHD/ARGOJ8_IA/install/wiimote_msgs/include/wiimote_msgs/wiimote_msgs/msg/detail/timed_switch__type_support.hpp
[0.981s] -- Up-to-date: /home/rhobtor/PHD/ARGOJ8_IA/install/wiimote_msgs/include/wiimote_msgs/wiimote_msgs/msg/detail/ir_source_info__struct.hpp
[0.981s] -- Up-to-date: /home/rhobtor/PHD/ARGOJ8_IA/install/wiimote_msgs/include/wiimote_msgs/wiimote_msgs/msg/detail/ir_source_info__type_support.hpp
[0.981s] -- Up-to-date: /home/rhobtor/PHD/ARGOJ8_IA/install/wiimote_msgs/include/wiimote_msgs/wiimote_msgs/msg/detail/timed_switch__struct.hpp
[0.981s] -- Up-to-date: /home/rhobtor/PHD/ARGOJ8_IA/install/wiimote_msgs/include/wiimote_msgs/wiimote_msgs
[0.981s] -- Up-to-date: /home/rhobtor/PHD/ARGOJ8_IA/install/wiimote_msgs/include/wiimote_msgs/wiimote_msgs/msg
[0.981s] -- Up-to-date: /home/rhobtor/PHD/ARGOJ8_IA/install/wiimote_msgs/include/wiimote_msgs/wiimote_msgs/msg/rosidl_typesupport_fastrtps_cpp__visibility_control.h
[0.981s] -- Up-to-date: /home/rhobtor/PHD/ARGOJ8_IA/install/wiimote_msgs/include/wiimote_msgs/wiimote_msgs/msg/detail
[0.981s] -- Up-to-date: /home/rhobtor/PHD/ARGOJ8_IA/install/wiimote_msgs/include/wiimote_msgs/wiimote_msgs/msg/detail/timed_switch__rosidl_typesupport_fastrtps_cpp.hpp
[0.981s] -- Up-to-date: /home/rhobtor/PHD/ARGOJ8_IA/install/wiimote_msgs/include/wiimote_msgs/wiimote_msgs/msg/detail/state__rosidl_typesupport_fastrtps_cpp.hpp
[0.981s] -- Up-to-date: /home/rhobtor/PHD/ARGOJ8_IA/install/wiimote_msgs/include/wiimote_msgs/wiimote_msgs/msg/detail/dds_fastrtps
[0.982s] -- Up-to-date: /home/rhobtor/PHD/ARGOJ8_IA/install/wiimote_msgs/include/wiimote_msgs/wiimote_msgs/msg/detail/ir_source_info__rosidl_typesupport_fastrtps_cpp.hpp
[0.982s] -- Up-to-date: /home/rhobtor/PHD/ARGOJ8_IA/install/wiimote_msgs/lib/libwiimote_msgs__rosidl_typesupport_fastrtps_cpp.so
[0.982s] -- Up-to-date: /home/rhobtor/PHD/ARGOJ8_IA/install/wiimote_msgs/include/wiimote_msgs/wiimote_msgs
[0.982s] -- Up-to-date: /home/rhobtor/PHD/ARGOJ8_IA/install/wiimote_msgs/include/wiimote_msgs/wiimote_msgs/msg
[0.982s] -- Up-to-date: /home/rhobtor/PHD/ARGOJ8_IA/install/wiimote_msgs/include/wiimote_msgs/wiimote_msgs/msg/rosidl_typesupport_introspection_c__visibility_control.h
[0.982s] -- Up-to-date: /home/rhobtor/PHD/ARGOJ8_IA/install/wiimote_msgs/include/wiimote_msgs/wiimote_msgs/msg/detail
[0.991s] -- Up-to-date: /home/rhobtor/PHD/ARGOJ8_IA/install/wiimote_msgs/include/wiimote_msgs/wiimote_msgs/msg/detail/state__rosidl_typesupport_introspection_c.h
[0.991s] -- Up-to-date: /home/rhobtor/PHD/ARGOJ8_IA/install/wiimote_msgs/include/wiimote_msgs/wiimote_msgs/msg/detail/ir_source_info__type_support.c
[0.991s] -- Up-to-date: /home/rhobtor/PHD/ARGOJ8_IA/install/wiimote_msgs/include/wiimote_msgs/wiimote_msgs/msg/detail/state__type_support.c
[0.991s] -- Up-to-date: /home/rhobtor/PHD/ARGOJ8_IA/install/wiimote_msgs/include/wiimote_msgs/wiimote_msgs/msg/detail/timed_switch__type_support.c
[0.991s] -- Up-to-date: /home/rhobtor/PHD/ARGOJ8_IA/install/wiimote_msgs/include/wiimote_msgs/wiimote_msgs/msg/detail/ir_source_info__rosidl_typesupport_introspection_c.h
[0.991s] -- Up-to-date: /home/rhobtor/PHD/ARGOJ8_IA/install/wiimote_msgs/include/wiimote_msgs/wiimote_msgs/msg/detail/timed_switch__rosidl_typesupport_introspection_c.h
[0.991s] -- Up-to-date: /home/rhobtor/PHD/ARGOJ8_IA/install/wiimote_msgs/lib/libwiimote_msgs__rosidl_typesupport_introspection_c.so
[0.991s] -- Up-to-date: /home/rhobtor/PHD/ARGOJ8_IA/install/wiimote_msgs/lib/libwiimote_msgs__rosidl_typesupport_c.so
[0.991s] -- Up-to-date: /home/rhobtor/PHD/ARGOJ8_IA/install/wiimote_msgs/include/wiimote_msgs/wiimote_msgs
[0.991s] -- Up-to-date: /home/rhobtor/PHD/ARGOJ8_IA/install/wiimote_msgs/include/wiimote_msgs/wiimote_msgs/msg
[0.992s] -- Up-to-date: /home/rhobtor/PHD/ARGOJ8_IA/install/wiimote_msgs/include/wiimote_msgs/wiimote_msgs/msg/detail
[0.992s] -- Up-to-date: /home/rhobtor/PHD/ARGOJ8_IA/install/wiimote_msgs/include/wiimote_msgs/wiimote_msgs/msg/detail/ir_source_info__type_support.cpp
[0.992s] -- Up-to-date: /home/rhobtor/PHD/ARGOJ8_IA/install/wiimote_msgs/include/wiimote_msgs/wiimote_msgs/msg/detail/state__type_support.cpp
[0.992s] -- Up-to-date: /home/rhobtor/PHD/ARGOJ8_IA/install/wiimote_msgs/include/wiimote_msgs/wiimote_msgs/msg/detail/timed_switch__type_support.cpp
[0.992s] -- Up-to-date: /home/rhobtor/PHD/ARGOJ8_IA/install/wiimote_msgs/include/wiimote_msgs/wiimote_msgs/msg/detail/timed_switch__rosidl_typesupport_introspection_cpp.hpp
[0.992s] -- Up-to-date: /home/rhobtor/PHD/ARGOJ8_IA/install/wiimote_msgs/include/wiimote_msgs/wiimote_msgs/msg/detail/state__rosidl_typesupport_introspection_cpp.hpp
[0.992s] -- Up-to-date: /home/rhobtor/PHD/ARGOJ8_IA/install/wiimote_msgs/include/wiimote_msgs/wiimote_msgs/msg/detail/ir_source_info__rosidl_typesupport_introspection_cpp.hpp
[0.992s] -- Up-to-date: /home/rhobtor/PHD/ARGOJ8_IA/install/wiimote_msgs/lib/libwiimote_msgs__rosidl_typesupport_introspection_cpp.so
[0.992s] -- Up-to-date: /home/rhobtor/PHD/ARGOJ8_IA/install/wiimote_msgs/lib/libwiimote_msgs__rosidl_typesupport_cpp.so
[0.992s] -- Up-to-date: /home/rhobtor/PHD/ARGOJ8_IA/install/wiimote_msgs/share/wiimote_msgs/environment/pythonpath.sh
[0.992s] -- Up-to-date: /home/rhobtor/PHD/ARGOJ8_IA/install/wiimote_msgs/share/wiimote_msgs/environment/pythonpath.dsv
[0.992s] -- Up-to-date: /home/rhobtor/PHD/ARGOJ8_IA/install/wiimote_msgs/local/lib/python3.10/dist-packages/wiimote_msgs-3.1.0-py3.10.egg-info
[0.992s] -- Installing: /home/rhobtor/PHD/ARGOJ8_IA/install/wiimote_msgs/local/lib/python3.10/dist-packages/wiimote_msgs-3.1.0-py3.10.egg-info/top_level.txt
[0.993s] -- Installing: /home/rhobtor/PHD/ARGOJ8_IA/install/wiimote_msgs/local/lib/python3.10/dist-packages/wiimote_msgs-3.1.0-py3.10.egg-info/SOURCES.txt
[0.993s] -- Installing: /home/rhobtor/PHD/ARGOJ8_IA/install/wiimote_msgs/local/lib/python3.10/dist-packages/wiimote_msgs-3.1.0-py3.10.egg-info/PKG-INFO
[0.993s] -- Installing: /home/rhobtor/PHD/ARGOJ8_IA/install/wiimote_msgs/local/lib/python3.10/dist-packages/wiimote_msgs-3.1.0-py3.10.egg-info/dependency_links.txt
[0.993s] -- Up-to-date: /home/rhobtor/PHD/ARGOJ8_IA/install/wiimote_msgs/local/lib/python3.10/dist-packages/wiimote_msgs
[0.993s] -- Up-to-date: /home/rhobtor/PHD/ARGOJ8_IA/install/wiimote_msgs/local/lib/python3.10/dist-packages/wiimote_msgs/_wiimote_msgs_s.ep.rosidl_typesupport_introspection_c.c
[0.993s] -- Up-to-date: /home/rhobtor/PHD/ARGOJ8_IA/install/wiimote_msgs/local/lib/python3.10/dist-packages/wiimote_msgs/wiimote_msgs_s__rosidl_typesupport_fastrtps_c.cpython-310-x86_64-linux-gnu.so
[0.993s] -- Up-to-date: /home/rhobtor/PHD/ARGOJ8_IA/install/wiimote_msgs/local/lib/python3.10/dist-packages/wiimote_msgs/__init__.py
[0.993s] -- Up-to-date: /home/rhobtor/PHD/ARGOJ8_IA/install/wiimote_msgs/local/lib/python3.10/dist-packages/wiimote_msgs/_wiimote_msgs_s.ep.rosidl_typesupport_c.c
[0.993s] -- Up-to-date: /home/rhobtor/PHD/ARGOJ8_IA/install/wiimote_msgs/local/lib/python3.10/dist-packages/wiimote_msgs/_wiimote_msgs_s.ep.rosidl_typesupport_fastrtps_c.c
[0.993s] -- Up-to-date: /home/rhobtor/PHD/ARGOJ8_IA/install/wiimote_msgs/local/lib/python3.10/dist-packages/wiimote_msgs/libwiimote_msgs__rosidl_generator_py.so
[0.993s] -- Up-to-date: /home/rhobtor/PHD/ARGOJ8_IA/install/wiimote_msgs/local/lib/python3.10/dist-packages/wiimote_msgs/msg
[0.993s] -- Up-to-date: /home/rhobtor/PHD/ARGOJ8_IA/install/wiimote_msgs/local/lib/python3.10/dist-packages/wiimote_msgs/msg/_state_s.c
[0.993s] -- Up-to-date: /home/rhobtor/PHD/ARGOJ8_IA/install/wiimote_msgs/local/lib/python3.10/dist-packages/wiimote_msgs/msg/_timed_switch_s.c
[0.993s] -- Up-to-date: /home/rhobtor/PHD/ARGOJ8_IA/install/wiimote_msgs/local/lib/python3.10/dist-packages/wiimote_msgs/msg/_ir_source_info.py
[0.994s] -- Up-to-date: /home/rhobtor/PHD/ARGOJ8_IA/install/wiimote_msgs/local/lib/python3.10/dist-packages/wiimote_msgs/msg/_ir_source_info_s.c
[0.994s] -- Up-to-date: /home/rhobtor/PHD/ARGOJ8_IA/install/wiimote_msgs/local/lib/python3.10/dist-packages/wiimote_msgs/msg/__init__.py
[0.994s] -- Up-to-date: /home/rhobtor/PHD/ARGOJ8_IA/install/wiimote_msgs/local/lib/python3.10/dist-packages/wiimote_msgs/msg/_state.py
[0.994s] -- Up-to-date: /home/rhobtor/PHD/ARGOJ8_IA/install/wiimote_msgs/local/lib/python3.10/dist-packages/wiimote_msgs/msg/_timed_switch.py
[0.994s] -- Up-to-date: /home/rhobtor/PHD/ARGOJ8_IA/install/wiimote_msgs/local/lib/python3.10/dist-packages/wiimote_msgs/wiimote_msgs_s__rosidl_typesupport_c.cpython-310-x86_64-linux-gnu.so
[0.994s] -- Up-to-date: /home/rhobtor/PHD/ARGOJ8_IA/install/wiimote_msgs/local/lib/python3.10/dist-packages/wiimote_msgs/wiimote_msgs_s__rosidl_typesupport_introspection_c.cpython-310-x86_64-linux-gnu.so
[0.994s] Listing '/home/rhobtor/PHD/ARGOJ8_IA/install/wiimote_msgs/local/lib/python3.10/dist-packages/wiimote_msgs'...
[0.994s] Listing '/home/rhobtor/PHD/ARGOJ8_IA/install/wiimote_msgs/local/lib/python3.10/dist-packages/wiimote_msgs/msg'...
[0.999s] -- Up-to-date: /home/rhobtor/PHD/ARGOJ8_IA/install/wiimote_msgs/local/lib/python3.10/dist-packages/wiimote_msgs/wiimote_msgs_s__rosidl_typesupport_fastrtps_c.cpython-310-x86_64-linux-gnu.so
[1.001s] -- Up-to-date: /home/rhobtor/PHD/ARGOJ8_IA/install/wiimote_msgs/local/lib/python3.10/dist-packages/wiimote_msgs/wiimote_msgs_s__rosidl_typesupport_introspection_c.cpython-310-x86_64-linux-gnu.so
[1.001s] -- Up-to-date: /home/rhobtor/PHD/ARGOJ8_IA/install/wiimote_msgs/local/lib/python3.10/dist-packages/wiimote_msgs/wiimote_msgs_s__rosidl_typesupport_c.cpython-310-x86_64-linux-gnu.so
[1.001s] -- Up-to-date: /home/rhobtor/PHD/ARGOJ8_IA/install/wiimote_msgs/lib/libwiimote_msgs__rosidl_generator_py.so
[1.001s] -- Up-to-date: /home/rhobtor/PHD/ARGOJ8_IA/install/wiimote_msgs/share/wiimote_msgs/msg/IrSourceInfo.idl
[1.001s] -- Up-to-date: /home/rhobtor/PHD/ARGOJ8_IA/install/wiimote_msgs/share/wiimote_msgs/msg/State.idl
[1.001s] -- Up-to-date: /home/rhobtor/PHD/ARGOJ8_IA/install/wiimote_msgs/share/wiimote_msgs/msg/TimedSwitch.idl
[1.002s] -- Up-to-date: /home/rhobtor/PHD/ARGOJ8_IA/install/wiimote_msgs/share/wiimote_msgs/msg/IrSourceInfo.msg
[1.002s] -- Up-to-date: /home/rhobtor/PHD/ARGOJ8_IA/install/wiimote_msgs/share/wiimote_msgs/msg/State.msg
[1.002s] -- Up-to-date: /home/rhobtor/PHD/ARGOJ8_IA/install/wiimote_msgs/share/wiimote_msgs/msg/TimedSwitch.msg
[1.002s] -- Up-to-date: /home/rhobtor/PHD/ARGOJ8_IA/install/wiimote_msgs/share/ament_index/resource_index/package_run_dependencies/wiimote_msgs
[1.002s] -- Up-to-date: /home/rhobtor/PHD/ARGOJ8_IA/install/wiimote_msgs/share/ament_index/resource_index/parent_prefix_path/wiimote_msgs
[1.002s] -- Up-to-date: /home/rhobtor/PHD/ARGOJ8_IA/install/wiimote_msgs/share/wiimote_msgs/environment/ament_prefix_path.sh
[1.002s] -- Up-to-date: /home/rhobtor/PHD/ARGOJ8_IA/install/wiimote_msgs/share/wiimote_msgs/environment/ament_prefix_path.dsv
[1.002s] -- Up-to-date: /home/rhobtor/PHD/ARGOJ8_IA/install/wiimote_msgs/share/wiimote_msgs/environment/path.sh
[1.002s] -- Up-to-date: /home/rhobtor/PHD/ARGOJ8_IA/install/wiimote_msgs/share/wiimote_msgs/environment/path.dsv
[1.002s] -- Up-to-date: /home/rhobtor/PHD/ARGOJ8_IA/install/wiimote_msgs/share/wiimote_msgs/local_setup.bash
[1.002s] -- Up-to-date: /home/rhobtor/PHD/ARGOJ8_IA/install/wiimote_msgs/share/wiimote_msgs/local_setup.sh
[1.002s] -- Up-to-date: /home/rhobtor/PHD/ARGOJ8_IA/install/wiimote_msgs/share/wiimote_msgs/local_setup.zsh
[1.002s] -- Up-to-date: /home/rhobtor/PHD/ARGOJ8_IA/install/wiimote_msgs/share/wiimote_msgs/local_setup.dsv
[1.002s] -- Installing: /home/rhobtor/PHD/ARGOJ8_IA/install/wiimote_msgs/share/wiimote_msgs/package.dsv
[1.002s] -- Up-to-date: /home/rhobtor/PHD/ARGOJ8_IA/install/wiimote_msgs/share/ament_index/resource_index/packages/wiimote_msgs
[1.002s] -- Up-to-date: /home/rhobtor/PHD/ARGOJ8_IA/install/wiimote_msgs/share/wiimote_msgs/cmake/export_wiimote_msgs__rosidl_generator_cExport.cmake
[1.003s] -- Up-to-date: /home/rhobtor/PHD/ARGOJ8_IA/install/wiimote_msgs/share/wiimote_msgs/cmake/export_wiimote_msgs__rosidl_generator_cExport-noconfig.cmake
[1.003s] -- Up-to-date: /home/rhobtor/PHD/ARGOJ8_IA/install/wiimote_msgs/share/wiimote_msgs/cmake/export_wiimote_msgs__rosidl_typesupport_fastrtps_cExport.cmake
[1.003s] -- Up-to-date: /home/rhobtor/PHD/ARGOJ8_IA/install/wiimote_msgs/share/wiimote_msgs/cmake/export_wiimote_msgs__rosidl_typesupport_fastrtps_cExport-noconfig.cmake
[1.003s] -- Up-to-date: /home/rhobtor/PHD/ARGOJ8_IA/install/wiimote_msgs/share/wiimote_msgs/cmake/export_wiimote_msgs__rosidl_generator_cppExport.cmake
[1.003s] -- Up-to-date: /home/rhobtor/PHD/ARGOJ8_IA/install/wiimote_msgs/share/wiimote_msgs/cmake/export_wiimote_msgs__rosidl_typesupport_fastrtps_cppExport.cmake
[1.003s] -- Up-to-date: /home/rhobtor/PHD/ARGOJ8_IA/install/wiimote_msgs/share/wiimote_msgs/cmake/export_wiimote_msgs__rosidl_typesupport_fastrtps_cppExport-noconfig.cmake
[1.003s] -- Up-to-date: /home/rhobtor/PHD/ARGOJ8_IA/install/wiimote_msgs/share/wiimote_msgs/cmake/wiimote_msgs__rosidl_typesupport_introspection_cExport.cmake
[1.003s] -- Up-to-date: /home/rhobtor/PHD/ARGOJ8_IA/install/wiimote_msgs/share/wiimote_msgs/cmake/wiimote_msgs__rosidl_typesupport_introspection_cExport-noconfig.cmake
[1.003s] -- Up-to-date: /home/rhobtor/PHD/ARGOJ8_IA/install/wiimote_msgs/share/wiimote_msgs/cmake/wiimote_msgs__rosidl_typesupport_cExport.cmake
[1.003s] -- Up-to-date: /home/rhobtor/PHD/ARGOJ8_IA/install/wiimote_msgs/share/wiimote_msgs/cmake/wiimote_msgs__rosidl_typesupport_cExport-noconfig.cmake
[1.003s] -- Up-to-date: /home/rhobtor/PHD/ARGOJ8_IA/install/wiimote_msgs/share/wiimote_msgs/cmake/wiimote_msgs__rosidl_typesupport_introspection_cppExport.cmake
[1.003s] -- Up-to-date: /home/rhobtor/PHD/ARGOJ8_IA/install/wiimote_msgs/share/wiimote_msgs/cmake/wiimote_msgs__rosidl_typesupport_introspection_cppExport-noconfig.cmake
[1.003s] -- Up-to-date: /home/rhobtor/PHD/ARGOJ8_IA/install/wiimote_msgs/share/wiimote_msgs/cmake/wiimote_msgs__rosidl_typesupport_cppExport.cmake
[1.003s] -- Up-to-date: /home/rhobtor/PHD/ARGOJ8_IA/install/wiimote_msgs/share/wiimote_msgs/cmake/wiimote_msgs__rosidl_typesupport_cppExport-noconfig.cmake
[1.003s] -- Up-to-date: /home/rhobtor/PHD/ARGOJ8_IA/install/wiimote_msgs/share/wiimote_msgs/cmake/export_wiimote_msgs__rosidl_generator_pyExport.cmake
[1.003s] -- Up-to-date: /home/rhobtor/PHD/ARGOJ8_IA/install/wiimote_msgs/share/wiimote_msgs/cmake/export_wiimote_msgs__rosidl_generator_pyExport-noconfig.cmake
[1.003s] -- Up-to-date: /home/rhobtor/PHD/ARGOJ8_IA/install/wiimote_msgs/share/wiimote_msgs/cmake/rosidl_cmake-extras.cmake
[1.004s] -- Up-to-date: /home/rhobtor/PHD/ARGOJ8_IA/install/wiimote_msgs/share/wiimote_msgs/cmake/ament_cmake_export_dependencies-extras.cmake
[1.004s] -- Up-to-date: /home/rhobtor/PHD/ARGOJ8_IA/install/wiimote_msgs/share/wiimote_msgs/cmake/ament_cmake_export_include_directories-extras.cmake
[1.004s] -- Up-to-date: /home/rhobtor/PHD/ARGOJ8_IA/install/wiimote_msgs/share/wiimote_msgs/cmake/ament_cmake_export_libraries-extras.cmake
[1.004s] -- Up-to-date: /home/rhobtor/PHD/ARGOJ8_IA/install/wiimote_msgs/share/wiimote_msgs/cmake/ament_cmake_export_targets-extras.cmake
[1.004s] -- Up-to-date: /home/rhobtor/PHD/ARGOJ8_IA/install/wiimote_msgs/share/wiimote_msgs/cmake/rosidl_cmake_export_typesupport_targets-extras.cmake
[1.004s] -- Up-to-date: /home/rhobtor/PHD/ARGOJ8_IA/install/wiimote_msgs/share/wiimote_msgs/cmake/rosidl_cmake_export_typesupport_libraries-extras.cmake
[1.004s] -- Up-to-date: /home/rhobtor/PHD/ARGOJ8_IA/install/wiimote_msgs/share/wiimote_msgs/cmake/wiimote_msgsConfig.cmake
[1.004s] -- Up-to-date: /home/rhobtor/PHD/ARGOJ8_IA/install/wiimote_msgs/share/wiimote_msgs/cmake/wiimote_msgsConfig-version.cmake
[1.004s] -- Up-to-date: /home/rhobtor/PHD/ARGOJ8_IA/install/wiimote_msgs/share/wiimote_msgs/package.xml
[1.092s] Invoked command in '/home/rhobtor/PHD/ARGOJ8_IA/build/wiimote_msgs' returned '0': CMAKE_PREFIX_PATH=${CMAKE_PREFIX_PATH}:/home/rhobtor/PHD/ARGOJ8_IA/install/ntrip_client:/home/rhobtor/PHD/ARGOJ8_IA/install/car:/home/rhobtor/PHD/ARGOJ8_IA/install/android_ros2_server:/home/rhobtor/PHD/ARGOJ8_IA/install/GUI_pkg:/home/rhobtor/PHD/reactive/Reactive-Navegation/workspace_full_conected/install/car:/opt/ros/humble /opt/st/stm32cubeclt_1.18.0/CMake/bin/cmake --install /home/rhobtor/PHD/ARGOJ8_IA/build/wiimote_msgs
