[0.028s] Invoking command in '/home/rhobtor/PHD/ARGOJ8_IA/build/j8_xacro_model': CMAKE_PREFIX_PATH=/home/rhobtor/PHD/ARGOJ8_IA/install/argj801_ctl_platform:/home/rhobtor/PHD/ARGOJ8_IA/install/argj801_ctl_platform_interfaces:/home/rhobtor/PHD/ARGOJ8_IA/install/octomap_mapping:/home/rhobtor/PHD/ARGOJ8_IA/install/octomap_server:/home/rhobtor/PHD/ARGOJ8_IA/install/octomap_rviz_plugins:/home/rhobtor/PHD/ARGOJ8_IA/install/j8_xacro_model:/home/rhobtor/PHD/ARGOJ8_IA/install/hector_gazebo_plugins:/home/rhobtor/PHD/ARGOJ8_IA/install/fixposition_sensor_pkg:/home/rhobtor/PHD/ARGOJ8_IA/install/car_cpp:/home/rhobtor/PHD/ARGOJ8_IA/install/car_interfaces:/home/rhobtor/packages/install/grid_map:/home/rhobtor/packages/install/grid_map_demos:/home/rhobtor/packages/install/grid_map_visualization:/home/rhobtor/packages/install/grid_map_sdf:/home/rhobtor/packages/install/grid_map_rviz_plugin:/home/rhobtor/packages/install/grid_map_pcl:/home/rhobtor/packages/install/grid_map_loader:/home/rhobtor/packages/install/grid_map_filters:/home/rhobtor/packages/install/grid_map_ros:/home/rhobtor/packages/install/grid_map_octomap:/home/rhobtor/packages/install/grid_map_msgs:/home/rhobtor/packages/install/grid_map_cv:/home/rhobtor/packages/install/grid_map_costmap_2d:/home/rhobtor/packages/install/grid_map_core:/home/rhobtor/packages/install/grid_map_cmake_helpers:/home/rhobtor/PHD/reactive/Reactive-Navegation/workspace_full_conected/install/octomap_mapping:/home/rhobtor/PHD/reactive/Reactive-Navegation/workspace_full_conected/install/octomap_server:/home/rhobtor/PHD/reactive/Reactive-Navegation/workspace_full_conected/install/octomap_rviz_plugins:/home/rhobtor/PHD/reactive/Reactive-Navegation/workspace_full_conected/install/hector_gazebo_plugins:/home/rhobtor/PHD/reactive/Reactive-Navegation/workspace_full_conected/install/car_cpp:/home/rhobtor/PHD/reactive/Reactive-Navegation/workspace_full_conected/install/car_interfaces:/home/rhobtor/PHD/ARGOJ8_IA/install/car:/home/rhobtor/PHD/reactive/Reactive-Navegation/workspace_full_conected/install/car:/opt/ros/humble LD_LIBRARY_PATH=/home/rhobtor/PHD/ARGOJ8_IA/install/argj801_ctl_platform_interfaces/lib:/home/rhobtor/PHD/ARGOJ8_IA/install/octomap_server/lib:/home/rhobtor/PHD/ARGOJ8_IA/install/octomap_rviz_plugins/lib:/home/rhobtor/PHD/ARGOJ8_IA/install/j8_xacro_model/lib:/home/rhobtor/PHD/ARGOJ8_IA/install/hector_gazebo_plugins/lib:/home/rhobtor/PHD/ARGOJ8_IA/install/fixposition_sensor_pkg/lib:/home/rhobtor/PHD/ARGOJ8_IA/install/car_cpp/lib:/home/rhobtor/PHD/ARGOJ8_IA/install/car_interfaces/lib:/home/rhobtor/packages/install/grid_map_demos/lib:/home/rhobtor/packages/install/grid_map_visualization/lib:/home/rhobtor/packages/install/grid_map_sdf/lib:/home/rhobtor/packages/install/grid_map_rviz_plugin/lib:/home/rhobtor/packages/install/grid_map_pcl/lib:/home/rhobtor/packages/install/grid_map_loader/lib:/home/rhobtor/packages/install/grid_map_filters/lib:/home/rhobtor/packages/install/grid_map_ros/lib:/home/rhobtor/packages/install/grid_map_octomap/lib:/home/rhobtor/packages/install/grid_map_msgs/lib:/home/rhobtor/packages/install/grid_map_cv/lib:/home/rhobtor/packages/install/grid_map_costmap_2d/lib:/home/rhobtor/packages/install/grid_map_core/lib:/home/rhobtor/PHD/reactive/Reactive-Navegation/workspace_full_conected/install/octomap_server/lib:/home/rhobtor/PHD/reactive/Reactive-Navegation/workspace_full_conected/install/octomap_rviz_plugins/lib:/home/rhobtor/PHD/reactive/Reactive-Navegation/workspace_full_conected/install/hector_gazebo_plugins/lib:/home/rhobtor/PHD/reactive/Reactive-Navegation/workspace_full_conected/install/car_cpp/lib:/home/rhobtor/PHD/reactive/Reactive-Navegation/workspace_full_conected/install/car_interfaces/lib:/usr/lib/x86_64-linux-gnu/gazebo-11/plugins:/opt/ros/humble/opt/rviz_ogre_vendor/lib:/opt/ros/humble/lib/x86_64-linux-gnu:/opt/ros/humble/lib /opt/st/stm32cubeclt_1.18.0/CMake/bin/cmake /home/rhobtor/PHD/ARGOJ8_IA/src/gazebo_sim_pkgs/j8_xacro_model -DCMAKE_INSTALL_PREFIX=/home/rhobtor/PHD/ARGOJ8_IA/install/j8_xacro_model
[0.122s] -- The C compiler identification is GNU 11.4.0
[0.222s] -- The CXX compiler identification is GNU 11.4.0
[0.254s] -- Detecting C compiler ABI info
[0.376s] -- Detecting C compiler ABI info - done
[0.401s] -- Check for working C compiler: /usr/bin/cc - skipped
[0.401s] -- Detecting C compile features
[0.402s] -- Detecting C compile features - done
[0.424s] -- Detecting CXX compiler ABI info
[0.572s] -- Detecting CXX compiler ABI info - done
[0.596s] -- Check for working CXX compiler: /usr/bin/c++ - skipped
[0.597s] -- Detecting CXX compile features
[0.598s] -- Detecting CXX compile features - done
[0.606s] -- Found ament_cmake: 1.3.11 (/opt/ros/humble/share/ament_cmake/cmake)
[0.889s] -- Found Python3: /usr/bin/python3 (found version "3.10.12") found components: Interpreter 
[1.102s] -- Found gazebo_dev: 3.9.0 (/opt/ros/humble/share/gazebo_dev/cmake)
[1.119s] -- Found PkgConfig: /usr/bin/pkg-config (found version "0.29.2") 
[1.127s] -- Checking for module 'bullet>=2.82'
[1.150s] --   Found bullet, version 3.05
[1.333s] -- Found fcl: /usr/include (found suitable version "0.7.0", minimum required is "0.5.0") 
[1.424s] -- Found assimp: /usr/include (found version "5.2.0") 
[1.470s] -- Found DART: /usr/include (Required is at least version "6.6") found components: dart 
[1.669s] -- Found Boost: /usr/lib/x86_64-linux-gnu/cmake/Boost-1.74.0/BoostConfig.cmake (found suitable version "1.74.0", minimum required is "1.40.0") found components: thread system filesystem program_options regex iostreams date_time 
[1.708s] -- Found Protobuf: /usr/lib/x86_64-linux-gnu/libprotobuf.so (found version "3.12.4") 
[1.772s] -- Looking for ignition-math6 -- found version 6.15.1
[1.787s] -- Searching for dependencies of ignition-math6
[1.789s] -- Looking for OGRE...
[1.790s] -- OGRE_PREFIX_WATCH changed.
[1.799s] -- Checking for module 'OGRE'
[1.825s] --   Found OGRE, version 1.9.0
[1.894s] -- Found Ogre Ghadamon (1.9.0)
[1.922s] -- Found OGRE: optimized;/usr/lib/x86_64-linux-gnu/libOgreMain.so;debug;/usr/lib/x86_64-linux-gnu/libOgreMain.so
[1.943s] -- Looking for OGRE_Paging...
[1.965s] -- Found OGRE_Paging: optimized;/usr/lib/x86_64-linux-gnu/libOgrePaging.so;debug;/usr/lib/x86_64-linux-gnu/libOgrePaging.so
[1.965s] -- Looking for OGRE_Terrain...
[1.988s] -- Found OGRE_Terrain: optimized;/usr/lib/x86_64-linux-gnu/libOgreTerrain.so;debug;/usr/lib/x86_64-linux-gnu/libOgreTerrain.so
[1.988s] -- Looking for OGRE_Property...
[2.011s] -- Found OGRE_Property: optimized;/usr/lib/x86_64-linux-gnu/libOgreProperty.so;debug;/usr/lib/x86_64-linux-gnu/libOgreProperty.so
[2.011s] -- Looking for OGRE_RTShaderSystem...
[2.034s] -- Found OGRE_RTShaderSystem: optimized;/usr/lib/x86_64-linux-gnu/libOgreRTShaderSystem.so;debug;/usr/lib/x86_64-linux-gnu/libOgreRTShaderSystem.so
[2.034s] -- Looking for OGRE_Volume...
[2.056s] -- Found OGRE_Volume: optimized;/usr/lib/x86_64-linux-gnu/libOgreVolume.so;debug;/usr/lib/x86_64-linux-gnu/libOgreVolume.so
[2.058s] -- Looking for OGRE_Overlay...
[2.079s] -- Found OGRE_Overlay: optimized;/usr/lib/x86_64-linux-gnu/libOgreOverlay.so;debug;/usr/lib/x86_64-linux-gnu/libOgreOverlay.so
[2.538s] -- Looking for ignition-math6 -- found version 6.15.1
[2.545s] -- Looking for ignition-transport8 -- found version 8.2.1
[2.546s] -- Searching for dependencies of ignition-transport8
[2.580s] -- Found Protobuf: /usr/lib/x86_64-linux-gnu/libprotobuf.so (found suitable version "3.12.4", minimum required is "3") 
[2.600s] -- Config-file not installed for ZeroMQ -- checking for pkg-config
[2.609s] -- Checking for module 'libzmq >= 4'
[2.636s] --   Found libzmq, version 4.3.4
[2.698s] -- Found ZeroMQ: TRUE (Required is at least version "4") 
[2.710s] -- Checking for module 'uuid'
[2.740s] --   Found uuid, version 2.37.2
[2.804s] -- Found UUID: TRUE  
[2.810s] -- Looking for ignition-msgs5 -- found version 5.8.1
[2.811s] -- Searching for dependencies of ignition-msgs5
[2.846s] -- Looking for ignition-math6 -- found version 6.15.1
[2.858s] -- Checking for module 'tinyxml2'
[2.883s] --   Found tinyxml2, version 9.0.0
[2.956s] -- Looking for ignition-msgs5 -- found version 5.8.1
[2.963s] -- Looking for ignition-common3 -- found version 3.14.0
[2.964s] -- Searching for dependencies of ignition-common3
[2.965s] -- Looking for dlfcn.h - found
[2.967s] -- Looking for libdl - found
[2.970s] -- Found DL: TRUE  
[2.995s] -- Found tinyobjloader: /usr/lib/x86_64-linux-gnu/cmake/tinyobjloader/tinyobjloader-config.cmake (found version "2.0.0") 
[2.996s] -- Searching for <ignition-common3> component [graphics]
[3.005s] -- Looking for ignition-common3-graphics -- found version 3.14.0
[3.005s] -- Searching for dependencies of ignition-common3-graphics
[3.005s] -- Looking for ignition-math6 -- found version 6.15.1
[3.012s] -- Looking for ignition-fuel_tools4 -- found version 4.4.0
[3.013s] -- Searching for dependencies of ignition-fuel_tools4
[3.169s] -- Found CURL: /usr/lib/x86_64-linux-gnu/libcurl.so (found version "7.81.0")  
[3.178s] [0mCMake Deprecation Warning at /usr/lib/x86_64-linux-gnu/cmake/jsoncpp/jsoncppConfig.cmake:2 (cmake_policy):
[3.178s]   Compatibility with CMake < 3.5 will be removed from a future version of
[3.178s]   CMake.
[3.178s] 
[3.178s]   Update the VERSION argument <min> value or use a ...<max> suffix to tell
[3.178s]   CMake that the project does not need compatibility with older versions.
[3.178s] Call Stack (most recent call first):
[3.178s]   /usr/share/cmake/ignition-cmake2/cmake2/FindJSONCPP.cmake:34 (find_package)
[3.178s]   /usr/lib/x86_64-linux-gnu/cmake/ignition-fuel_tools4/ignition-fuel_tools4-config.cmake:94 (find_package)
[3.178s]   /usr/lib/x86_64-linux-gnu/cmake/gazebo/gazebo-config.cmake:251 (find_package)
[3.179s]   /opt/ros/humble/share/gazebo_dev/cmake/gazebo_dev-extras.cmake:3 (find_package)
[3.179s]   /opt/ros/humble/share/gazebo_dev/cmake/gazebo_devConfig.cmake:41 (include)
[3.179s]   CMakeLists.txt:13 (find_package)
[3.179s] 
[3.180s] [0m
[3.189s] -- Checking for module 'jsoncpp'
[3.216s] --   Found jsoncpp, version 1.9.5
[3.274s] -- Found JSONCPP: TRUE  
[3.289s] -- Checking for module 'libzip'
[3.315s] --   Found libzip, version 1.7.3
[3.377s] -- Found ZIP: TRUE  
[3.377s] -- Looking for ignition-common3 -- found version 3.14.0
[3.377s] -- Looking for ignition-math6 -- found version 6.15.1
[3.378s] -- Looking for ignition-msgs5 -- found version 5.8.1
[3.389s] -- Gazebo version: 11.10
[3.390s] -- Checking for module 'tbb'
[3.418s] --   Found tbb, version 2021.5.0
[3.482s] -- Found gazebo_ros: 3.9.0 (/opt/ros/humble/share/gazebo_ros/cmake)
[3.554s] -- Found rosidl_generator_c: 3.1.6 (/opt/ros/humble/share/rosidl_generator_c/cmake)
[3.563s] -- Found rosidl_adapter: 3.1.6 (/opt/ros/humble/share/rosidl_adapter/cmake)
[3.579s] -- Found rosidl_generator_cpp: 3.1.6 (/opt/ros/humble/share/rosidl_generator_cpp/cmake)
[3.601s] -- Using all available rosidl_typesupport_c: rosidl_typesupport_fastrtps_c;rosidl_typesupport_introspection_c
[3.632s] -- Using all available rosidl_typesupport_cpp: rosidl_typesupport_fastrtps_cpp;rosidl_typesupport_introspection_cpp
[3.716s] -- Found rmw_implementation_cmake: 6.1.2 (/opt/ros/humble/share/rmw_implementation_cmake/cmake)
[3.723s] -- Found rmw_fastrtps_cpp: 6.2.7 (/opt/ros/humble/share/rmw_fastrtps_cpp/cmake)
[3.884s] -- Found OpenSSL: /usr/lib/x86_64-linux-gnu/libcrypto.so (found version "3.0.2")  
[3.930s] -- Found FastRTPS: /opt/ros/humble/include  
[3.995s] -- Using RMW implementation 'rmw_fastrtps_cpp' as default
[4.018s] -- Found Threads: TRUE  
[4.166s] -- Found geometry_msgs: 4.8.0 (/opt/ros/humble/share/geometry_msgs/cmake)
[4.205s] -- Found nav_msgs: 4.8.0 (/opt/ros/humble/share/nav_msgs/cmake)
[4.259s] -- Found tf2: 0.25.12 (/opt/ros/humble/share/tf2/cmake)
[4.280s] -- Found tf2_geometry_msgs: 0.25.12 (/opt/ros/humble/share/tf2_geometry_msgs/cmake)
[4.304s] -- Found eigen3_cmake_module: 0.1.1 (/opt/ros/humble/share/eigen3_cmake_module/cmake)
[4.307s] -- Found Eigen3: TRUE (found version "3.4.0") 
[4.308s] -- Ensuring Eigen3 include directory is part of orocos-kdl CMake target
[4.568s] -- Found sensor_msgs: 4.8.0 (/opt/ros/humble/share/sensor_msgs/cmake)
[4.610s] -- Found argj801_ctl_platform_interfaces: 0.0.0 (/home/rhobtor/PHD/ARGOJ8_IA/install/argj801_ctl_platform_interfaces/share/argj801_ctl_platform_interfaces/cmake)
[4.683s] -- Found ament_lint_auto: 0.12.12 (/opt/ros/humble/share/ament_lint_auto/cmake)
[4.849s] -- Added test 'cppcheck' to perform static code analysis on C / C++ code
[4.849s] -- Configured cppcheck include dirs: /home/rhobtor/PHD/ARGOJ8_IA/src/gazebo_sim_pkgs/j8_xacro_model/include;$<BUILD_INTERFACE:/home/rhobtor/PHD/ARGOJ8_IA/src/gazebo_sim_pkgs/j8_xacro_model/include>
[4.849s] -- Configured cppcheck exclude dirs and/or files: 
[4.852s] -- Added test 'flake8' to check Python code syntax and style conventions
[4.856s] -- Added test 'lint_cmake' to check CMake code style
[4.858s] -- Added test 'pep257' to check Python code against some of the docstring style conventions in PEP 257
[4.866s] -- Added test 'uncrustify' to check C / C++ code style
[4.866s] -- Configured uncrustify additional arguments: 
[4.869s] -- Added test 'xmllint' to check XML markup files
[4.873s] -- Configuring done (4.8s)
[4.921s] -- Generating done (0.0s)
[4.932s] -- Build files have been written to: /home/rhobtor/PHD/ARGOJ8_IA/build/j8_xacro_model
[4.954s] Invoked command in '/home/rhobtor/PHD/ARGOJ8_IA/build/j8_xacro_model' returned '0': CMAKE_PREFIX_PATH=/home/rhobtor/PHD/ARGOJ8_IA/install/argj801_ctl_platform:/home/rhobtor/PHD/ARGOJ8_IA/install/argj801_ctl_platform_interfaces:/home/rhobtor/PHD/ARGOJ8_IA/install/octomap_mapping:/home/rhobtor/PHD/ARGOJ8_IA/install/octomap_server:/home/rhobtor/PHD/ARGOJ8_IA/install/octomap_rviz_plugins:/home/rhobtor/PHD/ARGOJ8_IA/install/j8_xacro_model:/home/rhobtor/PHD/ARGOJ8_IA/install/hector_gazebo_plugins:/home/rhobtor/PHD/ARGOJ8_IA/install/fixposition_sensor_pkg:/home/rhobtor/PHD/ARGOJ8_IA/install/car_cpp:/home/rhobtor/PHD/ARGOJ8_IA/install/car_interfaces:/home/rhobtor/packages/install/grid_map:/home/rhobtor/packages/install/grid_map_demos:/home/rhobtor/packages/install/grid_map_visualization:/home/rhobtor/packages/install/grid_map_sdf:/home/rhobtor/packages/install/grid_map_rviz_plugin:/home/rhobtor/packages/install/grid_map_pcl:/home/rhobtor/packages/install/grid_map_loader:/home/rhobtor/packages/install/grid_map_filters:/home/rhobtor/packages/install/grid_map_ros:/home/rhobtor/packages/install/grid_map_octomap:/home/rhobtor/packages/install/grid_map_msgs:/home/rhobtor/packages/install/grid_map_cv:/home/rhobtor/packages/install/grid_map_costmap_2d:/home/rhobtor/packages/install/grid_map_core:/home/rhobtor/packages/install/grid_map_cmake_helpers:/home/rhobtor/PHD/reactive/Reactive-Navegation/workspace_full_conected/install/octomap_mapping:/home/rhobtor/PHD/reactive/Reactive-Navegation/workspace_full_conected/install/octomap_server:/home/rhobtor/PHD/reactive/Reactive-Navegation/workspace_full_conected/install/octomap_rviz_plugins:/home/rhobtor/PHD/reactive/Reactive-Navegation/workspace_full_conected/install/hector_gazebo_plugins:/home/rhobtor/PHD/reactive/Reactive-Navegation/workspace_full_conected/install/car_cpp:/home/rhobtor/PHD/reactive/Reactive-Navegation/workspace_full_conected/install/car_interfaces:/home/rhobtor/PHD/ARGOJ8_IA/install/car:/home/rhobtor/PHD/reactive/Reactive-Navegation/workspace_full_conected/install/car:/opt/ros/humble LD_LIBRARY_PATH=/home/rhobtor/PHD/ARGOJ8_IA/install/argj801_ctl_platform_interfaces/lib:/home/rhobtor/PHD/ARGOJ8_IA/install/octomap_server/lib:/home/rhobtor/PHD/ARGOJ8_IA/install/octomap_rviz_plugins/lib:/home/rhobtor/PHD/ARGOJ8_IA/install/j8_xacro_model/lib:/home/rhobtor/PHD/ARGOJ8_IA/install/hector_gazebo_plugins/lib:/home/rhobtor/PHD/ARGOJ8_IA/install/fixposition_sensor_pkg/lib:/home/rhobtor/PHD/ARGOJ8_IA/install/car_cpp/lib:/home/rhobtor/PHD/ARGOJ8_IA/install/car_interfaces/lib:/home/rhobtor/packages/install/grid_map_demos/lib:/home/rhobtor/packages/install/grid_map_visualization/lib:/home/rhobtor/packages/install/grid_map_sdf/lib:/home/rhobtor/packages/install/grid_map_rviz_plugin/lib:/home/rhobtor/packages/install/grid_map_pcl/lib:/home/rhobtor/packages/install/grid_map_loader/lib:/home/rhobtor/packages/install/grid_map_filters/lib:/home/rhobtor/packages/install/grid_map_ros/lib:/home/rhobtor/packages/install/grid_map_octomap/lib:/home/rhobtor/packages/install/grid_map_msgs/lib:/home/rhobtor/packages/install/grid_map_cv/lib:/home/rhobtor/packages/install/grid_map_costmap_2d/lib:/home/rhobtor/packages/install/grid_map_core/lib:/home/rhobtor/PHD/reactive/Reactive-Navegation/workspace_full_conected/install/octomap_server/lib:/home/rhobtor/PHD/reactive/Reactive-Navegation/workspace_full_conected/install/octomap_rviz_plugins/lib:/home/rhobtor/PHD/reactive/Reactive-Navegation/workspace_full_conected/install/hector_gazebo_plugins/lib:/home/rhobtor/PHD/reactive/Reactive-Navegation/workspace_full_conected/install/car_cpp/lib:/home/rhobtor/PHD/reactive/Reactive-Navegation/workspace_full_conected/install/car_interfaces/lib:/usr/lib/x86_64-linux-gnu/gazebo-11/plugins:/opt/ros/humble/opt/rviz_ogre_vendor/lib:/opt/ros/humble/lib/x86_64-linux-gnu:/opt/ros/humble/lib /opt/st/stm32cubeclt_1.18.0/CMake/bin/cmake /home/rhobtor/PHD/ARGOJ8_IA/src/gazebo_sim_pkgs/j8_xacro_model -DCMAKE_INSTALL_PREFIX=/home/rhobtor/PHD/ARGOJ8_IA/install/j8_xacro_model
[4.957s] Invoking command in '/home/rhobtor/PHD/ARGOJ8_IA/build/j8_xacro_model': CMAKE_PREFIX_PATH=/home/rhobtor/PHD/ARGOJ8_IA/install/argj801_ctl_platform:/home/rhobtor/PHD/ARGOJ8_IA/install/argj801_ctl_platform_interfaces:/home/rhobtor/PHD/ARGOJ8_IA/install/octomap_mapping:/home/rhobtor/PHD/ARGOJ8_IA/install/octomap_server:/home/rhobtor/PHD/ARGOJ8_IA/install/octomap_rviz_plugins:/home/rhobtor/PHD/ARGOJ8_IA/install/j8_xacro_model:/home/rhobtor/PHD/ARGOJ8_IA/install/hector_gazebo_plugins:/home/rhobtor/PHD/ARGOJ8_IA/install/fixposition_sensor_pkg:/home/rhobtor/PHD/ARGOJ8_IA/install/car_cpp:/home/rhobtor/PHD/ARGOJ8_IA/install/car_interfaces:/home/rhobtor/packages/install/grid_map:/home/rhobtor/packages/install/grid_map_demos:/home/rhobtor/packages/install/grid_map_visualization:/home/rhobtor/packages/install/grid_map_sdf:/home/rhobtor/packages/install/grid_map_rviz_plugin:/home/rhobtor/packages/install/grid_map_pcl:/home/rhobtor/packages/install/grid_map_loader:/home/rhobtor/packages/install/grid_map_filters:/home/rhobtor/packages/install/grid_map_ros:/home/rhobtor/packages/install/grid_map_octomap:/home/rhobtor/packages/install/grid_map_msgs:/home/rhobtor/packages/install/grid_map_cv:/home/rhobtor/packages/install/grid_map_costmap_2d:/home/rhobtor/packages/install/grid_map_core:/home/rhobtor/packages/install/grid_map_cmake_helpers:/home/rhobtor/PHD/reactive/Reactive-Navegation/workspace_full_conected/install/octomap_mapping:/home/rhobtor/PHD/reactive/Reactive-Navegation/workspace_full_conected/install/octomap_server:/home/rhobtor/PHD/reactive/Reactive-Navegation/workspace_full_conected/install/octomap_rviz_plugins:/home/rhobtor/PHD/reactive/Reactive-Navegation/workspace_full_conected/install/hector_gazebo_plugins:/home/rhobtor/PHD/reactive/Reactive-Navegation/workspace_full_conected/install/car_cpp:/home/rhobtor/PHD/reactive/Reactive-Navegation/workspace_full_conected/install/car_interfaces:/home/rhobtor/PHD/ARGOJ8_IA/install/car:/home/rhobtor/PHD/reactive/Reactive-Navegation/workspace_full_conected/install/car:/opt/ros/humble LD_LIBRARY_PATH=/home/rhobtor/PHD/ARGOJ8_IA/install/argj801_ctl_platform_interfaces/lib:/home/rhobtor/PHD/ARGOJ8_IA/install/octomap_server/lib:/home/rhobtor/PHD/ARGOJ8_IA/install/octomap_rviz_plugins/lib:/home/rhobtor/PHD/ARGOJ8_IA/install/j8_xacro_model/lib:/home/rhobtor/PHD/ARGOJ8_IA/install/hector_gazebo_plugins/lib:/home/rhobtor/PHD/ARGOJ8_IA/install/fixposition_sensor_pkg/lib:/home/rhobtor/PHD/ARGOJ8_IA/install/car_cpp/lib:/home/rhobtor/PHD/ARGOJ8_IA/install/car_interfaces/lib:/home/rhobtor/packages/install/grid_map_demos/lib:/home/rhobtor/packages/install/grid_map_visualization/lib:/home/rhobtor/packages/install/grid_map_sdf/lib:/home/rhobtor/packages/install/grid_map_rviz_plugin/lib:/home/rhobtor/packages/install/grid_map_pcl/lib:/home/rhobtor/packages/install/grid_map_loader/lib:/home/rhobtor/packages/install/grid_map_filters/lib:/home/rhobtor/packages/install/grid_map_ros/lib:/home/rhobtor/packages/install/grid_map_octomap/lib:/home/rhobtor/packages/install/grid_map_msgs/lib:/home/rhobtor/packages/install/grid_map_cv/lib:/home/rhobtor/packages/install/grid_map_costmap_2d/lib:/home/rhobtor/packages/install/grid_map_core/lib:/home/rhobtor/PHD/reactive/Reactive-Navegation/workspace_full_conected/install/octomap_server/lib:/home/rhobtor/PHD/reactive/Reactive-Navegation/workspace_full_conected/install/octomap_rviz_plugins/lib:/home/rhobtor/PHD/reactive/Reactive-Navegation/workspace_full_conected/install/hector_gazebo_plugins/lib:/home/rhobtor/PHD/reactive/Reactive-Navegation/workspace_full_conected/install/car_cpp/lib:/home/rhobtor/PHD/reactive/Reactive-Navegation/workspace_full_conected/install/car_interfaces/lib:/usr/lib/x86_64-linux-gnu/gazebo-11/plugins:/opt/ros/humble/opt/rviz_ogre_vendor/lib:/opt/ros/humble/lib/x86_64-linux-gnu:/opt/ros/humble/lib /opt/st/stm32cubeclt_1.18.0/CMake/bin/cmake --build /home/rhobtor/PHD/ARGOJ8_IA/build/j8_xacro_model -- -j16 -l16
[5.003s] [ 50%] [32mBuilding CXX object CMakeFiles/gazebo_ros_j8_wheels_plugin.dir/src/gazebo_ros_j8_wheels_speed.cpp.o[0m
[27.052s] [100%] [32m[1mLinking CXX shared library libgazebo_ros_j8_wheels_plugin.so[0m
[27.709s] [100%] Built target gazebo_ros_j8_wheels_plugin
[27.714s] Invoked command in '/home/rhobtor/PHD/ARGOJ8_IA/build/j8_xacro_model' returned '0': CMAKE_PREFIX_PATH=/home/rhobtor/PHD/ARGOJ8_IA/install/argj801_ctl_platform:/home/rhobtor/PHD/ARGOJ8_IA/install/argj801_ctl_platform_interfaces:/home/rhobtor/PHD/ARGOJ8_IA/install/octomap_mapping:/home/rhobtor/PHD/ARGOJ8_IA/install/octomap_server:/home/rhobtor/PHD/ARGOJ8_IA/install/octomap_rviz_plugins:/home/rhobtor/PHD/ARGOJ8_IA/install/j8_xacro_model:/home/rhobtor/PHD/ARGOJ8_IA/install/hector_gazebo_plugins:/home/rhobtor/PHD/ARGOJ8_IA/install/fixposition_sensor_pkg:/home/rhobtor/PHD/ARGOJ8_IA/install/car_cpp:/home/rhobtor/PHD/ARGOJ8_IA/install/car_interfaces:/home/rhobtor/packages/install/grid_map:/home/rhobtor/packages/install/grid_map_demos:/home/rhobtor/packages/install/grid_map_visualization:/home/rhobtor/packages/install/grid_map_sdf:/home/rhobtor/packages/install/grid_map_rviz_plugin:/home/rhobtor/packages/install/grid_map_pcl:/home/rhobtor/packages/install/grid_map_loader:/home/rhobtor/packages/install/grid_map_filters:/home/rhobtor/packages/install/grid_map_ros:/home/rhobtor/packages/install/grid_map_octomap:/home/rhobtor/packages/install/grid_map_msgs:/home/rhobtor/packages/install/grid_map_cv:/home/rhobtor/packages/install/grid_map_costmap_2d:/home/rhobtor/packages/install/grid_map_core:/home/rhobtor/packages/install/grid_map_cmake_helpers:/home/rhobtor/PHD/reactive/Reactive-Navegation/workspace_full_conected/install/octomap_mapping:/home/rhobtor/PHD/reactive/Reactive-Navegation/workspace_full_conected/install/octomap_server:/home/rhobtor/PHD/reactive/Reactive-Navegation/workspace_full_conected/install/octomap_rviz_plugins:/home/rhobtor/PHD/reactive/Reactive-Navegation/workspace_full_conected/install/hector_gazebo_plugins:/home/rhobtor/PHD/reactive/Reactive-Navegation/workspace_full_conected/install/car_cpp:/home/rhobtor/PHD/reactive/Reactive-Navegation/workspace_full_conected/install/car_interfaces:/home/rhobtor/PHD/ARGOJ8_IA/install/car:/home/rhobtor/PHD/reactive/Reactive-Navegation/workspace_full_conected/install/car:/opt/ros/humble LD_LIBRARY_PATH=/home/rhobtor/PHD/ARGOJ8_IA/install/argj801_ctl_platform_interfaces/lib:/home/rhobtor/PHD/ARGOJ8_IA/install/octomap_server/lib:/home/rhobtor/PHD/ARGOJ8_IA/install/octomap_rviz_plugins/lib:/home/rhobtor/PHD/ARGOJ8_IA/install/j8_xacro_model/lib:/home/rhobtor/PHD/ARGOJ8_IA/install/hector_gazebo_plugins/lib:/home/rhobtor/PHD/ARGOJ8_IA/install/fixposition_sensor_pkg/lib:/home/rhobtor/PHD/ARGOJ8_IA/install/car_cpp/lib:/home/rhobtor/PHD/ARGOJ8_IA/install/car_interfaces/lib:/home/rhobtor/packages/install/grid_map_demos/lib:/home/rhobtor/packages/install/grid_map_visualization/lib:/home/rhobtor/packages/install/grid_map_sdf/lib:/home/rhobtor/packages/install/grid_map_rviz_plugin/lib:/home/rhobtor/packages/install/grid_map_pcl/lib:/home/rhobtor/packages/install/grid_map_loader/lib:/home/rhobtor/packages/install/grid_map_filters/lib:/home/rhobtor/packages/install/grid_map_ros/lib:/home/rhobtor/packages/install/grid_map_octomap/lib:/home/rhobtor/packages/install/grid_map_msgs/lib:/home/rhobtor/packages/install/grid_map_cv/lib:/home/rhobtor/packages/install/grid_map_costmap_2d/lib:/home/rhobtor/packages/install/grid_map_core/lib:/home/rhobtor/PHD/reactive/Reactive-Navegation/workspace_full_conected/install/octomap_server/lib:/home/rhobtor/PHD/reactive/Reactive-Navegation/workspace_full_conected/install/octomap_rviz_plugins/lib:/home/rhobtor/PHD/reactive/Reactive-Navegation/workspace_full_conected/install/hector_gazebo_plugins/lib:/home/rhobtor/PHD/reactive/Reactive-Navegation/workspace_full_conected/install/car_cpp/lib:/home/rhobtor/PHD/reactive/Reactive-Navegation/workspace_full_conected/install/car_interfaces/lib:/usr/lib/x86_64-linux-gnu/gazebo-11/plugins:/opt/ros/humble/opt/rviz_ogre_vendor/lib:/opt/ros/humble/lib/x86_64-linux-gnu:/opt/ros/humble/lib /opt/st/stm32cubeclt_1.18.0/CMake/bin/cmake --build /home/rhobtor/PHD/ARGOJ8_IA/build/j8_xacro_model -- -j16 -l16
[27.715s] Invoking command in '/home/rhobtor/PHD/ARGOJ8_IA/build/j8_xacro_model': CMAKE_PREFIX_PATH=/home/rhobtor/PHD/ARGOJ8_IA/install/argj801_ctl_platform:/home/rhobtor/PHD/ARGOJ8_IA/install/argj801_ctl_platform_interfaces:/home/rhobtor/PHD/ARGOJ8_IA/install/octomap_mapping:/home/rhobtor/PHD/ARGOJ8_IA/install/octomap_server:/home/rhobtor/PHD/ARGOJ8_IA/install/octomap_rviz_plugins:/home/rhobtor/PHD/ARGOJ8_IA/install/j8_xacro_model:/home/rhobtor/PHD/ARGOJ8_IA/install/hector_gazebo_plugins:/home/rhobtor/PHD/ARGOJ8_IA/install/fixposition_sensor_pkg:/home/rhobtor/PHD/ARGOJ8_IA/install/car_cpp:/home/rhobtor/PHD/ARGOJ8_IA/install/car_interfaces:/home/rhobtor/packages/install/grid_map:/home/rhobtor/packages/install/grid_map_demos:/home/rhobtor/packages/install/grid_map_visualization:/home/rhobtor/packages/install/grid_map_sdf:/home/rhobtor/packages/install/grid_map_rviz_plugin:/home/rhobtor/packages/install/grid_map_pcl:/home/rhobtor/packages/install/grid_map_loader:/home/rhobtor/packages/install/grid_map_filters:/home/rhobtor/packages/install/grid_map_ros:/home/rhobtor/packages/install/grid_map_octomap:/home/rhobtor/packages/install/grid_map_msgs:/home/rhobtor/packages/install/grid_map_cv:/home/rhobtor/packages/install/grid_map_costmap_2d:/home/rhobtor/packages/install/grid_map_core:/home/rhobtor/packages/install/grid_map_cmake_helpers:/home/rhobtor/PHD/reactive/Reactive-Navegation/workspace_full_conected/install/octomap_mapping:/home/rhobtor/PHD/reactive/Reactive-Navegation/workspace_full_conected/install/octomap_server:/home/rhobtor/PHD/reactive/Reactive-Navegation/workspace_full_conected/install/octomap_rviz_plugins:/home/rhobtor/PHD/reactive/Reactive-Navegation/workspace_full_conected/install/hector_gazebo_plugins:/home/rhobtor/PHD/reactive/Reactive-Navegation/workspace_full_conected/install/car_cpp:/home/rhobtor/PHD/reactive/Reactive-Navegation/workspace_full_conected/install/car_interfaces:/home/rhobtor/PHD/ARGOJ8_IA/install/car:/home/rhobtor/PHD/reactive/Reactive-Navegation/workspace_full_conected/install/car:/opt/ros/humble LD_LIBRARY_PATH=/home/rhobtor/PHD/ARGOJ8_IA/install/argj801_ctl_platform_interfaces/lib:/home/rhobtor/PHD/ARGOJ8_IA/install/octomap_server/lib:/home/rhobtor/PHD/ARGOJ8_IA/install/octomap_rviz_plugins/lib:/home/rhobtor/PHD/ARGOJ8_IA/install/j8_xacro_model/lib:/home/rhobtor/PHD/ARGOJ8_IA/install/hector_gazebo_plugins/lib:/home/rhobtor/PHD/ARGOJ8_IA/install/fixposition_sensor_pkg/lib:/home/rhobtor/PHD/ARGOJ8_IA/install/car_cpp/lib:/home/rhobtor/PHD/ARGOJ8_IA/install/car_interfaces/lib:/home/rhobtor/packages/install/grid_map_demos/lib:/home/rhobtor/packages/install/grid_map_visualization/lib:/home/rhobtor/packages/install/grid_map_sdf/lib:/home/rhobtor/packages/install/grid_map_rviz_plugin/lib:/home/rhobtor/packages/install/grid_map_pcl/lib:/home/rhobtor/packages/install/grid_map_loader/lib:/home/rhobtor/packages/install/grid_map_filters/lib:/home/rhobtor/packages/install/grid_map_ros/lib:/home/rhobtor/packages/install/grid_map_octomap/lib:/home/rhobtor/packages/install/grid_map_msgs/lib:/home/rhobtor/packages/install/grid_map_cv/lib:/home/rhobtor/packages/install/grid_map_costmap_2d/lib:/home/rhobtor/packages/install/grid_map_core/lib:/home/rhobtor/PHD/reactive/Reactive-Navegation/workspace_full_conected/install/octomap_server/lib:/home/rhobtor/PHD/reactive/Reactive-Navegation/workspace_full_conected/install/octomap_rviz_plugins/lib:/home/rhobtor/PHD/reactive/Reactive-Navegation/workspace_full_conected/install/hector_gazebo_plugins/lib:/home/rhobtor/PHD/reactive/Reactive-Navegation/workspace_full_conected/install/car_cpp/lib:/home/rhobtor/PHD/reactive/Reactive-Navegation/workspace_full_conected/install/car_interfaces/lib:/usr/lib/x86_64-linux-gnu/gazebo-11/plugins:/opt/ros/humble/opt/rviz_ogre_vendor/lib:/opt/ros/humble/lib/x86_64-linux-gnu:/opt/ros/humble/lib /opt/st/stm32cubeclt_1.18.0/CMake/bin/cmake --install /home/rhobtor/PHD/ARGOJ8_IA/build/j8_xacro_model
[27.716s] -- Install configuration: ""
[27.717s] -- Installing: /home/rhobtor/PHD/ARGOJ8_IA/install/j8_xacro_model/share/j8_xacro_model/environment/library_path.sh
[27.717s] -- Installing: /home/rhobtor/PHD/ARGOJ8_IA/install/j8_xacro_model/share/j8_xacro_model/environment/library_path.dsv
[27.717s] -- Installing: /home/rhobtor/PHD/ARGOJ8_IA/install/j8_xacro_model/lib/libgazebo_ros_j8_wheels_plugin.so
[27.723s] -- Set non-toolchain portion of runtime path of "/home/rhobtor/PHD/ARGOJ8_IA/install/j8_xacro_model/lib/libgazebo_ros_j8_wheels_plugin.so" to ""
[27.723s] -- Installing: /home/rhobtor/PHD/ARGOJ8_IA/install/j8_xacro_model/share/j8_xacro_model//launch
[27.723s] -- Installing: /home/rhobtor/PHD/ARGOJ8_IA/install/j8_xacro_model/share/j8_xacro_model//launch/start_gazebo_j8.launch.py
[27.723s] -- Installing: /home/rhobtor/PHD/ARGOJ8_IA/install/j8_xacro_model/share/j8_xacro_model//worlds
[27.723s] -- Installing: /home/rhobtor/PHD/ARGOJ8_IA/install/j8_xacro_model/share/j8_xacro_model//worlds/empty_custom.world
[27.724s] -- Installing: /home/rhobtor/PHD/ARGOJ8_IA/install/j8_xacro_model/share/j8_xacro_model//urdf
[27.724s] -- Installing: /home/rhobtor/PHD/ARGOJ8_IA/install/j8_xacro_model/share/j8_xacro_model//urdf/sick_lidar.plugin.xacro
[27.725s] -- Installing: /home/rhobtor/PHD/ARGOJ8_IA/install/j8_xacro_model/share/j8_xacro_model//urdf/gps.xacro
[27.725s] -- Installing: /home/rhobtor/PHD/ARGOJ8_IA/install/j8_xacro_model/share/j8_xacro_model//urdf/panel.xacro
[27.725s] -- Installing: /home/rhobtor/PHD/ARGOJ8_IA/install/j8_xacro_model/share/j8_xacro_model//urdf/fixposition_sensor.xacro
[27.725s] -- Installing: /home/rhobtor/PHD/ARGOJ8_IA/install/j8_xacro_model/share/j8_xacro_model//urdf/wheel.urdf.xacro
[27.725s] -- Installing: /home/rhobtor/PHD/ARGOJ8_IA/install/j8_xacro_model/share/j8_xacro_model//urdf/lidar.plugin.xacro
[27.726s] -- Installing: /home/rhobtor/PHD/ARGOJ8_IA/install/j8_xacro_model/share/j8_xacro_model//urdf/gps_holder.xacro
[27.726s] -- Installing: /home/rhobtor/PHD/ARGOJ8_IA/install/j8_xacro_model/share/j8_xacro_model//urdf/test.urdf
[27.726s] -- Installing: /home/rhobtor/PHD/ARGOJ8_IA/install/j8_xacro_model/share/j8_xacro_model//urdf/argo_j8.xacro
[27.727s] -- Installing: /home/rhobtor/PHD/ARGOJ8_IA/install/j8_xacro_model/share/j8_xacro_model//urdf/fixposition_holder.xacro
[27.727s] -- Installing: /home/rhobtor/PHD/ARGOJ8_IA/install/j8_xacro_model/share/j8_xacro_model//urdf/camera.xacro
[27.727s] -- Installing: /home/rhobtor/PHD/ARGOJ8_IA/install/j8_xacro_model/share/j8_xacro_model//urdf/side_bar.xacro
[27.727s] -- Installing: /home/rhobtor/PHD/ARGOJ8_IA/install/j8_xacro_model/share/j8_xacro_model//urdf/set_color.xacro
[27.728s] -- Installing: /home/rhobtor/PHD/ARGOJ8_IA/install/j8_xacro_model/share/j8_xacro_model//meshes
[27.728s] -- Installing: /home/rhobtor/PHD/ARGOJ8_IA/install/j8_xacro_model/share/j8_xacro_model//meshes/Left_bar.STL
[27.728s] -- Installing: /home/rhobtor/PHD/ARGOJ8_IA/install/j8_xacro_model/share/j8_xacro_model//meshes/Wheel5.STL
[27.728s] -- Installing: /home/rhobtor/PHD/ARGOJ8_IA/install/j8_xacro_model/share/j8_xacro_model//meshes/Central_fixposition_holder.STL
[27.729s] -- Installing: /home/rhobtor/PHD/ARGOJ8_IA/install/j8_xacro_model/share/j8_xacro_model//meshes/Wheel_7.STL
[27.730s] -- Installing: /home/rhobtor/PHD/ARGOJ8_IA/install/j8_xacro_model/share/j8_xacro_model//meshes/Front_camera.STL
[27.730s] -- Installing: /home/rhobtor/PHD/ARGOJ8_IA/install/j8_xacro_model/share/j8_xacro_model//meshes/Fixposition_lower_case.STL
[27.730s] -- Installing: /home/rhobtor/PHD/ARGOJ8_IA/install/j8_xacro_model/share/j8_xacro_model//meshes/Wheel_5.STL
[27.731s] -- Installing: /home/rhobtor/PHD/ARGOJ8_IA/install/j8_xacro_model/share/j8_xacro_model//meshes/Central_fixposition_feet.STL
[27.731s] -- Installing: /home/rhobtor/PHD/ARGOJ8_IA/install/j8_xacro_model/share/j8_xacro_model//meshes/Wheel2.STL
[27.732s] -- Installing: /home/rhobtor/PHD/ARGOJ8_IA/install/j8_xacro_model/share/j8_xacro_model//meshes/Right_fixposition_holder.STL
[27.732s] -- Installing: /home/rhobtor/PHD/ARGOJ8_IA/install/j8_xacro_model/share/j8_xacro_model//meshes/Right_bar.STL
[27.732s] -- Installing: /home/rhobtor/PHD/ARGOJ8_IA/install/j8_xacro_model/share/j8_xacro_model//meshes/Bridge_panel_2.STL
[27.733s] -- Installing: /home/rhobtor/PHD/ARGOJ8_IA/install/j8_xacro_model/share/j8_xacro_model//meshes/Bridge_panel_4.STL
[27.733s] -- Installing: /home/rhobtor/PHD/ARGOJ8_IA/install/j8_xacro_model/share/j8_xacro_model//meshes/Left_fixposition_holder.STL
[27.733s] -- Installing: /home/rhobtor/PHD/ARGOJ8_IA/install/j8_xacro_model/share/j8_xacro_model//meshes/Bridge.STL
[27.734s] -- Installing: /home/rhobtor/PHD/ARGOJ8_IA/install/j8_xacro_model/share/j8_xacro_model//meshes/Wheel_3.STL
[27.735s] -- Installing: /home/rhobtor/PHD/ARGOJ8_IA/install/j8_xacro_model/share/j8_xacro_model//meshes/Wheel1.STL
[27.736s] -- Installing: /home/rhobtor/PHD/ARGOJ8_IA/install/j8_xacro_model/share/j8_xacro_model//meshes/J8_top.STL
[27.736s] -- Installing: /home/rhobtor/PHD/ARGOJ8_IA/install/j8_xacro_model/share/j8_xacro_model//meshes/Wheel_1.STL
[27.736s] -- Installing: /home/rhobtor/PHD/ARGOJ8_IA/install/j8_xacro_model/share/j8_xacro_model//meshes/Velodyne.STL
[27.737s] -- Installing: /home/rhobtor/PHD/ARGOJ8_IA/install/j8_xacro_model/share/j8_xacro_model//meshes/Fix_position_metal_frame.STL
[27.737s] -- Installing: /home/rhobtor/PHD/ARGOJ8_IA/install/j8_xacro_model/share/j8_xacro_model//meshes/Fix_position_left_antenna.STL
[27.738s] -- Installing: /home/rhobtor/PHD/ARGOJ8_IA/install/j8_xacro_model/share/j8_xacro_model//meshes/Suspension_7.STL
[27.738s] -- Installing: /home/rhobtor/PHD/ARGOJ8_IA/install/j8_xacro_model/share/j8_xacro_model//meshes/Suspension_3.STL
[27.738s] -- Installing: /home/rhobtor/PHD/ARGOJ8_IA/install/j8_xacro_model/share/j8_xacro_model//meshes/Wheel4.STL
[27.739s] -- Installing: /home/rhobtor/PHD/ARGOJ8_IA/install/j8_xacro_model/share/j8_xacro_model//meshes/Fixposition_right_antenna.STL
[27.739s] -- Installing: /home/rhobtor/PHD/ARGOJ8_IA/install/j8_xacro_model/share/j8_xacro_model//meshes/Wheel8.STL
[27.740s] -- Installing: /home/rhobtor/PHD/ARGOJ8_IA/install/j8_xacro_model/share/j8_xacro_model//meshes/Wheel_8.STL
[27.740s] -- Installing: /home/rhobtor/PHD/ARGOJ8_IA/install/j8_xacro_model/share/j8_xacro_model//meshes/Bridge_panel_1.STL
[27.740s] -- Installing: /home/rhobtor/PHD/ARGOJ8_IA/install/j8_xacro_model/share/j8_xacro_model//meshes/Back_camera.STL
[27.741s] -- Installing: /home/rhobtor/PHD/ARGOJ8_IA/install/j8_xacro_model/share/j8_xacro_model//meshes/Suspension_4.STL
[27.741s] -- Installing: /home/rhobtor/PHD/ARGOJ8_IA/install/j8_xacro_model/share/j8_xacro_model//meshes/Suspension_5.STL
[27.741s] -- Installing: /home/rhobtor/PHD/ARGOJ8_IA/install/j8_xacro_model/share/j8_xacro_model//meshes/Wheel_6.STL
[27.741s] -- Installing: /home/rhobtor/PHD/ARGOJ8_IA/install/j8_xacro_model/share/j8_xacro_model//meshes/Left_fixposition_feet.STL
[27.742s] -- Installing: /home/rhobtor/PHD/ARGOJ8_IA/install/j8_xacro_model/share/j8_xacro_model//meshes/Bridge_panel_3.STL
[27.742s] -- Installing: /home/rhobtor/PHD/ARGOJ8_IA/install/j8_xacro_model/share/j8_xacro_model//meshes/Right_gps.STL
[27.743s] -- Installing: /home/rhobtor/PHD/ARGOJ8_IA/install/j8_xacro_model/share/j8_xacro_model//meshes/Wheel_2.STL
[27.744s] -- Installing: /home/rhobtor/PHD/ARGOJ8_IA/install/j8_xacro_model/share/j8_xacro_model//meshes/Fixposition_camera.STL
[27.744s] -- Installing: /home/rhobtor/PHD/ARGOJ8_IA/install/j8_xacro_model/share/j8_xacro_model//meshes/Left_gps.STL
[27.746s] -- Installing: /home/rhobtor/PHD/ARGOJ8_IA/install/j8_xacro_model/share/j8_xacro_model//meshes/Fixposition_upper_case.STL
[27.747s] -- Installing: /home/rhobtor/PHD/ARGOJ8_IA/install/j8_xacro_model/share/j8_xacro_model//meshes/Suspension_6.STL
[27.747s] -- Installing: /home/rhobtor/PHD/ARGOJ8_IA/install/j8_xacro_model/share/j8_xacro_model//meshes/Suspension_2.STL
[27.747s] -- Installing: /home/rhobtor/PHD/ARGOJ8_IA/install/j8_xacro_model/share/j8_xacro_model//meshes/Left_gps_holder.STL
[27.747s] -- Installing: /home/rhobtor/PHD/ARGOJ8_IA/install/j8_xacro_model/share/j8_xacro_model//meshes/Wheel6.STL
[27.748s] -- Installing: /home/rhobtor/PHD/ARGOJ8_IA/install/j8_xacro_model/share/j8_xacro_model//meshes/Wheel_4.STL
[27.748s] -- Installing: /home/rhobtor/PHD/ARGOJ8_IA/install/j8_xacro_model/share/j8_xacro_model//meshes/Suspension_8.STL
[27.748s] -- Installing: /home/rhobtor/PHD/ARGOJ8_IA/install/j8_xacro_model/share/j8_xacro_model//meshes/Wheel3.STL
[27.749s] -- Installing: /home/rhobtor/PHD/ARGOJ8_IA/install/j8_xacro_model/share/j8_xacro_model//meshes/Right_fixposition_feet.STL
[27.749s] -- Installing: /home/rhobtor/PHD/ARGOJ8_IA/install/j8_xacro_model/share/j8_xacro_model//meshes/Sick.STL
[27.751s] -- Installing: /home/rhobtor/PHD/ARGOJ8_IA/install/j8_xacro_model/share/j8_xacro_model//meshes/Right_gps_holder.STL
[27.751s] -- Installing: /home/rhobtor/PHD/ARGOJ8_IA/install/j8_xacro_model/share/j8_xacro_model//meshes/Fixposion_base.STL
[27.752s] -- Installing: /home/rhobtor/PHD/ARGOJ8_IA/install/j8_xacro_model/share/j8_xacro_model//meshes/Wheel7.STL
[27.752s] -- Installing: /home/rhobtor/PHD/ARGOJ8_IA/install/j8_xacro_model/share/j8_xacro_model//meshes/Suspension_1.STL
[27.753s] -- Installing: /home/rhobtor/PHD/ARGOJ8_IA/install/j8_xacro_model/share/j8_xacro_model//meshes/base_link.STL
[27.753s] -- Installing: /home/rhobtor/PHD/ARGOJ8_IA/install/j8_xacro_model/share/ament_index/resource_index/package_run_dependencies/j8_xacro_model
[27.753s] -- Installing: /home/rhobtor/PHD/ARGOJ8_IA/install/j8_xacro_model/share/ament_index/resource_index/parent_prefix_path/j8_xacro_model
[27.753s] -- Installing: /home/rhobtor/PHD/ARGOJ8_IA/install/j8_xacro_model/share/j8_xacro_model/environment/ament_prefix_path.sh
[27.753s] -- Installing: /home/rhobtor/PHD/ARGOJ8_IA/install/j8_xacro_model/share/j8_xacro_model/environment/ament_prefix_path.dsv
[27.753s] -- Installing: /home/rhobtor/PHD/ARGOJ8_IA/install/j8_xacro_model/share/j8_xacro_model/environment/path.sh
[27.753s] -- Installing: /home/rhobtor/PHD/ARGOJ8_IA/install/j8_xacro_model/share/j8_xacro_model/environment/path.dsv
[27.754s] -- Installing: /home/rhobtor/PHD/ARGOJ8_IA/install/j8_xacro_model/share/j8_xacro_model/local_setup.bash
[27.754s] -- Installing: /home/rhobtor/PHD/ARGOJ8_IA/install/j8_xacro_model/share/j8_xacro_model/local_setup.sh
[27.754s] -- Installing: /home/rhobtor/PHD/ARGOJ8_IA/install/j8_xacro_model/share/j8_xacro_model/local_setup.zsh
[27.754s] -- Installing: /home/rhobtor/PHD/ARGOJ8_IA/install/j8_xacro_model/share/j8_xacro_model/local_setup.dsv
[27.754s] -- Installing: /home/rhobtor/PHD/ARGOJ8_IA/install/j8_xacro_model/share/j8_xacro_model/package.dsv
[27.754s] -- Installing: /home/rhobtor/PHD/ARGOJ8_IA/install/j8_xacro_model/share/ament_index/resource_index/packages/j8_xacro_model
[27.754s] -- Installing: /home/rhobtor/PHD/ARGOJ8_IA/install/j8_xacro_model/share/j8_xacro_model/cmake/ament_cmake_export_libraries-extras.cmake
[27.754s] -- Installing: /home/rhobtor/PHD/ARGOJ8_IA/install/j8_xacro_model/share/j8_xacro_model/cmake/j8_xacro_modelConfig.cmake
[27.754s] -- Installing: /home/rhobtor/PHD/ARGOJ8_IA/install/j8_xacro_model/share/j8_xacro_model/cmake/j8_xacro_modelConfig-version.cmake
[27.754s] -- Installing: /home/rhobtor/PHD/ARGOJ8_IA/install/j8_xacro_model/share/j8_xacro_model/package.xml
[27.755s] Invoked command in '/home/rhobtor/PHD/ARGOJ8_IA/build/j8_xacro_model' returned '0': CMAKE_PREFIX_PATH=/home/rhobtor/PHD/ARGOJ8_IA/install/argj801_ctl_platform:/home/rhobtor/PHD/ARGOJ8_IA/install/argj801_ctl_platform_interfaces:/home/rhobtor/PHD/ARGOJ8_IA/install/octomap_mapping:/home/rhobtor/PHD/ARGOJ8_IA/install/octomap_server:/home/rhobtor/PHD/ARGOJ8_IA/install/octomap_rviz_plugins:/home/rhobtor/PHD/ARGOJ8_IA/install/j8_xacro_model:/home/rhobtor/PHD/ARGOJ8_IA/install/hector_gazebo_plugins:/home/rhobtor/PHD/ARGOJ8_IA/install/fixposition_sensor_pkg:/home/rhobtor/PHD/ARGOJ8_IA/install/car_cpp:/home/rhobtor/PHD/ARGOJ8_IA/install/car_interfaces:/home/rhobtor/packages/install/grid_map:/home/rhobtor/packages/install/grid_map_demos:/home/rhobtor/packages/install/grid_map_visualization:/home/rhobtor/packages/install/grid_map_sdf:/home/rhobtor/packages/install/grid_map_rviz_plugin:/home/rhobtor/packages/install/grid_map_pcl:/home/rhobtor/packages/install/grid_map_loader:/home/rhobtor/packages/install/grid_map_filters:/home/rhobtor/packages/install/grid_map_ros:/home/rhobtor/packages/install/grid_map_octomap:/home/rhobtor/packages/install/grid_map_msgs:/home/rhobtor/packages/install/grid_map_cv:/home/rhobtor/packages/install/grid_map_costmap_2d:/home/rhobtor/packages/install/grid_map_core:/home/rhobtor/packages/install/grid_map_cmake_helpers:/home/rhobtor/PHD/reactive/Reactive-Navegation/workspace_full_conected/install/octomap_mapping:/home/rhobtor/PHD/reactive/Reactive-Navegation/workspace_full_conected/install/octomap_server:/home/rhobtor/PHD/reactive/Reactive-Navegation/workspace_full_conected/install/octomap_rviz_plugins:/home/rhobtor/PHD/reactive/Reactive-Navegation/workspace_full_conected/install/hector_gazebo_plugins:/home/rhobtor/PHD/reactive/Reactive-Navegation/workspace_full_conected/install/car_cpp:/home/rhobtor/PHD/reactive/Reactive-Navegation/workspace_full_conected/install/car_interfaces:/home/rhobtor/PHD/ARGOJ8_IA/install/car:/home/rhobtor/PHD/reactive/Reactive-Navegation/workspace_full_conected/install/car:/opt/ros/humble LD_LIBRARY_PATH=/home/rhobtor/PHD/ARGOJ8_IA/install/argj801_ctl_platform_interfaces/lib:/home/rhobtor/PHD/ARGOJ8_IA/install/octomap_server/lib:/home/rhobtor/PHD/ARGOJ8_IA/install/octomap_rviz_plugins/lib:/home/rhobtor/PHD/ARGOJ8_IA/install/j8_xacro_model/lib:/home/rhobtor/PHD/ARGOJ8_IA/install/hector_gazebo_plugins/lib:/home/rhobtor/PHD/ARGOJ8_IA/install/fixposition_sensor_pkg/lib:/home/rhobtor/PHD/ARGOJ8_IA/install/car_cpp/lib:/home/rhobtor/PHD/ARGOJ8_IA/install/car_interfaces/lib:/home/rhobtor/packages/install/grid_map_demos/lib:/home/rhobtor/packages/install/grid_map_visualization/lib:/home/rhobtor/packages/install/grid_map_sdf/lib:/home/rhobtor/packages/install/grid_map_rviz_plugin/lib:/home/rhobtor/packages/install/grid_map_pcl/lib:/home/rhobtor/packages/install/grid_map_loader/lib:/home/rhobtor/packages/install/grid_map_filters/lib:/home/rhobtor/packages/install/grid_map_ros/lib:/home/rhobtor/packages/install/grid_map_octomap/lib:/home/rhobtor/packages/install/grid_map_msgs/lib:/home/rhobtor/packages/install/grid_map_cv/lib:/home/rhobtor/packages/install/grid_map_costmap_2d/lib:/home/rhobtor/packages/install/grid_map_core/lib:/home/rhobtor/PHD/reactive/Reactive-Navegation/workspace_full_conected/install/octomap_server/lib:/home/rhobtor/PHD/reactive/Reactive-Navegation/workspace_full_conected/install/octomap_rviz_plugins/lib:/home/rhobtor/PHD/reactive/Reactive-Navegation/workspace_full_conected/install/hector_gazebo_plugins/lib:/home/rhobtor/PHD/reactive/Reactive-Navegation/workspace_full_conected/install/car_cpp/lib:/home/rhobtor/PHD/reactive/Reactive-Navegation/workspace_full_conected/install/car_interfaces/lib:/usr/lib/x86_64-linux-gnu/gazebo-11/plugins:/opt/ros/humble/opt/rviz_ogre_vendor/lib:/opt/ros/humble/lib/x86_64-linux-gnu:/opt/ros/humble/lib /opt/st/stm32cubeclt_1.18.0/CMake/bin/cmake --install /home/rhobtor/PHD/ARGOJ8_IA/build/j8_xacro_model
