[0.193s] Invoking command in '/home/rhobtor/PHD/ARGOJ8_IA/build/slg_msgs': CMAKE_PREFIX_PATH=${CMAKE_PREFIX_PATH}:/home/rhobtor/PHD/ARGOJ8_IA/install/ntrip_client:/home/rhobtor/PHD/ARGOJ8_IA/install/car:/home/rhobtor/PHD/ARGOJ8_IA/install/android_ros2_server:/home/rhobtor/PHD/ARGOJ8_IA/install/GUI_pkg:/home/rhobtor/PHD/reactive/Reactive-Navegation/workspace_full_conected/install/car:/opt/ros/humble /opt/st/stm32cubeclt_1.18.0/CMake/bin/cmake --build /home/rhobtor/PHD/ARGOJ8_IA/build/slg_msgs -- -j16 -l16
[1.675s] [  2%] Built target slg_msgs__cpp
[1.675s] [ 10%] Built target slg_msgs__rosidl_generator_c
[1.675s] [ 10%] Built target ament_cmake_python_copy_slg_msgs
[1.675s] [ 14%] Built target gtest_main
[1.675s] [ 18%] Built target gtest
[1.675s] [ 26%] Built target slg_msgs__rosidl_typesupport_cpp
[1.675s] [ 34%] Built target slg_msgs__rosidl_typesupport_fastrtps_cpp
[1.675s] [ 42%] Built target slg_msgs__rosidl_typesupport_introspection_cpp
[1.675s] [ 51%] Built target slg_msgs__rosidl_typesupport_fastrtps_c
[1.676s] [ 59%] Built target slg_msgs__rosidl_typesupport_c
[1.676s] [ 67%] Built target slg_msgs__rosidl_typesupport_introspection_c
[1.676s] [ 71%] Built target test_point2d
[1.676s] [ 75%] Built target test_polygon
[1.676s] [ 79%] Built target test_segment2d
[1.677s] [ 79%] Built target slg_msgs
[1.677s] [ 81%] Built target slg_msgs__py
[1.678s] [ 87%] Built target slg_msgs__rosidl_generator_py
[1.678s] [ 91%] Built target slg_msgs__rosidl_typesupport_introspection_c__pyext
[1.678s] [ 95%] Built target slg_msgs__rosidl_typesupport_c__pyext
[1.678s] [100%] Built target slg_msgs__rosidl_typesupport_fastrtps_c__pyext
[1.678s] running egg_info
[1.678s] writing slg_msgs.egg-info/PKG-INFO
[1.678s] writing dependency_links to slg_msgs.egg-info/dependency_links.txt
[1.679s] writing top-level names to slg_msgs.egg-info/top_level.txt
[1.679s] reading manifest file 'slg_msgs.egg-info/SOURCES.txt'
[1.679s] writing manifest file 'slg_msgs.egg-info/SOURCES.txt'
[1.679s] [100%] Built target ament_cmake_python_build_slg_msgs_egg
[1.725s] Invoked command in '/home/rhobtor/PHD/ARGOJ8_IA/build/slg_msgs' returned '0': CMAKE_PREFIX_PATH=${CMAKE_PREFIX_PATH}:/home/rhobtor/PHD/ARGOJ8_IA/install/ntrip_client:/home/rhobtor/PHD/ARGOJ8_IA/install/car:/home/rhobtor/PHD/ARGOJ8_IA/install/android_ros2_server:/home/rhobtor/PHD/ARGOJ8_IA/install/GUI_pkg:/home/rhobtor/PHD/reactive/Reactive-Navegation/workspace_full_conected/install/car:/opt/ros/humble /opt/st/stm32cubeclt_1.18.0/CMake/bin/cmake --build /home/rhobtor/PHD/ARGOJ8_IA/build/slg_msgs -- -j16 -l16
[1.736s] Invoking command in '/home/rhobtor/PHD/ARGOJ8_IA/build/slg_msgs': CMAKE_PREFIX_PATH=${CMAKE_PREFIX_PATH}:/home/rhobtor/PHD/ARGOJ8_IA/install/ntrip_client:/home/rhobtor/PHD/ARGOJ8_IA/install/car:/home/rhobtor/PHD/ARGOJ8_IA/install/android_ros2_server:/home/rhobtor/PHD/ARGOJ8_IA/install/GUI_pkg:/home/rhobtor/PHD/reactive/Reactive-Navegation/workspace_full_conected/install/car:/opt/ros/humble /opt/st/stm32cubeclt_1.18.0/CMake/bin/cmake --install /home/rhobtor/PHD/ARGOJ8_IA/build/slg_msgs
[1.966s] -- Install configuration: "Release"
[1.966s] -- Up-to-date: /home/rhobtor/PHD/ARGOJ8_IA/install/slg_msgs/share/ament_index/resource_index/rosidl_interfaces/slg_msgs
[1.966s] -- Up-to-date: /home/rhobtor/PHD/ARGOJ8_IA/install/slg_msgs/include/slg_msgs/slg_msgs
[1.966s] -- Up-to-date: /home/rhobtor/PHD/ARGOJ8_IA/install/slg_msgs/include/slg_msgs/slg_msgs/msg
[1.966s] -- Up-to-date: /home/rhobtor/PHD/ARGOJ8_IA/install/slg_msgs/include/slg_msgs/slg_msgs/msg/segment_array.h
[1.966s] -- Up-to-date: /home/rhobtor/PHD/ARGOJ8_IA/install/slg_msgs/include/slg_msgs/slg_msgs/msg/segment.h
[1.967s] -- Up-to-date: /home/rhobtor/PHD/ARGOJ8_IA/install/slg_msgs/include/slg_msgs/slg_msgs/msg/rosidl_generator_c__visibility_control.h
[1.967s] -- Up-to-date: /home/rhobtor/PHD/ARGOJ8_IA/install/slg_msgs/include/slg_msgs/slg_msgs/msg/detail
[1.967s] -- Up-to-date: /home/rhobtor/PHD/ARGOJ8_IA/install/slg_msgs/include/slg_msgs/slg_msgs/msg/detail/segment__functions.c
[1.967s] -- Up-to-date: /home/rhobtor/PHD/ARGOJ8_IA/install/slg_msgs/include/slg_msgs/slg_msgs/msg/detail/segment__type_support.h
[1.967s] -- Up-to-date: /home/rhobtor/PHD/ARGOJ8_IA/install/slg_msgs/include/slg_msgs/slg_msgs/msg/detail/segment_array__functions.h
[1.967s] -- Up-to-date: /home/rhobtor/PHD/ARGOJ8_IA/install/slg_msgs/include/slg_msgs/slg_msgs/msg/detail/segment_array__functions.c
[1.967s] -- Up-to-date: /home/rhobtor/PHD/ARGOJ8_IA/install/slg_msgs/include/slg_msgs/slg_msgs/msg/detail/segment_array__type_support.h
[1.968s] -- Up-to-date: /home/rhobtor/PHD/ARGOJ8_IA/install/slg_msgs/include/slg_msgs/slg_msgs/msg/detail/segment__struct.h
[1.968s] -- Up-to-date: /home/rhobtor/PHD/ARGOJ8_IA/install/slg_msgs/include/slg_msgs/slg_msgs/msg/detail/segment__functions.h
[1.968s] -- Up-to-date: /home/rhobtor/PHD/ARGOJ8_IA/install/slg_msgs/include/slg_msgs/slg_msgs/msg/detail/segment_array__struct.h
[1.968s] -- Up-to-date: /home/rhobtor/PHD/ARGOJ8_IA/install/slg_msgs/share/slg_msgs/environment/library_path.sh
[1.968s] -- Up-to-date: /home/rhobtor/PHD/ARGOJ8_IA/install/slg_msgs/share/slg_msgs/environment/library_path.dsv
[1.968s] -- Up-to-date: /home/rhobtor/PHD/ARGOJ8_IA/install/slg_msgs/lib/libslg_msgs__rosidl_generator_c.so
[1.968s] -- Up-to-date: /home/rhobtor/PHD/ARGOJ8_IA/install/slg_msgs/include/slg_msgs/slg_msgs
[1.969s] -- Up-to-date: /home/rhobtor/PHD/ARGOJ8_IA/install/slg_msgs/include/slg_msgs/slg_msgs/msg
[1.969s] -- Up-to-date: /home/rhobtor/PHD/ARGOJ8_IA/install/slg_msgs/include/slg_msgs/slg_msgs/msg/detail
[1.969s] -- Up-to-date: /home/rhobtor/PHD/ARGOJ8_IA/install/slg_msgs/include/slg_msgs/slg_msgs/msg/detail/segment_array__rosidl_typesupport_fastrtps_c.h
[1.969s] -- Up-to-date: /home/rhobtor/PHD/ARGOJ8_IA/install/slg_msgs/include/slg_msgs/slg_msgs/msg/detail/segment__rosidl_typesupport_fastrtps_c.h
[1.969s] -- Up-to-date: /home/rhobtor/PHD/ARGOJ8_IA/install/slg_msgs/include/slg_msgs/slg_msgs/msg/rosidl_typesupport_fastrtps_c__visibility_control.h
[1.970s] -- Up-to-date: /home/rhobtor/PHD/ARGOJ8_IA/install/slg_msgs/lib/libslg_msgs__rosidl_typesupport_fastrtps_c.so
[1.970s] -- Up-to-date: /home/rhobtor/PHD/ARGOJ8_IA/install/slg_msgs/include/slg_msgs/slg_msgs
[1.971s] -- Up-to-date: /home/rhobtor/PHD/ARGOJ8_IA/install/slg_msgs/include/slg_msgs/slg_msgs/msg
[1.971s] -- Up-to-date: /home/rhobtor/PHD/ARGOJ8_IA/install/slg_msgs/include/slg_msgs/slg_msgs/msg/rosidl_typesupport_introspection_c__visibility_control.h
[1.971s] -- Up-to-date: /home/rhobtor/PHD/ARGOJ8_IA/install/slg_msgs/include/slg_msgs/slg_msgs/msg/detail
[1.971s] -- Up-to-date: /home/rhobtor/PHD/ARGOJ8_IA/install/slg_msgs/include/slg_msgs/slg_msgs/msg/detail/segment__type_support.c
[1.971s] -- Up-to-date: /home/rhobtor/PHD/ARGOJ8_IA/install/slg_msgs/include/slg_msgs/slg_msgs/msg/detail/segment_array__type_support.c
[1.971s] -- Up-to-date: /home/rhobtor/PHD/ARGOJ8_IA/install/slg_msgs/include/slg_msgs/slg_msgs/msg/detail/segment_array__rosidl_typesupport_introspection_c.h
[1.971s] -- Up-to-date: /home/rhobtor/PHD/ARGOJ8_IA/install/slg_msgs/include/slg_msgs/slg_msgs/msg/detail/segment__rosidl_typesupport_introspection_c.h
[1.971s] -- Up-to-date: /home/rhobtor/PHD/ARGOJ8_IA/install/slg_msgs/lib/libslg_msgs__rosidl_typesupport_introspection_c.so
[1.971s] -- Up-to-date: /home/rhobtor/PHD/ARGOJ8_IA/install/slg_msgs/lib/libslg_msgs__rosidl_typesupport_c.so
[1.972s] -- Up-to-date: /home/rhobtor/PHD/ARGOJ8_IA/install/slg_msgs/include/slg_msgs/slg_msgs
[1.972s] -- Up-to-date: /home/rhobtor/PHD/ARGOJ8_IA/install/slg_msgs/include/slg_msgs/slg_msgs/msg
[1.972s] -- Up-to-date: /home/rhobtor/PHD/ARGOJ8_IA/install/slg_msgs/include/slg_msgs/slg_msgs/msg/rosidl_generator_cpp__visibility_control.hpp
[1.972s] -- Up-to-date: /home/rhobtor/PHD/ARGOJ8_IA/install/slg_msgs/include/slg_msgs/slg_msgs/msg/segment_array.hpp
[1.972s] -- Up-to-date: /home/rhobtor/PHD/ARGOJ8_IA/install/slg_msgs/include/slg_msgs/slg_msgs/msg/detail
[1.972s] -- Up-to-date: /home/rhobtor/PHD/ARGOJ8_IA/install/slg_msgs/include/slg_msgs/slg_msgs/msg/detail/segment_array__type_support.hpp
[1.972s] -- Up-to-date: /home/rhobtor/PHD/ARGOJ8_IA/install/slg_msgs/include/slg_msgs/slg_msgs/msg/detail/segment__struct.hpp
[1.973s] -- Up-to-date: /home/rhobtor/PHD/ARGOJ8_IA/install/slg_msgs/include/slg_msgs/slg_msgs/msg/detail/segment_array__builder.hpp
[1.973s] -- Up-to-date: /home/rhobtor/PHD/ARGOJ8_IA/install/slg_msgs/include/slg_msgs/slg_msgs/msg/detail/segment__builder.hpp
[1.973s] -- Up-to-date: /home/rhobtor/PHD/ARGOJ8_IA/install/slg_msgs/include/slg_msgs/slg_msgs/msg/detail/segment_array__struct.hpp
[1.973s] -- Up-to-date: /home/rhobtor/PHD/ARGOJ8_IA/install/slg_msgs/include/slg_msgs/slg_msgs/msg/detail/segment__type_support.hpp
[1.973s] -- Up-to-date: /home/rhobtor/PHD/ARGOJ8_IA/install/slg_msgs/include/slg_msgs/slg_msgs/msg/detail/segment_array__traits.hpp
[1.973s] -- Up-to-date: /home/rhobtor/PHD/ARGOJ8_IA/install/slg_msgs/include/slg_msgs/slg_msgs/msg/detail/segment__traits.hpp
[1.973s] -- Up-to-date: /home/rhobtor/PHD/ARGOJ8_IA/install/slg_msgs/include/slg_msgs/slg_msgs/msg/segment.hpp
[1.974s] -- Up-to-date: /home/rhobtor/PHD/ARGOJ8_IA/install/slg_msgs/include/slg_msgs/slg_msgs
[1.974s] -- Up-to-date: /home/rhobtor/PHD/ARGOJ8_IA/install/slg_msgs/include/slg_msgs/slg_msgs/msg
[1.974s] -- Up-to-date: /home/rhobtor/PHD/ARGOJ8_IA/install/slg_msgs/include/slg_msgs/slg_msgs/msg/rosidl_typesupport_fastrtps_cpp__visibility_control.h
[1.975s] -- Up-to-date: /home/rhobtor/PHD/ARGOJ8_IA/install/slg_msgs/include/slg_msgs/slg_msgs/msg/detail
[1.975s] -- Up-to-date: /home/rhobtor/PHD/ARGOJ8_IA/install/slg_msgs/include/slg_msgs/slg_msgs/msg/detail/segment_array__rosidl_typesupport_fastrtps_cpp.hpp
[1.975s] -- Up-to-date: /home/rhobtor/PHD/ARGOJ8_IA/install/slg_msgs/include/slg_msgs/slg_msgs/msg/detail/segment__rosidl_typesupport_fastrtps_cpp.hpp
[1.975s] -- Up-to-date: /home/rhobtor/PHD/ARGOJ8_IA/install/slg_msgs/include/slg_msgs/slg_msgs/msg/detail/dds_fastrtps
[1.975s] -- Up-to-date: /home/rhobtor/PHD/ARGOJ8_IA/install/slg_msgs/lib/libslg_msgs__rosidl_typesupport_fastrtps_cpp.so
[1.975s] -- Up-to-date: /home/rhobtor/PHD/ARGOJ8_IA/install/slg_msgs/include/slg_msgs/slg_msgs
[1.975s] -- Up-to-date: /home/rhobtor/PHD/ARGOJ8_IA/install/slg_msgs/include/slg_msgs/slg_msgs/msg
[1.975s] -- Up-to-date: /home/rhobtor/PHD/ARGOJ8_IA/install/slg_msgs/include/slg_msgs/slg_msgs/msg/detail
[1.975s] -- Up-to-date: /home/rhobtor/PHD/ARGOJ8_IA/install/slg_msgs/include/slg_msgs/slg_msgs/msg/detail/segment_array__type_support.cpp
[1.975s] -- Up-to-date: /home/rhobtor/PHD/ARGOJ8_IA/install/slg_msgs/include/slg_msgs/slg_msgs/msg/detail/segment__rosidl_typesupport_introspection_cpp.hpp
[1.976s] -- Up-to-date: /home/rhobtor/PHD/ARGOJ8_IA/install/slg_msgs/include/slg_msgs/slg_msgs/msg/detail/segment_array__rosidl_typesupport_introspection_cpp.hpp
[1.976s] -- Up-to-date: /home/rhobtor/PHD/ARGOJ8_IA/install/slg_msgs/include/slg_msgs/slg_msgs/msg/detail/segment__type_support.cpp
[1.976s] -- Up-to-date: /home/rhobtor/PHD/ARGOJ8_IA/install/slg_msgs/lib/libslg_msgs__rosidl_typesupport_introspection_cpp.so
[1.976s] -- Up-to-date: /home/rhobtor/PHD/ARGOJ8_IA/install/slg_msgs/lib/libslg_msgs__rosidl_typesupport_cpp.so
[1.976s] -- Up-to-date: /home/rhobtor/PHD/ARGOJ8_IA/install/slg_msgs/share/slg_msgs/environment/pythonpath.sh
[1.977s] -- Up-to-date: /home/rhobtor/PHD/ARGOJ8_IA/install/slg_msgs/share/slg_msgs/environment/pythonpath.dsv
[1.977s] -- Up-to-date: /home/rhobtor/PHD/ARGOJ8_IA/install/slg_msgs/local/lib/python3.10/dist-packages/slg_msgs-3.8.0-py3.10.egg-info
[1.977s] -- Installing: /home/rhobtor/PHD/ARGOJ8_IA/install/slg_msgs/local/lib/python3.10/dist-packages/slg_msgs-3.8.0-py3.10.egg-info/top_level.txt
[1.977s] -- Installing: /home/rhobtor/PHD/ARGOJ8_IA/install/slg_msgs/local/lib/python3.10/dist-packages/slg_msgs-3.8.0-py3.10.egg-info/SOURCES.txt
[1.977s] -- Installing: /home/rhobtor/PHD/ARGOJ8_IA/install/slg_msgs/local/lib/python3.10/dist-packages/slg_msgs-3.8.0-py3.10.egg-info/PKG-INFO
[1.977s] -- Installing: /home/rhobtor/PHD/ARGOJ8_IA/install/slg_msgs/local/lib/python3.10/dist-packages/slg_msgs-3.8.0-py3.10.egg-info/dependency_links.txt
[1.977s] -- Up-to-date: /home/rhobtor/PHD/ARGOJ8_IA/install/slg_msgs/local/lib/python3.10/dist-packages/slg_msgs
[1.977s] -- Up-to-date: /home/rhobtor/PHD/ARGOJ8_IA/install/slg_msgs/local/lib/python3.10/dist-packages/slg_msgs/slg_msgs_s__rosidl_typesupport_introspection_c.cpython-310-x86_64-linux-gnu.so
[1.977s] -- Up-to-date: /home/rhobtor/PHD/ARGOJ8_IA/install/slg_msgs/local/lib/python3.10/dist-packages/slg_msgs/_slg_msgs_s.ep.rosidl_typesupport_fastrtps_c.c
[1.977s] -- Up-to-date: /home/rhobtor/PHD/ARGOJ8_IA/install/slg_msgs/local/lib/python3.10/dist-packages/slg_msgs/_slg_msgs_s.ep.rosidl_typesupport_c.c
[1.978s] -- Up-to-date: /home/rhobtor/PHD/ARGOJ8_IA/install/slg_msgs/local/lib/python3.10/dist-packages/slg_msgs/_slg_msgs_s.ep.rosidl_typesupport_introspection_c.c
[1.978s] -- Up-to-date: /home/rhobtor/PHD/ARGOJ8_IA/install/slg_msgs/local/lib/python3.10/dist-packages/slg_msgs/__init__.py
[1.978s] -- Up-to-date: /home/rhobtor/PHD/ARGOJ8_IA/install/slg_msgs/local/lib/python3.10/dist-packages/slg_msgs/slg_msgs_s__rosidl_typesupport_fastrtps_c.cpython-310-x86_64-linux-gnu.so
[1.978s] -- Up-to-date: /home/rhobtor/PHD/ARGOJ8_IA/install/slg_msgs/local/lib/python3.10/dist-packages/slg_msgs/slg_msgs_s__rosidl_typesupport_c.cpython-310-x86_64-linux-gnu.so
[1.978s] -- Up-to-date: /home/rhobtor/PHD/ARGOJ8_IA/install/slg_msgs/local/lib/python3.10/dist-packages/slg_msgs/msg
[1.978s] -- Up-to-date: /home/rhobtor/PHD/ARGOJ8_IA/install/slg_msgs/local/lib/python3.10/dist-packages/slg_msgs/msg/_segment_array_s.c
[1.978s] -- Up-to-date: /home/rhobtor/PHD/ARGOJ8_IA/install/slg_msgs/local/lib/python3.10/dist-packages/slg_msgs/msg/__init__.py
[1.978s] -- Up-to-date: /home/rhobtor/PHD/ARGOJ8_IA/install/slg_msgs/local/lib/python3.10/dist-packages/slg_msgs/msg/_segment_array.py
[1.978s] -- Up-to-date: /home/rhobtor/PHD/ARGOJ8_IA/install/slg_msgs/local/lib/python3.10/dist-packages/slg_msgs/msg/_segment_s.c
[1.978s] -- Up-to-date: /home/rhobtor/PHD/ARGOJ8_IA/install/slg_msgs/local/lib/python3.10/dist-packages/slg_msgs/msg/_segment.py
[1.978s] -- Up-to-date: /home/rhobtor/PHD/ARGOJ8_IA/install/slg_msgs/local/lib/python3.10/dist-packages/slg_msgs/libslg_msgs__rosidl_generator_py.so
[2.026s] Listing '/home/rhobtor/PHD/ARGOJ8_IA/install/slg_msgs/local/lib/python3.10/dist-packages/slg_msgs'...
[2.026s] Listing '/home/rhobtor/PHD/ARGOJ8_IA/install/slg_msgs/local/lib/python3.10/dist-packages/slg_msgs/msg'...
[2.026s] -- Up-to-date: /home/rhobtor/PHD/ARGOJ8_IA/install/slg_msgs/local/lib/python3.10/dist-packages/slg_msgs/slg_msgs_s__rosidl_typesupport_fastrtps_c.cpython-310-x86_64-linux-gnu.so
[2.027s] -- Up-to-date: /home/rhobtor/PHD/ARGOJ8_IA/install/slg_msgs/local/lib/python3.10/dist-packages/slg_msgs/slg_msgs_s__rosidl_typesupport_introspection_c.cpython-310-x86_64-linux-gnu.so
[2.033s] -- Up-to-date: /home/rhobtor/PHD/ARGOJ8_IA/install/slg_msgs/local/lib/python3.10/dist-packages/slg_msgs/slg_msgs_s__rosidl_typesupport_c.cpython-310-x86_64-linux-gnu.so
[2.033s] -- Up-to-date: /home/rhobtor/PHD/ARGOJ8_IA/install/slg_msgs/lib/libslg_msgs__rosidl_generator_py.so
[2.033s] -- Up-to-date: /home/rhobtor/PHD/ARGOJ8_IA/install/slg_msgs/share/slg_msgs/msg/Segment.idl
[2.033s] -- Up-to-date: /home/rhobtor/PHD/ARGOJ8_IA/install/slg_msgs/share/slg_msgs/msg/SegmentArray.idl
[2.034s] -- Up-to-date: /home/rhobtor/PHD/ARGOJ8_IA/install/slg_msgs/share/slg_msgs/msg/Segment.msg
[2.034s] -- Up-to-date: /home/rhobtor/PHD/ARGOJ8_IA/install/slg_msgs/share/slg_msgs/msg/SegmentArray.msg
[2.034s] -- Up-to-date: /home/rhobtor/PHD/ARGOJ8_IA/install/slg_msgs/include/slg_msgs
[2.035s] -- Up-to-date: /home/rhobtor/PHD/ARGOJ8_IA/install/slg_msgs/include/slg_msgs/segment2D.hpp
[2.035s] -- Up-to-date: /home/rhobtor/PHD/ARGOJ8_IA/install/slg_msgs/include/slg_msgs/polygon.hpp
[2.036s] -- Up-to-date: /home/rhobtor/PHD/ARGOJ8_IA/install/slg_msgs/include/slg_msgs/point2D.hpp
[2.036s] -- Up-to-date: /home/rhobtor/PHD/ARGOJ8_IA/install/slg_msgs/share/ament_index/resource_index/package_run_dependencies/slg_msgs
[2.036s] -- Up-to-date: /home/rhobtor/PHD/ARGOJ8_IA/install/slg_msgs/share/ament_index/resource_index/parent_prefix_path/slg_msgs
[2.036s] -- Up-to-date: /home/rhobtor/PHD/ARGOJ8_IA/install/slg_msgs/share/slg_msgs/environment/ament_prefix_path.sh
[2.036s] -- Up-to-date: /home/rhobtor/PHD/ARGOJ8_IA/install/slg_msgs/share/slg_msgs/environment/ament_prefix_path.dsv
[2.036s] -- Up-to-date: /home/rhobtor/PHD/ARGOJ8_IA/install/slg_msgs/share/slg_msgs/environment/path.sh
[2.036s] -- Up-to-date: /home/rhobtor/PHD/ARGOJ8_IA/install/slg_msgs/share/slg_msgs/environment/path.dsv
[2.036s] -- Up-to-date: /home/rhobtor/PHD/ARGOJ8_IA/install/slg_msgs/share/slg_msgs/local_setup.bash
[2.036s] -- Up-to-date: /home/rhobtor/PHD/ARGOJ8_IA/install/slg_msgs/share/slg_msgs/local_setup.sh
[2.036s] -- Up-to-date: /home/rhobtor/PHD/ARGOJ8_IA/install/slg_msgs/share/slg_msgs/local_setup.zsh
[2.037s] -- Up-to-date: /home/rhobtor/PHD/ARGOJ8_IA/install/slg_msgs/share/slg_msgs/local_setup.dsv
[2.056s] -- Installing: /home/rhobtor/PHD/ARGOJ8_IA/install/slg_msgs/share/slg_msgs/package.dsv
[2.056s] -- Up-to-date: /home/rhobtor/PHD/ARGOJ8_IA/install/slg_msgs/share/ament_index/resource_index/packages/slg_msgs
[2.056s] -- Up-to-date: /home/rhobtor/PHD/ARGOJ8_IA/install/slg_msgs/share/slg_msgs/cmake/export_slg_msgs__rosidl_generator_cExport.cmake
[2.056s] -- Up-to-date: /home/rhobtor/PHD/ARGOJ8_IA/install/slg_msgs/share/slg_msgs/cmake/export_slg_msgs__rosidl_generator_cExport-release.cmake
[2.056s] -- Up-to-date: /home/rhobtor/PHD/ARGOJ8_IA/install/slg_msgs/share/slg_msgs/cmake/export_slg_msgs__rosidl_typesupport_fastrtps_cExport.cmake
[2.057s] -- Up-to-date: /home/rhobtor/PHD/ARGOJ8_IA/install/slg_msgs/share/slg_msgs/cmake/export_slg_msgs__rosidl_typesupport_fastrtps_cExport-release.cmake
[2.057s] -- Up-to-date: /home/rhobtor/PHD/ARGOJ8_IA/install/slg_msgs/share/slg_msgs/cmake/slg_msgs__rosidl_typesupport_introspection_cExport.cmake
[2.057s] -- Up-to-date: /home/rhobtor/PHD/ARGOJ8_IA/install/slg_msgs/share/slg_msgs/cmake/slg_msgs__rosidl_typesupport_introspection_cExport-release.cmake
[2.057s] -- Up-to-date: /home/rhobtor/PHD/ARGOJ8_IA/install/slg_msgs/share/slg_msgs/cmake/slg_msgs__rosidl_typesupport_cExport.cmake
[2.057s] -- Up-to-date: /home/rhobtor/PHD/ARGOJ8_IA/install/slg_msgs/share/slg_msgs/cmake/slg_msgs__rosidl_typesupport_cExport-release.cmake
[2.057s] -- Up-to-date: /home/rhobtor/PHD/ARGOJ8_IA/install/slg_msgs/share/slg_msgs/cmake/export_slg_msgs__rosidl_generator_cppExport.cmake
[2.057s] -- Up-to-date: /home/rhobtor/PHD/ARGOJ8_IA/install/slg_msgs/share/slg_msgs/cmake/export_slg_msgs__rosidl_typesupport_fastrtps_cppExport.cmake
[2.057s] -- Up-to-date: /home/rhobtor/PHD/ARGOJ8_IA/install/slg_msgs/share/slg_msgs/cmake/export_slg_msgs__rosidl_typesupport_fastrtps_cppExport-release.cmake
[2.057s] -- Up-to-date: /home/rhobtor/PHD/ARGOJ8_IA/install/slg_msgs/share/slg_msgs/cmake/slg_msgs__rosidl_typesupport_introspection_cppExport.cmake
[2.057s] -- Up-to-date: /home/rhobtor/PHD/ARGOJ8_IA/install/slg_msgs/share/slg_msgs/cmake/slg_msgs__rosidl_typesupport_introspection_cppExport-release.cmake
[2.058s] -- Up-to-date: /home/rhobtor/PHD/ARGOJ8_IA/install/slg_msgs/share/slg_msgs/cmake/slg_msgs__rosidl_typesupport_cppExport.cmake
[2.058s] -- Up-to-date: /home/rhobtor/PHD/ARGOJ8_IA/install/slg_msgs/share/slg_msgs/cmake/slg_msgs__rosidl_typesupport_cppExport-release.cmake
[2.058s] -- Up-to-date: /home/rhobtor/PHD/ARGOJ8_IA/install/slg_msgs/share/slg_msgs/cmake/export_slg_msgs__rosidl_generator_pyExport.cmake
[2.058s] -- Up-to-date: /home/rhobtor/PHD/ARGOJ8_IA/install/slg_msgs/share/slg_msgs/cmake/export_slg_msgs__rosidl_generator_pyExport-release.cmake
[2.058s] -- Up-to-date: /home/rhobtor/PHD/ARGOJ8_IA/install/slg_msgs/share/slg_msgs/cmake/export_slg_msgsExport.cmake
[2.058s] -- Up-to-date: /home/rhobtor/PHD/ARGOJ8_IA/install/slg_msgs/share/slg_msgs/cmake/rosidl_cmake-extras.cmake
[2.058s] -- Up-to-date: /home/rhobtor/PHD/ARGOJ8_IA/install/slg_msgs/share/slg_msgs/cmake/ament_cmake_export_dependencies-extras.cmake
[2.058s] -- Up-to-date: /home/rhobtor/PHD/ARGOJ8_IA/install/slg_msgs/share/slg_msgs/cmake/ament_cmake_export_include_directories-extras.cmake
[2.058s] -- Up-to-date: /home/rhobtor/PHD/ARGOJ8_IA/install/slg_msgs/share/slg_msgs/cmake/ament_cmake_export_libraries-extras.cmake
[2.058s] -- Up-to-date: /home/rhobtor/PHD/ARGOJ8_IA/install/slg_msgs/share/slg_msgs/cmake/ament_cmake_export_targets-extras.cmake
[2.059s] -- Up-to-date: /home/rhobtor/PHD/ARGOJ8_IA/install/slg_msgs/share/slg_msgs/cmake/rosidl_cmake_export_typesupport_targets-extras.cmake
[2.059s] -- Up-to-date: /home/rhobtor/PHD/ARGOJ8_IA/install/slg_msgs/share/slg_msgs/cmake/rosidl_cmake_export_typesupport_libraries-extras.cmake
[2.059s] -- Up-to-date: /home/rhobtor/PHD/ARGOJ8_IA/install/slg_msgs/share/slg_msgs/cmake/slg_msgsConfig.cmake
[2.059s] -- Up-to-date: /home/rhobtor/PHD/ARGOJ8_IA/install/slg_msgs/share/slg_msgs/cmake/slg_msgsConfig-version.cmake
[2.059s] -- Up-to-date: /home/rhobtor/PHD/ARGOJ8_IA/install/slg_msgs/share/slg_msgs/package.xml
[2.263s] Invoked command in '/home/rhobtor/PHD/ARGOJ8_IA/build/slg_msgs' returned '0': CMAKE_PREFIX_PATH=${CMAKE_PREFIX_PATH}:/home/rhobtor/PHD/ARGOJ8_IA/install/ntrip_client:/home/rhobtor/PHD/ARGOJ8_IA/install/car:/home/rhobtor/PHD/ARGOJ8_IA/install/android_ros2_server:/home/rhobtor/PHD/ARGOJ8_IA/install/GUI_pkg:/home/rhobtor/PHD/reactive/Reactive-Navegation/workspace_full_conected/install/car:/opt/ros/humble /opt/st/stm32cubeclt_1.18.0/CMake/bin/cmake --install /home/rhobtor/PHD/ARGOJ8_IA/build/slg_msgs
