[0.236s] Invoking command in '/home/rhobtor/PHD/ARGOJ8_IA/build/car_cpp': CMAKE_PREFIX_PATH=/home/rhobtor/PHD/ARGOJ8_IA/install/car_interfaces:/home/rhobtor/PHD/ARGOJ8_IA/install/octomap_mapping:/home/rhobtor/PHD/ARGOJ8_IA/install/octomap_server:/home/rhobtor/PHD/ARGOJ8_IA/install/octomap_rviz_plugins:/home/rhobtor/PHD/ARGOJ8_IA/install/j8_xacro_model:/home/rhobtor/PHD/ARGOJ8_IA/install/hector_gazebo_plugins:/home/rhobtor/PHD/ARGOJ8_IA/install/fixposition_sensor_pkg:/home/rhobtor/PHD/ARGOJ8_IA/install/car_cpp:/home/rhobtor/PHD/ARGOJ8_IA/install/argj801_ctl_platform:/home/rhobtor/PHD/ARGOJ8_IA/install/argj801_ctl_platform_interfaces:/home/rhobtor/packages/install/grid_map:/home/rhobtor/packages/install/grid_map_demos:/home/rhobtor/packages/install/grid_map_visualization:/home/rhobtor/packages/install/grid_map_sdf:/home/rhobtor/packages/install/grid_map_rviz_plugin:/home/rhobtor/packages/install/grid_map_pcl:/home/rhobtor/packages/install/grid_map_loader:/home/rhobtor/packages/install/grid_map_filters:/home/rhobtor/packages/install/grid_map_ros:/home/rhobtor/packages/install/grid_map_octomap:/home/rhobtor/packages/install/grid_map_msgs:/home/rhobtor/packages/install/grid_map_cv:/home/rhobtor/packages/install/grid_map_costmap_2d:/home/rhobtor/packages/install/grid_map_core:/home/rhobtor/packages/install/grid_map_cmake_helpers:/home/rhobtor/PHD/reactive/Reactive-Navegation/workspace_full_conected/install/octomap_mapping:/home/rhobtor/PHD/reactive/Reactive-Navegation/workspace_full_conected/install/octomap_server:/home/rhobtor/PHD/reactive/Reactive-Navegation/workspace_full_conected/install/octomap_rviz_plugins:/home/rhobtor/PHD/reactive/Reactive-Navegation/workspace_full_conected/install/hector_gazebo_plugins:/home/rhobtor/PHD/reactive/Reactive-Navegation/workspace_full_conected/install/car_cpp:/home/rhobtor/PHD/reactive/Reactive-Navegation/workspace_full_conected/install/car_interfaces:/home/rhobtor/PHD/ARGOJ8_IA/install/car:/home/rhobtor/PHD/reactive/Reactive-Navegation/workspace_full_conected/install/car:/opt/ros/humble LD_LIBRARY_PATH=/home/rhobtor/PHD/ARGOJ8_IA/install/car_interfaces/lib:/home/rhobtor/PHD/ARGOJ8_IA/install/octomap_server/lib:/home/rhobtor/PHD/ARGOJ8_IA/install/octomap_rviz_plugins/lib:/home/rhobtor/PHD/ARGOJ8_IA/install/j8_xacro_model/lib:/home/rhobtor/PHD/ARGOJ8_IA/install/hector_gazebo_plugins/lib:/home/rhobtor/PHD/ARGOJ8_IA/install/fixposition_sensor_pkg/lib:/home/rhobtor/PHD/ARGOJ8_IA/install/car_cpp/lib:/home/rhobtor/PHD/ARGOJ8_IA/install/argj801_ctl_platform_interfaces/lib:/home/rhobtor/packages/install/grid_map_demos/lib:/home/rhobtor/packages/install/grid_map_visualization/lib:/home/rhobtor/packages/install/grid_map_sdf/lib:/home/rhobtor/packages/install/grid_map_rviz_plugin/lib:/home/rhobtor/packages/install/grid_map_pcl/lib:/home/rhobtor/packages/install/grid_map_loader/lib:/home/rhobtor/packages/install/grid_map_filters/lib:/home/rhobtor/packages/install/grid_map_ros/lib:/home/rhobtor/packages/install/grid_map_octomap/lib:/home/rhobtor/packages/install/grid_map_msgs/lib:/home/rhobtor/packages/install/grid_map_cv/lib:/home/rhobtor/packages/install/grid_map_costmap_2d/lib:/home/rhobtor/packages/install/grid_map_core/lib:/home/rhobtor/PHD/reactive/Reactive-Navegation/workspace_full_conected/install/octomap_server/lib:/home/rhobtor/PHD/reactive/Reactive-Navegation/workspace_full_conected/install/octomap_rviz_plugins/lib:/home/rhobtor/PHD/reactive/Reactive-Navegation/workspace_full_conected/install/hector_gazebo_plugins/lib:/home/rhobtor/PHD/reactive/Reactive-Navegation/workspace_full_conected/install/car_cpp/lib:/home/rhobtor/PHD/reactive/Reactive-Navegation/workspace_full_conected/install/car_interfaces/lib:/usr/lib/x86_64-linux-gnu/gazebo-11/plugins:/opt/ros/humble/opt/rviz_ogre_vendor/lib:/opt/ros/humble/lib/x86_64-linux-gnu:/opt/ros/humble/lib /opt/st/stm32cubeclt_1.18.0/CMake/bin/cmake --build /home/rhobtor/PHD/ARGOJ8_IA/build/car_cpp -- -j16 -l16
[0.254s] -- Found ament_cmake: 1.3.11 (/opt/ros/humble/share/ament_cmake/cmake)
[0.417s] -- Found rclcpp: 16.0.12 (/opt/ros/humble/share/rclcpp/cmake)
[0.440s] -- Found rosidl_generator_c: 3.1.6 (/opt/ros/humble/share/rosidl_generator_c/cmake)
[0.443s] -- Found rosidl_adapter: 3.1.6 (/opt/ros/humble/share/rosidl_adapter/cmake)
[0.447s] -- Found rosidl_generator_cpp: 3.1.6 (/opt/ros/humble/share/rosidl_generator_cpp/cmake)
[0.457s] -- Using all available rosidl_typesupport_c: rosidl_typesupport_fastrtps_c;rosidl_typesupport_introspection_c
[0.469s] -- Using all available rosidl_typesupport_cpp: rosidl_typesupport_fastrtps_cpp;rosidl_typesupport_introspection_cpp
[0.499s] -- Found rmw_implementation_cmake: 6.1.2 (/opt/ros/humble/share/rmw_implementation_cmake/cmake)
[0.501s] -- Found rmw_fastrtps_cpp: 6.2.7 (/opt/ros/humble/share/rmw_fastrtps_cpp/cmake)
[0.592s] -- Using RMW implementation 'rmw_fastrtps_cpp' as default
[0.646s] -- Found gazebo_ros: 3.9.0 (/opt/ros/humble/share/gazebo_ros/cmake)
[0.673s] -- Found DART: /usr/include (Required is at least version "6.6") found components: dart 
[0.696s] -- Found Protobuf: /usr/lib/x86_64-linux-gnu/libprotobuf.so (found version "3.12.4") 
[0.697s] -- Looking for ignition-math6 -- found version 6.15.1
[0.701s] -- Searching for dependencies of ignition-math6
[0.702s] -- Looking for OGRE...
[0.708s] -- Found Ogre Ghadamon (1.9.0)
[0.708s] -- Found OGRE: optimized;/usr/lib/x86_64-linux-gnu/libOgreMain.so;debug;/usr/lib/x86_64-linux-gnu/libOgreMain.so
[0.716s] -- Looking for OGRE_Paging...
[0.716s] -- Found OGRE_Paging: optimized;/usr/lib/x86_64-linux-gnu/libOgrePaging.so;debug;/usr/lib/x86_64-linux-gnu/libOgrePaging.so
[0.716s] -- Looking for OGRE_Terrain...
[0.716s] -- Found OGRE_Terrain: optimized;/usr/lib/x86_64-linux-gnu/libOgreTerrain.so;debug;/usr/lib/x86_64-linux-gnu/libOgreTerrain.so
[0.717s] -- Looking for OGRE_Property...
[0.717s] -- Found OGRE_Property: optimized;/usr/lib/x86_64-linux-gnu/libOgreProperty.so;debug;/usr/lib/x86_64-linux-gnu/libOgreProperty.so
[0.717s] -- Looking for OGRE_RTShaderSystem...
[0.717s] -- Found OGRE_RTShaderSystem: optimized;/usr/lib/x86_64-linux-gnu/libOgreRTShaderSystem.so;debug;/usr/lib/x86_64-linux-gnu/libOgreRTShaderSystem.so
[0.717s] -- Looking for OGRE_Volume...
[0.717s] -- Found OGRE_Volume: optimized;/usr/lib/x86_64-linux-gnu/libOgreVolume.so;debug;/usr/lib/x86_64-linux-gnu/libOgreVolume.so
[0.717s] -- Looking for OGRE_Overlay...
[0.717s] -- Found OGRE_Overlay: optimized;/usr/lib/x86_64-linux-gnu/libOgreOverlay.so;debug;/usr/lib/x86_64-linux-gnu/libOgreOverlay.so
[0.869s] -- Looking for ignition-math6 -- found version 6.15.1
[0.869s] -- Looking for ignition-transport8 -- found version 8.2.1
[0.869s] -- Searching for dependencies of ignition-transport8
[0.884s] -- Found Protobuf: /usr/lib/x86_64-linux-gnu/libprotobuf.so (found suitable version "3.12.4", minimum required is "3") 
[0.892s] -- Config-file not installed for ZeroMQ -- checking for pkg-config
[0.897s] -- Checking for module 'libzmq >= 4'
[0.912s] --   Found libzmq, version 4.3.4
[0.953s] -- Checking for module 'uuid'
[0.980s] --   Found uuid, version 2.37.2
[1.051s] -- Looking for ignition-msgs5 -- found version 5.8.1
[1.051s] -- Searching for dependencies of ignition-msgs5
[1.076s] -- Looking for ignition-math6 -- found version 6.15.1
[1.082s] -- Checking for module 'tinyxml2'
[1.109s] --   Found tinyxml2, version 9.0.0
[1.209s] -- Looking for ignition-msgs5 -- found version 5.8.1
[1.210s] -- Looking for ignition-common3 -- found version 3.14.0
[1.210s] -- Searching for dependencies of ignition-common3
[1.211s] -- Looking for dlfcn.h - found
[1.211s] -- Looking for libdl - found
[1.248s] -- Searching for <ignition-common3> component [graphics]
[1.249s] -- Looking for ignition-common3-graphics -- found version 3.14.0
[1.250s] -- Searching for dependencies of ignition-common3-graphics
[1.251s] -- Looking for ignition-math6 -- found version 6.15.1
[1.253s] -- Looking for ignition-fuel_tools4 -- found version 4.4.0
[1.253s] -- Searching for dependencies of ignition-fuel_tools4
[1.313s] [0mCMake Deprecation Warning at /usr/lib/x86_64-linux-gnu/cmake/jsoncpp/jsoncppConfig.cmake:2 (cmake_policy):
[1.313s]   Compatibility with CMake < 3.5 will be removed from a future version of
[1.314s]   CMake.
[1.314s] 
[1.314s]   Update the VERSION argument <min> value or use a ...<max> suffix to tell
[1.314s]   CMake that the project does not need compatibility with older versions.
[1.314s] Call Stack (most recent call first):
[1.314s]   /usr/share/cmake/ignition-cmake2/cmake2/FindJSONCPP.cmake:34 (find_package)
[1.314s]   /usr/lib/x86_64-linux-gnu/cmake/ignition-fuel_tools4/ignition-fuel_tools4-config.cmake:94 (find_package)
[1.314s]   /usr/lib/x86_64-linux-gnu/cmake/gazebo/gazebo-config.cmake:251 (find_package)
[1.314s]   /opt/ros/humble/share/gazebo_dev/cmake/gazebo_dev-extras.cmake:3 (find_package)
[1.314s]   /opt/ros/humble/share/gazebo_dev/cmake/gazebo_devConfig.cmake:41 (include)
[1.314s]   /opt/ros/humble/share/gazebo_ros/cmake/ament_cmake_export_dependencies-extras.cmake:21 (find_package)
[1.314s]   /opt/ros/humble/share/gazebo_ros/cmake/gazebo_rosConfig.cmake:41 (include)
[1.314s]   CMakeLists.txt:6 (find_package)
[1.314s] 
[1.314s] [0m
[1.321s] -- Checking for module 'jsoncpp'
[1.343s] --   Found jsoncpp, version 1.9.5
[1.466s] -- Checking for module 'libzip'
[1.499s] --   Found libzip, version 1.7.3
[1.546s] -- Looking for ignition-common3 -- found version 3.14.0
[1.546s] -- Looking for ignition-math6 -- found version 6.15.1
[1.547s] -- Looking for ignition-msgs5 -- found version 5.8.1
[1.549s] -- Gazebo version: 11.10
[1.551s] -- Found pluginlib: 5.1.0 (/opt/ros/humble/share/pluginlib/cmake)
[1.566s] -- Found geometry_msgs: 4.8.0 (/opt/ros/humble/share/geometry_msgs/cmake)
[1.579s] -- Found sensor_msgs: 4.8.0 (/opt/ros/humble/share/sensor_msgs/cmake)
[1.596s] -- Found octomap_msgs: 2.0.1 (/opt/ros/humble/share/octomap_msgs/cmake)
[1.611s] -- Found octomap_ros: 0.4.4 (/opt/ros/humble/share/octomap_ros/cmake)
[1.617s] -- Found pcl_conversions: 2.4.5 (/opt/ros/humble/share/pcl_conversions/cmake)
[1.647s] [33mCMake Warning (dev) at /usr/lib/x86_64-linux-gnu/cmake/pcl/PCLConfig.cmake:146 (find_package):
[1.647s]   Policy CMP0144 is not set: find_package uses upper-case <PACKAGENAME>_ROOT
[1.647s]   variables.  Run "cmake --help-policy CMP0144" for policy details.  Use the
[1.647s]   cmake_policy command to set the policy and suppress this warning.
[1.647s] 
[1.647s]   CMake variable EIGEN_ROOT is set to:
[1.647s] 
[1.647s]     /usr/include/eigen3
[1.647s] 
[1.647s]   For compatibility, find_package is ignoring the variable, but code in a
[1.647s]   .cmake module might still use it.
[1.647s] Call Stack (most recent call first):
[1.647s]   /usr/lib/x86_64-linux-gnu/cmake/pcl/PCLConfig.cmake:299 (find_eigen)
[1.647s]   /usr/lib/x86_64-linux-gnu/cmake/pcl/PCLConfig.cmake:543 (find_external_library)
[1.647s]   /opt/ros/humble/share/pcl_conversions/cmake/ament_cmake_export_dependencies-extras.cmake:21 (find_package)
[1.647s]   /opt/ros/humble/share/pcl_conversions/cmake/pcl_conversionsConfig.cmake:41 (include)
[1.647s]   CMakeLists.txt:15 (find_package)
[1.647s] This warning is for project developers.  Use -Wno-dev to suppress it.
[1.647s] [0m
[1.652s] -- Eigen found (include: /usr/include/eigen3, version: 3.4.0)
[1.659s] [33mCMake Warning (dev) at /usr/lib/x86_64-linux-gnu/cmake/pcl/Modules/FindFLANN.cmake:44 (find_package):
[1.659s]   Policy CMP0144 is not set: find_package uses upper-case <PACKAGENAME>_ROOT
[1.659s]   variables.  Run "cmake --help-policy CMP0144" for policy details.  Use the
[1.659s]   cmake_policy command to set the policy and suppress this warning.
[1.659s] 
[1.659s]   CMake variable FLANN_ROOT is set to:
[1.659s] 
[1.659s]     /usr
[1.659s] 
[1.659s]   For compatibility, find_package is ignoring the variable, but code in a
[1.659s]   .cmake module might still use it.
[1.659s] Call Stack (most recent call first):
[1.659s]   /usr/lib/x86_64-linux-gnu/cmake/pcl/PCLConfig.cmake:256 (find_package)
[1.659s]   /usr/lib/x86_64-linux-gnu/cmake/pcl/PCLConfig.cmake:301 (find_flann)
[1.659s]   /usr/lib/x86_64-linux-gnu/cmake/pcl/PCLConfig.cmake:543 (find_external_library)
[1.659s]   /opt/ros/humble/share/pcl_conversions/cmake/ament_cmake_export_dependencies-extras.cmake:21 (find_package)
[1.659s]   /opt/ros/humble/share/pcl_conversions/cmake/pcl_conversionsConfig.cmake:41 (include)
[1.659s]   CMakeLists.txt:15 (find_package)
[1.659s] This warning is for project developers.  Use -Wno-dev to suppress it.
[1.659s] [0m
[1.677s] -- FLANN found (include: /usr/include, lib: /usr/lib/x86_64-linux-gnu/libflann_cpp.so)
[2.085s] -- OpenNI found (version: 1.5.4.0, include: /usr/include/ni, lib: /usr/lib/libOpenNI.so;libusb::libusb)
[2.093s] -- OpenNI2 found (version: 2.2.0.33, include: /usr/include/openni2, lib: /usr/lib/x86_64-linux-gnu/libOpenNI2.so;libusb::libusb)
[2.359s] -- Eigen found (include: /usr/include/eigen3, version: 3.4.0)
[2.365s] -- OpenNI found (version: 1.5.4.0, include: /usr/include/ni, lib: /usr/lib/libOpenNI.so;libusb::libusb)
[2.371s] -- OpenNI2 found (version: 2.2.0.33, include: /usr/include/openni2, lib: /usr/lib/x86_64-linux-gnu/libOpenNI2.so;libusb::libusb)
[2.629s] -- Found Qhull version 8.0.2
[2.898s] -- OpenNI found (version: 1.5.4.0, include: /usr/include/ni, lib: /usr/lib/libOpenNI.so;libusb::libusb)
[3.167s] -- Found visualization_msgs: 4.8.0 (/opt/ros/humble/share/visualization_msgs/cmake)
[3.188s] -- Found nav_msgs: 4.8.0 (/opt/ros/humble/share/nav_msgs/cmake)
[3.205s] -- Found std_srvs: 4.8.0 (/opt/ros/humble/share/std_srvs/cmake)
[3.213s] -- Found geographic_msgs: 1.0.6 (/opt/ros/humble/share/geographic_msgs/cmake)
[3.242s] -- Found tf2_ros: 0.25.12 (/opt/ros/humble/share/tf2_ros/cmake)
[3.309s] -- Found tf2_geometry_msgs: 0.25.12 (/opt/ros/humble/share/tf2_geometry_msgs/cmake)
[3.312s] -- Found eigen3_cmake_module: 0.1.1 (/opt/ros/humble/share/eigen3_cmake_module/cmake)
[3.314s] -- Ensuring Eigen3 include directory is part of orocos-kdl CMake target
[3.315s] -- Looking for ignition-math6 -- found version 6.15.1
[3.316s] -- Looking for ignition-common3 -- found version 3.14.0
[3.316s] -- Found car_interfaces: 0.0.0 (/home/rhobtor/PHD/ARGOJ8_IA/install/car_interfaces/share/car_interfaces/cmake)
[3.331s] -- Found grid_map_ros: 2.0.1 (/home/rhobtor/packages/install/grid_map_ros/share/grid_map_ros/cmake)
[3.869s] -- Configuring done (3.6s)
[4.138s] -- Generating done (0.2s)
[4.173s] -- Build files have been written to: /home/rhobtor/PHD/ARGOJ8_IA/build/car_cpp
[4.211s] [  7%] Built target check_goal
[4.213s] [ 15%] Built target occupied_nodes_near_obstacles
[4.214s] [ 30%] Built target move_navigation_nodes_frontier
[4.214s] [ 30%] Built target obstacles_in_2d
[4.214s] [ 38%] Built target frontier_values
[4.214s] [ 46%] Built target slope_terrain
[4.215s] [ 53%] Built target navigation_nodes_ground
[4.216s] [ 73%] [32mBuilding CXX object CMakeFiles/gridmap.dir/src/gridmap.cpp.o[0m
[4.216s] [ 73%] Built target filtered_navigation_nodes
[4.216s] [ 73%] Built target navigation_nodes
[4.221s] [ 80%] Built target joints_plugin
[4.223s] [ 88%] Built target drive_plugin
[4.228s] [ 96%] Built target move_plugin
[12.734s] [100%] [32m[1mLinking CXX executable gridmap[0m
[13.489s] [100%] Built target gridmap
[13.494s] Invoked command in '/home/rhobtor/PHD/ARGOJ8_IA/build/car_cpp' returned '0': CMAKE_PREFIX_PATH=/home/rhobtor/PHD/ARGOJ8_IA/install/car_interfaces:/home/rhobtor/PHD/ARGOJ8_IA/install/octomap_mapping:/home/rhobtor/PHD/ARGOJ8_IA/install/octomap_server:/home/rhobtor/PHD/ARGOJ8_IA/install/octomap_rviz_plugins:/home/rhobtor/PHD/ARGOJ8_IA/install/j8_xacro_model:/home/rhobtor/PHD/ARGOJ8_IA/install/hector_gazebo_plugins:/home/rhobtor/PHD/ARGOJ8_IA/install/fixposition_sensor_pkg:/home/rhobtor/PHD/ARGOJ8_IA/install/car_cpp:/home/rhobtor/PHD/ARGOJ8_IA/install/argj801_ctl_platform:/home/rhobtor/PHD/ARGOJ8_IA/install/argj801_ctl_platform_interfaces:/home/rhobtor/packages/install/grid_map:/home/rhobtor/packages/install/grid_map_demos:/home/rhobtor/packages/install/grid_map_visualization:/home/rhobtor/packages/install/grid_map_sdf:/home/rhobtor/packages/install/grid_map_rviz_plugin:/home/rhobtor/packages/install/grid_map_pcl:/home/rhobtor/packages/install/grid_map_loader:/home/rhobtor/packages/install/grid_map_filters:/home/rhobtor/packages/install/grid_map_ros:/home/rhobtor/packages/install/grid_map_octomap:/home/rhobtor/packages/install/grid_map_msgs:/home/rhobtor/packages/install/grid_map_cv:/home/rhobtor/packages/install/grid_map_costmap_2d:/home/rhobtor/packages/install/grid_map_core:/home/rhobtor/packages/install/grid_map_cmake_helpers:/home/rhobtor/PHD/reactive/Reactive-Navegation/workspace_full_conected/install/octomap_mapping:/home/rhobtor/PHD/reactive/Reactive-Navegation/workspace_full_conected/install/octomap_server:/home/rhobtor/PHD/reactive/Reactive-Navegation/workspace_full_conected/install/octomap_rviz_plugins:/home/rhobtor/PHD/reactive/Reactive-Navegation/workspace_full_conected/install/hector_gazebo_plugins:/home/rhobtor/PHD/reactive/Reactive-Navegation/workspace_full_conected/install/car_cpp:/home/rhobtor/PHD/reactive/Reactive-Navegation/workspace_full_conected/install/car_interfaces:/home/rhobtor/PHD/ARGOJ8_IA/install/car:/home/rhobtor/PHD/reactive/Reactive-Navegation/workspace_full_conected/install/car:/opt/ros/humble LD_LIBRARY_PATH=/home/rhobtor/PHD/ARGOJ8_IA/install/car_interfaces/lib:/home/rhobtor/PHD/ARGOJ8_IA/install/octomap_server/lib:/home/rhobtor/PHD/ARGOJ8_IA/install/octomap_rviz_plugins/lib:/home/rhobtor/PHD/ARGOJ8_IA/install/j8_xacro_model/lib:/home/rhobtor/PHD/ARGOJ8_IA/install/hector_gazebo_plugins/lib:/home/rhobtor/PHD/ARGOJ8_IA/install/fixposition_sensor_pkg/lib:/home/rhobtor/PHD/ARGOJ8_IA/install/car_cpp/lib:/home/rhobtor/PHD/ARGOJ8_IA/install/argj801_ctl_platform_interfaces/lib:/home/rhobtor/packages/install/grid_map_demos/lib:/home/rhobtor/packages/install/grid_map_visualization/lib:/home/rhobtor/packages/install/grid_map_sdf/lib:/home/rhobtor/packages/install/grid_map_rviz_plugin/lib:/home/rhobtor/packages/install/grid_map_pcl/lib:/home/rhobtor/packages/install/grid_map_loader/lib:/home/rhobtor/packages/install/grid_map_filters/lib:/home/rhobtor/packages/install/grid_map_ros/lib:/home/rhobtor/packages/install/grid_map_octomap/lib:/home/rhobtor/packages/install/grid_map_msgs/lib:/home/rhobtor/packages/install/grid_map_cv/lib:/home/rhobtor/packages/install/grid_map_costmap_2d/lib:/home/rhobtor/packages/install/grid_map_core/lib:/home/rhobtor/PHD/reactive/Reactive-Navegation/workspace_full_conected/install/octomap_server/lib:/home/rhobtor/PHD/reactive/Reactive-Navegation/workspace_full_conected/install/octomap_rviz_plugins/lib:/home/rhobtor/PHD/reactive/Reactive-Navegation/workspace_full_conected/install/hector_gazebo_plugins/lib:/home/rhobtor/PHD/reactive/Reactive-Navegation/workspace_full_conected/install/car_cpp/lib:/home/rhobtor/PHD/reactive/Reactive-Navegation/workspace_full_conected/install/car_interfaces/lib:/usr/lib/x86_64-linux-gnu/gazebo-11/plugins:/opt/ros/humble/opt/rviz_ogre_vendor/lib:/opt/ros/humble/lib/x86_64-linux-gnu:/opt/ros/humble/lib /opt/st/stm32cubeclt_1.18.0/CMake/bin/cmake --build /home/rhobtor/PHD/ARGOJ8_IA/build/car_cpp -- -j16 -l16
[13.495s] Invoking command in '/home/rhobtor/PHD/ARGOJ8_IA/build/car_cpp': CMAKE_PREFIX_PATH=/home/rhobtor/PHD/ARGOJ8_IA/install/car_interfaces:/home/rhobtor/PHD/ARGOJ8_IA/install/octomap_mapping:/home/rhobtor/PHD/ARGOJ8_IA/install/octomap_server:/home/rhobtor/PHD/ARGOJ8_IA/install/octomap_rviz_plugins:/home/rhobtor/PHD/ARGOJ8_IA/install/j8_xacro_model:/home/rhobtor/PHD/ARGOJ8_IA/install/hector_gazebo_plugins:/home/rhobtor/PHD/ARGOJ8_IA/install/fixposition_sensor_pkg:/home/rhobtor/PHD/ARGOJ8_IA/install/car_cpp:/home/rhobtor/PHD/ARGOJ8_IA/install/argj801_ctl_platform:/home/rhobtor/PHD/ARGOJ8_IA/install/argj801_ctl_platform_interfaces:/home/rhobtor/packages/install/grid_map:/home/rhobtor/packages/install/grid_map_demos:/home/rhobtor/packages/install/grid_map_visualization:/home/rhobtor/packages/install/grid_map_sdf:/home/rhobtor/packages/install/grid_map_rviz_plugin:/home/rhobtor/packages/install/grid_map_pcl:/home/rhobtor/packages/install/grid_map_loader:/home/rhobtor/packages/install/grid_map_filters:/home/rhobtor/packages/install/grid_map_ros:/home/rhobtor/packages/install/grid_map_octomap:/home/rhobtor/packages/install/grid_map_msgs:/home/rhobtor/packages/install/grid_map_cv:/home/rhobtor/packages/install/grid_map_costmap_2d:/home/rhobtor/packages/install/grid_map_core:/home/rhobtor/packages/install/grid_map_cmake_helpers:/home/rhobtor/PHD/reactive/Reactive-Navegation/workspace_full_conected/install/octomap_mapping:/home/rhobtor/PHD/reactive/Reactive-Navegation/workspace_full_conected/install/octomap_server:/home/rhobtor/PHD/reactive/Reactive-Navegation/workspace_full_conected/install/octomap_rviz_plugins:/home/rhobtor/PHD/reactive/Reactive-Navegation/workspace_full_conected/install/hector_gazebo_plugins:/home/rhobtor/PHD/reactive/Reactive-Navegation/workspace_full_conected/install/car_cpp:/home/rhobtor/PHD/reactive/Reactive-Navegation/workspace_full_conected/install/car_interfaces:/home/rhobtor/PHD/ARGOJ8_IA/install/car:/home/rhobtor/PHD/reactive/Reactive-Navegation/workspace_full_conected/install/car:/opt/ros/humble LD_LIBRARY_PATH=/home/rhobtor/PHD/ARGOJ8_IA/install/car_interfaces/lib:/home/rhobtor/PHD/ARGOJ8_IA/install/octomap_server/lib:/home/rhobtor/PHD/ARGOJ8_IA/install/octomap_rviz_plugins/lib:/home/rhobtor/PHD/ARGOJ8_IA/install/j8_xacro_model/lib:/home/rhobtor/PHD/ARGOJ8_IA/install/hector_gazebo_plugins/lib:/home/rhobtor/PHD/ARGOJ8_IA/install/fixposition_sensor_pkg/lib:/home/rhobtor/PHD/ARGOJ8_IA/install/car_cpp/lib:/home/rhobtor/PHD/ARGOJ8_IA/install/argj801_ctl_platform_interfaces/lib:/home/rhobtor/packages/install/grid_map_demos/lib:/home/rhobtor/packages/install/grid_map_visualization/lib:/home/rhobtor/packages/install/grid_map_sdf/lib:/home/rhobtor/packages/install/grid_map_rviz_plugin/lib:/home/rhobtor/packages/install/grid_map_pcl/lib:/home/rhobtor/packages/install/grid_map_loader/lib:/home/rhobtor/packages/install/grid_map_filters/lib:/home/rhobtor/packages/install/grid_map_ros/lib:/home/rhobtor/packages/install/grid_map_octomap/lib:/home/rhobtor/packages/install/grid_map_msgs/lib:/home/rhobtor/packages/install/grid_map_cv/lib:/home/rhobtor/packages/install/grid_map_costmap_2d/lib:/home/rhobtor/packages/install/grid_map_core/lib:/home/rhobtor/PHD/reactive/Reactive-Navegation/workspace_full_conected/install/octomap_server/lib:/home/rhobtor/PHD/reactive/Reactive-Navegation/workspace_full_conected/install/octomap_rviz_plugins/lib:/home/rhobtor/PHD/reactive/Reactive-Navegation/workspace_full_conected/install/hector_gazebo_plugins/lib:/home/rhobtor/PHD/reactive/Reactive-Navegation/workspace_full_conected/install/car_cpp/lib:/home/rhobtor/PHD/reactive/Reactive-Navegation/workspace_full_conected/install/car_interfaces/lib:/usr/lib/x86_64-linux-gnu/gazebo-11/plugins:/opt/ros/humble/opt/rviz_ogre_vendor/lib:/opt/ros/humble/lib/x86_64-linux-gnu:/opt/ros/humble/lib /opt/st/stm32cubeclt_1.18.0/CMake/bin/cmake --install /home/rhobtor/PHD/ARGOJ8_IA/build/car_cpp
[13.499s] -- Install configuration: ""
[13.499s] -- Up-to-date: /home/rhobtor/PHD/ARGOJ8_IA/install/car_cpp/lib/car_cpp/navigation_nodes
[13.499s] -- Up-to-date: /home/rhobtor/PHD/ARGOJ8_IA/install/car_cpp/lib/car_cpp/navigation_nodes_ground
[13.500s] -- Up-to-date: /home/rhobtor/PHD/ARGOJ8_IA/install/car_cpp/lib/car_cpp/move_navigation_nodes_frontier
[13.500s] -- Up-to-date: /home/rhobtor/PHD/ARGOJ8_IA/install/car_cpp/lib/car_cpp/frontier_values
[13.500s] -- Up-to-date: /home/rhobtor/PHD/ARGOJ8_IA/install/car_cpp/lib/car_cpp/occupied_nodes_near_obstacles
[13.500s] -- Up-to-date: /home/rhobtor/PHD/ARGOJ8_IA/install/car_cpp/lib/car_cpp/obstacles_in_2d
[13.500s] -- Up-to-date: /home/rhobtor/PHD/ARGOJ8_IA/install/car_cpp/lib/car_cpp/check_goal
[13.501s] -- Up-to-date: /home/rhobtor/PHD/ARGOJ8_IA/install/car_cpp/lib/car_cpp/filtered_navigation_nodes
[13.501s] -- Up-to-date: /home/rhobtor/PHD/ARGOJ8_IA/install/car_cpp/lib/car_cpp/slope_terrain
[13.501s] -- Installing: /home/rhobtor/PHD/ARGOJ8_IA/install/car_cpp/lib/car_cpp/gridmap
[13.505s] -- Set non-toolchain portion of runtime path of "/home/rhobtor/PHD/ARGOJ8_IA/install/car_cpp/lib/car_cpp/gridmap" to ""
[13.505s] -- Up-to-date: /home/rhobtor/PHD/ARGOJ8_IA/install/car_cpp/lib/libmove_plugin.so
[13.505s] -- Up-to-date: /home/rhobtor/PHD/ARGOJ8_IA/install/car_cpp/lib/libdrive_plugin.so
[13.505s] -- Up-to-date: /home/rhobtor/PHD/ARGOJ8_IA/install/car_cpp/lib/libjoints_plugin.so
[13.505s] -- Up-to-date: /home/rhobtor/PHD/ARGOJ8_IA/install/car_cpp/include/
[13.505s] -- Up-to-date: /home/rhobtor/PHD/ARGOJ8_IA/install/car_cpp/include//utilities.hpp
[13.505s] -- Up-to-date: /home/rhobtor/PHD/ARGOJ8_IA/install/car_cpp/include//obstacle_detection.hpp
[13.505s] -- Up-to-date: /home/rhobtor/PHD/ARGOJ8_IA/install/car_cpp/include//visualization.hpp
[13.505s] -- Up-to-date: /home/rhobtor/PHD/ARGOJ8_IA/install/car_cpp/include//motion.hpp
[13.505s] -- Up-to-date: /home/rhobtor/PHD/ARGOJ8_IA/install/car_cpp/include//control_plugin.hpp
[13.505s] -- Up-to-date: /home/rhobtor/PHD/ARGOJ8_IA/install/car_cpp/include//move_ros.hpp
[13.505s] -- Up-to-date: /home/rhobtor/PHD/ARGOJ8_IA/install/car_cpp/include//odometria.hpp
[13.506s] -- Up-to-date: /home/rhobtor/PHD/ARGOJ8_IA/install/car_cpp/share/ament_index/resource_index/package_run_dependencies/car_cpp
[13.506s] -- Up-to-date: /home/rhobtor/PHD/ARGOJ8_IA/install/car_cpp/share/ament_index/resource_index/parent_prefix_path/car_cpp
[13.506s] -- Up-to-date: /home/rhobtor/PHD/ARGOJ8_IA/install/car_cpp/share/car_cpp/environment/ament_prefix_path.sh
[13.506s] -- Installing: /home/rhobtor/PHD/ARGOJ8_IA/install/car_cpp/share/car_cpp/environment/ament_prefix_path.dsv
[13.506s] -- Up-to-date: /home/rhobtor/PHD/ARGOJ8_IA/install/car_cpp/share/car_cpp/environment/path.sh
[13.506s] -- Installing: /home/rhobtor/PHD/ARGOJ8_IA/install/car_cpp/share/car_cpp/environment/path.dsv
[13.506s] -- Up-to-date: /home/rhobtor/PHD/ARGOJ8_IA/install/car_cpp/share/car_cpp/local_setup.bash
[13.506s] -- Up-to-date: /home/rhobtor/PHD/ARGOJ8_IA/install/car_cpp/share/car_cpp/local_setup.sh
[13.506s] -- Up-to-date: /home/rhobtor/PHD/ARGOJ8_IA/install/car_cpp/share/car_cpp/local_setup.zsh
[13.506s] -- Installing: /home/rhobtor/PHD/ARGOJ8_IA/install/car_cpp/share/car_cpp/local_setup.dsv
[13.506s] -- Installing: /home/rhobtor/PHD/ARGOJ8_IA/install/car_cpp/share/car_cpp/package.dsv
[13.506s] -- Up-to-date: /home/rhobtor/PHD/ARGOJ8_IA/install/car_cpp/share/ament_index/resource_index/packages/car_cpp
[13.506s] -- Up-to-date: /home/rhobtor/PHD/ARGOJ8_IA/install/car_cpp/share/car_cpp/cmake/car_cppConfig.cmake
[13.506s] -- Up-to-date: /home/rhobtor/PHD/ARGOJ8_IA/install/car_cpp/share/car_cpp/cmake/car_cppConfig-version.cmake
[13.506s] -- Up-to-date: /home/rhobtor/PHD/ARGOJ8_IA/install/car_cpp/share/car_cpp/package.xml
[13.507s] Invoked command in '/home/rhobtor/PHD/ARGOJ8_IA/build/car_cpp' returned '0': CMAKE_PREFIX_PATH=/home/rhobtor/PHD/ARGOJ8_IA/install/car_interfaces:/home/rhobtor/PHD/ARGOJ8_IA/install/octomap_mapping:/home/rhobtor/PHD/ARGOJ8_IA/install/octomap_server:/home/rhobtor/PHD/ARGOJ8_IA/install/octomap_rviz_plugins:/home/rhobtor/PHD/ARGOJ8_IA/install/j8_xacro_model:/home/rhobtor/PHD/ARGOJ8_IA/install/hector_gazebo_plugins:/home/rhobtor/PHD/ARGOJ8_IA/install/fixposition_sensor_pkg:/home/rhobtor/PHD/ARGOJ8_IA/install/car_cpp:/home/rhobtor/PHD/ARGOJ8_IA/install/argj801_ctl_platform:/home/rhobtor/PHD/ARGOJ8_IA/install/argj801_ctl_platform_interfaces:/home/rhobtor/packages/install/grid_map:/home/rhobtor/packages/install/grid_map_demos:/home/rhobtor/packages/install/grid_map_visualization:/home/rhobtor/packages/install/grid_map_sdf:/home/rhobtor/packages/install/grid_map_rviz_plugin:/home/rhobtor/packages/install/grid_map_pcl:/home/rhobtor/packages/install/grid_map_loader:/home/rhobtor/packages/install/grid_map_filters:/home/rhobtor/packages/install/grid_map_ros:/home/rhobtor/packages/install/grid_map_octomap:/home/rhobtor/packages/install/grid_map_msgs:/home/rhobtor/packages/install/grid_map_cv:/home/rhobtor/packages/install/grid_map_costmap_2d:/home/rhobtor/packages/install/grid_map_core:/home/rhobtor/packages/install/grid_map_cmake_helpers:/home/rhobtor/PHD/reactive/Reactive-Navegation/workspace_full_conected/install/octomap_mapping:/home/rhobtor/PHD/reactive/Reactive-Navegation/workspace_full_conected/install/octomap_server:/home/rhobtor/PHD/reactive/Reactive-Navegation/workspace_full_conected/install/octomap_rviz_plugins:/home/rhobtor/PHD/reactive/Reactive-Navegation/workspace_full_conected/install/hector_gazebo_plugins:/home/rhobtor/PHD/reactive/Reactive-Navegation/workspace_full_conected/install/car_cpp:/home/rhobtor/PHD/reactive/Reactive-Navegation/workspace_full_conected/install/car_interfaces:/home/rhobtor/PHD/ARGOJ8_IA/install/car:/home/rhobtor/PHD/reactive/Reactive-Navegation/workspace_full_conected/install/car:/opt/ros/humble LD_LIBRARY_PATH=/home/rhobtor/PHD/ARGOJ8_IA/install/car_interfaces/lib:/home/rhobtor/PHD/ARGOJ8_IA/install/octomap_server/lib:/home/rhobtor/PHD/ARGOJ8_IA/install/octomap_rviz_plugins/lib:/home/rhobtor/PHD/ARGOJ8_IA/install/j8_xacro_model/lib:/home/rhobtor/PHD/ARGOJ8_IA/install/hector_gazebo_plugins/lib:/home/rhobtor/PHD/ARGOJ8_IA/install/fixposition_sensor_pkg/lib:/home/rhobtor/PHD/ARGOJ8_IA/install/car_cpp/lib:/home/rhobtor/PHD/ARGOJ8_IA/install/argj801_ctl_platform_interfaces/lib:/home/rhobtor/packages/install/grid_map_demos/lib:/home/rhobtor/packages/install/grid_map_visualization/lib:/home/rhobtor/packages/install/grid_map_sdf/lib:/home/rhobtor/packages/install/grid_map_rviz_plugin/lib:/home/rhobtor/packages/install/grid_map_pcl/lib:/home/rhobtor/packages/install/grid_map_loader/lib:/home/rhobtor/packages/install/grid_map_filters/lib:/home/rhobtor/packages/install/grid_map_ros/lib:/home/rhobtor/packages/install/grid_map_octomap/lib:/home/rhobtor/packages/install/grid_map_msgs/lib:/home/rhobtor/packages/install/grid_map_cv/lib:/home/rhobtor/packages/install/grid_map_costmap_2d/lib:/home/rhobtor/packages/install/grid_map_core/lib:/home/rhobtor/PHD/reactive/Reactive-Navegation/workspace_full_conected/install/octomap_server/lib:/home/rhobtor/PHD/reactive/Reactive-Navegation/workspace_full_conected/install/octomap_rviz_plugins/lib:/home/rhobtor/PHD/reactive/Reactive-Navegation/workspace_full_conected/install/hector_gazebo_plugins/lib:/home/rhobtor/PHD/reactive/Reactive-Navegation/workspace_full_conected/install/car_cpp/lib:/home/rhobtor/PHD/reactive/Reactive-Navegation/workspace_full_conected/install/car_interfaces/lib:/usr/lib/x86_64-linux-gnu/gazebo-11/plugins:/opt/ros/humble/opt/rviz_ogre_vendor/lib:/opt/ros/humble/lib/x86_64-linux-gnu:/opt/ros/humble/lib /opt/st/stm32cubeclt_1.18.0/CMake/bin/cmake --install /home/rhobtor/PHD/ARGOJ8_IA/build/car_cpp
