[0.068s] Invoking command in '/home/rhobtor/PHD/ARGOJ8_IA/build/sdl2_vendor': CMAKE_PREFIX_PATH=${CMAKE_PREFIX_PATH}:/home/rhobtor/PHD/reactive/Reactive-Navegation/workspace_full_conected/install/car:/opt/ros/humble /opt/st/stm32cubeclt_1.18.0/CMake/bin/cmake /home/rhobtor/PHD/ARGOJ8_IA/src/j8_joystick/sdl2_vendor -DCMAKE_INSTALL_PREFIX=/home/rhobtor/PHD/ARGOJ8_IA/install/sdl2_vendor
[0.830s] -- The C compiler identification is GNU 11.4.0
[0.834s] -- The CXX compiler identification is GNU 11.4.0
[0.839s] -- Detecting C compiler ABI info
[0.840s] -- Detecting C compiler ABI info - done
[0.841s] -- Check for working C compiler: /usr/bin/cc - skipped
[0.841s] -- Detecting C compile features
[0.842s] -- Detecting C compile features - done
[0.857s] -- Detecting CXX compiler ABI info
[0.858s] -- Detecting CXX compiler ABI info - done
[0.859s] -- Check for working CXX compiler: /usr/bin/c++ - skipped
[0.860s] -- Detecting CXX compile features
[0.866s] -- Detecting CXX compile features - done
[0.867s] -- Found ament_cmake: 1.3.11 (/opt/ros/humble/share/ament_cmake/cmake)
[0.967s] -- Found Python3: /usr/bin/python3 (found version "3.10.12") found components: Interpreter 
[2.286s] -- Configuring done (2.2s)
[2.332s] -- Generating done (0.0s)
[2.364s] -- Build files have been written to: /home/rhobtor/PHD/ARGOJ8_IA/build/sdl2_vendor
[2.419s] Invoked command in '/home/rhobtor/PHD/ARGOJ8_IA/build/sdl2_vendor' returned '0': CMAKE_PREFIX_PATH=${CMAKE_PREFIX_PATH}:/home/rhobtor/PHD/reactive/Reactive-Navegation/workspace_full_conected/install/car:/opt/ros/humble /opt/st/stm32cubeclt_1.18.0/CMake/bin/cmake /home/rhobtor/PHD/ARGOJ8_IA/src/j8_joystick/sdl2_vendor -DCMAKE_INSTALL_PREFIX=/home/rhobtor/PHD/ARGOJ8_IA/install/sdl2_vendor
[2.419s] Invoking command in '/home/rhobtor/PHD/ARGOJ8_IA/build/sdl2_vendor': CMAKE_PREFIX_PATH=${CMAKE_PREFIX_PATH}:/home/rhobtor/PHD/reactive/Reactive-Navegation/workspace_full_conected/install/car:/opt/ros/humble /opt/st/stm32cubeclt_1.18.0/CMake/bin/cmake --build /home/rhobtor/PHD/ARGOJ8_IA/build/sdl2_vendor -- -j16 -l16
[4.003s] Invoked command in '/home/rhobtor/PHD/ARGOJ8_IA/build/sdl2_vendor' returned '0': CMAKE_PREFIX_PATH=${CMAKE_PREFIX_PATH}:/home/rhobtor/PHD/reactive/Reactive-Navegation/workspace_full_conected/install/car:/opt/ros/humble /opt/st/stm32cubeclt_1.18.0/CMake/bin/cmake --build /home/rhobtor/PHD/ARGOJ8_IA/build/sdl2_vendor -- -j16 -l16
[4.004s] Invoking command in '/home/rhobtor/PHD/ARGOJ8_IA/build/sdl2_vendor': CMAKE_PREFIX_PATH=${CMAKE_PREFIX_PATH}:/home/rhobtor/PHD/reactive/Reactive-Navegation/workspace_full_conected/install/car:/opt/ros/humble /opt/st/stm32cubeclt_1.18.0/CMake/bin/cmake --install /home/rhobtor/PHD/ARGOJ8_IA/build/sdl2_vendor
[4.326s] -- Install configuration: ""
[4.327s] -- Installing: /home/rhobtor/PHD/ARGOJ8_IA/install/sdl2_vendor/share/sdl2_vendor/cmake
[4.327s] -- Installing: /home/rhobtor/PHD/ARGOJ8_IA/install/sdl2_vendor/share/sdl2_vendor/cmake/Modules
[4.327s] -- Installing: /home/rhobtor/PHD/ARGOJ8_IA/install/sdl2_vendor/share/sdl2_vendor/cmake/Modules/Findsdl2_custom.cmake
[4.327s] -- Installing: /home/rhobtor/PHD/ARGOJ8_IA/install/sdl2_vendor/share/ament_index/resource_index/package_run_dependencies/sdl2_vendor
[4.327s] -- Installing: /home/rhobtor/PHD/ARGOJ8_IA/install/sdl2_vendor/share/ament_index/resource_index/parent_prefix_path/sdl2_vendor
[4.327s] -- Installing: /home/rhobtor/PHD/ARGOJ8_IA/install/sdl2_vendor/share/sdl2_vendor/environment/ament_prefix_path.sh
[4.327s] -- Installing: /home/rhobtor/PHD/ARGOJ8_IA/install/sdl2_vendor/share/sdl2_vendor/environment/ament_prefix_path.dsv
[4.327s] -- Installing: /home/rhobtor/PHD/ARGOJ8_IA/install/sdl2_vendor/share/sdl2_vendor/environment/path.sh
[4.327s] -- Installing: /home/rhobtor/PHD/ARGOJ8_IA/install/sdl2_vendor/share/sdl2_vendor/environment/path.dsv
[4.327s] -- Installing: /home/rhobtor/PHD/ARGOJ8_IA/install/sdl2_vendor/share/sdl2_vendor/local_setup.bash
[4.327s] -- Installing: /home/rhobtor/PHD/ARGOJ8_IA/install/sdl2_vendor/share/sdl2_vendor/local_setup.sh
[4.328s] -- Installing: /home/rhobtor/PHD/ARGOJ8_IA/install/sdl2_vendor/share/sdl2_vendor/local_setup.zsh
[4.328s] -- Installing: /home/rhobtor/PHD/ARGOJ8_IA/install/sdl2_vendor/share/sdl2_vendor/local_setup.dsv
[4.328s] -- Installing: /home/rhobtor/PHD/ARGOJ8_IA/install/sdl2_vendor/share/sdl2_vendor/package.dsv
[4.328s] -- Installing: /home/rhobtor/PHD/ARGOJ8_IA/install/sdl2_vendor/share/ament_index/resource_index/packages/sdl2_vendor
[4.328s] -- Installing: /home/rhobtor/PHD/ARGOJ8_IA/install/sdl2_vendor/share/sdl2_vendor/cmake/sdl2_vendor-extras.cmake
[4.328s] -- Installing: /home/rhobtor/PHD/ARGOJ8_IA/install/sdl2_vendor/share/sdl2_vendor/cmake/sdl2_vendorConfig.cmake
[4.328s] -- Installing: /home/rhobtor/PHD/ARGOJ8_IA/install/sdl2_vendor/share/sdl2_vendor/cmake/sdl2_vendorConfig-version.cmake
[4.328s] -- Installing: /home/rhobtor/PHD/ARGOJ8_IA/install/sdl2_vendor/share/sdl2_vendor/package.xml
[4.376s] Invoked command in '/home/rhobtor/PHD/ARGOJ8_IA/build/sdl2_vendor' returned '0': CMAKE_PREFIX_PATH=${CMAKE_PREFIX_PATH}:/home/rhobtor/PHD/reactive/Reactive-Navegation/workspace_full_conected/install/car:/opt/ros/humble /opt/st/stm32cubeclt_1.18.0/CMake/bin/cmake --install /home/rhobtor/PHD/ARGOJ8_IA/build/sdl2_vendor
