[  1%] Built target argj801_ctl_platform_interfaces__cpp
[ 12%] Built target argj801_ctl_platform_interfaces__rosidl_generator_c
[ 12%] Built target ament_cmake_python_symlink_argj801_ctl_platform_interfaces
[ 23%] Built target argj801_ctl_platform_interfaces__rosidl_typesupport_cpp
[ 34%] Built target argj801_ctl_platform_interfaces__rosidl_typesupport_introspection_cpp
[ 45%] Built target argj801_ctl_platform_interfaces__rosidl_typesupport_c
[ 65%] Built target argj801_ctl_platform_interfaces__rosidl_typesupport_fastrtps_c
[ 76%] Built target argj801_ctl_platform_interfaces__rosidl_typesupport_fastrtps_cpp
[ 78%] Built target argj801_ctl_platform_interfaces__rosidl_typesupport_introspection_c
[ 78%] Built target argj801_ctl_platform_interfaces
[ 80%] Built target argj801_ctl_platform_interfaces__py
[ 89%] Built target argj801_ctl_platform_interfaces__rosidl_generator_py
[ 92%] Built target argj801_ctl_platform_interfaces__rosidl_typesupport_introspection_c__pyext
[ 96%] Built target argj801_ctl_platform_interfaces__rosidl_typesupport_c__pyext
[100%] Built target argj801_ctl_platform_interfaces__rosidl_typesupport_fastrtps_c__pyext
Traceback (most recent call last):
  File "/home/rhobtor/PHD/ARGOJ8_IA/build/argj801_ctl_platform_interfaces/ament_cmake_python/argj801_ctl_platform_interfaces/setup.py", line 1, in <module>
    from setuptools import find_packages
  File "/usr/lib/python3/dist-packages/setuptools/__init__.py", line 16, in <module>
    import setuptools.version
  File "/usr/lib/python3/dist-packages/setuptools/version.py", line 1, in <module>
    import pkg_resources
  File "/usr/lib/python3/dist-packages/pkg_resources/__init__.py", line 78, in <module>
    __import__('pkg_resources.extern.packaging.requirements')
  File "/usr/lib/python3/dist-packages/pkg_resources/_vendor/packaging/requirements.py", line 10, in <module>
    from pkg_resources.extern.pyparsing import (  # noqa
  File "<frozen importlib._bootstrap>", line 1027, in _find_and_load
  File "<frozen importlib._bootstrap>", line 1006, in _find_and_load_unlocked
  File "<frozen importlib._bootstrap>", line 674, in _load_unlocked
  File "<frozen importlib._bootstrap>", line 571, in module_from_spec
  File "/usr/lib/python3/dist-packages/pkg_resources/extern/__init__.py", line 52, in create_module
    return self.load_module(spec.name)
  File "/usr/lib/python3/dist-packages/pkg_resources/extern/__init__.py", line 37, in load_module
    __import__(extant)
  File "/usr/lib/python3/dist-packages/pkg_resources/_vendor/pyparsing.py", line 4364, in <module>
    class Suppress(TokenConverter):
KeyboardInterrupt
gmake[2]: *** [CMakeFiles/ament_cmake_python_build_argj801_ctl_platform_interfaces_egg.dir/build.make:70: CMakeFiles/ament_cmake_python_build_argj801_ctl_platform_interfaces_egg] Interrupt
gmake[1]: *** [CMakeFiles/Makefile2:447: CMakeFiles/ament_cmake_python_build_argj801_ctl_platform_interfaces_egg.dir/all] Interrupt
gmake: *** [Makefile:146: all] Interrupt
