[0.019s] Invoking command in '/home/rhobtor/PHD/ARGOJ8_IA/build/car_interfaces': CMAKE_PREFIX_PATH=${CMAKE_PREFIX_PATH}:/home/rhobtor/PHD/ARGOJ8_IA/install/car:/home/rhobtor/PHD/reactive/Reactive-Navegation/workspace_full_conected/install/car:/opt/ros/humble /opt/st/stm32cubeclt_1.18.0/CMake/bin/cmake /home/rhobtor/PHD/ARGOJ8_IA/src/car_interfaces -DAMENT_CMAKE_SYMLINK_INSTALL=1 -DCMAKE_INSTALL_PREFIX=/home/rhobtor/PHD/ARGOJ8_IA/install/car_interfaces
[0.084s] -- The C compiler identification is GNU 11.4.0
[0.128s] -- The CXX compiler identification is GNU 11.4.0
[0.142s] -- Detecting C compiler ABI info
[0.189s] -- Detecting C compiler ABI info - done
[0.201s] -- Check for working C compiler: /usr/bin/cc - skipped
[0.201s] -- Detecting C compile features
[0.202s] -- Detecting C compile features - done
[0.210s] -- Detecting CXX compiler ABI info
[0.276s] -- Detecting CXX compiler ABI info - done
[0.287s] -- Check for working CXX compiler: /usr/bin/c++ - skipped
[0.287s] -- Detecting CXX compile features
[0.288s] -- Detecting CXX compile features - done
[0.292s] -- Found ament_cmake: 1.3.11 (/opt/ros/humble/share/ament_cmake/cmake)
[0.444s] -- Found Python3: /usr/bin/python3 (found version "3.10.12") found components: Interpreter 
[0.524s] -- Override CMake install command with custom implementation using symlinks instead of copying resources
[0.563s] -- Found geometry_msgs: 4.8.0 (/opt/ros/humble/share/geometry_msgs/cmake)
[0.610s] -- Found rosidl_generator_c: 3.1.6 (/opt/ros/humble/share/rosidl_generator_c/cmake)
[0.617s] -- Found rosidl_adapter: 3.1.6 (/opt/ros/humble/share/rosidl_adapter/cmake)
[0.628s] -- Found rosidl_generator_cpp: 3.1.6 (/opt/ros/humble/share/rosidl_generator_cpp/cmake)
[0.644s] -- Using all available rosidl_typesupport_c: rosidl_typesupport_fastrtps_c;rosidl_typesupport_introspection_c
[0.665s] -- Using all available rosidl_typesupport_cpp: rosidl_typesupport_fastrtps_cpp;rosidl_typesupport_introspection_cpp
[0.717s] -- Found rosidl_default_generators: 1.2.0 (/opt/ros/humble/share/rosidl_default_generators/cmake)
[1.189s] -- Found ament_cmake_ros: 0.10.0 (/opt/ros/humble/share/ament_cmake_ros/cmake)
[2.023s] -- Using all available rosidl_typesupport_c: rosidl_typesupport_fastrtps_c;rosidl_typesupport_introspection_c
[2.396s] -- Using all available rosidl_typesupport_cpp: rosidl_typesupport_fastrtps_cpp;rosidl_typesupport_introspection_cpp
[2.398s] [33mCMake Warning (dev) at /opt/ros/humble/share/rosidl_generator_py/cmake/rosidl_generator_py_generate_interfaces.cmake:20 (find_package):
[2.399s]   Policy CMP0148 is not set: The FindPythonInterp and FindPythonLibs modules
[2.399s]   are removed.  Run "cmake --help-policy CMP0148" for policy details.  Use
[2.399s]   the cmake_policy command to set the policy and suppress this warning.
[2.399s] 
[2.399s] Call Stack (most recent call first):
[2.399s]   /opt/ros/humble/share/ament_cmake_core/cmake/core/ament_execute_extensions.cmake:48 (include)
[2.399s]   /opt/ros/humble/share/rosidl_cmake/cmake/rosidl_generate_interfaces.cmake:286 (ament_execute_extensions)
[2.399s]   CMakeLists.txt:14 (rosidl_generate_interfaces)
[2.399s] This warning is for project developers.  Use -Wno-dev to suppress it.
[2.399s] [0m
[2.432s] -- Found PythonInterp: /usr/bin/python3 (found suitable version "3.10.12", minimum required is "3.6") 
[2.437s] -- Found python_cmake_module: 0.10.0 (/opt/ros/humble/share/python_cmake_module/cmake)
[2.438s] [33mCMake Warning (dev) at /opt/ros/humble/share/python_cmake_module/cmake/Modules/FindPythonExtra.cmake:52 (find_package):
[2.438s]   Policy CMP0148 is not set: The FindPythonInterp and FindPythonLibs modules
[2.438s]   are removed.  Run "cmake --help-policy CMP0148" for policy details.  Use
[2.438s]   the cmake_policy command to set the policy and suppress this warning.
[2.438s] 
[2.438s] Call Stack (most recent call first):
[2.438s]   /opt/ros/humble/share/rosidl_generator_py/cmake/rosidl_generator_py_generate_interfaces.cmake:23 (find_package)
[2.439s]   /opt/ros/humble/share/ament_cmake_core/cmake/core/ament_execute_extensions.cmake:48 (include)
[2.439s]   /opt/ros/humble/share/rosidl_cmake/cmake/rosidl_generate_interfaces.cmake:286 (ament_execute_extensions)
[2.439s]   CMakeLists.txt:14 (rosidl_generate_interfaces)
[2.439s] This warning is for project developers.  Use -Wno-dev to suppress it.
[2.439s] [0m
[2.464s] [33mCMake Warning (dev) at /opt/ros/humble/share/python_cmake_module/cmake/Modules/FindPythonExtra.cmake:140 (find_package):
[2.464s]   Policy CMP0148 is not set: The FindPythonInterp and FindPythonLibs modules
[2.464s]   are removed.  Run "cmake --help-policy CMP0148" for policy details.  Use
[2.464s]   the cmake_policy command to set the policy and suppress this warning.
[2.464s] 
[2.464s] Call Stack (most recent call first):
[2.465s]   /opt/ros/humble/share/rosidl_generator_py/cmake/rosidl_generator_py_generate_interfaces.cmake:23 (find_package)
[2.465s]   /opt/ros/humble/share/ament_cmake_core/cmake/core/ament_execute_extensions.cmake:48 (include)
[2.465s]   /opt/ros/humble/share/rosidl_cmake/cmake/rosidl_generate_interfaces.cmake:286 (ament_execute_extensions)
[2.465s]   CMakeLists.txt:14 (rosidl_generate_interfaces)
[2.465s] This warning is for project developers.  Use -Wno-dev to suppress it.
[2.465s] [0m
[2.473s] -- Found PythonLibs: /usr/lib/x86_64-linux-gnu/libpython3.10.so (found suitable version "3.10.12", minimum required is "3.5") 
[2.473s] -- Using PYTHON_EXECUTABLE: /usr/bin/python3
[2.473s] -- Using PYTHON_INCLUDE_DIRS: /usr/include/python3.10
[2.473s] -- Using PYTHON_LIBRARIES: /usr/lib/x86_64-linux-gnu/libpython3.10.so
[2.497s] -- Found PythonExtra: .so  
[2.629s] -- Configuring done (2.6s)
[2.670s] -- Generating done (0.0s)
[2.684s] -- Build files have been written to: /home/rhobtor/PHD/ARGOJ8_IA/build/car_interfaces
[2.695s] Invoked command in '/home/rhobtor/PHD/ARGOJ8_IA/build/car_interfaces' returned '0': CMAKE_PREFIX_PATH=${CMAKE_PREFIX_PATH}:/home/rhobtor/PHD/ARGOJ8_IA/install/car:/home/rhobtor/PHD/reactive/Reactive-Navegation/workspace_full_conected/install/car:/opt/ros/humble /opt/st/stm32cubeclt_1.18.0/CMake/bin/cmake /home/rhobtor/PHD/ARGOJ8_IA/src/car_interfaces -DAMENT_CMAKE_SYMLINK_INSTALL=1 -DCMAKE_INSTALL_PREFIX=/home/rhobtor/PHD/ARGOJ8_IA/install/car_interfaces
[2.697s] Invoking command in '/home/rhobtor/PHD/ARGOJ8_IA/build/car_interfaces': CMAKE_PREFIX_PATH=${CMAKE_PREFIX_PATH}:/home/rhobtor/PHD/ARGOJ8_IA/install/car:/home/rhobtor/PHD/reactive/Reactive-Navegation/workspace_full_conected/install/car:/opt/ros/humble /opt/st/stm32cubeclt_1.18.0/CMake/bin/cmake --build /home/rhobtor/PHD/ARGOJ8_IA/build/car_interfaces -- -j16 -l16
[2.720s] [  3%] [34m[1mGenerating C code for ROS interfaces[0m
[2.730s] [  6%] [34m[1mGenerating C++ code for ROS interfaces[0m
[2.734s] [  6%] Built target ament_cmake_python_symlink_car_interfaces
[3.130s] running egg_info
[3.130s] creating car_interfaces.egg-info
[3.130s] writing car_interfaces.egg-info/PKG-INFO
[3.130s] writing dependency_links to car_interfaces.egg-info/dependency_links.txt
[3.130s] writing top-level names to car_interfaces.egg-info/top_level.txt
[3.130s] writing manifest file 'car_interfaces.egg-info/SOURCES.txt'
[3.136s] reading manifest file 'car_interfaces.egg-info/SOURCES.txt'
[3.136s] writing manifest file 'car_interfaces.egg-info/SOURCES.txt'
[3.165s] [  6%] Built target ament_cmake_python_build_car_interfaces_egg
[3.258s] [  9%] [32mBuilding C object CMakeFiles/car_interfaces__rosidl_generator_c.dir/rosidl_generator_c/car_interfaces/msg/detail/graph__functions.c.o[0m
[3.360s] [ 12%] [32m[1mLinking C shared library libcar_interfaces__rosidl_generator_c.so[0m
[3.453s] [ 12%] Built target car_interfaces__rosidl_generator_c
[3.468s] [ 16%] [34m[1mGenerating C type support for eProsima Fast-RTPS[0m
[3.473s] [ 19%] [34m[1mGenerating C introspection for ROS interfaces[0m
[3.476s] [ 22%] [34m[1mGenerating C type support dispatch for ROS interfaces[0m
[4.097s] [ 25%] [32mBuilding CXX object CMakeFiles/car_interfaces__rosidl_typesupport_fastrtps_c.dir/rosidl_typesupport_fastrtps_c/car_interfaces/msg/detail/graph__type_support_c.cpp.o[0m
[4.487s] [ 29%] [32mBuilding CXX object CMakeFiles/car_interfaces__rosidl_typesupport_c.dir/rosidl_typesupport_c/car_interfaces/msg/graph__type_support.cpp.o[0m
[4.567s] [ 32%] [32m[1mLinking CXX shared library libcar_interfaces__rosidl_typesupport_c.so[0m
[4.591s] [ 35%] [32m[1mLinking CXX shared library libcar_interfaces__rosidl_typesupport_fastrtps_c.so[0m
[4.634s] [ 35%] Built target car_interfaces__rosidl_typesupport_c
[4.725s] [ 35%] Built target car_interfaces__rosidl_typesupport_fastrtps_c
[4.835s] [ 35%] Built target car_interfaces__cpp
[4.851s] [ 38%] [34m[1mGenerating C++ introspection for ROS interfaces[0m
[4.854s] [ 41%] [34m[1mGenerating C++ type support for eProsima Fast-RTPS[0m
[4.879s] [ 45%] [34m[1mGenerating C++ type support dispatch for ROS interfaces[0m
[4.889s] [ 48%] [32mBuilding C object CMakeFiles/car_interfaces__rosidl_typesupport_introspection_c.dir/rosidl_typesupport_introspection_c/car_interfaces/msg/detail/graph__type_support.c.o[0m
[4.939s] [ 51%] [32m[1mLinking C shared library libcar_interfaces__rosidl_typesupport_introspection_c.so[0m
[4.971s] [ 51%] Built target car_interfaces__rosidl_typesupport_introspection_c
[5.430s] [ 54%] [32mBuilding CXX object CMakeFiles/car_interfaces__rosidl_typesupport_cpp.dir/rosidl_typesupport_cpp/car_interfaces/msg/graph__type_support.cpp.o[0m
[5.458s] [ 58%] [32mBuilding CXX object CMakeFiles/car_interfaces__rosidl_typesupport_introspection_cpp.dir/rosidl_typesupport_introspection_cpp/car_interfaces/msg/detail/graph__type_support.cpp.o[0m
[5.862s] [ 61%] [32m[1mLinking CXX shared library libcar_interfaces__rosidl_typesupport_cpp.so[0m
[5.904s] [ 61%] Built target car_interfaces__rosidl_typesupport_cpp
[6.047s] [ 64%] [32m[1mLinking CXX shared library libcar_interfaces__rosidl_typesupport_introspection_cpp.so[0m
[6.118s] [ 67%] [32mBuilding CXX object CMakeFiles/car_interfaces__rosidl_typesupport_fastrtps_cpp.dir/rosidl_typesupport_fastrtps_cpp/car_interfaces/msg/detail/dds_fastrtps/graph__type_support.cpp.o[0m
[6.277s] [ 67%] Built target car_interfaces__rosidl_typesupport_introspection_cpp
[6.604s] [ 70%] [32m[1mLinking CXX shared library libcar_interfaces__rosidl_typesupport_fastrtps_cpp.so[0m
[6.697s] [ 70%] Built target car_interfaces__rosidl_typesupport_fastrtps_cpp
[6.717s] [ 70%] Built target car_interfaces
[6.738s] [ 74%] [34m[1mGenerating Python code for ROS interfaces[0m
[7.306s] [ 74%] Built target car_interfaces__py
[7.345s] [ 77%] [32mBuilding C object CMakeFiles/car_interfaces__rosidl_generator_py.dir/rosidl_generator_py/car_interfaces/msg/_graph_s.c.o[0m
[7.537s] [ 80%] [32m[1mLinking C shared library rosidl_generator_py/car_interfaces/libcar_interfaces__rosidl_generator_py.so[0m
[7.581s] [ 80%] Built target car_interfaces__rosidl_generator_py
[7.615s] [ 87%] [32mBuilding C object CMakeFiles/car_interfaces__rosidl_typesupport_introspection_c__pyext.dir/rosidl_generator_py/car_interfaces/_car_interfaces_s.ep.rosidl_typesupport_introspection_c.c.o[0m
[7.615s] [ 87%] [32mBuilding C object CMakeFiles/car_interfaces__rosidl_typesupport_c__pyext.dir/rosidl_generator_py/car_interfaces/_car_interfaces_s.ep.rosidl_typesupport_c.c.o[0m
[7.625s] [ 90%] [32mBuilding C object CMakeFiles/car_interfaces__rosidl_typesupport_fastrtps_c__pyext.dir/rosidl_generator_py/car_interfaces/_car_interfaces_s.ep.rosidl_typesupport_fastrtps_c.c.o[0m
[7.906s] [ 93%] [32m[1mLinking C shared library rosidl_generator_py/car_interfaces/car_interfaces_s__rosidl_typesupport_introspection_c.cpython-310-x86_64-linux-gnu.so[0m
[7.911s] [ 96%] [32m[1mLinking C shared library rosidl_generator_py/car_interfaces/car_interfaces_s__rosidl_typesupport_c.cpython-310-x86_64-linux-gnu.so[0m
[7.932s] [100%] [32m[1mLinking C shared library rosidl_generator_py/car_interfaces/car_interfaces_s__rosidl_typesupport_fastrtps_c.cpython-310-x86_64-linux-gnu.so[0m
[7.979s] [100%] Built target car_interfaces__rosidl_typesupport_c__pyext
[8.004s] [100%] Built target car_interfaces__rosidl_typesupport_introspection_c__pyext
[8.028s] [100%] Built target car_interfaces__rosidl_typesupport_fastrtps_c__pyext
[8.068s] Invoked command in '/home/rhobtor/PHD/ARGOJ8_IA/build/car_interfaces' returned '0': CMAKE_PREFIX_PATH=${CMAKE_PREFIX_PATH}:/home/rhobtor/PHD/ARGOJ8_IA/install/car:/home/rhobtor/PHD/reactive/Reactive-Navegation/workspace_full_conected/install/car:/opt/ros/humble /opt/st/stm32cubeclt_1.18.0/CMake/bin/cmake --build /home/rhobtor/PHD/ARGOJ8_IA/build/car_interfaces -- -j16 -l16
[8.082s] Invoking command in '/home/rhobtor/PHD/ARGOJ8_IA/build/car_interfaces': CMAKE_PREFIX_PATH=${CMAKE_PREFIX_PATH}:/home/rhobtor/PHD/ARGOJ8_IA/install/car:/home/rhobtor/PHD/reactive/Reactive-Navegation/workspace_full_conected/install/car:/opt/ros/humble /opt/st/stm32cubeclt_1.18.0/CMake/bin/cmake --install /home/rhobtor/PHD/ARGOJ8_IA/build/car_interfaces
[8.093s] -- Install configuration: ""
[8.093s] -- Execute custom install script
[8.093s] -- Symlinking: /home/rhobtor/PHD/ARGOJ8_IA/install/car_interfaces/share/ament_index/resource_index/rosidl_interfaces/car_interfaces
[8.120s] -- Symlinking: /home/rhobtor/PHD/ARGOJ8_IA/install/car_interfaces/include/car_interfaces/car_interfaces/msg/detail/graph__functions.h
[8.129s] -- Symlinking: /home/rhobtor/PHD/ARGOJ8_IA/install/car_interfaces/include/car_interfaces/car_interfaces/msg/detail/graph__struct.h
[8.141s] -- Symlinking: /home/rhobtor/PHD/ARGOJ8_IA/install/car_interfaces/include/car_interfaces/car_interfaces/msg/detail/graph__type_support.h
[8.146s] -- Symlinking: /home/rhobtor/PHD/ARGOJ8_IA/install/car_interfaces/include/car_interfaces/car_interfaces/msg/graph.h
[8.156s] -- Symlinking: /home/rhobtor/PHD/ARGOJ8_IA/install/car_interfaces/include/car_interfaces/car_interfaces/msg/rosidl_generator_c__visibility_control.h
[8.159s] -- Symlinking: /home/rhobtor/PHD/ARGOJ8_IA/install/car_interfaces/share/car_interfaces/environment/library_path.sh
[8.169s] -- Symlinking: /home/rhobtor/PHD/ARGOJ8_IA/install/car_interfaces/share/car_interfaces/environment/library_path.dsv
[8.176s] -- Symlinking: /home/rhobtor/PHD/ARGOJ8_IA/install/car_interfaces/include/car_interfaces/car_interfaces/msg/detail/graph__rosidl_typesupport_fastrtps_c.h
[8.181s] -- Symlinking: /home/rhobtor/PHD/ARGOJ8_IA/install/car_interfaces/include/car_interfaces/car_interfaces/msg/rosidl_typesupport_fastrtps_c__visibility_control.h
[8.188s] -- Symlinking: /home/rhobtor/PHD/ARGOJ8_IA/install/car_interfaces/include/car_interfaces/car_interfaces/msg/detail/graph__builder.hpp
[8.200s] -- Symlinking: /home/rhobtor/PHD/ARGOJ8_IA/install/car_interfaces/include/car_interfaces/car_interfaces/msg/detail/graph__struct.hpp
[8.212s] -- Symlinking: /home/rhobtor/PHD/ARGOJ8_IA/install/car_interfaces/include/car_interfaces/car_interfaces/msg/detail/graph__traits.hpp
[8.215s] -- Symlinking: /home/rhobtor/PHD/ARGOJ8_IA/install/car_interfaces/include/car_interfaces/car_interfaces/msg/detail/graph__type_support.hpp
[8.222s] -- Symlinking: /home/rhobtor/PHD/ARGOJ8_IA/install/car_interfaces/include/car_interfaces/car_interfaces/msg/graph.hpp
[8.229s] -- Symlinking: /home/rhobtor/PHD/ARGOJ8_IA/install/car_interfaces/include/car_interfaces/car_interfaces/msg/rosidl_generator_cpp__visibility_control.hpp
[8.236s] -- Symlinking: /home/rhobtor/PHD/ARGOJ8_IA/install/car_interfaces/include/car_interfaces/car_interfaces/msg/detail/graph__rosidl_typesupport_fastrtps_cpp.hpp
[8.245s] -- Symlinking: /home/rhobtor/PHD/ARGOJ8_IA/install/car_interfaces/include/car_interfaces/car_interfaces/msg/rosidl_typesupport_fastrtps_cpp__visibility_control.h
[8.252s] -- Symlinking: /home/rhobtor/PHD/ARGOJ8_IA/install/car_interfaces/include/car_interfaces/car_interfaces/msg/detail/graph__rosidl_typesupport_introspection_c.h
[8.258s] -- Symlinking: /home/rhobtor/PHD/ARGOJ8_IA/install/car_interfaces/include/car_interfaces/car_interfaces/msg/rosidl_typesupport_introspection_c__visibility_control.h
[8.272s] -- Symlinking: /home/rhobtor/PHD/ARGOJ8_IA/install/car_interfaces/include/car_interfaces/car_interfaces/msg/detail/graph__rosidl_typesupport_introspection_cpp.hpp
[8.308s] -- Symlinking: /home/rhobtor/PHD/ARGOJ8_IA/install/car_interfaces/share/car_interfaces/environment/pythonpath.sh
[8.311s] -- Symlinking: /home/rhobtor/PHD/ARGOJ8_IA/install/car_interfaces/share/car_interfaces/environment/pythonpath.dsv
[8.322s] -- Symlinking: /home/rhobtor/PHD/ARGOJ8_IA/install/car_interfaces/local/lib/python3.10/dist-packages/car_interfaces-0.0.0-py3.10.egg-info/PKG-INFO
[8.328s] -- Symlinking: /home/rhobtor/PHD/ARGOJ8_IA/install/car_interfaces/local/lib/python3.10/dist-packages/car_interfaces-0.0.0-py3.10.egg-info/SOURCES.txt
[8.339s] -- Symlinking: /home/rhobtor/PHD/ARGOJ8_IA/install/car_interfaces/local/lib/python3.10/dist-packages/car_interfaces-0.0.0-py3.10.egg-info/dependency_links.txt
[8.357s] -- Symlinking: /home/rhobtor/PHD/ARGOJ8_IA/install/car_interfaces/local/lib/python3.10/dist-packages/car_interfaces-0.0.0-py3.10.egg-info/top_level.txt
[8.365s] -- Symlinking: /home/rhobtor/PHD/ARGOJ8_IA/install/car_interfaces/local/lib/python3.10/dist-packages/car_interfaces/__init__.py
[8.375s] -- Symlinking: /home/rhobtor/PHD/ARGOJ8_IA/install/car_interfaces/local/lib/python3.10/dist-packages/car_interfaces/_car_interfaces_s.ep.rosidl_typesupport_c.c
[8.382s] -- Symlinking: /home/rhobtor/PHD/ARGOJ8_IA/install/car_interfaces/local/lib/python3.10/dist-packages/car_interfaces/_car_interfaces_s.ep.rosidl_typesupport_fastrtps_c.c
[8.391s] -- Symlinking: /home/rhobtor/PHD/ARGOJ8_IA/install/car_interfaces/local/lib/python3.10/dist-packages/car_interfaces/_car_interfaces_s.ep.rosidl_typesupport_introspection_c.c
[8.405s] -- Symlinking: /home/rhobtor/PHD/ARGOJ8_IA/install/car_interfaces/local/lib/python3.10/dist-packages/car_interfaces/car_interfaces_s__rosidl_typesupport_c.cpython-310-x86_64-linux-gnu.so
[8.409s] -- Symlinking: /home/rhobtor/PHD/ARGOJ8_IA/install/car_interfaces/local/lib/python3.10/dist-packages/car_interfaces/car_interfaces_s__rosidl_typesupport_fastrtps_c.cpython-310-x86_64-linux-gnu.so
[8.417s] -- Symlinking: /home/rhobtor/PHD/ARGOJ8_IA/install/car_interfaces/local/lib/python3.10/dist-packages/car_interfaces/car_interfaces_s__rosidl_typesupport_introspection_c.cpython-310-x86_64-linux-gnu.so
[8.424s] -- Symlinking: /home/rhobtor/PHD/ARGOJ8_IA/install/car_interfaces/local/lib/python3.10/dist-packages/car_interfaces/libcar_interfaces__rosidl_generator_py.so
[8.429s] -- Symlinking: /home/rhobtor/PHD/ARGOJ8_IA/install/car_interfaces/local/lib/python3.10/dist-packages/car_interfaces/msg/__init__.py
[8.439s] -- Symlinking: /home/rhobtor/PHD/ARGOJ8_IA/install/car_interfaces/local/lib/python3.10/dist-packages/car_interfaces/msg/_graph.py
[8.449s] -- Symlinking: /home/rhobtor/PHD/ARGOJ8_IA/install/car_interfaces/local/lib/python3.10/dist-packages/car_interfaces/msg/_graph_s.c
[8.463s] -- Up-to-date symlink: /home/rhobtor/PHD/ARGOJ8_IA/install/car_interfaces/local/lib/python3.10/dist-packages/car_interfaces/car_interfaces_s__rosidl_typesupport_fastrtps_c.cpython-310-x86_64-linux-gnu.so
[8.464s] -- Up-to-date symlink: /home/rhobtor/PHD/ARGOJ8_IA/install/car_interfaces/local/lib/python3.10/dist-packages/car_interfaces/car_interfaces_s__rosidl_typesupport_introspection_c.cpython-310-x86_64-linux-gnu.so
[8.468s] -- Up-to-date symlink: /home/rhobtor/PHD/ARGOJ8_IA/install/car_interfaces/local/lib/python3.10/dist-packages/car_interfaces/car_interfaces_s__rosidl_typesupport_c.cpython-310-x86_64-linux-gnu.so
[8.469s] -- Symlinking: /home/rhobtor/PHD/ARGOJ8_IA/install/car_interfaces/share/car_interfaces/msg/Graph.idl
[8.478s] -- Symlinking: /home/rhobtor/PHD/ARGOJ8_IA/install/car_interfaces/share/car_interfaces/msg/Graph.msg
[8.483s] -- Symlinking: /home/rhobtor/PHD/ARGOJ8_IA/install/car_interfaces/share/ament_index/resource_index/package_run_dependencies/car_interfaces
[8.494s] -- Symlinking: /home/rhobtor/PHD/ARGOJ8_IA/install/car_interfaces/share/ament_index/resource_index/parent_prefix_path/car_interfaces
[8.499s] -- Symlinking: /home/rhobtor/PHD/ARGOJ8_IA/install/car_interfaces/share/car_interfaces/environment/ament_prefix_path.sh
[8.509s] -- Symlinking: /home/rhobtor/PHD/ARGOJ8_IA/install/car_interfaces/share/car_interfaces/environment/ament_prefix_path.dsv
[8.516s] -- Symlinking: /home/rhobtor/PHD/ARGOJ8_IA/install/car_interfaces/share/car_interfaces/environment/path.sh
[8.525s] -- Symlinking: /home/rhobtor/PHD/ARGOJ8_IA/install/car_interfaces/share/car_interfaces/environment/path.dsv
[8.531s] -- Symlinking: /home/rhobtor/PHD/ARGOJ8_IA/install/car_interfaces/share/car_interfaces/local_setup.bash
[8.568s] -- Symlinking: /home/rhobtor/PHD/ARGOJ8_IA/install/car_interfaces/share/car_interfaces/local_setup.sh
[8.577s] -- Symlinking: /home/rhobtor/PHD/ARGOJ8_IA/install/car_interfaces/share/car_interfaces/local_setup.zsh
[8.583s] -- Symlinking: /home/rhobtor/PHD/ARGOJ8_IA/install/car_interfaces/share/car_interfaces/local_setup.dsv
[8.596s] -- Symlinking: /home/rhobtor/PHD/ARGOJ8_IA/install/car_interfaces/share/car_interfaces/package.dsv
[8.633s] -- Symlinking: /home/rhobtor/PHD/ARGOJ8_IA/install/car_interfaces/share/ament_index/resource_index/packages/car_interfaces
[8.649s] -- Symlinking: /home/rhobtor/PHD/ARGOJ8_IA/install/car_interfaces/share/car_interfaces/cmake/rosidl_cmake-extras.cmake
[8.690s] -- Symlinking: /home/rhobtor/PHD/ARGOJ8_IA/install/car_interfaces/share/car_interfaces/cmake/ament_cmake_export_dependencies-extras.cmake
[8.697s] -- Symlinking: /home/rhobtor/PHD/ARGOJ8_IA/install/car_interfaces/share/car_interfaces/cmake/ament_cmake_export_include_directories-extras.cmake
[8.713s] -- Symlinking: /home/rhobtor/PHD/ARGOJ8_IA/install/car_interfaces/share/car_interfaces/cmake/ament_cmake_export_libraries-extras.cmake
[8.726s] -- Symlinking: /home/rhobtor/PHD/ARGOJ8_IA/install/car_interfaces/share/car_interfaces/cmake/ament_cmake_export_targets-extras.cmake
[8.739s] -- Symlinking: /home/rhobtor/PHD/ARGOJ8_IA/install/car_interfaces/share/car_interfaces/cmake/rosidl_cmake_export_typesupport_targets-extras.cmake
[8.753s] -- Symlinking: /home/rhobtor/PHD/ARGOJ8_IA/install/car_interfaces/share/car_interfaces/cmake/rosidl_cmake_export_typesupport_libraries-extras.cmake
[8.769s] -- Symlinking: /home/rhobtor/PHD/ARGOJ8_IA/install/car_interfaces/share/car_interfaces/cmake/car_interfacesConfig.cmake
[8.779s] -- Symlinking: /home/rhobtor/PHD/ARGOJ8_IA/install/car_interfaces/share/car_interfaces/cmake/car_interfacesConfig-version.cmake
[8.794s] -- Symlinking: /home/rhobtor/PHD/ARGOJ8_IA/install/car_interfaces/share/car_interfaces/package.xml
[8.805s] -- Installing: /home/rhobtor/PHD/ARGOJ8_IA/install/car_interfaces/lib/libcar_interfaces__rosidl_generator_c.so
[8.814s] -- Set non-toolchain portion of runtime path of "/home/rhobtor/PHD/ARGOJ8_IA/install/car_interfaces/lib/libcar_interfaces__rosidl_generator_c.so" to ""
[8.820s] -- Installing: /home/rhobtor/PHD/ARGOJ8_IA/install/car_interfaces/lib/libcar_interfaces__rosidl_typesupport_fastrtps_c.so
[8.824s] -- Set non-toolchain portion of runtime path of "/home/rhobtor/PHD/ARGOJ8_IA/install/car_interfaces/lib/libcar_interfaces__rosidl_typesupport_fastrtps_c.so" to ""
[8.828s] -- Installing: /home/rhobtor/PHD/ARGOJ8_IA/install/car_interfaces/lib/libcar_interfaces__rosidl_typesupport_fastrtps_cpp.so
[8.832s] -- Set non-toolchain portion of runtime path of "/home/rhobtor/PHD/ARGOJ8_IA/install/car_interfaces/lib/libcar_interfaces__rosidl_typesupport_fastrtps_cpp.so" to ""
[8.840s] -- Installing: /home/rhobtor/PHD/ARGOJ8_IA/install/car_interfaces/lib/libcar_interfaces__rosidl_typesupport_introspection_c.so
[8.851s] -- Set non-toolchain portion of runtime path of "/home/rhobtor/PHD/ARGOJ8_IA/install/car_interfaces/lib/libcar_interfaces__rosidl_typesupport_introspection_c.so" to ""
[8.852s] -- Installing: /home/rhobtor/PHD/ARGOJ8_IA/install/car_interfaces/lib/libcar_interfaces__rosidl_typesupport_c.so
[8.864s] -- Set non-toolchain portion of runtime path of "/home/rhobtor/PHD/ARGOJ8_IA/install/car_interfaces/lib/libcar_interfaces__rosidl_typesupport_c.so" to ""
[8.867s] -- Installing: /home/rhobtor/PHD/ARGOJ8_IA/install/car_interfaces/lib/libcar_interfaces__rosidl_typesupport_introspection_cpp.so
[8.870s] -- Set non-toolchain portion of runtime path of "/home/rhobtor/PHD/ARGOJ8_IA/install/car_interfaces/lib/libcar_interfaces__rosidl_typesupport_introspection_cpp.so" to ""
[8.872s] -- Installing: /home/rhobtor/PHD/ARGOJ8_IA/install/car_interfaces/lib/libcar_interfaces__rosidl_typesupport_cpp.so
[8.878s] -- Set non-toolchain portion of runtime path of "/home/rhobtor/PHD/ARGOJ8_IA/install/car_interfaces/lib/libcar_interfaces__rosidl_typesupport_cpp.so" to ""
[9.018s] Listing '/home/rhobtor/PHD/ARGOJ8_IA/install/car_interfaces/local/lib/python3.10/dist-packages/car_interfaces'...
[9.022s] Compiling '/home/rhobtor/PHD/ARGOJ8_IA/install/car_interfaces/local/lib/python3.10/dist-packages/car_interfaces/__init__.py'...
[9.024s] Listing '/home/rhobtor/PHD/ARGOJ8_IA/install/car_interfaces/local/lib/python3.10/dist-packages/car_interfaces/msg'...
[9.026s] Compiling '/home/rhobtor/PHD/ARGOJ8_IA/install/car_interfaces/local/lib/python3.10/dist-packages/car_interfaces/msg/__init__.py'...
[9.029s] Compiling '/home/rhobtor/PHD/ARGOJ8_IA/install/car_interfaces/local/lib/python3.10/dist-packages/car_interfaces/msg/_graph.py'...
[9.044s] -- Installing: /home/rhobtor/PHD/ARGOJ8_IA/install/car_interfaces/lib/libcar_interfaces__rosidl_generator_py.so
[9.055s] -- Set non-toolchain portion of runtime path of "/home/rhobtor/PHD/ARGOJ8_IA/install/car_interfaces/lib/libcar_interfaces__rosidl_generator_py.so" to ""
[9.059s] -- Installing: /home/rhobtor/PHD/ARGOJ8_IA/install/car_interfaces/share/car_interfaces/cmake/export_car_interfaces__rosidl_generator_cExport.cmake
[9.063s] -- Installing: /home/rhobtor/PHD/ARGOJ8_IA/install/car_interfaces/share/car_interfaces/cmake/export_car_interfaces__rosidl_generator_cExport-noconfig.cmake
[9.065s] -- Installing: /home/rhobtor/PHD/ARGOJ8_IA/install/car_interfaces/share/car_interfaces/cmake/export_car_interfaces__rosidl_typesupport_fastrtps_cExport.cmake
[9.069s] -- Installing: /home/rhobtor/PHD/ARGOJ8_IA/install/car_interfaces/share/car_interfaces/cmake/export_car_interfaces__rosidl_typesupport_fastrtps_cExport-noconfig.cmake
[9.070s] -- Installing: /home/rhobtor/PHD/ARGOJ8_IA/install/car_interfaces/share/car_interfaces/cmake/export_car_interfaces__rosidl_generator_cppExport.cmake
[9.072s] -- Installing: /home/rhobtor/PHD/ARGOJ8_IA/install/car_interfaces/share/car_interfaces/cmake/export_car_interfaces__rosidl_typesupport_fastrtps_cppExport.cmake
[9.075s] -- Installing: /home/rhobtor/PHD/ARGOJ8_IA/install/car_interfaces/share/car_interfaces/cmake/export_car_interfaces__rosidl_typesupport_fastrtps_cppExport-noconfig.cmake
[9.078s] -- Installing: /home/rhobtor/PHD/ARGOJ8_IA/install/car_interfaces/share/car_interfaces/cmake/car_interfaces__rosidl_typesupport_introspection_cExport.cmake
[9.081s] -- Installing: /home/rhobtor/PHD/ARGOJ8_IA/install/car_interfaces/share/car_interfaces/cmake/car_interfaces__rosidl_typesupport_introspection_cExport-noconfig.cmake
[9.083s] -- Installing: /home/rhobtor/PHD/ARGOJ8_IA/install/car_interfaces/share/car_interfaces/cmake/car_interfaces__rosidl_typesupport_cExport.cmake
[9.086s] -- Installing: /home/rhobtor/PHD/ARGOJ8_IA/install/car_interfaces/share/car_interfaces/cmake/car_interfaces__rosidl_typesupport_cExport-noconfig.cmake
[9.087s] -- Installing: /home/rhobtor/PHD/ARGOJ8_IA/install/car_interfaces/share/car_interfaces/cmake/car_interfaces__rosidl_typesupport_introspection_cppExport.cmake
[9.089s] -- Installing: /home/rhobtor/PHD/ARGOJ8_IA/install/car_interfaces/share/car_interfaces/cmake/car_interfaces__rosidl_typesupport_introspection_cppExport-noconfig.cmake
[9.092s] -- Installing: /home/rhobtor/PHD/ARGOJ8_IA/install/car_interfaces/share/car_interfaces/cmake/car_interfaces__rosidl_typesupport_cppExport.cmake
[9.094s] -- Installing: /home/rhobtor/PHD/ARGOJ8_IA/install/car_interfaces/share/car_interfaces/cmake/car_interfaces__rosidl_typesupport_cppExport-noconfig.cmake
[9.101s] -- Installing: /home/rhobtor/PHD/ARGOJ8_IA/install/car_interfaces/share/car_interfaces/cmake/export_car_interfaces__rosidl_generator_pyExport.cmake
[9.103s] -- Installing: /home/rhobtor/PHD/ARGOJ8_IA/install/car_interfaces/share/car_interfaces/cmake/export_car_interfaces__rosidl_generator_pyExport-noconfig.cmake
[9.129s] Invoked command in '/home/rhobtor/PHD/ARGOJ8_IA/build/car_interfaces' returned '0': CMAKE_PREFIX_PATH=${CMAKE_PREFIX_PATH}:/home/rhobtor/PHD/ARGOJ8_IA/install/car:/home/rhobtor/PHD/reactive/Reactive-Navegation/workspace_full_conected/install/car:/opt/ros/humble /opt/st/stm32cubeclt_1.18.0/CMake/bin/cmake --install /home/rhobtor/PHD/ARGOJ8_IA/build/car_interfaces
