[0.134s] Invoking command in '/home/rhobtor/PHD/ARGOJ8_IA/build/slg_msgs': CMAKE_PREFIX_PATH=${CMAKE_PREFIX_PATH}:/home/rhobtor/PHD/ARGOJ8_IA/install/ntrip_client:/home/rhobtor/PHD/ARGOJ8_IA/install/car:/home/rhobtor/PHD/ARGOJ8_IA/install/android_ros2_server:/home/rhobtor/PHD/ARGOJ8_IA/install/GUI_pkg:/home/rhobtor/PHD/reactive/Reactive-Navegation/workspace_full_conected/install/car:/opt/ros/humble /opt/st/stm32cubeclt_1.18.0/CMake/bin/cmake --build /home/rhobtor/PHD/ARGOJ8_IA/build/slg_msgs -- -j16 -l16
[1.180s] [  2%] Built target slg_msgs__cpp
[1.180s] [  8%] Built target gtest_main
[1.180s] [ 10%] Built target gtest
[1.180s] [ 18%] Built target slg_msgs__rosidl_generator_c
[1.181s] [ 18%] Built target ament_cmake_python_copy_slg_msgs
[1.181s] [ 26%] Built target slg_msgs__rosidl_typesupport_introspection_c
[1.182s] [ 34%] Built target slg_msgs__rosidl_typesupport_fastrtps_c
[1.183s] [ 42%] Built target slg_msgs__rosidl_typesupport_cpp
[1.183s] [ 51%] Built target slg_msgs__rosidl_typesupport_fastrtps_cpp
[1.183s] [ 59%] Built target slg_msgs__rosidl_typesupport_c
[1.183s] [ 67%] Built target slg_msgs__rosidl_typesupport_introspection_cpp
[1.183s] [ 71%] Built target test_point2d
[1.183s] [ 75%] Built target test_polygon
[1.183s] [ 79%] Built target test_segment2d
[1.183s] [ 79%] Built target slg_msgs
[1.183s] [ 81%] Built target slg_msgs__py
[1.183s] [ 87%] Built target slg_msgs__rosidl_generator_py
[1.183s] [ 91%] Built target slg_msgs__rosidl_typesupport_introspection_c__pyext
[1.183s] [ 95%] Built target slg_msgs__rosidl_typesupport_fastrtps_c__pyext
[1.184s] [100%] Built target slg_msgs__rosidl_typesupport_c__pyext
[1.184s] running egg_info
[1.184s] writing slg_msgs.egg-info/PKG-INFO
[1.184s] writing dependency_links to slg_msgs.egg-info/dependency_links.txt
[1.184s] writing top-level names to slg_msgs.egg-info/top_level.txt
[1.184s] reading manifest file 'slg_msgs.egg-info/SOURCES.txt'
[1.184s] writing manifest file 'slg_msgs.egg-info/SOURCES.txt'
[1.184s] [100%] Built target ament_cmake_python_build_slg_msgs_egg
[1.190s] Invoked command in '/home/rhobtor/PHD/ARGOJ8_IA/build/slg_msgs' returned '0': CMAKE_PREFIX_PATH=${CMAKE_PREFIX_PATH}:/home/rhobtor/PHD/ARGOJ8_IA/install/ntrip_client:/home/rhobtor/PHD/ARGOJ8_IA/install/car:/home/rhobtor/PHD/ARGOJ8_IA/install/android_ros2_server:/home/rhobtor/PHD/ARGOJ8_IA/install/GUI_pkg:/home/rhobtor/PHD/reactive/Reactive-Navegation/workspace_full_conected/install/car:/opt/ros/humble /opt/st/stm32cubeclt_1.18.0/CMake/bin/cmake --build /home/rhobtor/PHD/ARGOJ8_IA/build/slg_msgs -- -j16 -l16
[1.191s] Invoking command in '/home/rhobtor/PHD/ARGOJ8_IA/build/slg_msgs': CMAKE_PREFIX_PATH=${CMAKE_PREFIX_PATH}:/home/rhobtor/PHD/ARGOJ8_IA/install/ntrip_client:/home/rhobtor/PHD/ARGOJ8_IA/install/car:/home/rhobtor/PHD/ARGOJ8_IA/install/android_ros2_server:/home/rhobtor/PHD/ARGOJ8_IA/install/GUI_pkg:/home/rhobtor/PHD/reactive/Reactive-Navegation/workspace_full_conected/install/car:/opt/ros/humble /opt/st/stm32cubeclt_1.18.0/CMake/bin/cmake --install /home/rhobtor/PHD/ARGOJ8_IA/build/slg_msgs
[1.270s] -- Install configuration: "Release"
[1.270s] -- Up-to-date: /home/rhobtor/PHD/ARGOJ8_IA/install/slg_msgs/share/ament_index/resource_index/rosidl_interfaces/slg_msgs
[1.270s] -- Up-to-date: /home/rhobtor/PHD/ARGOJ8_IA/install/slg_msgs/include/slg_msgs/slg_msgs
[1.270s] -- Up-to-date: /home/rhobtor/PHD/ARGOJ8_IA/install/slg_msgs/include/slg_msgs/slg_msgs/msg
[1.270s] -- Up-to-date: /home/rhobtor/PHD/ARGOJ8_IA/install/slg_msgs/include/slg_msgs/slg_msgs/msg/segment_array.h
[1.271s] -- Up-to-date: /home/rhobtor/PHD/ARGOJ8_IA/install/slg_msgs/include/slg_msgs/slg_msgs/msg/segment.h
[1.271s] -- Up-to-date: /home/rhobtor/PHD/ARGOJ8_IA/install/slg_msgs/include/slg_msgs/slg_msgs/msg/rosidl_generator_c__visibility_control.h
[1.271s] -- Up-to-date: /home/rhobtor/PHD/ARGOJ8_IA/install/slg_msgs/include/slg_msgs/slg_msgs/msg/detail
[1.271s] -- Up-to-date: /home/rhobtor/PHD/ARGOJ8_IA/install/slg_msgs/include/slg_msgs/slg_msgs/msg/detail/segment__functions.c
[1.271s] -- Up-to-date: /home/rhobtor/PHD/ARGOJ8_IA/install/slg_msgs/include/slg_msgs/slg_msgs/msg/detail/segment__type_support.h
[1.271s] -- Up-to-date: /home/rhobtor/PHD/ARGOJ8_IA/install/slg_msgs/include/slg_msgs/slg_msgs/msg/detail/segment_array__functions.h
[1.271s] -- Up-to-date: /home/rhobtor/PHD/ARGOJ8_IA/install/slg_msgs/include/slg_msgs/slg_msgs/msg/detail/segment_array__functions.c
[1.271s] -- Up-to-date: /home/rhobtor/PHD/ARGOJ8_IA/install/slg_msgs/include/slg_msgs/slg_msgs/msg/detail/segment_array__type_support.h
[1.271s] -- Up-to-date: /home/rhobtor/PHD/ARGOJ8_IA/install/slg_msgs/include/slg_msgs/slg_msgs/msg/detail/segment__struct.h
[1.273s] -- Up-to-date: /home/rhobtor/PHD/ARGOJ8_IA/install/slg_msgs/include/slg_msgs/slg_msgs/msg/detail/segment__functions.h
[1.273s] -- Up-to-date: /home/rhobtor/PHD/ARGOJ8_IA/install/slg_msgs/include/slg_msgs/slg_msgs/msg/detail/segment_array__struct.h
[1.273s] -- Up-to-date: /home/rhobtor/PHD/ARGOJ8_IA/install/slg_msgs/share/slg_msgs/environment/library_path.sh
[1.273s] -- Up-to-date: /home/rhobtor/PHD/ARGOJ8_IA/install/slg_msgs/share/slg_msgs/environment/library_path.dsv
[1.273s] -- Up-to-date: /home/rhobtor/PHD/ARGOJ8_IA/install/slg_msgs/lib/libslg_msgs__rosidl_generator_c.so
[1.273s] -- Up-to-date: /home/rhobtor/PHD/ARGOJ8_IA/install/slg_msgs/include/slg_msgs/slg_msgs
[1.273s] -- Up-to-date: /home/rhobtor/PHD/ARGOJ8_IA/install/slg_msgs/include/slg_msgs/slg_msgs/msg
[1.273s] -- Up-to-date: /home/rhobtor/PHD/ARGOJ8_IA/install/slg_msgs/include/slg_msgs/slg_msgs/msg/detail
[1.273s] -- Up-to-date: /home/rhobtor/PHD/ARGOJ8_IA/install/slg_msgs/include/slg_msgs/slg_msgs/msg/detail/segment_array__rosidl_typesupport_fastrtps_c.h
[1.273s] -- Up-to-date: /home/rhobtor/PHD/ARGOJ8_IA/install/slg_msgs/include/slg_msgs/slg_msgs/msg/detail/segment__rosidl_typesupport_fastrtps_c.h
[1.273s] -- Up-to-date: /home/rhobtor/PHD/ARGOJ8_IA/install/slg_msgs/include/slg_msgs/slg_msgs/msg/rosidl_typesupport_fastrtps_c__visibility_control.h
[1.275s] -- Up-to-date: /home/rhobtor/PHD/ARGOJ8_IA/install/slg_msgs/lib/libslg_msgs__rosidl_typesupport_fastrtps_c.so
[1.275s] -- Up-to-date: /home/rhobtor/PHD/ARGOJ8_IA/install/slg_msgs/include/slg_msgs/slg_msgs
[1.275s] -- Up-to-date: /home/rhobtor/PHD/ARGOJ8_IA/install/slg_msgs/include/slg_msgs/slg_msgs/msg
[1.276s] -- Up-to-date: /home/rhobtor/PHD/ARGOJ8_IA/install/slg_msgs/include/slg_msgs/slg_msgs/msg/rosidl_typesupport_introspection_c__visibility_control.h
[1.277s] -- Up-to-date: /home/rhobtor/PHD/ARGOJ8_IA/install/slg_msgs/include/slg_msgs/slg_msgs/msg/detail
[1.277s] -- Up-to-date: /home/rhobtor/PHD/ARGOJ8_IA/install/slg_msgs/include/slg_msgs/slg_msgs/msg/detail/segment__type_support.c
[1.278s] -- Up-to-date: /home/rhobtor/PHD/ARGOJ8_IA/install/slg_msgs/include/slg_msgs/slg_msgs/msg/detail/segment_array__type_support.c
[1.278s] -- Up-to-date: /home/rhobtor/PHD/ARGOJ8_IA/install/slg_msgs/include/slg_msgs/slg_msgs/msg/detail/segment_array__rosidl_typesupport_introspection_c.h
[1.278s] -- Up-to-date: /home/rhobtor/PHD/ARGOJ8_IA/install/slg_msgs/include/slg_msgs/slg_msgs/msg/detail/segment__rosidl_typesupport_introspection_c.h
[1.278s] -- Up-to-date: /home/rhobtor/PHD/ARGOJ8_IA/install/slg_msgs/lib/libslg_msgs__rosidl_typesupport_introspection_c.so
[1.278s] -- Up-to-date: /home/rhobtor/PHD/ARGOJ8_IA/install/slg_msgs/lib/libslg_msgs__rosidl_typesupport_c.so
[1.278s] -- Up-to-date: /home/rhobtor/PHD/ARGOJ8_IA/install/slg_msgs/include/slg_msgs/slg_msgs
[1.278s] -- Up-to-date: /home/rhobtor/PHD/ARGOJ8_IA/install/slg_msgs/include/slg_msgs/slg_msgs/msg
[1.278s] -- Up-to-date: /home/rhobtor/PHD/ARGOJ8_IA/install/slg_msgs/include/slg_msgs/slg_msgs/msg/rosidl_generator_cpp__visibility_control.hpp
[1.278s] -- Up-to-date: /home/rhobtor/PHD/ARGOJ8_IA/install/slg_msgs/include/slg_msgs/slg_msgs/msg/segment_array.hpp
[1.279s] -- Up-to-date: /home/rhobtor/PHD/ARGOJ8_IA/install/slg_msgs/include/slg_msgs/slg_msgs/msg/detail
[1.279s] -- Up-to-date: /home/rhobtor/PHD/ARGOJ8_IA/install/slg_msgs/include/slg_msgs/slg_msgs/msg/detail/segment_array__type_support.hpp
[1.279s] -- Up-to-date: /home/rhobtor/PHD/ARGOJ8_IA/install/slg_msgs/include/slg_msgs/slg_msgs/msg/detail/segment__struct.hpp
[1.279s] -- Up-to-date: /home/rhobtor/PHD/ARGOJ8_IA/install/slg_msgs/include/slg_msgs/slg_msgs/msg/detail/segment_array__builder.hpp
[1.279s] -- Up-to-date: /home/rhobtor/PHD/ARGOJ8_IA/install/slg_msgs/include/slg_msgs/slg_msgs/msg/detail/segment__builder.hpp
[1.279s] -- Up-to-date: /home/rhobtor/PHD/ARGOJ8_IA/install/slg_msgs/include/slg_msgs/slg_msgs/msg/detail/segment_array__struct.hpp
[1.280s] -- Up-to-date: /home/rhobtor/PHD/ARGOJ8_IA/install/slg_msgs/include/slg_msgs/slg_msgs/msg/detail/segment__type_support.hpp
[1.282s] -- Up-to-date: /home/rhobtor/PHD/ARGOJ8_IA/install/slg_msgs/include/slg_msgs/slg_msgs/msg/detail/segment_array__traits.hpp
[1.283s] -- Up-to-date: /home/rhobtor/PHD/ARGOJ8_IA/install/slg_msgs/include/slg_msgs/slg_msgs/msg/detail/segment__traits.hpp
[1.283s] -- Up-to-date: /home/rhobtor/PHD/ARGOJ8_IA/install/slg_msgs/include/slg_msgs/slg_msgs/msg/segment.hpp
[1.283s] -- Up-to-date: /home/rhobtor/PHD/ARGOJ8_IA/install/slg_msgs/include/slg_msgs/slg_msgs
[1.283s] -- Up-to-date: /home/rhobtor/PHD/ARGOJ8_IA/install/slg_msgs/include/slg_msgs/slg_msgs/msg
[1.283s] -- Up-to-date: /home/rhobtor/PHD/ARGOJ8_IA/install/slg_msgs/include/slg_msgs/slg_msgs/msg/rosidl_typesupport_fastrtps_cpp__visibility_control.h
[1.283s] -- Up-to-date: /home/rhobtor/PHD/ARGOJ8_IA/install/slg_msgs/include/slg_msgs/slg_msgs/msg/detail
[1.283s] -- Up-to-date: /home/rhobtor/PHD/ARGOJ8_IA/install/slg_msgs/include/slg_msgs/slg_msgs/msg/detail/segment_array__rosidl_typesupport_fastrtps_cpp.hpp
[1.283s] -- Up-to-date: /home/rhobtor/PHD/ARGOJ8_IA/install/slg_msgs/include/slg_msgs/slg_msgs/msg/detail/segment__rosidl_typesupport_fastrtps_cpp.hpp
[1.284s] -- Up-to-date: /home/rhobtor/PHD/ARGOJ8_IA/install/slg_msgs/include/slg_msgs/slg_msgs/msg/detail/dds_fastrtps
[1.284s] -- Up-to-date: /home/rhobtor/PHD/ARGOJ8_IA/install/slg_msgs/lib/libslg_msgs__rosidl_typesupport_fastrtps_cpp.so
[1.284s] -- Up-to-date: /home/rhobtor/PHD/ARGOJ8_IA/install/slg_msgs/include/slg_msgs/slg_msgs
[1.284s] -- Up-to-date: /home/rhobtor/PHD/ARGOJ8_IA/install/slg_msgs/include/slg_msgs/slg_msgs/msg
[1.284s] -- Up-to-date: /home/rhobtor/PHD/ARGOJ8_IA/install/slg_msgs/include/slg_msgs/slg_msgs/msg/detail
[1.284s] -- Up-to-date: /home/rhobtor/PHD/ARGOJ8_IA/install/slg_msgs/include/slg_msgs/slg_msgs/msg/detail/segment_array__type_support.cpp
[1.284s] -- Up-to-date: /home/rhobtor/PHD/ARGOJ8_IA/install/slg_msgs/include/slg_msgs/slg_msgs/msg/detail/segment__rosidl_typesupport_introspection_cpp.hpp
[1.284s] -- Up-to-date: /home/rhobtor/PHD/ARGOJ8_IA/install/slg_msgs/include/slg_msgs/slg_msgs/msg/detail/segment_array__rosidl_typesupport_introspection_cpp.hpp
[1.284s] -- Up-to-date: /home/rhobtor/PHD/ARGOJ8_IA/install/slg_msgs/include/slg_msgs/slg_msgs/msg/detail/segment__type_support.cpp
[1.284s] -- Up-to-date: /home/rhobtor/PHD/ARGOJ8_IA/install/slg_msgs/lib/libslg_msgs__rosidl_typesupport_introspection_cpp.so
[1.284s] -- Up-to-date: /home/rhobtor/PHD/ARGOJ8_IA/install/slg_msgs/lib/libslg_msgs__rosidl_typesupport_cpp.so
[1.284s] -- Up-to-date: /home/rhobtor/PHD/ARGOJ8_IA/install/slg_msgs/share/slg_msgs/environment/pythonpath.sh
[1.284s] -- Up-to-date: /home/rhobtor/PHD/ARGOJ8_IA/install/slg_msgs/share/slg_msgs/environment/pythonpath.dsv
[1.285s] -- Up-to-date: /home/rhobtor/PHD/ARGOJ8_IA/install/slg_msgs/local/lib/python3.10/dist-packages/slg_msgs-3.8.0-py3.10.egg-info
[1.285s] -- Installing: /home/rhobtor/PHD/ARGOJ8_IA/install/slg_msgs/local/lib/python3.10/dist-packages/slg_msgs-3.8.0-py3.10.egg-info/top_level.txt
[1.285s] -- Installing: /home/rhobtor/PHD/ARGOJ8_IA/install/slg_msgs/local/lib/python3.10/dist-packages/slg_msgs-3.8.0-py3.10.egg-info/SOURCES.txt
[1.285s] -- Installing: /home/rhobtor/PHD/ARGOJ8_IA/install/slg_msgs/local/lib/python3.10/dist-packages/slg_msgs-3.8.0-py3.10.egg-info/PKG-INFO
[1.285s] -- Installing: /home/rhobtor/PHD/ARGOJ8_IA/install/slg_msgs/local/lib/python3.10/dist-packages/slg_msgs-3.8.0-py3.10.egg-info/dependency_links.txt
[1.285s] -- Up-to-date: /home/rhobtor/PHD/ARGOJ8_IA/install/slg_msgs/local/lib/python3.10/dist-packages/slg_msgs
[1.285s] -- Up-to-date: /home/rhobtor/PHD/ARGOJ8_IA/install/slg_msgs/local/lib/python3.10/dist-packages/slg_msgs/slg_msgs_s__rosidl_typesupport_introspection_c.cpython-310-x86_64-linux-gnu.so
[1.285s] -- Up-to-date: /home/rhobtor/PHD/ARGOJ8_IA/install/slg_msgs/local/lib/python3.10/dist-packages/slg_msgs/_slg_msgs_s.ep.rosidl_typesupport_fastrtps_c.c
[1.285s] -- Up-to-date: /home/rhobtor/PHD/ARGOJ8_IA/install/slg_msgs/local/lib/python3.10/dist-packages/slg_msgs/_slg_msgs_s.ep.rosidl_typesupport_c.c
[1.285s] -- Up-to-date: /home/rhobtor/PHD/ARGOJ8_IA/install/slg_msgs/local/lib/python3.10/dist-packages/slg_msgs/_slg_msgs_s.ep.rosidl_typesupport_introspection_c.c
[1.285s] -- Up-to-date: /home/rhobtor/PHD/ARGOJ8_IA/install/slg_msgs/local/lib/python3.10/dist-packages/slg_msgs/__init__.py
[1.285s] -- Up-to-date: /home/rhobtor/PHD/ARGOJ8_IA/install/slg_msgs/local/lib/python3.10/dist-packages/slg_msgs/slg_msgs_s__rosidl_typesupport_fastrtps_c.cpython-310-x86_64-linux-gnu.so
[1.286s] -- Up-to-date: /home/rhobtor/PHD/ARGOJ8_IA/install/slg_msgs/local/lib/python3.10/dist-packages/slg_msgs/slg_msgs_s__rosidl_typesupport_c.cpython-310-x86_64-linux-gnu.so
[1.293s] -- Up-to-date: /home/rhobtor/PHD/ARGOJ8_IA/install/slg_msgs/local/lib/python3.10/dist-packages/slg_msgs/msg
[1.294s] -- Up-to-date: /home/rhobtor/PHD/ARGOJ8_IA/install/slg_msgs/local/lib/python3.10/dist-packages/slg_msgs/msg/_segment_array_s.c
[1.294s] -- Up-to-date: /home/rhobtor/PHD/ARGOJ8_IA/install/slg_msgs/local/lib/python3.10/dist-packages/slg_msgs/msg/__init__.py
[1.294s] -- Up-to-date: /home/rhobtor/PHD/ARGOJ8_IA/install/slg_msgs/local/lib/python3.10/dist-packages/slg_msgs/msg/_segment_array.py
[1.294s] -- Up-to-date: /home/rhobtor/PHD/ARGOJ8_IA/install/slg_msgs/local/lib/python3.10/dist-packages/slg_msgs/msg/_segment_s.c
[1.294s] -- Up-to-date: /home/rhobtor/PHD/ARGOJ8_IA/install/slg_msgs/local/lib/python3.10/dist-packages/slg_msgs/msg/_segment.py
[1.294s] -- Up-to-date: /home/rhobtor/PHD/ARGOJ8_IA/install/slg_msgs/local/lib/python3.10/dist-packages/slg_msgs/libslg_msgs__rosidl_generator_py.so
[1.500s] Listing '/home/rhobtor/PHD/ARGOJ8_IA/install/slg_msgs/local/lib/python3.10/dist-packages/slg_msgs'...
[1.500s] Listing '/home/rhobtor/PHD/ARGOJ8_IA/install/slg_msgs/local/lib/python3.10/dist-packages/slg_msgs/msg'...
[1.502s] -- Up-to-date: /home/rhobtor/PHD/ARGOJ8_IA/install/slg_msgs/local/lib/python3.10/dist-packages/slg_msgs/slg_msgs_s__rosidl_typesupport_fastrtps_c.cpython-310-x86_64-linux-gnu.so
[1.502s] -- Up-to-date: /home/rhobtor/PHD/ARGOJ8_IA/install/slg_msgs/local/lib/python3.10/dist-packages/slg_msgs/slg_msgs_s__rosidl_typesupport_introspection_c.cpython-310-x86_64-linux-gnu.so
[1.502s] -- Up-to-date: /home/rhobtor/PHD/ARGOJ8_IA/install/slg_msgs/local/lib/python3.10/dist-packages/slg_msgs/slg_msgs_s__rosidl_typesupport_c.cpython-310-x86_64-linux-gnu.so
[1.502s] -- Up-to-date: /home/rhobtor/PHD/ARGOJ8_IA/install/slg_msgs/lib/libslg_msgs__rosidl_generator_py.so
[1.502s] -- Up-to-date: /home/rhobtor/PHD/ARGOJ8_IA/install/slg_msgs/share/slg_msgs/msg/Segment.idl
[1.502s] -- Up-to-date: /home/rhobtor/PHD/ARGOJ8_IA/install/slg_msgs/share/slg_msgs/msg/SegmentArray.idl
[1.502s] -- Up-to-date: /home/rhobtor/PHD/ARGOJ8_IA/install/slg_msgs/share/slg_msgs/msg/Segment.msg
[1.502s] -- Up-to-date: /home/rhobtor/PHD/ARGOJ8_IA/install/slg_msgs/share/slg_msgs/msg/SegmentArray.msg
[1.502s] -- Up-to-date: /home/rhobtor/PHD/ARGOJ8_IA/install/slg_msgs/include/slg_msgs
[1.502s] -- Up-to-date: /home/rhobtor/PHD/ARGOJ8_IA/install/slg_msgs/include/slg_msgs/segment2D.hpp
[1.502s] -- Up-to-date: /home/rhobtor/PHD/ARGOJ8_IA/install/slg_msgs/include/slg_msgs/polygon.hpp
[1.502s] -- Up-to-date: /home/rhobtor/PHD/ARGOJ8_IA/install/slg_msgs/include/slg_msgs/point2D.hpp
[1.502s] -- Up-to-date: /home/rhobtor/PHD/ARGOJ8_IA/install/slg_msgs/share/ament_index/resource_index/package_run_dependencies/slg_msgs
[1.502s] -- Up-to-date: /home/rhobtor/PHD/ARGOJ8_IA/install/slg_msgs/share/ament_index/resource_index/parent_prefix_path/slg_msgs
[1.502s] -- Up-to-date: /home/rhobtor/PHD/ARGOJ8_IA/install/slg_msgs/share/slg_msgs/environment/ament_prefix_path.sh
[1.502s] -- Up-to-date: /home/rhobtor/PHD/ARGOJ8_IA/install/slg_msgs/share/slg_msgs/environment/ament_prefix_path.dsv
[1.503s] -- Up-to-date: /home/rhobtor/PHD/ARGOJ8_IA/install/slg_msgs/share/slg_msgs/environment/path.sh
[1.503s] -- Up-to-date: /home/rhobtor/PHD/ARGOJ8_IA/install/slg_msgs/share/slg_msgs/environment/path.dsv
[1.503s] -- Up-to-date: /home/rhobtor/PHD/ARGOJ8_IA/install/slg_msgs/share/slg_msgs/local_setup.bash
[1.503s] -- Up-to-date: /home/rhobtor/PHD/ARGOJ8_IA/install/slg_msgs/share/slg_msgs/local_setup.sh
[1.503s] -- Up-to-date: /home/rhobtor/PHD/ARGOJ8_IA/install/slg_msgs/share/slg_msgs/local_setup.zsh
[1.503s] -- Up-to-date: /home/rhobtor/PHD/ARGOJ8_IA/install/slg_msgs/share/slg_msgs/local_setup.dsv
[1.503s] -- Installing: /home/rhobtor/PHD/ARGOJ8_IA/install/slg_msgs/share/slg_msgs/package.dsv
[1.503s] -- Up-to-date: /home/rhobtor/PHD/ARGOJ8_IA/install/slg_msgs/share/ament_index/resource_index/packages/slg_msgs
[1.503s] -- Up-to-date: /home/rhobtor/PHD/ARGOJ8_IA/install/slg_msgs/share/slg_msgs/cmake/export_slg_msgs__rosidl_generator_cExport.cmake
[1.503s] -- Up-to-date: /home/rhobtor/PHD/ARGOJ8_IA/install/slg_msgs/share/slg_msgs/cmake/export_slg_msgs__rosidl_generator_cExport-release.cmake
[1.503s] -- Up-to-date: /home/rhobtor/PHD/ARGOJ8_IA/install/slg_msgs/share/slg_msgs/cmake/export_slg_msgs__rosidl_typesupport_fastrtps_cExport.cmake
[1.503s] -- Up-to-date: /home/rhobtor/PHD/ARGOJ8_IA/install/slg_msgs/share/slg_msgs/cmake/export_slg_msgs__rosidl_typesupport_fastrtps_cExport-release.cmake
[1.503s] -- Up-to-date: /home/rhobtor/PHD/ARGOJ8_IA/install/slg_msgs/share/slg_msgs/cmake/slg_msgs__rosidl_typesupport_introspection_cExport.cmake
[1.503s] -- Up-to-date: /home/rhobtor/PHD/ARGOJ8_IA/install/slg_msgs/share/slg_msgs/cmake/slg_msgs__rosidl_typesupport_introspection_cExport-release.cmake
[1.504s] -- Up-to-date: /home/rhobtor/PHD/ARGOJ8_IA/install/slg_msgs/share/slg_msgs/cmake/slg_msgs__rosidl_typesupport_cExport.cmake
[1.504s] -- Up-to-date: /home/rhobtor/PHD/ARGOJ8_IA/install/slg_msgs/share/slg_msgs/cmake/slg_msgs__rosidl_typesupport_cExport-release.cmake
[1.504s] -- Up-to-date: /home/rhobtor/PHD/ARGOJ8_IA/install/slg_msgs/share/slg_msgs/cmake/export_slg_msgs__rosidl_generator_cppExport.cmake
[1.504s] -- Up-to-date: /home/rhobtor/PHD/ARGOJ8_IA/install/slg_msgs/share/slg_msgs/cmake/export_slg_msgs__rosidl_typesupport_fastrtps_cppExport.cmake
[1.504s] -- Up-to-date: /home/rhobtor/PHD/ARGOJ8_IA/install/slg_msgs/share/slg_msgs/cmake/export_slg_msgs__rosidl_typesupport_fastrtps_cppExport-release.cmake
[1.504s] -- Up-to-date: /home/rhobtor/PHD/ARGOJ8_IA/install/slg_msgs/share/slg_msgs/cmake/slg_msgs__rosidl_typesupport_introspection_cppExport.cmake
[1.504s] -- Up-to-date: /home/rhobtor/PHD/ARGOJ8_IA/install/slg_msgs/share/slg_msgs/cmake/slg_msgs__rosidl_typesupport_introspection_cppExport-release.cmake
[1.504s] -- Up-to-date: /home/rhobtor/PHD/ARGOJ8_IA/install/slg_msgs/share/slg_msgs/cmake/slg_msgs__rosidl_typesupport_cppExport.cmake
[1.504s] -- Up-to-date: /home/rhobtor/PHD/ARGOJ8_IA/install/slg_msgs/share/slg_msgs/cmake/slg_msgs__rosidl_typesupport_cppExport-release.cmake
[1.504s] -- Up-to-date: /home/rhobtor/PHD/ARGOJ8_IA/install/slg_msgs/share/slg_msgs/cmake/export_slg_msgs__rosidl_generator_pyExport.cmake
[1.504s] -- Up-to-date: /home/rhobtor/PHD/ARGOJ8_IA/install/slg_msgs/share/slg_msgs/cmake/export_slg_msgs__rosidl_generator_pyExport-release.cmake
[1.504s] -- Up-to-date: /home/rhobtor/PHD/ARGOJ8_IA/install/slg_msgs/share/slg_msgs/cmake/export_slg_msgsExport.cmake
[1.504s] -- Up-to-date: /home/rhobtor/PHD/ARGOJ8_IA/install/slg_msgs/share/slg_msgs/cmake/rosidl_cmake-extras.cmake
[1.504s] -- Up-to-date: /home/rhobtor/PHD/ARGOJ8_IA/install/slg_msgs/share/slg_msgs/cmake/ament_cmake_export_dependencies-extras.cmake
[1.504s] -- Up-to-date: /home/rhobtor/PHD/ARGOJ8_IA/install/slg_msgs/share/slg_msgs/cmake/ament_cmake_export_include_directories-extras.cmake
[1.504s] -- Up-to-date: /home/rhobtor/PHD/ARGOJ8_IA/install/slg_msgs/share/slg_msgs/cmake/ament_cmake_export_libraries-extras.cmake
[1.504s] -- Up-to-date: /home/rhobtor/PHD/ARGOJ8_IA/install/slg_msgs/share/slg_msgs/cmake/ament_cmake_export_targets-extras.cmake
[1.504s] -- Up-to-date: /home/rhobtor/PHD/ARGOJ8_IA/install/slg_msgs/share/slg_msgs/cmake/rosidl_cmake_export_typesupport_targets-extras.cmake
[1.504s] -- Up-to-date: /home/rhobtor/PHD/ARGOJ8_IA/install/slg_msgs/share/slg_msgs/cmake/rosidl_cmake_export_typesupport_libraries-extras.cmake
[1.504s] -- Up-to-date: /home/rhobtor/PHD/ARGOJ8_IA/install/slg_msgs/share/slg_msgs/cmake/slg_msgsConfig.cmake
[1.504s] -- Up-to-date: /home/rhobtor/PHD/ARGOJ8_IA/install/slg_msgs/share/slg_msgs/cmake/slg_msgsConfig-version.cmake
[1.504s] -- Up-to-date: /home/rhobtor/PHD/ARGOJ8_IA/install/slg_msgs/share/slg_msgs/package.xml
[1.777s] Invoked command in '/home/rhobtor/PHD/ARGOJ8_IA/build/slg_msgs' returned '0': CMAKE_PREFIX_PATH=${CMAKE_PREFIX_PATH}:/home/rhobtor/PHD/ARGOJ8_IA/install/ntrip_client:/home/rhobtor/PHD/ARGOJ8_IA/install/car:/home/rhobtor/PHD/ARGOJ8_IA/install/android_ros2_server:/home/rhobtor/PHD/ARGOJ8_IA/install/GUI_pkg:/home/rhobtor/PHD/reactive/Reactive-Navegation/workspace_full_conected/install/car:/opt/ros/humble /opt/st/stm32cubeclt_1.18.0/CMake/bin/cmake --install /home/rhobtor/PHD/ARGOJ8_IA/build/slg_msgs
