[0.073s] Invoking command in '/home/rhobtor/PHD/ARGOJ8_IA/build/ctl_mission_interfaces': CMAKE_PREFIX_PATH=${CMAKE_PREFIX_PATH}:/home/rhobtor/PHD/ARGOJ8_IA/install/ntrip_client:/home/rhobtor/PHD/ARGOJ8_IA/install/car:/home/rhobtor/PHD/ARGOJ8_IA/install/android_ros2_server:/home/rhobtor/PHD/ARGOJ8_IA/install/GUI_pkg:/home/rhobtor/PHD/reactive/Reactive-Navegation/workspace_full_conected/install/car:/opt/ros/humble /opt/st/stm32cubeclt_1.18.0/CMake/bin/cmake --build /home/rhobtor/PHD/ARGOJ8_IA/build/ctl_mission_interfaces -- -j16 -l16
[0.817s] [ 12%] Built target ctl_mission_interfaces__rosidl_generator_c
[0.817s] [ 12%] Built target ctl_mission_interfaces__cpp
[0.817s] [ 12%] Built target ament_cmake_python_copy_ctl_mission_interfaces
[0.817s] [ 24%] Built target ctl_mission_interfaces__rosidl_typesupport_c
[0.817s] [ 36%] Built target ctl_mission_interfaces__rosidl_typesupport_introspection_c
[0.817s] [ 48%] Built target ctl_mission_interfaces__rosidl_typesupport_introspection_cpp
[0.817s] [ 60%] Built target ctl_mission_interfaces__rosidl_typesupport_fastrtps_c
[0.817s] [ 72%] Built target ctl_mission_interfaces__rosidl_typesupport_cpp
[0.817s] [ 83%] Built target ctl_mission_interfaces__rosidl_typesupport_fastrtps_cpp
[0.817s] [ 83%] Built target ctl_mission_interfaces
[0.817s] [ 84%] Built target ctl_mission_interfaces__py
[0.817s] [ 95%] Built target ctl_mission_interfaces__rosidl_generator_py
[0.817s] [ 99%] Built target ctl_mission_interfaces__rosidl_typesupport_fastrtps_c__pyext
[0.817s] [ 98%] Built target ctl_mission_interfaces__rosidl_typesupport_introspection_c__pyext
[0.818s] [100%] Built target ctl_mission_interfaces__rosidl_typesupport_c__pyext
[0.818s] running egg_info
[0.818s] writing ctl_mission_interfaces.egg-info/PKG-INFO
[0.818s] writing dependency_links to ctl_mission_interfaces.egg-info/dependency_links.txt
[0.818s] writing top-level names to ctl_mission_interfaces.egg-info/top_level.txt
[0.818s] reading manifest file 'ctl_mission_interfaces.egg-info/SOURCES.txt'
[0.818s] writing manifest file 'ctl_mission_interfaces.egg-info/SOURCES.txt'
[0.819s] [100%] Built target ament_cmake_python_build_ctl_mission_interfaces_egg
[0.838s] Invoked command in '/home/rhobtor/PHD/ARGOJ8_IA/build/ctl_mission_interfaces' returned '0': CMAKE_PREFIX_PATH=${CMAKE_PREFIX_PATH}:/home/rhobtor/PHD/ARGOJ8_IA/install/ntrip_client:/home/rhobtor/PHD/ARGOJ8_IA/install/car:/home/rhobtor/PHD/ARGOJ8_IA/install/android_ros2_server:/home/rhobtor/PHD/ARGOJ8_IA/install/GUI_pkg:/home/rhobtor/PHD/reactive/Reactive-Navegation/workspace_full_conected/install/car:/opt/ros/humble /opt/st/stm32cubeclt_1.18.0/CMake/bin/cmake --build /home/rhobtor/PHD/ARGOJ8_IA/build/ctl_mission_interfaces -- -j16 -l16
[0.841s] Invoking command in '/home/rhobtor/PHD/ARGOJ8_IA/build/ctl_mission_interfaces': CMAKE_PREFIX_PATH=${CMAKE_PREFIX_PATH}:/home/rhobtor/PHD/ARGOJ8_IA/install/ntrip_client:/home/rhobtor/PHD/ARGOJ8_IA/install/car:/home/rhobtor/PHD/ARGOJ8_IA/install/android_ros2_server:/home/rhobtor/PHD/ARGOJ8_IA/install/GUI_pkg:/home/rhobtor/PHD/reactive/Reactive-Navegation/workspace_full_conected/install/car:/opt/ros/humble /opt/st/stm32cubeclt_1.18.0/CMake/bin/cmake --install /home/rhobtor/PHD/ARGOJ8_IA/build/ctl_mission_interfaces
[0.932s] -- Install configuration: ""
[0.932s] -- Up-to-date: /home/rhobtor/PHD/ARGOJ8_IA/install/ctl_mission_interfaces/share/ament_index/resource_index/rosidl_interfaces/ctl_mission_interfaces
[0.932s] -- Up-to-date: /home/rhobtor/PHD/ARGOJ8_IA/install/ctl_mission_interfaces/include/ctl_mission_interfaces/ctl_mission_interfaces
[0.932s] -- Up-to-date: /home/rhobtor/PHD/ARGOJ8_IA/install/ctl_mission_interfaces/include/ctl_mission_interfaces/ctl_mission_interfaces/srv
[0.932s] -- Up-to-date: /home/rhobtor/PHD/ARGOJ8_IA/install/ctl_mission_interfaces/include/ctl_mission_interfaces/ctl_mission_interfaces/srv/config_stanley_ctrl.h
[0.933s] -- Up-to-date: /home/rhobtor/PHD/ARGOJ8_IA/install/ctl_mission_interfaces/include/ctl_mission_interfaces/ctl_mission_interfaces/srv/change_speed.h
[0.933s] -- Up-to-date: /home/rhobtor/PHD/ARGOJ8_IA/install/ctl_mission_interfaces/include/ctl_mission_interfaces/ctl_mission_interfaces/srv/config_dynamic_pure_ctrl.h
[0.937s] -- Up-to-date: /home/rhobtor/PHD/ARGOJ8_IA/install/ctl_mission_interfaces/include/ctl_mission_interfaces/ctl_mission_interfaces/srv/change_controller.h
[0.941s] -- Up-to-date: /home/rhobtor/PHD/ARGOJ8_IA/install/ctl_mission_interfaces/include/ctl_mission_interfaces/ctl_mission_interfaces/srv/config_dynamic_la_pure_ctrl.h
[0.941s] -- Up-to-date: /home/rhobtor/PHD/ARGOJ8_IA/install/ctl_mission_interfaces/include/ctl_mission_interfaces/ctl_mission_interfaces/srv/detail
[0.941s] -- Up-to-date: /home/rhobtor/PHD/ARGOJ8_IA/install/ctl_mission_interfaces/include/ctl_mission_interfaces/ctl_mission_interfaces/srv/detail/change_mode__functions.c
[0.941s] -- Up-to-date: /home/rhobtor/PHD/ARGOJ8_IA/install/ctl_mission_interfaces/include/ctl_mission_interfaces/ctl_mission_interfaces/srv/detail/change_controller__functions.c
[0.942s] -- Up-to-date: /home/rhobtor/PHD/ARGOJ8_IA/install/ctl_mission_interfaces/include/ctl_mission_interfaces/ctl_mission_interfaces/srv/detail/change_mode__type_support.h
[0.942s] -- Up-to-date: /home/rhobtor/PHD/ARGOJ8_IA/install/ctl_mission_interfaces/include/ctl_mission_interfaces/ctl_mission_interfaces/srv/detail/config_dynamic_pure_ctrl__type_support.h
[0.942s] -- Up-to-date: /home/rhobtor/PHD/ARGOJ8_IA/install/ctl_mission_interfaces/include/ctl_mission_interfaces/ctl_mission_interfaces/srv/detail/config_regulated_pure_ctrl__functions.c
[0.942s] -- Up-to-date: /home/rhobtor/PHD/ARGOJ8_IA/install/ctl_mission_interfaces/include/ctl_mission_interfaces/ctl_mission_interfaces/srv/detail/config_pure_pursuit_ctrl__struct.h
[0.942s] -- Up-to-date: /home/rhobtor/PHD/ARGOJ8_IA/install/ctl_mission_interfaces/include/ctl_mission_interfaces/ctl_mission_interfaces/srv/detail/config_dynamic_la_pure_ctrl__struct.h
[0.942s] -- Up-to-date: /home/rhobtor/PHD/ARGOJ8_IA/install/ctl_mission_interfaces/include/ctl_mission_interfaces/ctl_mission_interfaces/srv/detail/get_mode__struct.h
[0.942s] -- Up-to-date: /home/rhobtor/PHD/ARGOJ8_IA/install/ctl_mission_interfaces/include/ctl_mission_interfaces/ctl_mission_interfaces/srv/detail/change_speed__type_support.h
[0.942s] -- Up-to-date: /home/rhobtor/PHD/ARGOJ8_IA/install/ctl_mission_interfaces/include/ctl_mission_interfaces/ctl_mission_interfaces/srv/detail/get_possible_transitions__functions.c
[0.942s] -- Up-to-date: /home/rhobtor/PHD/ARGOJ8_IA/install/ctl_mission_interfaces/include/ctl_mission_interfaces/ctl_mission_interfaces/srv/detail/get_possible_transitions__functions.h
[0.942s] -- Up-to-date: /home/rhobtor/PHD/ARGOJ8_IA/install/ctl_mission_interfaces/include/ctl_mission_interfaces/ctl_mission_interfaces/srv/detail/config_dynamic_la_pure_ctrl__functions.h
[0.942s] -- Up-to-date: /home/rhobtor/PHD/ARGOJ8_IA/install/ctl_mission_interfaces/include/ctl_mission_interfaces/ctl_mission_interfaces/srv/detail/config_simple_ctl__struct.h
[0.946s] -- Up-to-date: /home/rhobtor/PHD/ARGOJ8_IA/install/ctl_mission_interfaces/include/ctl_mission_interfaces/ctl_mission_interfaces/srv/detail/change_mode__struct.h
[0.947s] -- Up-to-date: /home/rhobtor/PHD/ARGOJ8_IA/install/ctl_mission_interfaces/include/ctl_mission_interfaces/ctl_mission_interfaces/srv/detail/change_speed__struct.h
[0.979s] -- Up-to-date: /home/rhobtor/PHD/ARGOJ8_IA/install/ctl_mission_interfaces/include/ctl_mission_interfaces/ctl_mission_interfaces/srv/detail/config_pure_pursuit_ctrl__type_support.h
[0.979s] -- Up-to-date: /home/rhobtor/PHD/ARGOJ8_IA/install/ctl_mission_interfaces/include/ctl_mission_interfaces/ctl_mission_interfaces/srv/detail/get_possible_transitions__type_support.h
[0.979s] -- Up-to-date: /home/rhobtor/PHD/ARGOJ8_IA/install/ctl_mission_interfaces/include/ctl_mission_interfaces/ctl_mission_interfaces/srv/detail/config_pure_pursuit_ctrl__functions.h
[0.979s] -- Up-to-date: /home/rhobtor/PHD/ARGOJ8_IA/install/ctl_mission_interfaces/include/ctl_mission_interfaces/ctl_mission_interfaces/srv/detail/config_pure_pursuit_ctrl__functions.c
[0.980s] -- Up-to-date: /home/rhobtor/PHD/ARGOJ8_IA/install/ctl_mission_interfaces/include/ctl_mission_interfaces/ctl_mission_interfaces/srv/detail/change_controller__type_support.h
[0.980s] -- Up-to-date: /home/rhobtor/PHD/ARGOJ8_IA/install/ctl_mission_interfaces/include/ctl_mission_interfaces/ctl_mission_interfaces/srv/detail/config_simple_ctl__functions.c
[0.980s] -- Up-to-date: /home/rhobtor/PHD/ARGOJ8_IA/install/ctl_mission_interfaces/include/ctl_mission_interfaces/ctl_mission_interfaces/srv/detail/get_mode__type_support.h
[0.980s] -- Up-to-date: /home/rhobtor/PHD/ARGOJ8_IA/install/ctl_mission_interfaces/include/ctl_mission_interfaces/ctl_mission_interfaces/srv/detail/config_simple_ctl__type_support.h
[0.980s] -- Up-to-date: /home/rhobtor/PHD/ARGOJ8_IA/install/ctl_mission_interfaces/include/ctl_mission_interfaces/ctl_mission_interfaces/srv/detail/change_speed__functions.h
[0.981s] -- Up-to-date: /home/rhobtor/PHD/ARGOJ8_IA/install/ctl_mission_interfaces/include/ctl_mission_interfaces/ctl_mission_interfaces/srv/detail/config_simple_ctl__functions.h
[0.981s] -- Up-to-date: /home/rhobtor/PHD/ARGOJ8_IA/install/ctl_mission_interfaces/include/ctl_mission_interfaces/ctl_mission_interfaces/srv/detail/config_stanley_ctrl__functions.h
[0.981s] -- Up-to-date: /home/rhobtor/PHD/ARGOJ8_IA/install/ctl_mission_interfaces/include/ctl_mission_interfaces/ctl_mission_interfaces/srv/detail/config_stanley_ctrl__functions.c
[0.981s] -- Up-to-date: /home/rhobtor/PHD/ARGOJ8_IA/install/ctl_mission_interfaces/include/ctl_mission_interfaces/ctl_mission_interfaces/srv/detail/change_speed__functions.c
[0.981s] -- Up-to-date: /home/rhobtor/PHD/ARGOJ8_IA/install/ctl_mission_interfaces/include/ctl_mission_interfaces/ctl_mission_interfaces/srv/detail/get_mode__functions.h
[0.981s] -- Up-to-date: /home/rhobtor/PHD/ARGOJ8_IA/install/ctl_mission_interfaces/include/ctl_mission_interfaces/ctl_mission_interfaces/srv/detail/change_controller__functions.h
[0.981s] -- Up-to-date: /home/rhobtor/PHD/ARGOJ8_IA/install/ctl_mission_interfaces/include/ctl_mission_interfaces/ctl_mission_interfaces/srv/detail/config_regulated_pure_ctrl__struct.h
[0.981s] -- Up-to-date: /home/rhobtor/PHD/ARGOJ8_IA/install/ctl_mission_interfaces/include/ctl_mission_interfaces/ctl_mission_interfaces/srv/detail/config_stanley_ctrl__struct.h
[0.981s] -- Up-to-date: /home/rhobtor/PHD/ARGOJ8_IA/install/ctl_mission_interfaces/include/ctl_mission_interfaces/ctl_mission_interfaces/srv/detail/config_dynamic_pure_ctrl__functions.c
[0.982s] -- Up-to-date: /home/rhobtor/PHD/ARGOJ8_IA/install/ctl_mission_interfaces/include/ctl_mission_interfaces/ctl_mission_interfaces/srv/detail/get_possible_transitions__struct.h
[0.982s] -- Up-to-date: /home/rhobtor/PHD/ARGOJ8_IA/install/ctl_mission_interfaces/include/ctl_mission_interfaces/ctl_mission_interfaces/srv/detail/get_mode__functions.c
[0.982s] -- Up-to-date: /home/rhobtor/PHD/ARGOJ8_IA/install/ctl_mission_interfaces/include/ctl_mission_interfaces/ctl_mission_interfaces/srv/detail/config_dynamic_pure_ctrl__struct.h
[0.982s] -- Up-to-date: /home/rhobtor/PHD/ARGOJ8_IA/install/ctl_mission_interfaces/include/ctl_mission_interfaces/ctl_mission_interfaces/srv/detail/config_regulated_pure_ctrl__functions.h
[0.982s] -- Up-to-date: /home/rhobtor/PHD/ARGOJ8_IA/install/ctl_mission_interfaces/include/ctl_mission_interfaces/ctl_mission_interfaces/srv/detail/config_dynamic_pure_ctrl__functions.h
[0.982s] -- Up-to-date: /home/rhobtor/PHD/ARGOJ8_IA/install/ctl_mission_interfaces/include/ctl_mission_interfaces/ctl_mission_interfaces/srv/detail/config_regulated_pure_ctrl__type_support.h
[0.982s] -- Up-to-date: /home/rhobtor/PHD/ARGOJ8_IA/install/ctl_mission_interfaces/include/ctl_mission_interfaces/ctl_mission_interfaces/srv/detail/config_stanley_ctrl__type_support.h
[0.982s] -- Up-to-date: /home/rhobtor/PHD/ARGOJ8_IA/install/ctl_mission_interfaces/include/ctl_mission_interfaces/ctl_mission_interfaces/srv/detail/config_dynamic_la_pure_ctrl__type_support.h
[0.982s] -- Up-to-date: /home/rhobtor/PHD/ARGOJ8_IA/install/ctl_mission_interfaces/include/ctl_mission_interfaces/ctl_mission_interfaces/srv/detail/change_mode__functions.h
[0.983s] -- Up-to-date: /home/rhobtor/PHD/ARGOJ8_IA/install/ctl_mission_interfaces/include/ctl_mission_interfaces/ctl_mission_interfaces/srv/detail/change_controller__struct.h
[0.983s] -- Up-to-date: /home/rhobtor/PHD/ARGOJ8_IA/install/ctl_mission_interfaces/include/ctl_mission_interfaces/ctl_mission_interfaces/srv/detail/config_dynamic_la_pure_ctrl__functions.c
[0.983s] -- Up-to-date: /home/rhobtor/PHD/ARGOJ8_IA/install/ctl_mission_interfaces/include/ctl_mission_interfaces/ctl_mission_interfaces/srv/change_mode.h
[0.983s] -- Up-to-date: /home/rhobtor/PHD/ARGOJ8_IA/install/ctl_mission_interfaces/include/ctl_mission_interfaces/ctl_mission_interfaces/srv/get_possible_transitions.h
[0.983s] -- Up-to-date: /home/rhobtor/PHD/ARGOJ8_IA/install/ctl_mission_interfaces/include/ctl_mission_interfaces/ctl_mission_interfaces/srv/config_regulated_pure_ctrl.h
[0.983s] -- Up-to-date: /home/rhobtor/PHD/ARGOJ8_IA/install/ctl_mission_interfaces/include/ctl_mission_interfaces/ctl_mission_interfaces/srv/get_mode.h
[0.983s] -- Up-to-date: /home/rhobtor/PHD/ARGOJ8_IA/install/ctl_mission_interfaces/include/ctl_mission_interfaces/ctl_mission_interfaces/srv/config_simple_ctl.h
[0.983s] -- Up-to-date: /home/rhobtor/PHD/ARGOJ8_IA/install/ctl_mission_interfaces/include/ctl_mission_interfaces/ctl_mission_interfaces/srv/config_pure_pursuit_ctrl.h
[0.983s] -- Up-to-date: /home/rhobtor/PHD/ARGOJ8_IA/install/ctl_mission_interfaces/include/ctl_mission_interfaces/ctl_mission_interfaces/msg
[0.983s] -- Up-to-date: /home/rhobtor/PHD/ARGOJ8_IA/install/ctl_mission_interfaces/include/ctl_mission_interfaces/ctl_mission_interfaces/msg/rosidl_generator_c__visibility_control.h
[0.983s] -- Up-to-date: /home/rhobtor/PHD/ARGOJ8_IA/install/ctl_mission_interfaces/share/ctl_mission_interfaces/environment/library_path.sh
[0.984s] -- Up-to-date: /home/rhobtor/PHD/ARGOJ8_IA/install/ctl_mission_interfaces/share/ctl_mission_interfaces/environment/library_path.dsv
[0.984s] -- Up-to-date: /home/rhobtor/PHD/ARGOJ8_IA/install/ctl_mission_interfaces/lib/libctl_mission_interfaces__rosidl_generator_c.so
[0.984s] -- Up-to-date: /home/rhobtor/PHD/ARGOJ8_IA/install/ctl_mission_interfaces/include/ctl_mission_interfaces/ctl_mission_interfaces
[0.984s] -- Up-to-date: /home/rhobtor/PHD/ARGOJ8_IA/install/ctl_mission_interfaces/include/ctl_mission_interfaces/ctl_mission_interfaces/srv
[0.984s] -- Up-to-date: /home/rhobtor/PHD/ARGOJ8_IA/install/ctl_mission_interfaces/include/ctl_mission_interfaces/ctl_mission_interfaces/srv/detail
[0.984s] -- Up-to-date: /home/rhobtor/PHD/ARGOJ8_IA/install/ctl_mission_interfaces/include/ctl_mission_interfaces/ctl_mission_interfaces/srv/detail/change_speed__rosidl_typesupport_fastrtps_c.h
[0.984s] -- Up-to-date: /home/rhobtor/PHD/ARGOJ8_IA/install/ctl_mission_interfaces/include/ctl_mission_interfaces/ctl_mission_interfaces/srv/detail/config_dynamic_pure_ctrl__rosidl_typesupport_fastrtps_c.h
[0.984s] -- Up-to-date: /home/rhobtor/PHD/ARGOJ8_IA/install/ctl_mission_interfaces/include/ctl_mission_interfaces/ctl_mission_interfaces/srv/detail/config_simple_ctl__rosidl_typesupport_fastrtps_c.h
[0.984s] -- Up-to-date: /home/rhobtor/PHD/ARGOJ8_IA/install/ctl_mission_interfaces/include/ctl_mission_interfaces/ctl_mission_interfaces/srv/detail/change_controller__rosidl_typesupport_fastrtps_c.h
[0.984s] -- Up-to-date: /home/rhobtor/PHD/ARGOJ8_IA/install/ctl_mission_interfaces/include/ctl_mission_interfaces/ctl_mission_interfaces/srv/detail/change_mode__rosidl_typesupport_fastrtps_c.h
[0.984s] -- Up-to-date: /home/rhobtor/PHD/ARGOJ8_IA/install/ctl_mission_interfaces/include/ctl_mission_interfaces/ctl_mission_interfaces/srv/detail/config_stanley_ctrl__rosidl_typesupport_fastrtps_c.h
[0.990s] -- Up-to-date: /home/rhobtor/PHD/ARGOJ8_IA/install/ctl_mission_interfaces/include/ctl_mission_interfaces/ctl_mission_interfaces/srv/detail/config_pure_pursuit_ctrl__rosidl_typesupport_fastrtps_c.h
[0.990s] -- Up-to-date: /home/rhobtor/PHD/ARGOJ8_IA/install/ctl_mission_interfaces/include/ctl_mission_interfaces/ctl_mission_interfaces/srv/detail/config_regulated_pure_ctrl__rosidl_typesupport_fastrtps_c.h
[0.990s] -- Up-to-date: /home/rhobtor/PHD/ARGOJ8_IA/install/ctl_mission_interfaces/include/ctl_mission_interfaces/ctl_mission_interfaces/srv/detail/get_mode__rosidl_typesupport_fastrtps_c.h
[0.990s] -- Up-to-date: /home/rhobtor/PHD/ARGOJ8_IA/install/ctl_mission_interfaces/include/ctl_mission_interfaces/ctl_mission_interfaces/srv/detail/config_dynamic_la_pure_ctrl__rosidl_typesupport_fastrtps_c.h
[0.990s] -- Up-to-date: /home/rhobtor/PHD/ARGOJ8_IA/install/ctl_mission_interfaces/include/ctl_mission_interfaces/ctl_mission_interfaces/srv/detail/get_possible_transitions__rosidl_typesupport_fastrtps_c.h
[0.990s] -- Up-to-date: /home/rhobtor/PHD/ARGOJ8_IA/install/ctl_mission_interfaces/include/ctl_mission_interfaces/ctl_mission_interfaces/msg
[0.990s] -- Up-to-date: /home/rhobtor/PHD/ARGOJ8_IA/install/ctl_mission_interfaces/include/ctl_mission_interfaces/ctl_mission_interfaces/msg/rosidl_typesupport_fastrtps_c__visibility_control.h
[0.990s] -- Up-to-date: /home/rhobtor/PHD/ARGOJ8_IA/install/ctl_mission_interfaces/lib/libctl_mission_interfaces__rosidl_typesupport_fastrtps_c.so
[0.990s] -- Up-to-date: /home/rhobtor/PHD/ARGOJ8_IA/install/ctl_mission_interfaces/include/ctl_mission_interfaces/ctl_mission_interfaces
[0.990s] -- Up-to-date: /home/rhobtor/PHD/ARGOJ8_IA/install/ctl_mission_interfaces/include/ctl_mission_interfaces/ctl_mission_interfaces/srv
[0.990s] -- Up-to-date: /home/rhobtor/PHD/ARGOJ8_IA/install/ctl_mission_interfaces/include/ctl_mission_interfaces/ctl_mission_interfaces/srv/detail
[0.991s] -- Up-to-date: /home/rhobtor/PHD/ARGOJ8_IA/install/ctl_mission_interfaces/include/ctl_mission_interfaces/ctl_mission_interfaces/srv/detail/config_dynamic_la_pure_ctrl__type_support.c
[0.991s] -- Up-to-date: /home/rhobtor/PHD/ARGOJ8_IA/install/ctl_mission_interfaces/include/ctl_mission_interfaces/ctl_mission_interfaces/srv/detail/get_mode__rosidl_typesupport_introspection_c.h
[0.991s] -- Up-to-date: /home/rhobtor/PHD/ARGOJ8_IA/install/ctl_mission_interfaces/include/ctl_mission_interfaces/ctl_mission_interfaces/srv/detail/change_mode__type_support.c
[0.991s] -- Up-to-date: /home/rhobtor/PHD/ARGOJ8_IA/install/ctl_mission_interfaces/include/ctl_mission_interfaces/ctl_mission_interfaces/srv/detail/config_stanley_ctrl__type_support.c
[0.991s] -- Up-to-date: /home/rhobtor/PHD/ARGOJ8_IA/install/ctl_mission_interfaces/include/ctl_mission_interfaces/ctl_mission_interfaces/srv/detail/config_dynamic_pure_ctrl__type_support.c
[0.991s] -- Up-to-date: /home/rhobtor/PHD/ARGOJ8_IA/install/ctl_mission_interfaces/include/ctl_mission_interfaces/ctl_mission_interfaces/srv/detail/config_dynamic_pure_ctrl__rosidl_typesupport_introspection_c.h
[0.991s] -- Up-to-date: /home/rhobtor/PHD/ARGOJ8_IA/install/ctl_mission_interfaces/include/ctl_mission_interfaces/ctl_mission_interfaces/srv/detail/get_mode__type_support.c
[0.991s] -- Up-to-date: /home/rhobtor/PHD/ARGOJ8_IA/install/ctl_mission_interfaces/include/ctl_mission_interfaces/ctl_mission_interfaces/srv/detail/get_possible_transitions__type_support.c
[0.991s] -- Up-to-date: /home/rhobtor/PHD/ARGOJ8_IA/install/ctl_mission_interfaces/include/ctl_mission_interfaces/ctl_mission_interfaces/srv/detail/change_controller__type_support.c
[0.991s] -- Up-to-date: /home/rhobtor/PHD/ARGOJ8_IA/install/ctl_mission_interfaces/include/ctl_mission_interfaces/ctl_mission_interfaces/srv/detail/change_controller__rosidl_typesupport_introspection_c.h
[0.991s] -- Up-to-date: /home/rhobtor/PHD/ARGOJ8_IA/install/ctl_mission_interfaces/include/ctl_mission_interfaces/ctl_mission_interfaces/srv/detail/change_speed__rosidl_typesupport_introspection_c.h
[0.991s] -- Up-to-date: /home/rhobtor/PHD/ARGOJ8_IA/install/ctl_mission_interfaces/include/ctl_mission_interfaces/ctl_mission_interfaces/srv/detail/config_regulated_pure_ctrl__rosidl_typesupport_introspection_c.h
[1.000s] -- Up-to-date: /home/rhobtor/PHD/ARGOJ8_IA/install/ctl_mission_interfaces/include/ctl_mission_interfaces/ctl_mission_interfaces/srv/detail/config_dynamic_la_pure_ctrl__rosidl_typesupport_introspection_c.h
[1.000s] -- Up-to-date: /home/rhobtor/PHD/ARGOJ8_IA/install/ctl_mission_interfaces/include/ctl_mission_interfaces/ctl_mission_interfaces/srv/detail/config_stanley_ctrl__rosidl_typesupport_introspection_c.h
[1.001s] -- Up-to-date: /home/rhobtor/PHD/ARGOJ8_IA/install/ctl_mission_interfaces/include/ctl_mission_interfaces/ctl_mission_interfaces/srv/detail/config_pure_pursuit_ctrl__type_support.c
[1.002s] -- Up-to-date: /home/rhobtor/PHD/ARGOJ8_IA/install/ctl_mission_interfaces/include/ctl_mission_interfaces/ctl_mission_interfaces/srv/detail/change_speed__type_support.c
[1.002s] -- Up-to-date: /home/rhobtor/PHD/ARGOJ8_IA/install/ctl_mission_interfaces/include/ctl_mission_interfaces/ctl_mission_interfaces/srv/detail/config_pure_pursuit_ctrl__rosidl_typesupport_introspection_c.h
[1.003s] -- Up-to-date: /home/rhobtor/PHD/ARGOJ8_IA/install/ctl_mission_interfaces/include/ctl_mission_interfaces/ctl_mission_interfaces/srv/detail/config_regulated_pure_ctrl__type_support.c
[1.004s] -- Up-to-date: /home/rhobtor/PHD/ARGOJ8_IA/install/ctl_mission_interfaces/include/ctl_mission_interfaces/ctl_mission_interfaces/srv/detail/change_mode__rosidl_typesupport_introspection_c.h
[1.004s] -- Up-to-date: /home/rhobtor/PHD/ARGOJ8_IA/install/ctl_mission_interfaces/include/ctl_mission_interfaces/ctl_mission_interfaces/srv/detail/config_simple_ctl__rosidl_typesupport_introspection_c.h
[1.005s] -- Up-to-date: /home/rhobtor/PHD/ARGOJ8_IA/install/ctl_mission_interfaces/include/ctl_mission_interfaces/ctl_mission_interfaces/srv/detail/config_simple_ctl__type_support.c
[1.005s] -- Up-to-date: /home/rhobtor/PHD/ARGOJ8_IA/install/ctl_mission_interfaces/include/ctl_mission_interfaces/ctl_mission_interfaces/srv/detail/get_possible_transitions__rosidl_typesupport_introspection_c.h
[1.005s] -- Up-to-date: /home/rhobtor/PHD/ARGOJ8_IA/install/ctl_mission_interfaces/include/ctl_mission_interfaces/ctl_mission_interfaces/msg
[1.006s] -- Up-to-date: /home/rhobtor/PHD/ARGOJ8_IA/install/ctl_mission_interfaces/include/ctl_mission_interfaces/ctl_mission_interfaces/msg/rosidl_typesupport_introspection_c__visibility_control.h
[1.006s] -- Up-to-date: /home/rhobtor/PHD/ARGOJ8_IA/install/ctl_mission_interfaces/lib/libctl_mission_interfaces__rosidl_typesupport_introspection_c.so
[1.006s] -- Up-to-date: /home/rhobtor/PHD/ARGOJ8_IA/install/ctl_mission_interfaces/lib/libctl_mission_interfaces__rosidl_typesupport_c.so
[1.007s] -- Up-to-date: /home/rhobtor/PHD/ARGOJ8_IA/install/ctl_mission_interfaces/include/ctl_mission_interfaces/ctl_mission_interfaces
[1.008s] -- Up-to-date: /home/rhobtor/PHD/ARGOJ8_IA/install/ctl_mission_interfaces/include/ctl_mission_interfaces/ctl_mission_interfaces/srv
[1.008s] -- Up-to-date: /home/rhobtor/PHD/ARGOJ8_IA/install/ctl_mission_interfaces/include/ctl_mission_interfaces/ctl_mission_interfaces/srv/config_simple_ctl.hpp
[1.009s] -- Up-to-date: /home/rhobtor/PHD/ARGOJ8_IA/install/ctl_mission_interfaces/include/ctl_mission_interfaces/ctl_mission_interfaces/srv/config_dynamic_la_pure_ctrl.hpp
[1.009s] -- Up-to-date: /home/rhobtor/PHD/ARGOJ8_IA/install/ctl_mission_interfaces/include/ctl_mission_interfaces/ctl_mission_interfaces/srv/config_dynamic_pure_ctrl.hpp
[1.010s] -- Up-to-date: /home/rhobtor/PHD/ARGOJ8_IA/install/ctl_mission_interfaces/include/ctl_mission_interfaces/ctl_mission_interfaces/srv/change_mode.hpp
[1.010s] -- Up-to-date: /home/rhobtor/PHD/ARGOJ8_IA/install/ctl_mission_interfaces/include/ctl_mission_interfaces/ctl_mission_interfaces/srv/get_mode.hpp
[1.010s] -- Up-to-date: /home/rhobtor/PHD/ARGOJ8_IA/install/ctl_mission_interfaces/include/ctl_mission_interfaces/ctl_mission_interfaces/srv/config_regulated_pure_ctrl.hpp
[1.010s] -- Up-to-date: /home/rhobtor/PHD/ARGOJ8_IA/install/ctl_mission_interfaces/include/ctl_mission_interfaces/ctl_mission_interfaces/srv/get_possible_transitions.hpp
[1.010s] -- Up-to-date: /home/rhobtor/PHD/ARGOJ8_IA/install/ctl_mission_interfaces/include/ctl_mission_interfaces/ctl_mission_interfaces/srv/change_speed.hpp
[1.010s] -- Up-to-date: /home/rhobtor/PHD/ARGOJ8_IA/install/ctl_mission_interfaces/include/ctl_mission_interfaces/ctl_mission_interfaces/srv/detail
[1.010s] -- Up-to-date: /home/rhobtor/PHD/ARGOJ8_IA/install/ctl_mission_interfaces/include/ctl_mission_interfaces/ctl_mission_interfaces/srv/detail/change_speed__type_support.hpp
[1.010s] -- Up-to-date: /home/rhobtor/PHD/ARGOJ8_IA/install/ctl_mission_interfaces/include/ctl_mission_interfaces/ctl_mission_interfaces/srv/detail/change_controller__traits.hpp
[1.010s] -- Up-to-date: /home/rhobtor/PHD/ARGOJ8_IA/install/ctl_mission_interfaces/include/ctl_mission_interfaces/ctl_mission_interfaces/srv/detail/config_stanley_ctrl__traits.hpp
[1.011s] -- Up-to-date: /home/rhobtor/PHD/ARGOJ8_IA/install/ctl_mission_interfaces/include/ctl_mission_interfaces/ctl_mission_interfaces/srv/detail/change_speed__struct.hpp
[1.011s] -- Up-to-date: /home/rhobtor/PHD/ARGOJ8_IA/install/ctl_mission_interfaces/include/ctl_mission_interfaces/ctl_mission_interfaces/srv/detail/get_possible_transitions__type_support.hpp
[1.013s] -- Up-to-date: /home/rhobtor/PHD/ARGOJ8_IA/install/ctl_mission_interfaces/include/ctl_mission_interfaces/ctl_mission_interfaces/srv/detail/config_simple_ctl__traits.hpp
[1.013s] -- Up-to-date: /home/rhobtor/PHD/ARGOJ8_IA/install/ctl_mission_interfaces/include/ctl_mission_interfaces/ctl_mission_interfaces/srv/detail/get_mode__builder.hpp
[1.013s] -- Up-to-date: /home/rhobtor/PHD/ARGOJ8_IA/install/ctl_mission_interfaces/include/ctl_mission_interfaces/ctl_mission_interfaces/srv/detail/change_mode__builder.hpp
[1.014s] -- Up-to-date: /home/rhobtor/PHD/ARGOJ8_IA/install/ctl_mission_interfaces/include/ctl_mission_interfaces/ctl_mission_interfaces/srv/detail/get_possible_transitions__builder.hpp
[1.014s] -- Up-to-date: /home/rhobtor/PHD/ARGOJ8_IA/install/ctl_mission_interfaces/include/ctl_mission_interfaces/ctl_mission_interfaces/srv/detail/config_stanley_ctrl__struct.hpp
[1.014s] -- Up-to-date: /home/rhobtor/PHD/ARGOJ8_IA/install/ctl_mission_interfaces/include/ctl_mission_interfaces/ctl_mission_interfaces/srv/detail/change_controller__builder.hpp
[1.014s] -- Up-to-date: /home/rhobtor/PHD/ARGOJ8_IA/install/ctl_mission_interfaces/include/ctl_mission_interfaces/ctl_mission_interfaces/srv/detail/change_speed__traits.hpp
[1.014s] -- Up-to-date: /home/rhobtor/PHD/ARGOJ8_IA/install/ctl_mission_interfaces/include/ctl_mission_interfaces/ctl_mission_interfaces/srv/detail/change_controller__type_support.hpp
[1.015s] -- Up-to-date: /home/rhobtor/PHD/ARGOJ8_IA/install/ctl_mission_interfaces/include/ctl_mission_interfaces/ctl_mission_interfaces/srv/detail/config_pure_pursuit_ctrl__struct.hpp
[1.015s] -- Up-to-date: /home/rhobtor/PHD/ARGOJ8_IA/install/ctl_mission_interfaces/include/ctl_mission_interfaces/ctl_mission_interfaces/srv/detail/change_mode__struct.hpp
[1.015s] -- Up-to-date: /home/rhobtor/PHD/ARGOJ8_IA/install/ctl_mission_interfaces/include/ctl_mission_interfaces/ctl_mission_interfaces/srv/detail/config_dynamic_pure_ctrl__struct.hpp
[1.015s] -- Up-to-date: /home/rhobtor/PHD/ARGOJ8_IA/install/ctl_mission_interfaces/include/ctl_mission_interfaces/ctl_mission_interfaces/srv/detail/config_dynamic_pure_ctrl__traits.hpp
[1.015s] -- Up-to-date: /home/rhobtor/PHD/ARGOJ8_IA/install/ctl_mission_interfaces/include/ctl_mission_interfaces/ctl_mission_interfaces/srv/detail/config_pure_pursuit_ctrl__builder.hpp
[1.015s] -- Up-to-date: /home/rhobtor/PHD/ARGOJ8_IA/install/ctl_mission_interfaces/include/ctl_mission_interfaces/ctl_mission_interfaces/srv/detail/config_stanley_ctrl__builder.hpp
[1.015s] -- Up-to-date: /home/rhobtor/PHD/ARGOJ8_IA/install/ctl_mission_interfaces/include/ctl_mission_interfaces/ctl_mission_interfaces/srv/detail/change_mode__traits.hpp
[1.015s] -- Up-to-date: /home/rhobtor/PHD/ARGOJ8_IA/install/ctl_mission_interfaces/include/ctl_mission_interfaces/ctl_mission_interfaces/srv/detail/config_dynamic_la_pure_ctrl__builder.hpp
[1.016s] -- Up-to-date: /home/rhobtor/PHD/ARGOJ8_IA/install/ctl_mission_interfaces/include/ctl_mission_interfaces/ctl_mission_interfaces/srv/detail/get_mode__type_support.hpp
[1.016s] -- Up-to-date: /home/rhobtor/PHD/ARGOJ8_IA/install/ctl_mission_interfaces/include/ctl_mission_interfaces/ctl_mission_interfaces/srv/detail/config_pure_pursuit_ctrl__type_support.hpp
[1.016s] -- Up-to-date: /home/rhobtor/PHD/ARGOJ8_IA/install/ctl_mission_interfaces/include/ctl_mission_interfaces/ctl_mission_interfaces/srv/detail/get_possible_transitions__traits.hpp
[1.016s] -- Up-to-date: /home/rhobtor/PHD/ARGOJ8_IA/install/ctl_mission_interfaces/include/ctl_mission_interfaces/ctl_mission_interfaces/srv/detail/change_speed__builder.hpp
[1.016s] -- Up-to-date: /home/rhobtor/PHD/ARGOJ8_IA/install/ctl_mission_interfaces/include/ctl_mission_interfaces/ctl_mission_interfaces/srv/detail/get_mode__struct.hpp
[1.016s] -- Up-to-date: /home/rhobtor/PHD/ARGOJ8_IA/install/ctl_mission_interfaces/include/ctl_mission_interfaces/ctl_mission_interfaces/srv/detail/config_dynamic_pure_ctrl__type_support.hpp
[1.016s] -- Up-to-date: /home/rhobtor/PHD/ARGOJ8_IA/install/ctl_mission_interfaces/include/ctl_mission_interfaces/ctl_mission_interfaces/srv/detail/config_simple_ctl__type_support.hpp
[1.016s] -- Up-to-date: /home/rhobtor/PHD/ARGOJ8_IA/install/ctl_mission_interfaces/include/ctl_mission_interfaces/ctl_mission_interfaces/srv/detail/get_mode__traits.hpp
[1.016s] -- Up-to-date: /home/rhobtor/PHD/ARGOJ8_IA/install/ctl_mission_interfaces/include/ctl_mission_interfaces/ctl_mission_interfaces/srv/detail/config_regulated_pure_ctrl__traits.hpp
[1.017s] -- Up-to-date: /home/rhobtor/PHD/ARGOJ8_IA/install/ctl_mission_interfaces/include/ctl_mission_interfaces/ctl_mission_interfaces/srv/detail/change_mode__type_support.hpp
[1.017s] -- Up-to-date: /home/rhobtor/PHD/ARGOJ8_IA/install/ctl_mission_interfaces/include/ctl_mission_interfaces/ctl_mission_interfaces/srv/detail/config_dynamic_pure_ctrl__builder.hpp
[1.017s] -- Up-to-date: /home/rhobtor/PHD/ARGOJ8_IA/install/ctl_mission_interfaces/include/ctl_mission_interfaces/ctl_mission_interfaces/srv/detail/config_simple_ctl__builder.hpp
[1.017s] -- Up-to-date: /home/rhobtor/PHD/ARGOJ8_IA/install/ctl_mission_interfaces/include/ctl_mission_interfaces/ctl_mission_interfaces/srv/detail/config_dynamic_la_pure_ctrl__type_support.hpp
[1.017s] -- Up-to-date: /home/rhobtor/PHD/ARGOJ8_IA/install/ctl_mission_interfaces/include/ctl_mission_interfaces/ctl_mission_interfaces/srv/detail/config_regulated_pure_ctrl__type_support.hpp
[1.017s] -- Up-to-date: /home/rhobtor/PHD/ARGOJ8_IA/install/ctl_mission_interfaces/include/ctl_mission_interfaces/ctl_mission_interfaces/srv/detail/change_controller__struct.hpp
[1.018s] -- Up-to-date: /home/rhobtor/PHD/ARGOJ8_IA/install/ctl_mission_interfaces/include/ctl_mission_interfaces/ctl_mission_interfaces/srv/detail/config_dynamic_la_pure_ctrl__traits.hpp
[1.018s] -- Up-to-date: /home/rhobtor/PHD/ARGOJ8_IA/install/ctl_mission_interfaces/include/ctl_mission_interfaces/ctl_mission_interfaces/srv/detail/config_dynamic_la_pure_ctrl__struct.hpp
[1.018s] -- Up-to-date: /home/rhobtor/PHD/ARGOJ8_IA/install/ctl_mission_interfaces/include/ctl_mission_interfaces/ctl_mission_interfaces/srv/detail/config_regulated_pure_ctrl__struct.hpp
[1.018s] -- Up-to-date: /home/rhobtor/PHD/ARGOJ8_IA/install/ctl_mission_interfaces/include/ctl_mission_interfaces/ctl_mission_interfaces/srv/detail/config_pure_pursuit_ctrl__traits.hpp
[1.018s] -- Up-to-date: /home/rhobtor/PHD/ARGOJ8_IA/install/ctl_mission_interfaces/include/ctl_mission_interfaces/ctl_mission_interfaces/srv/detail/get_possible_transitions__struct.hpp
[1.019s] -- Up-to-date: /home/rhobtor/PHD/ARGOJ8_IA/install/ctl_mission_interfaces/include/ctl_mission_interfaces/ctl_mission_interfaces/srv/detail/config_regulated_pure_ctrl__builder.hpp
[1.020s] -- Up-to-date: /home/rhobtor/PHD/ARGOJ8_IA/install/ctl_mission_interfaces/include/ctl_mission_interfaces/ctl_mission_interfaces/srv/detail/config_simple_ctl__struct.hpp
[1.020s] -- Up-to-date: /home/rhobtor/PHD/ARGOJ8_IA/install/ctl_mission_interfaces/include/ctl_mission_interfaces/ctl_mission_interfaces/srv/detail/config_stanley_ctrl__type_support.hpp
[1.021s] -- Up-to-date: /home/rhobtor/PHD/ARGOJ8_IA/install/ctl_mission_interfaces/include/ctl_mission_interfaces/ctl_mission_interfaces/srv/config_stanley_ctrl.hpp
[1.022s] -- Up-to-date: /home/rhobtor/PHD/ARGOJ8_IA/install/ctl_mission_interfaces/include/ctl_mission_interfaces/ctl_mission_interfaces/srv/config_pure_pursuit_ctrl.hpp
[1.022s] -- Up-to-date: /home/rhobtor/PHD/ARGOJ8_IA/install/ctl_mission_interfaces/include/ctl_mission_interfaces/ctl_mission_interfaces/srv/change_controller.hpp
[1.023s] -- Up-to-date: /home/rhobtor/PHD/ARGOJ8_IA/install/ctl_mission_interfaces/include/ctl_mission_interfaces/ctl_mission_interfaces/msg
[1.031s] -- Up-to-date: /home/rhobtor/PHD/ARGOJ8_IA/install/ctl_mission_interfaces/include/ctl_mission_interfaces/ctl_mission_interfaces/msg/rosidl_generator_cpp__visibility_control.hpp
[1.031s] -- Up-to-date: /home/rhobtor/PHD/ARGOJ8_IA/install/ctl_mission_interfaces/include/ctl_mission_interfaces/ctl_mission_interfaces
[1.031s] -- Up-to-date: /home/rhobtor/PHD/ARGOJ8_IA/install/ctl_mission_interfaces/include/ctl_mission_interfaces/ctl_mission_interfaces/srv
[1.032s] -- Up-to-date: /home/rhobtor/PHD/ARGOJ8_IA/install/ctl_mission_interfaces/include/ctl_mission_interfaces/ctl_mission_interfaces/srv/detail
[1.032s] -- Up-to-date: /home/rhobtor/PHD/ARGOJ8_IA/install/ctl_mission_interfaces/include/ctl_mission_interfaces/ctl_mission_interfaces/srv/detail/get_mode__rosidl_typesupport_fastrtps_cpp.hpp
[1.032s] -- Up-to-date: /home/rhobtor/PHD/ARGOJ8_IA/install/ctl_mission_interfaces/include/ctl_mission_interfaces/ctl_mission_interfaces/srv/detail/config_regulated_pure_ctrl__rosidl_typesupport_fastrtps_cpp.hpp
[1.032s] -- Up-to-date: /home/rhobtor/PHD/ARGOJ8_IA/install/ctl_mission_interfaces/include/ctl_mission_interfaces/ctl_mission_interfaces/srv/detail/get_possible_transitions__rosidl_typesupport_fastrtps_cpp.hpp
[1.032s] -- Up-to-date: /home/rhobtor/PHD/ARGOJ8_IA/install/ctl_mission_interfaces/include/ctl_mission_interfaces/ctl_mission_interfaces/srv/detail/change_speed__rosidl_typesupport_fastrtps_cpp.hpp
[1.033s] -- Up-to-date: /home/rhobtor/PHD/ARGOJ8_IA/install/ctl_mission_interfaces/include/ctl_mission_interfaces/ctl_mission_interfaces/srv/detail/change_controller__rosidl_typesupport_fastrtps_cpp.hpp
[1.033s] -- Up-to-date: /home/rhobtor/PHD/ARGOJ8_IA/install/ctl_mission_interfaces/include/ctl_mission_interfaces/ctl_mission_interfaces/srv/detail/config_simple_ctl__rosidl_typesupport_fastrtps_cpp.hpp
[1.033s] -- Up-to-date: /home/rhobtor/PHD/ARGOJ8_IA/install/ctl_mission_interfaces/include/ctl_mission_interfaces/ctl_mission_interfaces/srv/detail/config_dynamic_pure_ctrl__rosidl_typesupport_fastrtps_cpp.hpp
[1.033s] -- Up-to-date: /home/rhobtor/PHD/ARGOJ8_IA/install/ctl_mission_interfaces/include/ctl_mission_interfaces/ctl_mission_interfaces/srv/detail/config_stanley_ctrl__rosidl_typesupport_fastrtps_cpp.hpp
[1.033s] -- Up-to-date: /home/rhobtor/PHD/ARGOJ8_IA/install/ctl_mission_interfaces/include/ctl_mission_interfaces/ctl_mission_interfaces/srv/detail/dds_fastrtps
[1.034s] -- Up-to-date: /home/rhobtor/PHD/ARGOJ8_IA/install/ctl_mission_interfaces/include/ctl_mission_interfaces/ctl_mission_interfaces/srv/detail/config_pure_pursuit_ctrl__rosidl_typesupport_fastrtps_cpp.hpp
[1.034s] -- Up-to-date: /home/rhobtor/PHD/ARGOJ8_IA/install/ctl_mission_interfaces/include/ctl_mission_interfaces/ctl_mission_interfaces/srv/detail/change_mode__rosidl_typesupport_fastrtps_cpp.hpp
[1.034s] -- Up-to-date: /home/rhobtor/PHD/ARGOJ8_IA/install/ctl_mission_interfaces/include/ctl_mission_interfaces/ctl_mission_interfaces/srv/detail/config_dynamic_la_pure_ctrl__rosidl_typesupport_fastrtps_cpp.hpp
[1.035s] -- Up-to-date: /home/rhobtor/PHD/ARGOJ8_IA/install/ctl_mission_interfaces/include/ctl_mission_interfaces/ctl_mission_interfaces/msg
[1.035s] -- Up-to-date: /home/rhobtor/PHD/ARGOJ8_IA/install/ctl_mission_interfaces/include/ctl_mission_interfaces/ctl_mission_interfaces/msg/rosidl_typesupport_fastrtps_cpp__visibility_control.h
[1.036s] -- Up-to-date: /home/rhobtor/PHD/ARGOJ8_IA/install/ctl_mission_interfaces/lib/libctl_mission_interfaces__rosidl_typesupport_fastrtps_cpp.so
[1.036s] -- Up-to-date: /home/rhobtor/PHD/ARGOJ8_IA/install/ctl_mission_interfaces/include/ctl_mission_interfaces/ctl_mission_interfaces
[1.037s] -- Up-to-date: /home/rhobtor/PHD/ARGOJ8_IA/install/ctl_mission_interfaces/include/ctl_mission_interfaces/ctl_mission_interfaces/srv
[1.038s] -- Up-to-date: /home/rhobtor/PHD/ARGOJ8_IA/install/ctl_mission_interfaces/include/ctl_mission_interfaces/ctl_mission_interfaces/srv/detail
[1.038s] -- Up-to-date: /home/rhobtor/PHD/ARGOJ8_IA/install/ctl_mission_interfaces/include/ctl_mission_interfaces/ctl_mission_interfaces/srv/detail/get_possible_transitions__rosidl_typesupport_introspection_cpp.hpp
[1.044s] -- Up-to-date: /home/rhobtor/PHD/ARGOJ8_IA/install/ctl_mission_interfaces/include/ctl_mission_interfaces/ctl_mission_interfaces/srv/detail/config_dynamic_pure_ctrl__rosidl_typesupport_introspection_cpp.hpp
[1.044s] -- Up-to-date: /home/rhobtor/PHD/ARGOJ8_IA/install/ctl_mission_interfaces/include/ctl_mission_interfaces/ctl_mission_interfaces/srv/detail/config_simple_ctl__type_support.cpp
[1.044s] -- Up-to-date: /home/rhobtor/PHD/ARGOJ8_IA/install/ctl_mission_interfaces/include/ctl_mission_interfaces/ctl_mission_interfaces/srv/detail/get_mode__rosidl_typesupport_introspection_cpp.hpp
[1.044s] -- Up-to-date: /home/rhobtor/PHD/ARGOJ8_IA/install/ctl_mission_interfaces/include/ctl_mission_interfaces/ctl_mission_interfaces/srv/detail/change_controller__rosidl_typesupport_introspection_cpp.hpp
[1.045s] -- Up-to-date: /home/rhobtor/PHD/ARGOJ8_IA/install/ctl_mission_interfaces/include/ctl_mission_interfaces/ctl_mission_interfaces/srv/detail/change_speed__rosidl_typesupport_introspection_cpp.hpp
[1.045s] -- Up-to-date: /home/rhobtor/PHD/ARGOJ8_IA/install/ctl_mission_interfaces/include/ctl_mission_interfaces/ctl_mission_interfaces/srv/detail/config_stanley_ctrl__rosidl_typesupport_introspection_cpp.hpp
[1.046s] -- Up-to-date: /home/rhobtor/PHD/ARGOJ8_IA/install/ctl_mission_interfaces/include/ctl_mission_interfaces/ctl_mission_interfaces/srv/detail/config_pure_pursuit_ctrl__type_support.cpp
[1.046s] -- Up-to-date: /home/rhobtor/PHD/ARGOJ8_IA/install/ctl_mission_interfaces/include/ctl_mission_interfaces/ctl_mission_interfaces/srv/detail/config_regulated_pure_ctrl__type_support.cpp
[1.047s] -- Up-to-date: /home/rhobtor/PHD/ARGOJ8_IA/install/ctl_mission_interfaces/include/ctl_mission_interfaces/ctl_mission_interfaces/srv/detail/config_dynamic_pure_ctrl__type_support.cpp
[1.047s] -- Up-to-date: /home/rhobtor/PHD/ARGOJ8_IA/install/ctl_mission_interfaces/include/ctl_mission_interfaces/ctl_mission_interfaces/srv/detail/config_simple_ctl__rosidl_typesupport_introspection_cpp.hpp
[1.048s] -- Up-to-date: /home/rhobtor/PHD/ARGOJ8_IA/install/ctl_mission_interfaces/include/ctl_mission_interfaces/ctl_mission_interfaces/srv/detail/config_dynamic_la_pure_ctrl__type_support.cpp
[1.049s] -- Up-to-date: /home/rhobtor/PHD/ARGOJ8_IA/install/ctl_mission_interfaces/include/ctl_mission_interfaces/ctl_mission_interfaces/srv/detail/get_possible_transitions__type_support.cpp
[1.049s] -- Up-to-date: /home/rhobtor/PHD/ARGOJ8_IA/install/ctl_mission_interfaces/include/ctl_mission_interfaces/ctl_mission_interfaces/srv/detail/config_pure_pursuit_ctrl__rosidl_typesupport_introspection_cpp.hpp
[1.050s] -- Up-to-date: /home/rhobtor/PHD/ARGOJ8_IA/install/ctl_mission_interfaces/include/ctl_mission_interfaces/ctl_mission_interfaces/srv/detail/config_stanley_ctrl__type_support.cpp
[1.050s] -- Up-to-date: /home/rhobtor/PHD/ARGOJ8_IA/install/ctl_mission_interfaces/include/ctl_mission_interfaces/ctl_mission_interfaces/srv/detail/change_mode__type_support.cpp
[1.051s] -- Up-to-date: /home/rhobtor/PHD/ARGOJ8_IA/install/ctl_mission_interfaces/include/ctl_mission_interfaces/ctl_mission_interfaces/srv/detail/change_mode__rosidl_typesupport_introspection_cpp.hpp
[1.051s] -- Up-to-date: /home/rhobtor/PHD/ARGOJ8_IA/install/ctl_mission_interfaces/include/ctl_mission_interfaces/ctl_mission_interfaces/srv/detail/config_dynamic_la_pure_ctrl__rosidl_typesupport_introspection_cpp.hpp
[1.051s] -- Up-to-date: /home/rhobtor/PHD/ARGOJ8_IA/install/ctl_mission_interfaces/include/ctl_mission_interfaces/ctl_mission_interfaces/srv/detail/change_speed__type_support.cpp
[1.052s] -- Up-to-date: /home/rhobtor/PHD/ARGOJ8_IA/install/ctl_mission_interfaces/include/ctl_mission_interfaces/ctl_mission_interfaces/srv/detail/config_regulated_pure_ctrl__rosidl_typesupport_introspection_cpp.hpp
[1.053s] -- Up-to-date: /home/rhobtor/PHD/ARGOJ8_IA/install/ctl_mission_interfaces/include/ctl_mission_interfaces/ctl_mission_interfaces/srv/detail/change_controller__type_support.cpp
[1.053s] -- Up-to-date: /home/rhobtor/PHD/ARGOJ8_IA/install/ctl_mission_interfaces/include/ctl_mission_interfaces/ctl_mission_interfaces/srv/detail/get_mode__type_support.cpp
[1.054s] -- Up-to-date: /home/rhobtor/PHD/ARGOJ8_IA/install/ctl_mission_interfaces/lib/libctl_mission_interfaces__rosidl_typesupport_introspection_cpp.so
[1.054s] -- Up-to-date: /home/rhobtor/PHD/ARGOJ8_IA/install/ctl_mission_interfaces/lib/libctl_mission_interfaces__rosidl_typesupport_cpp.so
[1.054s] -- Up-to-date: /home/rhobtor/PHD/ARGOJ8_IA/install/ctl_mission_interfaces/share/ctl_mission_interfaces/environment/pythonpath.sh
[1.054s] -- Up-to-date: /home/rhobtor/PHD/ARGOJ8_IA/install/ctl_mission_interfaces/share/ctl_mission_interfaces/environment/pythonpath.dsv
[1.054s] -- Up-to-date: /home/rhobtor/PHD/ARGOJ8_IA/install/ctl_mission_interfaces/local/lib/python3.10/dist-packages/ctl_mission_interfaces-0.0.0-py3.10.egg-info
[1.054s] -- Installing: /home/rhobtor/PHD/ARGOJ8_IA/install/ctl_mission_interfaces/local/lib/python3.10/dist-packages/ctl_mission_interfaces-0.0.0-py3.10.egg-info/top_level.txt
[1.055s] -- Installing: /home/rhobtor/PHD/ARGOJ8_IA/install/ctl_mission_interfaces/local/lib/python3.10/dist-packages/ctl_mission_interfaces-0.0.0-py3.10.egg-info/SOURCES.txt
[1.055s] -- Installing: /home/rhobtor/PHD/ARGOJ8_IA/install/ctl_mission_interfaces/local/lib/python3.10/dist-packages/ctl_mission_interfaces-0.0.0-py3.10.egg-info/PKG-INFO
[1.055s] -- Installing: /home/rhobtor/PHD/ARGOJ8_IA/install/ctl_mission_interfaces/local/lib/python3.10/dist-packages/ctl_mission_interfaces-0.0.0-py3.10.egg-info/dependency_links.txt
[1.055s] -- Up-to-date: /home/rhobtor/PHD/ARGOJ8_IA/install/ctl_mission_interfaces/local/lib/python3.10/dist-packages/ctl_mission_interfaces
[1.055s] -- Up-to-date: /home/rhobtor/PHD/ARGOJ8_IA/install/ctl_mission_interfaces/local/lib/python3.10/dist-packages/ctl_mission_interfaces/srv
[1.056s] -- Up-to-date: /home/rhobtor/PHD/ARGOJ8_IA/install/ctl_mission_interfaces/local/lib/python3.10/dist-packages/ctl_mission_interfaces/srv/_config_pure_pursuit_ctrl_s.c
[1.056s] -- Up-to-date: /home/rhobtor/PHD/ARGOJ8_IA/install/ctl_mission_interfaces/local/lib/python3.10/dist-packages/ctl_mission_interfaces/srv/_config_stanley_ctrl_s.c
[1.056s] -- Up-to-date: /home/rhobtor/PHD/ARGOJ8_IA/install/ctl_mission_interfaces/local/lib/python3.10/dist-packages/ctl_mission_interfaces/srv/_config_pure_pursuit_ctrl.py
[1.056s] -- Up-to-date: /home/rhobtor/PHD/ARGOJ8_IA/install/ctl_mission_interfaces/local/lib/python3.10/dist-packages/ctl_mission_interfaces/srv/_config_dynamic_pure_ctrl_s.c
[1.056s] -- Up-to-date: /home/rhobtor/PHD/ARGOJ8_IA/install/ctl_mission_interfaces/local/lib/python3.10/dist-packages/ctl_mission_interfaces/srv/_config_regulated_pure_ctrl_s.c
[1.056s] -- Up-to-date: /home/rhobtor/PHD/ARGOJ8_IA/install/ctl_mission_interfaces/local/lib/python3.10/dist-packages/ctl_mission_interfaces/srv/_get_possible_transitions.py
[1.057s] -- Up-to-date: /home/rhobtor/PHD/ARGOJ8_IA/install/ctl_mission_interfaces/local/lib/python3.10/dist-packages/ctl_mission_interfaces/srv/_change_mode_s.c
[1.057s] -- Up-to-date: /home/rhobtor/PHD/ARGOJ8_IA/install/ctl_mission_interfaces/local/lib/python3.10/dist-packages/ctl_mission_interfaces/srv/_config_dynamic_la_pure_ctrl_s.c
[1.057s] -- Up-to-date: /home/rhobtor/PHD/ARGOJ8_IA/install/ctl_mission_interfaces/local/lib/python3.10/dist-packages/ctl_mission_interfaces/srv/_config_regulated_pure_ctrl.py
[1.057s] -- Up-to-date: /home/rhobtor/PHD/ARGOJ8_IA/install/ctl_mission_interfaces/local/lib/python3.10/dist-packages/ctl_mission_interfaces/srv/_change_controller_s.c
[1.057s] -- Up-to-date: /home/rhobtor/PHD/ARGOJ8_IA/install/ctl_mission_interfaces/local/lib/python3.10/dist-packages/ctl_mission_interfaces/srv/_get_mode.py
[1.057s] -- Up-to-date: /home/rhobtor/PHD/ARGOJ8_IA/install/ctl_mission_interfaces/local/lib/python3.10/dist-packages/ctl_mission_interfaces/srv/_change_controller.py
[1.058s] -- Up-to-date: /home/rhobtor/PHD/ARGOJ8_IA/install/ctl_mission_interfaces/local/lib/python3.10/dist-packages/ctl_mission_interfaces/srv/__init__.py
[1.058s] -- Up-to-date: /home/rhobtor/PHD/ARGOJ8_IA/install/ctl_mission_interfaces/local/lib/python3.10/dist-packages/ctl_mission_interfaces/srv/_config_simple_ctl.py
[1.058s] -- Up-to-date: /home/rhobtor/PHD/ARGOJ8_IA/install/ctl_mission_interfaces/local/lib/python3.10/dist-packages/ctl_mission_interfaces/srv/_change_speed.py
[1.058s] -- Up-to-date: /home/rhobtor/PHD/ARGOJ8_IA/install/ctl_mission_interfaces/local/lib/python3.10/dist-packages/ctl_mission_interfaces/srv/_change_speed_s.c
[1.058s] -- Up-to-date: /home/rhobtor/PHD/ARGOJ8_IA/install/ctl_mission_interfaces/local/lib/python3.10/dist-packages/ctl_mission_interfaces/srv/_config_dynamic_pure_ctrl.py
[1.058s] -- Up-to-date: /home/rhobtor/PHD/ARGOJ8_IA/install/ctl_mission_interfaces/local/lib/python3.10/dist-packages/ctl_mission_interfaces/srv/_get_mode_s.c
[1.059s] -- Up-to-date: /home/rhobtor/PHD/ARGOJ8_IA/install/ctl_mission_interfaces/local/lib/python3.10/dist-packages/ctl_mission_interfaces/srv/_change_mode.py
[1.059s] -- Up-to-date: /home/rhobtor/PHD/ARGOJ8_IA/install/ctl_mission_interfaces/local/lib/python3.10/dist-packages/ctl_mission_interfaces/srv/_config_stanley_ctrl.py
[1.059s] -- Up-to-date: /home/rhobtor/PHD/ARGOJ8_IA/install/ctl_mission_interfaces/local/lib/python3.10/dist-packages/ctl_mission_interfaces/srv/_config_simple_ctl_s.c
[1.059s] -- Up-to-date: /home/rhobtor/PHD/ARGOJ8_IA/install/ctl_mission_interfaces/local/lib/python3.10/dist-packages/ctl_mission_interfaces/srv/_config_dynamic_la_pure_ctrl.py
[1.059s] -- Up-to-date: /home/rhobtor/PHD/ARGOJ8_IA/install/ctl_mission_interfaces/local/lib/python3.10/dist-packages/ctl_mission_interfaces/srv/_get_possible_transitions_s.c
[1.060s] -- Up-to-date: /home/rhobtor/PHD/ARGOJ8_IA/install/ctl_mission_interfaces/local/lib/python3.10/dist-packages/ctl_mission_interfaces/ctl_mission_interfaces_s__rosidl_typesupport_c.cpython-310-x86_64-linux-gnu.so
[1.060s] -- Up-to-date: /home/rhobtor/PHD/ARGOJ8_IA/install/ctl_mission_interfaces/local/lib/python3.10/dist-packages/ctl_mission_interfaces/ctl_mission_interfaces_s__rosidl_typesupport_fastrtps_c.cpython-310-x86_64-linux-gnu.so
[1.060s] -- Up-to-date: /home/rhobtor/PHD/ARGOJ8_IA/install/ctl_mission_interfaces/local/lib/python3.10/dist-packages/ctl_mission_interfaces/_ctl_mission_interfaces_s.ep.rosidl_typesupport_c.c
[1.060s] -- Up-to-date: /home/rhobtor/PHD/ARGOJ8_IA/install/ctl_mission_interfaces/local/lib/python3.10/dist-packages/ctl_mission_interfaces/ctl_mission_interfaces_s__rosidl_typesupport_introspection_c.cpython-310-x86_64-linux-gnu.so
[1.060s] -- Up-to-date: /home/rhobtor/PHD/ARGOJ8_IA/install/ctl_mission_interfaces/local/lib/python3.10/dist-packages/ctl_mission_interfaces/__init__.py
[1.061s] -- Up-to-date: /home/rhobtor/PHD/ARGOJ8_IA/install/ctl_mission_interfaces/local/lib/python3.10/dist-packages/ctl_mission_interfaces/_ctl_mission_interfaces_s.ep.rosidl_typesupport_fastrtps_c.c
[1.061s] -- Up-to-date: /home/rhobtor/PHD/ARGOJ8_IA/install/ctl_mission_interfaces/local/lib/python3.10/dist-packages/ctl_mission_interfaces/_ctl_mission_interfaces_s.ep.rosidl_typesupport_introspection_c.c
[1.061s] -- Up-to-date: /home/rhobtor/PHD/ARGOJ8_IA/install/ctl_mission_interfaces/local/lib/python3.10/dist-packages/ctl_mission_interfaces/libctl_mission_interfaces__rosidl_generator_py.so
[1.108s] Listing '/home/rhobtor/PHD/ARGOJ8_IA/install/ctl_mission_interfaces/local/lib/python3.10/dist-packages/ctl_mission_interfaces'...
[1.108s] Listing '/home/rhobtor/PHD/ARGOJ8_IA/install/ctl_mission_interfaces/local/lib/python3.10/dist-packages/ctl_mission_interfaces/srv'...
[1.108s] -- Up-to-date: /home/rhobtor/PHD/ARGOJ8_IA/install/ctl_mission_interfaces/local/lib/python3.10/dist-packages/ctl_mission_interfaces/ctl_mission_interfaces_s__rosidl_typesupport_fastrtps_c.cpython-310-x86_64-linux-gnu.so
[1.109s] -- Up-to-date: /home/rhobtor/PHD/ARGOJ8_IA/install/ctl_mission_interfaces/local/lib/python3.10/dist-packages/ctl_mission_interfaces/ctl_mission_interfaces_s__rosidl_typesupport_introspection_c.cpython-310-x86_64-linux-gnu.so
[1.109s] -- Up-to-date: /home/rhobtor/PHD/ARGOJ8_IA/install/ctl_mission_interfaces/local/lib/python3.10/dist-packages/ctl_mission_interfaces/ctl_mission_interfaces_s__rosidl_typesupport_c.cpython-310-x86_64-linux-gnu.so
[1.109s] -- Up-to-date: /home/rhobtor/PHD/ARGOJ8_IA/install/ctl_mission_interfaces/lib/libctl_mission_interfaces__rosidl_generator_py.so
[1.109s] -- Up-to-date: /home/rhobtor/PHD/ARGOJ8_IA/install/ctl_mission_interfaces/share/ctl_mission_interfaces/srv/ChangeMode.idl
[1.109s] -- Up-to-date: /home/rhobtor/PHD/ARGOJ8_IA/install/ctl_mission_interfaces/share/ctl_mission_interfaces/srv/GetMode.idl
[1.109s] -- Up-to-date: /home/rhobtor/PHD/ARGOJ8_IA/install/ctl_mission_interfaces/share/ctl_mission_interfaces/srv/ChangeSpeed.idl
[1.109s] -- Up-to-date: /home/rhobtor/PHD/ARGOJ8_IA/install/ctl_mission_interfaces/share/ctl_mission_interfaces/srv/ConfigSimpleCtl.idl
[1.109s] -- Up-to-date: /home/rhobtor/PHD/ARGOJ8_IA/install/ctl_mission_interfaces/share/ctl_mission_interfaces/srv/GetPossibleTransitions.idl
[1.109s] -- Up-to-date: /home/rhobtor/PHD/ARGOJ8_IA/install/ctl_mission_interfaces/share/ctl_mission_interfaces/srv/ChangeController.idl
[1.109s] -- Up-to-date: /home/rhobtor/PHD/ARGOJ8_IA/install/ctl_mission_interfaces/share/ctl_mission_interfaces/srv/ConfigPurePursuitCtrl.idl
[1.109s] -- Up-to-date: /home/rhobtor/PHD/ARGOJ8_IA/install/ctl_mission_interfaces/share/ctl_mission_interfaces/srv/ConfigStanleyCtrl.idl
[1.109s] -- Up-to-date: /home/rhobtor/PHD/ARGOJ8_IA/install/ctl_mission_interfaces/share/ctl_mission_interfaces/srv/ConfigDynamicPureCtrl.idl
[1.109s] -- Up-to-date: /home/rhobtor/PHD/ARGOJ8_IA/install/ctl_mission_interfaces/share/ctl_mission_interfaces/srv/ConfigDynamicLAPureCtrl.idl
[1.109s] -- Up-to-date: /home/rhobtor/PHD/ARGOJ8_IA/install/ctl_mission_interfaces/share/ctl_mission_interfaces/srv/ConfigRegulatedPureCtrl.idl
[1.109s] -- Up-to-date: /home/rhobtor/PHD/ARGOJ8_IA/install/ctl_mission_interfaces/share/ctl_mission_interfaces/srv/ChangeMode.srv
[1.109s] -- Up-to-date: /home/rhobtor/PHD/ARGOJ8_IA/install/ctl_mission_interfaces/share/ctl_mission_interfaces/srv/ChangeMode_Request.msg
[1.110s] -- Up-to-date: /home/rhobtor/PHD/ARGOJ8_IA/install/ctl_mission_interfaces/share/ctl_mission_interfaces/srv/ChangeMode_Response.msg
[1.110s] -- Up-to-date: /home/rhobtor/PHD/ARGOJ8_IA/install/ctl_mission_interfaces/share/ctl_mission_interfaces/srv/GetMode.srv
[1.110s] -- Up-to-date: /home/rhobtor/PHD/ARGOJ8_IA/install/ctl_mission_interfaces/share/ctl_mission_interfaces/srv/GetMode_Request.msg
[1.110s] -- Up-to-date: /home/rhobtor/PHD/ARGOJ8_IA/install/ctl_mission_interfaces/share/ctl_mission_interfaces/srv/GetMode_Response.msg
[1.110s] -- Up-to-date: /home/rhobtor/PHD/ARGOJ8_IA/install/ctl_mission_interfaces/share/ctl_mission_interfaces/srv/ChangeSpeed.srv
[1.110s] -- Up-to-date: /home/rhobtor/PHD/ARGOJ8_IA/install/ctl_mission_interfaces/share/ctl_mission_interfaces/srv/ChangeSpeed_Request.msg
[1.110s] -- Up-to-date: /home/rhobtor/PHD/ARGOJ8_IA/install/ctl_mission_interfaces/share/ctl_mission_interfaces/srv/ChangeSpeed_Response.msg
[1.110s] -- Up-to-date: /home/rhobtor/PHD/ARGOJ8_IA/install/ctl_mission_interfaces/share/ctl_mission_interfaces/srv/ConfigSimpleCtl.srv
[1.110s] -- Up-to-date: /home/rhobtor/PHD/ARGOJ8_IA/install/ctl_mission_interfaces/share/ctl_mission_interfaces/srv/ConfigSimpleCtl_Request.msg
[1.110s] -- Up-to-date: /home/rhobtor/PHD/ARGOJ8_IA/install/ctl_mission_interfaces/share/ctl_mission_interfaces/srv/ConfigSimpleCtl_Response.msg
[1.110s] -- Up-to-date: /home/rhobtor/PHD/ARGOJ8_IA/install/ctl_mission_interfaces/share/ctl_mission_interfaces/srv/GetPossibleTransitions.srv
[1.110s] -- Up-to-date: /home/rhobtor/PHD/ARGOJ8_IA/install/ctl_mission_interfaces/share/ctl_mission_interfaces/srv/GetPossibleTransitions_Request.msg
[1.110s] -- Up-to-date: /home/rhobtor/PHD/ARGOJ8_IA/install/ctl_mission_interfaces/share/ctl_mission_interfaces/srv/GetPossibleTransitions_Response.msg
[1.110s] -- Up-to-date: /home/rhobtor/PHD/ARGOJ8_IA/install/ctl_mission_interfaces/share/ctl_mission_interfaces/srv/ChangeController.srv
[1.110s] -- Up-to-date: /home/rhobtor/PHD/ARGOJ8_IA/install/ctl_mission_interfaces/share/ctl_mission_interfaces/srv/ChangeController_Request.msg
[1.110s] -- Up-to-date: /home/rhobtor/PHD/ARGOJ8_IA/install/ctl_mission_interfaces/share/ctl_mission_interfaces/srv/ChangeController_Response.msg
[1.111s] -- Up-to-date: /home/rhobtor/PHD/ARGOJ8_IA/install/ctl_mission_interfaces/share/ctl_mission_interfaces/srv/ConfigPurePursuitCtrl.srv
[1.111s] -- Up-to-date: /home/rhobtor/PHD/ARGOJ8_IA/install/ctl_mission_interfaces/share/ctl_mission_interfaces/srv/ConfigPurePursuitCtrl_Request.msg
[1.111s] -- Up-to-date: /home/rhobtor/PHD/ARGOJ8_IA/install/ctl_mission_interfaces/share/ctl_mission_interfaces/srv/ConfigPurePursuitCtrl_Response.msg
[1.111s] -- Up-to-date: /home/rhobtor/PHD/ARGOJ8_IA/install/ctl_mission_interfaces/share/ctl_mission_interfaces/srv/ConfigStanleyCtrl.srv
[1.111s] -- Up-to-date: /home/rhobtor/PHD/ARGOJ8_IA/install/ctl_mission_interfaces/share/ctl_mission_interfaces/srv/ConfigStanleyCtrl_Request.msg
[1.111s] -- Up-to-date: /home/rhobtor/PHD/ARGOJ8_IA/install/ctl_mission_interfaces/share/ctl_mission_interfaces/srv/ConfigStanleyCtrl_Response.msg
[1.111s] -- Up-to-date: /home/rhobtor/PHD/ARGOJ8_IA/install/ctl_mission_interfaces/share/ctl_mission_interfaces/srv/ConfigDynamicPureCtrl.srv
[1.111s] -- Up-to-date: /home/rhobtor/PHD/ARGOJ8_IA/install/ctl_mission_interfaces/share/ctl_mission_interfaces/srv/ConfigDynamicPureCtrl_Request.msg
[1.111s] -- Up-to-date: /home/rhobtor/PHD/ARGOJ8_IA/install/ctl_mission_interfaces/share/ctl_mission_interfaces/srv/ConfigDynamicPureCtrl_Response.msg
[1.111s] -- Up-to-date: /home/rhobtor/PHD/ARGOJ8_IA/install/ctl_mission_interfaces/share/ctl_mission_interfaces/srv/ConfigDynamicLAPureCtrl.srv
[1.111s] -- Up-to-date: /home/rhobtor/PHD/ARGOJ8_IA/install/ctl_mission_interfaces/share/ctl_mission_interfaces/srv/ConfigDynamicLAPureCtrl_Request.msg
[1.111s] -- Up-to-date: /home/rhobtor/PHD/ARGOJ8_IA/install/ctl_mission_interfaces/share/ctl_mission_interfaces/srv/ConfigDynamicLAPureCtrl_Response.msg
[1.111s] -- Up-to-date: /home/rhobtor/PHD/ARGOJ8_IA/install/ctl_mission_interfaces/share/ctl_mission_interfaces/srv/ConfigRegulatedPureCtrl.srv
[1.111s] -- Up-to-date: /home/rhobtor/PHD/ARGOJ8_IA/install/ctl_mission_interfaces/share/ctl_mission_interfaces/srv/ConfigRegulatedPureCtrl_Request.msg
[1.111s] -- Up-to-date: /home/rhobtor/PHD/ARGOJ8_IA/install/ctl_mission_interfaces/share/ctl_mission_interfaces/srv/ConfigRegulatedPureCtrl_Response.msg
[1.111s] -- Up-to-date: /home/rhobtor/PHD/ARGOJ8_IA/install/ctl_mission_interfaces/share/ament_index/resource_index/package_run_dependencies/ctl_mission_interfaces
[1.112s] -- Up-to-date: /home/rhobtor/PHD/ARGOJ8_IA/install/ctl_mission_interfaces/share/ament_index/resource_index/parent_prefix_path/ctl_mission_interfaces
[1.112s] -- Up-to-date: /home/rhobtor/PHD/ARGOJ8_IA/install/ctl_mission_interfaces/share/ctl_mission_interfaces/environment/ament_prefix_path.sh
[1.112s] -- Up-to-date: /home/rhobtor/PHD/ARGOJ8_IA/install/ctl_mission_interfaces/share/ctl_mission_interfaces/environment/ament_prefix_path.dsv
[1.112s] -- Up-to-date: /home/rhobtor/PHD/ARGOJ8_IA/install/ctl_mission_interfaces/share/ctl_mission_interfaces/environment/path.sh
[1.112s] -- Up-to-date: /home/rhobtor/PHD/ARGOJ8_IA/install/ctl_mission_interfaces/share/ctl_mission_interfaces/environment/path.dsv
[1.112s] -- Up-to-date: /home/rhobtor/PHD/ARGOJ8_IA/install/ctl_mission_interfaces/share/ctl_mission_interfaces/local_setup.bash
[1.112s] -- Up-to-date: /home/rhobtor/PHD/ARGOJ8_IA/install/ctl_mission_interfaces/share/ctl_mission_interfaces/local_setup.sh
[1.112s] -- Up-to-date: /home/rhobtor/PHD/ARGOJ8_IA/install/ctl_mission_interfaces/share/ctl_mission_interfaces/local_setup.zsh
[1.112s] -- Up-to-date: /home/rhobtor/PHD/ARGOJ8_IA/install/ctl_mission_interfaces/share/ctl_mission_interfaces/local_setup.dsv
[1.112s] -- Installing: /home/rhobtor/PHD/ARGOJ8_IA/install/ctl_mission_interfaces/share/ctl_mission_interfaces/package.dsv
[1.112s] -- Up-to-date: /home/rhobtor/PHD/ARGOJ8_IA/install/ctl_mission_interfaces/share/ament_index/resource_index/packages/ctl_mission_interfaces
[1.112s] -- Up-to-date: /home/rhobtor/PHD/ARGOJ8_IA/install/ctl_mission_interfaces/share/ctl_mission_interfaces/cmake/export_ctl_mission_interfaces__rosidl_generator_cExport.cmake
[1.113s] -- Up-to-date: /home/rhobtor/PHD/ARGOJ8_IA/install/ctl_mission_interfaces/share/ctl_mission_interfaces/cmake/export_ctl_mission_interfaces__rosidl_generator_cExport-noconfig.cmake
[1.113s] -- Up-to-date: /home/rhobtor/PHD/ARGOJ8_IA/install/ctl_mission_interfaces/share/ctl_mission_interfaces/cmake/export_ctl_mission_interfaces__rosidl_typesupport_fastrtps_cExport.cmake
[1.113s] -- Up-to-date: /home/rhobtor/PHD/ARGOJ8_IA/install/ctl_mission_interfaces/share/ctl_mission_interfaces/cmake/export_ctl_mission_interfaces__rosidl_typesupport_fastrtps_cExport-noconfig.cmake
[1.113s] -- Up-to-date: /home/rhobtor/PHD/ARGOJ8_IA/install/ctl_mission_interfaces/share/ctl_mission_interfaces/cmake/ctl_mission_interfaces__rosidl_typesupport_introspection_cExport.cmake
[1.113s] -- Up-to-date: /home/rhobtor/PHD/ARGOJ8_IA/install/ctl_mission_interfaces/share/ctl_mission_interfaces/cmake/ctl_mission_interfaces__rosidl_typesupport_introspection_cExport-noconfig.cmake
[1.113s] -- Up-to-date: /home/rhobtor/PHD/ARGOJ8_IA/install/ctl_mission_interfaces/share/ctl_mission_interfaces/cmake/ctl_mission_interfaces__rosidl_typesupport_cExport.cmake
[1.113s] -- Up-to-date: /home/rhobtor/PHD/ARGOJ8_IA/install/ctl_mission_interfaces/share/ctl_mission_interfaces/cmake/ctl_mission_interfaces__rosidl_typesupport_cExport-noconfig.cmake
[1.113s] -- Up-to-date: /home/rhobtor/PHD/ARGOJ8_IA/install/ctl_mission_interfaces/share/ctl_mission_interfaces/cmake/export_ctl_mission_interfaces__rosidl_generator_cppExport.cmake
[1.113s] -- Up-to-date: /home/rhobtor/PHD/ARGOJ8_IA/install/ctl_mission_interfaces/share/ctl_mission_interfaces/cmake/export_ctl_mission_interfaces__rosidl_typesupport_fastrtps_cppExport.cmake
[1.113s] -- Up-to-date: /home/rhobtor/PHD/ARGOJ8_IA/install/ctl_mission_interfaces/share/ctl_mission_interfaces/cmake/export_ctl_mission_interfaces__rosidl_typesupport_fastrtps_cppExport-noconfig.cmake
[1.113s] -- Up-to-date: /home/rhobtor/PHD/ARGOJ8_IA/install/ctl_mission_interfaces/share/ctl_mission_interfaces/cmake/ctl_mission_interfaces__rosidl_typesupport_introspection_cppExport.cmake
[1.113s] -- Up-to-date: /home/rhobtor/PHD/ARGOJ8_IA/install/ctl_mission_interfaces/share/ctl_mission_interfaces/cmake/ctl_mission_interfaces__rosidl_typesupport_introspection_cppExport-noconfig.cmake
[1.113s] -- Up-to-date: /home/rhobtor/PHD/ARGOJ8_IA/install/ctl_mission_interfaces/share/ctl_mission_interfaces/cmake/ctl_mission_interfaces__rosidl_typesupport_cppExport.cmake
[1.113s] -- Up-to-date: /home/rhobtor/PHD/ARGOJ8_IA/install/ctl_mission_interfaces/share/ctl_mission_interfaces/cmake/ctl_mission_interfaces__rosidl_typesupport_cppExport-noconfig.cmake
[1.113s] -- Up-to-date: /home/rhobtor/PHD/ARGOJ8_IA/install/ctl_mission_interfaces/share/ctl_mission_interfaces/cmake/export_ctl_mission_interfaces__rosidl_generator_pyExport.cmake
[1.113s] -- Up-to-date: /home/rhobtor/PHD/ARGOJ8_IA/install/ctl_mission_interfaces/share/ctl_mission_interfaces/cmake/export_ctl_mission_interfaces__rosidl_generator_pyExport-noconfig.cmake
[1.113s] -- Up-to-date: /home/rhobtor/PHD/ARGOJ8_IA/install/ctl_mission_interfaces/share/ctl_mission_interfaces/cmake/rosidl_cmake-extras.cmake
[1.114s] -- Up-to-date: /home/rhobtor/PHD/ARGOJ8_IA/install/ctl_mission_interfaces/share/ctl_mission_interfaces/cmake/ament_cmake_export_dependencies-extras.cmake
[1.114s] -- Up-to-date: /home/rhobtor/PHD/ARGOJ8_IA/install/ctl_mission_interfaces/share/ctl_mission_interfaces/cmake/ament_cmake_export_include_directories-extras.cmake
[1.114s] -- Up-to-date: /home/rhobtor/PHD/ARGOJ8_IA/install/ctl_mission_interfaces/share/ctl_mission_interfaces/cmake/ament_cmake_export_libraries-extras.cmake
[1.114s] -- Up-to-date: /home/rhobtor/PHD/ARGOJ8_IA/install/ctl_mission_interfaces/share/ctl_mission_interfaces/cmake/ament_cmake_export_targets-extras.cmake
[1.114s] -- Up-to-date: /home/rhobtor/PHD/ARGOJ8_IA/install/ctl_mission_interfaces/share/ctl_mission_interfaces/cmake/rosidl_cmake_export_typesupport_targets-extras.cmake
[1.114s] -- Up-to-date: /home/rhobtor/PHD/ARGOJ8_IA/install/ctl_mission_interfaces/share/ctl_mission_interfaces/cmake/rosidl_cmake_export_typesupport_libraries-extras.cmake
[1.114s] -- Up-to-date: /home/rhobtor/PHD/ARGOJ8_IA/install/ctl_mission_interfaces/share/ctl_mission_interfaces/cmake/ctl_mission_interfacesConfig.cmake
[1.114s] -- Up-to-date: /home/rhobtor/PHD/ARGOJ8_IA/install/ctl_mission_interfaces/share/ctl_mission_interfaces/cmake/ctl_mission_interfacesConfig-version.cmake
[1.114s] -- Up-to-date: /home/rhobtor/PHD/ARGOJ8_IA/install/ctl_mission_interfaces/share/ctl_mission_interfaces/package.xml
[1.290s] Invoked command in '/home/rhobtor/PHD/ARGOJ8_IA/build/ctl_mission_interfaces' returned '0': CMAKE_PREFIX_PATH=${CMAKE_PREFIX_PATH}:/home/rhobtor/PHD/ARGOJ8_IA/install/ntrip_client:/home/rhobtor/PHD/ARGOJ8_IA/install/car:/home/rhobtor/PHD/ARGOJ8_IA/install/android_ros2_server:/home/rhobtor/PHD/ARGOJ8_IA/install/GUI_pkg:/home/rhobtor/PHD/reactive/Reactive-Navegation/workspace_full_conected/install/car:/opt/ros/humble /opt/st/stm32cubeclt_1.18.0/CMake/bin/cmake --install /home/rhobtor/PHD/ARGOJ8_IA/build/ctl_mission_interfaces
