[1.555s] Invoking command in '/home/rhobtor/PHD/ARGOJ8_IA/src/argo_drivers_pkgs/ntrip_client': PYTHONPATH=/home/rhobtor/PHD/ARGOJ8_IA/build/ntrip_client/prefix_override:/usr/lib/python3/dist-packages/colcon_core/task/python/colcon_distutils_commands:/home/rhobtor/PHD/ARGOJ8_IA/install/ntrip_client/lib/python3.10/site-packages:${PYTHONPATH} /usr/bin/python3 -W ignore:setup.py install is deprecated -W ignore:easy_install command is deprecated setup.py egg_info --egg-base ../../../build/ntrip_client build --build-base /home/rhobtor/PHD/ARGOJ8_IA/build/ntrip_client/build install --record /home/rhobtor/PHD/ARGOJ8_IA/build/ntrip_client/install.log --single-version-externally-managed install_data
[2.215s] running egg_info
[2.215s] writing ../../../build/ntrip_client/ntrip_client.egg-info/PKG-INFO
[2.215s] writing dependency_links to ../../../build/ntrip_client/ntrip_client.egg-info/dependency_links.txt
[2.216s] writing requirements to ../../../build/ntrip_client/ntrip_client.egg-info/requires.txt
[2.216s] writing top-level names to ../../../build/ntrip_client/ntrip_client.egg-info/top_level.txt
[2.218s] reading manifest file '../../../build/ntrip_client/ntrip_client.egg-info/SOURCES.txt'
[2.219s] adding license file 'LICENSE'
[2.219s] writing manifest file '../../../build/ntrip_client/ntrip_client.egg-info/SOURCES.txt'
[2.219s] running build
[2.220s] running build_py
[2.220s] running build_scripts
[2.220s] running install
[2.220s] running install_lib
[2.221s] running install_data
[2.222s] running install_egg_info
[2.224s] removing '/home/rhobtor/PHD/ARGOJ8_IA/install/ntrip_client/lib/python3.10/site-packages/ntrip_client-1.2.0-py3.10.egg-info' (and everything under it)
[2.224s] Copying ../../../build/ntrip_client/ntrip_client.egg-info to /home/rhobtor/PHD/ARGOJ8_IA/install/ntrip_client/lib/python3.10/site-packages/ntrip_client-1.2.0-py3.10.egg-info
[2.224s] running install_scripts
[2.265s] changing mode of /home/rhobtor/PHD/ARGOJ8_IA/install/ntrip_client/lib/ntrip_client/ntrip_ros.py to 775
[2.268s] writing list of installed files to '/home/rhobtor/PHD/ARGOJ8_IA/build/ntrip_client/install.log'
[2.335s] Invoked command in '/home/rhobtor/PHD/ARGOJ8_IA/src/argo_drivers_pkgs/ntrip_client' returned '0': PYTHONPATH=/home/rhobtor/PHD/ARGOJ8_IA/build/ntrip_client/prefix_override:/usr/lib/python3/dist-packages/colcon_core/task/python/colcon_distutils_commands:/home/rhobtor/PHD/ARGOJ8_IA/install/ntrip_client/lib/python3.10/site-packages:${PYTHONPATH} /usr/bin/python3 -W ignore:setup.py install is deprecated -W ignore:easy_install command is deprecated setup.py egg_info --egg-base ../../../build/ntrip_client build --build-base /home/rhobtor/PHD/ARGOJ8_IA/build/ntrip_client/build install --record /home/rhobtor/PHD/ARGOJ8_IA/build/ntrip_client/install.log --single-version-externally-managed install_data
