[0.022s] Invoking command in '/home/rhobtor/PHD/ARGOJ8_IA/build/car_interfaces': CMAKE_PREFIX_PATH=${CMAKE_PREFIX_PATH}:/home/rhobtor/PHD/ARGOJ8_IA/install/car:/home/rhobtor/PHD/reactive/Reactive-Navegation/workspace_full_conected/install/car:/opt/ros/humble /opt/st/stm32cubeclt_1.18.0/CMake/bin/cmake /home/rhobtor/PHD/ARGOJ8_IA/src/car_interfaces -DCMAKE_INSTALL_PREFIX=/home/rhobtor/PHD/ARGOJ8_IA/install/car_interfaces
[0.097s] -- The C compiler identification is GNU 11.4.0
[0.156s] -- The CXX compiler identification is GNU 11.4.0
[0.176s] -- Detecting C compiler ABI info
[0.244s] -- Detecting C compiler ABI info - done
[0.260s] -- Check for working C compiler: /usr/bin/cc - skipped
[0.260s] -- Detecting C compile features
[0.261s] -- Detecting C compile features - done
[0.270s] -- Detecting CXX compiler ABI info
[0.350s] -- Detecting CXX compiler ABI info - done
[0.363s] -- Check for working CXX compiler: /usr/bin/c++ - skipped
[0.363s] -- Detecting CXX compile features
[0.364s] -- Detecting CXX compile features - done
[0.371s] -- Found ament_cmake: 1.3.11 (/opt/ros/humble/share/ament_cmake/cmake)
[0.556s] -- Found Python3: /usr/bin/python3 (found version "3.10.12") found components: Interpreter 
[0.692s] -- Found geometry_msgs: 4.8.0 (/opt/ros/humble/share/geometry_msgs/cmake)
[0.756s] -- Found rosidl_generator_c: 3.1.6 (/opt/ros/humble/share/rosidl_generator_c/cmake)
[0.765s] -- Found rosidl_adapter: 3.1.6 (/opt/ros/humble/share/rosidl_adapter/cmake)
[0.778s] -- Found rosidl_generator_cpp: 3.1.6 (/opt/ros/humble/share/rosidl_generator_cpp/cmake)
[0.800s] -- Using all available rosidl_typesupport_c: rosidl_typesupport_fastrtps_c;rosidl_typesupport_introspection_c
[0.827s] -- Using all available rosidl_typesupport_cpp: rosidl_typesupport_fastrtps_cpp;rosidl_typesupport_introspection_cpp
[0.925s] -- Found rosidl_default_generators: 1.2.0 (/opt/ros/humble/share/rosidl_default_generators/cmake)
[1.535s] -- Found ament_cmake_ros: 0.10.0 (/opt/ros/humble/share/ament_cmake_ros/cmake)
[2.527s] -- Using all available rosidl_typesupport_c: rosidl_typesupport_fastrtps_c;rosidl_typesupport_introspection_c
[2.923s] -- Using all available rosidl_typesupport_cpp: rosidl_typesupport_fastrtps_cpp;rosidl_typesupport_introspection_cpp
[2.926s] [33mCMake Warning (dev) at /opt/ros/humble/share/rosidl_generator_py/cmake/rosidl_generator_py_generate_interfaces.cmake:20 (find_package):
[2.926s]   Policy CMP0148 is not set: The FindPythonInterp and FindPythonLibs modules
[2.926s]   are removed.  Run "cmake --help-policy CMP0148" for policy details.  Use
[2.926s]   the cmake_policy command to set the policy and suppress this warning.
[2.926s] 
[2.926s] Call Stack (most recent call first):
[2.926s]   /opt/ros/humble/share/ament_cmake_core/cmake/core/ament_execute_extensions.cmake:48 (include)
[2.926s]   /opt/ros/humble/share/rosidl_cmake/cmake/rosidl_generate_interfaces.cmake:286 (ament_execute_extensions)
[2.926s]   CMakeLists.txt:14 (rosidl_generate_interfaces)
[2.926s] This warning is for project developers.  Use -Wno-dev to suppress it.
[2.926s] [0m
[2.952s] -- Found PythonInterp: /usr/bin/python3 (found suitable version "3.10.12", minimum required is "3.6") 
[2.955s] -- Found python_cmake_module: 0.10.0 (/opt/ros/humble/share/python_cmake_module/cmake)
[2.955s] [33mCMake Warning (dev) at /opt/ros/humble/share/python_cmake_module/cmake/Modules/FindPythonExtra.cmake:52 (find_package):
[2.955s]   Policy CMP0148 is not set: The FindPythonInterp and FindPythonLibs modules
[2.956s]   are removed.  Run "cmake --help-policy CMP0148" for policy details.  Use
[2.956s]   the cmake_policy command to set the policy and suppress this warning.
[2.956s] 
[2.956s] Call Stack (most recent call first):
[2.956s]   /opt/ros/humble/share/rosidl_generator_py/cmake/rosidl_generator_py_generate_interfaces.cmake:23 (find_package)
[2.956s]   /opt/ros/humble/share/ament_cmake_core/cmake/core/ament_execute_extensions.cmake:48 (include)
[2.956s]   /opt/ros/humble/share/rosidl_cmake/cmake/rosidl_generate_interfaces.cmake:286 (ament_execute_extensions)
[2.956s]   CMakeLists.txt:14 (rosidl_generate_interfaces)
[2.956s] This warning is for project developers.  Use -Wno-dev to suppress it.
[2.957s] [0m
[2.981s] [33mCMake Warning (dev) at /opt/ros/humble/share/python_cmake_module/cmake/Modules/FindPythonExtra.cmake:140 (find_package):
[2.981s]   Policy CMP0148 is not set: The FindPythonInterp and FindPythonLibs modules
[2.981s]   are removed.  Run "cmake --help-policy CMP0148" for policy details.  Use
[2.981s]   the cmake_policy command to set the policy and suppress this warning.
[2.981s] 
[2.981s] Call Stack (most recent call first):
[2.982s]   /opt/ros/humble/share/rosidl_generator_py/cmake/rosidl_generator_py_generate_interfaces.cmake:23 (find_package)
[2.982s]   /opt/ros/humble/share/ament_cmake_core/cmake/core/ament_execute_extensions.cmake:48 (include)
[2.982s]   /opt/ros/humble/share/rosidl_cmake/cmake/rosidl_generate_interfaces.cmake:286 (ament_execute_extensions)
[2.982s]   CMakeLists.txt:14 (rosidl_generate_interfaces)
[2.982s] This warning is for project developers.  Use -Wno-dev to suppress it.
[2.982s] [0m
[2.991s] -- Found PythonLibs: /usr/lib/x86_64-linux-gnu/libpython3.10.so (found suitable version "3.10.12", minimum required is "3.5") 
[2.992s] -- Using PYTHON_EXECUTABLE: /usr/bin/python3
[2.992s] -- Using PYTHON_INCLUDE_DIRS: /usr/include/python3.10
[2.992s] -- Using PYTHON_LIBRARIES: /usr/lib/x86_64-linux-gnu/libpython3.10.so
[3.019s] -- Found PythonExtra: .so  
[3.164s] -- Configuring done (3.1s)
[3.206s] -- Generating done (0.0s)
[3.215s] -- Build files have been written to: /home/rhobtor/PHD/ARGOJ8_IA/build/car_interfaces
[3.224s] Invoked command in '/home/rhobtor/PHD/ARGOJ8_IA/build/car_interfaces' returned '0': CMAKE_PREFIX_PATH=${CMAKE_PREFIX_PATH}:/home/rhobtor/PHD/ARGOJ8_IA/install/car:/home/rhobtor/PHD/reactive/Reactive-Navegation/workspace_full_conected/install/car:/opt/ros/humble /opt/st/stm32cubeclt_1.18.0/CMake/bin/cmake /home/rhobtor/PHD/ARGOJ8_IA/src/car_interfaces -DCMAKE_INSTALL_PREFIX=/home/rhobtor/PHD/ARGOJ8_IA/install/car_interfaces
[3.227s] Invoking command in '/home/rhobtor/PHD/ARGOJ8_IA/build/car_interfaces': CMAKE_PREFIX_PATH=${CMAKE_PREFIX_PATH}:/home/rhobtor/PHD/ARGOJ8_IA/install/car:/home/rhobtor/PHD/reactive/Reactive-Navegation/workspace_full_conected/install/car:/opt/ros/humble /opt/st/stm32cubeclt_1.18.0/CMake/bin/cmake --build /home/rhobtor/PHD/ARGOJ8_IA/build/car_interfaces -- -j16 -l16
[3.267s] [  3%] [34m[1mGenerating C code for ROS interfaces[0m
[3.276s] [  3%] Built target ament_cmake_python_copy_car_interfaces
[3.284s] [  6%] [34m[1mGenerating C++ code for ROS interfaces[0m
[3.633s] running egg_info
[3.633s] creating car_interfaces.egg-info
[3.633s] writing car_interfaces.egg-info/PKG-INFO
[3.633s] writing dependency_links to car_interfaces.egg-info/dependency_links.txt
[3.633s] writing top-level names to car_interfaces.egg-info/top_level.txt
[3.634s] writing manifest file 'car_interfaces.egg-info/SOURCES.txt'
[3.639s] reading manifest file 'car_interfaces.egg-info/SOURCES.txt'
[3.640s] writing manifest file 'car_interfaces.egg-info/SOURCES.txt'
[3.672s] [  6%] Built target ament_cmake_python_build_car_interfaces_egg
[5.715s] [  6%] Built target car_interfaces__cpp
[5.722s] [  9%] [34m[1mGenerating C++ type support dispatch for ROS interfaces[0m
[5.722s] [ 12%] [34m[1mGenerating C++ type support for eProsima Fast-RTPS[0m
[5.723s] [ 16%] [34m[1mGenerating C++ introspection for ROS interfaces[0m
[5.922s] [ 19%] [32mBuilding C object CMakeFiles/car_interfaces__rosidl_generator_c.dir/rosidl_generator_c/car_interfaces/msg/detail/graph__functions.c.o[0m
[6.004s] [ 22%] [32mBuilding CXX object CMakeFiles/car_interfaces__rosidl_typesupport_cpp.dir/rosidl_typesupport_cpp/car_interfaces/msg/graph__type_support.cpp.o[0m
[6.095s] [ 25%] [32m[1mLinking C shared library libcar_interfaces__rosidl_generator_c.so[0m
[6.140s] [ 29%] [32mBuilding CXX object CMakeFiles/car_interfaces__rosidl_typesupport_fastrtps_cpp.dir/rosidl_typesupport_fastrtps_cpp/car_interfaces/msg/detail/dds_fastrtps/graph__type_support.cpp.o[0m
[6.175s] [ 29%] Built target car_interfaces__rosidl_generator_c
[6.182s] [ 32%] [34m[1mGenerating C introspection for ROS interfaces[0m
[6.182s] [ 35%] [34m[1mGenerating C type support for eProsima Fast-RTPS[0m
[6.182s] [ 38%] [34m[1mGenerating C type support dispatch for ROS interfaces[0m
[6.524s] [ 41%] [32mBuilding CXX object CMakeFiles/car_interfaces__rosidl_typesupport_c.dir/rosidl_typesupport_c/car_interfaces/msg/graph__type_support.cpp.o[0m
[6.573s] [ 45%] [32m[1mLinking CXX shared library libcar_interfaces__rosidl_typesupport_c.so[0m
[6.594s] [ 48%] [32mBuilding C object CMakeFiles/car_interfaces__rosidl_typesupport_introspection_c.dir/rosidl_typesupport_introspection_c/car_interfaces/msg/detail/graph__type_support.c.o[0m
[6.625s] [ 48%] Built target car_interfaces__rosidl_typesupport_c
[6.647s] [ 51%] [32m[1mLinking C shared library libcar_interfaces__rosidl_typesupport_introspection_c.so[0m
[6.667s] [ 54%] [32mBuilding CXX object CMakeFiles/car_interfaces__rosidl_typesupport_fastrtps_c.dir/rosidl_typesupport_fastrtps_c/car_interfaces/msg/detail/graph__type_support_c.cpp.o[0m
[6.681s] [ 54%] Built target car_interfaces__rosidl_typesupport_introspection_c
[6.760s] [ 58%] [32m[1mLinking CXX shared library libcar_interfaces__rosidl_typesupport_fastrtps_cpp.so[0m
[6.861s] [ 58%] Built target car_interfaces__rosidl_typesupport_fastrtps_cpp
[7.174s] [ 61%] [32m[1mLinking CXX shared library libcar_interfaces__rosidl_typesupport_fastrtps_c.so[0m
[7.186s] [ 64%] [32mBuilding CXX object CMakeFiles/car_interfaces__rosidl_typesupport_introspection_cpp.dir/rosidl_typesupport_introspection_cpp/car_interfaces/msg/detail/graph__type_support.cpp.o[0m
[7.270s] [ 64%] Built target car_interfaces__rosidl_typesupport_fastrtps_c
[7.757s] [ 67%] [32m[1mLinking CXX shared library libcar_interfaces__rosidl_typesupport_introspection_cpp.so[0m
[7.842s] [ 67%] Built target car_interfaces__rosidl_typesupport_introspection_cpp
[8.004s] [ 70%] [32m[1mLinking CXX shared library libcar_interfaces__rosidl_typesupport_cpp.so[0m
[8.037s] [ 70%] Built target car_interfaces__rosidl_typesupport_cpp
[8.053s] [ 70%] Built target car_interfaces
[8.077s] [ 74%] [34m[1mGenerating Python code for ROS interfaces[0m
[8.664s] [ 74%] Built target car_interfaces__py
[8.665s] [ 77%] [32mBuilding C object CMakeFiles/car_interfaces__rosidl_generator_py.dir/rosidl_generator_py/car_interfaces/msg/_graph_s.c.o[0m
[8.851s] [ 80%] [32m[1mLinking C shared library rosidl_generator_py/car_interfaces/libcar_interfaces__rosidl_generator_py.so[0m
[8.934s] [ 80%] Built target car_interfaces__rosidl_generator_py
[8.960s] [ 83%] [32mBuilding C object CMakeFiles/car_interfaces__rosidl_typesupport_fastrtps_c__pyext.dir/rosidl_generator_py/car_interfaces/_car_interfaces_s.ep.rosidl_typesupport_fastrtps_c.c.o[0m
[8.966s] [ 87%] [32mBuilding C object CMakeFiles/car_interfaces__rosidl_typesupport_introspection_c__pyext.dir/rosidl_generator_py/car_interfaces/_car_interfaces_s.ep.rosidl_typesupport_introspection_c.c.o[0m
[8.987s] [ 90%] [32mBuilding C object CMakeFiles/car_interfaces__rosidl_typesupport_c__pyext.dir/rosidl_generator_py/car_interfaces/_car_interfaces_s.ep.rosidl_typesupport_c.c.o[0m
[9.168s] [ 93%] [32m[1mLinking C shared library rosidl_generator_py/car_interfaces/car_interfaces_s__rosidl_typesupport_fastrtps_c.cpython-310-x86_64-linux-gnu.so[0m
[9.190s] [ 96%] [32m[1mLinking C shared library rosidl_generator_py/car_interfaces/car_interfaces_s__rosidl_typesupport_introspection_c.cpython-310-x86_64-linux-gnu.so[0m
[9.257s] [ 96%] Built target car_interfaces__rosidl_typesupport_fastrtps_c__pyext
[9.259s] [100%] [32m[1mLinking C shared library rosidl_generator_py/car_interfaces/car_interfaces_s__rosidl_typesupport_c.cpython-310-x86_64-linux-gnu.so[0m
[9.277s] [100%] Built target car_interfaces__rosidl_typesupport_introspection_c__pyext
[9.308s] [100%] Built target car_interfaces__rosidl_typesupport_c__pyext
[9.332s] Invoked command in '/home/rhobtor/PHD/ARGOJ8_IA/build/car_interfaces' returned '0': CMAKE_PREFIX_PATH=${CMAKE_PREFIX_PATH}:/home/rhobtor/PHD/ARGOJ8_IA/install/car:/home/rhobtor/PHD/reactive/Reactive-Navegation/workspace_full_conected/install/car:/opt/ros/humble /opt/st/stm32cubeclt_1.18.0/CMake/bin/cmake --build /home/rhobtor/PHD/ARGOJ8_IA/build/car_interfaces -- -j16 -l16
[9.347s] Invoking command in '/home/rhobtor/PHD/ARGOJ8_IA/build/car_interfaces': CMAKE_PREFIX_PATH=${CMAKE_PREFIX_PATH}:/home/rhobtor/PHD/ARGOJ8_IA/install/car:/home/rhobtor/PHD/reactive/Reactive-Navegation/workspace_full_conected/install/car:/opt/ros/humble /opt/st/stm32cubeclt_1.18.0/CMake/bin/cmake --install /home/rhobtor/PHD/ARGOJ8_IA/build/car_interfaces
[9.356s] -- Install configuration: ""
[9.357s] -- Installing: /home/rhobtor/PHD/ARGOJ8_IA/install/car_interfaces/share/ament_index/resource_index/rosidl_interfaces/car_interfaces
[9.357s] -- Installing: /home/rhobtor/PHD/ARGOJ8_IA/install/car_interfaces/include/car_interfaces/car_interfaces
[9.357s] -- Installing: /home/rhobtor/PHD/ARGOJ8_IA/install/car_interfaces/include/car_interfaces/car_interfaces/msg
[9.357s] -- Installing: /home/rhobtor/PHD/ARGOJ8_IA/install/car_interfaces/include/car_interfaces/car_interfaces/msg/rosidl_generator_c__visibility_control.h
[9.357s] -- Installing: /home/rhobtor/PHD/ARGOJ8_IA/install/car_interfaces/include/car_interfaces/car_interfaces/msg/graph.h
[9.357s] -- Installing: /home/rhobtor/PHD/ARGOJ8_IA/install/car_interfaces/include/car_interfaces/car_interfaces/msg/detail
[9.357s] -- Installing: /home/rhobtor/PHD/ARGOJ8_IA/install/car_interfaces/include/car_interfaces/car_interfaces/msg/detail/graph__struct.h
[9.357s] -- Installing: /home/rhobtor/PHD/ARGOJ8_IA/install/car_interfaces/include/car_interfaces/car_interfaces/msg/detail/graph__type_support.h
[9.358s] -- Installing: /home/rhobtor/PHD/ARGOJ8_IA/install/car_interfaces/include/car_interfaces/car_interfaces/msg/detail/graph__functions.h
[9.358s] -- Installing: /home/rhobtor/PHD/ARGOJ8_IA/install/car_interfaces/include/car_interfaces/car_interfaces/msg/detail/graph__functions.c
[9.358s] -- Installing: /home/rhobtor/PHD/ARGOJ8_IA/install/car_interfaces/share/car_interfaces/environment/library_path.sh
[9.358s] -- Installing: /home/rhobtor/PHD/ARGOJ8_IA/install/car_interfaces/share/car_interfaces/environment/library_path.dsv
[9.359s] -- Installing: /home/rhobtor/PHD/ARGOJ8_IA/install/car_interfaces/lib/libcar_interfaces__rosidl_generator_c.so
[9.363s] -- Set non-toolchain portion of runtime path of "/home/rhobtor/PHD/ARGOJ8_IA/install/car_interfaces/lib/libcar_interfaces__rosidl_generator_c.so" to ""
[9.363s] -- Up-to-date: /home/rhobtor/PHD/ARGOJ8_IA/install/car_interfaces/include/car_interfaces/car_interfaces
[9.365s] -- Up-to-date: /home/rhobtor/PHD/ARGOJ8_IA/install/car_interfaces/include/car_interfaces/car_interfaces/msg
[9.365s] -- Up-to-date: /home/rhobtor/PHD/ARGOJ8_IA/install/car_interfaces/include/car_interfaces/car_interfaces/msg/detail
[9.366s] -- Installing: /home/rhobtor/PHD/ARGOJ8_IA/install/car_interfaces/include/car_interfaces/car_interfaces/msg/detail/graph__rosidl_typesupport_fastrtps_c.h
[9.366s] -- Installing: /home/rhobtor/PHD/ARGOJ8_IA/install/car_interfaces/include/car_interfaces/car_interfaces/msg/rosidl_typesupport_fastrtps_c__visibility_control.h
[9.366s] -- Installing: /home/rhobtor/PHD/ARGOJ8_IA/install/car_interfaces/lib/libcar_interfaces__rosidl_typesupport_fastrtps_c.so
[9.366s] -- Set non-toolchain portion of runtime path of "/home/rhobtor/PHD/ARGOJ8_IA/install/car_interfaces/lib/libcar_interfaces__rosidl_typesupport_fastrtps_c.so" to ""
[9.366s] -- Up-to-date: /home/rhobtor/PHD/ARGOJ8_IA/install/car_interfaces/include/car_interfaces/car_interfaces
[9.366s] -- Up-to-date: /home/rhobtor/PHD/ARGOJ8_IA/install/car_interfaces/include/car_interfaces/car_interfaces/msg
[9.366s] -- Installing: /home/rhobtor/PHD/ARGOJ8_IA/install/car_interfaces/include/car_interfaces/car_interfaces/msg/rosidl_generator_cpp__visibility_control.hpp
[9.366s] -- Installing: /home/rhobtor/PHD/ARGOJ8_IA/install/car_interfaces/include/car_interfaces/car_interfaces/msg/graph.hpp
[9.366s] -- Up-to-date: /home/rhobtor/PHD/ARGOJ8_IA/install/car_interfaces/include/car_interfaces/car_interfaces/msg/detail
[9.366s] -- Installing: /home/rhobtor/PHD/ARGOJ8_IA/install/car_interfaces/include/car_interfaces/car_interfaces/msg/detail/graph__builder.hpp
[9.366s] -- Installing: /home/rhobtor/PHD/ARGOJ8_IA/install/car_interfaces/include/car_interfaces/car_interfaces/msg/detail/graph__traits.hpp
[9.366s] -- Installing: /home/rhobtor/PHD/ARGOJ8_IA/install/car_interfaces/include/car_interfaces/car_interfaces/msg/detail/graph__type_support.hpp
[9.367s] -- Installing: /home/rhobtor/PHD/ARGOJ8_IA/install/car_interfaces/include/car_interfaces/car_interfaces/msg/detail/graph__struct.hpp
[9.367s] -- Up-to-date: /home/rhobtor/PHD/ARGOJ8_IA/install/car_interfaces/include/car_interfaces/car_interfaces
[9.367s] -- Up-to-date: /home/rhobtor/PHD/ARGOJ8_IA/install/car_interfaces/include/car_interfaces/car_interfaces/msg
[9.367s] -- Installing: /home/rhobtor/PHD/ARGOJ8_IA/install/car_interfaces/include/car_interfaces/car_interfaces/msg/rosidl_typesupport_fastrtps_cpp__visibility_control.h
[9.367s] -- Up-to-date: /home/rhobtor/PHD/ARGOJ8_IA/install/car_interfaces/include/car_interfaces/car_interfaces/msg/detail
[9.367s] -- Installing: /home/rhobtor/PHD/ARGOJ8_IA/install/car_interfaces/include/car_interfaces/car_interfaces/msg/detail/graph__rosidl_typesupport_fastrtps_cpp.hpp
[9.367s] -- Installing: /home/rhobtor/PHD/ARGOJ8_IA/install/car_interfaces/include/car_interfaces/car_interfaces/msg/detail/dds_fastrtps
[9.367s] -- Installing: /home/rhobtor/PHD/ARGOJ8_IA/install/car_interfaces/lib/libcar_interfaces__rosidl_typesupport_fastrtps_cpp.so
[9.367s] -- Set non-toolchain portion of runtime path of "/home/rhobtor/PHD/ARGOJ8_IA/install/car_interfaces/lib/libcar_interfaces__rosidl_typesupport_fastrtps_cpp.so" to ""
[9.368s] -- Up-to-date: /home/rhobtor/PHD/ARGOJ8_IA/install/car_interfaces/include/car_interfaces/car_interfaces
[9.368s] -- Up-to-date: /home/rhobtor/PHD/ARGOJ8_IA/install/car_interfaces/include/car_interfaces/car_interfaces/msg
[9.368s] -- Installing: /home/rhobtor/PHD/ARGOJ8_IA/install/car_interfaces/include/car_interfaces/car_interfaces/msg/rosidl_typesupport_introspection_c__visibility_control.h
[9.368s] -- Up-to-date: /home/rhobtor/PHD/ARGOJ8_IA/install/car_interfaces/include/car_interfaces/car_interfaces/msg/detail
[9.371s] -- Installing: /home/rhobtor/PHD/ARGOJ8_IA/install/car_interfaces/include/car_interfaces/car_interfaces/msg/detail/graph__rosidl_typesupport_introspection_c.h
[9.371s] -- Installing: /home/rhobtor/PHD/ARGOJ8_IA/install/car_interfaces/include/car_interfaces/car_interfaces/msg/detail/graph__type_support.c
[9.371s] -- Installing: /home/rhobtor/PHD/ARGOJ8_IA/install/car_interfaces/lib/libcar_interfaces__rosidl_typesupport_introspection_c.so
[9.372s] -- Set non-toolchain portion of runtime path of "/home/rhobtor/PHD/ARGOJ8_IA/install/car_interfaces/lib/libcar_interfaces__rosidl_typesupport_introspection_c.so" to ""
[9.372s] -- Installing: /home/rhobtor/PHD/ARGOJ8_IA/install/car_interfaces/lib/libcar_interfaces__rosidl_typesupport_c.so
[9.372s] -- Set non-toolchain portion of runtime path of "/home/rhobtor/PHD/ARGOJ8_IA/install/car_interfaces/lib/libcar_interfaces__rosidl_typesupport_c.so" to ""
[9.372s] -- Up-to-date: /home/rhobtor/PHD/ARGOJ8_IA/install/car_interfaces/include/car_interfaces/car_interfaces
[9.372s] -- Up-to-date: /home/rhobtor/PHD/ARGOJ8_IA/install/car_interfaces/include/car_interfaces/car_interfaces/msg
[9.372s] -- Up-to-date: /home/rhobtor/PHD/ARGOJ8_IA/install/car_interfaces/include/car_interfaces/car_interfaces/msg/detail
[9.372s] -- Installing: /home/rhobtor/PHD/ARGOJ8_IA/install/car_interfaces/include/car_interfaces/car_interfaces/msg/detail/graph__type_support.cpp
[9.372s] -- Installing: /home/rhobtor/PHD/ARGOJ8_IA/install/car_interfaces/include/car_interfaces/car_interfaces/msg/detail/graph__rosidl_typesupport_introspection_cpp.hpp
[9.372s] -- Installing: /home/rhobtor/PHD/ARGOJ8_IA/install/car_interfaces/lib/libcar_interfaces__rosidl_typesupport_introspection_cpp.so
[9.372s] -- Set non-toolchain portion of runtime path of "/home/rhobtor/PHD/ARGOJ8_IA/install/car_interfaces/lib/libcar_interfaces__rosidl_typesupport_introspection_cpp.so" to ""
[9.372s] -- Installing: /home/rhobtor/PHD/ARGOJ8_IA/install/car_interfaces/lib/libcar_interfaces__rosidl_typesupport_cpp.so
[9.372s] -- Set non-toolchain portion of runtime path of "/home/rhobtor/PHD/ARGOJ8_IA/install/car_interfaces/lib/libcar_interfaces__rosidl_typesupport_cpp.so" to ""
[9.372s] -- Installing: /home/rhobtor/PHD/ARGOJ8_IA/install/car_interfaces/share/car_interfaces/environment/pythonpath.sh
[9.373s] -- Installing: /home/rhobtor/PHD/ARGOJ8_IA/install/car_interfaces/share/car_interfaces/environment/pythonpath.dsv
[9.373s] -- Installing: /home/rhobtor/PHD/ARGOJ8_IA/install/car_interfaces/local/lib/python3.10/dist-packages/car_interfaces-0.0.0-py3.10.egg-info
[9.373s] -- Installing: /home/rhobtor/PHD/ARGOJ8_IA/install/car_interfaces/local/lib/python3.10/dist-packages/car_interfaces-0.0.0-py3.10.egg-info/top_level.txt
[9.373s] -- Installing: /home/rhobtor/PHD/ARGOJ8_IA/install/car_interfaces/local/lib/python3.10/dist-packages/car_interfaces-0.0.0-py3.10.egg-info/SOURCES.txt
[9.373s] -- Installing: /home/rhobtor/PHD/ARGOJ8_IA/install/car_interfaces/local/lib/python3.10/dist-packages/car_interfaces-0.0.0-py3.10.egg-info/PKG-INFO
[9.373s] -- Installing: /home/rhobtor/PHD/ARGOJ8_IA/install/car_interfaces/local/lib/python3.10/dist-packages/car_interfaces-0.0.0-py3.10.egg-info/dependency_links.txt
[9.373s] -- Installing: /home/rhobtor/PHD/ARGOJ8_IA/install/car_interfaces/local/lib/python3.10/dist-packages/car_interfaces
[9.373s] -- Installing: /home/rhobtor/PHD/ARGOJ8_IA/install/car_interfaces/local/lib/python3.10/dist-packages/car_interfaces/_car_interfaces_s.ep.rosidl_typesupport_fastrtps_c.c
[9.373s] -- Installing: /home/rhobtor/PHD/ARGOJ8_IA/install/car_interfaces/local/lib/python3.10/dist-packages/car_interfaces/_car_interfaces_s.ep.rosidl_typesupport_c.c
[9.373s] -- Installing: /home/rhobtor/PHD/ARGOJ8_IA/install/car_interfaces/local/lib/python3.10/dist-packages/car_interfaces/car_interfaces_s__rosidl_typesupport_fastrtps_c.cpython-310-x86_64-linux-gnu.so
[9.373s] -- Installing: /home/rhobtor/PHD/ARGOJ8_IA/install/car_interfaces/local/lib/python3.10/dist-packages/car_interfaces/car_interfaces_s__rosidl_typesupport_c.cpython-310-x86_64-linux-gnu.so
[9.373s] -- Installing: /home/rhobtor/PHD/ARGOJ8_IA/install/car_interfaces/local/lib/python3.10/dist-packages/car_interfaces/_car_interfaces_s.ep.rosidl_typesupport_introspection_c.c
[9.374s] -- Installing: /home/rhobtor/PHD/ARGOJ8_IA/install/car_interfaces/local/lib/python3.10/dist-packages/car_interfaces/__init__.py
[9.374s] -- Installing: /home/rhobtor/PHD/ARGOJ8_IA/install/car_interfaces/local/lib/python3.10/dist-packages/car_interfaces/msg
[9.374s] -- Installing: /home/rhobtor/PHD/ARGOJ8_IA/install/car_interfaces/local/lib/python3.10/dist-packages/car_interfaces/msg/_graph_s.c
[9.374s] -- Installing: /home/rhobtor/PHD/ARGOJ8_IA/install/car_interfaces/local/lib/python3.10/dist-packages/car_interfaces/msg/_graph.py
[9.374s] -- Installing: /home/rhobtor/PHD/ARGOJ8_IA/install/car_interfaces/local/lib/python3.10/dist-packages/car_interfaces/msg/__init__.py
[9.374s] -- Installing: /home/rhobtor/PHD/ARGOJ8_IA/install/car_interfaces/local/lib/python3.10/dist-packages/car_interfaces/car_interfaces_s__rosidl_typesupport_introspection_c.cpython-310-x86_64-linux-gnu.so
[9.374s] -- Installing: /home/rhobtor/PHD/ARGOJ8_IA/install/car_interfaces/local/lib/python3.10/dist-packages/car_interfaces/libcar_interfaces__rosidl_generator_py.so
[9.475s] Listing '/home/rhobtor/PHD/ARGOJ8_IA/install/car_interfaces/local/lib/python3.10/dist-packages/car_interfaces'...
[9.475s] Compiling '/home/rhobtor/PHD/ARGOJ8_IA/install/car_interfaces/local/lib/python3.10/dist-packages/car_interfaces/__init__.py'...
[9.475s] Listing '/home/rhobtor/PHD/ARGOJ8_IA/install/car_interfaces/local/lib/python3.10/dist-packages/car_interfaces/msg'...
[9.475s] Compiling '/home/rhobtor/PHD/ARGOJ8_IA/install/car_interfaces/local/lib/python3.10/dist-packages/car_interfaces/msg/__init__.py'...
[9.475s] Compiling '/home/rhobtor/PHD/ARGOJ8_IA/install/car_interfaces/local/lib/python3.10/dist-packages/car_interfaces/msg/_graph.py'...
[9.482s] -- Installing: /home/rhobtor/PHD/ARGOJ8_IA/install/car_interfaces/local/lib/python3.10/dist-packages/car_interfaces/car_interfaces_s__rosidl_typesupport_fastrtps_c.cpython-310-x86_64-linux-gnu.so
[9.482s] -- Set non-toolchain portion of runtime path of "/home/rhobtor/PHD/ARGOJ8_IA/install/car_interfaces/local/lib/python3.10/dist-packages/car_interfaces/car_interfaces_s__rosidl_typesupport_fastrtps_c.cpython-310-x86_64-linux-gnu.so" to ""
[9.483s] -- Installing: /home/rhobtor/PHD/ARGOJ8_IA/install/car_interfaces/local/lib/python3.10/dist-packages/car_interfaces/car_interfaces_s__rosidl_typesupport_introspection_c.cpython-310-x86_64-linux-gnu.so
[9.483s] -- Set non-toolchain portion of runtime path of "/home/rhobtor/PHD/ARGOJ8_IA/install/car_interfaces/local/lib/python3.10/dist-packages/car_interfaces/car_interfaces_s__rosidl_typesupport_introspection_c.cpython-310-x86_64-linux-gnu.so" to ""
[9.483s] -- Installing: /home/rhobtor/PHD/ARGOJ8_IA/install/car_interfaces/local/lib/python3.10/dist-packages/car_interfaces/car_interfaces_s__rosidl_typesupport_c.cpython-310-x86_64-linux-gnu.so
[9.489s] -- Set non-toolchain portion of runtime path of "/home/rhobtor/PHD/ARGOJ8_IA/install/car_interfaces/local/lib/python3.10/dist-packages/car_interfaces/car_interfaces_s__rosidl_typesupport_c.cpython-310-x86_64-linux-gnu.so" to ""
[9.489s] -- Installing: /home/rhobtor/PHD/ARGOJ8_IA/install/car_interfaces/lib/libcar_interfaces__rosidl_generator_py.so
[9.490s] -- Set non-toolchain portion of runtime path of "/home/rhobtor/PHD/ARGOJ8_IA/install/car_interfaces/lib/libcar_interfaces__rosidl_generator_py.so" to ""
[9.490s] -- Installing: /home/rhobtor/PHD/ARGOJ8_IA/install/car_interfaces/share/car_interfaces/msg/Graph.idl
[9.490s] -- Installing: /home/rhobtor/PHD/ARGOJ8_IA/install/car_interfaces/share/car_interfaces/msg/Graph.msg
[9.490s] -- Installing: /home/rhobtor/PHD/ARGOJ8_IA/install/car_interfaces/share/ament_index/resource_index/package_run_dependencies/car_interfaces
[9.490s] -- Installing: /home/rhobtor/PHD/ARGOJ8_IA/install/car_interfaces/share/ament_index/resource_index/parent_prefix_path/car_interfaces
[9.490s] -- Installing: /home/rhobtor/PHD/ARGOJ8_IA/install/car_interfaces/share/car_interfaces/environment/ament_prefix_path.sh
[9.490s] -- Installing: /home/rhobtor/PHD/ARGOJ8_IA/install/car_interfaces/share/car_interfaces/environment/ament_prefix_path.dsv
[9.490s] -- Installing: /home/rhobtor/PHD/ARGOJ8_IA/install/car_interfaces/share/car_interfaces/environment/path.sh
[9.490s] -- Installing: /home/rhobtor/PHD/ARGOJ8_IA/install/car_interfaces/share/car_interfaces/environment/path.dsv
[9.490s] -- Installing: /home/rhobtor/PHD/ARGOJ8_IA/install/car_interfaces/share/car_interfaces/local_setup.bash
[9.490s] -- Installing: /home/rhobtor/PHD/ARGOJ8_IA/install/car_interfaces/share/car_interfaces/local_setup.sh
[9.490s] -- Installing: /home/rhobtor/PHD/ARGOJ8_IA/install/car_interfaces/share/car_interfaces/local_setup.zsh
[9.490s] -- Installing: /home/rhobtor/PHD/ARGOJ8_IA/install/car_interfaces/share/car_interfaces/local_setup.dsv
[9.491s] -- Installing: /home/rhobtor/PHD/ARGOJ8_IA/install/car_interfaces/share/car_interfaces/package.dsv
[9.491s] -- Installing: /home/rhobtor/PHD/ARGOJ8_IA/install/car_interfaces/share/ament_index/resource_index/packages/car_interfaces
[9.491s] -- Installing: /home/rhobtor/PHD/ARGOJ8_IA/install/car_interfaces/share/car_interfaces/cmake/export_car_interfaces__rosidl_generator_cExport.cmake
[9.491s] -- Installing: /home/rhobtor/PHD/ARGOJ8_IA/install/car_interfaces/share/car_interfaces/cmake/export_car_interfaces__rosidl_generator_cExport-noconfig.cmake
[9.491s] -- Installing: /home/rhobtor/PHD/ARGOJ8_IA/install/car_interfaces/share/car_interfaces/cmake/export_car_interfaces__rosidl_typesupport_fastrtps_cExport.cmake
[9.491s] -- Installing: /home/rhobtor/PHD/ARGOJ8_IA/install/car_interfaces/share/car_interfaces/cmake/export_car_interfaces__rosidl_typesupport_fastrtps_cExport-noconfig.cmake
[9.491s] -- Installing: /home/rhobtor/PHD/ARGOJ8_IA/install/car_interfaces/share/car_interfaces/cmake/export_car_interfaces__rosidl_generator_cppExport.cmake
[9.491s] -- Installing: /home/rhobtor/PHD/ARGOJ8_IA/install/car_interfaces/share/car_interfaces/cmake/export_car_interfaces__rosidl_typesupport_fastrtps_cppExport.cmake
[9.491s] -- Installing: /home/rhobtor/PHD/ARGOJ8_IA/install/car_interfaces/share/car_interfaces/cmake/export_car_interfaces__rosidl_typesupport_fastrtps_cppExport-noconfig.cmake
[9.492s] -- Installing: /home/rhobtor/PHD/ARGOJ8_IA/install/car_interfaces/share/car_interfaces/cmake/car_interfaces__rosidl_typesupport_introspection_cExport.cmake
[9.492s] -- Installing: /home/rhobtor/PHD/ARGOJ8_IA/install/car_interfaces/share/car_interfaces/cmake/car_interfaces__rosidl_typesupport_introspection_cExport-noconfig.cmake
[9.492s] -- Installing: /home/rhobtor/PHD/ARGOJ8_IA/install/car_interfaces/share/car_interfaces/cmake/car_interfaces__rosidl_typesupport_cExport.cmake
[9.492s] -- Installing: /home/rhobtor/PHD/ARGOJ8_IA/install/car_interfaces/share/car_interfaces/cmake/car_interfaces__rosidl_typesupport_cExport-noconfig.cmake
[9.492s] -- Installing: /home/rhobtor/PHD/ARGOJ8_IA/install/car_interfaces/share/car_interfaces/cmake/car_interfaces__rosidl_typesupport_introspection_cppExport.cmake
[9.492s] -- Installing: /home/rhobtor/PHD/ARGOJ8_IA/install/car_interfaces/share/car_interfaces/cmake/car_interfaces__rosidl_typesupport_introspection_cppExport-noconfig.cmake
[9.492s] -- Installing: /home/rhobtor/PHD/ARGOJ8_IA/install/car_interfaces/share/car_interfaces/cmake/car_interfaces__rosidl_typesupport_cppExport.cmake
[9.492s] -- Installing: /home/rhobtor/PHD/ARGOJ8_IA/install/car_interfaces/share/car_interfaces/cmake/car_interfaces__rosidl_typesupport_cppExport-noconfig.cmake
[9.492s] -- Installing: /home/rhobtor/PHD/ARGOJ8_IA/install/car_interfaces/share/car_interfaces/cmake/export_car_interfaces__rosidl_generator_pyExport.cmake
[9.496s] -- Installing: /home/rhobtor/PHD/ARGOJ8_IA/install/car_interfaces/share/car_interfaces/cmake/export_car_interfaces__rosidl_generator_pyExport-noconfig.cmake
[9.496s] -- Installing: /home/rhobtor/PHD/ARGOJ8_IA/install/car_interfaces/share/car_interfaces/cmake/rosidl_cmake-extras.cmake
[9.497s] -- Installing: /home/rhobtor/PHD/ARGOJ8_IA/install/car_interfaces/share/car_interfaces/cmake/ament_cmake_export_dependencies-extras.cmake
[9.497s] -- Installing: /home/rhobtor/PHD/ARGOJ8_IA/install/car_interfaces/share/car_interfaces/cmake/ament_cmake_export_include_directories-extras.cmake
[9.497s] -- Installing: /home/rhobtor/PHD/ARGOJ8_IA/install/car_interfaces/share/car_interfaces/cmake/ament_cmake_export_libraries-extras.cmake
[9.500s] -- Installing: /home/rhobtor/PHD/ARGOJ8_IA/install/car_interfaces/share/car_interfaces/cmake/ament_cmake_export_targets-extras.cmake
[9.500s] -- Installing: /home/rhobtor/PHD/ARGOJ8_IA/install/car_interfaces/share/car_interfaces/cmake/rosidl_cmake_export_typesupport_targets-extras.cmake
[9.501s] -- Installing: /home/rhobtor/PHD/ARGOJ8_IA/install/car_interfaces/share/car_interfaces/cmake/rosidl_cmake_export_typesupport_libraries-extras.cmake
[9.501s] -- Installing: /home/rhobtor/PHD/ARGOJ8_IA/install/car_interfaces/share/car_interfaces/cmake/car_interfacesConfig.cmake
[9.501s] -- Installing: /home/rhobtor/PHD/ARGOJ8_IA/install/car_interfaces/share/car_interfaces/cmake/car_interfacesConfig-version.cmake
[9.501s] -- Installing: /home/rhobtor/PHD/ARGOJ8_IA/install/car_interfaces/share/car_interfaces/package.xml
[9.524s] Invoked command in '/home/rhobtor/PHD/ARGOJ8_IA/build/car_interfaces' returned '0': CMAKE_PREFIX_PATH=${CMAKE_PREFIX_PATH}:/home/rhobtor/PHD/ARGOJ8_IA/install/car:/home/rhobtor/PHD/reactive/Reactive-Navegation/workspace_full_conected/install/car:/opt/ros/humble /opt/st/stm32cubeclt_1.18.0/CMake/bin/cmake --install /home/rhobtor/PHD/ARGOJ8_IA/build/car_interfaces
