[0.594s] Invoking command in '/home/rhobtor/PHD/ARGOJ8_IA/build/wiimote_msgs': CMAKE_PREFIX_PATH=${CMAKE_PREFIX_PATH}:/home/rhobtor/PHD/ARGOJ8_IA/install/ntrip_client:/home/rhobtor/PHD/ARGOJ8_IA/install/car:/home/rhobtor/PHD/ARGOJ8_IA/install/android_ros2_server:/home/rhobtor/PHD/ARGOJ8_IA/install/GUI_pkg:/home/rhobtor/PHD/reactive/Reactive-Navegation/workspace_full_conected/install/car:/opt/ros/humble /opt/st/stm32cubeclt_1.18.0/CMake/bin/cmake --build /home/rhobtor/PHD/ARGOJ8_IA/build/wiimote_msgs -- -j16 -l16
[1.748s] [  2%] Built target wiimote_msgs__cpp
[1.750s] [ 12%] Built target wiimote_msgs__rosidl_generator_c
[1.750s] [ 23%] Built target wiimote_msgs__rosidl_typesupport_cpp
[1.750s] [ 29%] Built target ament_cmake_python_copy_wiimote_msgs
[1.750s] [ 34%] Built target wiimote_msgs__rosidl_typesupport_fastrtps_cpp
[1.750s] [ 55%] Built target wiimote_msgs__rosidl_typesupport_introspection_c
[1.750s] [ 55%] Built target wiimote_msgs__rosidl_typesupport_introspection_cpp
[1.751s] [ 65%] Built target wiimote_msgs__rosidl_typesupport_fastrtps_c
[1.751s] [ 76%] Built target wiimote_msgs__rosidl_typesupport_c
[1.753s] [ 76%] Built target wiimote_msgs
[1.753s] [ 78%] Built target wiimote_msgs__py
[1.753s] [ 87%] Built target wiimote_msgs__rosidl_generator_py
[1.753s] [ 91%] Built target wiimote_msgs__rosidl_typesupport_introspection_c__pyext
[1.753s] [ 95%] Built target wiimote_msgs__rosidl_typesupport_fastrtps_c__pyext
[1.753s] [100%] Built target wiimote_msgs__rosidl_typesupport_c__pyext
[1.754s] running egg_info
[1.754s] writing wiimote_msgs.egg-info/PKG-INFO
[1.754s] writing dependency_links to wiimote_msgs.egg-info/dependency_links.txt
[1.754s] writing top-level names to wiimote_msgs.egg-info/top_level.txt
[1.754s] reading manifest file 'wiimote_msgs.egg-info/SOURCES.txt'
[1.754s] writing manifest file 'wiimote_msgs.egg-info/SOURCES.txt'
[1.754s] [100%] Built target ament_cmake_python_build_wiimote_msgs_egg
[1.832s] Invoked command in '/home/rhobtor/PHD/ARGOJ8_IA/build/wiimote_msgs' returned '0': CMAKE_PREFIX_PATH=${CMAKE_PREFIX_PATH}:/home/rhobtor/PHD/ARGOJ8_IA/install/ntrip_client:/home/rhobtor/PHD/ARGOJ8_IA/install/car:/home/rhobtor/PHD/ARGOJ8_IA/install/android_ros2_server:/home/rhobtor/PHD/ARGOJ8_IA/install/GUI_pkg:/home/rhobtor/PHD/reactive/Reactive-Navegation/workspace_full_conected/install/car:/opt/ros/humble /opt/st/stm32cubeclt_1.18.0/CMake/bin/cmake --build /home/rhobtor/PHD/ARGOJ8_IA/build/wiimote_msgs -- -j16 -l16
[1.835s] Invoking command in '/home/rhobtor/PHD/ARGOJ8_IA/build/wiimote_msgs': CMAKE_PREFIX_PATH=${CMAKE_PREFIX_PATH}:/home/rhobtor/PHD/ARGOJ8_IA/install/ntrip_client:/home/rhobtor/PHD/ARGOJ8_IA/install/car:/home/rhobtor/PHD/ARGOJ8_IA/install/android_ros2_server:/home/rhobtor/PHD/ARGOJ8_IA/install/GUI_pkg:/home/rhobtor/PHD/reactive/Reactive-Navegation/workspace_full_conected/install/car:/opt/ros/humble /opt/st/stm32cubeclt_1.18.0/CMake/bin/cmake --install /home/rhobtor/PHD/ARGOJ8_IA/build/wiimote_msgs
[2.109s] -- Install configuration: ""
[2.109s] -- Up-to-date: /home/rhobtor/PHD/ARGOJ8_IA/install/wiimote_msgs/share/ament_index/resource_index/rosidl_interfaces/wiimote_msgs
[2.109s] -- Up-to-date: /home/rhobtor/PHD/ARGOJ8_IA/install/wiimote_msgs/include/wiimote_msgs/wiimote_msgs
[2.109s] -- Up-to-date: /home/rhobtor/PHD/ARGOJ8_IA/install/wiimote_msgs/include/wiimote_msgs/wiimote_msgs/msg
[2.109s] -- Up-to-date: /home/rhobtor/PHD/ARGOJ8_IA/install/wiimote_msgs/include/wiimote_msgs/wiimote_msgs/msg/state.h
[2.109s] -- Up-to-date: /home/rhobtor/PHD/ARGOJ8_IA/install/wiimote_msgs/include/wiimote_msgs/wiimote_msgs/msg/rosidl_generator_c__visibility_control.h
[2.109s] -- Up-to-date: /home/rhobtor/PHD/ARGOJ8_IA/install/wiimote_msgs/include/wiimote_msgs/wiimote_msgs/msg/timed_switch.h
[2.109s] -- Up-to-date: /home/rhobtor/PHD/ARGOJ8_IA/install/wiimote_msgs/include/wiimote_msgs/wiimote_msgs/msg/detail
[2.109s] -- Up-to-date: /home/rhobtor/PHD/ARGOJ8_IA/install/wiimote_msgs/include/wiimote_msgs/wiimote_msgs/msg/detail/state__type_support.h
[2.110s] -- Up-to-date: /home/rhobtor/PHD/ARGOJ8_IA/install/wiimote_msgs/include/wiimote_msgs/wiimote_msgs/msg/detail/state__struct.h
[2.110s] -- Up-to-date: /home/rhobtor/PHD/ARGOJ8_IA/install/wiimote_msgs/include/wiimote_msgs/wiimote_msgs/msg/detail/ir_source_info__functions.h
[2.110s] -- Up-to-date: /home/rhobtor/PHD/ARGOJ8_IA/install/wiimote_msgs/include/wiimote_msgs/wiimote_msgs/msg/detail/timed_switch__type_support.h
[2.110s] -- Up-to-date: /home/rhobtor/PHD/ARGOJ8_IA/install/wiimote_msgs/include/wiimote_msgs/wiimote_msgs/msg/detail/timed_switch__struct.h
[2.110s] -- Up-to-date: /home/rhobtor/PHD/ARGOJ8_IA/install/wiimote_msgs/include/wiimote_msgs/wiimote_msgs/msg/detail/ir_source_info__functions.c
[2.110s] -- Up-to-date: /home/rhobtor/PHD/ARGOJ8_IA/install/wiimote_msgs/include/wiimote_msgs/wiimote_msgs/msg/detail/ir_source_info__type_support.h
[2.110s] -- Up-to-date: /home/rhobtor/PHD/ARGOJ8_IA/install/wiimote_msgs/include/wiimote_msgs/wiimote_msgs/msg/detail/timed_switch__functions.h
[2.110s] -- Up-to-date: /home/rhobtor/PHD/ARGOJ8_IA/install/wiimote_msgs/include/wiimote_msgs/wiimote_msgs/msg/detail/timed_switch__functions.c
[2.110s] -- Up-to-date: /home/rhobtor/PHD/ARGOJ8_IA/install/wiimote_msgs/include/wiimote_msgs/wiimote_msgs/msg/detail/state__functions.h
[2.110s] -- Up-to-date: /home/rhobtor/PHD/ARGOJ8_IA/install/wiimote_msgs/include/wiimote_msgs/wiimote_msgs/msg/detail/ir_source_info__struct.h
[2.110s] -- Up-to-date: /home/rhobtor/PHD/ARGOJ8_IA/install/wiimote_msgs/include/wiimote_msgs/wiimote_msgs/msg/detail/state__functions.c
[2.111s] -- Up-to-date: /home/rhobtor/PHD/ARGOJ8_IA/install/wiimote_msgs/include/wiimote_msgs/wiimote_msgs/msg/ir_source_info.h
[2.111s] -- Up-to-date: /home/rhobtor/PHD/ARGOJ8_IA/install/wiimote_msgs/share/wiimote_msgs/environment/library_path.sh
[2.111s] -- Up-to-date: /home/rhobtor/PHD/ARGOJ8_IA/install/wiimote_msgs/share/wiimote_msgs/environment/library_path.dsv
[2.111s] -- Up-to-date: /home/rhobtor/PHD/ARGOJ8_IA/install/wiimote_msgs/lib/libwiimote_msgs__rosidl_generator_c.so
[2.112s] -- Up-to-date: /home/rhobtor/PHD/ARGOJ8_IA/install/wiimote_msgs/include/wiimote_msgs/wiimote_msgs
[2.112s] -- Up-to-date: /home/rhobtor/PHD/ARGOJ8_IA/install/wiimote_msgs/include/wiimote_msgs/wiimote_msgs/msg
[2.112s] -- Up-to-date: /home/rhobtor/PHD/ARGOJ8_IA/install/wiimote_msgs/include/wiimote_msgs/wiimote_msgs/msg/detail
[2.112s] -- Up-to-date: /home/rhobtor/PHD/ARGOJ8_IA/install/wiimote_msgs/include/wiimote_msgs/wiimote_msgs/msg/detail/ir_source_info__rosidl_typesupport_fastrtps_c.h
[2.112s] -- Up-to-date: /home/rhobtor/PHD/ARGOJ8_IA/install/wiimote_msgs/include/wiimote_msgs/wiimote_msgs/msg/detail/state__rosidl_typesupport_fastrtps_c.h
[2.112s] -- Up-to-date: /home/rhobtor/PHD/ARGOJ8_IA/install/wiimote_msgs/include/wiimote_msgs/wiimote_msgs/msg/detail/timed_switch__rosidl_typesupport_fastrtps_c.h
[2.112s] -- Up-to-date: /home/rhobtor/PHD/ARGOJ8_IA/install/wiimote_msgs/include/wiimote_msgs/wiimote_msgs/msg/rosidl_typesupport_fastrtps_c__visibility_control.h
[2.112s] -- Up-to-date: /home/rhobtor/PHD/ARGOJ8_IA/install/wiimote_msgs/lib/libwiimote_msgs__rosidl_typesupport_fastrtps_c.so
[2.112s] -- Up-to-date: /home/rhobtor/PHD/ARGOJ8_IA/install/wiimote_msgs/include/wiimote_msgs/wiimote_msgs
[2.115s] -- Up-to-date: /home/rhobtor/PHD/ARGOJ8_IA/install/wiimote_msgs/include/wiimote_msgs/wiimote_msgs/msg
[2.115s] -- Up-to-date: /home/rhobtor/PHD/ARGOJ8_IA/install/wiimote_msgs/include/wiimote_msgs/wiimote_msgs/msg/ir_source_info.hpp
[2.115s] -- Up-to-date: /home/rhobtor/PHD/ARGOJ8_IA/install/wiimote_msgs/include/wiimote_msgs/wiimote_msgs/msg/timed_switch.hpp
[2.115s] -- Up-to-date: /home/rhobtor/PHD/ARGOJ8_IA/install/wiimote_msgs/include/wiimote_msgs/wiimote_msgs/msg/rosidl_generator_cpp__visibility_control.hpp
[2.116s] -- Up-to-date: /home/rhobtor/PHD/ARGOJ8_IA/install/wiimote_msgs/include/wiimote_msgs/wiimote_msgs/msg/state.hpp
[2.116s] -- Up-to-date: /home/rhobtor/PHD/ARGOJ8_IA/install/wiimote_msgs/include/wiimote_msgs/wiimote_msgs/msg/detail
[2.116s] -- Up-to-date: /home/rhobtor/PHD/ARGOJ8_IA/install/wiimote_msgs/include/wiimote_msgs/wiimote_msgs/msg/detail/timed_switch__builder.hpp
[2.117s] -- Up-to-date: /home/rhobtor/PHD/ARGOJ8_IA/install/wiimote_msgs/include/wiimote_msgs/wiimote_msgs/msg/detail/ir_source_info__builder.hpp
[2.117s] -- Up-to-date: /home/rhobtor/PHD/ARGOJ8_IA/install/wiimote_msgs/include/wiimote_msgs/wiimote_msgs/msg/detail/ir_source_info__traits.hpp
[2.118s] -- Up-to-date: /home/rhobtor/PHD/ARGOJ8_IA/install/wiimote_msgs/include/wiimote_msgs/wiimote_msgs/msg/detail/state__type_support.hpp
[2.118s] -- Up-to-date: /home/rhobtor/PHD/ARGOJ8_IA/install/wiimote_msgs/include/wiimote_msgs/wiimote_msgs/msg/detail/state__builder.hpp
[2.118s] -- Up-to-date: /home/rhobtor/PHD/ARGOJ8_IA/install/wiimote_msgs/include/wiimote_msgs/wiimote_msgs/msg/detail/state__traits.hpp
[2.118s] -- Up-to-date: /home/rhobtor/PHD/ARGOJ8_IA/install/wiimote_msgs/include/wiimote_msgs/wiimote_msgs/msg/detail/timed_switch__traits.hpp
[2.118s] -- Up-to-date: /home/rhobtor/PHD/ARGOJ8_IA/install/wiimote_msgs/include/wiimote_msgs/wiimote_msgs/msg/detail/state__struct.hpp
[2.118s] -- Up-to-date: /home/rhobtor/PHD/ARGOJ8_IA/install/wiimote_msgs/include/wiimote_msgs/wiimote_msgs/msg/detail/timed_switch__type_support.hpp
[2.119s] -- Up-to-date: /home/rhobtor/PHD/ARGOJ8_IA/install/wiimote_msgs/include/wiimote_msgs/wiimote_msgs/msg/detail/ir_source_info__struct.hpp
[2.121s] -- Up-to-date: /home/rhobtor/PHD/ARGOJ8_IA/install/wiimote_msgs/include/wiimote_msgs/wiimote_msgs/msg/detail/ir_source_info__type_support.hpp
[2.122s] -- Up-to-date: /home/rhobtor/PHD/ARGOJ8_IA/install/wiimote_msgs/include/wiimote_msgs/wiimote_msgs/msg/detail/timed_switch__struct.hpp
[2.122s] -- Up-to-date: /home/rhobtor/PHD/ARGOJ8_IA/install/wiimote_msgs/include/wiimote_msgs/wiimote_msgs
[2.122s] -- Up-to-date: /home/rhobtor/PHD/ARGOJ8_IA/install/wiimote_msgs/include/wiimote_msgs/wiimote_msgs/msg
[2.123s] -- Up-to-date: /home/rhobtor/PHD/ARGOJ8_IA/install/wiimote_msgs/include/wiimote_msgs/wiimote_msgs/msg/rosidl_typesupport_fastrtps_cpp__visibility_control.h
[2.123s] -- Up-to-date: /home/rhobtor/PHD/ARGOJ8_IA/install/wiimote_msgs/include/wiimote_msgs/wiimote_msgs/msg/detail
[2.123s] -- Up-to-date: /home/rhobtor/PHD/ARGOJ8_IA/install/wiimote_msgs/include/wiimote_msgs/wiimote_msgs/msg/detail/timed_switch__rosidl_typesupport_fastrtps_cpp.hpp
[2.123s] -- Up-to-date: /home/rhobtor/PHD/ARGOJ8_IA/install/wiimote_msgs/include/wiimote_msgs/wiimote_msgs/msg/detail/state__rosidl_typesupport_fastrtps_cpp.hpp
[2.123s] -- Up-to-date: /home/rhobtor/PHD/ARGOJ8_IA/install/wiimote_msgs/include/wiimote_msgs/wiimote_msgs/msg/detail/dds_fastrtps
[2.123s] -- Up-to-date: /home/rhobtor/PHD/ARGOJ8_IA/install/wiimote_msgs/include/wiimote_msgs/wiimote_msgs/msg/detail/ir_source_info__rosidl_typesupport_fastrtps_cpp.hpp
[2.124s] -- Up-to-date: /home/rhobtor/PHD/ARGOJ8_IA/install/wiimote_msgs/lib/libwiimote_msgs__rosidl_typesupport_fastrtps_cpp.so
[2.124s] -- Up-to-date: /home/rhobtor/PHD/ARGOJ8_IA/install/wiimote_msgs/include/wiimote_msgs/wiimote_msgs
[2.124s] -- Up-to-date: /home/rhobtor/PHD/ARGOJ8_IA/install/wiimote_msgs/include/wiimote_msgs/wiimote_msgs/msg
[2.124s] -- Up-to-date: /home/rhobtor/PHD/ARGOJ8_IA/install/wiimote_msgs/include/wiimote_msgs/wiimote_msgs/msg/rosidl_typesupport_introspection_c__visibility_control.h
[2.124s] -- Up-to-date: /home/rhobtor/PHD/ARGOJ8_IA/install/wiimote_msgs/include/wiimote_msgs/wiimote_msgs/msg/detail
[2.124s] -- Up-to-date: /home/rhobtor/PHD/ARGOJ8_IA/install/wiimote_msgs/include/wiimote_msgs/wiimote_msgs/msg/detail/state__rosidl_typesupport_introspection_c.h
[2.124s] -- Up-to-date: /home/rhobtor/PHD/ARGOJ8_IA/install/wiimote_msgs/include/wiimote_msgs/wiimote_msgs/msg/detail/ir_source_info__type_support.c
[2.124s] -- Up-to-date: /home/rhobtor/PHD/ARGOJ8_IA/install/wiimote_msgs/include/wiimote_msgs/wiimote_msgs/msg/detail/state__type_support.c
[2.125s] -- Up-to-date: /home/rhobtor/PHD/ARGOJ8_IA/install/wiimote_msgs/include/wiimote_msgs/wiimote_msgs/msg/detail/timed_switch__type_support.c
[2.126s] -- Up-to-date: /home/rhobtor/PHD/ARGOJ8_IA/install/wiimote_msgs/include/wiimote_msgs/wiimote_msgs/msg/detail/ir_source_info__rosidl_typesupport_introspection_c.h
[2.127s] -- Up-to-date: /home/rhobtor/PHD/ARGOJ8_IA/install/wiimote_msgs/include/wiimote_msgs/wiimote_msgs/msg/detail/timed_switch__rosidl_typesupport_introspection_c.h
[2.127s] -- Up-to-date: /home/rhobtor/PHD/ARGOJ8_IA/install/wiimote_msgs/lib/libwiimote_msgs__rosidl_typesupport_introspection_c.so
[2.127s] -- Up-to-date: /home/rhobtor/PHD/ARGOJ8_IA/install/wiimote_msgs/lib/libwiimote_msgs__rosidl_typesupport_c.so
[2.127s] -- Up-to-date: /home/rhobtor/PHD/ARGOJ8_IA/install/wiimote_msgs/include/wiimote_msgs/wiimote_msgs
[2.127s] -- Up-to-date: /home/rhobtor/PHD/ARGOJ8_IA/install/wiimote_msgs/include/wiimote_msgs/wiimote_msgs/msg
[2.127s] -- Up-to-date: /home/rhobtor/PHD/ARGOJ8_IA/install/wiimote_msgs/include/wiimote_msgs/wiimote_msgs/msg/detail
[2.127s] -- Up-to-date: /home/rhobtor/PHD/ARGOJ8_IA/install/wiimote_msgs/include/wiimote_msgs/wiimote_msgs/msg/detail/ir_source_info__type_support.cpp
[2.127s] -- Up-to-date: /home/rhobtor/PHD/ARGOJ8_IA/install/wiimote_msgs/include/wiimote_msgs/wiimote_msgs/msg/detail/state__type_support.cpp
[2.128s] -- Up-to-date: /home/rhobtor/PHD/ARGOJ8_IA/install/wiimote_msgs/include/wiimote_msgs/wiimote_msgs/msg/detail/timed_switch__type_support.cpp
[2.128s] -- Up-to-date: /home/rhobtor/PHD/ARGOJ8_IA/install/wiimote_msgs/include/wiimote_msgs/wiimote_msgs/msg/detail/timed_switch__rosidl_typesupport_introspection_cpp.hpp
[2.128s] -- Up-to-date: /home/rhobtor/PHD/ARGOJ8_IA/install/wiimote_msgs/include/wiimote_msgs/wiimote_msgs/msg/detail/state__rosidl_typesupport_introspection_cpp.hpp
[2.128s] -- Up-to-date: /home/rhobtor/PHD/ARGOJ8_IA/install/wiimote_msgs/include/wiimote_msgs/wiimote_msgs/msg/detail/ir_source_info__rosidl_typesupport_introspection_cpp.hpp
[2.129s] -- Up-to-date: /home/rhobtor/PHD/ARGOJ8_IA/install/wiimote_msgs/lib/libwiimote_msgs__rosidl_typesupport_introspection_cpp.so
[2.130s] -- Up-to-date: /home/rhobtor/PHD/ARGOJ8_IA/install/wiimote_msgs/lib/libwiimote_msgs__rosidl_typesupport_cpp.so
[2.132s] -- Up-to-date: /home/rhobtor/PHD/ARGOJ8_IA/install/wiimote_msgs/share/wiimote_msgs/environment/pythonpath.sh
[2.132s] -- Up-to-date: /home/rhobtor/PHD/ARGOJ8_IA/install/wiimote_msgs/share/wiimote_msgs/environment/pythonpath.dsv
[2.132s] -- Up-to-date: /home/rhobtor/PHD/ARGOJ8_IA/install/wiimote_msgs/local/lib/python3.10/dist-packages/wiimote_msgs-3.1.0-py3.10.egg-info
[2.132s] -- Installing: /home/rhobtor/PHD/ARGOJ8_IA/install/wiimote_msgs/local/lib/python3.10/dist-packages/wiimote_msgs-3.1.0-py3.10.egg-info/top_level.txt
[2.132s] -- Installing: /home/rhobtor/PHD/ARGOJ8_IA/install/wiimote_msgs/local/lib/python3.10/dist-packages/wiimote_msgs-3.1.0-py3.10.egg-info/SOURCES.txt
[2.132s] -- Installing: /home/rhobtor/PHD/ARGOJ8_IA/install/wiimote_msgs/local/lib/python3.10/dist-packages/wiimote_msgs-3.1.0-py3.10.egg-info/PKG-INFO
[2.132s] -- Installing: /home/rhobtor/PHD/ARGOJ8_IA/install/wiimote_msgs/local/lib/python3.10/dist-packages/wiimote_msgs-3.1.0-py3.10.egg-info/dependency_links.txt
[2.133s] -- Up-to-date: /home/rhobtor/PHD/ARGOJ8_IA/install/wiimote_msgs/local/lib/python3.10/dist-packages/wiimote_msgs
[2.133s] -- Up-to-date: /home/rhobtor/PHD/ARGOJ8_IA/install/wiimote_msgs/local/lib/python3.10/dist-packages/wiimote_msgs/_wiimote_msgs_s.ep.rosidl_typesupport_introspection_c.c
[2.133s] -- Up-to-date: /home/rhobtor/PHD/ARGOJ8_IA/install/wiimote_msgs/local/lib/python3.10/dist-packages/wiimote_msgs/wiimote_msgs_s__rosidl_typesupport_fastrtps_c.cpython-310-x86_64-linux-gnu.so
[2.133s] -- Up-to-date: /home/rhobtor/PHD/ARGOJ8_IA/install/wiimote_msgs/local/lib/python3.10/dist-packages/wiimote_msgs/__init__.py
[2.134s] -- Up-to-date: /home/rhobtor/PHD/ARGOJ8_IA/install/wiimote_msgs/local/lib/python3.10/dist-packages/wiimote_msgs/_wiimote_msgs_s.ep.rosidl_typesupport_c.c
[2.134s] -- Up-to-date: /home/rhobtor/PHD/ARGOJ8_IA/install/wiimote_msgs/local/lib/python3.10/dist-packages/wiimote_msgs/_wiimote_msgs_s.ep.rosidl_typesupport_fastrtps_c.c
[2.134s] -- Up-to-date: /home/rhobtor/PHD/ARGOJ8_IA/install/wiimote_msgs/local/lib/python3.10/dist-packages/wiimote_msgs/libwiimote_msgs__rosidl_generator_py.so
[2.134s] -- Up-to-date: /home/rhobtor/PHD/ARGOJ8_IA/install/wiimote_msgs/local/lib/python3.10/dist-packages/wiimote_msgs/msg
[2.134s] -- Up-to-date: /home/rhobtor/PHD/ARGOJ8_IA/install/wiimote_msgs/local/lib/python3.10/dist-packages/wiimote_msgs/msg/_state_s.c
[2.135s] -- Up-to-date: /home/rhobtor/PHD/ARGOJ8_IA/install/wiimote_msgs/local/lib/python3.10/dist-packages/wiimote_msgs/msg/_timed_switch_s.c
[2.135s] -- Up-to-date: /home/rhobtor/PHD/ARGOJ8_IA/install/wiimote_msgs/local/lib/python3.10/dist-packages/wiimote_msgs/msg/_ir_source_info.py
[2.135s] -- Up-to-date: /home/rhobtor/PHD/ARGOJ8_IA/install/wiimote_msgs/local/lib/python3.10/dist-packages/wiimote_msgs/msg/_ir_source_info_s.c
[2.135s] -- Up-to-date: /home/rhobtor/PHD/ARGOJ8_IA/install/wiimote_msgs/local/lib/python3.10/dist-packages/wiimote_msgs/msg/__init__.py
[2.135s] -- Up-to-date: /home/rhobtor/PHD/ARGOJ8_IA/install/wiimote_msgs/local/lib/python3.10/dist-packages/wiimote_msgs/msg/_state.py
[2.135s] -- Up-to-date: /home/rhobtor/PHD/ARGOJ8_IA/install/wiimote_msgs/local/lib/python3.10/dist-packages/wiimote_msgs/msg/_timed_switch.py
[2.135s] -- Up-to-date: /home/rhobtor/PHD/ARGOJ8_IA/install/wiimote_msgs/local/lib/python3.10/dist-packages/wiimote_msgs/wiimote_msgs_s__rosidl_typesupport_c.cpython-310-x86_64-linux-gnu.so
[2.135s] -- Up-to-date: /home/rhobtor/PHD/ARGOJ8_IA/install/wiimote_msgs/local/lib/python3.10/dist-packages/wiimote_msgs/wiimote_msgs_s__rosidl_typesupport_introspection_c.cpython-310-x86_64-linux-gnu.so
[2.280s] Listing '/home/rhobtor/PHD/ARGOJ8_IA/install/wiimote_msgs/local/lib/python3.10/dist-packages/wiimote_msgs'...
[2.280s] Listing '/home/rhobtor/PHD/ARGOJ8_IA/install/wiimote_msgs/local/lib/python3.10/dist-packages/wiimote_msgs/msg'...
[2.280s] -- Up-to-date: /home/rhobtor/PHD/ARGOJ8_IA/install/wiimote_msgs/local/lib/python3.10/dist-packages/wiimote_msgs/wiimote_msgs_s__rosidl_typesupport_fastrtps_c.cpython-310-x86_64-linux-gnu.so
[2.284s] -- Up-to-date: /home/rhobtor/PHD/ARGOJ8_IA/install/wiimote_msgs/local/lib/python3.10/dist-packages/wiimote_msgs/wiimote_msgs_s__rosidl_typesupport_introspection_c.cpython-310-x86_64-linux-gnu.so
[2.284s] -- Up-to-date: /home/rhobtor/PHD/ARGOJ8_IA/install/wiimote_msgs/local/lib/python3.10/dist-packages/wiimote_msgs/wiimote_msgs_s__rosidl_typesupport_c.cpython-310-x86_64-linux-gnu.so
[2.284s] -- Up-to-date: /home/rhobtor/PHD/ARGOJ8_IA/install/wiimote_msgs/lib/libwiimote_msgs__rosidl_generator_py.so
[2.284s] -- Up-to-date: /home/rhobtor/PHD/ARGOJ8_IA/install/wiimote_msgs/share/wiimote_msgs/msg/IrSourceInfo.idl
[2.284s] -- Up-to-date: /home/rhobtor/PHD/ARGOJ8_IA/install/wiimote_msgs/share/wiimote_msgs/msg/State.idl
[2.285s] -- Up-to-date: /home/rhobtor/PHD/ARGOJ8_IA/install/wiimote_msgs/share/wiimote_msgs/msg/TimedSwitch.idl
[2.285s] -- Up-to-date: /home/rhobtor/PHD/ARGOJ8_IA/install/wiimote_msgs/share/wiimote_msgs/msg/IrSourceInfo.msg
[2.285s] -- Up-to-date: /home/rhobtor/PHD/ARGOJ8_IA/install/wiimote_msgs/share/wiimote_msgs/msg/State.msg
[2.285s] -- Up-to-date: /home/rhobtor/PHD/ARGOJ8_IA/install/wiimote_msgs/share/wiimote_msgs/msg/TimedSwitch.msg
[2.285s] -- Up-to-date: /home/rhobtor/PHD/ARGOJ8_IA/install/wiimote_msgs/share/ament_index/resource_index/package_run_dependencies/wiimote_msgs
[2.285s] -- Up-to-date: /home/rhobtor/PHD/ARGOJ8_IA/install/wiimote_msgs/share/ament_index/resource_index/parent_prefix_path/wiimote_msgs
[2.285s] -- Up-to-date: /home/rhobtor/PHD/ARGOJ8_IA/install/wiimote_msgs/share/wiimote_msgs/environment/ament_prefix_path.sh
[2.286s] -- Up-to-date: /home/rhobtor/PHD/ARGOJ8_IA/install/wiimote_msgs/share/wiimote_msgs/environment/ament_prefix_path.dsv
[2.286s] -- Up-to-date: /home/rhobtor/PHD/ARGOJ8_IA/install/wiimote_msgs/share/wiimote_msgs/environment/path.sh
[2.286s] -- Up-to-date: /home/rhobtor/PHD/ARGOJ8_IA/install/wiimote_msgs/share/wiimote_msgs/environment/path.dsv
[2.286s] -- Up-to-date: /home/rhobtor/PHD/ARGOJ8_IA/install/wiimote_msgs/share/wiimote_msgs/local_setup.bash
[2.286s] -- Up-to-date: /home/rhobtor/PHD/ARGOJ8_IA/install/wiimote_msgs/share/wiimote_msgs/local_setup.sh
[2.286s] -- Up-to-date: /home/rhobtor/PHD/ARGOJ8_IA/install/wiimote_msgs/share/wiimote_msgs/local_setup.zsh
[2.286s] -- Up-to-date: /home/rhobtor/PHD/ARGOJ8_IA/install/wiimote_msgs/share/wiimote_msgs/local_setup.dsv
[2.286s] -- Installing: /home/rhobtor/PHD/ARGOJ8_IA/install/wiimote_msgs/share/wiimote_msgs/package.dsv
[2.286s] -- Up-to-date: /home/rhobtor/PHD/ARGOJ8_IA/install/wiimote_msgs/share/ament_index/resource_index/packages/wiimote_msgs
[2.287s] -- Up-to-date: /home/rhobtor/PHD/ARGOJ8_IA/install/wiimote_msgs/share/wiimote_msgs/cmake/export_wiimote_msgs__rosidl_generator_cExport.cmake
[2.288s] -- Up-to-date: /home/rhobtor/PHD/ARGOJ8_IA/install/wiimote_msgs/share/wiimote_msgs/cmake/export_wiimote_msgs__rosidl_generator_cExport-noconfig.cmake
[2.288s] -- Up-to-date: /home/rhobtor/PHD/ARGOJ8_IA/install/wiimote_msgs/share/wiimote_msgs/cmake/export_wiimote_msgs__rosidl_typesupport_fastrtps_cExport.cmake
[2.288s] -- Up-to-date: /home/rhobtor/PHD/ARGOJ8_IA/install/wiimote_msgs/share/wiimote_msgs/cmake/export_wiimote_msgs__rosidl_typesupport_fastrtps_cExport-noconfig.cmake
[2.288s] -- Up-to-date: /home/rhobtor/PHD/ARGOJ8_IA/install/wiimote_msgs/share/wiimote_msgs/cmake/export_wiimote_msgs__rosidl_generator_cppExport.cmake
[2.288s] -- Up-to-date: /home/rhobtor/PHD/ARGOJ8_IA/install/wiimote_msgs/share/wiimote_msgs/cmake/export_wiimote_msgs__rosidl_typesupport_fastrtps_cppExport.cmake
[2.288s] -- Up-to-date: /home/rhobtor/PHD/ARGOJ8_IA/install/wiimote_msgs/share/wiimote_msgs/cmake/export_wiimote_msgs__rosidl_typesupport_fastrtps_cppExport-noconfig.cmake
[2.288s] -- Up-to-date: /home/rhobtor/PHD/ARGOJ8_IA/install/wiimote_msgs/share/wiimote_msgs/cmake/wiimote_msgs__rosidl_typesupport_introspection_cExport.cmake
[2.289s] -- Up-to-date: /home/rhobtor/PHD/ARGOJ8_IA/install/wiimote_msgs/share/wiimote_msgs/cmake/wiimote_msgs__rosidl_typesupport_introspection_cExport-noconfig.cmake
[2.289s] -- Up-to-date: /home/rhobtor/PHD/ARGOJ8_IA/install/wiimote_msgs/share/wiimote_msgs/cmake/wiimote_msgs__rosidl_typesupport_cExport.cmake
[2.289s] -- Up-to-date: /home/rhobtor/PHD/ARGOJ8_IA/install/wiimote_msgs/share/wiimote_msgs/cmake/wiimote_msgs__rosidl_typesupport_cExport-noconfig.cmake
[2.289s] -- Up-to-date: /home/rhobtor/PHD/ARGOJ8_IA/install/wiimote_msgs/share/wiimote_msgs/cmake/wiimote_msgs__rosidl_typesupport_introspection_cppExport.cmake
[2.289s] -- Up-to-date: /home/rhobtor/PHD/ARGOJ8_IA/install/wiimote_msgs/share/wiimote_msgs/cmake/wiimote_msgs__rosidl_typesupport_introspection_cppExport-noconfig.cmake
[2.289s] -- Up-to-date: /home/rhobtor/PHD/ARGOJ8_IA/install/wiimote_msgs/share/wiimote_msgs/cmake/wiimote_msgs__rosidl_typesupport_cppExport.cmake
[2.289s] -- Up-to-date: /home/rhobtor/PHD/ARGOJ8_IA/install/wiimote_msgs/share/wiimote_msgs/cmake/wiimote_msgs__rosidl_typesupport_cppExport-noconfig.cmake
[2.289s] -- Up-to-date: /home/rhobtor/PHD/ARGOJ8_IA/install/wiimote_msgs/share/wiimote_msgs/cmake/export_wiimote_msgs__rosidl_generator_pyExport.cmake
[2.289s] -- Up-to-date: /home/rhobtor/PHD/ARGOJ8_IA/install/wiimote_msgs/share/wiimote_msgs/cmake/export_wiimote_msgs__rosidl_generator_pyExport-noconfig.cmake
[2.289s] -- Up-to-date: /home/rhobtor/PHD/ARGOJ8_IA/install/wiimote_msgs/share/wiimote_msgs/cmake/rosidl_cmake-extras.cmake
[2.290s] -- Up-to-date: /home/rhobtor/PHD/ARGOJ8_IA/install/wiimote_msgs/share/wiimote_msgs/cmake/ament_cmake_export_dependencies-extras.cmake
[2.290s] -- Up-to-date: /home/rhobtor/PHD/ARGOJ8_IA/install/wiimote_msgs/share/wiimote_msgs/cmake/ament_cmake_export_include_directories-extras.cmake
[2.290s] -- Up-to-date: /home/rhobtor/PHD/ARGOJ8_IA/install/wiimote_msgs/share/wiimote_msgs/cmake/ament_cmake_export_libraries-extras.cmake
[2.290s] -- Up-to-date: /home/rhobtor/PHD/ARGOJ8_IA/install/wiimote_msgs/share/wiimote_msgs/cmake/ament_cmake_export_targets-extras.cmake
[2.290s] -- Up-to-date: /home/rhobtor/PHD/ARGOJ8_IA/install/wiimote_msgs/share/wiimote_msgs/cmake/rosidl_cmake_export_typesupport_targets-extras.cmake
[2.290s] -- Up-to-date: /home/rhobtor/PHD/ARGOJ8_IA/install/wiimote_msgs/share/wiimote_msgs/cmake/rosidl_cmake_export_typesupport_libraries-extras.cmake
[2.290s] -- Up-to-date: /home/rhobtor/PHD/ARGOJ8_IA/install/wiimote_msgs/share/wiimote_msgs/cmake/wiimote_msgsConfig.cmake
[2.290s] -- Up-to-date: /home/rhobtor/PHD/ARGOJ8_IA/install/wiimote_msgs/share/wiimote_msgs/cmake/wiimote_msgsConfig-version.cmake
[2.290s] -- Up-to-date: /home/rhobtor/PHD/ARGOJ8_IA/install/wiimote_msgs/share/wiimote_msgs/package.xml
[2.518s] Invoked command in '/home/rhobtor/PHD/ARGOJ8_IA/build/wiimote_msgs' returned '0': CMAKE_PREFIX_PATH=${CMAKE_PREFIX_PATH}:/home/rhobtor/PHD/ARGOJ8_IA/install/ntrip_client:/home/rhobtor/PHD/ARGOJ8_IA/install/car:/home/rhobtor/PHD/ARGOJ8_IA/install/android_ros2_server:/home/rhobtor/PHD/ARGOJ8_IA/install/GUI_pkg:/home/rhobtor/PHD/reactive/Reactive-Navegation/workspace_full_conected/install/car:/opt/ros/humble /opt/st/stm32cubeclt_1.18.0/CMake/bin/cmake --install /home/rhobtor/PHD/ARGOJ8_IA/build/wiimote_msgs
