[0.069s] Invoking command in '/home/rhobtor/PHD/ARGOJ8_IA/build/ctl_mission_interfaces': CMAKE_PREFIX_PATH=${CMAKE_PREFIX_PATH}:/home/rhobtor/PHD/ARGOJ8_IA/install/ntrip_client:/home/rhobtor/PHD/ARGOJ8_IA/install/car:/home/rhobtor/PHD/ARGOJ8_IA/install/android_ros2_server:/home/rhobtor/PHD/ARGOJ8_IA/install/GUI_pkg:/home/rhobtor/PHD/reactive/Reactive-Navegation/workspace_full_conected/install/car:/opt/ros/humble /opt/st/stm32cubeclt_1.18.0/CMake/bin/cmake --build /home/rhobtor/PHD/ARGOJ8_IA/build/ctl_mission_interfaces -- -j16 -l16
[0.950s] [ 12%] Built target ctl_mission_interfaces__rosidl_generator_c
[0.950s] [ 12%] Built target ctl_mission_interfaces__cpp
[0.950s] [ 12%] Built target ament_cmake_python_copy_ctl_mission_interfaces
[0.950s] [ 24%] Built target ctl_mission_interfaces__rosidl_typesupport_c
[0.950s] [ 36%] Built target ctl_mission_interfaces__rosidl_typesupport_introspection_c
[0.950s] [ 48%] Built target ctl_mission_interfaces__rosidl_typesupport_cpp
[0.950s] [ 62%] Built target ctl_mission_interfaces__rosidl_typesupport_fastrtps_cpp
[0.950s] [ 74%] Built target ctl_mission_interfaces__rosidl_typesupport_introspection_cpp
[0.950s] [ 83%] Built target ctl_mission_interfaces__rosidl_typesupport_fastrtps_c
[0.950s] [ 83%] Built target ctl_mission_interfaces
[0.951s] [ 84%] Built target ctl_mission_interfaces__py
[0.951s] [ 95%] Built target ctl_mission_interfaces__rosidl_generator_py
[0.952s] [ 96%] Built target ctl_mission_interfaces__rosidl_typesupport_c__pyext
[0.952s] [ 98%] Built target ctl_mission_interfaces__rosidl_typesupport_introspection_c__pyext
[0.952s] [100%] Built target ctl_mission_interfaces__rosidl_typesupport_fastrtps_c__pyext
[0.952s] running egg_info
[0.952s] writing ctl_mission_interfaces.egg-info/PKG-INFO
[0.952s] writing dependency_links to ctl_mission_interfaces.egg-info/dependency_links.txt
[0.952s] writing top-level names to ctl_mission_interfaces.egg-info/top_level.txt
[0.952s] reading manifest file 'ctl_mission_interfaces.egg-info/SOURCES.txt'
[0.952s] writing manifest file 'ctl_mission_interfaces.egg-info/SOURCES.txt'
[0.961s] [100%] Built target ament_cmake_python_build_ctl_mission_interfaces_egg
[1.128s] Invoked command in '/home/rhobtor/PHD/ARGOJ8_IA/build/ctl_mission_interfaces' returned '0': CMAKE_PREFIX_PATH=${CMAKE_PREFIX_PATH}:/home/rhobtor/PHD/ARGOJ8_IA/install/ntrip_client:/home/rhobtor/PHD/ARGOJ8_IA/install/car:/home/rhobtor/PHD/ARGOJ8_IA/install/android_ros2_server:/home/rhobtor/PHD/ARGOJ8_IA/install/GUI_pkg:/home/rhobtor/PHD/reactive/Reactive-Navegation/workspace_full_conected/install/car:/opt/ros/humble /opt/st/stm32cubeclt_1.18.0/CMake/bin/cmake --build /home/rhobtor/PHD/ARGOJ8_IA/build/ctl_mission_interfaces -- -j16 -l16
[1.129s] Invoking command in '/home/rhobtor/PHD/ARGOJ8_IA/build/ctl_mission_interfaces': CMAKE_PREFIX_PATH=${CMAKE_PREFIX_PATH}:/home/rhobtor/PHD/ARGOJ8_IA/install/ntrip_client:/home/rhobtor/PHD/ARGOJ8_IA/install/car:/home/rhobtor/PHD/ARGOJ8_IA/install/android_ros2_server:/home/rhobtor/PHD/ARGOJ8_IA/install/GUI_pkg:/home/rhobtor/PHD/reactive/Reactive-Navegation/workspace_full_conected/install/car:/opt/ros/humble /opt/st/stm32cubeclt_1.18.0/CMake/bin/cmake --install /home/rhobtor/PHD/ARGOJ8_IA/build/ctl_mission_interfaces
[1.201s] -- Install configuration: ""
[1.204s] -- Up-to-date: /home/rhobtor/PHD/ARGOJ8_IA/install/ctl_mission_interfaces/share/ament_index/resource_index/rosidl_interfaces/ctl_mission_interfaces
[1.205s] -- Up-to-date: /home/rhobtor/PHD/ARGOJ8_IA/install/ctl_mission_interfaces/include/ctl_mission_interfaces/ctl_mission_interfaces
[1.207s] -- Up-to-date: /home/rhobtor/PHD/ARGOJ8_IA/install/ctl_mission_interfaces/include/ctl_mission_interfaces/ctl_mission_interfaces/srv
[1.209s] -- Up-to-date: /home/rhobtor/PHD/ARGOJ8_IA/install/ctl_mission_interfaces/include/ctl_mission_interfaces/ctl_mission_interfaces/srv/config_stanley_ctrl.h
[1.209s] -- Up-to-date: /home/rhobtor/PHD/ARGOJ8_IA/install/ctl_mission_interfaces/include/ctl_mission_interfaces/ctl_mission_interfaces/srv/change_speed.h
[1.209s] -- Up-to-date: /home/rhobtor/PHD/ARGOJ8_IA/install/ctl_mission_interfaces/include/ctl_mission_interfaces/ctl_mission_interfaces/srv/config_dynamic_pure_ctrl.h
[1.209s] -- Up-to-date: /home/rhobtor/PHD/ARGOJ8_IA/install/ctl_mission_interfaces/include/ctl_mission_interfaces/ctl_mission_interfaces/srv/change_controller.h
[1.210s] -- Up-to-date: /home/rhobtor/PHD/ARGOJ8_IA/install/ctl_mission_interfaces/include/ctl_mission_interfaces/ctl_mission_interfaces/srv/config_dynamic_la_pure_ctrl.h
[1.210s] -- Up-to-date: /home/rhobtor/PHD/ARGOJ8_IA/install/ctl_mission_interfaces/include/ctl_mission_interfaces/ctl_mission_interfaces/srv/detail
[1.210s] -- Up-to-date: /home/rhobtor/PHD/ARGOJ8_IA/install/ctl_mission_interfaces/include/ctl_mission_interfaces/ctl_mission_interfaces/srv/detail/change_mode__functions.c
[1.210s] -- Up-to-date: /home/rhobtor/PHD/ARGOJ8_IA/install/ctl_mission_interfaces/include/ctl_mission_interfaces/ctl_mission_interfaces/srv/detail/change_controller__functions.c
[1.211s] -- Up-to-date: /home/rhobtor/PHD/ARGOJ8_IA/install/ctl_mission_interfaces/include/ctl_mission_interfaces/ctl_mission_interfaces/srv/detail/change_mode__type_support.h
[1.211s] -- Up-to-date: /home/rhobtor/PHD/ARGOJ8_IA/install/ctl_mission_interfaces/include/ctl_mission_interfaces/ctl_mission_interfaces/srv/detail/config_dynamic_pure_ctrl__type_support.h
[1.211s] -- Up-to-date: /home/rhobtor/PHD/ARGOJ8_IA/install/ctl_mission_interfaces/include/ctl_mission_interfaces/ctl_mission_interfaces/srv/detail/config_regulated_pure_ctrl__functions.c
[1.211s] -- Up-to-date: /home/rhobtor/PHD/ARGOJ8_IA/install/ctl_mission_interfaces/include/ctl_mission_interfaces/ctl_mission_interfaces/srv/detail/config_pure_pursuit_ctrl__struct.h
[1.212s] -- Up-to-date: /home/rhobtor/PHD/ARGOJ8_IA/install/ctl_mission_interfaces/include/ctl_mission_interfaces/ctl_mission_interfaces/srv/detail/config_dynamic_la_pure_ctrl__struct.h
[1.212s] -- Up-to-date: /home/rhobtor/PHD/ARGOJ8_IA/install/ctl_mission_interfaces/include/ctl_mission_interfaces/ctl_mission_interfaces/srv/detail/get_mode__struct.h
[1.212s] -- Up-to-date: /home/rhobtor/PHD/ARGOJ8_IA/install/ctl_mission_interfaces/include/ctl_mission_interfaces/ctl_mission_interfaces/srv/detail/change_speed__type_support.h
[1.212s] -- Up-to-date: /home/rhobtor/PHD/ARGOJ8_IA/install/ctl_mission_interfaces/include/ctl_mission_interfaces/ctl_mission_interfaces/srv/detail/get_possible_transitions__functions.c
[1.212s] -- Up-to-date: /home/rhobtor/PHD/ARGOJ8_IA/install/ctl_mission_interfaces/include/ctl_mission_interfaces/ctl_mission_interfaces/srv/detail/get_possible_transitions__functions.h
[1.213s] -- Up-to-date: /home/rhobtor/PHD/ARGOJ8_IA/install/ctl_mission_interfaces/include/ctl_mission_interfaces/ctl_mission_interfaces/srv/detail/config_dynamic_la_pure_ctrl__functions.h
[1.213s] -- Up-to-date: /home/rhobtor/PHD/ARGOJ8_IA/install/ctl_mission_interfaces/include/ctl_mission_interfaces/ctl_mission_interfaces/srv/detail/config_simple_ctl__struct.h
[1.213s] -- Up-to-date: /home/rhobtor/PHD/ARGOJ8_IA/install/ctl_mission_interfaces/include/ctl_mission_interfaces/ctl_mission_interfaces/srv/detail/change_mode__struct.h
[1.213s] -- Up-to-date: /home/rhobtor/PHD/ARGOJ8_IA/install/ctl_mission_interfaces/include/ctl_mission_interfaces/ctl_mission_interfaces/srv/detail/change_speed__struct.h
[1.214s] -- Up-to-date: /home/rhobtor/PHD/ARGOJ8_IA/install/ctl_mission_interfaces/include/ctl_mission_interfaces/ctl_mission_interfaces/srv/detail/config_pure_pursuit_ctrl__type_support.h
[1.214s] -- Up-to-date: /home/rhobtor/PHD/ARGOJ8_IA/install/ctl_mission_interfaces/include/ctl_mission_interfaces/ctl_mission_interfaces/srv/detail/get_possible_transitions__type_support.h
[1.214s] -- Up-to-date: /home/rhobtor/PHD/ARGOJ8_IA/install/ctl_mission_interfaces/include/ctl_mission_interfaces/ctl_mission_interfaces/srv/detail/config_pure_pursuit_ctrl__functions.h
[1.214s] -- Up-to-date: /home/rhobtor/PHD/ARGOJ8_IA/install/ctl_mission_interfaces/include/ctl_mission_interfaces/ctl_mission_interfaces/srv/detail/config_pure_pursuit_ctrl__functions.c
[1.214s] -- Up-to-date: /home/rhobtor/PHD/ARGOJ8_IA/install/ctl_mission_interfaces/include/ctl_mission_interfaces/ctl_mission_interfaces/srv/detail/change_controller__type_support.h
[1.215s] -- Up-to-date: /home/rhobtor/PHD/ARGOJ8_IA/install/ctl_mission_interfaces/include/ctl_mission_interfaces/ctl_mission_interfaces/srv/detail/config_simple_ctl__functions.c
[1.215s] -- Up-to-date: /home/rhobtor/PHD/ARGOJ8_IA/install/ctl_mission_interfaces/include/ctl_mission_interfaces/ctl_mission_interfaces/srv/detail/get_mode__type_support.h
[1.215s] -- Up-to-date: /home/rhobtor/PHD/ARGOJ8_IA/install/ctl_mission_interfaces/include/ctl_mission_interfaces/ctl_mission_interfaces/srv/detail/config_simple_ctl__type_support.h
[1.216s] -- Up-to-date: /home/rhobtor/PHD/ARGOJ8_IA/install/ctl_mission_interfaces/include/ctl_mission_interfaces/ctl_mission_interfaces/srv/detail/change_speed__functions.h
[1.216s] -- Up-to-date: /home/rhobtor/PHD/ARGOJ8_IA/install/ctl_mission_interfaces/include/ctl_mission_interfaces/ctl_mission_interfaces/srv/detail/config_simple_ctl__functions.h
[1.216s] -- Up-to-date: /home/rhobtor/PHD/ARGOJ8_IA/install/ctl_mission_interfaces/include/ctl_mission_interfaces/ctl_mission_interfaces/srv/detail/config_stanley_ctrl__functions.h
[1.216s] -- Up-to-date: /home/rhobtor/PHD/ARGOJ8_IA/install/ctl_mission_interfaces/include/ctl_mission_interfaces/ctl_mission_interfaces/srv/detail/config_stanley_ctrl__functions.c
[1.216s] -- Up-to-date: /home/rhobtor/PHD/ARGOJ8_IA/install/ctl_mission_interfaces/include/ctl_mission_interfaces/ctl_mission_interfaces/srv/detail/change_speed__functions.c
[1.217s] -- Up-to-date: /home/rhobtor/PHD/ARGOJ8_IA/install/ctl_mission_interfaces/include/ctl_mission_interfaces/ctl_mission_interfaces/srv/detail/get_mode__functions.h
[1.217s] -- Up-to-date: /home/rhobtor/PHD/ARGOJ8_IA/install/ctl_mission_interfaces/include/ctl_mission_interfaces/ctl_mission_interfaces/srv/detail/change_controller__functions.h
[1.217s] -- Up-to-date: /home/rhobtor/PHD/ARGOJ8_IA/install/ctl_mission_interfaces/include/ctl_mission_interfaces/ctl_mission_interfaces/srv/detail/config_regulated_pure_ctrl__struct.h
[1.217s] -- Up-to-date: /home/rhobtor/PHD/ARGOJ8_IA/install/ctl_mission_interfaces/include/ctl_mission_interfaces/ctl_mission_interfaces/srv/detail/config_stanley_ctrl__struct.h
[1.218s] -- Up-to-date: /home/rhobtor/PHD/ARGOJ8_IA/install/ctl_mission_interfaces/include/ctl_mission_interfaces/ctl_mission_interfaces/srv/detail/config_dynamic_pure_ctrl__functions.c
[1.218s] -- Up-to-date: /home/rhobtor/PHD/ARGOJ8_IA/install/ctl_mission_interfaces/include/ctl_mission_interfaces/ctl_mission_interfaces/srv/detail/get_possible_transitions__struct.h
[1.218s] -- Up-to-date: /home/rhobtor/PHD/ARGOJ8_IA/install/ctl_mission_interfaces/include/ctl_mission_interfaces/ctl_mission_interfaces/srv/detail/get_mode__functions.c
[1.218s] -- Up-to-date: /home/rhobtor/PHD/ARGOJ8_IA/install/ctl_mission_interfaces/include/ctl_mission_interfaces/ctl_mission_interfaces/srv/detail/config_dynamic_pure_ctrl__struct.h
[1.219s] -- Up-to-date: /home/rhobtor/PHD/ARGOJ8_IA/install/ctl_mission_interfaces/include/ctl_mission_interfaces/ctl_mission_interfaces/srv/detail/config_regulated_pure_ctrl__functions.h
[1.219s] -- Up-to-date: /home/rhobtor/PHD/ARGOJ8_IA/install/ctl_mission_interfaces/include/ctl_mission_interfaces/ctl_mission_interfaces/srv/detail/config_dynamic_pure_ctrl__functions.h
[1.219s] -- Up-to-date: /home/rhobtor/PHD/ARGOJ8_IA/install/ctl_mission_interfaces/include/ctl_mission_interfaces/ctl_mission_interfaces/srv/detail/config_regulated_pure_ctrl__type_support.h
[1.219s] -- Up-to-date: /home/rhobtor/PHD/ARGOJ8_IA/install/ctl_mission_interfaces/include/ctl_mission_interfaces/ctl_mission_interfaces/srv/detail/config_stanley_ctrl__type_support.h
[1.220s] -- Up-to-date: /home/rhobtor/PHD/ARGOJ8_IA/install/ctl_mission_interfaces/include/ctl_mission_interfaces/ctl_mission_interfaces/srv/detail/config_dynamic_la_pure_ctrl__type_support.h
[1.220s] -- Up-to-date: /home/rhobtor/PHD/ARGOJ8_IA/install/ctl_mission_interfaces/include/ctl_mission_interfaces/ctl_mission_interfaces/srv/detail/change_mode__functions.h
[1.220s] -- Up-to-date: /home/rhobtor/PHD/ARGOJ8_IA/install/ctl_mission_interfaces/include/ctl_mission_interfaces/ctl_mission_interfaces/srv/detail/change_controller__struct.h
[1.220s] -- Up-to-date: /home/rhobtor/PHD/ARGOJ8_IA/install/ctl_mission_interfaces/include/ctl_mission_interfaces/ctl_mission_interfaces/srv/detail/config_dynamic_la_pure_ctrl__functions.c
[1.220s] -- Up-to-date: /home/rhobtor/PHD/ARGOJ8_IA/install/ctl_mission_interfaces/include/ctl_mission_interfaces/ctl_mission_interfaces/srv/change_mode.h
[1.221s] -- Up-to-date: /home/rhobtor/PHD/ARGOJ8_IA/install/ctl_mission_interfaces/include/ctl_mission_interfaces/ctl_mission_interfaces/srv/get_possible_transitions.h
[1.221s] -- Up-to-date: /home/rhobtor/PHD/ARGOJ8_IA/install/ctl_mission_interfaces/include/ctl_mission_interfaces/ctl_mission_interfaces/srv/config_regulated_pure_ctrl.h
[1.221s] -- Up-to-date: /home/rhobtor/PHD/ARGOJ8_IA/install/ctl_mission_interfaces/include/ctl_mission_interfaces/ctl_mission_interfaces/srv/get_mode.h
[1.221s] -- Up-to-date: /home/rhobtor/PHD/ARGOJ8_IA/install/ctl_mission_interfaces/include/ctl_mission_interfaces/ctl_mission_interfaces/srv/config_simple_ctl.h
[1.221s] -- Up-to-date: /home/rhobtor/PHD/ARGOJ8_IA/install/ctl_mission_interfaces/include/ctl_mission_interfaces/ctl_mission_interfaces/srv/config_pure_pursuit_ctrl.h
[1.222s] -- Up-to-date: /home/rhobtor/PHD/ARGOJ8_IA/install/ctl_mission_interfaces/include/ctl_mission_interfaces/ctl_mission_interfaces/msg
[1.222s] -- Up-to-date: /home/rhobtor/PHD/ARGOJ8_IA/install/ctl_mission_interfaces/include/ctl_mission_interfaces/ctl_mission_interfaces/msg/rosidl_generator_c__visibility_control.h
[1.222s] -- Up-to-date: /home/rhobtor/PHD/ARGOJ8_IA/install/ctl_mission_interfaces/share/ctl_mission_interfaces/environment/library_path.sh
[1.222s] -- Up-to-date: /home/rhobtor/PHD/ARGOJ8_IA/install/ctl_mission_interfaces/share/ctl_mission_interfaces/environment/library_path.dsv
[1.222s] -- Up-to-date: /home/rhobtor/PHD/ARGOJ8_IA/install/ctl_mission_interfaces/lib/libctl_mission_interfaces__rosidl_generator_c.so
[1.223s] -- Up-to-date: /home/rhobtor/PHD/ARGOJ8_IA/install/ctl_mission_interfaces/include/ctl_mission_interfaces/ctl_mission_interfaces
[1.223s] -- Up-to-date: /home/rhobtor/PHD/ARGOJ8_IA/install/ctl_mission_interfaces/include/ctl_mission_interfaces/ctl_mission_interfaces/srv
[1.223s] -- Up-to-date: /home/rhobtor/PHD/ARGOJ8_IA/install/ctl_mission_interfaces/include/ctl_mission_interfaces/ctl_mission_interfaces/srv/detail
[1.223s] -- Up-to-date: /home/rhobtor/PHD/ARGOJ8_IA/install/ctl_mission_interfaces/include/ctl_mission_interfaces/ctl_mission_interfaces/srv/detail/change_speed__rosidl_typesupport_fastrtps_c.h
[1.223s] -- Up-to-date: /home/rhobtor/PHD/ARGOJ8_IA/install/ctl_mission_interfaces/include/ctl_mission_interfaces/ctl_mission_interfaces/srv/detail/config_dynamic_pure_ctrl__rosidl_typesupport_fastrtps_c.h
[1.223s] -- Up-to-date: /home/rhobtor/PHD/ARGOJ8_IA/install/ctl_mission_interfaces/include/ctl_mission_interfaces/ctl_mission_interfaces/srv/detail/config_simple_ctl__rosidl_typesupport_fastrtps_c.h
[1.224s] -- Up-to-date: /home/rhobtor/PHD/ARGOJ8_IA/install/ctl_mission_interfaces/include/ctl_mission_interfaces/ctl_mission_interfaces/srv/detail/change_controller__rosidl_typesupport_fastrtps_c.h
[1.224s] -- Up-to-date: /home/rhobtor/PHD/ARGOJ8_IA/install/ctl_mission_interfaces/include/ctl_mission_interfaces/ctl_mission_interfaces/srv/detail/change_mode__rosidl_typesupport_fastrtps_c.h
[1.224s] -- Up-to-date: /home/rhobtor/PHD/ARGOJ8_IA/install/ctl_mission_interfaces/include/ctl_mission_interfaces/ctl_mission_interfaces/srv/detail/config_stanley_ctrl__rosidl_typesupport_fastrtps_c.h
[1.224s] -- Up-to-date: /home/rhobtor/PHD/ARGOJ8_IA/install/ctl_mission_interfaces/include/ctl_mission_interfaces/ctl_mission_interfaces/srv/detail/config_pure_pursuit_ctrl__rosidl_typesupport_fastrtps_c.h
[1.224s] -- Up-to-date: /home/rhobtor/PHD/ARGOJ8_IA/install/ctl_mission_interfaces/include/ctl_mission_interfaces/ctl_mission_interfaces/srv/detail/config_regulated_pure_ctrl__rosidl_typesupport_fastrtps_c.h
[1.225s] -- Up-to-date: /home/rhobtor/PHD/ARGOJ8_IA/install/ctl_mission_interfaces/include/ctl_mission_interfaces/ctl_mission_interfaces/srv/detail/get_mode__rosidl_typesupport_fastrtps_c.h
[1.225s] -- Up-to-date: /home/rhobtor/PHD/ARGOJ8_IA/install/ctl_mission_interfaces/include/ctl_mission_interfaces/ctl_mission_interfaces/srv/detail/config_dynamic_la_pure_ctrl__rosidl_typesupport_fastrtps_c.h
[1.225s] -- Up-to-date: /home/rhobtor/PHD/ARGOJ8_IA/install/ctl_mission_interfaces/include/ctl_mission_interfaces/ctl_mission_interfaces/srv/detail/get_possible_transitions__rosidl_typesupport_fastrtps_c.h
[1.225s] -- Up-to-date: /home/rhobtor/PHD/ARGOJ8_IA/install/ctl_mission_interfaces/include/ctl_mission_interfaces/ctl_mission_interfaces/msg
[1.225s] -- Up-to-date: /home/rhobtor/PHD/ARGOJ8_IA/install/ctl_mission_interfaces/include/ctl_mission_interfaces/ctl_mission_interfaces/msg/rosidl_typesupport_fastrtps_c__visibility_control.h
[1.225s] -- Up-to-date: /home/rhobtor/PHD/ARGOJ8_IA/install/ctl_mission_interfaces/lib/libctl_mission_interfaces__rosidl_typesupport_fastrtps_c.so
[1.225s] -- Up-to-date: /home/rhobtor/PHD/ARGOJ8_IA/install/ctl_mission_interfaces/include/ctl_mission_interfaces/ctl_mission_interfaces
[1.226s] -- Up-to-date: /home/rhobtor/PHD/ARGOJ8_IA/install/ctl_mission_interfaces/include/ctl_mission_interfaces/ctl_mission_interfaces/srv
[1.226s] -- Up-to-date: /home/rhobtor/PHD/ARGOJ8_IA/install/ctl_mission_interfaces/include/ctl_mission_interfaces/ctl_mission_interfaces/srv/detail
[1.226s] -- Up-to-date: /home/rhobtor/PHD/ARGOJ8_IA/install/ctl_mission_interfaces/include/ctl_mission_interfaces/ctl_mission_interfaces/srv/detail/config_dynamic_la_pure_ctrl__type_support.c
[1.226s] -- Up-to-date: /home/rhobtor/PHD/ARGOJ8_IA/install/ctl_mission_interfaces/include/ctl_mission_interfaces/ctl_mission_interfaces/srv/detail/get_mode__rosidl_typesupport_introspection_c.h
[1.226s] -- Up-to-date: /home/rhobtor/PHD/ARGOJ8_IA/install/ctl_mission_interfaces/include/ctl_mission_interfaces/ctl_mission_interfaces/srv/detail/change_mode__type_support.c
[1.226s] -- Up-to-date: /home/rhobtor/PHD/ARGOJ8_IA/install/ctl_mission_interfaces/include/ctl_mission_interfaces/ctl_mission_interfaces/srv/detail/config_stanley_ctrl__type_support.c
[1.227s] -- Up-to-date: /home/rhobtor/PHD/ARGOJ8_IA/install/ctl_mission_interfaces/include/ctl_mission_interfaces/ctl_mission_interfaces/srv/detail/config_dynamic_pure_ctrl__type_support.c
[1.228s] -- Up-to-date: /home/rhobtor/PHD/ARGOJ8_IA/install/ctl_mission_interfaces/include/ctl_mission_interfaces/ctl_mission_interfaces/srv/detail/config_dynamic_pure_ctrl__rosidl_typesupport_introspection_c.h
[1.228s] -- Up-to-date: /home/rhobtor/PHD/ARGOJ8_IA/install/ctl_mission_interfaces/include/ctl_mission_interfaces/ctl_mission_interfaces/srv/detail/get_mode__type_support.c
[1.229s] -- Up-to-date: /home/rhobtor/PHD/ARGOJ8_IA/install/ctl_mission_interfaces/include/ctl_mission_interfaces/ctl_mission_interfaces/srv/detail/get_possible_transitions__type_support.c
[1.229s] -- Up-to-date: /home/rhobtor/PHD/ARGOJ8_IA/install/ctl_mission_interfaces/include/ctl_mission_interfaces/ctl_mission_interfaces/srv/detail/change_controller__type_support.c
[1.229s] -- Up-to-date: /home/rhobtor/PHD/ARGOJ8_IA/install/ctl_mission_interfaces/include/ctl_mission_interfaces/ctl_mission_interfaces/srv/detail/change_controller__rosidl_typesupport_introspection_c.h
[1.230s] -- Up-to-date: /home/rhobtor/PHD/ARGOJ8_IA/install/ctl_mission_interfaces/include/ctl_mission_interfaces/ctl_mission_interfaces/srv/detail/change_speed__rosidl_typesupport_introspection_c.h
[1.230s] -- Up-to-date: /home/rhobtor/PHD/ARGOJ8_IA/install/ctl_mission_interfaces/include/ctl_mission_interfaces/ctl_mission_interfaces/srv/detail/config_regulated_pure_ctrl__rosidl_typesupport_introspection_c.h
[1.230s] -- Up-to-date: /home/rhobtor/PHD/ARGOJ8_IA/install/ctl_mission_interfaces/include/ctl_mission_interfaces/ctl_mission_interfaces/srv/detail/config_dynamic_la_pure_ctrl__rosidl_typesupport_introspection_c.h
[1.230s] -- Up-to-date: /home/rhobtor/PHD/ARGOJ8_IA/install/ctl_mission_interfaces/include/ctl_mission_interfaces/ctl_mission_interfaces/srv/detail/config_stanley_ctrl__rosidl_typesupport_introspection_c.h
[1.231s] -- Up-to-date: /home/rhobtor/PHD/ARGOJ8_IA/install/ctl_mission_interfaces/include/ctl_mission_interfaces/ctl_mission_interfaces/srv/detail/config_pure_pursuit_ctrl__type_support.c
[1.231s] -- Up-to-date: /home/rhobtor/PHD/ARGOJ8_IA/install/ctl_mission_interfaces/include/ctl_mission_interfaces/ctl_mission_interfaces/srv/detail/change_speed__type_support.c
[1.231s] -- Up-to-date: /home/rhobtor/PHD/ARGOJ8_IA/install/ctl_mission_interfaces/include/ctl_mission_interfaces/ctl_mission_interfaces/srv/detail/config_pure_pursuit_ctrl__rosidl_typesupport_introspection_c.h
[1.232s] -- Up-to-date: /home/rhobtor/PHD/ARGOJ8_IA/install/ctl_mission_interfaces/include/ctl_mission_interfaces/ctl_mission_interfaces/srv/detail/config_regulated_pure_ctrl__type_support.c
[1.232s] -- Up-to-date: /home/rhobtor/PHD/ARGOJ8_IA/install/ctl_mission_interfaces/include/ctl_mission_interfaces/ctl_mission_interfaces/srv/detail/change_mode__rosidl_typesupport_introspection_c.h
[1.232s] -- Up-to-date: /home/rhobtor/PHD/ARGOJ8_IA/install/ctl_mission_interfaces/include/ctl_mission_interfaces/ctl_mission_interfaces/srv/detail/config_simple_ctl__rosidl_typesupport_introspection_c.h
[1.233s] -- Up-to-date: /home/rhobtor/PHD/ARGOJ8_IA/install/ctl_mission_interfaces/include/ctl_mission_interfaces/ctl_mission_interfaces/srv/detail/config_simple_ctl__type_support.c
[1.234s] -- Up-to-date: /home/rhobtor/PHD/ARGOJ8_IA/install/ctl_mission_interfaces/include/ctl_mission_interfaces/ctl_mission_interfaces/srv/detail/get_possible_transitions__rosidl_typesupport_introspection_c.h
[1.234s] -- Up-to-date: /home/rhobtor/PHD/ARGOJ8_IA/install/ctl_mission_interfaces/include/ctl_mission_interfaces/ctl_mission_interfaces/msg
[1.234s] -- Up-to-date: /home/rhobtor/PHD/ARGOJ8_IA/install/ctl_mission_interfaces/include/ctl_mission_interfaces/ctl_mission_interfaces/msg/rosidl_typesupport_introspection_c__visibility_control.h
[1.235s] -- Up-to-date: /home/rhobtor/PHD/ARGOJ8_IA/install/ctl_mission_interfaces/lib/libctl_mission_interfaces__rosidl_typesupport_introspection_c.so
[1.235s] -- Up-to-date: /home/rhobtor/PHD/ARGOJ8_IA/install/ctl_mission_interfaces/lib/libctl_mission_interfaces__rosidl_typesupport_c.so
[1.236s] -- Up-to-date: /home/rhobtor/PHD/ARGOJ8_IA/install/ctl_mission_interfaces/include/ctl_mission_interfaces/ctl_mission_interfaces
[1.236s] -- Up-to-date: /home/rhobtor/PHD/ARGOJ8_IA/install/ctl_mission_interfaces/include/ctl_mission_interfaces/ctl_mission_interfaces/srv
[1.237s] -- Up-to-date: /home/rhobtor/PHD/ARGOJ8_IA/install/ctl_mission_interfaces/include/ctl_mission_interfaces/ctl_mission_interfaces/srv/config_simple_ctl.hpp
[1.237s] -- Up-to-date: /home/rhobtor/PHD/ARGOJ8_IA/install/ctl_mission_interfaces/include/ctl_mission_interfaces/ctl_mission_interfaces/srv/config_dynamic_la_pure_ctrl.hpp
[1.237s] -- Up-to-date: /home/rhobtor/PHD/ARGOJ8_IA/install/ctl_mission_interfaces/include/ctl_mission_interfaces/ctl_mission_interfaces/srv/config_dynamic_pure_ctrl.hpp
[1.237s] -- Up-to-date: /home/rhobtor/PHD/ARGOJ8_IA/install/ctl_mission_interfaces/include/ctl_mission_interfaces/ctl_mission_interfaces/srv/change_mode.hpp
[1.238s] -- Up-to-date: /home/rhobtor/PHD/ARGOJ8_IA/install/ctl_mission_interfaces/include/ctl_mission_interfaces/ctl_mission_interfaces/srv/get_mode.hpp
[1.238s] -- Up-to-date: /home/rhobtor/PHD/ARGOJ8_IA/install/ctl_mission_interfaces/include/ctl_mission_interfaces/ctl_mission_interfaces/srv/config_regulated_pure_ctrl.hpp
[1.239s] -- Up-to-date: /home/rhobtor/PHD/ARGOJ8_IA/install/ctl_mission_interfaces/include/ctl_mission_interfaces/ctl_mission_interfaces/srv/get_possible_transitions.hpp
[1.239s] -- Up-to-date: /home/rhobtor/PHD/ARGOJ8_IA/install/ctl_mission_interfaces/include/ctl_mission_interfaces/ctl_mission_interfaces/srv/change_speed.hpp
[1.239s] -- Up-to-date: /home/rhobtor/PHD/ARGOJ8_IA/install/ctl_mission_interfaces/include/ctl_mission_interfaces/ctl_mission_interfaces/srv/detail
[1.239s] -- Up-to-date: /home/rhobtor/PHD/ARGOJ8_IA/install/ctl_mission_interfaces/include/ctl_mission_interfaces/ctl_mission_interfaces/srv/detail/change_speed__type_support.hpp
[1.239s] -- Up-to-date: /home/rhobtor/PHD/ARGOJ8_IA/install/ctl_mission_interfaces/include/ctl_mission_interfaces/ctl_mission_interfaces/srv/detail/change_controller__traits.hpp
[1.240s] -- Up-to-date: /home/rhobtor/PHD/ARGOJ8_IA/install/ctl_mission_interfaces/include/ctl_mission_interfaces/ctl_mission_interfaces/srv/detail/config_stanley_ctrl__traits.hpp
[1.240s] -- Up-to-date: /home/rhobtor/PHD/ARGOJ8_IA/install/ctl_mission_interfaces/include/ctl_mission_interfaces/ctl_mission_interfaces/srv/detail/change_speed__struct.hpp
[1.240s] -- Up-to-date: /home/rhobtor/PHD/ARGOJ8_IA/install/ctl_mission_interfaces/include/ctl_mission_interfaces/ctl_mission_interfaces/srv/detail/get_possible_transitions__type_support.hpp
[1.240s] -- Up-to-date: /home/rhobtor/PHD/ARGOJ8_IA/install/ctl_mission_interfaces/include/ctl_mission_interfaces/ctl_mission_interfaces/srv/detail/config_simple_ctl__traits.hpp
[1.241s] -- Up-to-date: /home/rhobtor/PHD/ARGOJ8_IA/install/ctl_mission_interfaces/include/ctl_mission_interfaces/ctl_mission_interfaces/srv/detail/get_mode__builder.hpp
[1.241s] -- Up-to-date: /home/rhobtor/PHD/ARGOJ8_IA/install/ctl_mission_interfaces/include/ctl_mission_interfaces/ctl_mission_interfaces/srv/detail/change_mode__builder.hpp
[1.241s] -- Up-to-date: /home/rhobtor/PHD/ARGOJ8_IA/install/ctl_mission_interfaces/include/ctl_mission_interfaces/ctl_mission_interfaces/srv/detail/get_possible_transitions__builder.hpp
[1.241s] -- Up-to-date: /home/rhobtor/PHD/ARGOJ8_IA/install/ctl_mission_interfaces/include/ctl_mission_interfaces/ctl_mission_interfaces/srv/detail/config_stanley_ctrl__struct.hpp
[1.242s] -- Up-to-date: /home/rhobtor/PHD/ARGOJ8_IA/install/ctl_mission_interfaces/include/ctl_mission_interfaces/ctl_mission_interfaces/srv/detail/change_controller__builder.hpp
[1.242s] -- Up-to-date: /home/rhobtor/PHD/ARGOJ8_IA/install/ctl_mission_interfaces/include/ctl_mission_interfaces/ctl_mission_interfaces/srv/detail/change_speed__traits.hpp
[1.242s] -- Up-to-date: /home/rhobtor/PHD/ARGOJ8_IA/install/ctl_mission_interfaces/include/ctl_mission_interfaces/ctl_mission_interfaces/srv/detail/change_controller__type_support.hpp
[1.242s] -- Up-to-date: /home/rhobtor/PHD/ARGOJ8_IA/install/ctl_mission_interfaces/include/ctl_mission_interfaces/ctl_mission_interfaces/srv/detail/config_pure_pursuit_ctrl__struct.hpp
[1.242s] -- Up-to-date: /home/rhobtor/PHD/ARGOJ8_IA/install/ctl_mission_interfaces/include/ctl_mission_interfaces/ctl_mission_interfaces/srv/detail/change_mode__struct.hpp
[1.243s] -- Up-to-date: /home/rhobtor/PHD/ARGOJ8_IA/install/ctl_mission_interfaces/include/ctl_mission_interfaces/ctl_mission_interfaces/srv/detail/config_dynamic_pure_ctrl__struct.hpp
[1.243s] -- Up-to-date: /home/rhobtor/PHD/ARGOJ8_IA/install/ctl_mission_interfaces/include/ctl_mission_interfaces/ctl_mission_interfaces/srv/detail/config_dynamic_pure_ctrl__traits.hpp
[1.243s] -- Up-to-date: /home/rhobtor/PHD/ARGOJ8_IA/install/ctl_mission_interfaces/include/ctl_mission_interfaces/ctl_mission_interfaces/srv/detail/config_pure_pursuit_ctrl__builder.hpp
[1.243s] -- Up-to-date: /home/rhobtor/PHD/ARGOJ8_IA/install/ctl_mission_interfaces/include/ctl_mission_interfaces/ctl_mission_interfaces/srv/detail/config_stanley_ctrl__builder.hpp
[1.244s] -- Up-to-date: /home/rhobtor/PHD/ARGOJ8_IA/install/ctl_mission_interfaces/include/ctl_mission_interfaces/ctl_mission_interfaces/srv/detail/change_mode__traits.hpp
[1.244s] -- Up-to-date: /home/rhobtor/PHD/ARGOJ8_IA/install/ctl_mission_interfaces/include/ctl_mission_interfaces/ctl_mission_interfaces/srv/detail/config_dynamic_la_pure_ctrl__builder.hpp
[1.245s] -- Up-to-date: /home/rhobtor/PHD/ARGOJ8_IA/install/ctl_mission_interfaces/include/ctl_mission_interfaces/ctl_mission_interfaces/srv/detail/get_mode__type_support.hpp
[1.245s] -- Up-to-date: /home/rhobtor/PHD/ARGOJ8_IA/install/ctl_mission_interfaces/include/ctl_mission_interfaces/ctl_mission_interfaces/srv/detail/config_pure_pursuit_ctrl__type_support.hpp
[1.246s] -- Up-to-date: /home/rhobtor/PHD/ARGOJ8_IA/install/ctl_mission_interfaces/include/ctl_mission_interfaces/ctl_mission_interfaces/srv/detail/get_possible_transitions__traits.hpp
[1.247s] -- Up-to-date: /home/rhobtor/PHD/ARGOJ8_IA/install/ctl_mission_interfaces/include/ctl_mission_interfaces/ctl_mission_interfaces/srv/detail/change_speed__builder.hpp
[1.247s] -- Up-to-date: /home/rhobtor/PHD/ARGOJ8_IA/install/ctl_mission_interfaces/include/ctl_mission_interfaces/ctl_mission_interfaces/srv/detail/get_mode__struct.hpp
[1.248s] -- Up-to-date: /home/rhobtor/PHD/ARGOJ8_IA/install/ctl_mission_interfaces/include/ctl_mission_interfaces/ctl_mission_interfaces/srv/detail/config_dynamic_pure_ctrl__type_support.hpp
[1.248s] -- Up-to-date: /home/rhobtor/PHD/ARGOJ8_IA/install/ctl_mission_interfaces/include/ctl_mission_interfaces/ctl_mission_interfaces/srv/detail/config_simple_ctl__type_support.hpp
[1.248s] -- Up-to-date: /home/rhobtor/PHD/ARGOJ8_IA/install/ctl_mission_interfaces/include/ctl_mission_interfaces/ctl_mission_interfaces/srv/detail/get_mode__traits.hpp
[1.248s] -- Up-to-date: /home/rhobtor/PHD/ARGOJ8_IA/install/ctl_mission_interfaces/include/ctl_mission_interfaces/ctl_mission_interfaces/srv/detail/config_regulated_pure_ctrl__traits.hpp
[1.248s] -- Up-to-date: /home/rhobtor/PHD/ARGOJ8_IA/install/ctl_mission_interfaces/include/ctl_mission_interfaces/ctl_mission_interfaces/srv/detail/change_mode__type_support.hpp
[1.248s] -- Up-to-date: /home/rhobtor/PHD/ARGOJ8_IA/install/ctl_mission_interfaces/include/ctl_mission_interfaces/ctl_mission_interfaces/srv/detail/config_dynamic_pure_ctrl__builder.hpp
[1.248s] -- Up-to-date: /home/rhobtor/PHD/ARGOJ8_IA/install/ctl_mission_interfaces/include/ctl_mission_interfaces/ctl_mission_interfaces/srv/detail/config_simple_ctl__builder.hpp
[1.248s] -- Up-to-date: /home/rhobtor/PHD/ARGOJ8_IA/install/ctl_mission_interfaces/include/ctl_mission_interfaces/ctl_mission_interfaces/srv/detail/config_dynamic_la_pure_ctrl__type_support.hpp
[1.248s] -- Up-to-date: /home/rhobtor/PHD/ARGOJ8_IA/install/ctl_mission_interfaces/include/ctl_mission_interfaces/ctl_mission_interfaces/srv/detail/config_regulated_pure_ctrl__type_support.hpp
[1.248s] -- Up-to-date: /home/rhobtor/PHD/ARGOJ8_IA/install/ctl_mission_interfaces/include/ctl_mission_interfaces/ctl_mission_interfaces/srv/detail/change_controller__struct.hpp
[1.248s] -- Up-to-date: /home/rhobtor/PHD/ARGOJ8_IA/install/ctl_mission_interfaces/include/ctl_mission_interfaces/ctl_mission_interfaces/srv/detail/config_dynamic_la_pure_ctrl__traits.hpp
[1.248s] -- Up-to-date: /home/rhobtor/PHD/ARGOJ8_IA/install/ctl_mission_interfaces/include/ctl_mission_interfaces/ctl_mission_interfaces/srv/detail/config_dynamic_la_pure_ctrl__struct.hpp
[1.249s] -- Up-to-date: /home/rhobtor/PHD/ARGOJ8_IA/install/ctl_mission_interfaces/include/ctl_mission_interfaces/ctl_mission_interfaces/srv/detail/config_regulated_pure_ctrl__struct.hpp
[1.250s] -- Up-to-date: /home/rhobtor/PHD/ARGOJ8_IA/install/ctl_mission_interfaces/include/ctl_mission_interfaces/ctl_mission_interfaces/srv/detail/config_pure_pursuit_ctrl__traits.hpp
[1.250s] -- Up-to-date: /home/rhobtor/PHD/ARGOJ8_IA/install/ctl_mission_interfaces/include/ctl_mission_interfaces/ctl_mission_interfaces/srv/detail/get_possible_transitions__struct.hpp
[1.250s] -- Up-to-date: /home/rhobtor/PHD/ARGOJ8_IA/install/ctl_mission_interfaces/include/ctl_mission_interfaces/ctl_mission_interfaces/srv/detail/config_regulated_pure_ctrl__builder.hpp
[1.251s] -- Up-to-date: /home/rhobtor/PHD/ARGOJ8_IA/install/ctl_mission_interfaces/include/ctl_mission_interfaces/ctl_mission_interfaces/srv/detail/config_simple_ctl__struct.hpp
[1.251s] -- Up-to-date: /home/rhobtor/PHD/ARGOJ8_IA/install/ctl_mission_interfaces/include/ctl_mission_interfaces/ctl_mission_interfaces/srv/detail/config_stanley_ctrl__type_support.hpp
[1.251s] -- Up-to-date: /home/rhobtor/PHD/ARGOJ8_IA/install/ctl_mission_interfaces/include/ctl_mission_interfaces/ctl_mission_interfaces/srv/config_stanley_ctrl.hpp
[1.251s] -- Up-to-date: /home/rhobtor/PHD/ARGOJ8_IA/install/ctl_mission_interfaces/include/ctl_mission_interfaces/ctl_mission_interfaces/srv/config_pure_pursuit_ctrl.hpp
[1.252s] -- Up-to-date: /home/rhobtor/PHD/ARGOJ8_IA/install/ctl_mission_interfaces/include/ctl_mission_interfaces/ctl_mission_interfaces/srv/change_controller.hpp
[1.252s] -- Up-to-date: /home/rhobtor/PHD/ARGOJ8_IA/install/ctl_mission_interfaces/include/ctl_mission_interfaces/ctl_mission_interfaces/msg
[1.252s] -- Up-to-date: /home/rhobtor/PHD/ARGOJ8_IA/install/ctl_mission_interfaces/include/ctl_mission_interfaces/ctl_mission_interfaces/msg/rosidl_generator_cpp__visibility_control.hpp
[1.252s] -- Up-to-date: /home/rhobtor/PHD/ARGOJ8_IA/install/ctl_mission_interfaces/include/ctl_mission_interfaces/ctl_mission_interfaces
[1.253s] -- Up-to-date: /home/rhobtor/PHD/ARGOJ8_IA/install/ctl_mission_interfaces/include/ctl_mission_interfaces/ctl_mission_interfaces/srv
[1.253s] -- Up-to-date: /home/rhobtor/PHD/ARGOJ8_IA/install/ctl_mission_interfaces/include/ctl_mission_interfaces/ctl_mission_interfaces/srv/detail
[1.253s] -- Up-to-date: /home/rhobtor/PHD/ARGOJ8_IA/install/ctl_mission_interfaces/include/ctl_mission_interfaces/ctl_mission_interfaces/srv/detail/get_mode__rosidl_typesupport_fastrtps_cpp.hpp
[1.254s] -- Up-to-date: /home/rhobtor/PHD/ARGOJ8_IA/install/ctl_mission_interfaces/include/ctl_mission_interfaces/ctl_mission_interfaces/srv/detail/config_regulated_pure_ctrl__rosidl_typesupport_fastrtps_cpp.hpp
[1.254s] -- Up-to-date: /home/rhobtor/PHD/ARGOJ8_IA/install/ctl_mission_interfaces/include/ctl_mission_interfaces/ctl_mission_interfaces/srv/detail/get_possible_transitions__rosidl_typesupport_fastrtps_cpp.hpp
[1.255s] -- Up-to-date: /home/rhobtor/PHD/ARGOJ8_IA/install/ctl_mission_interfaces/include/ctl_mission_interfaces/ctl_mission_interfaces/srv/detail/change_speed__rosidl_typesupport_fastrtps_cpp.hpp
[1.255s] -- Up-to-date: /home/rhobtor/PHD/ARGOJ8_IA/install/ctl_mission_interfaces/include/ctl_mission_interfaces/ctl_mission_interfaces/srv/detail/change_controller__rosidl_typesupport_fastrtps_cpp.hpp
[1.255s] -- Up-to-date: /home/rhobtor/PHD/ARGOJ8_IA/install/ctl_mission_interfaces/include/ctl_mission_interfaces/ctl_mission_interfaces/srv/detail/config_simple_ctl__rosidl_typesupport_fastrtps_cpp.hpp
[1.256s] -- Up-to-date: /home/rhobtor/PHD/ARGOJ8_IA/install/ctl_mission_interfaces/include/ctl_mission_interfaces/ctl_mission_interfaces/srv/detail/config_dynamic_pure_ctrl__rosidl_typesupport_fastrtps_cpp.hpp
[1.256s] -- Up-to-date: /home/rhobtor/PHD/ARGOJ8_IA/install/ctl_mission_interfaces/include/ctl_mission_interfaces/ctl_mission_interfaces/srv/detail/config_stanley_ctrl__rosidl_typesupport_fastrtps_cpp.hpp
[1.256s] -- Up-to-date: /home/rhobtor/PHD/ARGOJ8_IA/install/ctl_mission_interfaces/include/ctl_mission_interfaces/ctl_mission_interfaces/srv/detail/dds_fastrtps
[1.257s] -- Up-to-date: /home/rhobtor/PHD/ARGOJ8_IA/install/ctl_mission_interfaces/include/ctl_mission_interfaces/ctl_mission_interfaces/srv/detail/config_pure_pursuit_ctrl__rosidl_typesupport_fastrtps_cpp.hpp
[1.257s] -- Up-to-date: /home/rhobtor/PHD/ARGOJ8_IA/install/ctl_mission_interfaces/include/ctl_mission_interfaces/ctl_mission_interfaces/srv/detail/change_mode__rosidl_typesupport_fastrtps_cpp.hpp
[1.257s] -- Up-to-date: /home/rhobtor/PHD/ARGOJ8_IA/install/ctl_mission_interfaces/include/ctl_mission_interfaces/ctl_mission_interfaces/srv/detail/config_dynamic_la_pure_ctrl__rosidl_typesupport_fastrtps_cpp.hpp
[1.258s] -- Up-to-date: /home/rhobtor/PHD/ARGOJ8_IA/install/ctl_mission_interfaces/include/ctl_mission_interfaces/ctl_mission_interfaces/msg
[1.258s] -- Up-to-date: /home/rhobtor/PHD/ARGOJ8_IA/install/ctl_mission_interfaces/include/ctl_mission_interfaces/ctl_mission_interfaces/msg/rosidl_typesupport_fastrtps_cpp__visibility_control.h
[1.258s] -- Up-to-date: /home/rhobtor/PHD/ARGOJ8_IA/install/ctl_mission_interfaces/lib/libctl_mission_interfaces__rosidl_typesupport_fastrtps_cpp.so
[1.258s] -- Up-to-date: /home/rhobtor/PHD/ARGOJ8_IA/install/ctl_mission_interfaces/include/ctl_mission_interfaces/ctl_mission_interfaces
[1.259s] -- Up-to-date: /home/rhobtor/PHD/ARGOJ8_IA/install/ctl_mission_interfaces/include/ctl_mission_interfaces/ctl_mission_interfaces/srv
[1.259s] -- Up-to-date: /home/rhobtor/PHD/ARGOJ8_IA/install/ctl_mission_interfaces/include/ctl_mission_interfaces/ctl_mission_interfaces/srv/detail
[1.259s] -- Up-to-date: /home/rhobtor/PHD/ARGOJ8_IA/install/ctl_mission_interfaces/include/ctl_mission_interfaces/ctl_mission_interfaces/srv/detail/get_possible_transitions__rosidl_typesupport_introspection_cpp.hpp
[1.259s] -- Up-to-date: /home/rhobtor/PHD/ARGOJ8_IA/install/ctl_mission_interfaces/include/ctl_mission_interfaces/ctl_mission_interfaces/srv/detail/config_dynamic_pure_ctrl__rosidl_typesupport_introspection_cpp.hpp
[1.260s] -- Up-to-date: /home/rhobtor/PHD/ARGOJ8_IA/install/ctl_mission_interfaces/include/ctl_mission_interfaces/ctl_mission_interfaces/srv/detail/config_simple_ctl__type_support.cpp
[1.260s] -- Up-to-date: /home/rhobtor/PHD/ARGOJ8_IA/install/ctl_mission_interfaces/include/ctl_mission_interfaces/ctl_mission_interfaces/srv/detail/get_mode__rosidl_typesupport_introspection_cpp.hpp
[1.260s] -- Up-to-date: /home/rhobtor/PHD/ARGOJ8_IA/install/ctl_mission_interfaces/include/ctl_mission_interfaces/ctl_mission_interfaces/srv/detail/change_controller__rosidl_typesupport_introspection_cpp.hpp
[1.260s] -- Up-to-date: /home/rhobtor/PHD/ARGOJ8_IA/install/ctl_mission_interfaces/include/ctl_mission_interfaces/ctl_mission_interfaces/srv/detail/change_speed__rosidl_typesupport_introspection_cpp.hpp
[1.260s] -- Up-to-date: /home/rhobtor/PHD/ARGOJ8_IA/install/ctl_mission_interfaces/include/ctl_mission_interfaces/ctl_mission_interfaces/srv/detail/config_stanley_ctrl__rosidl_typesupport_introspection_cpp.hpp
[1.261s] -- Up-to-date: /home/rhobtor/PHD/ARGOJ8_IA/install/ctl_mission_interfaces/include/ctl_mission_interfaces/ctl_mission_interfaces/srv/detail/config_pure_pursuit_ctrl__type_support.cpp
[1.261s] -- Up-to-date: /home/rhobtor/PHD/ARGOJ8_IA/install/ctl_mission_interfaces/include/ctl_mission_interfaces/ctl_mission_interfaces/srv/detail/config_regulated_pure_ctrl__type_support.cpp
[1.261s] -- Up-to-date: /home/rhobtor/PHD/ARGOJ8_IA/install/ctl_mission_interfaces/include/ctl_mission_interfaces/ctl_mission_interfaces/srv/detail/config_dynamic_pure_ctrl__type_support.cpp
[1.261s] -- Up-to-date: /home/rhobtor/PHD/ARGOJ8_IA/install/ctl_mission_interfaces/include/ctl_mission_interfaces/ctl_mission_interfaces/srv/detail/config_simple_ctl__rosidl_typesupport_introspection_cpp.hpp
[1.261s] -- Up-to-date: /home/rhobtor/PHD/ARGOJ8_IA/install/ctl_mission_interfaces/include/ctl_mission_interfaces/ctl_mission_interfaces/srv/detail/config_dynamic_la_pure_ctrl__type_support.cpp
[1.262s] -- Up-to-date: /home/rhobtor/PHD/ARGOJ8_IA/install/ctl_mission_interfaces/include/ctl_mission_interfaces/ctl_mission_interfaces/srv/detail/get_possible_transitions__type_support.cpp
[1.262s] -- Up-to-date: /home/rhobtor/PHD/ARGOJ8_IA/install/ctl_mission_interfaces/include/ctl_mission_interfaces/ctl_mission_interfaces/srv/detail/config_pure_pursuit_ctrl__rosidl_typesupport_introspection_cpp.hpp
[1.262s] -- Up-to-date: /home/rhobtor/PHD/ARGOJ8_IA/install/ctl_mission_interfaces/include/ctl_mission_interfaces/ctl_mission_interfaces/srv/detail/config_stanley_ctrl__type_support.cpp
[1.262s] -- Up-to-date: /home/rhobtor/PHD/ARGOJ8_IA/install/ctl_mission_interfaces/include/ctl_mission_interfaces/ctl_mission_interfaces/srv/detail/change_mode__type_support.cpp
[1.262s] -- Up-to-date: /home/rhobtor/PHD/ARGOJ8_IA/install/ctl_mission_interfaces/include/ctl_mission_interfaces/ctl_mission_interfaces/srv/detail/change_mode__rosidl_typesupport_introspection_cpp.hpp
[1.263s] -- Up-to-date: /home/rhobtor/PHD/ARGOJ8_IA/install/ctl_mission_interfaces/include/ctl_mission_interfaces/ctl_mission_interfaces/srv/detail/config_dynamic_la_pure_ctrl__rosidl_typesupport_introspection_cpp.hpp
[1.263s] -- Up-to-date: /home/rhobtor/PHD/ARGOJ8_IA/install/ctl_mission_interfaces/include/ctl_mission_interfaces/ctl_mission_interfaces/srv/detail/change_speed__type_support.cpp
[1.263s] -- Up-to-date: /home/rhobtor/PHD/ARGOJ8_IA/install/ctl_mission_interfaces/include/ctl_mission_interfaces/ctl_mission_interfaces/srv/detail/config_regulated_pure_ctrl__rosidl_typesupport_introspection_cpp.hpp
[1.263s] -- Up-to-date: /home/rhobtor/PHD/ARGOJ8_IA/install/ctl_mission_interfaces/include/ctl_mission_interfaces/ctl_mission_interfaces/srv/detail/change_controller__type_support.cpp
[1.264s] -- Up-to-date: /home/rhobtor/PHD/ARGOJ8_IA/install/ctl_mission_interfaces/include/ctl_mission_interfaces/ctl_mission_interfaces/srv/detail/get_mode__type_support.cpp
[1.264s] -- Up-to-date: /home/rhobtor/PHD/ARGOJ8_IA/install/ctl_mission_interfaces/lib/libctl_mission_interfaces__rosidl_typesupport_introspection_cpp.so
[1.264s] -- Up-to-date: /home/rhobtor/PHD/ARGOJ8_IA/install/ctl_mission_interfaces/lib/libctl_mission_interfaces__rosidl_typesupport_cpp.so
[1.264s] -- Up-to-date: /home/rhobtor/PHD/ARGOJ8_IA/install/ctl_mission_interfaces/share/ctl_mission_interfaces/environment/pythonpath.sh
[1.264s] -- Up-to-date: /home/rhobtor/PHD/ARGOJ8_IA/install/ctl_mission_interfaces/share/ctl_mission_interfaces/environment/pythonpath.dsv
[1.264s] -- Up-to-date: /home/rhobtor/PHD/ARGOJ8_IA/install/ctl_mission_interfaces/local/lib/python3.10/dist-packages/ctl_mission_interfaces-0.0.0-py3.10.egg-info
[1.264s] -- Installing: /home/rhobtor/PHD/ARGOJ8_IA/install/ctl_mission_interfaces/local/lib/python3.10/dist-packages/ctl_mission_interfaces-0.0.0-py3.10.egg-info/top_level.txt
[1.265s] -- Installing: /home/rhobtor/PHD/ARGOJ8_IA/install/ctl_mission_interfaces/local/lib/python3.10/dist-packages/ctl_mission_interfaces-0.0.0-py3.10.egg-info/SOURCES.txt
[1.265s] -- Installing: /home/rhobtor/PHD/ARGOJ8_IA/install/ctl_mission_interfaces/local/lib/python3.10/dist-packages/ctl_mission_interfaces-0.0.0-py3.10.egg-info/PKG-INFO
[1.265s] -- Installing: /home/rhobtor/PHD/ARGOJ8_IA/install/ctl_mission_interfaces/local/lib/python3.10/dist-packages/ctl_mission_interfaces-0.0.0-py3.10.egg-info/dependency_links.txt
[1.265s] -- Up-to-date: /home/rhobtor/PHD/ARGOJ8_IA/install/ctl_mission_interfaces/local/lib/python3.10/dist-packages/ctl_mission_interfaces
[1.265s] -- Up-to-date: /home/rhobtor/PHD/ARGOJ8_IA/install/ctl_mission_interfaces/local/lib/python3.10/dist-packages/ctl_mission_interfaces/srv
[1.265s] -- Up-to-date: /home/rhobtor/PHD/ARGOJ8_IA/install/ctl_mission_interfaces/local/lib/python3.10/dist-packages/ctl_mission_interfaces/srv/_config_pure_pursuit_ctrl_s.c
[1.265s] -- Up-to-date: /home/rhobtor/PHD/ARGOJ8_IA/install/ctl_mission_interfaces/local/lib/python3.10/dist-packages/ctl_mission_interfaces/srv/_config_stanley_ctrl_s.c
[1.265s] -- Up-to-date: /home/rhobtor/PHD/ARGOJ8_IA/install/ctl_mission_interfaces/local/lib/python3.10/dist-packages/ctl_mission_interfaces/srv/_config_pure_pursuit_ctrl.py
[1.265s] -- Up-to-date: /home/rhobtor/PHD/ARGOJ8_IA/install/ctl_mission_interfaces/local/lib/python3.10/dist-packages/ctl_mission_interfaces/srv/_config_dynamic_pure_ctrl_s.c
[1.265s] -- Up-to-date: /home/rhobtor/PHD/ARGOJ8_IA/install/ctl_mission_interfaces/local/lib/python3.10/dist-packages/ctl_mission_interfaces/srv/_config_regulated_pure_ctrl_s.c
[1.265s] -- Up-to-date: /home/rhobtor/PHD/ARGOJ8_IA/install/ctl_mission_interfaces/local/lib/python3.10/dist-packages/ctl_mission_interfaces/srv/_get_possible_transitions.py
[1.265s] -- Up-to-date: /home/rhobtor/PHD/ARGOJ8_IA/install/ctl_mission_interfaces/local/lib/python3.10/dist-packages/ctl_mission_interfaces/srv/_change_mode_s.c
[1.265s] -- Up-to-date: /home/rhobtor/PHD/ARGOJ8_IA/install/ctl_mission_interfaces/local/lib/python3.10/dist-packages/ctl_mission_interfaces/srv/_config_dynamic_la_pure_ctrl_s.c
[1.265s] -- Up-to-date: /home/rhobtor/PHD/ARGOJ8_IA/install/ctl_mission_interfaces/local/lib/python3.10/dist-packages/ctl_mission_interfaces/srv/_config_regulated_pure_ctrl.py
[1.266s] -- Up-to-date: /home/rhobtor/PHD/ARGOJ8_IA/install/ctl_mission_interfaces/local/lib/python3.10/dist-packages/ctl_mission_interfaces/srv/_change_controller_s.c
[1.266s] -- Up-to-date: /home/rhobtor/PHD/ARGOJ8_IA/install/ctl_mission_interfaces/local/lib/python3.10/dist-packages/ctl_mission_interfaces/srv/_get_mode.py
[1.266s] -- Up-to-date: /home/rhobtor/PHD/ARGOJ8_IA/install/ctl_mission_interfaces/local/lib/python3.10/dist-packages/ctl_mission_interfaces/srv/_change_controller.py
[1.266s] -- Up-to-date: /home/rhobtor/PHD/ARGOJ8_IA/install/ctl_mission_interfaces/local/lib/python3.10/dist-packages/ctl_mission_interfaces/srv/__init__.py
[1.266s] -- Up-to-date: /home/rhobtor/PHD/ARGOJ8_IA/install/ctl_mission_interfaces/local/lib/python3.10/dist-packages/ctl_mission_interfaces/srv/_config_simple_ctl.py
[1.266s] -- Up-to-date: /home/rhobtor/PHD/ARGOJ8_IA/install/ctl_mission_interfaces/local/lib/python3.10/dist-packages/ctl_mission_interfaces/srv/_change_speed.py
[1.266s] -- Up-to-date: /home/rhobtor/PHD/ARGOJ8_IA/install/ctl_mission_interfaces/local/lib/python3.10/dist-packages/ctl_mission_interfaces/srv/_change_speed_s.c
[1.266s] -- Up-to-date: /home/rhobtor/PHD/ARGOJ8_IA/install/ctl_mission_interfaces/local/lib/python3.10/dist-packages/ctl_mission_interfaces/srv/_config_dynamic_pure_ctrl.py
[1.266s] -- Up-to-date: /home/rhobtor/PHD/ARGOJ8_IA/install/ctl_mission_interfaces/local/lib/python3.10/dist-packages/ctl_mission_interfaces/srv/_get_mode_s.c
[1.266s] -- Up-to-date: /home/rhobtor/PHD/ARGOJ8_IA/install/ctl_mission_interfaces/local/lib/python3.10/dist-packages/ctl_mission_interfaces/srv/_change_mode.py
[1.267s] -- Up-to-date: /home/rhobtor/PHD/ARGOJ8_IA/install/ctl_mission_interfaces/local/lib/python3.10/dist-packages/ctl_mission_interfaces/srv/_config_stanley_ctrl.py
[1.267s] -- Up-to-date: /home/rhobtor/PHD/ARGOJ8_IA/install/ctl_mission_interfaces/local/lib/python3.10/dist-packages/ctl_mission_interfaces/srv/_config_simple_ctl_s.c
[1.267s] -- Up-to-date: /home/rhobtor/PHD/ARGOJ8_IA/install/ctl_mission_interfaces/local/lib/python3.10/dist-packages/ctl_mission_interfaces/srv/_config_dynamic_la_pure_ctrl.py
[1.267s] -- Up-to-date: /home/rhobtor/PHD/ARGOJ8_IA/install/ctl_mission_interfaces/local/lib/python3.10/dist-packages/ctl_mission_interfaces/srv/_get_possible_transitions_s.c
[1.267s] -- Up-to-date: /home/rhobtor/PHD/ARGOJ8_IA/install/ctl_mission_interfaces/local/lib/python3.10/dist-packages/ctl_mission_interfaces/ctl_mission_interfaces_s__rosidl_typesupport_c.cpython-310-x86_64-linux-gnu.so
[1.267s] -- Up-to-date: /home/rhobtor/PHD/ARGOJ8_IA/install/ctl_mission_interfaces/local/lib/python3.10/dist-packages/ctl_mission_interfaces/ctl_mission_interfaces_s__rosidl_typesupport_fastrtps_c.cpython-310-x86_64-linux-gnu.so
[1.267s] -- Up-to-date: /home/rhobtor/PHD/ARGOJ8_IA/install/ctl_mission_interfaces/local/lib/python3.10/dist-packages/ctl_mission_interfaces/_ctl_mission_interfaces_s.ep.rosidl_typesupport_c.c
[1.267s] -- Up-to-date: /home/rhobtor/PHD/ARGOJ8_IA/install/ctl_mission_interfaces/local/lib/python3.10/dist-packages/ctl_mission_interfaces/ctl_mission_interfaces_s__rosidl_typesupport_introspection_c.cpython-310-x86_64-linux-gnu.so
[1.267s] -- Up-to-date: /home/rhobtor/PHD/ARGOJ8_IA/install/ctl_mission_interfaces/local/lib/python3.10/dist-packages/ctl_mission_interfaces/__init__.py
[1.267s] -- Up-to-date: /home/rhobtor/PHD/ARGOJ8_IA/install/ctl_mission_interfaces/local/lib/python3.10/dist-packages/ctl_mission_interfaces/_ctl_mission_interfaces_s.ep.rosidl_typesupport_fastrtps_c.c
[1.267s] -- Up-to-date: /home/rhobtor/PHD/ARGOJ8_IA/install/ctl_mission_interfaces/local/lib/python3.10/dist-packages/ctl_mission_interfaces/_ctl_mission_interfaces_s.ep.rosidl_typesupport_introspection_c.c
[1.267s] -- Up-to-date: /home/rhobtor/PHD/ARGOJ8_IA/install/ctl_mission_interfaces/local/lib/python3.10/dist-packages/ctl_mission_interfaces/libctl_mission_interfaces__rosidl_generator_py.so
[1.268s] Listing '/home/rhobtor/PHD/ARGOJ8_IA/install/ctl_mission_interfaces/local/lib/python3.10/dist-packages/ctl_mission_interfaces'...
[1.268s] Listing '/home/rhobtor/PHD/ARGOJ8_IA/install/ctl_mission_interfaces/local/lib/python3.10/dist-packages/ctl_mission_interfaces/srv'...
[1.268s] -- Up-to-date: /home/rhobtor/PHD/ARGOJ8_IA/install/ctl_mission_interfaces/local/lib/python3.10/dist-packages/ctl_mission_interfaces/ctl_mission_interfaces_s__rosidl_typesupport_fastrtps_c.cpython-310-x86_64-linux-gnu.so
[1.268s] -- Up-to-date: /home/rhobtor/PHD/ARGOJ8_IA/install/ctl_mission_interfaces/local/lib/python3.10/dist-packages/ctl_mission_interfaces/ctl_mission_interfaces_s__rosidl_typesupport_introspection_c.cpython-310-x86_64-linux-gnu.so
[1.268s] -- Up-to-date: /home/rhobtor/PHD/ARGOJ8_IA/install/ctl_mission_interfaces/local/lib/python3.10/dist-packages/ctl_mission_interfaces/ctl_mission_interfaces_s__rosidl_typesupport_c.cpython-310-x86_64-linux-gnu.so
[1.268s] -- Up-to-date: /home/rhobtor/PHD/ARGOJ8_IA/install/ctl_mission_interfaces/lib/libctl_mission_interfaces__rosidl_generator_py.so
[1.268s] -- Up-to-date: /home/rhobtor/PHD/ARGOJ8_IA/install/ctl_mission_interfaces/share/ctl_mission_interfaces/srv/ChangeMode.idl
[1.268s] -- Up-to-date: /home/rhobtor/PHD/ARGOJ8_IA/install/ctl_mission_interfaces/share/ctl_mission_interfaces/srv/GetMode.idl
[1.268s] -- Up-to-date: /home/rhobtor/PHD/ARGOJ8_IA/install/ctl_mission_interfaces/share/ctl_mission_interfaces/srv/ChangeSpeed.idl
[1.268s] -- Up-to-date: /home/rhobtor/PHD/ARGOJ8_IA/install/ctl_mission_interfaces/share/ctl_mission_interfaces/srv/ConfigSimpleCtl.idl
[1.268s] -- Up-to-date: /home/rhobtor/PHD/ARGOJ8_IA/install/ctl_mission_interfaces/share/ctl_mission_interfaces/srv/GetPossibleTransitions.idl
[1.268s] -- Up-to-date: /home/rhobtor/PHD/ARGOJ8_IA/install/ctl_mission_interfaces/share/ctl_mission_interfaces/srv/ChangeController.idl
[1.268s] -- Up-to-date: /home/rhobtor/PHD/ARGOJ8_IA/install/ctl_mission_interfaces/share/ctl_mission_interfaces/srv/ConfigPurePursuitCtrl.idl
[1.269s] -- Up-to-date: /home/rhobtor/PHD/ARGOJ8_IA/install/ctl_mission_interfaces/share/ctl_mission_interfaces/srv/ConfigStanleyCtrl.idl
[1.269s] -- Up-to-date: /home/rhobtor/PHD/ARGOJ8_IA/install/ctl_mission_interfaces/share/ctl_mission_interfaces/srv/ConfigDynamicPureCtrl.idl
[1.269s] -- Up-to-date: /home/rhobtor/PHD/ARGOJ8_IA/install/ctl_mission_interfaces/share/ctl_mission_interfaces/srv/ConfigDynamicLAPureCtrl.idl
[1.269s] -- Up-to-date: /home/rhobtor/PHD/ARGOJ8_IA/install/ctl_mission_interfaces/share/ctl_mission_interfaces/srv/ConfigRegulatedPureCtrl.idl
[1.269s] -- Up-to-date: /home/rhobtor/PHD/ARGOJ8_IA/install/ctl_mission_interfaces/share/ctl_mission_interfaces/srv/ChangeMode.srv
[1.269s] -- Up-to-date: /home/rhobtor/PHD/ARGOJ8_IA/install/ctl_mission_interfaces/share/ctl_mission_interfaces/srv/ChangeMode_Request.msg
[1.269s] -- Up-to-date: /home/rhobtor/PHD/ARGOJ8_IA/install/ctl_mission_interfaces/share/ctl_mission_interfaces/srv/ChangeMode_Response.msg
[1.269s] -- Up-to-date: /home/rhobtor/PHD/ARGOJ8_IA/install/ctl_mission_interfaces/share/ctl_mission_interfaces/srv/GetMode.srv
[1.269s] -- Up-to-date: /home/rhobtor/PHD/ARGOJ8_IA/install/ctl_mission_interfaces/share/ctl_mission_interfaces/srv/GetMode_Request.msg
[1.269s] -- Up-to-date: /home/rhobtor/PHD/ARGOJ8_IA/install/ctl_mission_interfaces/share/ctl_mission_interfaces/srv/GetMode_Response.msg
[1.269s] -- Up-to-date: /home/rhobtor/PHD/ARGOJ8_IA/install/ctl_mission_interfaces/share/ctl_mission_interfaces/srv/ChangeSpeed.srv
[1.269s] -- Up-to-date: /home/rhobtor/PHD/ARGOJ8_IA/install/ctl_mission_interfaces/share/ctl_mission_interfaces/srv/ChangeSpeed_Request.msg
[1.269s] -- Up-to-date: /home/rhobtor/PHD/ARGOJ8_IA/install/ctl_mission_interfaces/share/ctl_mission_interfaces/srv/ChangeSpeed_Response.msg
[1.269s] -- Up-to-date: /home/rhobtor/PHD/ARGOJ8_IA/install/ctl_mission_interfaces/share/ctl_mission_interfaces/srv/ConfigSimpleCtl.srv
[1.269s] -- Up-to-date: /home/rhobtor/PHD/ARGOJ8_IA/install/ctl_mission_interfaces/share/ctl_mission_interfaces/srv/ConfigSimpleCtl_Request.msg
[1.269s] -- Up-to-date: /home/rhobtor/PHD/ARGOJ8_IA/install/ctl_mission_interfaces/share/ctl_mission_interfaces/srv/ConfigSimpleCtl_Response.msg
[1.269s] -- Up-to-date: /home/rhobtor/PHD/ARGOJ8_IA/install/ctl_mission_interfaces/share/ctl_mission_interfaces/srv/GetPossibleTransitions.srv
[1.269s] -- Up-to-date: /home/rhobtor/PHD/ARGOJ8_IA/install/ctl_mission_interfaces/share/ctl_mission_interfaces/srv/GetPossibleTransitions_Request.msg
[1.269s] -- Up-to-date: /home/rhobtor/PHD/ARGOJ8_IA/install/ctl_mission_interfaces/share/ctl_mission_interfaces/srv/GetPossibleTransitions_Response.msg
[1.269s] -- Up-to-date: /home/rhobtor/PHD/ARGOJ8_IA/install/ctl_mission_interfaces/share/ctl_mission_interfaces/srv/ChangeController.srv
[1.270s] -- Up-to-date: /home/rhobtor/PHD/ARGOJ8_IA/install/ctl_mission_interfaces/share/ctl_mission_interfaces/srv/ChangeController_Request.msg
[1.270s] -- Up-to-date: /home/rhobtor/PHD/ARGOJ8_IA/install/ctl_mission_interfaces/share/ctl_mission_interfaces/srv/ChangeController_Response.msg
[1.270s] -- Up-to-date: /home/rhobtor/PHD/ARGOJ8_IA/install/ctl_mission_interfaces/share/ctl_mission_interfaces/srv/ConfigPurePursuitCtrl.srv
[1.270s] -- Up-to-date: /home/rhobtor/PHD/ARGOJ8_IA/install/ctl_mission_interfaces/share/ctl_mission_interfaces/srv/ConfigPurePursuitCtrl_Request.msg
[1.270s] -- Up-to-date: /home/rhobtor/PHD/ARGOJ8_IA/install/ctl_mission_interfaces/share/ctl_mission_interfaces/srv/ConfigPurePursuitCtrl_Response.msg
[1.270s] -- Up-to-date: /home/rhobtor/PHD/ARGOJ8_IA/install/ctl_mission_interfaces/share/ctl_mission_interfaces/srv/ConfigStanleyCtrl.srv
[1.270s] -- Up-to-date: /home/rhobtor/PHD/ARGOJ8_IA/install/ctl_mission_interfaces/share/ctl_mission_interfaces/srv/ConfigStanleyCtrl_Request.msg
[1.270s] -- Up-to-date: /home/rhobtor/PHD/ARGOJ8_IA/install/ctl_mission_interfaces/share/ctl_mission_interfaces/srv/ConfigStanleyCtrl_Response.msg
[1.270s] -- Up-to-date: /home/rhobtor/PHD/ARGOJ8_IA/install/ctl_mission_interfaces/share/ctl_mission_interfaces/srv/ConfigDynamicPureCtrl.srv
[1.270s] -- Up-to-date: /home/rhobtor/PHD/ARGOJ8_IA/install/ctl_mission_interfaces/share/ctl_mission_interfaces/srv/ConfigDynamicPureCtrl_Request.msg
[1.270s] -- Up-to-date: /home/rhobtor/PHD/ARGOJ8_IA/install/ctl_mission_interfaces/share/ctl_mission_interfaces/srv/ConfigDynamicPureCtrl_Response.msg
[1.270s] -- Up-to-date: /home/rhobtor/PHD/ARGOJ8_IA/install/ctl_mission_interfaces/share/ctl_mission_interfaces/srv/ConfigDynamicLAPureCtrl.srv
[1.270s] -- Up-to-date: /home/rhobtor/PHD/ARGOJ8_IA/install/ctl_mission_interfaces/share/ctl_mission_interfaces/srv/ConfigDynamicLAPureCtrl_Request.msg
[1.270s] -- Up-to-date: /home/rhobtor/PHD/ARGOJ8_IA/install/ctl_mission_interfaces/share/ctl_mission_interfaces/srv/ConfigDynamicLAPureCtrl_Response.msg
[1.270s] -- Up-to-date: /home/rhobtor/PHD/ARGOJ8_IA/install/ctl_mission_interfaces/share/ctl_mission_interfaces/srv/ConfigRegulatedPureCtrl.srv
[1.270s] -- Up-to-date: /home/rhobtor/PHD/ARGOJ8_IA/install/ctl_mission_interfaces/share/ctl_mission_interfaces/srv/ConfigRegulatedPureCtrl_Request.msg
[1.270s] -- Up-to-date: /home/rhobtor/PHD/ARGOJ8_IA/install/ctl_mission_interfaces/share/ctl_mission_interfaces/srv/ConfigRegulatedPureCtrl_Response.msg
[1.270s] -- Up-to-date: /home/rhobtor/PHD/ARGOJ8_IA/install/ctl_mission_interfaces/share/ament_index/resource_index/package_run_dependencies/ctl_mission_interfaces
[1.270s] -- Up-to-date: /home/rhobtor/PHD/ARGOJ8_IA/install/ctl_mission_interfaces/share/ament_index/resource_index/parent_prefix_path/ctl_mission_interfaces
[1.270s] -- Up-to-date: /home/rhobtor/PHD/ARGOJ8_IA/install/ctl_mission_interfaces/share/ctl_mission_interfaces/environment/ament_prefix_path.sh
[1.270s] -- Up-to-date: /home/rhobtor/PHD/ARGOJ8_IA/install/ctl_mission_interfaces/share/ctl_mission_interfaces/environment/ament_prefix_path.dsv
[1.270s] -- Up-to-date: /home/rhobtor/PHD/ARGOJ8_IA/install/ctl_mission_interfaces/share/ctl_mission_interfaces/environment/path.sh
[1.271s] -- Up-to-date: /home/rhobtor/PHD/ARGOJ8_IA/install/ctl_mission_interfaces/share/ctl_mission_interfaces/environment/path.dsv
[1.271s] -- Up-to-date: /home/rhobtor/PHD/ARGOJ8_IA/install/ctl_mission_interfaces/share/ctl_mission_interfaces/local_setup.bash
[1.271s] -- Up-to-date: /home/rhobtor/PHD/ARGOJ8_IA/install/ctl_mission_interfaces/share/ctl_mission_interfaces/local_setup.sh
[1.271s] -- Up-to-date: /home/rhobtor/PHD/ARGOJ8_IA/install/ctl_mission_interfaces/share/ctl_mission_interfaces/local_setup.zsh
[1.271s] -- Up-to-date: /home/rhobtor/PHD/ARGOJ8_IA/install/ctl_mission_interfaces/share/ctl_mission_interfaces/local_setup.dsv
[1.271s] -- Installing: /home/rhobtor/PHD/ARGOJ8_IA/install/ctl_mission_interfaces/share/ctl_mission_interfaces/package.dsv
[1.271s] -- Up-to-date: /home/rhobtor/PHD/ARGOJ8_IA/install/ctl_mission_interfaces/share/ament_index/resource_index/packages/ctl_mission_interfaces
[1.271s] -- Up-to-date: /home/rhobtor/PHD/ARGOJ8_IA/install/ctl_mission_interfaces/share/ctl_mission_interfaces/cmake/export_ctl_mission_interfaces__rosidl_generator_cExport.cmake
[1.271s] -- Up-to-date: /home/rhobtor/PHD/ARGOJ8_IA/install/ctl_mission_interfaces/share/ctl_mission_interfaces/cmake/export_ctl_mission_interfaces__rosidl_generator_cExport-noconfig.cmake
[1.271s] -- Up-to-date: /home/rhobtor/PHD/ARGOJ8_IA/install/ctl_mission_interfaces/share/ctl_mission_interfaces/cmake/export_ctl_mission_interfaces__rosidl_typesupport_fastrtps_cExport.cmake
[1.271s] -- Up-to-date: /home/rhobtor/PHD/ARGOJ8_IA/install/ctl_mission_interfaces/share/ctl_mission_interfaces/cmake/export_ctl_mission_interfaces__rosidl_typesupport_fastrtps_cExport-noconfig.cmake
[1.272s] -- Up-to-date: /home/rhobtor/PHD/ARGOJ8_IA/install/ctl_mission_interfaces/share/ctl_mission_interfaces/cmake/ctl_mission_interfaces__rosidl_typesupport_introspection_cExport.cmake
[1.272s] -- Up-to-date: /home/rhobtor/PHD/ARGOJ8_IA/install/ctl_mission_interfaces/share/ctl_mission_interfaces/cmake/ctl_mission_interfaces__rosidl_typesupport_introspection_cExport-noconfig.cmake
[1.272s] -- Up-to-date: /home/rhobtor/PHD/ARGOJ8_IA/install/ctl_mission_interfaces/share/ctl_mission_interfaces/cmake/ctl_mission_interfaces__rosidl_typesupport_cExport.cmake
[1.272s] -- Up-to-date: /home/rhobtor/PHD/ARGOJ8_IA/install/ctl_mission_interfaces/share/ctl_mission_interfaces/cmake/ctl_mission_interfaces__rosidl_typesupport_cExport-noconfig.cmake
[1.273s] -- Up-to-date: /home/rhobtor/PHD/ARGOJ8_IA/install/ctl_mission_interfaces/share/ctl_mission_interfaces/cmake/export_ctl_mission_interfaces__rosidl_generator_cppExport.cmake
[1.273s] -- Up-to-date: /home/rhobtor/PHD/ARGOJ8_IA/install/ctl_mission_interfaces/share/ctl_mission_interfaces/cmake/export_ctl_mission_interfaces__rosidl_typesupport_fastrtps_cppExport.cmake
[1.273s] -- Up-to-date: /home/rhobtor/PHD/ARGOJ8_IA/install/ctl_mission_interfaces/share/ctl_mission_interfaces/cmake/export_ctl_mission_interfaces__rosidl_typesupport_fastrtps_cppExport-noconfig.cmake
[1.273s] -- Up-to-date: /home/rhobtor/PHD/ARGOJ8_IA/install/ctl_mission_interfaces/share/ctl_mission_interfaces/cmake/ctl_mission_interfaces__rosidl_typesupport_introspection_cppExport.cmake
[1.274s] -- Up-to-date: /home/rhobtor/PHD/ARGOJ8_IA/install/ctl_mission_interfaces/share/ctl_mission_interfaces/cmake/ctl_mission_interfaces__rosidl_typesupport_introspection_cppExport-noconfig.cmake
[1.274s] -- Up-to-date: /home/rhobtor/PHD/ARGOJ8_IA/install/ctl_mission_interfaces/share/ctl_mission_interfaces/cmake/ctl_mission_interfaces__rosidl_typesupport_cppExport.cmake
[1.274s] -- Up-to-date: /home/rhobtor/PHD/ARGOJ8_IA/install/ctl_mission_interfaces/share/ctl_mission_interfaces/cmake/ctl_mission_interfaces__rosidl_typesupport_cppExport-noconfig.cmake
[1.274s] -- Up-to-date: /home/rhobtor/PHD/ARGOJ8_IA/install/ctl_mission_interfaces/share/ctl_mission_interfaces/cmake/export_ctl_mission_interfaces__rosidl_generator_pyExport.cmake
[1.274s] -- Up-to-date: /home/rhobtor/PHD/ARGOJ8_IA/install/ctl_mission_interfaces/share/ctl_mission_interfaces/cmake/export_ctl_mission_interfaces__rosidl_generator_pyExport-noconfig.cmake
[1.275s] -- Up-to-date: /home/rhobtor/PHD/ARGOJ8_IA/install/ctl_mission_interfaces/share/ctl_mission_interfaces/cmake/rosidl_cmake-extras.cmake
[1.275s] -- Up-to-date: /home/rhobtor/PHD/ARGOJ8_IA/install/ctl_mission_interfaces/share/ctl_mission_interfaces/cmake/ament_cmake_export_dependencies-extras.cmake
[1.275s] -- Up-to-date: /home/rhobtor/PHD/ARGOJ8_IA/install/ctl_mission_interfaces/share/ctl_mission_interfaces/cmake/ament_cmake_export_include_directories-extras.cmake
[1.276s] -- Up-to-date: /home/rhobtor/PHD/ARGOJ8_IA/install/ctl_mission_interfaces/share/ctl_mission_interfaces/cmake/ament_cmake_export_libraries-extras.cmake
[1.277s] -- Up-to-date: /home/rhobtor/PHD/ARGOJ8_IA/install/ctl_mission_interfaces/share/ctl_mission_interfaces/cmake/ament_cmake_export_targets-extras.cmake
[1.277s] -- Up-to-date: /home/rhobtor/PHD/ARGOJ8_IA/install/ctl_mission_interfaces/share/ctl_mission_interfaces/cmake/rosidl_cmake_export_typesupport_targets-extras.cmake
[1.277s] -- Up-to-date: /home/rhobtor/PHD/ARGOJ8_IA/install/ctl_mission_interfaces/share/ctl_mission_interfaces/cmake/rosidl_cmake_export_typesupport_libraries-extras.cmake
[1.277s] -- Up-to-date: /home/rhobtor/PHD/ARGOJ8_IA/install/ctl_mission_interfaces/share/ctl_mission_interfaces/cmake/ctl_mission_interfacesConfig.cmake
[1.277s] -- Up-to-date: /home/rhobtor/PHD/ARGOJ8_IA/install/ctl_mission_interfaces/share/ctl_mission_interfaces/cmake/ctl_mission_interfacesConfig-version.cmake
[1.277s] -- Up-to-date: /home/rhobtor/PHD/ARGOJ8_IA/install/ctl_mission_interfaces/share/ctl_mission_interfaces/package.xml
[1.562s] Invoked command in '/home/rhobtor/PHD/ARGOJ8_IA/build/ctl_mission_interfaces' returned '0': CMAKE_PREFIX_PATH=${CMAKE_PREFIX_PATH}:/home/rhobtor/PHD/ARGOJ8_IA/install/ntrip_client:/home/rhobtor/PHD/ARGOJ8_IA/install/car:/home/rhobtor/PHD/ARGOJ8_IA/install/android_ros2_server:/home/rhobtor/PHD/ARGOJ8_IA/install/GUI_pkg:/home/rhobtor/PHD/reactive/Reactive-Navegation/workspace_full_conected/install/car:/opt/ros/humble /opt/st/stm32cubeclt_1.18.0/CMake/bin/cmake --install /home/rhobtor/PHD/ARGOJ8_IA/build/ctl_mission_interfaces
