[1.670s] Invoking command in '/home/rhobtor/PHD/ARGOJ8_IA/src/android_ros2_server': PYTHONPATH=/home/rhobtor/PHD/ARGOJ8_IA/build/android_ros2_server/prefix_override:/usr/lib/python3/dist-packages/colcon_core/task/python/colcon_distutils_commands:/home/rhobtor/PHD/ARGOJ8_IA/install/android_ros2_server/lib/python3.10/site-packages:${PYTHONPATH} /usr/bin/python3 -W ignore:setup.py install is deprecated -W ignore:easy_install command is deprecated setup.py egg_info --egg-base ../../build/android_ros2_server build --build-base /home/rhobtor/PHD/ARGOJ8_IA/build/android_ros2_server/build install --record /home/rhobtor/PHD/ARGOJ8_IA/build/android_ros2_server/install.log --single-version-externally-managed install_data
[3.937s] running egg_info
[3.937s] creating ../../build/android_ros2_server/android_ros2_server.egg-info
[3.937s] writing ../../build/android_ros2_server/android_ros2_server.egg-info/PKG-INFO
[3.937s] writing dependency_links to ../../build/android_ros2_server/android_ros2_server.egg-info/dependency_links.txt
[3.937s] writing entry points to ../../build/android_ros2_server/android_ros2_server.egg-info/entry_points.txt
[3.937s] writing requirements to ../../build/android_ros2_server/android_ros2_server.egg-info/requires.txt
[3.937s] writing top-level names to ../../build/android_ros2_server/android_ros2_server.egg-info/top_level.txt
[3.937s] writing manifest file '../../build/android_ros2_server/android_ros2_server.egg-info/SOURCES.txt'
[3.937s] reading manifest file '../../build/android_ros2_server/android_ros2_server.egg-info/SOURCES.txt'
[3.937s] writing manifest file '../../build/android_ros2_server/android_ros2_server.egg-info/SOURCES.txt'
[3.937s] running build
[3.937s] running build_py
[3.937s] creating /home/rhobtor/PHD/ARGOJ8_IA/build/android_ros2_server/build
[3.938s] creating /home/rhobtor/PHD/ARGOJ8_IA/build/android_ros2_server/build/lib
[3.938s] creating /home/rhobtor/PHD/ARGOJ8_IA/build/android_ros2_server/build/lib/android_ros2_server
[3.938s] copying android_ros2_server/server.py -> /home/rhobtor/PHD/ARGOJ8_IA/build/android_ros2_server/build/lib/android_ros2_server
[3.938s] copying android_ros2_server/__init__.py -> /home/rhobtor/PHD/ARGOJ8_IA/build/android_ros2_server/build/lib/android_ros2_server
[3.938s] running install
[3.938s] running install_lib
[3.938s] creating /home/rhobtor/PHD/ARGOJ8_IA/install/android_ros2_server/lib/python3.10/site-packages/android_ros2_server
[3.938s] copying /home/rhobtor/PHD/ARGOJ8_IA/build/android_ros2_server/build/lib/android_ros2_server/server.py -> /home/rhobtor/PHD/ARGOJ8_IA/install/android_ros2_server/lib/python3.10/site-packages/android_ros2_server
[3.938s] copying /home/rhobtor/PHD/ARGOJ8_IA/build/android_ros2_server/build/lib/android_ros2_server/__init__.py -> /home/rhobtor/PHD/ARGOJ8_IA/install/android_ros2_server/lib/python3.10/site-packages/android_ros2_server
[3.938s] byte-compiling /home/rhobtor/PHD/ARGOJ8_IA/install/android_ros2_server/lib/python3.10/site-packages/android_ros2_server/server.py to server.cpython-310.pyc
[3.938s] byte-compiling /home/rhobtor/PHD/ARGOJ8_IA/install/android_ros2_server/lib/python3.10/site-packages/android_ros2_server/__init__.py to __init__.cpython-310.pyc
[3.938s] running install_data
[3.938s] creating /home/rhobtor/PHD/ARGOJ8_IA/install/android_ros2_server/share/ament_index
[3.938s] creating /home/rhobtor/PHD/ARGOJ8_IA/install/android_ros2_server/share/ament_index/resource_index
[3.938s] creating /home/rhobtor/PHD/ARGOJ8_IA/install/android_ros2_server/share/ament_index/resource_index/packages
[3.938s] copying resource/android_ros2_server -> /home/rhobtor/PHD/ARGOJ8_IA/install/android_ros2_server/share/ament_index/resource_index/packages
[3.938s] copying package.xml -> /home/rhobtor/PHD/ARGOJ8_IA/install/android_ros2_server/share/android_ros2_server
[3.938s] running install_egg_info
[3.938s] Copying ../../build/android_ros2_server/android_ros2_server.egg-info to /home/rhobtor/PHD/ARGOJ8_IA/install/android_ros2_server/lib/python3.10/site-packages/android_ros2_server-0.0.0-py3.10.egg-info
[3.938s] running install_scripts
[3.938s] Installing tcp_server_node script to /home/rhobtor/PHD/ARGOJ8_IA/install/android_ros2_server/lib/android_ros2_server
[3.938s] writing list of installed files to '/home/rhobtor/PHD/ARGOJ8_IA/build/android_ros2_server/install.log'
[3.976s] Invoked command in '/home/rhobtor/PHD/ARGOJ8_IA/src/android_ros2_server' returned '0': PYTHONPATH=/home/rhobtor/PHD/ARGOJ8_IA/build/android_ros2_server/prefix_override:/usr/lib/python3/dist-packages/colcon_core/task/python/colcon_distutils_commands:/home/rhobtor/PHD/ARGOJ8_IA/install/android_ros2_server/lib/python3.10/site-packages:${PYTHONPATH} /usr/bin/python3 -W ignore:setup.py install is deprecated -W ignore:easy_install command is deprecated setup.py egg_info --egg-base ../../build/android_ros2_server build --build-base /home/rhobtor/PHD/ARGOJ8_IA/build/android_ros2_server/build install --record /home/rhobtor/PHD/ARGOJ8_IA/build/android_ros2_server/install.log --single-version-externally-managed install_data
