[1.631s] Invoking command in '/home/rhobtor/PHD/ARGOJ8_IA/src/android_ros2_server': PYTHONPATH=/home/rhobtor/PHD/ARGOJ8_IA/build/android_ros2_server/prefix_override:/usr/lib/python3/dist-packages/colcon_core/task/python/colcon_distutils_commands:/home/rhobtor/PHD/ARGOJ8_IA/install/android_ros2_server/lib/python3.10/site-packages:${PYTHONPATH} /usr/bin/python3 -W ignore:setup.py install is deprecated -W ignore:easy_install command is deprecated setup.py egg_info --egg-base ../../build/android_ros2_server build --build-base /home/rhobtor/PHD/ARGOJ8_IA/build/android_ros2_server/build install --record /home/rhobtor/PHD/ARGOJ8_IA/build/android_ros2_server/install.log --single-version-externally-managed install_data
[1.989s] running egg_info
[1.990s] writing ../../build/android_ros2_server/android_ros2_server.egg-info/PKG-INFO
[1.990s] writing dependency_links to ../../build/android_ros2_server/android_ros2_server.egg-info/dependency_links.txt
[1.990s] writing entry points to ../../build/android_ros2_server/android_ros2_server.egg-info/entry_points.txt
[1.990s] writing requirements to ../../build/android_ros2_server/android_ros2_server.egg-info/requires.txt
[1.991s] writing top-level names to ../../build/android_ros2_server/android_ros2_server.egg-info/top_level.txt
[1.991s] reading manifest file '../../build/android_ros2_server/android_ros2_server.egg-info/SOURCES.txt'
[1.991s] writing manifest file '../../build/android_ros2_server/android_ros2_server.egg-info/SOURCES.txt'
[1.991s] running build
[1.991s] running build_py
[1.991s] running install
[1.991s] running install_lib
[1.992s] running install_data
[1.992s] running install_egg_info
[1.992s] removing '/home/rhobtor/PHD/ARGOJ8_IA/install/android_ros2_server/lib/python3.10/site-packages/android_ros2_server-0.0.0-py3.10.egg-info' (and everything under it)
[1.992s] Copying ../../build/android_ros2_server/android_ros2_server.egg-info to /home/rhobtor/PHD/ARGOJ8_IA/install/android_ros2_server/lib/python3.10/site-packages/android_ros2_server-0.0.0-py3.10.egg-info
[1.992s] running install_scripts
[1.992s] Installing tcp_server_node script to /home/rhobtor/PHD/ARGOJ8_IA/install/android_ros2_server/lib/android_ros2_server
[1.992s] writing list of installed files to '/home/rhobtor/PHD/ARGOJ8_IA/build/android_ros2_server/install.log'
[2.348s] Invoked command in '/home/rhobtor/PHD/ARGOJ8_IA/src/android_ros2_server' returned '0': PYTHONPATH=/home/rhobtor/PHD/ARGOJ8_IA/build/android_ros2_server/prefix_override:/usr/lib/python3/dist-packages/colcon_core/task/python/colcon_distutils_commands:/home/rhobtor/PHD/ARGOJ8_IA/install/android_ros2_server/lib/python3.10/site-packages:${PYTHONPATH} /usr/bin/python3 -W ignore:setup.py install is deprecated -W ignore:easy_install command is deprecated setup.py egg_info --egg-base ../../build/android_ros2_server build --build-base /home/rhobtor/PHD/ARGOJ8_IA/build/android_ros2_server/build install --record /home/rhobtor/PHD/ARGOJ8_IA/build/android_ros2_server/install.log --single-version-externally-managed install_data
