[0.008s] Invoking command in '/home/rhobtor/PHD/ARGOJ8_IA/build/ublox_gps': AMENT_PREFIX_PATH=/home/rhobtor/PHD/ARGOJ8_IA/install/ublox_msgs:/home/rhobtor/PHD/ARGOJ8_IA/install/ublox_serialization:${AMENT_PREFIX_PATH} CMAKE_PREFIX_PATH=/home/rhobtor/PHD/ARGOJ8_IA/install/ublox_msgs:/home/rhobtor/PHD/ARGOJ8_IA/install/ublox_serialization:/home/rhobtor/PHD/reactive/Reactive-Navegation/workspace_full_conected/install/octomap_mapping:/home/rhobtor/PHD/reactive/Reactive-Navegation/workspace_full_conected/install/octomap_server:/home/rhobtor/PHD/reactive/Reactive-Navegation/workspace_full_conected/install/octomap_rviz_plugins:/home/rhobtor/PHD/reactive/Reactive-Navegation/workspace_full_conected/install/hector_gazebo_plugins:/home/rhobtor/PHD/reactive/Reactive-Navegation/workspace_full_conected/install/car_cpp:/home/rhobtor/PHD/reactive/Reactive-Navegation/workspace_full_conected/install/car_interfaces:/home/rhobtor/PHD/reactive/Reactive-Navegation/workspace_full_conected/install/car:/opt/ros/humble LD_LIBRARY_PATH=/home/rhobtor/PHD/ARGOJ8_IA/install/ublox_msgs/lib:${LD_LIBRARY_PATH} PYTHONPATH=/home/rhobtor/PHD/ARGOJ8_IA/install/ublox_msgs/local/lib/python3.10/dist-packages:${PYTHONPATH} /opt/st/stm32cubeclt_1.18.0/CMake/bin/cmake /home/rhobtor/PHD/ARGOJ8_IA/src/argo_drivers_pkgs/ublox/ublox_gps -DCMAKE_INSTALL_PREFIX=/home/rhobtor/PHD/ARGOJ8_IA/install/ublox_gps
[0.049s] -- The C compiler identification is GNU 11.4.0
[0.094s] -- The CXX compiler identification is GNU 11.4.0
[0.107s] -- Detecting C compiler ABI info
[0.156s] -- Detecting C compiler ABI info - done
[0.164s] -- Check for working C compiler: /usr/bin/cc - skipped
[0.164s] -- Detecting C compile features
[0.165s] -- Detecting C compile features - done
[0.172s] -- Detecting CXX compiler ABI info
[0.227s] -- Detecting CXX compiler ABI info - done
[0.237s] -- Check for working CXX compiler: /usr/bin/c++ - skipped
[0.237s] -- Detecting CXX compile features
[0.238s] -- Detecting CXX compile features - done
[0.240s] -- Found ament_cmake_ros: 0.10.0 (/opt/ros/humble/share/ament_cmake_ros/cmake)
[0.355s] -- Found Python3: /usr/bin/python3 (found version "3.10.12") found components: Interpreter 
[0.444s] -- Found asio: /usr/include  
[0.446s] -- Found diagnostic_msgs: 4.8.0 (/opt/ros/humble/share/diagnostic_msgs/cmake)
[0.481s] -- Found rosidl_generator_c: 3.1.6 (/opt/ros/humble/share/rosidl_generator_c/cmake)
[0.486s] -- Found rosidl_adapter: 3.1.6 (/opt/ros/humble/share/rosidl_adapter/cmake)
[0.494s] -- Found rosidl_generator_cpp: 3.1.6 (/opt/ros/humble/share/rosidl_generator_cpp/cmake)
[0.505s] -- Using all available rosidl_typesupport_c: rosidl_typesupport_fastrtps_c;rosidl_typesupport_introspection_c
[0.521s] -- Using all available rosidl_typesupport_cpp: rosidl_typesupport_fastrtps_cpp;rosidl_typesupport_introspection_cpp
[0.563s] -- Found diagnostic_updater: 4.0.3 (/opt/ros/humble/share/diagnostic_updater/cmake)
[0.603s] -- Found rmw_implementation_cmake: 6.1.2 (/opt/ros/humble/share/rmw_implementation_cmake/cmake)
[0.606s] -- Found rmw_fastrtps_cpp: 6.2.7 (/opt/ros/humble/share/rmw_fastrtps_cpp/cmake)
[0.676s] -- Found OpenSSL: /usr/lib/x86_64-linux-gnu/libcrypto.so (found version "3.0.2")  
[0.699s] -- Found FastRTPS: /opt/ros/humble/include  
[0.733s] -- Using RMW implementation 'rmw_fastrtps_cpp' as default
[0.741s] -- Performing Test CMAKE_HAVE_LIBC_PTHREAD
[0.789s] -- Performing Test CMAKE_HAVE_LIBC_PTHREAD - Success
[0.791s] -- Found Threads: TRUE  
[0.839s] -- Found geometry_msgs: 4.8.0 (/opt/ros/humble/share/geometry_msgs/cmake)
[0.854s] -- Found rclcpp_components: 16.0.12 (/opt/ros/humble/share/rclcpp_components/cmake)
[0.883s] -- Found sensor_msgs: 4.8.0 (/opt/ros/humble/share/sensor_msgs/cmake)
[0.904s] -- Found tf2: 0.25.12 (/opt/ros/humble/share/tf2/cmake)
[0.907s] -- Found ublox_msgs: 2.3.0 (/home/rhobtor/PHD/ARGOJ8_IA/install/ublox_msgs/share/ublox_msgs/cmake)
[0.934s] -- Found rtcm_msgs: 1.1.6 (/opt/ros/humble/share/rtcm_msgs/cmake)
[1.005s] -- Configuring done (1.0s)
[1.053s] -- Generating done (0.0s)
[1.060s] -- Build files have been written to: /home/rhobtor/PHD/ARGOJ8_IA/build/ublox_gps
[1.068s] Invoked command in '/home/rhobtor/PHD/ARGOJ8_IA/build/ublox_gps' returned '0': AMENT_PREFIX_PATH=/home/rhobtor/PHD/ARGOJ8_IA/install/ublox_msgs:/home/rhobtor/PHD/ARGOJ8_IA/install/ublox_serialization:${AMENT_PREFIX_PATH} CMAKE_PREFIX_PATH=/home/rhobtor/PHD/ARGOJ8_IA/install/ublox_msgs:/home/rhobtor/PHD/ARGOJ8_IA/install/ublox_serialization:/home/rhobtor/PHD/reactive/Reactive-Navegation/workspace_full_conected/install/octomap_mapping:/home/rhobtor/PHD/reactive/Reactive-Navegation/workspace_full_conected/install/octomap_server:/home/rhobtor/PHD/reactive/Reactive-Navegation/workspace_full_conected/install/octomap_rviz_plugins:/home/rhobtor/PHD/reactive/Reactive-Navegation/workspace_full_conected/install/hector_gazebo_plugins:/home/rhobtor/PHD/reactive/Reactive-Navegation/workspace_full_conected/install/car_cpp:/home/rhobtor/PHD/reactive/Reactive-Navegation/workspace_full_conected/install/car_interfaces:/home/rhobtor/PHD/reactive/Reactive-Navegation/workspace_full_conected/install/car:/opt/ros/humble LD_LIBRARY_PATH=/home/rhobtor/PHD/ARGOJ8_IA/install/ublox_msgs/lib:${LD_LIBRARY_PATH} PYTHONPATH=/home/rhobtor/PHD/ARGOJ8_IA/install/ublox_msgs/local/lib/python3.10/dist-packages:${PYTHONPATH} /opt/st/stm32cubeclt_1.18.0/CMake/bin/cmake /home/rhobtor/PHD/ARGOJ8_IA/src/argo_drivers_pkgs/ublox/ublox_gps -DCMAKE_INSTALL_PREFIX=/home/rhobtor/PHD/ARGOJ8_IA/install/ublox_gps
[1.069s] Invoking command in '/home/rhobtor/PHD/ARGOJ8_IA/build/ublox_gps': AMENT_PREFIX_PATH=/home/rhobtor/PHD/ARGOJ8_IA/install/ublox_msgs:/home/rhobtor/PHD/ARGOJ8_IA/install/ublox_serialization:${AMENT_PREFIX_PATH} CMAKE_PREFIX_PATH=/home/rhobtor/PHD/ARGOJ8_IA/install/ublox_msgs:/home/rhobtor/PHD/ARGOJ8_IA/install/ublox_serialization:/home/rhobtor/PHD/reactive/Reactive-Navegation/workspace_full_conected/install/octomap_mapping:/home/rhobtor/PHD/reactive/Reactive-Navegation/workspace_full_conected/install/octomap_server:/home/rhobtor/PHD/reactive/Reactive-Navegation/workspace_full_conected/install/octomap_rviz_plugins:/home/rhobtor/PHD/reactive/Reactive-Navegation/workspace_full_conected/install/hector_gazebo_plugins:/home/rhobtor/PHD/reactive/Reactive-Navegation/workspace_full_conected/install/car_cpp:/home/rhobtor/PHD/reactive/Reactive-Navegation/workspace_full_conected/install/car_interfaces:/home/rhobtor/PHD/reactive/Reactive-Navegation/workspace_full_conected/install/car:/opt/ros/humble LD_LIBRARY_PATH=/home/rhobtor/PHD/ARGOJ8_IA/install/ublox_msgs/lib:${LD_LIBRARY_PATH} PYTHONPATH=/home/rhobtor/PHD/ARGOJ8_IA/install/ublox_msgs/local/lib/python3.10/dist-packages:${PYTHONPATH} /opt/st/stm32cubeclt_1.18.0/CMake/bin/cmake --build /home/rhobtor/PHD/ARGOJ8_IA/build/ublox_gps -- -j16 -l16
[1.091s] [  4%] [32mBuilding CXX object CMakeFiles/ublox_gps.dir/src/adr_udr_product.cpp.o[0m
[1.092s] [  9%] [32mBuilding CXX object CMakeFiles/ublox_gps.dir/src/hp_pos_rec_product.cpp.o[0m
[1.092s] [ 13%] [32mBuilding CXX object CMakeFiles/ublox_gps.dir/src/gnss.cpp.o[0m
[1.092s] [ 18%] [32mBuilding CXX object CMakeFiles/ublox_gps.dir/src/hpg_ref_product.cpp.o[0m
[1.093s] [ 27%] [32mBuilding CXX object CMakeFiles/ublox_gps.dir/src/hpg_rov_product.cpp.o[0m
[1.093s] [ 27%] [32mBuilding CXX object CMakeFiles/ublox_gps.dir/src/gps.cpp.o[0m
[1.093s] [ 31%] [32mBuilding C object CMakeFiles/ublox_gps.dir/src/mkgmtime.c.o[0m
[1.093s] [ 36%] [32mBuilding CXX object CMakeFiles/ublox_gps.dir/src/node.cpp.o[0m
[1.093s] [ 40%] [32mBuilding CXX object CMakeFiles/ublox_gps.dir/src/raw_data_pa.cpp.o[0m
[1.093s] [ 45%] [32mBuilding CXX object CMakeFiles/ublox_gps.dir/src/raw_data_product.cpp.o[0m
[1.095s] [ 54%] [32mBuilding CXX object CMakeFiles/ublox_gps.dir/src/ublox_firmware.cpp.o[0m
[1.095s] [ 54%] [32mBuilding CXX object CMakeFiles/ublox_gps.dir/src/tim_product.cpp.o[0m
[1.095s] [ 59%] [32mBuilding CXX object CMakeFiles/ublox_gps.dir/src/ublox_firmware6.cpp.o[0m
[1.097s] [ 63%] [32mBuilding CXX object CMakeFiles/ublox_gps.dir/src/ublox_firmware7.cpp.o[0m
[1.100s] [ 68%] [32mBuilding CXX object CMakeFiles/ublox_gps.dir/src/ublox_firmware8.cpp.o[0m
[1.105s] [ 72%] [32mBuilding CXX object CMakeFiles/ublox_gps.dir/src/ublox_firmware9.cpp.o[0m
[38.738s] [ 77%] [32m[1mLinking CXX shared library libublox_gps.so[0m
[41.184s] [ 77%] Built target ublox_gps
[41.192s] [ 81%] [32mBuilding CXX object CMakeFiles/ublox_gps_node.dir/src/node_main.cpp.o[0m
[44.632s] [ 86%] [32m[1mLinking CXX executable ublox_gps_node[0m
[45.366s] [ 86%] Built target ublox_gps_node
[45.375s] [ 90%] [32mBuilding CXX object CMakeFiles/ublox_logger.dir/src/logger_node_pa.cpp.o[0m
[47.148s] [ 95%] [32mBuilding CXX object CMakeFiles/ublox_logger.dir/src/raw_data_pa.cpp.o[0m
[52.429s] [100%] [32m[1mLinking CXX executable ublox_logger[0m
[52.782s] [100%] Built target ublox_logger
[52.787s] Invoked command in '/home/rhobtor/PHD/ARGOJ8_IA/build/ublox_gps' returned '0': AMENT_PREFIX_PATH=/home/rhobtor/PHD/ARGOJ8_IA/install/ublox_msgs:/home/rhobtor/PHD/ARGOJ8_IA/install/ublox_serialization:${AMENT_PREFIX_PATH} CMAKE_PREFIX_PATH=/home/rhobtor/PHD/ARGOJ8_IA/install/ublox_msgs:/home/rhobtor/PHD/ARGOJ8_IA/install/ublox_serialization:/home/rhobtor/PHD/reactive/Reactive-Navegation/workspace_full_conected/install/octomap_mapping:/home/rhobtor/PHD/reactive/Reactive-Navegation/workspace_full_conected/install/octomap_server:/home/rhobtor/PHD/reactive/Reactive-Navegation/workspace_full_conected/install/octomap_rviz_plugins:/home/rhobtor/PHD/reactive/Reactive-Navegation/workspace_full_conected/install/hector_gazebo_plugins:/home/rhobtor/PHD/reactive/Reactive-Navegation/workspace_full_conected/install/car_cpp:/home/rhobtor/PHD/reactive/Reactive-Navegation/workspace_full_conected/install/car_interfaces:/home/rhobtor/PHD/reactive/Reactive-Navegation/workspace_full_conected/install/car:/opt/ros/humble LD_LIBRARY_PATH=/home/rhobtor/PHD/ARGOJ8_IA/install/ublox_msgs/lib:${LD_LIBRARY_PATH} PYTHONPATH=/home/rhobtor/PHD/ARGOJ8_IA/install/ublox_msgs/local/lib/python3.10/dist-packages:${PYTHONPATH} /opt/st/stm32cubeclt_1.18.0/CMake/bin/cmake --build /home/rhobtor/PHD/ARGOJ8_IA/build/ublox_gps -- -j16 -l16
[52.787s] Invoking command in '/home/rhobtor/PHD/ARGOJ8_IA/build/ublox_gps': AMENT_PREFIX_PATH=/home/rhobtor/PHD/ARGOJ8_IA/install/ublox_msgs:/home/rhobtor/PHD/ARGOJ8_IA/install/ublox_serialization:${AMENT_PREFIX_PATH} CMAKE_PREFIX_PATH=/home/rhobtor/PHD/ARGOJ8_IA/install/ublox_msgs:/home/rhobtor/PHD/ARGOJ8_IA/install/ublox_serialization:/home/rhobtor/PHD/reactive/Reactive-Navegation/workspace_full_conected/install/octomap_mapping:/home/rhobtor/PHD/reactive/Reactive-Navegation/workspace_full_conected/install/octomap_server:/home/rhobtor/PHD/reactive/Reactive-Navegation/workspace_full_conected/install/octomap_rviz_plugins:/home/rhobtor/PHD/reactive/Reactive-Navegation/workspace_full_conected/install/hector_gazebo_plugins:/home/rhobtor/PHD/reactive/Reactive-Navegation/workspace_full_conected/install/car_cpp:/home/rhobtor/PHD/reactive/Reactive-Navegation/workspace_full_conected/install/car_interfaces:/home/rhobtor/PHD/reactive/Reactive-Navegation/workspace_full_conected/install/car:/opt/ros/humble LD_LIBRARY_PATH=/home/rhobtor/PHD/ARGOJ8_IA/install/ublox_msgs/lib:${LD_LIBRARY_PATH} PYTHONPATH=/home/rhobtor/PHD/ARGOJ8_IA/install/ublox_msgs/local/lib/python3.10/dist-packages:${PYTHONPATH} /opt/st/stm32cubeclt_1.18.0/CMake/bin/cmake --install /home/rhobtor/PHD/ARGOJ8_IA/build/ublox_gps
[52.790s] -- Install configuration: ""
[52.790s] -- Installing: /home/rhobtor/PHD/ARGOJ8_IA/install/ublox_gps/lib/libublox_gps.so
[52.807s] -- Set non-toolchain portion of runtime path of "/home/rhobtor/PHD/ARGOJ8_IA/install/ublox_gps/lib/libublox_gps.so" to ""
[52.807s] -- Installing: /home/rhobtor/PHD/ARGOJ8_IA/install/ublox_gps/lib/ublox_gps/ublox_gps_node
[52.807s] -- Set non-toolchain portion of runtime path of "/home/rhobtor/PHD/ARGOJ8_IA/install/ublox_gps/lib/ublox_gps/ublox_gps_node" to ""
[52.807s] -- Installing: /home/rhobtor/PHD/ARGOJ8_IA/install/ublox_gps/lib/ublox_gps/ublox_logger
[52.809s] -- Set non-toolchain portion of runtime path of "/home/rhobtor/PHD/ARGOJ8_IA/install/ublox_gps/lib/ublox_gps/ublox_logger" to ""
[52.809s] -- Installing: /home/rhobtor/PHD/ARGOJ8_IA/install/ublox_gps/include/ublox_gps
[52.809s] -- Installing: /home/rhobtor/PHD/ARGOJ8_IA/install/ublox_gps/include/ublox_gps/ublox_gps
[52.809s] -- Installing: /home/rhobtor/PHD/ARGOJ8_IA/install/ublox_gps/include/ublox_gps/ublox_gps/fix_diagnostic.hpp
[52.809s] -- Installing: /home/rhobtor/PHD/ARGOJ8_IA/install/ublox_gps/include/ublox_gps/ublox_gps/ublox_firmware8.hpp
[52.809s] -- Installing: /home/rhobtor/PHD/ARGOJ8_IA/install/ublox_gps/include/ublox_gps/ublox_gps/worker.hpp
[52.809s] -- Installing: /home/rhobtor/PHD/ARGOJ8_IA/install/ublox_gps/include/ublox_gps/ublox_gps/hpg_ref_product.hpp
[52.810s] -- Installing: /home/rhobtor/PHD/ARGOJ8_IA/install/ublox_gps/include/ublox_gps/ublox_gps/ublox_firmware.hpp
[52.810s] -- Installing: /home/rhobtor/PHD/ARGOJ8_IA/install/ublox_gps/include/ublox_gps/ublox_gps/async_worker.hpp
[52.810s] -- Installing: /home/rhobtor/PHD/ARGOJ8_IA/install/ublox_gps/include/ublox_gps/ublox_gps/hpg_rov_product.hpp
[52.810s] -- Installing: /home/rhobtor/PHD/ARGOJ8_IA/install/ublox_gps/include/ublox_gps/ublox_gps/utils.hpp
[52.810s] -- Installing: /home/rhobtor/PHD/ARGOJ8_IA/install/ublox_gps/include/ublox_gps/ublox_gps/hp_pos_rec_product.hpp
[52.810s] -- Installing: /home/rhobtor/PHD/ARGOJ8_IA/install/ublox_gps/include/ublox_gps/ublox_gps/mkgmtime.h
[52.810s] -- Installing: /home/rhobtor/PHD/ARGOJ8_IA/install/ublox_gps/include/ublox_gps/ublox_gps/gps.hpp
[52.810s] -- Installing: /home/rhobtor/PHD/ARGOJ8_IA/install/ublox_gps/include/ublox_gps/ublox_gps/adr_udr_product.hpp
[52.810s] -- Installing: /home/rhobtor/PHD/ARGOJ8_IA/install/ublox_gps/include/ublox_gps/ublox_gps/node.hpp
[52.810s] -- Installing: /home/rhobtor/PHD/ARGOJ8_IA/install/ublox_gps/include/ublox_gps/ublox_gps/fts_product.hpp
[52.810s] -- Installing: /home/rhobtor/PHD/ARGOJ8_IA/install/ublox_gps/include/ublox_gps/ublox_gps/rtcm.hpp
[52.810s] -- Installing: /home/rhobtor/PHD/ARGOJ8_IA/install/ublox_gps/include/ublox_gps/ublox_gps/raw_data_product.hpp
[52.810s] -- Installing: /home/rhobtor/PHD/ARGOJ8_IA/install/ublox_gps/include/ublox_gps/ublox_gps/ublox_firmware7.hpp
[52.810s] -- Installing: /home/rhobtor/PHD/ARGOJ8_IA/install/ublox_gps/include/ublox_gps/ublox_gps/raw_data_pa.hpp
[52.810s] -- Installing: /home/rhobtor/PHD/ARGOJ8_IA/install/ublox_gps/include/ublox_gps/ublox_gps/ublox_topic_diagnostic.hpp
[52.810s] -- Installing: /home/rhobtor/PHD/ARGOJ8_IA/install/ublox_gps/include/ublox_gps/ublox_gps/component_interface.hpp
[52.810s] -- Installing: /home/rhobtor/PHD/ARGOJ8_IA/install/ublox_gps/include/ublox_gps/ublox_gps/callback.hpp
[52.810s] -- Installing: /home/rhobtor/PHD/ARGOJ8_IA/install/ublox_gps/include/ublox_gps/ublox_gps/ublox_firmware9.hpp
[52.810s] -- Installing: /home/rhobtor/PHD/ARGOJ8_IA/install/ublox_gps/include/ublox_gps/ublox_gps/tim_product.hpp
[52.810s] -- Installing: /home/rhobtor/PHD/ARGOJ8_IA/install/ublox_gps/include/ublox_gps/ublox_gps/ublox_firmware6.hpp
[52.810s] -- Installing: /home/rhobtor/PHD/ARGOJ8_IA/install/ublox_gps/include/ublox_gps/ublox_gps/ublox_firmware7plus.hpp
[52.810s] -- Installing: /home/rhobtor/PHD/ARGOJ8_IA/install/ublox_gps/include/ublox_gps/ublox_gps/gnss.hpp
[52.810s] -- Installing: /home/rhobtor/PHD/ARGOJ8_IA/install/ublox_gps/share/ublox_gps/launch
[52.810s] -- Installing: /home/rhobtor/PHD/ARGOJ8_IA/install/ublox_gps/share/ublox_gps/launch/ublox_gps_node-composed-launch.py
[52.810s] -- Installing: /home/rhobtor/PHD/ARGOJ8_IA/install/ublox_gps/share/ublox_gps/launch/ublox_gps_node-launch.py
[52.810s] -- Installing: /home/rhobtor/PHD/ARGOJ8_IA/install/ublox_gps/share/ublox_gps/launch/ublox_gps_base_node-launch.py
[52.810s] -- Installing: /home/rhobtor/PHD/ARGOJ8_IA/install/ublox_gps/share/ublox_gps/launch/ublox_gps_node-composed-base_launch.py
[52.810s] -- Installing: /home/rhobtor/PHD/ARGOJ8_IA/install/ublox_gps/share/ublox_gps/launch/gps_ntrip_nodes-launch.py
[52.810s] -- Installing: /home/rhobtor/PHD/ARGOJ8_IA/install/ublox_gps/share/ublox_gps/launch/ublox_gps_rover_node-launch.py
[52.811s] -- Installing: /home/rhobtor/PHD/ARGOJ8_IA/install/ublox_gps/share/ublox_gps/config
[52.811s] -- Installing: /home/rhobtor/PHD/ARGOJ8_IA/install/ublox_gps/share/ublox_gps/config/nmea.yaml
[52.811s] -- Installing: /home/rhobtor/PHD/ARGOJ8_IA/install/ublox_gps/share/ublox_gps/config/zed_base.yaml
[52.811s] -- Installing: /home/rhobtor/PHD/ARGOJ8_IA/install/ublox_gps/share/ublox_gps/config/zed_rover.yaml
[52.811s] -- Installing: /home/rhobtor/PHD/ARGOJ8_IA/install/ublox_gps/share/ublox_gps/config/zed_f9p.yaml
[52.811s] -- Installing: /home/rhobtor/PHD/ARGOJ8_IA/install/ublox_gps/share/ament_index/resource_index/package_run_dependencies/ublox_gps
[52.811s] -- Installing: /home/rhobtor/PHD/ARGOJ8_IA/install/ublox_gps/share/ament_index/resource_index/parent_prefix_path/ublox_gps
[52.811s] -- Installing: /home/rhobtor/PHD/ARGOJ8_IA/install/ublox_gps/share/ublox_gps/environment/ament_prefix_path.sh
[52.811s] -- Installing: /home/rhobtor/PHD/ARGOJ8_IA/install/ublox_gps/share/ublox_gps/environment/ament_prefix_path.dsv
[52.811s] -- Installing: /home/rhobtor/PHD/ARGOJ8_IA/install/ublox_gps/share/ublox_gps/environment/path.sh
[52.811s] -- Installing: /home/rhobtor/PHD/ARGOJ8_IA/install/ublox_gps/share/ublox_gps/environment/path.dsv
[52.811s] -- Installing: /home/rhobtor/PHD/ARGOJ8_IA/install/ublox_gps/share/ublox_gps/local_setup.bash
[52.811s] -- Installing: /home/rhobtor/PHD/ARGOJ8_IA/install/ublox_gps/share/ublox_gps/local_setup.sh
[52.811s] -- Installing: /home/rhobtor/PHD/ARGOJ8_IA/install/ublox_gps/share/ublox_gps/local_setup.zsh
[52.811s] -- Installing: /home/rhobtor/PHD/ARGOJ8_IA/install/ublox_gps/share/ublox_gps/local_setup.dsv
[52.811s] -- Installing: /home/rhobtor/PHD/ARGOJ8_IA/install/ublox_gps/share/ublox_gps/package.dsv
[52.811s] -- Installing: /home/rhobtor/PHD/ARGOJ8_IA/install/ublox_gps/share/ament_index/resource_index/packages/ublox_gps
[52.811s] -- Installing: /home/rhobtor/PHD/ARGOJ8_IA/install/ublox_gps/share/ament_index/resource_index/rclcpp_components/ublox_gps
[52.811s] -- Installing: /home/rhobtor/PHD/ARGOJ8_IA/install/ublox_gps/share/ublox_gps/cmake/export_ublox_gpsExport.cmake
[52.811s] -- Installing: /home/rhobtor/PHD/ARGOJ8_IA/install/ublox_gps/share/ublox_gps/cmake/export_ublox_gpsExport-noconfig.cmake
[52.812s] -- Installing: /home/rhobtor/PHD/ARGOJ8_IA/install/ublox_gps/share/ublox_gps/cmake/ament_cmake_export_include_directories-extras.cmake
[52.812s] -- Installing: /home/rhobtor/PHD/ARGOJ8_IA/install/ublox_gps/share/ublox_gps/cmake/ament_cmake_export_targets-extras.cmake
[52.812s] -- Installing: /home/rhobtor/PHD/ARGOJ8_IA/install/ublox_gps/share/ublox_gps/cmake/ublox_gpsConfig.cmake
[52.812s] -- Installing: /home/rhobtor/PHD/ARGOJ8_IA/install/ublox_gps/share/ublox_gps/cmake/ublox_gpsConfig-version.cmake
[52.812s] -- Installing: /home/rhobtor/PHD/ARGOJ8_IA/install/ublox_gps/share/ublox_gps/package.xml
[52.813s] Invoked command in '/home/rhobtor/PHD/ARGOJ8_IA/build/ublox_gps' returned '0': AMENT_PREFIX_PATH=/home/rhobtor/PHD/ARGOJ8_IA/install/ublox_msgs:/home/rhobtor/PHD/ARGOJ8_IA/install/ublox_serialization:${AMENT_PREFIX_PATH} CMAKE_PREFIX_PATH=/home/rhobtor/PHD/ARGOJ8_IA/install/ublox_msgs:/home/rhobtor/PHD/ARGOJ8_IA/install/ublox_serialization:/home/rhobtor/PHD/reactive/Reactive-Navegation/workspace_full_conected/install/octomap_mapping:/home/rhobtor/PHD/reactive/Reactive-Navegation/workspace_full_conected/install/octomap_server:/home/rhobtor/PHD/reactive/Reactive-Navegation/workspace_full_conected/install/octomap_rviz_plugins:/home/rhobtor/PHD/reactive/Reactive-Navegation/workspace_full_conected/install/hector_gazebo_plugins:/home/rhobtor/PHD/reactive/Reactive-Navegation/workspace_full_conected/install/car_cpp:/home/rhobtor/PHD/reactive/Reactive-Navegation/workspace_full_conected/install/car_interfaces:/home/rhobtor/PHD/reactive/Reactive-Navegation/workspace_full_conected/install/car:/opt/ros/humble LD_LIBRARY_PATH=/home/rhobtor/PHD/ARGOJ8_IA/install/ublox_msgs/lib:${LD_LIBRARY_PATH} PYTHONPATH=/home/rhobtor/PHD/ARGOJ8_IA/install/ublox_msgs/local/lib/python3.10/dist-packages:${PYTHONPATH} /opt/st/stm32cubeclt_1.18.0/CMake/bin/cmake --install /home/rhobtor/PHD/ARGOJ8_IA/build/ublox_gps
