[0.773s] Invoking command in '/home/rhobtor/PHD/ARGOJ8_IA/build/argj801_setup': CMAKE_PREFIX_PATH=${CMAKE_PREFIX_PATH}:/home/rhobtor/PHD/reactive/Reactive-Navegation/workspace_full_conected/install/car:/opt/ros/humble /opt/st/stm32cubeclt_1.18.0/CMake/bin/cmake /home/rhobtor/PHD/ARGOJ8_IA/src/argj801_setup -DCMAKE_INSTALL_PREFIX=/home/rhobtor/PHD/ARGOJ8_IA/install/argj801_setup
[0.896s] -- The C compiler identification is GNU 11.4.0
[0.953s] -- The CXX compiler identification is GNU 11.4.0
[1.003s] -- Detecting C compiler ABI info
[1.149s] -- Detecting C compiler ABI info - done
[1.183s] -- Check for working C compiler: /usr/bin/cc - skipped
[1.184s] -- Detecting C compile features
[1.184s] -- Detecting C compile features - done
[1.207s] -- Detecting CXX compiler ABI info
[1.383s] -- Detecting CXX compiler ABI info - done
[1.412s] -- Check for working CXX compiler: /usr/bin/c++ - skipped
[1.412s] -- Detecting CXX compile features
[1.412s] -- Detecting CXX compile features - done
[1.419s] -- Found ament_cmake: 1.3.11 (/opt/ros/humble/share/ament_cmake/cmake)
[1.677s] -- Found Python3: /usr/bin/python3 (found version "3.10.12") found components: Interpreter 
[1.906s] -- Found ament_lint_auto: 0.12.12 (/opt/ros/humble/share/ament_lint_auto/cmake)
[2.077s] -- Added test 'flake8' to check Python code syntax and style conventions
[2.080s] -- Added test 'lint_cmake' to check CMake code style
[2.082s] -- Added test 'pep257' to check Python code against some of the docstring style conventions in PEP 257
[2.087s] -- Added test 'xmllint' to check XML markup files
[2.092s] -- Configuring done (1.3s)
[2.097s] -- Generating done (0.0s)
[2.100s] -- Build files have been written to: /home/rhobtor/PHD/ARGOJ8_IA/build/argj801_setup
[2.116s] Invoked command in '/home/rhobtor/PHD/ARGOJ8_IA/build/argj801_setup' returned '0': CMAKE_PREFIX_PATH=${CMAKE_PREFIX_PATH}:/home/rhobtor/PHD/reactive/Reactive-Navegation/workspace_full_conected/install/car:/opt/ros/humble /opt/st/stm32cubeclt_1.18.0/CMake/bin/cmake /home/rhobtor/PHD/ARGOJ8_IA/src/argj801_setup -DCMAKE_INSTALL_PREFIX=/home/rhobtor/PHD/ARGOJ8_IA/install/argj801_setup
[2.117s] Invoking command in '/home/rhobtor/PHD/ARGOJ8_IA/build/argj801_setup': CMAKE_PREFIX_PATH=${CMAKE_PREFIX_PATH}:/home/rhobtor/PHD/reactive/Reactive-Navegation/workspace_full_conected/install/car:/opt/ros/humble /opt/st/stm32cubeclt_1.18.0/CMake/bin/cmake --build /home/rhobtor/PHD/ARGOJ8_IA/build/argj801_setup -- -j16 -l16
[3.955s] Invoked command in '/home/rhobtor/PHD/ARGOJ8_IA/build/argj801_setup' returned '0': CMAKE_PREFIX_PATH=${CMAKE_PREFIX_PATH}:/home/rhobtor/PHD/reactive/Reactive-Navegation/workspace_full_conected/install/car:/opt/ros/humble /opt/st/stm32cubeclt_1.18.0/CMake/bin/cmake --build /home/rhobtor/PHD/ARGOJ8_IA/build/argj801_setup -- -j16 -l16
[3.957s] Invoking command in '/home/rhobtor/PHD/ARGOJ8_IA/build/argj801_setup': CMAKE_PREFIX_PATH=${CMAKE_PREFIX_PATH}:/home/rhobtor/PHD/reactive/Reactive-Navegation/workspace_full_conected/install/car:/opt/ros/humble /opt/st/stm32cubeclt_1.18.0/CMake/bin/cmake --install /home/rhobtor/PHD/ARGOJ8_IA/build/argj801_setup
[4.303s] -- Install configuration: ""
[4.303s] -- Installing: /home/rhobtor/PHD/ARGOJ8_IA/install/argj801_setup/share/argj801_setup//launch
[4.303s] -- Installing: /home/rhobtor/PHD/ARGOJ8_IA/install/argj801_setup/share/argj801_setup//launch/README.md
[4.304s] -- Installing: /home/rhobtor/PHD/ARGOJ8_IA/install/argj801_setup/share/argj801_setup//launch/J8_launch.py
[4.304s] -- Installing: /home/rhobtor/PHD/ARGOJ8_IA/install/argj801_setup/share/argj801_setup//config
[4.304s] -- Installing: /home/rhobtor/PHD/ARGOJ8_IA/install/argj801_setup/share/argj801_setup//config/README.md
[4.304s] -- Installing: /home/rhobtor/PHD/ARGOJ8_IA/install/argj801_setup/share/argj801_setup//config/J8_params.yaml
[4.304s] -- Installing: /home/rhobtor/PHD/ARGOJ8_IA/install/argj801_setup/share/ament_index/resource_index/package_run_dependencies/argj801_setup
[4.304s] -- Installing: /home/rhobtor/PHD/ARGOJ8_IA/install/argj801_setup/share/ament_index/resource_index/parent_prefix_path/argj801_setup
[4.304s] -- Installing: /home/rhobtor/PHD/ARGOJ8_IA/install/argj801_setup/share/argj801_setup/environment/ament_prefix_path.sh
[4.304s] -- Installing: /home/rhobtor/PHD/ARGOJ8_IA/install/argj801_setup/share/argj801_setup/environment/ament_prefix_path.dsv
[4.304s] -- Installing: /home/rhobtor/PHD/ARGOJ8_IA/install/argj801_setup/share/argj801_setup/environment/path.sh
[4.305s] -- Installing: /home/rhobtor/PHD/ARGOJ8_IA/install/argj801_setup/share/argj801_setup/environment/path.dsv
[4.305s] -- Installing: /home/rhobtor/PHD/ARGOJ8_IA/install/argj801_setup/share/argj801_setup/local_setup.bash
[4.305s] -- Installing: /home/rhobtor/PHD/ARGOJ8_IA/install/argj801_setup/share/argj801_setup/local_setup.sh
[4.305s] -- Installing: /home/rhobtor/PHD/ARGOJ8_IA/install/argj801_setup/share/argj801_setup/local_setup.zsh
[4.305s] -- Installing: /home/rhobtor/PHD/ARGOJ8_IA/install/argj801_setup/share/argj801_setup/local_setup.dsv
[4.305s] -- Installing: /home/rhobtor/PHD/ARGOJ8_IA/install/argj801_setup/share/argj801_setup/package.dsv
[4.305s] -- Installing: /home/rhobtor/PHD/ARGOJ8_IA/install/argj801_setup/share/ament_index/resource_index/packages/argj801_setup
[4.305s] -- Installing: /home/rhobtor/PHD/ARGOJ8_IA/install/argj801_setup/share/argj801_setup/cmake/argj801_setupConfig.cmake
[4.305s] -- Installing: /home/rhobtor/PHD/ARGOJ8_IA/install/argj801_setup/share/argj801_setup/cmake/argj801_setupConfig-version.cmake
[4.305s] -- Installing: /home/rhobtor/PHD/ARGOJ8_IA/install/argj801_setup/share/argj801_setup/package.xml
[4.341s] Invoked command in '/home/rhobtor/PHD/ARGOJ8_IA/build/argj801_setup' returned '0': CMAKE_PREFIX_PATH=${CMAKE_PREFIX_PATH}:/home/rhobtor/PHD/reactive/Reactive-Navegation/workspace_full_conected/install/car:/opt/ros/humble /opt/st/stm32cubeclt_1.18.0/CMake/bin/cmake --install /home/rhobtor/PHD/ARGOJ8_IA/build/argj801_setup
