[0.760s] Invoking command in '/home/rhobtor/PHD/ARGOJ8_IA/build/hector_gazebo_plugins': CMAKE_PREFIX_PATH=${CMAKE_PREFIX_PATH}:/home/rhobtor/PHD/reactive/Reactive-Navegation/workspace_full_conected/install/car:/opt/ros/humble /opt/st/stm32cubeclt_1.18.0/CMake/bin/cmake --build /home/rhobtor/PHD/ARGOJ8_IA/build/hector_gazebo_plugins -- -j16 -l16
[0.806s] [  0%] Built target ament_cmake_python_copy_hector_gazebo_plugins
[0.807s] [  8%] Built target hector_gazebo_plugins__rosidl_generator_c
[0.807s] [ 10%] Built target hector_gazebo_plugins__cpp
[0.817s] [ 14%] Built target hector_gazebo_reset_plugin
[0.822s] [ 22%] Built target hector_gazebo_plugins__rosidl_typesupport_c
[0.827s] [ 30%] Built target hector_gazebo_plugins__rosidl_typesupport_introspection_c
[0.829s] [ 34%] Built target hector_gazebo_ros_magnetic
[0.832s] [ 40%] Built target hector_gazebo_ros_sonar
[0.836s] [ 46%] Built target hector_gazebo_plugins__rosidl_typesupport_introspection_cpp
[0.847s] [ 55%] Built target hector_gazebo_plugins__rosidl_typesupport_fastrtps_c
[0.978s] [ 63%] Built target hector_gazebo_plugins__rosidl_typesupport_fastrtps_cpp
[0.984s] [ 71%] Built target hector_gazebo_plugins__rosidl_typesupport_cpp
[0.994s] [ 71%] Built target hector_gazebo_plugins
[0.994s] [ 73%] Built target hector_gazebo_plugins__py
[1.058s] [ 79%] Built target hector_gazebo_plugins__rosidl_generator_py
[1.072s] [ 83%] Built target hector_gazebo_ros_imu
[1.100s] [ 87%] Built target hector_gazebo_ros_gps
[1.102s] [ 91%] Built target hector_gazebo_plugins__rosidl_typesupport_fastrtps_c__pyext
[1.109s] [ 95%] Built target hector_gazebo_plugins__rosidl_typesupport_introspection_c__pyext
[1.109s] [100%] Built target hector_gazebo_plugins__rosidl_typesupport_c__pyext
[1.158s] running egg_info
[1.158s] writing hector_gazebo_plugins.egg-info/PKG-INFO
[1.158s] writing dependency_links to hector_gazebo_plugins.egg-info/dependency_links.txt
[1.158s] writing top-level names to hector_gazebo_plugins.egg-info/top_level.txt
[1.158s] reading manifest file 'hector_gazebo_plugins.egg-info/SOURCES.txt'
[1.158s] writing manifest file 'hector_gazebo_plugins.egg-info/SOURCES.txt'
[1.190s] [100%] Built target ament_cmake_python_build_hector_gazebo_plugins_egg
[1.482s] Invoked command in '/home/rhobtor/PHD/ARGOJ8_IA/build/hector_gazebo_plugins' returned '0': CMAKE_PREFIX_PATH=${CMAKE_PREFIX_PATH}:/home/rhobtor/PHD/reactive/Reactive-Navegation/workspace_full_conected/install/car:/opt/ros/humble /opt/st/stm32cubeclt_1.18.0/CMake/bin/cmake --build /home/rhobtor/PHD/ARGOJ8_IA/build/hector_gazebo_plugins -- -j16 -l16
[1.483s] Invoking command in '/home/rhobtor/PHD/ARGOJ8_IA/build/hector_gazebo_plugins': CMAKE_PREFIX_PATH=${CMAKE_PREFIX_PATH}:/home/rhobtor/PHD/reactive/Reactive-Navegation/workspace_full_conected/install/car:/opt/ros/humble /opt/st/stm32cubeclt_1.18.0/CMake/bin/cmake --install /home/rhobtor/PHD/ARGOJ8_IA/build/hector_gazebo_plugins
[1.489s] -- Install configuration: ""
[1.490s] -- Up-to-date: /home/rhobtor/PHD/ARGOJ8_IA/install/hector_gazebo_plugins/share/ament_index/resource_index/rosidl_interfaces/hector_gazebo_plugins
[1.490s] -- Up-to-date: /home/rhobtor/PHD/ARGOJ8_IA/install/hector_gazebo_plugins/include/hector_gazebo_plugins/hector_gazebo_plugins
[1.490s] -- Up-to-date: /home/rhobtor/PHD/ARGOJ8_IA/install/hector_gazebo_plugins/include/hector_gazebo_plugins/hector_gazebo_plugins/srv
[1.490s] -- Up-to-date: /home/rhobtor/PHD/ARGOJ8_IA/install/hector_gazebo_plugins/include/hector_gazebo_plugins/hector_gazebo_plugins/srv/set_bias.h
[1.491s] -- Up-to-date: /home/rhobtor/PHD/ARGOJ8_IA/install/hector_gazebo_plugins/include/hector_gazebo_plugins/hector_gazebo_plugins/srv/set_reference_geo_pose.h
[1.491s] -- Up-to-date: /home/rhobtor/PHD/ARGOJ8_IA/install/hector_gazebo_plugins/include/hector_gazebo_plugins/hector_gazebo_plugins/srv/detail
[1.491s] -- Up-to-date: /home/rhobtor/PHD/ARGOJ8_IA/install/hector_gazebo_plugins/include/hector_gazebo_plugins/hector_gazebo_plugins/srv/detail/set_bias__struct.h
[1.491s] -- Up-to-date: /home/rhobtor/PHD/ARGOJ8_IA/install/hector_gazebo_plugins/include/hector_gazebo_plugins/hector_gazebo_plugins/srv/detail/set_reference_geo_pose__struct.h
[1.491s] -- Up-to-date: /home/rhobtor/PHD/ARGOJ8_IA/install/hector_gazebo_plugins/include/hector_gazebo_plugins/hector_gazebo_plugins/srv/detail/set_reference_geo_pose__type_support.h
[1.491s] -- Up-to-date: /home/rhobtor/PHD/ARGOJ8_IA/install/hector_gazebo_plugins/include/hector_gazebo_plugins/hector_gazebo_plugins/srv/detail/set_reference_geo_pose__functions.c
[1.491s] -- Up-to-date: /home/rhobtor/PHD/ARGOJ8_IA/install/hector_gazebo_plugins/include/hector_gazebo_plugins/hector_gazebo_plugins/srv/detail/set_bias__functions.c
[1.491s] -- Up-to-date: /home/rhobtor/PHD/ARGOJ8_IA/install/hector_gazebo_plugins/include/hector_gazebo_plugins/hector_gazebo_plugins/srv/detail/set_bias__functions.h
[1.491s] -- Up-to-date: /home/rhobtor/PHD/ARGOJ8_IA/install/hector_gazebo_plugins/include/hector_gazebo_plugins/hector_gazebo_plugins/srv/detail/set_bias__type_support.h
[1.491s] -- Up-to-date: /home/rhobtor/PHD/ARGOJ8_IA/install/hector_gazebo_plugins/include/hector_gazebo_plugins/hector_gazebo_plugins/srv/detail/set_reference_geo_pose__functions.h
[1.492s] -- Up-to-date: /home/rhobtor/PHD/ARGOJ8_IA/install/hector_gazebo_plugins/include/hector_gazebo_plugins/hector_gazebo_plugins/msg
[1.492s] -- Up-to-date: /home/rhobtor/PHD/ARGOJ8_IA/install/hector_gazebo_plugins/include/hector_gazebo_plugins/hector_gazebo_plugins/msg/rosidl_generator_c__visibility_control.h
[1.492s] -- Up-to-date: /home/rhobtor/PHD/ARGOJ8_IA/install/hector_gazebo_plugins/share/hector_gazebo_plugins/environment/library_path.sh
[1.492s] -- Up-to-date: /home/rhobtor/PHD/ARGOJ8_IA/install/hector_gazebo_plugins/share/hector_gazebo_plugins/environment/library_path.dsv
[1.492s] -- Up-to-date: /home/rhobtor/PHD/ARGOJ8_IA/install/hector_gazebo_plugins/lib/libhector_gazebo_plugins__rosidl_generator_c.so
[1.492s] -- Up-to-date: /home/rhobtor/PHD/ARGOJ8_IA/install/hector_gazebo_plugins/include/hector_gazebo_plugins/hector_gazebo_plugins
[1.492s] -- Up-to-date: /home/rhobtor/PHD/ARGOJ8_IA/install/hector_gazebo_plugins/include/hector_gazebo_plugins/hector_gazebo_plugins/srv
[1.492s] -- Up-to-date: /home/rhobtor/PHD/ARGOJ8_IA/install/hector_gazebo_plugins/include/hector_gazebo_plugins/hector_gazebo_plugins/srv/detail
[1.492s] -- Up-to-date: /home/rhobtor/PHD/ARGOJ8_IA/install/hector_gazebo_plugins/include/hector_gazebo_plugins/hector_gazebo_plugins/srv/detail/set_reference_geo_pose__rosidl_typesupport_fastrtps_c.h
[1.493s] -- Up-to-date: /home/rhobtor/PHD/ARGOJ8_IA/install/hector_gazebo_plugins/include/hector_gazebo_plugins/hector_gazebo_plugins/srv/detail/set_bias__rosidl_typesupport_fastrtps_c.h
[1.493s] -- Up-to-date: /home/rhobtor/PHD/ARGOJ8_IA/install/hector_gazebo_plugins/include/hector_gazebo_plugins/hector_gazebo_plugins/msg
[1.494s] -- Up-to-date: /home/rhobtor/PHD/ARGOJ8_IA/install/hector_gazebo_plugins/include/hector_gazebo_plugins/hector_gazebo_plugins/msg/rosidl_typesupport_fastrtps_c__visibility_control.h
[1.494s] -- Up-to-date: /home/rhobtor/PHD/ARGOJ8_IA/install/hector_gazebo_plugins/lib/libhector_gazebo_plugins__rosidl_typesupport_fastrtps_c.so
[1.494s] -- Up-to-date: /home/rhobtor/PHD/ARGOJ8_IA/install/hector_gazebo_plugins/include/hector_gazebo_plugins/hector_gazebo_plugins
[1.494s] -- Up-to-date: /home/rhobtor/PHD/ARGOJ8_IA/install/hector_gazebo_plugins/include/hector_gazebo_plugins/hector_gazebo_plugins/srv
[1.494s] -- Up-to-date: /home/rhobtor/PHD/ARGOJ8_IA/install/hector_gazebo_plugins/include/hector_gazebo_plugins/hector_gazebo_plugins/srv/detail
[1.494s] -- Up-to-date: /home/rhobtor/PHD/ARGOJ8_IA/install/hector_gazebo_plugins/include/hector_gazebo_plugins/hector_gazebo_plugins/srv/detail/set_bias__traits.hpp
[1.494s] -- Up-to-date: /home/rhobtor/PHD/ARGOJ8_IA/install/hector_gazebo_plugins/include/hector_gazebo_plugins/hector_gazebo_plugins/srv/detail/set_reference_geo_pose__traits.hpp
[1.494s] -- Up-to-date: /home/rhobtor/PHD/ARGOJ8_IA/install/hector_gazebo_plugins/include/hector_gazebo_plugins/hector_gazebo_plugins/srv/detail/set_bias__type_support.hpp
[1.494s] -- Up-to-date: /home/rhobtor/PHD/ARGOJ8_IA/install/hector_gazebo_plugins/include/hector_gazebo_plugins/hector_gazebo_plugins/srv/detail/set_reference_geo_pose__builder.hpp
[1.495s] -- Up-to-date: /home/rhobtor/PHD/ARGOJ8_IA/install/hector_gazebo_plugins/include/hector_gazebo_plugins/hector_gazebo_plugins/srv/detail/set_reference_geo_pose__type_support.hpp
[1.495s] -- Up-to-date: /home/rhobtor/PHD/ARGOJ8_IA/install/hector_gazebo_plugins/include/hector_gazebo_plugins/hector_gazebo_plugins/srv/detail/set_reference_geo_pose__struct.hpp
[1.495s] -- Up-to-date: /home/rhobtor/PHD/ARGOJ8_IA/install/hector_gazebo_plugins/include/hector_gazebo_plugins/hector_gazebo_plugins/srv/detail/set_bias__struct.hpp
[1.496s] -- Up-to-date: /home/rhobtor/PHD/ARGOJ8_IA/install/hector_gazebo_plugins/include/hector_gazebo_plugins/hector_gazebo_plugins/srv/detail/set_bias__builder.hpp
[1.496s] -- Up-to-date: /home/rhobtor/PHD/ARGOJ8_IA/install/hector_gazebo_plugins/include/hector_gazebo_plugins/hector_gazebo_plugins/srv/set_bias.hpp
[1.497s] -- Up-to-date: /home/rhobtor/PHD/ARGOJ8_IA/install/hector_gazebo_plugins/include/hector_gazebo_plugins/hector_gazebo_plugins/srv/set_reference_geo_pose.hpp
[1.497s] -- Up-to-date: /home/rhobtor/PHD/ARGOJ8_IA/install/hector_gazebo_plugins/include/hector_gazebo_plugins/hector_gazebo_plugins/msg
[1.497s] -- Up-to-date: /home/rhobtor/PHD/ARGOJ8_IA/install/hector_gazebo_plugins/include/hector_gazebo_plugins/hector_gazebo_plugins/msg/rosidl_generator_cpp__visibility_control.hpp
[1.497s] -- Up-to-date: /home/rhobtor/PHD/ARGOJ8_IA/install/hector_gazebo_plugins/include/hector_gazebo_plugins/hector_gazebo_plugins
[1.497s] -- Up-to-date: /home/rhobtor/PHD/ARGOJ8_IA/install/hector_gazebo_plugins/include/hector_gazebo_plugins/hector_gazebo_plugins/srv
[1.497s] -- Up-to-date: /home/rhobtor/PHD/ARGOJ8_IA/install/hector_gazebo_plugins/include/hector_gazebo_plugins/hector_gazebo_plugins/srv/detail
[1.497s] -- Up-to-date: /home/rhobtor/PHD/ARGOJ8_IA/install/hector_gazebo_plugins/include/hector_gazebo_plugins/hector_gazebo_plugins/srv/detail/set_bias__rosidl_typesupport_fastrtps_cpp.hpp
[1.497s] -- Up-to-date: /home/rhobtor/PHD/ARGOJ8_IA/install/hector_gazebo_plugins/include/hector_gazebo_plugins/hector_gazebo_plugins/srv/detail/dds_fastrtps
[1.497s] -- Up-to-date: /home/rhobtor/PHD/ARGOJ8_IA/install/hector_gazebo_plugins/include/hector_gazebo_plugins/hector_gazebo_plugins/srv/detail/set_reference_geo_pose__rosidl_typesupport_fastrtps_cpp.hpp
[1.497s] -- Up-to-date: /home/rhobtor/PHD/ARGOJ8_IA/install/hector_gazebo_plugins/include/hector_gazebo_plugins/hector_gazebo_plugins/msg
[1.497s] -- Up-to-date: /home/rhobtor/PHD/ARGOJ8_IA/install/hector_gazebo_plugins/include/hector_gazebo_plugins/hector_gazebo_plugins/msg/rosidl_typesupport_fastrtps_cpp__visibility_control.h
[1.497s] -- Up-to-date: /home/rhobtor/PHD/ARGOJ8_IA/install/hector_gazebo_plugins/lib/libhector_gazebo_plugins__rosidl_typesupport_fastrtps_cpp.so
[1.497s] -- Up-to-date: /home/rhobtor/PHD/ARGOJ8_IA/install/hector_gazebo_plugins/include/hector_gazebo_plugins/hector_gazebo_plugins
[1.498s] -- Up-to-date: /home/rhobtor/PHD/ARGOJ8_IA/install/hector_gazebo_plugins/include/hector_gazebo_plugins/hector_gazebo_plugins/srv
[1.498s] -- Up-to-date: /home/rhobtor/PHD/ARGOJ8_IA/install/hector_gazebo_plugins/include/hector_gazebo_plugins/hector_gazebo_plugins/srv/detail
[1.498s] -- Up-to-date: /home/rhobtor/PHD/ARGOJ8_IA/install/hector_gazebo_plugins/include/hector_gazebo_plugins/hector_gazebo_plugins/srv/detail/set_reference_geo_pose__type_support.c
[1.499s] -- Up-to-date: /home/rhobtor/PHD/ARGOJ8_IA/install/hector_gazebo_plugins/include/hector_gazebo_plugins/hector_gazebo_plugins/srv/detail/set_bias__type_support.c
[1.499s] -- Up-to-date: /home/rhobtor/PHD/ARGOJ8_IA/install/hector_gazebo_plugins/include/hector_gazebo_plugins/hector_gazebo_plugins/srv/detail/set_bias__rosidl_typesupport_introspection_c.h
[1.500s] -- Up-to-date: /home/rhobtor/PHD/ARGOJ8_IA/install/hector_gazebo_plugins/include/hector_gazebo_plugins/hector_gazebo_plugins/srv/detail/set_reference_geo_pose__rosidl_typesupport_introspection_c.h
[1.500s] -- Up-to-date: /home/rhobtor/PHD/ARGOJ8_IA/install/hector_gazebo_plugins/include/hector_gazebo_plugins/hector_gazebo_plugins/msg
[1.501s] -- Up-to-date: /home/rhobtor/PHD/ARGOJ8_IA/install/hector_gazebo_plugins/include/hector_gazebo_plugins/hector_gazebo_plugins/msg/rosidl_typesupport_introspection_c__visibility_control.h
[1.501s] -- Up-to-date: /home/rhobtor/PHD/ARGOJ8_IA/install/hector_gazebo_plugins/lib/libhector_gazebo_plugins__rosidl_typesupport_introspection_c.so
[1.501s] -- Up-to-date: /home/rhobtor/PHD/ARGOJ8_IA/install/hector_gazebo_plugins/lib/libhector_gazebo_plugins__rosidl_typesupport_c.so
[1.501s] -- Up-to-date: /home/rhobtor/PHD/ARGOJ8_IA/install/hector_gazebo_plugins/include/hector_gazebo_plugins/hector_gazebo_plugins
[1.501s] -- Up-to-date: /home/rhobtor/PHD/ARGOJ8_IA/install/hector_gazebo_plugins/include/hector_gazebo_plugins/hector_gazebo_plugins/srv
[1.501s] -- Up-to-date: /home/rhobtor/PHD/ARGOJ8_IA/install/hector_gazebo_plugins/include/hector_gazebo_plugins/hector_gazebo_plugins/srv/detail
[1.501s] -- Up-to-date: /home/rhobtor/PHD/ARGOJ8_IA/install/hector_gazebo_plugins/include/hector_gazebo_plugins/hector_gazebo_plugins/srv/detail/set_reference_geo_pose__rosidl_typesupport_introspection_cpp.hpp
[1.502s] -- Up-to-date: /home/rhobtor/PHD/ARGOJ8_IA/install/hector_gazebo_plugins/include/hector_gazebo_plugins/hector_gazebo_plugins/srv/detail/set_bias__rosidl_typesupport_introspection_cpp.hpp
[1.502s] -- Up-to-date: /home/rhobtor/PHD/ARGOJ8_IA/install/hector_gazebo_plugins/include/hector_gazebo_plugins/hector_gazebo_plugins/srv/detail/set_reference_geo_pose__type_support.cpp
[1.502s] -- Up-to-date: /home/rhobtor/PHD/ARGOJ8_IA/install/hector_gazebo_plugins/include/hector_gazebo_plugins/hector_gazebo_plugins/srv/detail/set_bias__type_support.cpp
[1.502s] -- Up-to-date: /home/rhobtor/PHD/ARGOJ8_IA/install/hector_gazebo_plugins/lib/libhector_gazebo_plugins__rosidl_typesupport_introspection_cpp.so
[1.502s] -- Up-to-date: /home/rhobtor/PHD/ARGOJ8_IA/install/hector_gazebo_plugins/lib/libhector_gazebo_plugins__rosidl_typesupport_cpp.so
[1.502s] -- Up-to-date: /home/rhobtor/PHD/ARGOJ8_IA/install/hector_gazebo_plugins/share/hector_gazebo_plugins/environment/pythonpath.sh
[1.502s] -- Up-to-date: /home/rhobtor/PHD/ARGOJ8_IA/install/hector_gazebo_plugins/share/hector_gazebo_plugins/environment/pythonpath.dsv
[1.503s] -- Up-to-date: /home/rhobtor/PHD/ARGOJ8_IA/install/hector_gazebo_plugins/local/lib/python3.10/dist-packages/hector_gazebo_plugins-0.5.4-py3.10.egg-info
[1.503s] -- Installing: /home/rhobtor/PHD/ARGOJ8_IA/install/hector_gazebo_plugins/local/lib/python3.10/dist-packages/hector_gazebo_plugins-0.5.4-py3.10.egg-info/top_level.txt
[1.503s] -- Installing: /home/rhobtor/PHD/ARGOJ8_IA/install/hector_gazebo_plugins/local/lib/python3.10/dist-packages/hector_gazebo_plugins-0.5.4-py3.10.egg-info/SOURCES.txt
[1.503s] -- Installing: /home/rhobtor/PHD/ARGOJ8_IA/install/hector_gazebo_plugins/local/lib/python3.10/dist-packages/hector_gazebo_plugins-0.5.4-py3.10.egg-info/PKG-INFO
[1.503s] -- Installing: /home/rhobtor/PHD/ARGOJ8_IA/install/hector_gazebo_plugins/local/lib/python3.10/dist-packages/hector_gazebo_plugins-0.5.4-py3.10.egg-info/dependency_links.txt
[1.504s] -- Up-to-date: /home/rhobtor/PHD/ARGOJ8_IA/install/hector_gazebo_plugins/local/lib/python3.10/dist-packages/hector_gazebo_plugins
[1.504s] -- Up-to-date: /home/rhobtor/PHD/ARGOJ8_IA/install/hector_gazebo_plugins/local/lib/python3.10/dist-packages/hector_gazebo_plugins/srv
[1.504s] -- Up-to-date: /home/rhobtor/PHD/ARGOJ8_IA/install/hector_gazebo_plugins/local/lib/python3.10/dist-packages/hector_gazebo_plugins/srv/_set_reference_geo_pose.py
[1.504s] -- Up-to-date: /home/rhobtor/PHD/ARGOJ8_IA/install/hector_gazebo_plugins/local/lib/python3.10/dist-packages/hector_gazebo_plugins/srv/_set_bias_s.c
[1.504s] -- Up-to-date: /home/rhobtor/PHD/ARGOJ8_IA/install/hector_gazebo_plugins/local/lib/python3.10/dist-packages/hector_gazebo_plugins/srv/_set_bias.py
[1.504s] -- Up-to-date: /home/rhobtor/PHD/ARGOJ8_IA/install/hector_gazebo_plugins/local/lib/python3.10/dist-packages/hector_gazebo_plugins/srv/__init__.py
[1.504s] -- Up-to-date: /home/rhobtor/PHD/ARGOJ8_IA/install/hector_gazebo_plugins/local/lib/python3.10/dist-packages/hector_gazebo_plugins/srv/_set_reference_geo_pose_s.c
[1.504s] -- Up-to-date: /home/rhobtor/PHD/ARGOJ8_IA/install/hector_gazebo_plugins/local/lib/python3.10/dist-packages/hector_gazebo_plugins/hector_gazebo_plugins_s__rosidl_typesupport_introspection_c.cpython-310-x86_64-linux-gnu.so
[1.504s] -- Up-to-date: /home/rhobtor/PHD/ARGOJ8_IA/install/hector_gazebo_plugins/local/lib/python3.10/dist-packages/hector_gazebo_plugins/hector_gazebo_plugins_s__rosidl_typesupport_c.cpython-310-x86_64-linux-gnu.so
[1.504s] -- Up-to-date: /home/rhobtor/PHD/ARGOJ8_IA/install/hector_gazebo_plugins/local/lib/python3.10/dist-packages/hector_gazebo_plugins/_hector_gazebo_plugins_s.ep.rosidl_typesupport_fastrtps_c.c
[1.505s] -- Up-to-date: /home/rhobtor/PHD/ARGOJ8_IA/install/hector_gazebo_plugins/local/lib/python3.10/dist-packages/hector_gazebo_plugins/_hector_gazebo_plugins_s.ep.rosidl_typesupport_c.c
[1.505s] -- Up-to-date: /home/rhobtor/PHD/ARGOJ8_IA/install/hector_gazebo_plugins/local/lib/python3.10/dist-packages/hector_gazebo_plugins/_hector_gazebo_plugins_s.ep.rosidl_typesupport_introspection_c.c
[1.505s] -- Up-to-date: /home/rhobtor/PHD/ARGOJ8_IA/install/hector_gazebo_plugins/local/lib/python3.10/dist-packages/hector_gazebo_plugins/__init__.py
[1.505s] -- Up-to-date: /home/rhobtor/PHD/ARGOJ8_IA/install/hector_gazebo_plugins/local/lib/python3.10/dist-packages/hector_gazebo_plugins/libhector_gazebo_plugins__rosidl_generator_py.so
[1.505s] -- Up-to-date: /home/rhobtor/PHD/ARGOJ8_IA/install/hector_gazebo_plugins/local/lib/python3.10/dist-packages/hector_gazebo_plugins/hector_gazebo_plugins_s__rosidl_typesupport_fastrtps_c.cpython-310-x86_64-linux-gnu.so
[1.538s] Listing '/home/rhobtor/PHD/ARGOJ8_IA/install/hector_gazebo_plugins/local/lib/python3.10/dist-packages/hector_gazebo_plugins'...
[1.538s] Listing '/home/rhobtor/PHD/ARGOJ8_IA/install/hector_gazebo_plugins/local/lib/python3.10/dist-packages/hector_gazebo_plugins/srv'...
[1.543s] -- Up-to-date: /home/rhobtor/PHD/ARGOJ8_IA/install/hector_gazebo_plugins/local/lib/python3.10/dist-packages/hector_gazebo_plugins/hector_gazebo_plugins_s__rosidl_typesupport_fastrtps_c.cpython-310-x86_64-linux-gnu.so
[1.543s] -- Up-to-date: /home/rhobtor/PHD/ARGOJ8_IA/install/hector_gazebo_plugins/local/lib/python3.10/dist-packages/hector_gazebo_plugins/hector_gazebo_plugins_s__rosidl_typesupport_introspection_c.cpython-310-x86_64-linux-gnu.so
[1.544s] -- Up-to-date: /home/rhobtor/PHD/ARGOJ8_IA/install/hector_gazebo_plugins/local/lib/python3.10/dist-packages/hector_gazebo_plugins/hector_gazebo_plugins_s__rosidl_typesupport_c.cpython-310-x86_64-linux-gnu.so
[1.544s] -- Up-to-date: /home/rhobtor/PHD/ARGOJ8_IA/install/hector_gazebo_plugins/lib/libhector_gazebo_plugins__rosidl_generator_py.so
[1.544s] -- Up-to-date: /home/rhobtor/PHD/ARGOJ8_IA/install/hector_gazebo_plugins/share/hector_gazebo_plugins/srv/SetBias.idl
[1.544s] -- Up-to-date: /home/rhobtor/PHD/ARGOJ8_IA/install/hector_gazebo_plugins/share/hector_gazebo_plugins/srv/SetReferenceGeoPose.idl
[1.545s] -- Up-to-date: /home/rhobtor/PHD/ARGOJ8_IA/install/hector_gazebo_plugins/share/hector_gazebo_plugins/srv/SetBias.srv
[1.545s] -- Up-to-date: /home/rhobtor/PHD/ARGOJ8_IA/install/hector_gazebo_plugins/share/hector_gazebo_plugins/srv/SetBias_Request.msg
[1.545s] -- Up-to-date: /home/rhobtor/PHD/ARGOJ8_IA/install/hector_gazebo_plugins/share/hector_gazebo_plugins/srv/SetBias_Response.msg
[1.545s] -- Up-to-date: /home/rhobtor/PHD/ARGOJ8_IA/install/hector_gazebo_plugins/share/hector_gazebo_plugins/srv/SetReferenceGeoPose.srv
[1.545s] -- Up-to-date: /home/rhobtor/PHD/ARGOJ8_IA/install/hector_gazebo_plugins/share/hector_gazebo_plugins/srv/SetReferenceGeoPose_Request.msg
[1.545s] -- Up-to-date: /home/rhobtor/PHD/ARGOJ8_IA/install/hector_gazebo_plugins/share/hector_gazebo_plugins/srv/SetReferenceGeoPose_Response.msg
[1.545s] -- Up-to-date: /home/rhobtor/PHD/ARGOJ8_IA/install/hector_gazebo_plugins/include
[1.545s] -- Up-to-date: /home/rhobtor/PHD/ARGOJ8_IA/install/hector_gazebo_plugins/include/update_timer.h
[1.545s] -- Up-to-date: /home/rhobtor/PHD/ARGOJ8_IA/install/hector_gazebo_plugins/include/gazebo_ros_imu.h
[1.545s] -- Up-to-date: /home/rhobtor/PHD/ARGOJ8_IA/install/hector_gazebo_plugins/include/sensor_model.h
[1.545s] -- Up-to-date: /home/rhobtor/PHD/ARGOJ8_IA/install/hector_gazebo_plugins/include/gazebo_ros_magnetic.h
[1.545s] -- Up-to-date: /home/rhobtor/PHD/ARGOJ8_IA/install/hector_gazebo_plugins/include/gnss_config.h
[1.545s] -- Up-to-date: /home/rhobtor/PHD/ARGOJ8_IA/install/hector_gazebo_plugins/include/diffdrive_plugin_multi_wheel.h
[1.545s] -- Up-to-date: /home/rhobtor/PHD/ARGOJ8_IA/install/hector_gazebo_plugins/include/reset_plugin.h
[1.545s] -- Up-to-date: /home/rhobtor/PHD/ARGOJ8_IA/install/hector_gazebo_plugins/include/servo_plugin.h
[1.545s] -- Up-to-date: /home/rhobtor/PHD/ARGOJ8_IA/install/hector_gazebo_plugins/include/gazebo_ros_gps.h
[1.545s] -- Up-to-date: /home/rhobtor/PHD/ARGOJ8_IA/install/hector_gazebo_plugins/include/gazebo_ros_force_based_move.h
[1.545s] -- Up-to-date: /home/rhobtor/PHD/ARGOJ8_IA/install/hector_gazebo_plugins/include/diffdrive_plugin_6w.h
[1.546s] -- Up-to-date: /home/rhobtor/PHD/ARGOJ8_IA/install/hector_gazebo_plugins/include/gazebo_ros_sonar.h
[1.546s] -- Up-to-date: /home/rhobtor/PHD/ARGOJ8_IA/install/hector_gazebo_plugins/lib/libhector_gazebo_reset_plugin.so
[1.546s] -- Up-to-date: /home/rhobtor/PHD/ARGOJ8_IA/install/hector_gazebo_plugins/lib/libhector_gazebo_ros_imu.so
[1.546s] -- Up-to-date: /home/rhobtor/PHD/ARGOJ8_IA/install/hector_gazebo_plugins/lib/libhector_gazebo_ros_magnetic.so
[1.546s] -- Up-to-date: /home/rhobtor/PHD/ARGOJ8_IA/install/hector_gazebo_plugins/lib/libhector_gazebo_ros_gps.so
[1.546s] -- Up-to-date: /home/rhobtor/PHD/ARGOJ8_IA/install/hector_gazebo_plugins/lib/libhector_gazebo_ros_sonar.so
[1.546s] -- Up-to-date: /home/rhobtor/PHD/ARGOJ8_IA/install/hector_gazebo_plugins/share/ament_index/resource_index/package_run_dependencies/hector_gazebo_plugins
[1.546s] -- Up-to-date: /home/rhobtor/PHD/ARGOJ8_IA/install/hector_gazebo_plugins/share/ament_index/resource_index/parent_prefix_path/hector_gazebo_plugins
[1.546s] -- Up-to-date: /home/rhobtor/PHD/ARGOJ8_IA/install/hector_gazebo_plugins/share/hector_gazebo_plugins/environment/ament_prefix_path.sh
[1.546s] -- Up-to-date: /home/rhobtor/PHD/ARGOJ8_IA/install/hector_gazebo_plugins/share/hector_gazebo_plugins/environment/ament_prefix_path.dsv
[1.546s] -- Up-to-date: /home/rhobtor/PHD/ARGOJ8_IA/install/hector_gazebo_plugins/share/hector_gazebo_plugins/environment/path.sh
[1.546s] -- Up-to-date: /home/rhobtor/PHD/ARGOJ8_IA/install/hector_gazebo_plugins/share/hector_gazebo_plugins/environment/path.dsv
[1.546s] -- Up-to-date: /home/rhobtor/PHD/ARGOJ8_IA/install/hector_gazebo_plugins/share/hector_gazebo_plugins/local_setup.bash
[1.546s] -- Up-to-date: /home/rhobtor/PHD/ARGOJ8_IA/install/hector_gazebo_plugins/share/hector_gazebo_plugins/local_setup.sh
[1.547s] -- Up-to-date: /home/rhobtor/PHD/ARGOJ8_IA/install/hector_gazebo_plugins/share/hector_gazebo_plugins/local_setup.zsh
[1.547s] -- Up-to-date: /home/rhobtor/PHD/ARGOJ8_IA/install/hector_gazebo_plugins/share/hector_gazebo_plugins/local_setup.dsv
[1.547s] -- Installing: /home/rhobtor/PHD/ARGOJ8_IA/install/hector_gazebo_plugins/share/hector_gazebo_plugins/package.dsv
[1.547s] -- Up-to-date: /home/rhobtor/PHD/ARGOJ8_IA/install/hector_gazebo_plugins/share/ament_index/resource_index/packages/hector_gazebo_plugins
[1.547s] -- Up-to-date: /home/rhobtor/PHD/ARGOJ8_IA/install/hector_gazebo_plugins/share/hector_gazebo_plugins/cmake/export_hector_gazebo_plugins__rosidl_generator_cExport.cmake
[1.547s] -- Up-to-date: /home/rhobtor/PHD/ARGOJ8_IA/install/hector_gazebo_plugins/share/hector_gazebo_plugins/cmake/export_hector_gazebo_plugins__rosidl_generator_cExport-noconfig.cmake
[1.547s] -- Up-to-date: /home/rhobtor/PHD/ARGOJ8_IA/install/hector_gazebo_plugins/share/hector_gazebo_plugins/cmake/export_hector_gazebo_plugins__rosidl_typesupport_fastrtps_cExport.cmake
[1.547s] -- Up-to-date: /home/rhobtor/PHD/ARGOJ8_IA/install/hector_gazebo_plugins/share/hector_gazebo_plugins/cmake/export_hector_gazebo_plugins__rosidl_typesupport_fastrtps_cExport-noconfig.cmake
[1.547s] -- Up-to-date: /home/rhobtor/PHD/ARGOJ8_IA/install/hector_gazebo_plugins/share/hector_gazebo_plugins/cmake/export_hector_gazebo_plugins__rosidl_generator_cppExport.cmake
[1.547s] -- Up-to-date: /home/rhobtor/PHD/ARGOJ8_IA/install/hector_gazebo_plugins/share/hector_gazebo_plugins/cmake/export_hector_gazebo_plugins__rosidl_typesupport_fastrtps_cppExport.cmake
[1.547s] -- Up-to-date: /home/rhobtor/PHD/ARGOJ8_IA/install/hector_gazebo_plugins/share/hector_gazebo_plugins/cmake/export_hector_gazebo_plugins__rosidl_typesupport_fastrtps_cppExport-noconfig.cmake
[1.548s] -- Up-to-date: /home/rhobtor/PHD/ARGOJ8_IA/install/hector_gazebo_plugins/share/hector_gazebo_plugins/cmake/hector_gazebo_plugins__rosidl_typesupport_introspection_cExport.cmake
[1.548s] -- Up-to-date: /home/rhobtor/PHD/ARGOJ8_IA/install/hector_gazebo_plugins/share/hector_gazebo_plugins/cmake/hector_gazebo_plugins__rosidl_typesupport_introspection_cExport-noconfig.cmake
[1.548s] -- Up-to-date: /home/rhobtor/PHD/ARGOJ8_IA/install/hector_gazebo_plugins/share/hector_gazebo_plugins/cmake/hector_gazebo_plugins__rosidl_typesupport_cExport.cmake
[1.548s] -- Up-to-date: /home/rhobtor/PHD/ARGOJ8_IA/install/hector_gazebo_plugins/share/hector_gazebo_plugins/cmake/hector_gazebo_plugins__rosidl_typesupport_cExport-noconfig.cmake
[1.548s] -- Up-to-date: /home/rhobtor/PHD/ARGOJ8_IA/install/hector_gazebo_plugins/share/hector_gazebo_plugins/cmake/hector_gazebo_plugins__rosidl_typesupport_introspection_cppExport.cmake
[1.548s] -- Up-to-date: /home/rhobtor/PHD/ARGOJ8_IA/install/hector_gazebo_plugins/share/hector_gazebo_plugins/cmake/hector_gazebo_plugins__rosidl_typesupport_introspection_cppExport-noconfig.cmake
[1.548s] -- Up-to-date: /home/rhobtor/PHD/ARGOJ8_IA/install/hector_gazebo_plugins/share/hector_gazebo_plugins/cmake/hector_gazebo_plugins__rosidl_typesupport_cppExport.cmake
[1.548s] -- Up-to-date: /home/rhobtor/PHD/ARGOJ8_IA/install/hector_gazebo_plugins/share/hector_gazebo_plugins/cmake/hector_gazebo_plugins__rosidl_typesupport_cppExport-noconfig.cmake
[1.548s] -- Up-to-date: /home/rhobtor/PHD/ARGOJ8_IA/install/hector_gazebo_plugins/share/hector_gazebo_plugins/cmake/export_hector_gazebo_plugins__rosidl_generator_pyExport.cmake
[1.548s] -- Up-to-date: /home/rhobtor/PHD/ARGOJ8_IA/install/hector_gazebo_plugins/share/hector_gazebo_plugins/cmake/export_hector_gazebo_plugins__rosidl_generator_pyExport-noconfig.cmake
[1.548s] -- Up-to-date: /home/rhobtor/PHD/ARGOJ8_IA/install/hector_gazebo_plugins/share/hector_gazebo_plugins/cmake/rosidl_cmake-extras.cmake
[1.548s] -- Up-to-date: /home/rhobtor/PHD/ARGOJ8_IA/install/hector_gazebo_plugins/share/hector_gazebo_plugins/cmake/ament_cmake_export_dependencies-extras.cmake
[1.549s] -- Up-to-date: /home/rhobtor/PHD/ARGOJ8_IA/install/hector_gazebo_plugins/share/hector_gazebo_plugins/cmake/ament_cmake_export_include_directories-extras.cmake
[1.549s] -- Up-to-date: /home/rhobtor/PHD/ARGOJ8_IA/install/hector_gazebo_plugins/share/hector_gazebo_plugins/cmake/ament_cmake_export_libraries-extras.cmake
[1.549s] -- Up-to-date: /home/rhobtor/PHD/ARGOJ8_IA/install/hector_gazebo_plugins/share/hector_gazebo_plugins/cmake/ament_cmake_export_targets-extras.cmake
[1.549s] -- Up-to-date: /home/rhobtor/PHD/ARGOJ8_IA/install/hector_gazebo_plugins/share/hector_gazebo_plugins/cmake/rosidl_cmake_export_typesupport_targets-extras.cmake
[1.549s] -- Up-to-date: /home/rhobtor/PHD/ARGOJ8_IA/install/hector_gazebo_plugins/share/hector_gazebo_plugins/cmake/rosidl_cmake_export_typesupport_libraries-extras.cmake
[1.549s] -- Up-to-date: /home/rhobtor/PHD/ARGOJ8_IA/install/hector_gazebo_plugins/share/hector_gazebo_plugins/cmake/hector_gazebo_pluginsConfig.cmake
[1.549s] -- Up-to-date: /home/rhobtor/PHD/ARGOJ8_IA/install/hector_gazebo_plugins/share/hector_gazebo_plugins/cmake/hector_gazebo_pluginsConfig-version.cmake
[1.549s] -- Up-to-date: /home/rhobtor/PHD/ARGOJ8_IA/install/hector_gazebo_plugins/share/hector_gazebo_plugins/package.xml
[2.130s] Invoked command in '/home/rhobtor/PHD/ARGOJ8_IA/build/hector_gazebo_plugins' returned '0': CMAKE_PREFIX_PATH=${CMAKE_PREFIX_PATH}:/home/rhobtor/PHD/reactive/Reactive-Navegation/workspace_full_conected/install/car:/opt/ros/humble /opt/st/stm32cubeclt_1.18.0/CMake/bin/cmake --install /home/rhobtor/PHD/ARGOJ8_IA/build/hector_gazebo_plugins
