[  9%] Built target car_interfaces__rosidl_generator_c
[  9%] Built target ament_cmake_python_copy_car_interfaces
[ 12%] Built target car_interfaces__cpp
[ 22%] Built target car_interfaces__rosidl_typesupport_c
[ 32%] Built target car_interfaces__rosidl_typesupport_introspection_cpp
[ 41%] Built target car_interfaces__rosidl_typesupport_fastrtps_cpp
[ 51%] Built target car_interfaces__rosidl_typesupport_cpp
[ 61%] Built target car_interfaces__rosidl_typesupport_introspection_c
[ 70%] Built target car_interfaces__rosidl_typesupport_fastrtps_c
[ 70%] Built target car_interfaces
[ 74%] Built target car_interfaces__py
[ 80%] Built target car_interfaces__rosidl_generator_py
[ 87%] Built target car_interfaces__rosidl_typesupport_fastrtps_c__pyext
[ 93%] Built target car_interfaces__rosidl_typesupport_c__pyext
[100%] Built target car_interfaces__rosidl_typesupport_introspection_c__pyext
running egg_info
writing car_interfaces.egg-info/PKG-INFO
writing dependency_links to car_interfaces.egg-info/dependency_links.txt
writing top-level names to car_interfaces.egg-info/top_level.txt
reading manifest file 'car_interfaces.egg-info/SOURCES.txt'
writing manifest file 'car_interfaces.egg-info/SOURCES.txt'
gmake[1]: *** [CMakeFiles/Makefile2:448: CMakeFiles/ament_cmake_python_build_car_interfaces_egg.dir/all] Interrupt
gmake: *** [Makefile:146: all] Interrupt
