[0.072s] Invoking command in '/home/rhobtor/PHD/ARGOJ8_IA/build/car_interfaces': CMAKE_PREFIX_PATH=${CMAKE_PREFIX_PATH}:/home/rhobtor/PHD/ARGOJ8_IA/install/car:/home/rhobtor/PHD/reactive/Reactive-Navegation/workspace_full_conected/install/car:/opt/ros/humble /opt/st/stm32cubeclt_1.18.0/CMake/bin/cmake --build /home/rhobtor/PHD/ARGOJ8_IA/build/car_interfaces -- -j16 -l16
[0.157s] [  9%] Built target car_interfaces__rosidl_generator_c
[0.186s] [  9%] Built target ament_cmake_python_copy_car_interfaces
[0.244s] [ 12%] Built target car_interfaces__cpp
[0.256s] [ 22%] Built target car_interfaces__rosidl_typesupport_c
[0.422s] [ 32%] Built target car_interfaces__rosidl_typesupport_introspection_cpp
[0.424s] [ 41%] Built target car_interfaces__rosidl_typesupport_fastrtps_cpp
[0.429s] [ 51%] Built target car_interfaces__rosidl_typesupport_cpp
[0.437s] [ 61%] Built target car_interfaces__rosidl_typesupport_introspection_c
[0.439s] [ 70%] Built target car_interfaces__rosidl_typesupport_fastrtps_c
[0.447s] [ 70%] Built target car_interfaces
[0.454s] [ 74%] Built target car_interfaces__py
[0.535s] [ 80%] Built target car_interfaces__rosidl_generator_py
[0.560s] [ 87%] Built target car_interfaces__rosidl_typesupport_fastrtps_c__pyext
[0.565s] [ 93%] Built target car_interfaces__rosidl_typesupport_c__pyext
[0.575s] [100%] Built target car_interfaces__rosidl_typesupport_introspection_c__pyext
[0.672s] running egg_info
[0.672s] writing car_interfaces.egg-info/PKG-INFO
[0.672s] writing dependency_links to car_interfaces.egg-info/dependency_links.txt
[0.672s] writing top-level names to car_interfaces.egg-info/top_level.txt
[0.672s] reading manifest file 'car_interfaces.egg-info/SOURCES.txt'
[0.672s] writing manifest file 'car_interfaces.egg-info/SOURCES.txt'
[0.702s] gmake[1]: *** [CMakeFiles/Makefile2:448: CMakeFiles/ament_cmake_python_build_car_interfaces_egg.dir/all] Interrupt
[0.703s] gmake: *** [Makefile:146: all] Interrupt
[0.731s] Invoked command in '/home/rhobtor/PHD/ARGOJ8_IA/build/car_interfaces' returned '-2': CMAKE_PREFIX_PATH=${CMAKE_PREFIX_PATH}:/home/rhobtor/PHD/ARGOJ8_IA/install/car:/home/rhobtor/PHD/reactive/Reactive-Navegation/workspace_full_conected/install/car:/opt/ros/humble /opt/st/stm32cubeclt_1.18.0/CMake/bin/cmake --build /home/rhobtor/PHD/ARGOJ8_IA/build/car_interfaces -- -j16 -l16
