[  1%] Built target argj801_ctl_platform_interfaces__cpp
[ 12%] Built target argj801_ctl_platform_interfaces__rosidl_generator_c
[ 12%] Built target ament_cmake_python_copy_argj801_ctl_platform_interfaces
[ 23%] Built target argj801_ctl_platform_interfaces__rosidl_typesupport_cpp
[ 34%] Built target argj801_ctl_platform_interfaces__rosidl_typesupport_fastrtps_cpp
[ 45%] Built target argj801_ctl_platform_interfaces__rosidl_typesupport_introspection_cpp
[ 56%] Built target argj801_ctl_platform_interfaces__rosidl_typesupport_fastrtps_c
[ 67%] Built target argj801_ctl_platform_interfaces__rosidl_typesupport_introspection_c
[ 78%] Built target argj801_ctl_platform_interfaces__rosidl_typesupport_c
[ 78%] Built target argj801_ctl_platform_interfaces
[ 80%] Built target argj801_ctl_platform_interfaces__py
[ 89%] Built target argj801_ctl_platform_interfaces__rosidl_generator_py
[ 92%] Built target argj801_ctl_platform_interfaces__rosidl_typesupport_introspection_c__pyext
[ 96%] Built target argj801_ctl_platform_interfaces__rosidl_typesupport_fastrtps_c__pyext
[100%] Built target argj801_ctl_platform_interfaces__rosidl_typesupport_c__pyext
running egg_info
writing argj801_ctl_platform_interfaces.egg-info/PKG-INFO
writing dependency_links to argj801_ctl_platform_interfaces.egg-info/dependency_links.txt
writing top-level names to argj801_ctl_platform_interfaces.egg-info/top_level.txt
reading manifest file 'argj801_ctl_platform_interfaces.egg-info/SOURCES.txt'
writing manifest file 'argj801_ctl_platform_interfaces.egg-info/SOURCES.txt'
gmake[2]: *** [CMakeFiles/ament_cmake_python_build_argj801_ctl_platform_interfaces_egg.dir/build.make:70: CMakeFiles/ament_cmake_python_build_argj801_ctl_platform_interfaces_egg] Interrupt
gmake[1]: *** [CMakeFiles/Makefile2:447: CMakeFiles/ament_cmake_python_build_argj801_ctl_platform_interfaces_egg.dir/all] Interrupt
gmake: *** [Makefile:146: all] Interrupt
