[0.075s] Invoking command in '/home/rhobtor/PHD/ARGOJ8_IA/build/path_manager_interfaces': CMAKE_PREFIX_PATH=${CMAKE_PREFIX_PATH}:/home/rhobtor/PHD/ARGOJ8_IA/install/ntrip_client:/home/rhobtor/PHD/ARGOJ8_IA/install/car:/home/rhobtor/PHD/ARGOJ8_IA/install/android_ros2_server:/home/rhobtor/PHD/ARGOJ8_IA/install/GUI_pkg:/home/rhobtor/PHD/reactive/Reactive-Navegation/workspace_full_conected/install/car:/opt/ros/humble /opt/st/stm32cubeclt_1.18.0/CMake/bin/cmake --build /home/rhobtor/PHD/ARGOJ8_IA/build/path_manager_interfaces -- -j16 -l16
[0.954s] [  1%] Built target path_manager_interfaces__cpp
[0.954s] [  1%] Built target ament_cmake_python_copy_path_manager_interfaces
[0.955s] [ 19%] Built target path_manager_interfaces__rosidl_typesupport_cpp
[0.955s] [ 24%] Built target path_manager_interfaces__rosidl_generator_c
[0.955s] [ 35%] Built target path_manager_interfaces__rosidl_typesupport_introspection_cpp
[0.955s] [ 47%] Built target path_manager_interfaces__rosidl_typesupport_fastrtps_cpp
[0.956s] [ 58%] Built target path_manager_interfaces__rosidl_typesupport_introspection_c
[0.956s] [ 70%] Built target path_manager_interfaces__rosidl_typesupport_c
[0.956s] [ 81%] Built target path_manager_interfaces__rosidl_typesupport_fastrtps_c
[0.956s] [ 81%] Built target path_manager_interfaces
[0.956s] [ 82%] Built target path_manager_interfaces__py
[0.956s] [ 93%] Built target path_manager_interfaces__rosidl_generator_py
[0.956s] [ 97%] Built target path_manager_interfaces__rosidl_typesupport_introspection_c__pyext
[0.956s] [ 95%] Built target path_manager_interfaces__rosidl_typesupport_fastrtps_c__pyext
[0.958s] [100%] Built target path_manager_interfaces__rosidl_typesupport_c__pyext
[0.973s] running egg_info
[0.974s] writing path_manager_interfaces.egg-info/PKG-INFO
[0.974s] writing dependency_links to path_manager_interfaces.egg-info/dependency_links.txt
[0.974s] writing top-level names to path_manager_interfaces.egg-info/top_level.txt
[0.980s] reading manifest file 'path_manager_interfaces.egg-info/SOURCES.txt'
[0.980s] writing manifest file 'path_manager_interfaces.egg-info/SOURCES.txt'
[1.021s] [100%] Built target ament_cmake_python_build_path_manager_interfaces_egg
[1.307s] Invoked command in '/home/rhobtor/PHD/ARGOJ8_IA/build/path_manager_interfaces' returned '0': CMAKE_PREFIX_PATH=${CMAKE_PREFIX_PATH}:/home/rhobtor/PHD/ARGOJ8_IA/install/ntrip_client:/home/rhobtor/PHD/ARGOJ8_IA/install/car:/home/rhobtor/PHD/ARGOJ8_IA/install/android_ros2_server:/home/rhobtor/PHD/ARGOJ8_IA/install/GUI_pkg:/home/rhobtor/PHD/reactive/Reactive-Navegation/workspace_full_conected/install/car:/opt/ros/humble /opt/st/stm32cubeclt_1.18.0/CMake/bin/cmake --build /home/rhobtor/PHD/ARGOJ8_IA/build/path_manager_interfaces -- -j16 -l16
[1.310s] Invoking command in '/home/rhobtor/PHD/ARGOJ8_IA/build/path_manager_interfaces': CMAKE_PREFIX_PATH=${CMAKE_PREFIX_PATH}:/home/rhobtor/PHD/ARGOJ8_IA/install/ntrip_client:/home/rhobtor/PHD/ARGOJ8_IA/install/car:/home/rhobtor/PHD/ARGOJ8_IA/install/android_ros2_server:/home/rhobtor/PHD/ARGOJ8_IA/install/GUI_pkg:/home/rhobtor/PHD/reactive/Reactive-Navegation/workspace_full_conected/install/car:/opt/ros/humble /opt/st/stm32cubeclt_1.18.0/CMake/bin/cmake --install /home/rhobtor/PHD/ARGOJ8_IA/build/path_manager_interfaces
[1.328s] -- Install configuration: ""
[1.329s] -- Up-to-date: /home/rhobtor/PHD/ARGOJ8_IA/install/path_manager_interfaces/share/ament_index/resource_index/rosidl_interfaces/path_manager_interfaces
[1.329s] -- Up-to-date: /home/rhobtor/PHD/ARGOJ8_IA/install/path_manager_interfaces/include/path_manager_interfaces/path_manager_interfaces
[1.329s] -- Up-to-date: /home/rhobtor/PHD/ARGOJ8_IA/install/path_manager_interfaces/include/path_manager_interfaces/path_manager_interfaces/srv
[1.329s] -- Up-to-date: /home/rhobtor/PHD/ARGOJ8_IA/install/path_manager_interfaces/include/path_manager_interfaces/path_manager_interfaces/srv/plan_path.h
[1.330s] -- Up-to-date: /home/rhobtor/PHD/ARGOJ8_IA/install/path_manager_interfaces/include/path_manager_interfaces/path_manager_interfaces/srv/assist_emergency.h
[1.330s] -- Up-to-date: /home/rhobtor/PHD/ARGOJ8_IA/install/path_manager_interfaces/include/path_manager_interfaces/path_manager_interfaces/srv/robot_path.h
[1.330s] -- Up-to-date: /home/rhobtor/PHD/ARGOJ8_IA/install/path_manager_interfaces/include/path_manager_interfaces/path_manager_interfaces/srv/return_robot_path.h
[1.330s] -- Up-to-date: /home/rhobtor/PHD/ARGOJ8_IA/install/path_manager_interfaces/include/path_manager_interfaces/path_manager_interfaces/srv/get_ll_path.h
[1.330s] -- Up-to-date: /home/rhobtor/PHD/ARGOJ8_IA/install/path_manager_interfaces/include/path_manager_interfaces/path_manager_interfaces/srv/detail
[1.331s] -- Up-to-date: /home/rhobtor/PHD/ARGOJ8_IA/install/path_manager_interfaces/include/path_manager_interfaces/path_manager_interfaces/srv/detail/robot_path__functions.h
[1.331s] -- Up-to-date: /home/rhobtor/PHD/ARGOJ8_IA/install/path_manager_interfaces/include/path_manager_interfaces/path_manager_interfaces/srv/detail/read_path_from_file__functions.c
[1.331s] -- Up-to-date: /home/rhobtor/PHD/ARGOJ8_IA/install/path_manager_interfaces/include/path_manager_interfaces/path_manager_interfaces/srv/detail/return_robot_path__type_support.h
[1.331s] -- Up-to-date: /home/rhobtor/PHD/ARGOJ8_IA/install/path_manager_interfaces/include/path_manager_interfaces/path_manager_interfaces/srv/detail/write_path_to_file__functions.h
[1.331s] -- Up-to-date: /home/rhobtor/PHD/ARGOJ8_IA/install/path_manager_interfaces/include/path_manager_interfaces/path_manager_interfaces/srv/detail/plan_path__functions.c
[1.332s] -- Up-to-date: /home/rhobtor/PHD/ARGOJ8_IA/install/path_manager_interfaces/include/path_manager_interfaces/path_manager_interfaces/srv/detail/return_robot_path__struct.h
[1.332s] -- Up-to-date: /home/rhobtor/PHD/ARGOJ8_IA/install/path_manager_interfaces/include/path_manager_interfaces/path_manager_interfaces/srv/detail/get_fix_frame_path__functions.c
[1.332s] -- Up-to-date: /home/rhobtor/PHD/ARGOJ8_IA/install/path_manager_interfaces/include/path_manager_interfaces/path_manager_interfaces/srv/detail/assist_emergency__struct.h
[1.332s] -- Up-to-date: /home/rhobtor/PHD/ARGOJ8_IA/install/path_manager_interfaces/include/path_manager_interfaces/path_manager_interfaces/srv/detail/plan_path__type_support.h
[1.333s] -- Up-to-date: /home/rhobtor/PHD/ARGOJ8_IA/install/path_manager_interfaces/include/path_manager_interfaces/path_manager_interfaces/srv/detail/assist_emergency__functions.c
[1.333s] -- Up-to-date: /home/rhobtor/PHD/ARGOJ8_IA/install/path_manager_interfaces/include/path_manager_interfaces/path_manager_interfaces/srv/detail/read_path_from_file__type_support.h
[1.333s] -- Up-to-date: /home/rhobtor/PHD/ARGOJ8_IA/install/path_manager_interfaces/include/path_manager_interfaces/path_manager_interfaces/srv/detail/get_ll_path__functions.h
[1.333s] -- Up-to-date: /home/rhobtor/PHD/ARGOJ8_IA/install/path_manager_interfaces/include/path_manager_interfaces/path_manager_interfaces/srv/detail/get_ll_path__type_support.h
[1.333s] -- Up-to-date: /home/rhobtor/PHD/ARGOJ8_IA/install/path_manager_interfaces/include/path_manager_interfaces/path_manager_interfaces/srv/detail/assist_emergency__type_support.h
[1.334s] -- Up-to-date: /home/rhobtor/PHD/ARGOJ8_IA/install/path_manager_interfaces/include/path_manager_interfaces/path_manager_interfaces/srv/detail/write_path_to_file__functions.c
[1.334s] -- Up-to-date: /home/rhobtor/PHD/ARGOJ8_IA/install/path_manager_interfaces/include/path_manager_interfaces/path_manager_interfaces/srv/detail/robot_path__functions.c
[1.334s] -- Up-to-date: /home/rhobtor/PHD/ARGOJ8_IA/install/path_manager_interfaces/include/path_manager_interfaces/path_manager_interfaces/srv/detail/robot_path__type_support.h
[1.334s] -- Up-to-date: /home/rhobtor/PHD/ARGOJ8_IA/install/path_manager_interfaces/include/path_manager_interfaces/path_manager_interfaces/srv/detail/return_robot_path__functions.h
[1.334s] -- Up-to-date: /home/rhobtor/PHD/ARGOJ8_IA/install/path_manager_interfaces/include/path_manager_interfaces/path_manager_interfaces/srv/detail/get_fix_frame_path__functions.h
[1.334s] -- Up-to-date: /home/rhobtor/PHD/ARGOJ8_IA/install/path_manager_interfaces/include/path_manager_interfaces/path_manager_interfaces/srv/detail/read_path_from_file__struct.h
[1.334s] -- Up-to-date: /home/rhobtor/PHD/ARGOJ8_IA/install/path_manager_interfaces/include/path_manager_interfaces/path_manager_interfaces/srv/detail/plan_path__struct.h
[1.334s] -- Up-to-date: /home/rhobtor/PHD/ARGOJ8_IA/install/path_manager_interfaces/include/path_manager_interfaces/path_manager_interfaces/srv/detail/assist_emergency__functions.h
[1.334s] -- Up-to-date: /home/rhobtor/PHD/ARGOJ8_IA/install/path_manager_interfaces/include/path_manager_interfaces/path_manager_interfaces/srv/detail/write_path_to_file__struct.h
[1.334s] -- Up-to-date: /home/rhobtor/PHD/ARGOJ8_IA/install/path_manager_interfaces/include/path_manager_interfaces/path_manager_interfaces/srv/detail/get_fix_frame_path__struct.h
[1.334s] -- Up-to-date: /home/rhobtor/PHD/ARGOJ8_IA/install/path_manager_interfaces/include/path_manager_interfaces/path_manager_interfaces/srv/detail/get_ll_path__functions.c
[1.334s] -- Up-to-date: /home/rhobtor/PHD/ARGOJ8_IA/install/path_manager_interfaces/include/path_manager_interfaces/path_manager_interfaces/srv/detail/write_path_to_file__type_support.h
[1.334s] -- Up-to-date: /home/rhobtor/PHD/ARGOJ8_IA/install/path_manager_interfaces/include/path_manager_interfaces/path_manager_interfaces/srv/detail/return_robot_path__functions.c
[1.334s] -- Up-to-date: /home/rhobtor/PHD/ARGOJ8_IA/install/path_manager_interfaces/include/path_manager_interfaces/path_manager_interfaces/srv/detail/get_ll_path__struct.h
[1.334s] -- Up-to-date: /home/rhobtor/PHD/ARGOJ8_IA/install/path_manager_interfaces/include/path_manager_interfaces/path_manager_interfaces/srv/detail/robot_path__struct.h
[1.335s] -- Up-to-date: /home/rhobtor/PHD/ARGOJ8_IA/install/path_manager_interfaces/include/path_manager_interfaces/path_manager_interfaces/srv/detail/read_path_from_file__functions.h
[1.335s] -- Up-to-date: /home/rhobtor/PHD/ARGOJ8_IA/install/path_manager_interfaces/include/path_manager_interfaces/path_manager_interfaces/srv/detail/plan_path__functions.h
[1.335s] -- Up-to-date: /home/rhobtor/PHD/ARGOJ8_IA/install/path_manager_interfaces/include/path_manager_interfaces/path_manager_interfaces/srv/detail/get_fix_frame_path__type_support.h
[1.335s] -- Up-to-date: /home/rhobtor/PHD/ARGOJ8_IA/install/path_manager_interfaces/include/path_manager_interfaces/path_manager_interfaces/srv/get_fix_frame_path.h
[1.335s] -- Up-to-date: /home/rhobtor/PHD/ARGOJ8_IA/install/path_manager_interfaces/include/path_manager_interfaces/path_manager_interfaces/srv/write_path_to_file.h
[1.335s] -- Up-to-date: /home/rhobtor/PHD/ARGOJ8_IA/install/path_manager_interfaces/include/path_manager_interfaces/path_manager_interfaces/srv/read_path_from_file.h
[1.335s] -- Up-to-date: /home/rhobtor/PHD/ARGOJ8_IA/install/path_manager_interfaces/include/path_manager_interfaces/path_manager_interfaces/msg
[1.335s] -- Up-to-date: /home/rhobtor/PHD/ARGOJ8_IA/install/path_manager_interfaces/include/path_manager_interfaces/path_manager_interfaces/msg/rosidl_generator_c__visibility_control.h
[1.335s] -- Up-to-date: /home/rhobtor/PHD/ARGOJ8_IA/install/path_manager_interfaces/share/path_manager_interfaces/environment/library_path.sh
[1.335s] -- Up-to-date: /home/rhobtor/PHD/ARGOJ8_IA/install/path_manager_interfaces/share/path_manager_interfaces/environment/library_path.dsv
[1.335s] -- Up-to-date: /home/rhobtor/PHD/ARGOJ8_IA/install/path_manager_interfaces/lib/libpath_manager_interfaces__rosidl_generator_c.so
[1.335s] -- Up-to-date: /home/rhobtor/PHD/ARGOJ8_IA/install/path_manager_interfaces/include/path_manager_interfaces/path_manager_interfaces
[1.335s] -- Up-to-date: /home/rhobtor/PHD/ARGOJ8_IA/install/path_manager_interfaces/include/path_manager_interfaces/path_manager_interfaces/srv
[1.335s] -- Up-to-date: /home/rhobtor/PHD/ARGOJ8_IA/install/path_manager_interfaces/include/path_manager_interfaces/path_manager_interfaces/srv/detail
[1.335s] -- Up-to-date: /home/rhobtor/PHD/ARGOJ8_IA/install/path_manager_interfaces/include/path_manager_interfaces/path_manager_interfaces/srv/detail/get_fix_frame_path__rosidl_typesupport_fastrtps_c.h
[1.335s] -- Up-to-date: /home/rhobtor/PHD/ARGOJ8_IA/install/path_manager_interfaces/include/path_manager_interfaces/path_manager_interfaces/srv/detail/get_ll_path__rosidl_typesupport_fastrtps_c.h
[1.336s] -- Up-to-date: /home/rhobtor/PHD/ARGOJ8_IA/install/path_manager_interfaces/include/path_manager_interfaces/path_manager_interfaces/srv/detail/assist_emergency__rosidl_typesupport_fastrtps_c.h
[1.336s] -- Up-to-date: /home/rhobtor/PHD/ARGOJ8_IA/install/path_manager_interfaces/include/path_manager_interfaces/path_manager_interfaces/srv/detail/write_path_to_file__rosidl_typesupport_fastrtps_c.h
[1.336s] -- Up-to-date: /home/rhobtor/PHD/ARGOJ8_IA/install/path_manager_interfaces/include/path_manager_interfaces/path_manager_interfaces/srv/detail/return_robot_path__rosidl_typesupport_fastrtps_c.h
[1.336s] -- Up-to-date: /home/rhobtor/PHD/ARGOJ8_IA/install/path_manager_interfaces/include/path_manager_interfaces/path_manager_interfaces/srv/detail/robot_path__rosidl_typesupport_fastrtps_c.h
[1.336s] -- Up-to-date: /home/rhobtor/PHD/ARGOJ8_IA/install/path_manager_interfaces/include/path_manager_interfaces/path_manager_interfaces/srv/detail/plan_path__rosidl_typesupport_fastrtps_c.h
[1.336s] -- Up-to-date: /home/rhobtor/PHD/ARGOJ8_IA/install/path_manager_interfaces/include/path_manager_interfaces/path_manager_interfaces/srv/detail/read_path_from_file__rosidl_typesupport_fastrtps_c.h
[1.336s] -- Up-to-date: /home/rhobtor/PHD/ARGOJ8_IA/install/path_manager_interfaces/include/path_manager_interfaces/path_manager_interfaces/msg
[1.336s] -- Up-to-date: /home/rhobtor/PHD/ARGOJ8_IA/install/path_manager_interfaces/include/path_manager_interfaces/path_manager_interfaces/msg/rosidl_typesupport_fastrtps_c__visibility_control.h
[1.336s] -- Up-to-date: /home/rhobtor/PHD/ARGOJ8_IA/install/path_manager_interfaces/lib/libpath_manager_interfaces__rosidl_typesupport_fastrtps_c.so
[1.336s] -- Up-to-date: /home/rhobtor/PHD/ARGOJ8_IA/install/path_manager_interfaces/include/path_manager_interfaces/path_manager_interfaces
[1.336s] -- Up-to-date: /home/rhobtor/PHD/ARGOJ8_IA/install/path_manager_interfaces/include/path_manager_interfaces/path_manager_interfaces/srv
[1.336s] -- Up-to-date: /home/rhobtor/PHD/ARGOJ8_IA/install/path_manager_interfaces/include/path_manager_interfaces/path_manager_interfaces/srv/detail
[1.336s] -- Up-to-date: /home/rhobtor/PHD/ARGOJ8_IA/install/path_manager_interfaces/include/path_manager_interfaces/path_manager_interfaces/srv/detail/robot_path__rosidl_typesupport_introspection_c.h
[1.336s] -- Up-to-date: /home/rhobtor/PHD/ARGOJ8_IA/install/path_manager_interfaces/include/path_manager_interfaces/path_manager_interfaces/srv/detail/get_ll_path__type_support.c
[1.336s] -- Up-to-date: /home/rhobtor/PHD/ARGOJ8_IA/install/path_manager_interfaces/include/path_manager_interfaces/path_manager_interfaces/srv/detail/assist_emergency__rosidl_typesupport_introspection_c.h
[1.336s] -- Up-to-date: /home/rhobtor/PHD/ARGOJ8_IA/install/path_manager_interfaces/include/path_manager_interfaces/path_manager_interfaces/srv/detail/write_path_to_file__type_support.c
[1.336s] -- Up-to-date: /home/rhobtor/PHD/ARGOJ8_IA/install/path_manager_interfaces/include/path_manager_interfaces/path_manager_interfaces/srv/detail/read_path_from_file__type_support.c
[1.336s] -- Up-to-date: /home/rhobtor/PHD/ARGOJ8_IA/install/path_manager_interfaces/include/path_manager_interfaces/path_manager_interfaces/srv/detail/read_path_from_file__rosidl_typesupport_introspection_c.h
[1.336s] -- Up-to-date: /home/rhobtor/PHD/ARGOJ8_IA/install/path_manager_interfaces/include/path_manager_interfaces/path_manager_interfaces/srv/detail/return_robot_path__rosidl_typesupport_introspection_c.h
[1.337s] -- Up-to-date: /home/rhobtor/PHD/ARGOJ8_IA/install/path_manager_interfaces/include/path_manager_interfaces/path_manager_interfaces/srv/detail/get_fix_frame_path__rosidl_typesupport_introspection_c.h
[1.337s] -- Up-to-date: /home/rhobtor/PHD/ARGOJ8_IA/install/path_manager_interfaces/include/path_manager_interfaces/path_manager_interfaces/srv/detail/plan_path__rosidl_typesupport_introspection_c.h
[1.337s] -- Up-to-date: /home/rhobtor/PHD/ARGOJ8_IA/install/path_manager_interfaces/include/path_manager_interfaces/path_manager_interfaces/srv/detail/return_robot_path__type_support.c
[1.338s] -- Up-to-date: /home/rhobtor/PHD/ARGOJ8_IA/install/path_manager_interfaces/include/path_manager_interfaces/path_manager_interfaces/srv/detail/write_path_to_file__rosidl_typesupport_introspection_c.h
[1.338s] -- Up-to-date: /home/rhobtor/PHD/ARGOJ8_IA/install/path_manager_interfaces/include/path_manager_interfaces/path_manager_interfaces/srv/detail/get_ll_path__rosidl_typesupport_introspection_c.h
[1.338s] -- Up-to-date: /home/rhobtor/PHD/ARGOJ8_IA/install/path_manager_interfaces/include/path_manager_interfaces/path_manager_interfaces/srv/detail/robot_path__type_support.c
[1.338s] -- Up-to-date: /home/rhobtor/PHD/ARGOJ8_IA/install/path_manager_interfaces/include/path_manager_interfaces/path_manager_interfaces/srv/detail/plan_path__type_support.c
[1.338s] -- Up-to-date: /home/rhobtor/PHD/ARGOJ8_IA/install/path_manager_interfaces/include/path_manager_interfaces/path_manager_interfaces/srv/detail/get_fix_frame_path__type_support.c
[1.338s] -- Up-to-date: /home/rhobtor/PHD/ARGOJ8_IA/install/path_manager_interfaces/include/path_manager_interfaces/path_manager_interfaces/srv/detail/assist_emergency__type_support.c
[1.338s] -- Up-to-date: /home/rhobtor/PHD/ARGOJ8_IA/install/path_manager_interfaces/include/path_manager_interfaces/path_manager_interfaces/msg
[1.338s] -- Up-to-date: /home/rhobtor/PHD/ARGOJ8_IA/install/path_manager_interfaces/include/path_manager_interfaces/path_manager_interfaces/msg/rosidl_typesupport_introspection_c__visibility_control.h
[1.338s] -- Up-to-date: /home/rhobtor/PHD/ARGOJ8_IA/install/path_manager_interfaces/lib/libpath_manager_interfaces__rosidl_typesupport_introspection_c.so
[1.338s] -- Up-to-date: /home/rhobtor/PHD/ARGOJ8_IA/install/path_manager_interfaces/lib/libpath_manager_interfaces__rosidl_typesupport_c.so
[1.338s] -- Up-to-date: /home/rhobtor/PHD/ARGOJ8_IA/install/path_manager_interfaces/include/path_manager_interfaces/path_manager_interfaces
[1.338s] -- Up-to-date: /home/rhobtor/PHD/ARGOJ8_IA/install/path_manager_interfaces/include/path_manager_interfaces/path_manager_interfaces/srv
[1.338s] -- Up-to-date: /home/rhobtor/PHD/ARGOJ8_IA/install/path_manager_interfaces/include/path_manager_interfaces/path_manager_interfaces/srv/robot_path.hpp
[1.338s] -- Up-to-date: /home/rhobtor/PHD/ARGOJ8_IA/install/path_manager_interfaces/include/path_manager_interfaces/path_manager_interfaces/srv/get_fix_frame_path.hpp
[1.338s] -- Up-to-date: /home/rhobtor/PHD/ARGOJ8_IA/install/path_manager_interfaces/include/path_manager_interfaces/path_manager_interfaces/srv/write_path_to_file.hpp
[1.338s] -- Up-to-date: /home/rhobtor/PHD/ARGOJ8_IA/install/path_manager_interfaces/include/path_manager_interfaces/path_manager_interfaces/srv/detail
[1.338s] -- Up-to-date: /home/rhobtor/PHD/ARGOJ8_IA/install/path_manager_interfaces/include/path_manager_interfaces/path_manager_interfaces/srv/detail/read_path_from_file__type_support.hpp
[1.339s] -- Up-to-date: /home/rhobtor/PHD/ARGOJ8_IA/install/path_manager_interfaces/include/path_manager_interfaces/path_manager_interfaces/srv/detail/write_path_to_file__type_support.hpp
[1.339s] -- Up-to-date: /home/rhobtor/PHD/ARGOJ8_IA/install/path_manager_interfaces/include/path_manager_interfaces/path_manager_interfaces/srv/detail/return_robot_path__builder.hpp
[1.339s] -- Up-to-date: /home/rhobtor/PHD/ARGOJ8_IA/install/path_manager_interfaces/include/path_manager_interfaces/path_manager_interfaces/srv/detail/robot_path__type_support.hpp
[1.339s] -- Up-to-date: /home/rhobtor/PHD/ARGOJ8_IA/install/path_manager_interfaces/include/path_manager_interfaces/path_manager_interfaces/srv/detail/robot_path__struct.hpp
[1.339s] -- Up-to-date: /home/rhobtor/PHD/ARGOJ8_IA/install/path_manager_interfaces/include/path_manager_interfaces/path_manager_interfaces/srv/detail/write_path_to_file__builder.hpp
[1.339s] -- Up-to-date: /home/rhobtor/PHD/ARGOJ8_IA/install/path_manager_interfaces/include/path_manager_interfaces/path_manager_interfaces/srv/detail/get_ll_path__builder.hpp
[1.339s] -- Up-to-date: /home/rhobtor/PHD/ARGOJ8_IA/install/path_manager_interfaces/include/path_manager_interfaces/path_manager_interfaces/srv/detail/return_robot_path__traits.hpp
[1.339s] -- Up-to-date: /home/rhobtor/PHD/ARGOJ8_IA/install/path_manager_interfaces/include/path_manager_interfaces/path_manager_interfaces/srv/detail/read_path_from_file__struct.hpp
[1.339s] -- Up-to-date: /home/rhobtor/PHD/ARGOJ8_IA/install/path_manager_interfaces/include/path_manager_interfaces/path_manager_interfaces/srv/detail/plan_path__struct.hpp
[1.339s] -- Up-to-date: /home/rhobtor/PHD/ARGOJ8_IA/install/path_manager_interfaces/include/path_manager_interfaces/path_manager_interfaces/srv/detail/return_robot_path__type_support.hpp
[1.339s] -- Up-to-date: /home/rhobtor/PHD/ARGOJ8_IA/install/path_manager_interfaces/include/path_manager_interfaces/path_manager_interfaces/srv/detail/get_ll_path__struct.hpp
[1.339s] -- Up-to-date: /home/rhobtor/PHD/ARGOJ8_IA/install/path_manager_interfaces/include/path_manager_interfaces/path_manager_interfaces/srv/detail/get_fix_frame_path__type_support.hpp
[1.339s] -- Up-to-date: /home/rhobtor/PHD/ARGOJ8_IA/install/path_manager_interfaces/include/path_manager_interfaces/path_manager_interfaces/srv/detail/write_path_to_file__traits.hpp
[1.339s] -- Up-to-date: /home/rhobtor/PHD/ARGOJ8_IA/install/path_manager_interfaces/include/path_manager_interfaces/path_manager_interfaces/srv/detail/plan_path__builder.hpp
[1.339s] -- Up-to-date: /home/rhobtor/PHD/ARGOJ8_IA/install/path_manager_interfaces/include/path_manager_interfaces/path_manager_interfaces/srv/detail/get_fix_frame_path__struct.hpp
[1.339s] -- Up-to-date: /home/rhobtor/PHD/ARGOJ8_IA/install/path_manager_interfaces/include/path_manager_interfaces/path_manager_interfaces/srv/detail/assist_emergency__type_support.hpp
[1.339s] -- Up-to-date: /home/rhobtor/PHD/ARGOJ8_IA/install/path_manager_interfaces/include/path_manager_interfaces/path_manager_interfaces/srv/detail/get_ll_path__type_support.hpp
[1.339s] -- Up-to-date: /home/rhobtor/PHD/ARGOJ8_IA/install/path_manager_interfaces/include/path_manager_interfaces/path_manager_interfaces/srv/detail/return_robot_path__struct.hpp
[1.339s] -- Up-to-date: /home/rhobtor/PHD/ARGOJ8_IA/install/path_manager_interfaces/include/path_manager_interfaces/path_manager_interfaces/srv/detail/plan_path__traits.hpp
[1.339s] -- Up-to-date: /home/rhobtor/PHD/ARGOJ8_IA/install/path_manager_interfaces/include/path_manager_interfaces/path_manager_interfaces/srv/detail/get_fix_frame_path__builder.hpp
[1.340s] -- Up-to-date: /home/rhobtor/PHD/ARGOJ8_IA/install/path_manager_interfaces/include/path_manager_interfaces/path_manager_interfaces/srv/detail/plan_path__type_support.hpp
[1.340s] -- Up-to-date: /home/rhobtor/PHD/ARGOJ8_IA/install/path_manager_interfaces/include/path_manager_interfaces/path_manager_interfaces/srv/detail/assist_emergency__builder.hpp
[1.340s] -- Up-to-date: /home/rhobtor/PHD/ARGOJ8_IA/install/path_manager_interfaces/include/path_manager_interfaces/path_manager_interfaces/srv/detail/get_fix_frame_path__traits.hpp
[1.340s] -- Up-to-date: /home/rhobtor/PHD/ARGOJ8_IA/install/path_manager_interfaces/include/path_manager_interfaces/path_manager_interfaces/srv/detail/read_path_from_file__builder.hpp
[1.340s] -- Up-to-date: /home/rhobtor/PHD/ARGOJ8_IA/install/path_manager_interfaces/include/path_manager_interfaces/path_manager_interfaces/srv/detail/assist_emergency__struct.hpp
[1.340s] -- Up-to-date: /home/rhobtor/PHD/ARGOJ8_IA/install/path_manager_interfaces/include/path_manager_interfaces/path_manager_interfaces/srv/detail/assist_emergency__traits.hpp
[1.340s] -- Up-to-date: /home/rhobtor/PHD/ARGOJ8_IA/install/path_manager_interfaces/include/path_manager_interfaces/path_manager_interfaces/srv/detail/robot_path__traits.hpp
[1.340s] -- Up-to-date: /home/rhobtor/PHD/ARGOJ8_IA/install/path_manager_interfaces/include/path_manager_interfaces/path_manager_interfaces/srv/detail/write_path_to_file__struct.hpp
[1.342s] -- Up-to-date: /home/rhobtor/PHD/ARGOJ8_IA/install/path_manager_interfaces/include/path_manager_interfaces/path_manager_interfaces/srv/detail/robot_path__builder.hpp
[1.342s] -- Up-to-date: /home/rhobtor/PHD/ARGOJ8_IA/install/path_manager_interfaces/include/path_manager_interfaces/path_manager_interfaces/srv/detail/read_path_from_file__traits.hpp
[1.342s] -- Up-to-date: /home/rhobtor/PHD/ARGOJ8_IA/install/path_manager_interfaces/include/path_manager_interfaces/path_manager_interfaces/srv/detail/get_ll_path__traits.hpp
[1.342s] -- Up-to-date: /home/rhobtor/PHD/ARGOJ8_IA/install/path_manager_interfaces/include/path_manager_interfaces/path_manager_interfaces/srv/return_robot_path.hpp
[1.342s] -- Up-to-date: /home/rhobtor/PHD/ARGOJ8_IA/install/path_manager_interfaces/include/path_manager_interfaces/path_manager_interfaces/srv/plan_path.hpp
[1.342s] -- Up-to-date: /home/rhobtor/PHD/ARGOJ8_IA/install/path_manager_interfaces/include/path_manager_interfaces/path_manager_interfaces/srv/read_path_from_file.hpp
[1.342s] -- Up-to-date: /home/rhobtor/PHD/ARGOJ8_IA/install/path_manager_interfaces/include/path_manager_interfaces/path_manager_interfaces/srv/assist_emergency.hpp
[1.342s] -- Up-to-date: /home/rhobtor/PHD/ARGOJ8_IA/install/path_manager_interfaces/include/path_manager_interfaces/path_manager_interfaces/srv/get_ll_path.hpp
[1.342s] -- Up-to-date: /home/rhobtor/PHD/ARGOJ8_IA/install/path_manager_interfaces/include/path_manager_interfaces/path_manager_interfaces/msg
[1.343s] -- Up-to-date: /home/rhobtor/PHD/ARGOJ8_IA/install/path_manager_interfaces/include/path_manager_interfaces/path_manager_interfaces/msg/rosidl_generator_cpp__visibility_control.hpp
[1.343s] -- Up-to-date: /home/rhobtor/PHD/ARGOJ8_IA/install/path_manager_interfaces/include/path_manager_interfaces/path_manager_interfaces
[1.343s] -- Up-to-date: /home/rhobtor/PHD/ARGOJ8_IA/install/path_manager_interfaces/include/path_manager_interfaces/path_manager_interfaces/srv
[1.343s] -- Up-to-date: /home/rhobtor/PHD/ARGOJ8_IA/install/path_manager_interfaces/include/path_manager_interfaces/path_manager_interfaces/srv/detail
[1.343s] -- Up-to-date: /home/rhobtor/PHD/ARGOJ8_IA/install/path_manager_interfaces/include/path_manager_interfaces/path_manager_interfaces/srv/detail/robot_path__rosidl_typesupport_fastrtps_cpp.hpp
[1.343s] -- Up-to-date: /home/rhobtor/PHD/ARGOJ8_IA/install/path_manager_interfaces/include/path_manager_interfaces/path_manager_interfaces/srv/detail/plan_path__rosidl_typesupport_fastrtps_cpp.hpp
[1.343s] -- Up-to-date: /home/rhobtor/PHD/ARGOJ8_IA/install/path_manager_interfaces/include/path_manager_interfaces/path_manager_interfaces/srv/detail/write_path_to_file__rosidl_typesupport_fastrtps_cpp.hpp
[1.343s] -- Up-to-date: /home/rhobtor/PHD/ARGOJ8_IA/install/path_manager_interfaces/include/path_manager_interfaces/path_manager_interfaces/srv/detail/return_robot_path__rosidl_typesupport_fastrtps_cpp.hpp
[1.343s] -- Up-to-date: /home/rhobtor/PHD/ARGOJ8_IA/install/path_manager_interfaces/include/path_manager_interfaces/path_manager_interfaces/srv/detail/get_fix_frame_path__rosidl_typesupport_fastrtps_cpp.hpp
[1.343s] -- Up-to-date: /home/rhobtor/PHD/ARGOJ8_IA/install/path_manager_interfaces/include/path_manager_interfaces/path_manager_interfaces/srv/detail/get_ll_path__rosidl_typesupport_fastrtps_cpp.hpp
[1.343s] -- Up-to-date: /home/rhobtor/PHD/ARGOJ8_IA/install/path_manager_interfaces/include/path_manager_interfaces/path_manager_interfaces/srv/detail/dds_fastrtps
[1.343s] -- Up-to-date: /home/rhobtor/PHD/ARGOJ8_IA/install/path_manager_interfaces/include/path_manager_interfaces/path_manager_interfaces/srv/detail/read_path_from_file__rosidl_typesupport_fastrtps_cpp.hpp
[1.343s] -- Up-to-date: /home/rhobtor/PHD/ARGOJ8_IA/install/path_manager_interfaces/include/path_manager_interfaces/path_manager_interfaces/srv/detail/assist_emergency__rosidl_typesupport_fastrtps_cpp.hpp
[1.343s] -- Up-to-date: /home/rhobtor/PHD/ARGOJ8_IA/install/path_manager_interfaces/include/path_manager_interfaces/path_manager_interfaces/msg
[1.343s] -- Up-to-date: /home/rhobtor/PHD/ARGOJ8_IA/install/path_manager_interfaces/include/path_manager_interfaces/path_manager_interfaces/msg/rosidl_typesupport_fastrtps_cpp__visibility_control.h
[1.344s] -- Up-to-date: /home/rhobtor/PHD/ARGOJ8_IA/install/path_manager_interfaces/lib/libpath_manager_interfaces__rosidl_typesupport_fastrtps_cpp.so
[1.344s] -- Up-to-date: /home/rhobtor/PHD/ARGOJ8_IA/install/path_manager_interfaces/include/path_manager_interfaces/path_manager_interfaces
[1.344s] -- Up-to-date: /home/rhobtor/PHD/ARGOJ8_IA/install/path_manager_interfaces/include/path_manager_interfaces/path_manager_interfaces/srv
[1.344s] -- Up-to-date: /home/rhobtor/PHD/ARGOJ8_IA/install/path_manager_interfaces/include/path_manager_interfaces/path_manager_interfaces/srv/detail
[1.344s] -- Up-to-date: /home/rhobtor/PHD/ARGOJ8_IA/install/path_manager_interfaces/include/path_manager_interfaces/path_manager_interfaces/srv/detail/robot_path__rosidl_typesupport_introspection_cpp.hpp
[1.344s] -- Up-to-date: /home/rhobtor/PHD/ARGOJ8_IA/install/path_manager_interfaces/include/path_manager_interfaces/path_manager_interfaces/srv/detail/get_fix_frame_path__type_support.cpp
[1.344s] -- Up-to-date: /home/rhobtor/PHD/ARGOJ8_IA/install/path_manager_interfaces/include/path_manager_interfaces/path_manager_interfaces/srv/detail/get_fix_frame_path__rosidl_typesupport_introspection_cpp.hpp
[1.344s] -- Up-to-date: /home/rhobtor/PHD/ARGOJ8_IA/install/path_manager_interfaces/include/path_manager_interfaces/path_manager_interfaces/srv/detail/assist_emergency__type_support.cpp
[1.344s] -- Up-to-date: /home/rhobtor/PHD/ARGOJ8_IA/install/path_manager_interfaces/include/path_manager_interfaces/path_manager_interfaces/srv/detail/plan_path__type_support.cpp
[1.344s] -- Up-to-date: /home/rhobtor/PHD/ARGOJ8_IA/install/path_manager_interfaces/include/path_manager_interfaces/path_manager_interfaces/srv/detail/get_ll_path__type_support.cpp
[1.344s] -- Up-to-date: /home/rhobtor/PHD/ARGOJ8_IA/install/path_manager_interfaces/include/path_manager_interfaces/path_manager_interfaces/srv/detail/write_path_to_file__rosidl_typesupport_introspection_cpp.hpp
[1.344s] -- Up-to-date: /home/rhobtor/PHD/ARGOJ8_IA/install/path_manager_interfaces/include/path_manager_interfaces/path_manager_interfaces/srv/detail/return_robot_path__rosidl_typesupport_introspection_cpp.hpp
[1.344s] -- Up-to-date: /home/rhobtor/PHD/ARGOJ8_IA/install/path_manager_interfaces/include/path_manager_interfaces/path_manager_interfaces/srv/detail/read_path_from_file__rosidl_typesupport_introspection_cpp.hpp
[1.344s] -- Up-to-date: /home/rhobtor/PHD/ARGOJ8_IA/install/path_manager_interfaces/include/path_manager_interfaces/path_manager_interfaces/srv/detail/robot_path__type_support.cpp
[1.344s] -- Up-to-date: /home/rhobtor/PHD/ARGOJ8_IA/install/path_manager_interfaces/include/path_manager_interfaces/path_manager_interfaces/srv/detail/return_robot_path__type_support.cpp
[1.344s] -- Up-to-date: /home/rhobtor/PHD/ARGOJ8_IA/install/path_manager_interfaces/include/path_manager_interfaces/path_manager_interfaces/srv/detail/assist_emergency__rosidl_typesupport_introspection_cpp.hpp
[1.344s] -- Up-to-date: /home/rhobtor/PHD/ARGOJ8_IA/install/path_manager_interfaces/include/path_manager_interfaces/path_manager_interfaces/srv/detail/read_path_from_file__type_support.cpp
[1.344s] -- Up-to-date: /home/rhobtor/PHD/ARGOJ8_IA/install/path_manager_interfaces/include/path_manager_interfaces/path_manager_interfaces/srv/detail/write_path_to_file__type_support.cpp
[1.344s] -- Up-to-date: /home/rhobtor/PHD/ARGOJ8_IA/install/path_manager_interfaces/include/path_manager_interfaces/path_manager_interfaces/srv/detail/plan_path__rosidl_typesupport_introspection_cpp.hpp
[1.344s] -- Up-to-date: /home/rhobtor/PHD/ARGOJ8_IA/install/path_manager_interfaces/include/path_manager_interfaces/path_manager_interfaces/srv/detail/get_ll_path__rosidl_typesupport_introspection_cpp.hpp
[1.344s] -- Up-to-date: /home/rhobtor/PHD/ARGOJ8_IA/install/path_manager_interfaces/lib/libpath_manager_interfaces__rosidl_typesupport_introspection_cpp.so
[1.345s] -- Up-to-date: /home/rhobtor/PHD/ARGOJ8_IA/install/path_manager_interfaces/lib/libpath_manager_interfaces__rosidl_typesupport_cpp.so
[1.345s] -- Up-to-date: /home/rhobtor/PHD/ARGOJ8_IA/install/path_manager_interfaces/share/path_manager_interfaces/environment/pythonpath.sh
[1.345s] -- Up-to-date: /home/rhobtor/PHD/ARGOJ8_IA/install/path_manager_interfaces/share/path_manager_interfaces/environment/pythonpath.dsv
[1.345s] -- Up-to-date: /home/rhobtor/PHD/ARGOJ8_IA/install/path_manager_interfaces/local/lib/python3.10/dist-packages/path_manager_interfaces-0.0.0-py3.10.egg-info
[1.345s] -- Installing: /home/rhobtor/PHD/ARGOJ8_IA/install/path_manager_interfaces/local/lib/python3.10/dist-packages/path_manager_interfaces-0.0.0-py3.10.egg-info/top_level.txt
[1.345s] -- Installing: /home/rhobtor/PHD/ARGOJ8_IA/install/path_manager_interfaces/local/lib/python3.10/dist-packages/path_manager_interfaces-0.0.0-py3.10.egg-info/SOURCES.txt
[1.345s] -- Installing: /home/rhobtor/PHD/ARGOJ8_IA/install/path_manager_interfaces/local/lib/python3.10/dist-packages/path_manager_interfaces-0.0.0-py3.10.egg-info/PKG-INFO
[1.345s] -- Installing: /home/rhobtor/PHD/ARGOJ8_IA/install/path_manager_interfaces/local/lib/python3.10/dist-packages/path_manager_interfaces-0.0.0-py3.10.egg-info/dependency_links.txt
[1.345s] -- Up-to-date: /home/rhobtor/PHD/ARGOJ8_IA/install/path_manager_interfaces/local/lib/python3.10/dist-packages/path_manager_interfaces
[1.345s] -- Up-to-date: /home/rhobtor/PHD/ARGOJ8_IA/install/path_manager_interfaces/local/lib/python3.10/dist-packages/path_manager_interfaces/path_manager_interfaces_s__rosidl_typesupport_fastrtps_c.cpython-310-x86_64-linux-gnu.so
[1.345s] -- Up-to-date: /home/rhobtor/PHD/ARGOJ8_IA/install/path_manager_interfaces/local/lib/python3.10/dist-packages/path_manager_interfaces/srv
[1.345s] -- Up-to-date: /home/rhobtor/PHD/ARGOJ8_IA/install/path_manager_interfaces/local/lib/python3.10/dist-packages/path_manager_interfaces/srv/_get_ll_path.py
[1.345s] -- Up-to-date: /home/rhobtor/PHD/ARGOJ8_IA/install/path_manager_interfaces/local/lib/python3.10/dist-packages/path_manager_interfaces/srv/_read_path_from_file.py
[1.345s] -- Up-to-date: /home/rhobtor/PHD/ARGOJ8_IA/install/path_manager_interfaces/local/lib/python3.10/dist-packages/path_manager_interfaces/srv/_read_path_from_file_s.c
[1.345s] -- Up-to-date: /home/rhobtor/PHD/ARGOJ8_IA/install/path_manager_interfaces/local/lib/python3.10/dist-packages/path_manager_interfaces/srv/_get_ll_path_s.c
[1.345s] -- Up-to-date: /home/rhobtor/PHD/ARGOJ8_IA/install/path_manager_interfaces/local/lib/python3.10/dist-packages/path_manager_interfaces/srv/_return_robot_path_s.c
[1.345s] -- Up-to-date: /home/rhobtor/PHD/ARGOJ8_IA/install/path_manager_interfaces/local/lib/python3.10/dist-packages/path_manager_interfaces/srv/_robot_path_s.c
[1.345s] -- Up-to-date: /home/rhobtor/PHD/ARGOJ8_IA/install/path_manager_interfaces/local/lib/python3.10/dist-packages/path_manager_interfaces/srv/_write_path_to_file.py
[1.345s] -- Up-to-date: /home/rhobtor/PHD/ARGOJ8_IA/install/path_manager_interfaces/local/lib/python3.10/dist-packages/path_manager_interfaces/srv/_robot_path.py
[1.345s] -- Up-to-date: /home/rhobtor/PHD/ARGOJ8_IA/install/path_manager_interfaces/local/lib/python3.10/dist-packages/path_manager_interfaces/srv/_plan_path.py
[1.345s] -- Up-to-date: /home/rhobtor/PHD/ARGOJ8_IA/install/path_manager_interfaces/local/lib/python3.10/dist-packages/path_manager_interfaces/srv/_return_robot_path.py
[1.346s] -- Up-to-date: /home/rhobtor/PHD/ARGOJ8_IA/install/path_manager_interfaces/local/lib/python3.10/dist-packages/path_manager_interfaces/srv/_get_fix_frame_path_s.c
[1.346s] -- Up-to-date: /home/rhobtor/PHD/ARGOJ8_IA/install/path_manager_interfaces/local/lib/python3.10/dist-packages/path_manager_interfaces/srv/__init__.py
[1.346s] -- Up-to-date: /home/rhobtor/PHD/ARGOJ8_IA/install/path_manager_interfaces/local/lib/python3.10/dist-packages/path_manager_interfaces/srv/_write_path_to_file_s.c
[1.346s] -- Up-to-date: /home/rhobtor/PHD/ARGOJ8_IA/install/path_manager_interfaces/local/lib/python3.10/dist-packages/path_manager_interfaces/srv/_plan_path_s.c
[1.346s] -- Up-to-date: /home/rhobtor/PHD/ARGOJ8_IA/install/path_manager_interfaces/local/lib/python3.10/dist-packages/path_manager_interfaces/srv/_assist_emergency_s.c
[1.346s] -- Up-to-date: /home/rhobtor/PHD/ARGOJ8_IA/install/path_manager_interfaces/local/lib/python3.10/dist-packages/path_manager_interfaces/srv/_get_fix_frame_path.py
[1.346s] -- Up-to-date: /home/rhobtor/PHD/ARGOJ8_IA/install/path_manager_interfaces/local/lib/python3.10/dist-packages/path_manager_interfaces/srv/_assist_emergency.py
[1.346s] -- Up-to-date: /home/rhobtor/PHD/ARGOJ8_IA/install/path_manager_interfaces/local/lib/python3.10/dist-packages/path_manager_interfaces/libpath_manager_interfaces__rosidl_generator_py.so
[1.346s] -- Up-to-date: /home/rhobtor/PHD/ARGOJ8_IA/install/path_manager_interfaces/local/lib/python3.10/dist-packages/path_manager_interfaces/path_manager_interfaces_s__rosidl_typesupport_introspection_c.cpython-310-x86_64-linux-gnu.so
[1.346s] -- Up-to-date: /home/rhobtor/PHD/ARGOJ8_IA/install/path_manager_interfaces/local/lib/python3.10/dist-packages/path_manager_interfaces/_path_manager_interfaces_s.ep.rosidl_typesupport_fastrtps_c.c
[1.346s] -- Up-to-date: /home/rhobtor/PHD/ARGOJ8_IA/install/path_manager_interfaces/local/lib/python3.10/dist-packages/path_manager_interfaces/_path_manager_interfaces_s.ep.rosidl_typesupport_introspection_c.c
[1.346s] -- Up-to-date: /home/rhobtor/PHD/ARGOJ8_IA/install/path_manager_interfaces/local/lib/python3.10/dist-packages/path_manager_interfaces/__init__.py
[1.346s] -- Up-to-date: /home/rhobtor/PHD/ARGOJ8_IA/install/path_manager_interfaces/local/lib/python3.10/dist-packages/path_manager_interfaces/path_manager_interfaces_s__rosidl_typesupport_c.cpython-310-x86_64-linux-gnu.so
[1.346s] -- Up-to-date: /home/rhobtor/PHD/ARGOJ8_IA/install/path_manager_interfaces/local/lib/python3.10/dist-packages/path_manager_interfaces/_path_manager_interfaces_s.ep.rosidl_typesupport_c.c
[1.445s] Listing '/home/rhobtor/PHD/ARGOJ8_IA/install/path_manager_interfaces/local/lib/python3.10/dist-packages/path_manager_interfaces'...
[1.445s] Listing '/home/rhobtor/PHD/ARGOJ8_IA/install/path_manager_interfaces/local/lib/python3.10/dist-packages/path_manager_interfaces/srv'...
[1.456s] -- Up-to-date: /home/rhobtor/PHD/ARGOJ8_IA/install/path_manager_interfaces/local/lib/python3.10/dist-packages/path_manager_interfaces/path_manager_interfaces_s__rosidl_typesupport_fastrtps_c.cpython-310-x86_64-linux-gnu.so
[1.457s] -- Up-to-date: /home/rhobtor/PHD/ARGOJ8_IA/install/path_manager_interfaces/local/lib/python3.10/dist-packages/path_manager_interfaces/path_manager_interfaces_s__rosidl_typesupport_introspection_c.cpython-310-x86_64-linux-gnu.so
[1.458s] -- Up-to-date: /home/rhobtor/PHD/ARGOJ8_IA/install/path_manager_interfaces/local/lib/python3.10/dist-packages/path_manager_interfaces/path_manager_interfaces_s__rosidl_typesupport_c.cpython-310-x86_64-linux-gnu.so
[1.459s] -- Up-to-date: /home/rhobtor/PHD/ARGOJ8_IA/install/path_manager_interfaces/lib/libpath_manager_interfaces__rosidl_generator_py.so
[1.459s] -- Up-to-date: /home/rhobtor/PHD/ARGOJ8_IA/install/path_manager_interfaces/share/path_manager_interfaces/srv/WritePathToFile.idl
[1.459s] -- Up-to-date: /home/rhobtor/PHD/ARGOJ8_IA/install/path_manager_interfaces/share/path_manager_interfaces/srv/ReadPathFromFile.idl
[1.459s] -- Up-to-date: /home/rhobtor/PHD/ARGOJ8_IA/install/path_manager_interfaces/share/path_manager_interfaces/srv/ReturnRobotPath.idl
[1.460s] -- Up-to-date: /home/rhobtor/PHD/ARGOJ8_IA/install/path_manager_interfaces/share/path_manager_interfaces/srv/RobotPath.idl
[1.460s] -- Up-to-date: /home/rhobtor/PHD/ARGOJ8_IA/install/path_manager_interfaces/share/path_manager_interfaces/srv/GetFixFramePath.idl
[1.460s] -- Up-to-date: /home/rhobtor/PHD/ARGOJ8_IA/install/path_manager_interfaces/share/path_manager_interfaces/srv/GetLLPath.idl
[1.460s] -- Up-to-date: /home/rhobtor/PHD/ARGOJ8_IA/install/path_manager_interfaces/share/path_manager_interfaces/srv/PlanPath.idl
[1.461s] -- Up-to-date: /home/rhobtor/PHD/ARGOJ8_IA/install/path_manager_interfaces/share/path_manager_interfaces/srv/AssistEmergency.idl
[1.462s] -- Up-to-date: /home/rhobtor/PHD/ARGOJ8_IA/install/path_manager_interfaces/share/path_manager_interfaces/srv/WritePathToFile.srv
[1.462s] -- Up-to-date: /home/rhobtor/PHD/ARGOJ8_IA/install/path_manager_interfaces/share/path_manager_interfaces/srv/WritePathToFile_Request.msg
[1.463s] -- Up-to-date: /home/rhobtor/PHD/ARGOJ8_IA/install/path_manager_interfaces/share/path_manager_interfaces/srv/WritePathToFile_Response.msg
[1.463s] -- Up-to-date: /home/rhobtor/PHD/ARGOJ8_IA/install/path_manager_interfaces/share/path_manager_interfaces/srv/ReadPathFromFile.srv
[1.463s] -- Up-to-date: /home/rhobtor/PHD/ARGOJ8_IA/install/path_manager_interfaces/share/path_manager_interfaces/srv/ReadPathFromFile_Request.msg
[1.463s] -- Up-to-date: /home/rhobtor/PHD/ARGOJ8_IA/install/path_manager_interfaces/share/path_manager_interfaces/srv/ReadPathFromFile_Response.msg
[1.463s] -- Up-to-date: /home/rhobtor/PHD/ARGOJ8_IA/install/path_manager_interfaces/share/path_manager_interfaces/srv/ReturnRobotPath.srv
[1.463s] -- Up-to-date: /home/rhobtor/PHD/ARGOJ8_IA/install/path_manager_interfaces/share/path_manager_interfaces/srv/ReturnRobotPath_Request.msg
[1.464s] -- Up-to-date: /home/rhobtor/PHD/ARGOJ8_IA/install/path_manager_interfaces/share/path_manager_interfaces/srv/ReturnRobotPath_Response.msg
[1.464s] -- Up-to-date: /home/rhobtor/PHD/ARGOJ8_IA/install/path_manager_interfaces/share/path_manager_interfaces/srv/RobotPath.srv
[1.464s] -- Up-to-date: /home/rhobtor/PHD/ARGOJ8_IA/install/path_manager_interfaces/share/path_manager_interfaces/srv/RobotPath_Request.msg
[1.464s] -- Up-to-date: /home/rhobtor/PHD/ARGOJ8_IA/install/path_manager_interfaces/share/path_manager_interfaces/srv/RobotPath_Response.msg
[1.464s] -- Up-to-date: /home/rhobtor/PHD/ARGOJ8_IA/install/path_manager_interfaces/share/path_manager_interfaces/srv/GetFixFramePath.srv
[1.464s] -- Up-to-date: /home/rhobtor/PHD/ARGOJ8_IA/install/path_manager_interfaces/share/path_manager_interfaces/srv/GetFixFramePath_Request.msg
[1.464s] -- Up-to-date: /home/rhobtor/PHD/ARGOJ8_IA/install/path_manager_interfaces/share/path_manager_interfaces/srv/GetFixFramePath_Response.msg
[1.464s] -- Up-to-date: /home/rhobtor/PHD/ARGOJ8_IA/install/path_manager_interfaces/share/path_manager_interfaces/srv/GetLLPath.srv
[1.464s] -- Up-to-date: /home/rhobtor/PHD/ARGOJ8_IA/install/path_manager_interfaces/share/path_manager_interfaces/srv/GetLLPath_Request.msg
[1.464s] -- Up-to-date: /home/rhobtor/PHD/ARGOJ8_IA/install/path_manager_interfaces/share/path_manager_interfaces/srv/GetLLPath_Response.msg
[1.464s] -- Up-to-date: /home/rhobtor/PHD/ARGOJ8_IA/install/path_manager_interfaces/share/path_manager_interfaces/srv/PlanPath.srv
[1.464s] -- Up-to-date: /home/rhobtor/PHD/ARGOJ8_IA/install/path_manager_interfaces/share/path_manager_interfaces/srv/PlanPath_Request.msg
[1.465s] -- Up-to-date: /home/rhobtor/PHD/ARGOJ8_IA/install/path_manager_interfaces/share/path_manager_interfaces/srv/PlanPath_Response.msg
[1.465s] -- Up-to-date: /home/rhobtor/PHD/ARGOJ8_IA/install/path_manager_interfaces/share/path_manager_interfaces/srv/AssistEmergency.srv
[1.466s] -- Up-to-date: /home/rhobtor/PHD/ARGOJ8_IA/install/path_manager_interfaces/share/path_manager_interfaces/srv/AssistEmergency_Request.msg
[1.466s] -- Up-to-date: /home/rhobtor/PHD/ARGOJ8_IA/install/path_manager_interfaces/share/path_manager_interfaces/srv/AssistEmergency_Response.msg
[1.468s] -- Up-to-date: /home/rhobtor/PHD/ARGOJ8_IA/install/path_manager_interfaces/share/ament_index/resource_index/package_run_dependencies/path_manager_interfaces
[1.469s] -- Up-to-date: /home/rhobtor/PHD/ARGOJ8_IA/install/path_manager_interfaces/share/ament_index/resource_index/parent_prefix_path/path_manager_interfaces
[1.470s] -- Up-to-date: /home/rhobtor/PHD/ARGOJ8_IA/install/path_manager_interfaces/share/path_manager_interfaces/environment/ament_prefix_path.sh
[1.470s] -- Up-to-date: /home/rhobtor/PHD/ARGOJ8_IA/install/path_manager_interfaces/share/path_manager_interfaces/environment/ament_prefix_path.dsv
[1.472s] -- Up-to-date: /home/rhobtor/PHD/ARGOJ8_IA/install/path_manager_interfaces/share/path_manager_interfaces/environment/path.sh
[1.472s] -- Up-to-date: /home/rhobtor/PHD/ARGOJ8_IA/install/path_manager_interfaces/share/path_manager_interfaces/environment/path.dsv
[1.472s] -- Up-to-date: /home/rhobtor/PHD/ARGOJ8_IA/install/path_manager_interfaces/share/path_manager_interfaces/local_setup.bash
[1.472s] -- Up-to-date: /home/rhobtor/PHD/ARGOJ8_IA/install/path_manager_interfaces/share/path_manager_interfaces/local_setup.sh
[1.473s] -- Up-to-date: /home/rhobtor/PHD/ARGOJ8_IA/install/path_manager_interfaces/share/path_manager_interfaces/local_setup.zsh
[1.473s] -- Up-to-date: /home/rhobtor/PHD/ARGOJ8_IA/install/path_manager_interfaces/share/path_manager_interfaces/local_setup.dsv
[1.473s] -- Installing: /home/rhobtor/PHD/ARGOJ8_IA/install/path_manager_interfaces/share/path_manager_interfaces/package.dsv
[1.474s] -- Up-to-date: /home/rhobtor/PHD/ARGOJ8_IA/install/path_manager_interfaces/share/ament_index/resource_index/packages/path_manager_interfaces
[1.475s] -- Up-to-date: /home/rhobtor/PHD/ARGOJ8_IA/install/path_manager_interfaces/share/path_manager_interfaces/cmake/export_path_manager_interfaces__rosidl_generator_cExport.cmake
[1.476s] -- Up-to-date: /home/rhobtor/PHD/ARGOJ8_IA/install/path_manager_interfaces/share/path_manager_interfaces/cmake/export_path_manager_interfaces__rosidl_generator_cExport-noconfig.cmake
[1.476s] -- Up-to-date: /home/rhobtor/PHD/ARGOJ8_IA/install/path_manager_interfaces/share/path_manager_interfaces/cmake/export_path_manager_interfaces__rosidl_typesupport_fastrtps_cExport.cmake
[1.476s] -- Up-to-date: /home/rhobtor/PHD/ARGOJ8_IA/install/path_manager_interfaces/share/path_manager_interfaces/cmake/export_path_manager_interfaces__rosidl_typesupport_fastrtps_cExport-noconfig.cmake
[1.476s] -- Up-to-date: /home/rhobtor/PHD/ARGOJ8_IA/install/path_manager_interfaces/share/path_manager_interfaces/cmake/path_manager_interfaces__rosidl_typesupport_introspection_cExport.cmake
[1.476s] -- Up-to-date: /home/rhobtor/PHD/ARGOJ8_IA/install/path_manager_interfaces/share/path_manager_interfaces/cmake/path_manager_interfaces__rosidl_typesupport_introspection_cExport-noconfig.cmake
[1.476s] -- Up-to-date: /home/rhobtor/PHD/ARGOJ8_IA/install/path_manager_interfaces/share/path_manager_interfaces/cmake/path_manager_interfaces__rosidl_typesupport_cExport.cmake
[1.476s] -- Up-to-date: /home/rhobtor/PHD/ARGOJ8_IA/install/path_manager_interfaces/share/path_manager_interfaces/cmake/path_manager_interfaces__rosidl_typesupport_cExport-noconfig.cmake
[1.477s] -- Up-to-date: /home/rhobtor/PHD/ARGOJ8_IA/install/path_manager_interfaces/share/path_manager_interfaces/cmake/export_path_manager_interfaces__rosidl_generator_cppExport.cmake
[1.477s] -- Up-to-date: /home/rhobtor/PHD/ARGOJ8_IA/install/path_manager_interfaces/share/path_manager_interfaces/cmake/export_path_manager_interfaces__rosidl_typesupport_fastrtps_cppExport.cmake
[1.477s] -- Up-to-date: /home/rhobtor/PHD/ARGOJ8_IA/install/path_manager_interfaces/share/path_manager_interfaces/cmake/export_path_manager_interfaces__rosidl_typesupport_fastrtps_cppExport-noconfig.cmake
[1.477s] -- Up-to-date: /home/rhobtor/PHD/ARGOJ8_IA/install/path_manager_interfaces/share/path_manager_interfaces/cmake/path_manager_interfaces__rosidl_typesupport_introspection_cppExport.cmake
[1.477s] -- Up-to-date: /home/rhobtor/PHD/ARGOJ8_IA/install/path_manager_interfaces/share/path_manager_interfaces/cmake/path_manager_interfaces__rosidl_typesupport_introspection_cppExport-noconfig.cmake
[1.477s] -- Up-to-date: /home/rhobtor/PHD/ARGOJ8_IA/install/path_manager_interfaces/share/path_manager_interfaces/cmake/path_manager_interfaces__rosidl_typesupport_cppExport.cmake
[1.477s] -- Up-to-date: /home/rhobtor/PHD/ARGOJ8_IA/install/path_manager_interfaces/share/path_manager_interfaces/cmake/path_manager_interfaces__rosidl_typesupport_cppExport-noconfig.cmake
[1.477s] -- Up-to-date: /home/rhobtor/PHD/ARGOJ8_IA/install/path_manager_interfaces/share/path_manager_interfaces/cmake/export_path_manager_interfaces__rosidl_generator_pyExport.cmake
[1.477s] -- Up-to-date: /home/rhobtor/PHD/ARGOJ8_IA/install/path_manager_interfaces/share/path_manager_interfaces/cmake/export_path_manager_interfaces__rosidl_generator_pyExport-noconfig.cmake
[1.477s] -- Up-to-date: /home/rhobtor/PHD/ARGOJ8_IA/install/path_manager_interfaces/share/path_manager_interfaces/cmake/rosidl_cmake-extras.cmake
[1.477s] -- Up-to-date: /home/rhobtor/PHD/ARGOJ8_IA/install/path_manager_interfaces/share/path_manager_interfaces/cmake/ament_cmake_export_dependencies-extras.cmake
[1.478s] -- Up-to-date: /home/rhobtor/PHD/ARGOJ8_IA/install/path_manager_interfaces/share/path_manager_interfaces/cmake/ament_cmake_export_include_directories-extras.cmake
[1.478s] -- Up-to-date: /home/rhobtor/PHD/ARGOJ8_IA/install/path_manager_interfaces/share/path_manager_interfaces/cmake/ament_cmake_export_libraries-extras.cmake
[1.478s] -- Up-to-date: /home/rhobtor/PHD/ARGOJ8_IA/install/path_manager_interfaces/share/path_manager_interfaces/cmake/ament_cmake_export_targets-extras.cmake
[1.478s] -- Up-to-date: /home/rhobtor/PHD/ARGOJ8_IA/install/path_manager_interfaces/share/path_manager_interfaces/cmake/rosidl_cmake_export_typesupport_targets-extras.cmake
[1.478s] -- Up-to-date: /home/rhobtor/PHD/ARGOJ8_IA/install/path_manager_interfaces/share/path_manager_interfaces/cmake/rosidl_cmake_export_typesupport_libraries-extras.cmake
[1.478s] -- Up-to-date: /home/rhobtor/PHD/ARGOJ8_IA/install/path_manager_interfaces/share/path_manager_interfaces/cmake/path_manager_interfacesConfig.cmake
[1.478s] -- Up-to-date: /home/rhobtor/PHD/ARGOJ8_IA/install/path_manager_interfaces/share/path_manager_interfaces/cmake/path_manager_interfacesConfig-version.cmake
[1.478s] -- Up-to-date: /home/rhobtor/PHD/ARGOJ8_IA/install/path_manager_interfaces/share/path_manager_interfaces/package.xml
[1.892s] Invoked command in '/home/rhobtor/PHD/ARGOJ8_IA/build/path_manager_interfaces' returned '0': CMAKE_PREFIX_PATH=${CMAKE_PREFIX_PATH}:/home/rhobtor/PHD/ARGOJ8_IA/install/ntrip_client:/home/rhobtor/PHD/ARGOJ8_IA/install/car:/home/rhobtor/PHD/ARGOJ8_IA/install/android_ros2_server:/home/rhobtor/PHD/ARGOJ8_IA/install/GUI_pkg:/home/rhobtor/PHD/reactive/Reactive-Navegation/workspace_full_conected/install/car:/opt/ros/humble /opt/st/stm32cubeclt_1.18.0/CMake/bin/cmake --install /home/rhobtor/PHD/ARGOJ8_IA/build/path_manager_interfaces
