[0.110s] Invoking command in '/home/rhobtor/PHD/ARGOJ8_IA/build/security_check_interfaces': CMAKE_PREFIX_PATH=${CMAKE_PREFIX_PATH}:/home/rhobtor/PHD/ARGOJ8_IA/install/ntrip_client:/home/rhobtor/PHD/ARGOJ8_IA/install/car:/home/rhobtor/PHD/ARGOJ8_IA/install/android_ros2_server:/home/rhobtor/PHD/ARGOJ8_IA/install/GUI_pkg:/home/rhobtor/PHD/reactive/Reactive-Navegation/workspace_full_conected/install/car:/opt/ros/humble /opt/st/stm32cubeclt_1.18.0/CMake/bin/cmake --build /home/rhobtor/PHD/ARGOJ8_IA/build/security_check_interfaces -- -j16 -l16
[0.837s] [  2%] Built target security_check_interfaces__cpp
[0.837s] [ 12%] Built target security_check_interfaces__rosidl_generator_c
[0.837s] [ 12%] Built target ament_cmake_python_copy_security_check_interfaces
[0.838s] [ 23%] Built target security_check_interfaces__rosidl_typesupport_fastrtps_cpp
[0.839s] [ 43%] Built target security_check_interfaces__rosidl_typesupport_cpp
[0.839s] [ 33%] Built target security_check_interfaces__rosidl_typesupport_introspection_cpp
[0.839s] [ 53%] Built target security_check_interfaces__rosidl_typesupport_fastrtps_c
[0.840s] [ 64%] Built target security_check_interfaces__rosidl_typesupport_introspection_c
[0.840s] [ 74%] Built target security_check_interfaces__rosidl_typesupport_c
[0.840s] [ 74%] Built target security_check_interfaces
[0.840s] [ 76%] Built target security_check_interfaces__py
[0.841s] [ 84%] Built target security_check_interfaces__rosidl_generator_py
[0.842s] [ 89%] Built target security_check_interfaces__rosidl_typesupport_introspection_c__pyext
[0.842s] [ 94%] Built target security_check_interfaces__rosidl_typesupport_c__pyext
[0.842s] [100%] Built target security_check_interfaces__rosidl_typesupport_fastrtps_c__pyext
[0.842s] running egg_info
[0.842s] writing security_check_interfaces.egg-info/PKG-INFO
[0.842s] writing dependency_links to security_check_interfaces.egg-info/dependency_links.txt
[0.842s] writing top-level names to security_check_interfaces.egg-info/top_level.txt
[0.842s] reading manifest file 'security_check_interfaces.egg-info/SOURCES.txt'
[0.842s] writing manifest file 'security_check_interfaces.egg-info/SOURCES.txt'
[0.843s] [100%] Built target ament_cmake_python_build_security_check_interfaces_egg
[0.857s] Invoked command in '/home/rhobtor/PHD/ARGOJ8_IA/build/security_check_interfaces' returned '0': CMAKE_PREFIX_PATH=${CMAKE_PREFIX_PATH}:/home/rhobtor/PHD/ARGOJ8_IA/install/ntrip_client:/home/rhobtor/PHD/ARGOJ8_IA/install/car:/home/rhobtor/PHD/ARGOJ8_IA/install/android_ros2_server:/home/rhobtor/PHD/ARGOJ8_IA/install/GUI_pkg:/home/rhobtor/PHD/reactive/Reactive-Navegation/workspace_full_conected/install/car:/opt/ros/humble /opt/st/stm32cubeclt_1.18.0/CMake/bin/cmake --build /home/rhobtor/PHD/ARGOJ8_IA/build/security_check_interfaces -- -j16 -l16
[0.858s] Invoking command in '/home/rhobtor/PHD/ARGOJ8_IA/build/security_check_interfaces': CMAKE_PREFIX_PATH=${CMAKE_PREFIX_PATH}:/home/rhobtor/PHD/ARGOJ8_IA/install/ntrip_client:/home/rhobtor/PHD/ARGOJ8_IA/install/car:/home/rhobtor/PHD/ARGOJ8_IA/install/android_ros2_server:/home/rhobtor/PHD/ARGOJ8_IA/install/GUI_pkg:/home/rhobtor/PHD/reactive/Reactive-Navegation/workspace_full_conected/install/car:/opt/ros/humble /opt/st/stm32cubeclt_1.18.0/CMake/bin/cmake --install /home/rhobtor/PHD/ARGOJ8_IA/build/security_check_interfaces
[0.903s] -- Install configuration: ""
[0.903s] -- Up-to-date: /home/rhobtor/PHD/ARGOJ8_IA/install/security_check_interfaces/share/ament_index/resource_index/rosidl_interfaces/security_check_interfaces
[0.903s] -- Up-to-date: /home/rhobtor/PHD/ARGOJ8_IA/install/security_check_interfaces/include/security_check_interfaces/security_check_interfaces
[0.903s] -- Up-to-date: /home/rhobtor/PHD/ARGOJ8_IA/install/security_check_interfaces/include/security_check_interfaces/security_check_interfaces/srv
[0.903s] -- Up-to-date: /home/rhobtor/PHD/ARGOJ8_IA/install/security_check_interfaces/include/security_check_interfaces/security_check_interfaces/srv/detail
[0.903s] -- Up-to-date: /home/rhobtor/PHD/ARGOJ8_IA/install/security_check_interfaces/include/security_check_interfaces/security_check_interfaces/srv/detail/get_security_check_status__struct.h
[0.903s] -- Up-to-date: /home/rhobtor/PHD/ARGOJ8_IA/install/security_check_interfaces/include/security_check_interfaces/security_check_interfaces/srv/detail/password_check__struct.h
[0.903s] -- Up-to-date: /home/rhobtor/PHD/ARGOJ8_IA/install/security_check_interfaces/include/security_check_interfaces/security_check_interfaces/srv/detail/password_check__functions.c
[0.903s] -- Up-to-date: /home/rhobtor/PHD/ARGOJ8_IA/install/security_check_interfaces/include/security_check_interfaces/security_check_interfaces/srv/detail/get_security_check_status__functions.h
[0.903s] -- Up-to-date: /home/rhobtor/PHD/ARGOJ8_IA/install/security_check_interfaces/include/security_check_interfaces/security_check_interfaces/srv/detail/get_security_check_status__functions.c
[0.903s] -- Up-to-date: /home/rhobtor/PHD/ARGOJ8_IA/install/security_check_interfaces/include/security_check_interfaces/security_check_interfaces/srv/detail/get_security_check_status__type_support.h
[0.903s] -- Up-to-date: /home/rhobtor/PHD/ARGOJ8_IA/install/security_check_interfaces/include/security_check_interfaces/security_check_interfaces/srv/detail/password_check__functions.h
[0.903s] -- Up-to-date: /home/rhobtor/PHD/ARGOJ8_IA/install/security_check_interfaces/include/security_check_interfaces/security_check_interfaces/srv/detail/password_check__type_support.h
[0.903s] -- Up-to-date: /home/rhobtor/PHD/ARGOJ8_IA/install/security_check_interfaces/include/security_check_interfaces/security_check_interfaces/srv/get_security_check_status.h
[0.903s] -- Up-to-date: /home/rhobtor/PHD/ARGOJ8_IA/install/security_check_interfaces/include/security_check_interfaces/security_check_interfaces/srv/password_check.h
[0.904s] -- Up-to-date: /home/rhobtor/PHD/ARGOJ8_IA/install/security_check_interfaces/include/security_check_interfaces/security_check_interfaces/msg
[0.904s] -- Up-to-date: /home/rhobtor/PHD/ARGOJ8_IA/install/security_check_interfaces/include/security_check_interfaces/security_check_interfaces/msg/rosidl_generator_c__visibility_control.h
[0.904s] -- Up-to-date: /home/rhobtor/PHD/ARGOJ8_IA/install/security_check_interfaces/share/security_check_interfaces/environment/library_path.sh
[0.904s] -- Up-to-date: /home/rhobtor/PHD/ARGOJ8_IA/install/security_check_interfaces/share/security_check_interfaces/environment/library_path.dsv
[0.904s] -- Up-to-date: /home/rhobtor/PHD/ARGOJ8_IA/install/security_check_interfaces/lib/libsecurity_check_interfaces__rosidl_generator_c.so
[0.904s] -- Up-to-date: /home/rhobtor/PHD/ARGOJ8_IA/install/security_check_interfaces/include/security_check_interfaces/security_check_interfaces
[0.904s] -- Up-to-date: /home/rhobtor/PHD/ARGOJ8_IA/install/security_check_interfaces/include/security_check_interfaces/security_check_interfaces/srv
[0.904s] -- Up-to-date: /home/rhobtor/PHD/ARGOJ8_IA/install/security_check_interfaces/include/security_check_interfaces/security_check_interfaces/srv/detail
[0.904s] -- Up-to-date: /home/rhobtor/PHD/ARGOJ8_IA/install/security_check_interfaces/include/security_check_interfaces/security_check_interfaces/srv/detail/get_security_check_status__rosidl_typesupport_fastrtps_c.h
[0.907s] -- Up-to-date: /home/rhobtor/PHD/ARGOJ8_IA/install/security_check_interfaces/include/security_check_interfaces/security_check_interfaces/srv/detail/password_check__rosidl_typesupport_fastrtps_c.h
[0.908s] -- Up-to-date: /home/rhobtor/PHD/ARGOJ8_IA/install/security_check_interfaces/include/security_check_interfaces/security_check_interfaces/msg
[0.908s] -- Up-to-date: /home/rhobtor/PHD/ARGOJ8_IA/install/security_check_interfaces/include/security_check_interfaces/security_check_interfaces/msg/rosidl_typesupport_fastrtps_c__visibility_control.h
[0.908s] -- Up-to-date: /home/rhobtor/PHD/ARGOJ8_IA/install/security_check_interfaces/lib/libsecurity_check_interfaces__rosidl_typesupport_fastrtps_c.so
[0.908s] -- Up-to-date: /home/rhobtor/PHD/ARGOJ8_IA/install/security_check_interfaces/include/security_check_interfaces/security_check_interfaces
[0.908s] -- Up-to-date: /home/rhobtor/PHD/ARGOJ8_IA/install/security_check_interfaces/include/security_check_interfaces/security_check_interfaces/srv
[0.909s] -- Up-to-date: /home/rhobtor/PHD/ARGOJ8_IA/install/security_check_interfaces/include/security_check_interfaces/security_check_interfaces/srv/detail
[0.909s] -- Up-to-date: /home/rhobtor/PHD/ARGOJ8_IA/install/security_check_interfaces/include/security_check_interfaces/security_check_interfaces/srv/detail/get_security_check_status__rosidl_typesupport_introspection_c.h
[0.909s] -- Up-to-date: /home/rhobtor/PHD/ARGOJ8_IA/install/security_check_interfaces/include/security_check_interfaces/security_check_interfaces/srv/detail/password_check__rosidl_typesupport_introspection_c.h
[0.909s] -- Up-to-date: /home/rhobtor/PHD/ARGOJ8_IA/install/security_check_interfaces/include/security_check_interfaces/security_check_interfaces/srv/detail/password_check__type_support.c
[0.909s] -- Up-to-date: /home/rhobtor/PHD/ARGOJ8_IA/install/security_check_interfaces/include/security_check_interfaces/security_check_interfaces/srv/detail/get_security_check_status__type_support.c
[0.909s] -- Up-to-date: /home/rhobtor/PHD/ARGOJ8_IA/install/security_check_interfaces/include/security_check_interfaces/security_check_interfaces/msg
[0.909s] -- Up-to-date: /home/rhobtor/PHD/ARGOJ8_IA/install/security_check_interfaces/include/security_check_interfaces/security_check_interfaces/msg/rosidl_typesupport_introspection_c__visibility_control.h
[0.909s] -- Up-to-date: /home/rhobtor/PHD/ARGOJ8_IA/install/security_check_interfaces/lib/libsecurity_check_interfaces__rosidl_typesupport_introspection_c.so
[0.909s] -- Up-to-date: /home/rhobtor/PHD/ARGOJ8_IA/install/security_check_interfaces/lib/libsecurity_check_interfaces__rosidl_typesupport_c.so
[0.909s] -- Up-to-date: /home/rhobtor/PHD/ARGOJ8_IA/install/security_check_interfaces/include/security_check_interfaces/security_check_interfaces
[0.909s] -- Up-to-date: /home/rhobtor/PHD/ARGOJ8_IA/install/security_check_interfaces/include/security_check_interfaces/security_check_interfaces/srv
[0.909s] -- Up-to-date: /home/rhobtor/PHD/ARGOJ8_IA/install/security_check_interfaces/include/security_check_interfaces/security_check_interfaces/srv/password_check.hpp
[0.909s] -- Up-to-date: /home/rhobtor/PHD/ARGOJ8_IA/install/security_check_interfaces/include/security_check_interfaces/security_check_interfaces/srv/get_security_check_status.hpp
[0.910s] -- Up-to-date: /home/rhobtor/PHD/ARGOJ8_IA/install/security_check_interfaces/include/security_check_interfaces/security_check_interfaces/srv/detail
[0.910s] -- Up-to-date: /home/rhobtor/PHD/ARGOJ8_IA/install/security_check_interfaces/include/security_check_interfaces/security_check_interfaces/srv/detail/get_security_check_status__builder.hpp
[0.910s] -- Up-to-date: /home/rhobtor/PHD/ARGOJ8_IA/install/security_check_interfaces/include/security_check_interfaces/security_check_interfaces/srv/detail/get_security_check_status__traits.hpp
[0.910s] -- Up-to-date: /home/rhobtor/PHD/ARGOJ8_IA/install/security_check_interfaces/include/security_check_interfaces/security_check_interfaces/srv/detail/get_security_check_status__struct.hpp
[0.910s] -- Up-to-date: /home/rhobtor/PHD/ARGOJ8_IA/install/security_check_interfaces/include/security_check_interfaces/security_check_interfaces/srv/detail/password_check__builder.hpp
[0.910s] -- Up-to-date: /home/rhobtor/PHD/ARGOJ8_IA/install/security_check_interfaces/include/security_check_interfaces/security_check_interfaces/srv/detail/password_check__traits.hpp
[0.910s] -- Up-to-date: /home/rhobtor/PHD/ARGOJ8_IA/install/security_check_interfaces/include/security_check_interfaces/security_check_interfaces/srv/detail/password_check__struct.hpp
[0.910s] -- Up-to-date: /home/rhobtor/PHD/ARGOJ8_IA/install/security_check_interfaces/include/security_check_interfaces/security_check_interfaces/srv/detail/password_check__type_support.hpp
[0.910s] -- Up-to-date: /home/rhobtor/PHD/ARGOJ8_IA/install/security_check_interfaces/include/security_check_interfaces/security_check_interfaces/srv/detail/get_security_check_status__type_support.hpp
[0.910s] -- Up-to-date: /home/rhobtor/PHD/ARGOJ8_IA/install/security_check_interfaces/include/security_check_interfaces/security_check_interfaces/msg
[0.910s] -- Up-to-date: /home/rhobtor/PHD/ARGOJ8_IA/install/security_check_interfaces/include/security_check_interfaces/security_check_interfaces/msg/rosidl_generator_cpp__visibility_control.hpp
[0.910s] -- Up-to-date: /home/rhobtor/PHD/ARGOJ8_IA/install/security_check_interfaces/include/security_check_interfaces/security_check_interfaces
[0.910s] -- Up-to-date: /home/rhobtor/PHD/ARGOJ8_IA/install/security_check_interfaces/include/security_check_interfaces/security_check_interfaces/srv
[0.910s] -- Up-to-date: /home/rhobtor/PHD/ARGOJ8_IA/install/security_check_interfaces/include/security_check_interfaces/security_check_interfaces/srv/detail
[0.910s] -- Up-to-date: /home/rhobtor/PHD/ARGOJ8_IA/install/security_check_interfaces/include/security_check_interfaces/security_check_interfaces/srv/detail/get_security_check_status__rosidl_typesupport_fastrtps_cpp.hpp
[0.910s] -- Up-to-date: /home/rhobtor/PHD/ARGOJ8_IA/install/security_check_interfaces/include/security_check_interfaces/security_check_interfaces/srv/detail/password_check__rosidl_typesupport_fastrtps_cpp.hpp
[0.911s] -- Up-to-date: /home/rhobtor/PHD/ARGOJ8_IA/install/security_check_interfaces/include/security_check_interfaces/security_check_interfaces/srv/detail/dds_fastrtps
[0.911s] -- Up-to-date: /home/rhobtor/PHD/ARGOJ8_IA/install/security_check_interfaces/include/security_check_interfaces/security_check_interfaces/msg
[0.911s] -- Up-to-date: /home/rhobtor/PHD/ARGOJ8_IA/install/security_check_interfaces/include/security_check_interfaces/security_check_interfaces/msg/rosidl_typesupport_fastrtps_cpp__visibility_control.h
[0.911s] -- Up-to-date: /home/rhobtor/PHD/ARGOJ8_IA/install/security_check_interfaces/lib/libsecurity_check_interfaces__rosidl_typesupport_fastrtps_cpp.so
[0.911s] -- Up-to-date: /home/rhobtor/PHD/ARGOJ8_IA/install/security_check_interfaces/include/security_check_interfaces/security_check_interfaces
[0.911s] -- Up-to-date: /home/rhobtor/PHD/ARGOJ8_IA/install/security_check_interfaces/include/security_check_interfaces/security_check_interfaces/srv
[0.911s] -- Up-to-date: /home/rhobtor/PHD/ARGOJ8_IA/install/security_check_interfaces/include/security_check_interfaces/security_check_interfaces/srv/detail
[0.911s] -- Up-to-date: /home/rhobtor/PHD/ARGOJ8_IA/install/security_check_interfaces/include/security_check_interfaces/security_check_interfaces/srv/detail/password_check__rosidl_typesupport_introspection_cpp.hpp
[0.911s] -- Up-to-date: /home/rhobtor/PHD/ARGOJ8_IA/install/security_check_interfaces/include/security_check_interfaces/security_check_interfaces/srv/detail/get_security_check_status__rosidl_typesupport_introspection_cpp.hpp
[0.911s] -- Up-to-date: /home/rhobtor/PHD/ARGOJ8_IA/install/security_check_interfaces/include/security_check_interfaces/security_check_interfaces/srv/detail/password_check__type_support.cpp
[0.911s] -- Up-to-date: /home/rhobtor/PHD/ARGOJ8_IA/install/security_check_interfaces/include/security_check_interfaces/security_check_interfaces/srv/detail/get_security_check_status__type_support.cpp
[0.911s] -- Up-to-date: /home/rhobtor/PHD/ARGOJ8_IA/install/security_check_interfaces/lib/libsecurity_check_interfaces__rosidl_typesupport_introspection_cpp.so
[0.911s] -- Up-to-date: /home/rhobtor/PHD/ARGOJ8_IA/install/security_check_interfaces/lib/libsecurity_check_interfaces__rosidl_typesupport_cpp.so
[0.911s] -- Up-to-date: /home/rhobtor/PHD/ARGOJ8_IA/install/security_check_interfaces/share/security_check_interfaces/environment/pythonpath.sh
[0.911s] -- Up-to-date: /home/rhobtor/PHD/ARGOJ8_IA/install/security_check_interfaces/share/security_check_interfaces/environment/pythonpath.dsv
[0.930s] -- Up-to-date: /home/rhobtor/PHD/ARGOJ8_IA/install/security_check_interfaces/local/lib/python3.10/dist-packages/security_check_interfaces-0.0.0-py3.10.egg-info
[0.930s] -- Installing: /home/rhobtor/PHD/ARGOJ8_IA/install/security_check_interfaces/local/lib/python3.10/dist-packages/security_check_interfaces-0.0.0-py3.10.egg-info/top_level.txt
[0.930s] -- Installing: /home/rhobtor/PHD/ARGOJ8_IA/install/security_check_interfaces/local/lib/python3.10/dist-packages/security_check_interfaces-0.0.0-py3.10.egg-info/SOURCES.txt
[0.930s] -- Installing: /home/rhobtor/PHD/ARGOJ8_IA/install/security_check_interfaces/local/lib/python3.10/dist-packages/security_check_interfaces-0.0.0-py3.10.egg-info/PKG-INFO
[0.930s] -- Installing: /home/rhobtor/PHD/ARGOJ8_IA/install/security_check_interfaces/local/lib/python3.10/dist-packages/security_check_interfaces-0.0.0-py3.10.egg-info/dependency_links.txt
[0.931s] -- Up-to-date: /home/rhobtor/PHD/ARGOJ8_IA/install/security_check_interfaces/local/lib/python3.10/dist-packages/security_check_interfaces
[0.931s] -- Up-to-date: /home/rhobtor/PHD/ARGOJ8_IA/install/security_check_interfaces/local/lib/python3.10/dist-packages/security_check_interfaces/srv
[0.931s] -- Up-to-date: /home/rhobtor/PHD/ARGOJ8_IA/install/security_check_interfaces/local/lib/python3.10/dist-packages/security_check_interfaces/srv/_get_security_check_status.py
[0.931s] -- Up-to-date: /home/rhobtor/PHD/ARGOJ8_IA/install/security_check_interfaces/local/lib/python3.10/dist-packages/security_check_interfaces/srv/_get_security_check_status_s.c
[0.931s] -- Up-to-date: /home/rhobtor/PHD/ARGOJ8_IA/install/security_check_interfaces/local/lib/python3.10/dist-packages/security_check_interfaces/srv/__init__.py
[0.931s] -- Up-to-date: /home/rhobtor/PHD/ARGOJ8_IA/install/security_check_interfaces/local/lib/python3.10/dist-packages/security_check_interfaces/srv/_password_check.py
[0.932s] -- Up-to-date: /home/rhobtor/PHD/ARGOJ8_IA/install/security_check_interfaces/local/lib/python3.10/dist-packages/security_check_interfaces/srv/_password_check_s.c
[0.932s] -- Up-to-date: /home/rhobtor/PHD/ARGOJ8_IA/install/security_check_interfaces/local/lib/python3.10/dist-packages/security_check_interfaces/_security_check_interfaces_s.ep.rosidl_typesupport_c.c
[0.932s] -- Up-to-date: /home/rhobtor/PHD/ARGOJ8_IA/install/security_check_interfaces/local/lib/python3.10/dist-packages/security_check_interfaces/security_check_interfaces_s__rosidl_typesupport_c.cpython-310-x86_64-linux-gnu.so
[0.932s] -- Up-to-date: /home/rhobtor/PHD/ARGOJ8_IA/install/security_check_interfaces/local/lib/python3.10/dist-packages/security_check_interfaces/_security_check_interfaces_s.ep.rosidl_typesupport_introspection_c.c
[0.933s] -- Up-to-date: /home/rhobtor/PHD/ARGOJ8_IA/install/security_check_interfaces/local/lib/python3.10/dist-packages/security_check_interfaces/libsecurity_check_interfaces__rosidl_generator_py.so
[0.933s] -- Up-to-date: /home/rhobtor/PHD/ARGOJ8_IA/install/security_check_interfaces/local/lib/python3.10/dist-packages/security_check_interfaces/__init__.py
[0.933s] -- Up-to-date: /home/rhobtor/PHD/ARGOJ8_IA/install/security_check_interfaces/local/lib/python3.10/dist-packages/security_check_interfaces/_security_check_interfaces_s.ep.rosidl_typesupport_fastrtps_c.c
[0.933s] -- Up-to-date: /home/rhobtor/PHD/ARGOJ8_IA/install/security_check_interfaces/local/lib/python3.10/dist-packages/security_check_interfaces/security_check_interfaces_s__rosidl_typesupport_introspection_c.cpython-310-x86_64-linux-gnu.so
[0.934s] -- Up-to-date: /home/rhobtor/PHD/ARGOJ8_IA/install/security_check_interfaces/local/lib/python3.10/dist-packages/security_check_interfaces/security_check_interfaces_s__rosidl_typesupport_fastrtps_c.cpython-310-x86_64-linux-gnu.so
[0.983s] Listing '/home/rhobtor/PHD/ARGOJ8_IA/install/security_check_interfaces/local/lib/python3.10/dist-packages/security_check_interfaces'...
[0.983s] Listing '/home/rhobtor/PHD/ARGOJ8_IA/install/security_check_interfaces/local/lib/python3.10/dist-packages/security_check_interfaces/srv'...
[0.983s] -- Up-to-date: /home/rhobtor/PHD/ARGOJ8_IA/install/security_check_interfaces/local/lib/python3.10/dist-packages/security_check_interfaces/security_check_interfaces_s__rosidl_typesupport_fastrtps_c.cpython-310-x86_64-linux-gnu.so
[0.983s] -- Up-to-date: /home/rhobtor/PHD/ARGOJ8_IA/install/security_check_interfaces/local/lib/python3.10/dist-packages/security_check_interfaces/security_check_interfaces_s__rosidl_typesupport_introspection_c.cpython-310-x86_64-linux-gnu.so
[0.983s] -- Up-to-date: /home/rhobtor/PHD/ARGOJ8_IA/install/security_check_interfaces/local/lib/python3.10/dist-packages/security_check_interfaces/security_check_interfaces_s__rosidl_typesupport_c.cpython-310-x86_64-linux-gnu.so
[0.983s] -- Up-to-date: /home/rhobtor/PHD/ARGOJ8_IA/install/security_check_interfaces/lib/libsecurity_check_interfaces__rosidl_generator_py.so
[0.983s] -- Up-to-date: /home/rhobtor/PHD/ARGOJ8_IA/install/security_check_interfaces/share/security_check_interfaces/srv/PasswordCheck.idl
[0.983s] -- Up-to-date: /home/rhobtor/PHD/ARGOJ8_IA/install/security_check_interfaces/share/security_check_interfaces/srv/GetSecurityCheckStatus.idl
[0.983s] -- Up-to-date: /home/rhobtor/PHD/ARGOJ8_IA/install/security_check_interfaces/share/security_check_interfaces/srv/PasswordCheck.srv
[0.983s] -- Up-to-date: /home/rhobtor/PHD/ARGOJ8_IA/install/security_check_interfaces/share/security_check_interfaces/srv/PasswordCheck_Request.msg
[0.983s] -- Up-to-date: /home/rhobtor/PHD/ARGOJ8_IA/install/security_check_interfaces/share/security_check_interfaces/srv/PasswordCheck_Response.msg
[0.983s] -- Up-to-date: /home/rhobtor/PHD/ARGOJ8_IA/install/security_check_interfaces/share/security_check_interfaces/srv/GetSecurityCheckStatus.srv
[0.983s] -- Up-to-date: /home/rhobtor/PHD/ARGOJ8_IA/install/security_check_interfaces/share/security_check_interfaces/srv/GetSecurityCheckStatus_Request.msg
[0.983s] -- Up-to-date: /home/rhobtor/PHD/ARGOJ8_IA/install/security_check_interfaces/share/security_check_interfaces/srv/GetSecurityCheckStatus_Response.msg
[0.983s] -- Up-to-date: /home/rhobtor/PHD/ARGOJ8_IA/install/security_check_interfaces/share/ament_index/resource_index/package_run_dependencies/security_check_interfaces
[0.983s] -- Up-to-date: /home/rhobtor/PHD/ARGOJ8_IA/install/security_check_interfaces/share/ament_index/resource_index/parent_prefix_path/security_check_interfaces
[0.983s] -- Up-to-date: /home/rhobtor/PHD/ARGOJ8_IA/install/security_check_interfaces/share/security_check_interfaces/environment/ament_prefix_path.sh
[0.984s] -- Up-to-date: /home/rhobtor/PHD/ARGOJ8_IA/install/security_check_interfaces/share/security_check_interfaces/environment/ament_prefix_path.dsv
[0.984s] -- Up-to-date: /home/rhobtor/PHD/ARGOJ8_IA/install/security_check_interfaces/share/security_check_interfaces/environment/path.sh
[0.984s] -- Up-to-date: /home/rhobtor/PHD/ARGOJ8_IA/install/security_check_interfaces/share/security_check_interfaces/environment/path.dsv
[0.984s] -- Up-to-date: /home/rhobtor/PHD/ARGOJ8_IA/install/security_check_interfaces/share/security_check_interfaces/local_setup.bash
[0.984s] -- Up-to-date: /home/rhobtor/PHD/ARGOJ8_IA/install/security_check_interfaces/share/security_check_interfaces/local_setup.sh
[0.984s] -- Up-to-date: /home/rhobtor/PHD/ARGOJ8_IA/install/security_check_interfaces/share/security_check_interfaces/local_setup.zsh
[0.984s] -- Up-to-date: /home/rhobtor/PHD/ARGOJ8_IA/install/security_check_interfaces/share/security_check_interfaces/local_setup.dsv
[0.984s] -- Installing: /home/rhobtor/PHD/ARGOJ8_IA/install/security_check_interfaces/share/security_check_interfaces/package.dsv
[0.984s] -- Up-to-date: /home/rhobtor/PHD/ARGOJ8_IA/install/security_check_interfaces/share/ament_index/resource_index/packages/security_check_interfaces
[0.984s] -- Up-to-date: /home/rhobtor/PHD/ARGOJ8_IA/install/security_check_interfaces/share/security_check_interfaces/cmake/export_security_check_interfaces__rosidl_generator_cExport.cmake
[0.984s] -- Up-to-date: /home/rhobtor/PHD/ARGOJ8_IA/install/security_check_interfaces/share/security_check_interfaces/cmake/export_security_check_interfaces__rosidl_generator_cExport-noconfig.cmake
[0.984s] -- Up-to-date: /home/rhobtor/PHD/ARGOJ8_IA/install/security_check_interfaces/share/security_check_interfaces/cmake/export_security_check_interfaces__rosidl_typesupport_fastrtps_cExport.cmake
[0.984s] -- Up-to-date: /home/rhobtor/PHD/ARGOJ8_IA/install/security_check_interfaces/share/security_check_interfaces/cmake/export_security_check_interfaces__rosidl_typesupport_fastrtps_cExport-noconfig.cmake
[0.984s] -- Up-to-date: /home/rhobtor/PHD/ARGOJ8_IA/install/security_check_interfaces/share/security_check_interfaces/cmake/security_check_interfaces__rosidl_typesupport_introspection_cExport.cmake
[0.984s] -- Up-to-date: /home/rhobtor/PHD/ARGOJ8_IA/install/security_check_interfaces/share/security_check_interfaces/cmake/security_check_interfaces__rosidl_typesupport_introspection_cExport-noconfig.cmake
[0.984s] -- Up-to-date: /home/rhobtor/PHD/ARGOJ8_IA/install/security_check_interfaces/share/security_check_interfaces/cmake/security_check_interfaces__rosidl_typesupport_cExport.cmake
[0.984s] -- Up-to-date: /home/rhobtor/PHD/ARGOJ8_IA/install/security_check_interfaces/share/security_check_interfaces/cmake/security_check_interfaces__rosidl_typesupport_cExport-noconfig.cmake
[0.984s] -- Up-to-date: /home/rhobtor/PHD/ARGOJ8_IA/install/security_check_interfaces/share/security_check_interfaces/cmake/export_security_check_interfaces__rosidl_generator_cppExport.cmake
[0.984s] -- Up-to-date: /home/rhobtor/PHD/ARGOJ8_IA/install/security_check_interfaces/share/security_check_interfaces/cmake/export_security_check_interfaces__rosidl_typesupport_fastrtps_cppExport.cmake
[0.984s] -- Up-to-date: /home/rhobtor/PHD/ARGOJ8_IA/install/security_check_interfaces/share/security_check_interfaces/cmake/export_security_check_interfaces__rosidl_typesupport_fastrtps_cppExport-noconfig.cmake
[0.984s] -- Up-to-date: /home/rhobtor/PHD/ARGOJ8_IA/install/security_check_interfaces/share/security_check_interfaces/cmake/security_check_interfaces__rosidl_typesupport_introspection_cppExport.cmake
[0.984s] -- Up-to-date: /home/rhobtor/PHD/ARGOJ8_IA/install/security_check_interfaces/share/security_check_interfaces/cmake/security_check_interfaces__rosidl_typesupport_introspection_cppExport-noconfig.cmake
[0.984s] -- Up-to-date: /home/rhobtor/PHD/ARGOJ8_IA/install/security_check_interfaces/share/security_check_interfaces/cmake/security_check_interfaces__rosidl_typesupport_cppExport.cmake
[0.985s] -- Up-to-date: /home/rhobtor/PHD/ARGOJ8_IA/install/security_check_interfaces/share/security_check_interfaces/cmake/security_check_interfaces__rosidl_typesupport_cppExport-noconfig.cmake
[0.985s] -- Up-to-date: /home/rhobtor/PHD/ARGOJ8_IA/install/security_check_interfaces/share/security_check_interfaces/cmake/export_security_check_interfaces__rosidl_generator_pyExport.cmake
[0.985s] -- Up-to-date: /home/rhobtor/PHD/ARGOJ8_IA/install/security_check_interfaces/share/security_check_interfaces/cmake/export_security_check_interfaces__rosidl_generator_pyExport-noconfig.cmake
[0.985s] -- Up-to-date: /home/rhobtor/PHD/ARGOJ8_IA/install/security_check_interfaces/share/security_check_interfaces/cmake/rosidl_cmake-extras.cmake
[0.985s] -- Up-to-date: /home/rhobtor/PHD/ARGOJ8_IA/install/security_check_interfaces/share/security_check_interfaces/cmake/ament_cmake_export_dependencies-extras.cmake
[0.985s] -- Up-to-date: /home/rhobtor/PHD/ARGOJ8_IA/install/security_check_interfaces/share/security_check_interfaces/cmake/ament_cmake_export_include_directories-extras.cmake
[0.985s] -- Up-to-date: /home/rhobtor/PHD/ARGOJ8_IA/install/security_check_interfaces/share/security_check_interfaces/cmake/ament_cmake_export_libraries-extras.cmake
[0.985s] -- Up-to-date: /home/rhobtor/PHD/ARGOJ8_IA/install/security_check_interfaces/share/security_check_interfaces/cmake/ament_cmake_export_targets-extras.cmake
[0.985s] -- Up-to-date: /home/rhobtor/PHD/ARGOJ8_IA/install/security_check_interfaces/share/security_check_interfaces/cmake/rosidl_cmake_export_typesupport_targets-extras.cmake
[0.985s] -- Up-to-date: /home/rhobtor/PHD/ARGOJ8_IA/install/security_check_interfaces/share/security_check_interfaces/cmake/rosidl_cmake_export_typesupport_libraries-extras.cmake
[0.985s] -- Up-to-date: /home/rhobtor/PHD/ARGOJ8_IA/install/security_check_interfaces/share/security_check_interfaces/cmake/security_check_interfacesConfig.cmake
[0.985s] -- Up-to-date: /home/rhobtor/PHD/ARGOJ8_IA/install/security_check_interfaces/share/security_check_interfaces/cmake/security_check_interfacesConfig-version.cmake
[0.985s] -- Up-to-date: /home/rhobtor/PHD/ARGOJ8_IA/install/security_check_interfaces/share/security_check_interfaces/package.xml
[1.094s] Invoked command in '/home/rhobtor/PHD/ARGOJ8_IA/build/security_check_interfaces' returned '0': CMAKE_PREFIX_PATH=${CMAKE_PREFIX_PATH}:/home/rhobtor/PHD/ARGOJ8_IA/install/ntrip_client:/home/rhobtor/PHD/ARGOJ8_IA/install/car:/home/rhobtor/PHD/ARGOJ8_IA/install/android_ros2_server:/home/rhobtor/PHD/ARGOJ8_IA/install/GUI_pkg:/home/rhobtor/PHD/reactive/Reactive-Navegation/workspace_full_conected/install/car:/opt/ros/humble /opt/st/stm32cubeclt_1.18.0/CMake/bin/cmake --install /home/rhobtor/PHD/ARGOJ8_IA/build/security_check_interfaces
