[0.178s] Invoking command in '/home/rhobtor/PHD/ARGOJ8_IA/build/j8_xacro_model': AMENT_PREFIX_PATH=/home/rhobtor/PHD/ARGOJ8_IA/install/argj801_ctl_platform:/home/rhobtor/PHD/ARGOJ8_IA/install/argj801_ctl_platform_interfaces:${AMENT_PREFIX_PATH} CMAKE_PREFIX_PATH=/home/rhobtor/PHD/ARGOJ8_IA/install/argj801_ctl_platform:/home/rhobtor/PHD/ARGOJ8_IA/install/argj801_ctl_platform_interfaces:/home/rhobtor/PHD/reactive/Reactive-Navegation/workspace_full_conected/install/octomap_mapping:/home/rhobtor/PHD/reactive/Reactive-Navegation/workspace_full_conected/install/octomap_server:/home/rhobtor/PHD/reactive/Reactive-Navegation/workspace_full_conected/install/octomap_rviz_plugins:/home/rhobtor/PHD/reactive/Reactive-Navegation/workspace_full_conected/install/hector_gazebo_plugins:/home/rhobtor/PHD/reactive/Reactive-Navegation/workspace_full_conected/install/car_cpp:/home/rhobtor/PHD/reactive/Reactive-Navegation/workspace_full_conected/install/car_interfaces:/home/rhobtor/PHD/reactive/Reactive-Navegation/workspace_full_conected/install/car:/opt/ros/humble LD_LIBRARY_PATH=/home/rhobtor/PHD/ARGOJ8_IA/install/argj801_ctl_platform_interfaces/lib:${LD_LIBRARY_PATH} PYTHONPATH=/home/rhobtor/PHD/ARGOJ8_IA/install/argj801_ctl_platform_interfaces/local/lib/python3.10/dist-packages:${PYTHONPATH} /opt/st/stm32cubeclt_1.18.0/CMake/bin/cmake --build /home/rhobtor/PHD/ARGOJ8_IA/build/j8_xacro_model -- -j16 -l16
[0.257s] [100%] Built target gazebo_ros_j8_wheels_plugin
[0.268s] Invoked command in '/home/rhobtor/PHD/ARGOJ8_IA/build/j8_xacro_model' returned '0': AMENT_PREFIX_PATH=/home/rhobtor/PHD/ARGOJ8_IA/install/argj801_ctl_platform:/home/rhobtor/PHD/ARGOJ8_IA/install/argj801_ctl_platform_interfaces:${AMENT_PREFIX_PATH} CMAKE_PREFIX_PATH=/home/rhobtor/PHD/ARGOJ8_IA/install/argj801_ctl_platform:/home/rhobtor/PHD/ARGOJ8_IA/install/argj801_ctl_platform_interfaces:/home/rhobtor/PHD/reactive/Reactive-Navegation/workspace_full_conected/install/octomap_mapping:/home/rhobtor/PHD/reactive/Reactive-Navegation/workspace_full_conected/install/octomap_server:/home/rhobtor/PHD/reactive/Reactive-Navegation/workspace_full_conected/install/octomap_rviz_plugins:/home/rhobtor/PHD/reactive/Reactive-Navegation/workspace_full_conected/install/hector_gazebo_plugins:/home/rhobtor/PHD/reactive/Reactive-Navegation/workspace_full_conected/install/car_cpp:/home/rhobtor/PHD/reactive/Reactive-Navegation/workspace_full_conected/install/car_interfaces:/home/rhobtor/PHD/reactive/Reactive-Navegation/workspace_full_conected/install/car:/opt/ros/humble LD_LIBRARY_PATH=/home/rhobtor/PHD/ARGOJ8_IA/install/argj801_ctl_platform_interfaces/lib:${LD_LIBRARY_PATH} PYTHONPATH=/home/rhobtor/PHD/ARGOJ8_IA/install/argj801_ctl_platform_interfaces/local/lib/python3.10/dist-packages:${PYTHONPATH} /opt/st/stm32cubeclt_1.18.0/CMake/bin/cmake --build /home/rhobtor/PHD/ARGOJ8_IA/build/j8_xacro_model -- -j16 -l16
[0.269s] Invoking command in '/home/rhobtor/PHD/ARGOJ8_IA/build/j8_xacro_model': AMENT_PREFIX_PATH=/home/rhobtor/PHD/ARGOJ8_IA/install/argj801_ctl_platform:/home/rhobtor/PHD/ARGOJ8_IA/install/argj801_ctl_platform_interfaces:${AMENT_PREFIX_PATH} CMAKE_PREFIX_PATH=/home/rhobtor/PHD/ARGOJ8_IA/install/argj801_ctl_platform:/home/rhobtor/PHD/ARGOJ8_IA/install/argj801_ctl_platform_interfaces:/home/rhobtor/PHD/reactive/Reactive-Navegation/workspace_full_conected/install/octomap_mapping:/home/rhobtor/PHD/reactive/Reactive-Navegation/workspace_full_conected/install/octomap_server:/home/rhobtor/PHD/reactive/Reactive-Navegation/workspace_full_conected/install/octomap_rviz_plugins:/home/rhobtor/PHD/reactive/Reactive-Navegation/workspace_full_conected/install/hector_gazebo_plugins:/home/rhobtor/PHD/reactive/Reactive-Navegation/workspace_full_conected/install/car_cpp:/home/rhobtor/PHD/reactive/Reactive-Navegation/workspace_full_conected/install/car_interfaces:/home/rhobtor/PHD/reactive/Reactive-Navegation/workspace_full_conected/install/car:/opt/ros/humble LD_LIBRARY_PATH=/home/rhobtor/PHD/ARGOJ8_IA/install/argj801_ctl_platform_interfaces/lib:${LD_LIBRARY_PATH} PYTHONPATH=/home/rhobtor/PHD/ARGOJ8_IA/install/argj801_ctl_platform_interfaces/local/lib/python3.10/dist-packages:${PYTHONPATH} /opt/st/stm32cubeclt_1.18.0/CMake/bin/cmake --install /home/rhobtor/PHD/ARGOJ8_IA/build/j8_xacro_model
[0.274s] -- Install configuration: ""
[0.274s] -- Up-to-date: /home/rhobtor/PHD/ARGOJ8_IA/install/j8_xacro_model/share/j8_xacro_model/environment/library_path.sh
[0.274s] -- Up-to-date: /home/rhobtor/PHD/ARGOJ8_IA/install/j8_xacro_model/share/j8_xacro_model/environment/library_path.dsv
[0.276s] -- Up-to-date: /home/rhobtor/PHD/ARGOJ8_IA/install/j8_xacro_model/lib/libgazebo_ros_j8_wheels_plugin.so
[0.276s] -- Up-to-date: /home/rhobtor/PHD/ARGOJ8_IA/install/j8_xacro_model/share/j8_xacro_model//launch
[0.276s] -- Up-to-date: /home/rhobtor/PHD/ARGOJ8_IA/install/j8_xacro_model/share/j8_xacro_model//launch/start_gazebo_j8.launch.py
[0.276s] -- Up-to-date: /home/rhobtor/PHD/ARGOJ8_IA/install/j8_xacro_model/share/j8_xacro_model//worlds
[0.276s] -- Up-to-date: /home/rhobtor/PHD/ARGOJ8_IA/install/j8_xacro_model/share/j8_xacro_model//worlds/empty_custom.world
[0.276s] -- Up-to-date: /home/rhobtor/PHD/ARGOJ8_IA/install/j8_xacro_model/share/j8_xacro_model//urdf
[0.276s] -- Up-to-date: /home/rhobtor/PHD/ARGOJ8_IA/install/j8_xacro_model/share/j8_xacro_model//urdf/gps.xacro
[0.276s] -- Up-to-date: /home/rhobtor/PHD/ARGOJ8_IA/install/j8_xacro_model/share/j8_xacro_model//urdf/panel.xacro
[0.276s] -- Up-to-date: /home/rhobtor/PHD/ARGOJ8_IA/install/j8_xacro_model/share/j8_xacro_model//urdf/argo_j8.urdf.xacro
[0.276s] -- Up-to-date: /home/rhobtor/PHD/ARGOJ8_IA/install/j8_xacro_model/share/j8_xacro_model//urdf/fixposition_sensor.xacro
[0.276s] -- Up-to-date: /home/rhobtor/PHD/ARGOJ8_IA/install/j8_xacro_model/share/j8_xacro_model//urdf/wheel.urdf.xacro
[0.276s] -- Up-to-date: /home/rhobtor/PHD/ARGOJ8_IA/install/j8_xacro_model/share/j8_xacro_model//urdf/lidar.xacro
[0.277s] -- Installing: /home/rhobtor/PHD/ARGOJ8_IA/install/j8_xacro_model/share/j8_xacro_model//urdf/sick_lidar.urdf.xacro
[0.277s] -- Up-to-date: /home/rhobtor/PHD/ARGOJ8_IA/install/j8_xacro_model/share/j8_xacro_model//urdf/gps_holder.xacro
[0.277s] -- Up-to-date: /home/rhobtor/PHD/ARGOJ8_IA/install/j8_xacro_model/share/j8_xacro_model//urdf/test.urdf
[0.277s] -- Up-to-date: /home/rhobtor/PHD/ARGOJ8_IA/install/j8_xacro_model/share/j8_xacro_model//urdf/fixposition_holder.xacro
[0.277s] -- Up-to-date: /home/rhobtor/PHD/ARGOJ8_IA/install/j8_xacro_model/share/j8_xacro_model//urdf/camera.xacro
[0.277s] -- Up-to-date: /home/rhobtor/PHD/ARGOJ8_IA/install/j8_xacro_model/share/j8_xacro_model//urdf/side_bar.xacro
[0.277s] -- Up-to-date: /home/rhobtor/PHD/ARGOJ8_IA/install/j8_xacro_model/share/j8_xacro_model//urdf/set_color.xacro
[0.277s] -- Up-to-date: /home/rhobtor/PHD/ARGOJ8_IA/install/j8_xacro_model/share/j8_xacro_model//meshes
[0.277s] -- Up-to-date: /home/rhobtor/PHD/ARGOJ8_IA/install/j8_xacro_model/share/j8_xacro_model//meshes/Left_bar.STL
[0.277s] -- Up-to-date: /home/rhobtor/PHD/ARGOJ8_IA/install/j8_xacro_model/share/j8_xacro_model//meshes/Wheel5.STL
[0.277s] -- Up-to-date: /home/rhobtor/PHD/ARGOJ8_IA/install/j8_xacro_model/share/j8_xacro_model//meshes/Central_fixposition_holder.STL
[0.277s] -- Up-to-date: /home/rhobtor/PHD/ARGOJ8_IA/install/j8_xacro_model/share/j8_xacro_model//meshes/Wheel_7.STL
[0.277s] -- Up-to-date: /home/rhobtor/PHD/ARGOJ8_IA/install/j8_xacro_model/share/j8_xacro_model//meshes/Front_camera.STL
[0.278s] -- Up-to-date: /home/rhobtor/PHD/ARGOJ8_IA/install/j8_xacro_model/share/j8_xacro_model//meshes/Fixposition_lower_case.STL
[0.278s] -- Up-to-date: /home/rhobtor/PHD/ARGOJ8_IA/install/j8_xacro_model/share/j8_xacro_model//meshes/Wheel_5.STL
[0.278s] -- Up-to-date: /home/rhobtor/PHD/ARGOJ8_IA/install/j8_xacro_model/share/j8_xacro_model//meshes/Central_fixposition_feet.STL
[0.278s] -- Up-to-date: /home/rhobtor/PHD/ARGOJ8_IA/install/j8_xacro_model/share/j8_xacro_model//meshes/Wheel2.STL
[0.278s] -- Up-to-date: /home/rhobtor/PHD/ARGOJ8_IA/install/j8_xacro_model/share/j8_xacro_model//meshes/Right_fixposition_holder.STL
[0.278s] -- Up-to-date: /home/rhobtor/PHD/ARGOJ8_IA/install/j8_xacro_model/share/j8_xacro_model//meshes/Right_bar.STL
[0.278s] -- Up-to-date: /home/rhobtor/PHD/ARGOJ8_IA/install/j8_xacro_model/share/j8_xacro_model//meshes/Bridge_panel_2.STL
[0.279s] -- Up-to-date: /home/rhobtor/PHD/ARGOJ8_IA/install/j8_xacro_model/share/j8_xacro_model//meshes/Bridge_panel_4.STL
[0.279s] -- Up-to-date: /home/rhobtor/PHD/ARGOJ8_IA/install/j8_xacro_model/share/j8_xacro_model//meshes/Left_fixposition_holder.STL
[0.279s] -- Up-to-date: /home/rhobtor/PHD/ARGOJ8_IA/install/j8_xacro_model/share/j8_xacro_model//meshes/Bridge.STL
[0.279s] -- Up-to-date: /home/rhobtor/PHD/ARGOJ8_IA/install/j8_xacro_model/share/j8_xacro_model//meshes/Wheel_3.STL
[0.279s] -- Up-to-date: /home/rhobtor/PHD/ARGOJ8_IA/install/j8_xacro_model/share/j8_xacro_model//meshes/Wheel1.STL
[0.280s] -- Up-to-date: /home/rhobtor/PHD/ARGOJ8_IA/install/j8_xacro_model/share/j8_xacro_model//meshes/J8_top.STL
[0.280s] -- Up-to-date: /home/rhobtor/PHD/ARGOJ8_IA/install/j8_xacro_model/share/j8_xacro_model//meshes/Wheel_1.STL
[0.280s] -- Up-to-date: /home/rhobtor/PHD/ARGOJ8_IA/install/j8_xacro_model/share/j8_xacro_model//meshes/Velodyne.STL
[0.280s] -- Up-to-date: /home/rhobtor/PHD/ARGOJ8_IA/install/j8_xacro_model/share/j8_xacro_model//meshes/Fix_position_metal_frame.STL
[0.280s] -- Up-to-date: /home/rhobtor/PHD/ARGOJ8_IA/install/j8_xacro_model/share/j8_xacro_model//meshes/Fix_position_left_antenna.STL
[0.280s] -- Up-to-date: /home/rhobtor/PHD/ARGOJ8_IA/install/j8_xacro_model/share/j8_xacro_model//meshes/Suspension_7.STL
[0.280s] -- Up-to-date: /home/rhobtor/PHD/ARGOJ8_IA/install/j8_xacro_model/share/j8_xacro_model//meshes/Suspension_3.STL
[0.280s] -- Up-to-date: /home/rhobtor/PHD/ARGOJ8_IA/install/j8_xacro_model/share/j8_xacro_model//meshes/Wheel4.STL
[0.280s] -- Up-to-date: /home/rhobtor/PHD/ARGOJ8_IA/install/j8_xacro_model/share/j8_xacro_model//meshes/Fixposition_right_antenna.STL
[0.280s] -- Up-to-date: /home/rhobtor/PHD/ARGOJ8_IA/install/j8_xacro_model/share/j8_xacro_model//meshes/Wheel8.STL
[0.280s] -- Up-to-date: /home/rhobtor/PHD/ARGOJ8_IA/install/j8_xacro_model/share/j8_xacro_model//meshes/Wheel_8.STL
[0.280s] -- Up-to-date: /home/rhobtor/PHD/ARGOJ8_IA/install/j8_xacro_model/share/j8_xacro_model//meshes/Bridge_panel_1.STL
[0.281s] -- Up-to-date: /home/rhobtor/PHD/ARGOJ8_IA/install/j8_xacro_model/share/j8_xacro_model//meshes/Back_camera.STL
[0.281s] -- Up-to-date: /home/rhobtor/PHD/ARGOJ8_IA/install/j8_xacro_model/share/j8_xacro_model//meshes/Suspension_4.STL
[0.281s] -- Up-to-date: /home/rhobtor/PHD/ARGOJ8_IA/install/j8_xacro_model/share/j8_xacro_model//meshes/Suspension_5.STL
[0.281s] -- Up-to-date: /home/rhobtor/PHD/ARGOJ8_IA/install/j8_xacro_model/share/j8_xacro_model//meshes/Wheel_6.STL
[0.281s] -- Up-to-date: /home/rhobtor/PHD/ARGOJ8_IA/install/j8_xacro_model/share/j8_xacro_model//meshes/Left_fixposition_feet.STL
[0.281s] -- Up-to-date: /home/rhobtor/PHD/ARGOJ8_IA/install/j8_xacro_model/share/j8_xacro_model//meshes/Bridge_panel_3.STL
[0.281s] -- Up-to-date: /home/rhobtor/PHD/ARGOJ8_IA/install/j8_xacro_model/share/j8_xacro_model//meshes/Right_gps.STL
[0.281s] -- Up-to-date: /home/rhobtor/PHD/ARGOJ8_IA/install/j8_xacro_model/share/j8_xacro_model//meshes/Wheel_2.STL
[0.281s] -- Up-to-date: /home/rhobtor/PHD/ARGOJ8_IA/install/j8_xacro_model/share/j8_xacro_model//meshes/Fixposition_camera.STL
[0.281s] -- Up-to-date: /home/rhobtor/PHD/ARGOJ8_IA/install/j8_xacro_model/share/j8_xacro_model//meshes/Left_gps.STL
[0.281s] -- Up-to-date: /home/rhobtor/PHD/ARGOJ8_IA/install/j8_xacro_model/share/j8_xacro_model//meshes/Fixposition_upper_case.STL
[0.281s] -- Up-to-date: /home/rhobtor/PHD/ARGOJ8_IA/install/j8_xacro_model/share/j8_xacro_model//meshes/Suspension_6.STL
[0.281s] -- Up-to-date: /home/rhobtor/PHD/ARGOJ8_IA/install/j8_xacro_model/share/j8_xacro_model//meshes/Suspension_2.STL
[0.282s] -- Up-to-date: /home/rhobtor/PHD/ARGOJ8_IA/install/j8_xacro_model/share/j8_xacro_model//meshes/Left_gps_holder.STL
[0.282s] -- Up-to-date: /home/rhobtor/PHD/ARGOJ8_IA/install/j8_xacro_model/share/j8_xacro_model//meshes/Wheel6.STL
[0.282s] -- Up-to-date: /home/rhobtor/PHD/ARGOJ8_IA/install/j8_xacro_model/share/j8_xacro_model//meshes/Wheel_4.STL
[0.282s] -- Up-to-date: /home/rhobtor/PHD/ARGOJ8_IA/install/j8_xacro_model/share/j8_xacro_model//meshes/Suspension_8.STL
[0.282s] -- Up-to-date: /home/rhobtor/PHD/ARGOJ8_IA/install/j8_xacro_model/share/j8_xacro_model//meshes/Wheel3.STL
[0.282s] -- Up-to-date: /home/rhobtor/PHD/ARGOJ8_IA/install/j8_xacro_model/share/j8_xacro_model//meshes/Right_fixposition_feet.STL
[0.282s] -- Up-to-date: /home/rhobtor/PHD/ARGOJ8_IA/install/j8_xacro_model/share/j8_xacro_model//meshes/Sick.STL
[0.282s] -- Up-to-date: /home/rhobtor/PHD/ARGOJ8_IA/install/j8_xacro_model/share/j8_xacro_model//meshes/Right_gps_holder.STL
[0.282s] -- Up-to-date: /home/rhobtor/PHD/ARGOJ8_IA/install/j8_xacro_model/share/j8_xacro_model//meshes/Fixposion_base.STL
[0.282s] -- Up-to-date: /home/rhobtor/PHD/ARGOJ8_IA/install/j8_xacro_model/share/j8_xacro_model//meshes/Wheel7.STL
[0.282s] -- Up-to-date: /home/rhobtor/PHD/ARGOJ8_IA/install/j8_xacro_model/share/j8_xacro_model//meshes/Suspension_1.STL
[0.282s] -- Up-to-date: /home/rhobtor/PHD/ARGOJ8_IA/install/j8_xacro_model/share/j8_xacro_model//meshes/base_link.STL
[0.283s] -- Up-to-date: /home/rhobtor/PHD/ARGOJ8_IA/install/j8_xacro_model/share/ament_index/resource_index/package_run_dependencies/j8_xacro_model
[0.283s] -- Up-to-date: /home/rhobtor/PHD/ARGOJ8_IA/install/j8_xacro_model/share/ament_index/resource_index/parent_prefix_path/j8_xacro_model
[0.283s] -- Up-to-date: /home/rhobtor/PHD/ARGOJ8_IA/install/j8_xacro_model/share/j8_xacro_model/environment/ament_prefix_path.sh
[0.285s] -- Up-to-date: /home/rhobtor/PHD/ARGOJ8_IA/install/j8_xacro_model/share/j8_xacro_model/environment/ament_prefix_path.dsv
[0.285s] -- Up-to-date: /home/rhobtor/PHD/ARGOJ8_IA/install/j8_xacro_model/share/j8_xacro_model/environment/path.sh
[0.285s] -- Up-to-date: /home/rhobtor/PHD/ARGOJ8_IA/install/j8_xacro_model/share/j8_xacro_model/environment/path.dsv
[0.285s] -- Up-to-date: /home/rhobtor/PHD/ARGOJ8_IA/install/j8_xacro_model/share/j8_xacro_model/local_setup.bash
[0.285s] -- Up-to-date: /home/rhobtor/PHD/ARGOJ8_IA/install/j8_xacro_model/share/j8_xacro_model/local_setup.sh
[0.285s] -- Up-to-date: /home/rhobtor/PHD/ARGOJ8_IA/install/j8_xacro_model/share/j8_xacro_model/local_setup.zsh
[0.285s] -- Up-to-date: /home/rhobtor/PHD/ARGOJ8_IA/install/j8_xacro_model/share/j8_xacro_model/local_setup.dsv
[0.285s] -- Installing: /home/rhobtor/PHD/ARGOJ8_IA/install/j8_xacro_model/share/j8_xacro_model/package.dsv
[0.285s] -- Up-to-date: /home/rhobtor/PHD/ARGOJ8_IA/install/j8_xacro_model/share/ament_index/resource_index/packages/j8_xacro_model
[0.285s] -- Up-to-date: /home/rhobtor/PHD/ARGOJ8_IA/install/j8_xacro_model/share/j8_xacro_model/cmake/ament_cmake_export_libraries-extras.cmake
[0.285s] -- Up-to-date: /home/rhobtor/PHD/ARGOJ8_IA/install/j8_xacro_model/share/j8_xacro_model/cmake/j8_xacro_modelConfig.cmake
[0.285s] -- Up-to-date: /home/rhobtor/PHD/ARGOJ8_IA/install/j8_xacro_model/share/j8_xacro_model/cmake/j8_xacro_modelConfig-version.cmake
[0.286s] -- Up-to-date: /home/rhobtor/PHD/ARGOJ8_IA/install/j8_xacro_model/share/j8_xacro_model/package.xml
[0.286s] Invoked command in '/home/rhobtor/PHD/ARGOJ8_IA/build/j8_xacro_model' returned '0': AMENT_PREFIX_PATH=/home/rhobtor/PHD/ARGOJ8_IA/install/argj801_ctl_platform:/home/rhobtor/PHD/ARGOJ8_IA/install/argj801_ctl_platform_interfaces:${AMENT_PREFIX_PATH} CMAKE_PREFIX_PATH=/home/rhobtor/PHD/ARGOJ8_IA/install/argj801_ctl_platform:/home/rhobtor/PHD/ARGOJ8_IA/install/argj801_ctl_platform_interfaces:/home/rhobtor/PHD/reactive/Reactive-Navegation/workspace_full_conected/install/octomap_mapping:/home/rhobtor/PHD/reactive/Reactive-Navegation/workspace_full_conected/install/octomap_server:/home/rhobtor/PHD/reactive/Reactive-Navegation/workspace_full_conected/install/octomap_rviz_plugins:/home/rhobtor/PHD/reactive/Reactive-Navegation/workspace_full_conected/install/hector_gazebo_plugins:/home/rhobtor/PHD/reactive/Reactive-Navegation/workspace_full_conected/install/car_cpp:/home/rhobtor/PHD/reactive/Reactive-Navegation/workspace_full_conected/install/car_interfaces:/home/rhobtor/PHD/reactive/Reactive-Navegation/workspace_full_conected/install/car:/opt/ros/humble LD_LIBRARY_PATH=/home/rhobtor/PHD/ARGOJ8_IA/install/argj801_ctl_platform_interfaces/lib:${LD_LIBRARY_PATH} PYTHONPATH=/home/rhobtor/PHD/ARGOJ8_IA/install/argj801_ctl_platform_interfaces/local/lib/python3.10/dist-packages:${PYTHONPATH} /opt/st/stm32cubeclt_1.18.0/CMake/bin/cmake --install /home/rhobtor/PHD/ARGOJ8_IA/build/j8_xacro_model
