[0.082s] Invoking command in '/home/rhobtor/PHD/ARGOJ8_IA/build/slg_msgs': CMAKE_PREFIX_PATH=${CMAKE_PREFIX_PATH}:/home/rhobtor/PHD/reactive/Reactive-Navegation/workspace_full_conected/install/car:/opt/ros/humble /opt/st/stm32cubeclt_1.18.0/CMake/bin/cmake --build /home/rhobtor/PHD/ARGOJ8_IA/build/slg_msgs -- -j16 -l16
[0.973s] [  4%] Built target gtest_main
[0.974s] [  8%] Built target gtest
[0.974s] [ 16%] Built target slg_msgs__rosidl_generator_c
[0.974s] [ 16%] Built target ament_cmake_python_copy_slg_msgs
[0.974s] [ 18%] Built target slg_msgs__cpp
[0.974s] [ 22%] Built target test_point2d
[0.976s] [ 26%] Built target test_polygon
[0.976s] [ 34%] Built target slg_msgs__rosidl_typesupport_introspection_c
[0.976s] [ 42%] Built target slg_msgs__rosidl_typesupport_fastrtps_c
[0.977s] [ 51%] Built target slg_msgs__rosidl_typesupport_c
[0.977s] [ 67%] Built target slg_msgs__rosidl_typesupport_fastrtps_cpp
[0.977s] [ 61%] Built target slg_msgs__rosidl_typesupport_cpp
[0.977s] [ 75%] Built target slg_msgs__rosidl_typesupport_introspection_cpp
[0.977s] [ 75%] Built target slg_msgs
[0.977s] [ 79%] Built target test_segment2d
[0.977s] [ 81%] Built target slg_msgs__py
[0.977s] [ 87%] Built target slg_msgs__rosidl_generator_py
[0.977s] [ 91%] Built target slg_msgs__rosidl_typesupport_fastrtps_c__pyext
[0.977s] [ 95%] Built target slg_msgs__rosidl_typesupport_introspection_c__pyext
[0.977s] [100%] Built target slg_msgs__rosidl_typesupport_c__pyext
[0.977s] running egg_info
[0.977s] writing slg_msgs.egg-info/PKG-INFO
[0.978s] writing dependency_links to slg_msgs.egg-info/dependency_links.txt
[0.978s] writing top-level names to slg_msgs.egg-info/top_level.txt
[0.978s] reading manifest file 'slg_msgs.egg-info/SOURCES.txt'
[0.978s] writing manifest file 'slg_msgs.egg-info/SOURCES.txt'
[0.978s] [100%] Built target ament_cmake_python_build_slg_msgs_egg
[1.185s] Invoked command in '/home/rhobtor/PHD/ARGOJ8_IA/build/slg_msgs' returned '0': CMAKE_PREFIX_PATH=${CMAKE_PREFIX_PATH}:/home/rhobtor/PHD/reactive/Reactive-Navegation/workspace_full_conected/install/car:/opt/ros/humble /opt/st/stm32cubeclt_1.18.0/CMake/bin/cmake --build /home/rhobtor/PHD/ARGOJ8_IA/build/slg_msgs -- -j16 -l16
[1.187s] Invoking command in '/home/rhobtor/PHD/ARGOJ8_IA/build/slg_msgs': CMAKE_PREFIX_PATH=${CMAKE_PREFIX_PATH}:/home/rhobtor/PHD/reactive/Reactive-Navegation/workspace_full_conected/install/car:/opt/ros/humble /opt/st/stm32cubeclt_1.18.0/CMake/bin/cmake --install /home/rhobtor/PHD/ARGOJ8_IA/build/slg_msgs
[1.235s] -- Install configuration: "Release"
[1.235s] -- Up-to-date: /home/rhobtor/PHD/ARGOJ8_IA/install/slg_msgs/share/ament_index/resource_index/rosidl_interfaces/slg_msgs
[1.235s] -- Up-to-date: /home/rhobtor/PHD/ARGOJ8_IA/install/slg_msgs/include/slg_msgs/slg_msgs
[1.235s] -- Up-to-date: /home/rhobtor/PHD/ARGOJ8_IA/install/slg_msgs/include/slg_msgs/slg_msgs/msg
[1.236s] -- Up-to-date: /home/rhobtor/PHD/ARGOJ8_IA/install/slg_msgs/include/slg_msgs/slg_msgs/msg/segment_array.h
[1.237s] -- Up-to-date: /home/rhobtor/PHD/ARGOJ8_IA/install/slg_msgs/include/slg_msgs/slg_msgs/msg/segment.h
[1.237s] -- Up-to-date: /home/rhobtor/PHD/ARGOJ8_IA/install/slg_msgs/include/slg_msgs/slg_msgs/msg/rosidl_generator_c__visibility_control.h
[1.237s] -- Up-to-date: /home/rhobtor/PHD/ARGOJ8_IA/install/slg_msgs/include/slg_msgs/slg_msgs/msg/detail
[1.238s] -- Up-to-date: /home/rhobtor/PHD/ARGOJ8_IA/install/slg_msgs/include/slg_msgs/slg_msgs/msg/detail/segment__functions.c
[1.238s] -- Up-to-date: /home/rhobtor/PHD/ARGOJ8_IA/install/slg_msgs/include/slg_msgs/slg_msgs/msg/detail/segment__type_support.h
[1.238s] -- Up-to-date: /home/rhobtor/PHD/ARGOJ8_IA/install/slg_msgs/include/slg_msgs/slg_msgs/msg/detail/segment_array__functions.h
[1.239s] -- Up-to-date: /home/rhobtor/PHD/ARGOJ8_IA/install/slg_msgs/include/slg_msgs/slg_msgs/msg/detail/segment_array__functions.c
[1.239s] -- Up-to-date: /home/rhobtor/PHD/ARGOJ8_IA/install/slg_msgs/include/slg_msgs/slg_msgs/msg/detail/segment_array__type_support.h
[1.239s] -- Up-to-date: /home/rhobtor/PHD/ARGOJ8_IA/install/slg_msgs/include/slg_msgs/slg_msgs/msg/detail/segment__struct.h
[1.240s] -- Up-to-date: /home/rhobtor/PHD/ARGOJ8_IA/install/slg_msgs/include/slg_msgs/slg_msgs/msg/detail/segment__functions.h
[1.240s] -- Up-to-date: /home/rhobtor/PHD/ARGOJ8_IA/install/slg_msgs/include/slg_msgs/slg_msgs/msg/detail/segment_array__struct.h
[1.240s] -- Up-to-date: /home/rhobtor/PHD/ARGOJ8_IA/install/slg_msgs/share/slg_msgs/environment/library_path.sh
[1.241s] -- Up-to-date: /home/rhobtor/PHD/ARGOJ8_IA/install/slg_msgs/share/slg_msgs/environment/library_path.dsv
[1.241s] -- Up-to-date: /home/rhobtor/PHD/ARGOJ8_IA/install/slg_msgs/lib/libslg_msgs__rosidl_generator_c.so
[1.242s] -- Up-to-date: /home/rhobtor/PHD/ARGOJ8_IA/install/slg_msgs/include/slg_msgs/slg_msgs
[1.242s] -- Up-to-date: /home/rhobtor/PHD/ARGOJ8_IA/install/slg_msgs/include/slg_msgs/slg_msgs/msg
[1.242s] -- Up-to-date: /home/rhobtor/PHD/ARGOJ8_IA/install/slg_msgs/include/slg_msgs/slg_msgs/msg/detail
[1.242s] -- Up-to-date: /home/rhobtor/PHD/ARGOJ8_IA/install/slg_msgs/include/slg_msgs/slg_msgs/msg/detail/segment_array__rosidl_typesupport_fastrtps_c.h
[1.243s] -- Up-to-date: /home/rhobtor/PHD/ARGOJ8_IA/install/slg_msgs/include/slg_msgs/slg_msgs/msg/detail/segment__rosidl_typesupport_fastrtps_c.h
[1.243s] -- Up-to-date: /home/rhobtor/PHD/ARGOJ8_IA/install/slg_msgs/include/slg_msgs/slg_msgs/msg/rosidl_typesupport_fastrtps_c__visibility_control.h
[1.243s] -- Up-to-date: /home/rhobtor/PHD/ARGOJ8_IA/install/slg_msgs/lib/libslg_msgs__rosidl_typesupport_fastrtps_c.so
[1.244s] -- Up-to-date: /home/rhobtor/PHD/ARGOJ8_IA/install/slg_msgs/include/slg_msgs/slg_msgs
[1.244s] -- Up-to-date: /home/rhobtor/PHD/ARGOJ8_IA/install/slg_msgs/include/slg_msgs/slg_msgs/msg
[1.244s] -- Up-to-date: /home/rhobtor/PHD/ARGOJ8_IA/install/slg_msgs/include/slg_msgs/slg_msgs/msg/rosidl_typesupport_introspection_c__visibility_control.h
[1.245s] -- Up-to-date: /home/rhobtor/PHD/ARGOJ8_IA/install/slg_msgs/include/slg_msgs/slg_msgs/msg/detail
[1.245s] -- Up-to-date: /home/rhobtor/PHD/ARGOJ8_IA/install/slg_msgs/include/slg_msgs/slg_msgs/msg/detail/segment__type_support.c
[1.245s] -- Up-to-date: /home/rhobtor/PHD/ARGOJ8_IA/install/slg_msgs/include/slg_msgs/slg_msgs/msg/detail/segment_array__type_support.c
[1.246s] -- Up-to-date: /home/rhobtor/PHD/ARGOJ8_IA/install/slg_msgs/include/slg_msgs/slg_msgs/msg/detail/segment_array__rosidl_typesupport_introspection_c.h
[1.246s] -- Up-to-date: /home/rhobtor/PHD/ARGOJ8_IA/install/slg_msgs/include/slg_msgs/slg_msgs/msg/detail/segment__rosidl_typesupport_introspection_c.h
[1.246s] -- Up-to-date: /home/rhobtor/PHD/ARGOJ8_IA/install/slg_msgs/lib/libslg_msgs__rosidl_typesupport_introspection_c.so
[1.247s] -- Up-to-date: /home/rhobtor/PHD/ARGOJ8_IA/install/slg_msgs/lib/libslg_msgs__rosidl_typesupport_c.so
[1.247s] -- Up-to-date: /home/rhobtor/PHD/ARGOJ8_IA/install/slg_msgs/include/slg_msgs/slg_msgs
[1.248s] -- Up-to-date: /home/rhobtor/PHD/ARGOJ8_IA/install/slg_msgs/include/slg_msgs/slg_msgs/msg
[1.248s] -- Up-to-date: /home/rhobtor/PHD/ARGOJ8_IA/install/slg_msgs/include/slg_msgs/slg_msgs/msg/rosidl_generator_cpp__visibility_control.hpp
[1.250s] -- Up-to-date: /home/rhobtor/PHD/ARGOJ8_IA/install/slg_msgs/include/slg_msgs/slg_msgs/msg/segment_array.hpp
[1.250s] -- Up-to-date: /home/rhobtor/PHD/ARGOJ8_IA/install/slg_msgs/include/slg_msgs/slg_msgs/msg/detail
[1.251s] -- Up-to-date: /home/rhobtor/PHD/ARGOJ8_IA/install/slg_msgs/include/slg_msgs/slg_msgs/msg/detail/segment_array__type_support.hpp
[1.251s] -- Up-to-date: /home/rhobtor/PHD/ARGOJ8_IA/install/slg_msgs/include/slg_msgs/slg_msgs/msg/detail/segment__struct.hpp
[1.252s] -- Up-to-date: /home/rhobtor/PHD/ARGOJ8_IA/install/slg_msgs/include/slg_msgs/slg_msgs/msg/detail/segment_array__builder.hpp
[1.252s] -- Up-to-date: /home/rhobtor/PHD/ARGOJ8_IA/install/slg_msgs/include/slg_msgs/slg_msgs/msg/detail/segment__builder.hpp
[1.252s] -- Up-to-date: /home/rhobtor/PHD/ARGOJ8_IA/install/slg_msgs/include/slg_msgs/slg_msgs/msg/detail/segment_array__struct.hpp
[1.253s] -- Up-to-date: /home/rhobtor/PHD/ARGOJ8_IA/install/slg_msgs/include/slg_msgs/slg_msgs/msg/detail/segment__type_support.hpp
[1.253s] -- Up-to-date: /home/rhobtor/PHD/ARGOJ8_IA/install/slg_msgs/include/slg_msgs/slg_msgs/msg/detail/segment_array__traits.hpp
[1.253s] -- Up-to-date: /home/rhobtor/PHD/ARGOJ8_IA/install/slg_msgs/include/slg_msgs/slg_msgs/msg/detail/segment__traits.hpp
[1.253s] -- Up-to-date: /home/rhobtor/PHD/ARGOJ8_IA/install/slg_msgs/include/slg_msgs/slg_msgs/msg/segment.hpp
[1.253s] -- Up-to-date: /home/rhobtor/PHD/ARGOJ8_IA/install/slg_msgs/include/slg_msgs/slg_msgs
[1.253s] -- Up-to-date: /home/rhobtor/PHD/ARGOJ8_IA/install/slg_msgs/include/slg_msgs/slg_msgs/msg
[1.254s] -- Up-to-date: /home/rhobtor/PHD/ARGOJ8_IA/install/slg_msgs/include/slg_msgs/slg_msgs/msg/rosidl_typesupport_fastrtps_cpp__visibility_control.h
[1.254s] -- Up-to-date: /home/rhobtor/PHD/ARGOJ8_IA/install/slg_msgs/include/slg_msgs/slg_msgs/msg/detail
[1.254s] -- Up-to-date: /home/rhobtor/PHD/ARGOJ8_IA/install/slg_msgs/include/slg_msgs/slg_msgs/msg/detail/segment_array__rosidl_typesupport_fastrtps_cpp.hpp
[1.254s] -- Up-to-date: /home/rhobtor/PHD/ARGOJ8_IA/install/slg_msgs/include/slg_msgs/slg_msgs/msg/detail/segment__rosidl_typesupport_fastrtps_cpp.hpp
[1.254s] -- Up-to-date: /home/rhobtor/PHD/ARGOJ8_IA/install/slg_msgs/include/slg_msgs/slg_msgs/msg/detail/dds_fastrtps
[1.254s] -- Up-to-date: /home/rhobtor/PHD/ARGOJ8_IA/install/slg_msgs/lib/libslg_msgs__rosidl_typesupport_fastrtps_cpp.so
[1.254s] -- Up-to-date: /home/rhobtor/PHD/ARGOJ8_IA/install/slg_msgs/include/slg_msgs/slg_msgs
[1.254s] -- Up-to-date: /home/rhobtor/PHD/ARGOJ8_IA/install/slg_msgs/include/slg_msgs/slg_msgs/msg
[1.254s] -- Up-to-date: /home/rhobtor/PHD/ARGOJ8_IA/install/slg_msgs/include/slg_msgs/slg_msgs/msg/detail
[1.255s] -- Up-to-date: /home/rhobtor/PHD/ARGOJ8_IA/install/slg_msgs/include/slg_msgs/slg_msgs/msg/detail/segment_array__type_support.cpp
[1.255s] -- Up-to-date: /home/rhobtor/PHD/ARGOJ8_IA/install/slg_msgs/include/slg_msgs/slg_msgs/msg/detail/segment__rosidl_typesupport_introspection_cpp.hpp
[1.255s] -- Up-to-date: /home/rhobtor/PHD/ARGOJ8_IA/install/slg_msgs/include/slg_msgs/slg_msgs/msg/detail/segment_array__rosidl_typesupport_introspection_cpp.hpp
[1.255s] -- Up-to-date: /home/rhobtor/PHD/ARGOJ8_IA/install/slg_msgs/include/slg_msgs/slg_msgs/msg/detail/segment__type_support.cpp
[1.255s] -- Up-to-date: /home/rhobtor/PHD/ARGOJ8_IA/install/slg_msgs/lib/libslg_msgs__rosidl_typesupport_introspection_cpp.so
[1.256s] -- Up-to-date: /home/rhobtor/PHD/ARGOJ8_IA/install/slg_msgs/lib/libslg_msgs__rosidl_typesupport_cpp.so
[1.256s] -- Up-to-date: /home/rhobtor/PHD/ARGOJ8_IA/install/slg_msgs/share/slg_msgs/environment/pythonpath.sh
[1.256s] -- Up-to-date: /home/rhobtor/PHD/ARGOJ8_IA/install/slg_msgs/share/slg_msgs/environment/pythonpath.dsv
[1.256s] -- Up-to-date: /home/rhobtor/PHD/ARGOJ8_IA/install/slg_msgs/local/lib/python3.10/dist-packages/slg_msgs-3.8.0-py3.10.egg-info
[1.256s] -- Installing: /home/rhobtor/PHD/ARGOJ8_IA/install/slg_msgs/local/lib/python3.10/dist-packages/slg_msgs-3.8.0-py3.10.egg-info/top_level.txt
[1.256s] -- Installing: /home/rhobtor/PHD/ARGOJ8_IA/install/slg_msgs/local/lib/python3.10/dist-packages/slg_msgs-3.8.0-py3.10.egg-info/SOURCES.txt
[1.257s] -- Installing: /home/rhobtor/PHD/ARGOJ8_IA/install/slg_msgs/local/lib/python3.10/dist-packages/slg_msgs-3.8.0-py3.10.egg-info/PKG-INFO
[1.257s] -- Installing: /home/rhobtor/PHD/ARGOJ8_IA/install/slg_msgs/local/lib/python3.10/dist-packages/slg_msgs-3.8.0-py3.10.egg-info/dependency_links.txt
[1.257s] -- Up-to-date: /home/rhobtor/PHD/ARGOJ8_IA/install/slg_msgs/local/lib/python3.10/dist-packages/slg_msgs
[1.258s] -- Up-to-date: /home/rhobtor/PHD/ARGOJ8_IA/install/slg_msgs/local/lib/python3.10/dist-packages/slg_msgs/slg_msgs_s__rosidl_typesupport_introspection_c.cpython-310-x86_64-linux-gnu.so
[1.258s] -- Up-to-date: /home/rhobtor/PHD/ARGOJ8_IA/install/slg_msgs/local/lib/python3.10/dist-packages/slg_msgs/_slg_msgs_s.ep.rosidl_typesupport_fastrtps_c.c
[1.259s] -- Up-to-date: /home/rhobtor/PHD/ARGOJ8_IA/install/slg_msgs/local/lib/python3.10/dist-packages/slg_msgs/_slg_msgs_s.ep.rosidl_typesupport_c.c
[1.259s] -- Up-to-date: /home/rhobtor/PHD/ARGOJ8_IA/install/slg_msgs/local/lib/python3.10/dist-packages/slg_msgs/_slg_msgs_s.ep.rosidl_typesupport_introspection_c.c
[1.259s] -- Up-to-date: /home/rhobtor/PHD/ARGOJ8_IA/install/slg_msgs/local/lib/python3.10/dist-packages/slg_msgs/__init__.py
[1.260s] -- Up-to-date: /home/rhobtor/PHD/ARGOJ8_IA/install/slg_msgs/local/lib/python3.10/dist-packages/slg_msgs/slg_msgs_s__rosidl_typesupport_fastrtps_c.cpython-310-x86_64-linux-gnu.so
[1.260s] -- Up-to-date: /home/rhobtor/PHD/ARGOJ8_IA/install/slg_msgs/local/lib/python3.10/dist-packages/slg_msgs/slg_msgs_s__rosidl_typesupport_c.cpython-310-x86_64-linux-gnu.so
[1.260s] -- Up-to-date: /home/rhobtor/PHD/ARGOJ8_IA/install/slg_msgs/local/lib/python3.10/dist-packages/slg_msgs/msg
[1.260s] -- Up-to-date: /home/rhobtor/PHD/ARGOJ8_IA/install/slg_msgs/local/lib/python3.10/dist-packages/slg_msgs/msg/_segment_array_s.c
[1.260s] -- Up-to-date: /home/rhobtor/PHD/ARGOJ8_IA/install/slg_msgs/local/lib/python3.10/dist-packages/slg_msgs/msg/__init__.py
[1.260s] -- Up-to-date: /home/rhobtor/PHD/ARGOJ8_IA/install/slg_msgs/local/lib/python3.10/dist-packages/slg_msgs/msg/_segment_array.py
[1.260s] -- Up-to-date: /home/rhobtor/PHD/ARGOJ8_IA/install/slg_msgs/local/lib/python3.10/dist-packages/slg_msgs/msg/_segment_s.c
[1.260s] -- Up-to-date: /home/rhobtor/PHD/ARGOJ8_IA/install/slg_msgs/local/lib/python3.10/dist-packages/slg_msgs/msg/_segment.py
[1.260s] -- Up-to-date: /home/rhobtor/PHD/ARGOJ8_IA/install/slg_msgs/local/lib/python3.10/dist-packages/slg_msgs/libslg_msgs__rosidl_generator_py.so
[1.280s] Listing '/home/rhobtor/PHD/ARGOJ8_IA/install/slg_msgs/local/lib/python3.10/dist-packages/slg_msgs'...
[1.280s] Listing '/home/rhobtor/PHD/ARGOJ8_IA/install/slg_msgs/local/lib/python3.10/dist-packages/slg_msgs/msg'...
[1.280s] -- Up-to-date: /home/rhobtor/PHD/ARGOJ8_IA/install/slg_msgs/local/lib/python3.10/dist-packages/slg_msgs/slg_msgs_s__rosidl_typesupport_fastrtps_c.cpython-310-x86_64-linux-gnu.so
[1.281s] -- Up-to-date: /home/rhobtor/PHD/ARGOJ8_IA/install/slg_msgs/local/lib/python3.10/dist-packages/slg_msgs/slg_msgs_s__rosidl_typesupport_introspection_c.cpython-310-x86_64-linux-gnu.so
[1.281s] -- Up-to-date: /home/rhobtor/PHD/ARGOJ8_IA/install/slg_msgs/local/lib/python3.10/dist-packages/slg_msgs/slg_msgs_s__rosidl_typesupport_c.cpython-310-x86_64-linux-gnu.so
[1.281s] -- Up-to-date: /home/rhobtor/PHD/ARGOJ8_IA/install/slg_msgs/lib/libslg_msgs__rosidl_generator_py.so
[1.281s] -- Up-to-date: /home/rhobtor/PHD/ARGOJ8_IA/install/slg_msgs/share/slg_msgs/msg/Segment.idl
[1.281s] -- Up-to-date: /home/rhobtor/PHD/ARGOJ8_IA/install/slg_msgs/share/slg_msgs/msg/SegmentArray.idl
[1.281s] -- Up-to-date: /home/rhobtor/PHD/ARGOJ8_IA/install/slg_msgs/share/slg_msgs/msg/Segment.msg
[1.281s] -- Up-to-date: /home/rhobtor/PHD/ARGOJ8_IA/install/slg_msgs/share/slg_msgs/msg/SegmentArray.msg
[1.281s] -- Up-to-date: /home/rhobtor/PHD/ARGOJ8_IA/install/slg_msgs/include/slg_msgs
[1.281s] -- Up-to-date: /home/rhobtor/PHD/ARGOJ8_IA/install/slg_msgs/include/slg_msgs/segment2D.hpp
[1.281s] -- Up-to-date: /home/rhobtor/PHD/ARGOJ8_IA/install/slg_msgs/include/slg_msgs/polygon.hpp
[1.281s] -- Up-to-date: /home/rhobtor/PHD/ARGOJ8_IA/install/slg_msgs/include/slg_msgs/point2D.hpp
[1.282s] -- Up-to-date: /home/rhobtor/PHD/ARGOJ8_IA/install/slg_msgs/share/ament_index/resource_index/package_run_dependencies/slg_msgs
[1.282s] -- Up-to-date: /home/rhobtor/PHD/ARGOJ8_IA/install/slg_msgs/share/ament_index/resource_index/parent_prefix_path/slg_msgs
[1.282s] -- Up-to-date: /home/rhobtor/PHD/ARGOJ8_IA/install/slg_msgs/share/slg_msgs/environment/ament_prefix_path.sh
[1.282s] -- Up-to-date: /home/rhobtor/PHD/ARGOJ8_IA/install/slg_msgs/share/slg_msgs/environment/ament_prefix_path.dsv
[1.282s] -- Up-to-date: /home/rhobtor/PHD/ARGOJ8_IA/install/slg_msgs/share/slg_msgs/environment/path.sh
[1.282s] -- Up-to-date: /home/rhobtor/PHD/ARGOJ8_IA/install/slg_msgs/share/slg_msgs/environment/path.dsv
[1.282s] -- Up-to-date: /home/rhobtor/PHD/ARGOJ8_IA/install/slg_msgs/share/slg_msgs/local_setup.bash
[1.282s] -- Up-to-date: /home/rhobtor/PHD/ARGOJ8_IA/install/slg_msgs/share/slg_msgs/local_setup.sh
[1.282s] -- Up-to-date: /home/rhobtor/PHD/ARGOJ8_IA/install/slg_msgs/share/slg_msgs/local_setup.zsh
[1.282s] -- Up-to-date: /home/rhobtor/PHD/ARGOJ8_IA/install/slg_msgs/share/slg_msgs/local_setup.dsv
[1.282s] -- Installing: /home/rhobtor/PHD/ARGOJ8_IA/install/slg_msgs/share/slg_msgs/package.dsv
[1.282s] -- Up-to-date: /home/rhobtor/PHD/ARGOJ8_IA/install/slg_msgs/share/ament_index/resource_index/packages/slg_msgs
[1.282s] -- Up-to-date: /home/rhobtor/PHD/ARGOJ8_IA/install/slg_msgs/share/slg_msgs/cmake/export_slg_msgs__rosidl_generator_cExport.cmake
[1.282s] -- Up-to-date: /home/rhobtor/PHD/ARGOJ8_IA/install/slg_msgs/share/slg_msgs/cmake/export_slg_msgs__rosidl_generator_cExport-release.cmake
[1.282s] -- Up-to-date: /home/rhobtor/PHD/ARGOJ8_IA/install/slg_msgs/share/slg_msgs/cmake/export_slg_msgs__rosidl_typesupport_fastrtps_cExport.cmake
[1.283s] -- Up-to-date: /home/rhobtor/PHD/ARGOJ8_IA/install/slg_msgs/share/slg_msgs/cmake/export_slg_msgs__rosidl_typesupport_fastrtps_cExport-release.cmake
[1.283s] -- Up-to-date: /home/rhobtor/PHD/ARGOJ8_IA/install/slg_msgs/share/slg_msgs/cmake/slg_msgs__rosidl_typesupport_introspection_cExport.cmake
[1.283s] -- Up-to-date: /home/rhobtor/PHD/ARGOJ8_IA/install/slg_msgs/share/slg_msgs/cmake/slg_msgs__rosidl_typesupport_introspection_cExport-release.cmake
[1.283s] -- Up-to-date: /home/rhobtor/PHD/ARGOJ8_IA/install/slg_msgs/share/slg_msgs/cmake/slg_msgs__rosidl_typesupport_cExport.cmake
[1.283s] -- Up-to-date: /home/rhobtor/PHD/ARGOJ8_IA/install/slg_msgs/share/slg_msgs/cmake/slg_msgs__rosidl_typesupport_cExport-release.cmake
[1.283s] -- Up-to-date: /home/rhobtor/PHD/ARGOJ8_IA/install/slg_msgs/share/slg_msgs/cmake/export_slg_msgs__rosidl_generator_cppExport.cmake
[1.283s] -- Up-to-date: /home/rhobtor/PHD/ARGOJ8_IA/install/slg_msgs/share/slg_msgs/cmake/export_slg_msgs__rosidl_typesupport_fastrtps_cppExport.cmake
[1.283s] -- Up-to-date: /home/rhobtor/PHD/ARGOJ8_IA/install/slg_msgs/share/slg_msgs/cmake/export_slg_msgs__rosidl_typesupport_fastrtps_cppExport-release.cmake
[1.283s] -- Up-to-date: /home/rhobtor/PHD/ARGOJ8_IA/install/slg_msgs/share/slg_msgs/cmake/slg_msgs__rosidl_typesupport_introspection_cppExport.cmake
[1.283s] -- Up-to-date: /home/rhobtor/PHD/ARGOJ8_IA/install/slg_msgs/share/slg_msgs/cmake/slg_msgs__rosidl_typesupport_introspection_cppExport-release.cmake
[1.283s] -- Up-to-date: /home/rhobtor/PHD/ARGOJ8_IA/install/slg_msgs/share/slg_msgs/cmake/slg_msgs__rosidl_typesupport_cppExport.cmake
[1.283s] -- Up-to-date: /home/rhobtor/PHD/ARGOJ8_IA/install/slg_msgs/share/slg_msgs/cmake/slg_msgs__rosidl_typesupport_cppExport-release.cmake
[1.283s] -- Up-to-date: /home/rhobtor/PHD/ARGOJ8_IA/install/slg_msgs/share/slg_msgs/cmake/export_slg_msgs__rosidl_generator_pyExport.cmake
[1.283s] -- Up-to-date: /home/rhobtor/PHD/ARGOJ8_IA/install/slg_msgs/share/slg_msgs/cmake/export_slg_msgs__rosidl_generator_pyExport-release.cmake
[1.283s] -- Up-to-date: /home/rhobtor/PHD/ARGOJ8_IA/install/slg_msgs/share/slg_msgs/cmake/export_slg_msgsExport.cmake
[1.283s] -- Up-to-date: /home/rhobtor/PHD/ARGOJ8_IA/install/slg_msgs/share/slg_msgs/cmake/rosidl_cmake-extras.cmake
[1.283s] -- Up-to-date: /home/rhobtor/PHD/ARGOJ8_IA/install/slg_msgs/share/slg_msgs/cmake/ament_cmake_export_dependencies-extras.cmake
[1.284s] -- Up-to-date: /home/rhobtor/PHD/ARGOJ8_IA/install/slg_msgs/share/slg_msgs/cmake/ament_cmake_export_include_directories-extras.cmake
[1.284s] -- Up-to-date: /home/rhobtor/PHD/ARGOJ8_IA/install/slg_msgs/share/slg_msgs/cmake/ament_cmake_export_libraries-extras.cmake
[1.286s] -- Up-to-date: /home/rhobtor/PHD/ARGOJ8_IA/install/slg_msgs/share/slg_msgs/cmake/ament_cmake_export_targets-extras.cmake
[1.286s] -- Up-to-date: /home/rhobtor/PHD/ARGOJ8_IA/install/slg_msgs/share/slg_msgs/cmake/rosidl_cmake_export_typesupport_targets-extras.cmake
[1.286s] -- Up-to-date: /home/rhobtor/PHD/ARGOJ8_IA/install/slg_msgs/share/slg_msgs/cmake/rosidl_cmake_export_typesupport_libraries-extras.cmake
[1.286s] -- Up-to-date: /home/rhobtor/PHD/ARGOJ8_IA/install/slg_msgs/share/slg_msgs/cmake/slg_msgsConfig.cmake
[1.286s] -- Up-to-date: /home/rhobtor/PHD/ARGOJ8_IA/install/slg_msgs/share/slg_msgs/cmake/slg_msgsConfig-version.cmake
[1.286s] -- Up-to-date: /home/rhobtor/PHD/ARGOJ8_IA/install/slg_msgs/share/slg_msgs/package.xml
[1.522s] Invoked command in '/home/rhobtor/PHD/ARGOJ8_IA/build/slg_msgs' returned '0': CMAKE_PREFIX_PATH=${CMAKE_PREFIX_PATH}:/home/rhobtor/PHD/reactive/Reactive-Navegation/workspace_full_conected/install/car:/opt/ros/humble /opt/st/stm32cubeclt_1.18.0/CMake/bin/cmake --install /home/rhobtor/PHD/ARGOJ8_IA/build/slg_msgs
