[0.035s] Invoking command in '/home/rhobtor/PHD/ARGOJ8_IA/build/laser_segmentation': AMENT_PREFIX_PATH=/home/rhobtor/PHD/ARGOJ8_IA/install/slg_msgs:${AMENT_PREFIX_PATH} CMAKE_PREFIX_PATH=/home/rhobtor/PHD/ARGOJ8_IA/install/slg_msgs:/home/rhobtor/PHD/reactive/Reactive-Navegation/workspace_full_conected/install/octomap_mapping:/home/rhobtor/PHD/reactive/Reactive-Navegation/workspace_full_conected/install/octomap_server:/home/rhobtor/PHD/reactive/Reactive-Navegation/workspace_full_conected/install/octomap_rviz_plugins:/home/rhobtor/PHD/reactive/Reactive-Navegation/workspace_full_conected/install/hector_gazebo_plugins:/home/rhobtor/PHD/reactive/Reactive-Navegation/workspace_full_conected/install/car_cpp:/home/rhobtor/PHD/reactive/Reactive-Navegation/workspace_full_conected/install/car_interfaces:/home/rhobtor/PHD/reactive/Reactive-Navegation/workspace_full_conected/install/car:/opt/ros/humble LD_LIBRARY_PATH=/home/rhobtor/PHD/ARGOJ8_IA/install/slg_msgs/lib:${LD_LIBRARY_PATH} PYTHONPATH=/home/rhobtor/PHD/ARGOJ8_IA/install/slg_msgs/local/lib/python3.10/dist-packages:${PYTHONPATH} /opt/st/stm32cubeclt_1.18.0/CMake/bin/cmake /home/rhobtor/PHD/ARGOJ8_IA/src/lidar_process_pkgs/laser_segmentation -DCMAKE_INSTALL_PREFIX=/home/rhobtor/PHD/ARGOJ8_IA/install/laser_segmentation
[0.115s] -- The C compiler identification is GNU 11.4.0
[0.203s] -- The CXX compiler identification is GNU 11.4.0
[0.227s] -- Detecting C compiler ABI info
[0.315s] -- Detecting C compiler ABI info - done
[0.334s] -- Check for working C compiler: /usr/bin/cc - skipped
[0.334s] -- Detecting C compile features
[0.335s] -- Detecting C compile features - done
[0.348s] -- Detecting CXX compiler ABI info
[0.456s] -- Detecting CXX compiler ABI info - done
[0.481s] -- Check for working CXX compiler: /usr/bin/c++ - skipped
[0.482s] -- Detecting CXX compile features
[0.483s] -- Detecting CXX compile features - done
[0.484s] -- Setting build type to Release as none was specified.
[0.488s] -- Found ament_cmake: 1.3.11 (/opt/ros/humble/share/ament_cmake/cmake)
[0.713s] -- Found Python3: /usr/bin/python3 (found version "3.10.12") found components: Interpreter 
[0.870s] -- Found rclcpp: 16.0.12 (/opt/ros/humble/share/rclcpp/cmake)
[0.962s] -- Found rosidl_generator_c: 3.1.6 (/opt/ros/humble/share/rosidl_generator_c/cmake)
[0.974s] -- Found rosidl_adapter: 3.1.6 (/opt/ros/humble/share/rosidl_adapter/cmake)
[0.993s] -- Found rosidl_generator_cpp: 3.1.6 (/opt/ros/humble/share/rosidl_generator_cpp/cmake)
[1.022s] -- Using all available rosidl_typesupport_c: rosidl_typesupport_fastrtps_c;rosidl_typesupport_introspection_c
[1.062s] -- Using all available rosidl_typesupport_cpp: rosidl_typesupport_fastrtps_cpp;rosidl_typesupport_introspection_cpp
[1.166s] -- Found rmw_implementation_cmake: 6.1.2 (/opt/ros/humble/share/rmw_implementation_cmake/cmake)
[1.173s] -- Found rmw_fastrtps_cpp: 6.2.7 (/opt/ros/humble/share/rmw_fastrtps_cpp/cmake)
[1.320s] -- Found OpenSSL: /usr/lib/x86_64-linux-gnu/libcrypto.so (found version "3.0.2")  
[1.372s] -- Found FastRTPS: /opt/ros/humble/include  
[1.450s] -- Using RMW implementation 'rmw_fastrtps_cpp' as default
[1.468s] -- Performing Test CMAKE_HAVE_LIBC_PTHREAD
[1.559s] -- Performing Test CMAKE_HAVE_LIBC_PTHREAD - Success
[1.560s] -- Found Threads: TRUE  
[1.690s] -- Found rclcpp_components: 16.0.12 (/opt/ros/humble/share/rclcpp_components/cmake)
[1.754s] -- Found sensor_msgs: 4.8.0 (/opt/ros/humble/share/sensor_msgs/cmake)
[1.832s] -- Found visualization_msgs: 4.8.0 (/opt/ros/humble/share/visualization_msgs/cmake)
[1.890s] -- Found nav2_util: 1.1.18 (/opt/ros/humble/share/nav2_util/cmake)
[2.229s] -- Found eigen3_cmake_module: 0.1.1 (/opt/ros/humble/share/eigen3_cmake_module/cmake)
[2.232s] -- Found Eigen3: TRUE (found version "3.4.0") 
[2.232s] -- Ensuring Eigen3 include directory is part of orocos-kdl CMake target
[2.370s] -- Found slg_msgs: 3.8.0 (/home/rhobtor/PHD/ARGOJ8_IA/install/slg_msgs/share/slg_msgs/cmake)
[2.415s] -- Found pcl_ros: 2.4.5 (/opt/ros/humble/share/pcl_ros/cmake)
[2.499s] [33mCMake Warning (dev) at /usr/lib/x86_64-linux-gnu/cmake/pcl/PCLConfig.cmake:146 (find_package):
[2.499s]   Policy CMP0144 is not set: find_package uses upper-case <PACKAGENAME>_ROOT
[2.500s]   variables.  Run "cmake --help-policy CMP0144" for policy details.  Use the
[2.500s]   cmake_policy command to set the policy and suppress this warning.
[2.500s] 
[2.500s]   CMake variable EIGEN_ROOT is set to:
[2.500s] 
[2.500s]     /usr/include/eigen3
[2.500s] 
[2.500s]   For compatibility, find_package is ignoring the variable, but code in a
[2.500s]   .cmake module might still use it.
[2.500s] Call Stack (most recent call first):
[2.500s]   /usr/lib/x86_64-linux-gnu/cmake/pcl/PCLConfig.cmake:299 (find_eigen)
[2.500s]   /usr/lib/x86_64-linux-gnu/cmake/pcl/PCLConfig.cmake:543 (find_external_library)
[2.501s]   /opt/ros/humble/share/pcl_conversions/cmake/ament_cmake_export_dependencies-extras.cmake:21 (find_package)
[2.501s]   /opt/ros/humble/share/pcl_conversions/cmake/pcl_conversionsConfig.cmake:41 (include)
[2.501s]   /opt/ros/humble/share/pcl_ros/cmake/ament_cmake_export_dependencies-extras.cmake:21 (find_package)
[2.501s]   /opt/ros/humble/share/pcl_ros/cmake/pcl_rosConfig.cmake:41 (include)
[2.501s]   CMakeLists.txt:54 (find_package)
[2.501s] This warning is for project developers.  Use -Wno-dev to suppress it.
[2.501s] [0m
[2.507s] -- Checking for module 'eigen3'
[2.526s] --   Found eigen3, version 3.4.0
[2.568s] -- Found Eigen: /usr/include/eigen3 (Required is at least version "3.1") 
[2.568s] -- Eigen found (include: /usr/include/eigen3, version: 3.4.0)
[2.611s] [33mCMake Warning (dev) at /usr/lib/x86_64-linux-gnu/cmake/pcl/Modules/FindFLANN.cmake:44 (find_package):
[2.611s]   Policy CMP0144 is not set: find_package uses upper-case <PACKAGENAME>_ROOT
[2.612s]   variables.  Run "cmake --help-policy CMP0144" for policy details.  Use the
[2.612s]   cmake_policy command to set the policy and suppress this warning.
[2.612s] 
[2.612s]   CMake variable FLANN_ROOT is set to:
[2.612s] 
[2.612s]     /usr
[2.612s] 
[2.612s]   For compatibility, find_package is ignoring the variable, but code in a
[2.612s]   .cmake module might still use it.
[2.612s] Call Stack (most recent call first):
[2.612s]   /usr/lib/x86_64-linux-gnu/cmake/pcl/PCLConfig.cmake:256 (find_package)
[2.612s]   /usr/lib/x86_64-linux-gnu/cmake/pcl/PCLConfig.cmake:301 (find_flann)
[2.612s]   /usr/lib/x86_64-linux-gnu/cmake/pcl/PCLConfig.cmake:543 (find_external_library)
[2.613s]   /opt/ros/humble/share/pcl_conversions/cmake/ament_cmake_export_dependencies-extras.cmake:21 (find_package)
[2.613s]   /opt/ros/humble/share/pcl_conversions/cmake/pcl_conversionsConfig.cmake:41 (include)
[2.613s]   /opt/ros/humble/share/pcl_ros/cmake/ament_cmake_export_dependencies-extras.cmake:21 (find_package)
[2.613s]   /opt/ros/humble/share/pcl_ros/cmake/pcl_rosConfig.cmake:41 (include)
[2.613s]   CMakeLists.txt:54 (find_package)
[2.613s] This warning is for project developers.  Use -Wno-dev to suppress it.
[2.613s] [0m
[2.635s] -- Checking for module 'flann'
[2.653s] --   Found flann, version 1.9.1
[2.714s] -- Found FLANN: /usr/lib/x86_64-linux-gnu/libflann_cpp.so  
[2.714s] -- FLANN found (include: /usr/include, lib: /usr/lib/x86_64-linux-gnu/libflann_cpp.so)
[4.372s] -- Checking for module 'libusb-1.0'
[4.394s] --   Found libusb-1.0, version 1.0.25
[4.444s] -- Found libusb: /usr/lib/x86_64-linux-gnu/libusb-1.0.so  
[4.446s] -- OpenNI found (version: 1.5.4.0, include: /usr/include/ni, lib: /usr/lib/libOpenNI.so;libusb::libusb)
[4.531s] -- OpenNI2 found (version: 2.2.0.33, include: /usr/include/openni2, lib: /usr/lib/x86_64-linux-gnu/libOpenNI2.so;libusb::libusb)
[5.123s] -- Eigen found (include: /usr/include/eigen3, version: 3.4.0)
[5.135s] -- OpenNI found (version: 1.5.4.0, include: /usr/include/ni, lib: /usr/lib/libOpenNI.so;libusb::libusb)
[5.147s] -- OpenNI2 found (version: 2.2.0.33, include: /usr/include/openni2, lib: /usr/lib/x86_64-linux-gnu/libOpenNI2.so;libusb::libusb)
[5.737s] -- Found Qhull version 8.0.2
[6.323s] -- OpenNI found (version: 1.5.4.0, include: /usr/include/ni, lib: /usr/lib/libOpenNI.so;libusb::libusb)
[6.874s] -- Found PCL_COMMON: /usr/lib/x86_64-linux-gnu/libpcl_common.so  
[6.877s] -- Found PCL_KDTREE: /usr/lib/x86_64-linux-gnu/libpcl_kdtree.so  
[6.879s] -- Found PCL_OCTREE: /usr/lib/x86_64-linux-gnu/libpcl_octree.so  
[6.882s] -- Found PCL_SEARCH: /usr/lib/x86_64-linux-gnu/libpcl_search.so  
[6.883s] -- Found PCL_SAMPLE_CONSENSUS: /usr/lib/x86_64-linux-gnu/libpcl_sample_consensus.so  
[6.886s] -- Found PCL_FILTERS: /usr/lib/x86_64-linux-gnu/libpcl_filters.so  
[6.888s] -- Found PCL_2D: /usr/include/pcl-1.12  
[6.888s] -- Found PCL_GEOMETRY: /usr/include/pcl-1.12  
[6.890s] -- Found PCL_IO: /usr/lib/x86_64-linux-gnu/libpcl_io.so  
[6.892s] -- Found PCL_FEATURES: /usr/lib/x86_64-linux-gnu/libpcl_features.so  
[6.895s] -- Found PCL_ML: /usr/lib/x86_64-linux-gnu/libpcl_ml.so  
[6.897s] -- Found PCL_SEGMENTATION: /usr/lib/x86_64-linux-gnu/libpcl_segmentation.so  
[6.900s] -- Found PCL_VISUALIZATION: /usr/lib/x86_64-linux-gnu/libpcl_visualization.so  
[6.902s] -- Found PCL_SURFACE: /usr/lib/x86_64-linux-gnu/libpcl_surface.so  
[6.904s] -- Found PCL_REGISTRATION: /usr/lib/x86_64-linux-gnu/libpcl_registration.so  
[6.907s] -- Found PCL_KEYPOINTS: /usr/lib/x86_64-linux-gnu/libpcl_keypoints.so  
[6.909s] -- Found PCL_TRACKING: /usr/lib/x86_64-linux-gnu/libpcl_tracking.so  
[6.912s] -- Found PCL_RECOGNITION: /usr/lib/x86_64-linux-gnu/libpcl_recognition.so  
[6.915s] -- Found PCL_STEREO: /usr/lib/x86_64-linux-gnu/libpcl_stereo.so  
[6.916s] -- Found PCL_APPS: /usr/lib/x86_64-linux-gnu/libpcl_apps.so  
[6.918s] -- Found PCL_IN_HAND_SCANNER: /usr/include/pcl-1.12  
[6.919s] -- Found PCL_MODELER: /usr/include/pcl-1.12  
[6.920s] -- Found PCL_POINT_CLOUD_EDITOR: /usr/include/pcl-1.12  
[6.923s] -- Found PCL_OUTOFCORE: /usr/lib/x86_64-linux-gnu/libpcl_outofcore.so  
[6.925s] -- Found PCL_PEOPLE: /usr/lib/x86_64-linux-gnu/libpcl_people.so  
[6.952s] [33mCMake Warning (dev) at CMakeLists.txt:55 (find_package):
[6.953s]   Policy CMP0074 is not set: find_package uses <PackageName>_ROOT variables.
[6.953s]   Run "cmake --help-policy CMP0074" for policy details.  Use the cmake_policy
[6.953s]   command to set the policy and suppress this warning.
[6.953s] 
[6.953s]   CMake variable PCL_ROOT is set to:
[6.953s] 
[6.953s]     /usr
[6.953s] 
[6.953s]   For compatibility, CMake is ignoring the variable.
[6.953s] This warning is for project developers.  Use -Wno-dev to suppress it.
[6.953s] [0m
[6.969s] -- Found tf2_eigen: 0.25.12 (/opt/ros/humble/share/tf2_eigen/cmake)
[7.077s] -- Found ament_lint_auto: 0.12.12 (/opt/ros/humble/share/ament_lint_auto/cmake)
[7.227s] -- Found gtest sources under '/opt/ros/humble/src/gtest_vendor': C++ tests using 'Google Test' will be built
[7.393s] -- Added test 'cppcheck' to perform static code analysis on C / C++ code
[7.395s] -- Configured cppcheck include dirs: /home/rhobtor/PHD/ARGOJ8_IA/src/lidar_process_pkgs/laser_segmentation/include
[7.395s] -- Configured cppcheck exclude dirs and/or files: 
[7.398s] -- Added test 'cpplint' to check C / C++ code against the Google style
[7.398s] -- Configured cpplint exclude dirs and/or files: 
[7.400s] -- Added test 'flake8' to check Python code syntax and style conventions
[7.402s] -- Added test 'lint_cmake' to check CMake code style
[7.403s] -- Added test 'pep257' to check Python code against some of the docstring style conventions in PEP 257
[7.406s] -- Added test 'uncrustify' to check C / C++ code style
[7.406s] -- Configured uncrustify additional arguments: 
[7.408s] -- Added test 'xmllint' to check XML markup files
[7.413s] -- Configuring done (7.4s)
[7.840s] -- Generating done (0.3s)
[7.888s] -- Build files have been written to: /home/rhobtor/PHD/ARGOJ8_IA/build/laser_segmentation
[7.922s] Invoked command in '/home/rhobtor/PHD/ARGOJ8_IA/build/laser_segmentation' returned '0': AMENT_PREFIX_PATH=/home/rhobtor/PHD/ARGOJ8_IA/install/slg_msgs:${AMENT_PREFIX_PATH} CMAKE_PREFIX_PATH=/home/rhobtor/PHD/ARGOJ8_IA/install/slg_msgs:/home/rhobtor/PHD/reactive/Reactive-Navegation/workspace_full_conected/install/octomap_mapping:/home/rhobtor/PHD/reactive/Reactive-Navegation/workspace_full_conected/install/octomap_server:/home/rhobtor/PHD/reactive/Reactive-Navegation/workspace_full_conected/install/octomap_rviz_plugins:/home/rhobtor/PHD/reactive/Reactive-Navegation/workspace_full_conected/install/hector_gazebo_plugins:/home/rhobtor/PHD/reactive/Reactive-Navegation/workspace_full_conected/install/car_cpp:/home/rhobtor/PHD/reactive/Reactive-Navegation/workspace_full_conected/install/car_interfaces:/home/rhobtor/PHD/reactive/Reactive-Navegation/workspace_full_conected/install/car:/opt/ros/humble LD_LIBRARY_PATH=/home/rhobtor/PHD/ARGOJ8_IA/install/slg_msgs/lib:${LD_LIBRARY_PATH} PYTHONPATH=/home/rhobtor/PHD/ARGOJ8_IA/install/slg_msgs/local/lib/python3.10/dist-packages:${PYTHONPATH} /opt/st/stm32cubeclt_1.18.0/CMake/bin/cmake /home/rhobtor/PHD/ARGOJ8_IA/src/lidar_process_pkgs/laser_segmentation -DCMAKE_INSTALL_PREFIX=/home/rhobtor/PHD/ARGOJ8_IA/install/laser_segmentation
[7.926s] Invoking command in '/home/rhobtor/PHD/ARGOJ8_IA/build/laser_segmentation': AMENT_PREFIX_PATH=/home/rhobtor/PHD/ARGOJ8_IA/install/slg_msgs:${AMENT_PREFIX_PATH} CMAKE_PREFIX_PATH=/home/rhobtor/PHD/ARGOJ8_IA/install/slg_msgs:/home/rhobtor/PHD/reactive/Reactive-Navegation/workspace_full_conected/install/octomap_mapping:/home/rhobtor/PHD/reactive/Reactive-Navegation/workspace_full_conected/install/octomap_server:/home/rhobtor/PHD/reactive/Reactive-Navegation/workspace_full_conected/install/octomap_rviz_plugins:/home/rhobtor/PHD/reactive/Reactive-Navegation/workspace_full_conected/install/hector_gazebo_plugins:/home/rhobtor/PHD/reactive/Reactive-Navegation/workspace_full_conected/install/car_cpp:/home/rhobtor/PHD/reactive/Reactive-Navegation/workspace_full_conected/install/car_interfaces:/home/rhobtor/PHD/reactive/Reactive-Navegation/workspace_full_conected/install/car:/opt/ros/humble LD_LIBRARY_PATH=/home/rhobtor/PHD/ARGOJ8_IA/install/slg_msgs/lib:${LD_LIBRARY_PATH} PYTHONPATH=/home/rhobtor/PHD/ARGOJ8_IA/install/slg_msgs/local/lib/python3.10/dist-packages:${PYTHONPATH} /opt/st/stm32cubeclt_1.18.0/CMake/bin/cmake --build /home/rhobtor/PHD/ARGOJ8_IA/build/laser_segmentation -- -j16 -l16
[7.966s] [  5%] [32mBuilding CXX object CMakeFiles/laser_segmentation_component.dir/src/segmentation/jump_distance.cpp.o[0m
[9.332s] [ 11%] [32mBuilding CXX object CMakeFiles/laser_segmentation_component.dir/src/laser_segmentation.cpp.o[0m
[33.183s] [ 17%] [32mBuilding CXX object CMakeFiles/laser_segmentation_component.dir/src/parameter_handler.cpp.o[0m
[39.268s] [ 23%] [32mBuilding CXX object CMakeFiles/laser_segmentation_component.dir/src/segmentation/jump_distance_merge.cpp.o[0m
[40.580s] [ 29%] [32m[1mLinking CXX shared library liblaser_segmentation_component.so[0m
[41.406s] [ 29%] Built target laser_segmentation_component
[41.424s] [ 35%] [32mBuilding CXX object gtest/CMakeFiles/gtest.dir/src/gtest-all.cc.o[0m
[41.424s] [ 41%] [32mBuilding CXX object CMakeFiles/laser_segmentation.dir/src/main.cpp.o[0m
[41.424s] [ 47%] [32mBuilding CXX object gtest/CMakeFiles/gtest_main.dir/src/gtest_main.cc.o[0m
[43.378s] [ 52%] [32m[1mLinking CXX static library libgtest_main.a[0m
[43.399s] [ 52%] Built target gtest_main
[54.124s] [ 58%] [32m[1mLinking CXX executable laser_segmentation[0m
[54.666s] [ 58%] Built target laser_segmentation
[59.117s] [ 64%] [32m[1mLinking CXX static library libgtest.a[0m
[59.138s] [ 64%] Built target gtest
[59.155s] [ 70%] [32mBuilding CXX object test/CMakeFiles/test_segmentations.dir/test_segmentations.cpp.o[0m
[61.665s] [ 76%] [32m[1mLinking CXX executable test_segmentations[0m
[62.174s] [ 76%] Built target test_segmentations
[62.190s] [ 88%] [32mBuilding CXX object test/CMakeFiles/test_integration.dir/test_integration.cpp.o[0m
[62.190s] [ 88%] [32mBuilding CXX object test/CMakeFiles/test_laser_segmentation.dir/test_laser_segmentation.cpp.o[0m
[79.700s] [ 94%] [32m[1mLinking CXX executable test_laser_segmentation[0m
[80.304s] [ 94%] Built target test_laser_segmentation
[85.061s] [100%] [32m[1mLinking CXX executable test_integration[0m
[85.853s] [100%] Built target test_integration
[85.859s] Invoked command in '/home/rhobtor/PHD/ARGOJ8_IA/build/laser_segmentation' returned '0': AMENT_PREFIX_PATH=/home/rhobtor/PHD/ARGOJ8_IA/install/slg_msgs:${AMENT_PREFIX_PATH} CMAKE_PREFIX_PATH=/home/rhobtor/PHD/ARGOJ8_IA/install/slg_msgs:/home/rhobtor/PHD/reactive/Reactive-Navegation/workspace_full_conected/install/octomap_mapping:/home/rhobtor/PHD/reactive/Reactive-Navegation/workspace_full_conected/install/octomap_server:/home/rhobtor/PHD/reactive/Reactive-Navegation/workspace_full_conected/install/octomap_rviz_plugins:/home/rhobtor/PHD/reactive/Reactive-Navegation/workspace_full_conected/install/hector_gazebo_plugins:/home/rhobtor/PHD/reactive/Reactive-Navegation/workspace_full_conected/install/car_cpp:/home/rhobtor/PHD/reactive/Reactive-Navegation/workspace_full_conected/install/car_interfaces:/home/rhobtor/PHD/reactive/Reactive-Navegation/workspace_full_conected/install/car:/opt/ros/humble LD_LIBRARY_PATH=/home/rhobtor/PHD/ARGOJ8_IA/install/slg_msgs/lib:${LD_LIBRARY_PATH} PYTHONPATH=/home/rhobtor/PHD/ARGOJ8_IA/install/slg_msgs/local/lib/python3.10/dist-packages:${PYTHONPATH} /opt/st/stm32cubeclt_1.18.0/CMake/bin/cmake --build /home/rhobtor/PHD/ARGOJ8_IA/build/laser_segmentation -- -j16 -l16
[85.862s] Invoking command in '/home/rhobtor/PHD/ARGOJ8_IA/build/laser_segmentation': AMENT_PREFIX_PATH=/home/rhobtor/PHD/ARGOJ8_IA/install/slg_msgs:${AMENT_PREFIX_PATH} CMAKE_PREFIX_PATH=/home/rhobtor/PHD/ARGOJ8_IA/install/slg_msgs:/home/rhobtor/PHD/reactive/Reactive-Navegation/workspace_full_conected/install/octomap_mapping:/home/rhobtor/PHD/reactive/Reactive-Navegation/workspace_full_conected/install/octomap_server:/home/rhobtor/PHD/reactive/Reactive-Navegation/workspace_full_conected/install/octomap_rviz_plugins:/home/rhobtor/PHD/reactive/Reactive-Navegation/workspace_full_conected/install/hector_gazebo_plugins:/home/rhobtor/PHD/reactive/Reactive-Navegation/workspace_full_conected/install/car_cpp:/home/rhobtor/PHD/reactive/Reactive-Navegation/workspace_full_conected/install/car_interfaces:/home/rhobtor/PHD/reactive/Reactive-Navegation/workspace_full_conected/install/car:/opt/ros/humble LD_LIBRARY_PATH=/home/rhobtor/PHD/ARGOJ8_IA/install/slg_msgs/lib:${LD_LIBRARY_PATH} PYTHONPATH=/home/rhobtor/PHD/ARGOJ8_IA/install/slg_msgs/local/lib/python3.10/dist-packages:${PYTHONPATH} /opt/st/stm32cubeclt_1.18.0/CMake/bin/cmake --install /home/rhobtor/PHD/ARGOJ8_IA/build/laser_segmentation
[85.865s] -- Install configuration: "Release"
[85.865s] -- Installing: /home/rhobtor/PHD/ARGOJ8_IA/install/laser_segmentation/lib/liblaser_segmentation_component.so
[85.868s] -- Set non-toolchain portion of runtime path of "/home/rhobtor/PHD/ARGOJ8_IA/install/laser_segmentation/lib/liblaser_segmentation_component.so" to ""
[85.868s] -- Installing: /home/rhobtor/PHD/ARGOJ8_IA/install/laser_segmentation/lib/laser_segmentation/laser_segmentation
[85.869s] -- Set non-toolchain portion of runtime path of "/home/rhobtor/PHD/ARGOJ8_IA/install/laser_segmentation/lib/laser_segmentation/laser_segmentation" to ""
[85.869s] -- Installing: /home/rhobtor/PHD/ARGOJ8_IA/install/laser_segmentation/include/laser_segmentation
[85.869s] -- Installing: /home/rhobtor/PHD/ARGOJ8_IA/install/laser_segmentation/include/laser_segmentation/parameter_handler.hpp
[85.869s] -- Installing: /home/rhobtor/PHD/ARGOJ8_IA/install/laser_segmentation/include/laser_segmentation/parula.hpp
[85.869s] -- Installing: /home/rhobtor/PHD/ARGOJ8_IA/install/laser_segmentation/include/laser_segmentation/segmentation
[85.869s] -- Installing: /home/rhobtor/PHD/ARGOJ8_IA/install/laser_segmentation/include/laser_segmentation/segmentation/segmentation.hpp
[85.869s] -- Installing: /home/rhobtor/PHD/ARGOJ8_IA/install/laser_segmentation/include/laser_segmentation/segmentation/jump_distance.hpp
[85.870s] -- Installing: /home/rhobtor/PHD/ARGOJ8_IA/install/laser_segmentation/include/laser_segmentation/segmentation/jump_distance_merge.hpp
[85.870s] -- Installing: /home/rhobtor/PHD/ARGOJ8_IA/install/laser_segmentation/include/laser_segmentation/laser_segmentation.hpp
[85.870s] -- Installing: /home/rhobtor/PHD/ARGOJ8_IA/install/laser_segmentation/share/laser_segmentation//launch
[85.870s] -- Installing: /home/rhobtor/PHD/ARGOJ8_IA/install/laser_segmentation/share/laser_segmentation//launch/segmentation.launch.py
[85.870s] -- Installing: /home/rhobtor/PHD/ARGOJ8_IA/install/laser_segmentation/share/laser_segmentation//params
[85.871s] -- Installing: /home/rhobtor/PHD/ARGOJ8_IA/install/laser_segmentation/share/laser_segmentation//params/default_params.yml
[85.871s] -- Installing: /home/rhobtor/PHD/ARGOJ8_IA/install/laser_segmentation/share/laser_segmentation//params/close_steps_detect.yml
[85.871s] -- Installing: /home/rhobtor/PHD/ARGOJ8_IA/install/laser_segmentation/share/laser_segmentation/environment/library_path.sh
[85.871s] -- Installing: /home/rhobtor/PHD/ARGOJ8_IA/install/laser_segmentation/share/laser_segmentation/environment/library_path.dsv
[85.871s] -- Installing: /home/rhobtor/PHD/ARGOJ8_IA/install/laser_segmentation/share/ament_index/resource_index/package_run_dependencies/laser_segmentation
[85.871s] -- Installing: /home/rhobtor/PHD/ARGOJ8_IA/install/laser_segmentation/share/ament_index/resource_index/parent_prefix_path/laser_segmentation
[85.872s] -- Installing: /home/rhobtor/PHD/ARGOJ8_IA/install/laser_segmentation/share/laser_segmentation/environment/ament_prefix_path.sh
[85.872s] -- Installing: /home/rhobtor/PHD/ARGOJ8_IA/install/laser_segmentation/share/laser_segmentation/environment/ament_prefix_path.dsv
[85.872s] -- Installing: /home/rhobtor/PHD/ARGOJ8_IA/install/laser_segmentation/share/laser_segmentation/environment/path.sh
[85.872s] -- Installing: /home/rhobtor/PHD/ARGOJ8_IA/install/laser_segmentation/share/laser_segmentation/environment/path.dsv
[85.872s] -- Installing: /home/rhobtor/PHD/ARGOJ8_IA/install/laser_segmentation/share/laser_segmentation/local_setup.bash
[85.873s] -- Installing: /home/rhobtor/PHD/ARGOJ8_IA/install/laser_segmentation/share/laser_segmentation/local_setup.sh
[85.873s] -- Installing: /home/rhobtor/PHD/ARGOJ8_IA/install/laser_segmentation/share/laser_segmentation/local_setup.zsh
[85.873s] -- Installing: /home/rhobtor/PHD/ARGOJ8_IA/install/laser_segmentation/share/laser_segmentation/local_setup.dsv
[85.873s] -- Installing: /home/rhobtor/PHD/ARGOJ8_IA/install/laser_segmentation/share/laser_segmentation/package.dsv
[85.873s] -- Installing: /home/rhobtor/PHD/ARGOJ8_IA/install/laser_segmentation/share/ament_index/resource_index/packages/laser_segmentation
[85.874s] -- Installing: /home/rhobtor/PHD/ARGOJ8_IA/install/laser_segmentation/share/ament_index/resource_index/rclcpp_components/laser_segmentation
[85.874s] -- Installing: /home/rhobtor/PHD/ARGOJ8_IA/install/laser_segmentation/share/laser_segmentation/cmake/ament_cmake_export_include_directories-extras.cmake
[85.874s] -- Installing: /home/rhobtor/PHD/ARGOJ8_IA/install/laser_segmentation/share/laser_segmentation/cmake/ament_cmake_export_libraries-extras.cmake
[85.874s] -- Installing: /home/rhobtor/PHD/ARGOJ8_IA/install/laser_segmentation/share/laser_segmentation/cmake/ament_cmake_export_dependencies-extras.cmake
[85.874s] -- Installing: /home/rhobtor/PHD/ARGOJ8_IA/install/laser_segmentation/share/laser_segmentation/cmake/laser_segmentationConfig.cmake
[85.874s] -- Installing: /home/rhobtor/PHD/ARGOJ8_IA/install/laser_segmentation/share/laser_segmentation/cmake/laser_segmentationConfig-version.cmake
[85.875s] -- Installing: /home/rhobtor/PHD/ARGOJ8_IA/install/laser_segmentation/share/laser_segmentation/package.xml
[85.878s] Invoked command in '/home/rhobtor/PHD/ARGOJ8_IA/build/laser_segmentation' returned '0': AMENT_PREFIX_PATH=/home/rhobtor/PHD/ARGOJ8_IA/install/slg_msgs:${AMENT_PREFIX_PATH} CMAKE_PREFIX_PATH=/home/rhobtor/PHD/ARGOJ8_IA/install/slg_msgs:/home/rhobtor/PHD/reactive/Reactive-Navegation/workspace_full_conected/install/octomap_mapping:/home/rhobtor/PHD/reactive/Reactive-Navegation/workspace_full_conected/install/octomap_server:/home/rhobtor/PHD/reactive/Reactive-Navegation/workspace_full_conected/install/octomap_rviz_plugins:/home/rhobtor/PHD/reactive/Reactive-Navegation/workspace_full_conected/install/hector_gazebo_plugins:/home/rhobtor/PHD/reactive/Reactive-Navegation/workspace_full_conected/install/car_cpp:/home/rhobtor/PHD/reactive/Reactive-Navegation/workspace_full_conected/install/car_interfaces:/home/rhobtor/PHD/reactive/Reactive-Navegation/workspace_full_conected/install/car:/opt/ros/humble LD_LIBRARY_PATH=/home/rhobtor/PHD/ARGOJ8_IA/install/slg_msgs/lib:${LD_LIBRARY_PATH} PYTHONPATH=/home/rhobtor/PHD/ARGOJ8_IA/install/slg_msgs/local/lib/python3.10/dist-packages:${PYTHONPATH} /opt/st/stm32cubeclt_1.18.0/CMake/bin/cmake --install /home/rhobtor/PHD/ARGOJ8_IA/build/laser_segmentation
