[0.125s] Invoking command in '/home/rhobtor/PHD/ARGOJ8_IA/build/sdl2_vendor': CMAKE_PREFIX_PATH=${CMAKE_PREFIX_PATH}:/home/rhobtor/PHD/ARGOJ8_IA/install/ntrip_client:/home/rhobtor/PHD/ARGOJ8_IA/install/car:/home/rhobtor/PHD/ARGOJ8_IA/install/android_ros2_server:/home/rhobtor/PHD/ARGOJ8_IA/install/GUI_pkg:/home/rhobtor/PHD/reactive/Reactive-Navegation/workspace_full_conected/install/car:/opt/ros/humble /opt/st/stm32cubeclt_1.18.0/CMake/bin/cmake --build /home/rhobtor/PHD/ARGOJ8_IA/build/sdl2_vendor -- -j16 -l16
[1.482s] Invoked command in '/home/rhobtor/PHD/ARGOJ8_IA/build/sdl2_vendor' returned '0': CMAKE_PREFIX_PATH=${CMAKE_PREFIX_PATH}:/home/rhobtor/PHD/ARGOJ8_IA/install/ntrip_client:/home/rhobtor/PHD/ARGOJ8_IA/install/car:/home/rhobtor/PHD/ARGOJ8_IA/install/android_ros2_server:/home/rhobtor/PHD/ARGOJ8_IA/install/GUI_pkg:/home/rhobtor/PHD/reactive/Reactive-Navegation/workspace_full_conected/install/car:/opt/ros/humble /opt/st/stm32cubeclt_1.18.0/CMake/bin/cmake --build /home/rhobtor/PHD/ARGOJ8_IA/build/sdl2_vendor -- -j16 -l16
[1.485s] Invoking command in '/home/rhobtor/PHD/ARGOJ8_IA/build/sdl2_vendor': CMAKE_PREFIX_PATH=${CMAKE_PREFIX_PATH}:/home/rhobtor/PHD/ARGOJ8_IA/install/ntrip_client:/home/rhobtor/PHD/ARGOJ8_IA/install/car:/home/rhobtor/PHD/ARGOJ8_IA/install/android_ros2_server:/home/rhobtor/PHD/ARGOJ8_IA/install/GUI_pkg:/home/rhobtor/PHD/reactive/Reactive-Navegation/workspace_full_conected/install/car:/opt/ros/humble /opt/st/stm32cubeclt_1.18.0/CMake/bin/cmake --install /home/rhobtor/PHD/ARGOJ8_IA/build/sdl2_vendor
[1.576s] -- Install configuration: ""
[1.577s] -- Up-to-date: /home/rhobtor/PHD/ARGOJ8_IA/install/sdl2_vendor/share/sdl2_vendor/cmake
[1.577s] -- Up-to-date: /home/rhobtor/PHD/ARGOJ8_IA/install/sdl2_vendor/share/sdl2_vendor/cmake/Modules
[1.577s] -- Up-to-date: /home/rhobtor/PHD/ARGOJ8_IA/install/sdl2_vendor/share/sdl2_vendor/cmake/Modules/Findsdl2_custom.cmake
[1.577s] -- Up-to-date: /home/rhobtor/PHD/ARGOJ8_IA/install/sdl2_vendor/share/ament_index/resource_index/package_run_dependencies/sdl2_vendor
[1.578s] -- Up-to-date: /home/rhobtor/PHD/ARGOJ8_IA/install/sdl2_vendor/share/ament_index/resource_index/parent_prefix_path/sdl2_vendor
[1.578s] -- Up-to-date: /home/rhobtor/PHD/ARGOJ8_IA/install/sdl2_vendor/share/sdl2_vendor/environment/ament_prefix_path.sh
[1.578s] -- Up-to-date: /home/rhobtor/PHD/ARGOJ8_IA/install/sdl2_vendor/share/sdl2_vendor/environment/ament_prefix_path.dsv
[1.578s] -- Up-to-date: /home/rhobtor/PHD/ARGOJ8_IA/install/sdl2_vendor/share/sdl2_vendor/environment/path.sh
[1.578s] -- Up-to-date: /home/rhobtor/PHD/ARGOJ8_IA/install/sdl2_vendor/share/sdl2_vendor/environment/path.dsv
[1.578s] -- Up-to-date: /home/rhobtor/PHD/ARGOJ8_IA/install/sdl2_vendor/share/sdl2_vendor/local_setup.bash
[1.578s] -- Up-to-date: /home/rhobtor/PHD/ARGOJ8_IA/install/sdl2_vendor/share/sdl2_vendor/local_setup.sh
[1.578s] -- Up-to-date: /home/rhobtor/PHD/ARGOJ8_IA/install/sdl2_vendor/share/sdl2_vendor/local_setup.zsh
[1.579s] -- Up-to-date: /home/rhobtor/PHD/ARGOJ8_IA/install/sdl2_vendor/share/sdl2_vendor/local_setup.dsv
[1.579s] -- Installing: /home/rhobtor/PHD/ARGOJ8_IA/install/sdl2_vendor/share/sdl2_vendor/package.dsv
[1.579s] -- Up-to-date: /home/rhobtor/PHD/ARGOJ8_IA/install/sdl2_vendor/share/ament_index/resource_index/packages/sdl2_vendor
[1.579s] -- Up-to-date: /home/rhobtor/PHD/ARGOJ8_IA/install/sdl2_vendor/share/sdl2_vendor/cmake/sdl2_vendor-extras.cmake
[1.579s] -- Up-to-date: /home/rhobtor/PHD/ARGOJ8_IA/install/sdl2_vendor/share/sdl2_vendor/cmake/sdl2_vendorConfig.cmake
[1.579s] -- Up-to-date: /home/rhobtor/PHD/ARGOJ8_IA/install/sdl2_vendor/share/sdl2_vendor/cmake/sdl2_vendorConfig-version.cmake
[1.579s] -- Up-to-date: /home/rhobtor/PHD/ARGOJ8_IA/install/sdl2_vendor/share/sdl2_vendor/package.xml
[1.846s] Invoked command in '/home/rhobtor/PHD/ARGOJ8_IA/build/sdl2_vendor' returned '0': CMAKE_PREFIX_PATH=${CMAKE_PREFIX_PATH}:/home/rhobtor/PHD/ARGOJ8_IA/install/ntrip_client:/home/rhobtor/PHD/ARGOJ8_IA/install/car:/home/rhobtor/PHD/ARGOJ8_IA/install/android_ros2_server:/home/rhobtor/PHD/ARGOJ8_IA/install/GUI_pkg:/home/rhobtor/PHD/reactive/Reactive-Navegation/workspace_full_conected/install/car:/opt/ros/humble /opt/st/stm32cubeclt_1.18.0/CMake/bin/cmake --install /home/rhobtor/PHD/ARGOJ8_IA/build/sdl2_vendor
