[1.696s] Invoking command in '/home/rhobtor/PHD/ARGOJ8_IA/src/android_ros2_server': PYTHONPATH=/home/rhobtor/PHD/ARGOJ8_IA/build/android_ros2_server/prefix_override:/usr/lib/python3/dist-packages/colcon_core/task/python/colcon_distutils_commands:/home/rhobtor/PHD/ARGOJ8_IA/install/android_ros2_server/lib/python3.10/site-packages:${PYTHONPATH} /usr/bin/python3 -W ignore:setup.py install is deprecated -W ignore:easy_install command is deprecated setup.py egg_info --egg-base ../../build/android_ros2_server build --build-base /home/rhobtor/PHD/ARGOJ8_IA/build/android_ros2_server/build install --record /home/rhobtor/PHD/ARGOJ8_IA/build/android_ros2_server/install.log --single-version-externally-managed install_data
[2.100s] running egg_info
[2.101s] writing ../../build/android_ros2_server/android_ros2_server.egg-info/PKG-INFO
[2.101s] writing dependency_links to ../../build/android_ros2_server/android_ros2_server.egg-info/dependency_links.txt
[2.101s] writing entry points to ../../build/android_ros2_server/android_ros2_server.egg-info/entry_points.txt
[2.101s] writing requirements to ../../build/android_ros2_server/android_ros2_server.egg-info/requires.txt
[2.101s] writing top-level names to ../../build/android_ros2_server/android_ros2_server.egg-info/top_level.txt
[2.103s] reading manifest file '../../build/android_ros2_server/android_ros2_server.egg-info/SOURCES.txt'
[2.105s] writing manifest file '../../build/android_ros2_server/android_ros2_server.egg-info/SOURCES.txt'
[2.105s] running build
[2.106s] running build_py
[2.106s] running install
[2.107s] running install_lib
[2.108s] running install_data
[2.108s] running install_egg_info
[2.110s] removing '/home/rhobtor/PHD/ARGOJ8_IA/install/android_ros2_server/lib/python3.10/site-packages/android_ros2_server-0.0.0-py3.10.egg-info' (and everything under it)
[2.111s] Copying ../../build/android_ros2_server/android_ros2_server.egg-info to /home/rhobtor/PHD/ARGOJ8_IA/install/android_ros2_server/lib/python3.10/site-packages/android_ros2_server-0.0.0-py3.10.egg-info
[2.111s] running install_scripts
[2.142s] Installing tcp_server_node script to /home/rhobtor/PHD/ARGOJ8_IA/install/android_ros2_server/lib/android_ros2_server
[2.143s] writing list of installed files to '/home/rhobtor/PHD/ARGOJ8_IA/build/android_ros2_server/install.log'
[2.535s] Invoked command in '/home/rhobtor/PHD/ARGOJ8_IA/src/android_ros2_server' returned '0': PYTHONPATH=/home/rhobtor/PHD/ARGOJ8_IA/build/android_ros2_server/prefix_override:/usr/lib/python3/dist-packages/colcon_core/task/python/colcon_distutils_commands:/home/rhobtor/PHD/ARGOJ8_IA/install/android_ros2_server/lib/python3.10/site-packages:${PYTHONPATH} /usr/bin/python3 -W ignore:setup.py install is deprecated -W ignore:easy_install command is deprecated setup.py egg_info --egg-base ../../build/android_ros2_server build --build-base /home/rhobtor/PHD/ARGOJ8_IA/build/android_ros2_server/build install --record /home/rhobtor/PHD/ARGOJ8_IA/build/android_ros2_server/install.log --single-version-externally-managed install_data
