[0.899s] Invoking command in '/home/rhobtor/PHD/ARGOJ8_IA/build/car': CMAKE_PREFIX_PATH=/home/rhobtor/PHD/ARGOJ8_IA/install/car_interfaces:/home/rhobtor/PHD/ARGOJ8_IA/install/octomap_mapping:/home/rhobtor/PHD/ARGOJ8_IA/install/octomap_server:/home/rhobtor/PHD/ARGOJ8_IA/install/octomap_rviz_plugins:/home/rhobtor/PHD/ARGOJ8_IA/install/j8_xacro_model:/home/rhobtor/PHD/ARGOJ8_IA/install/hector_gazebo_plugins:/home/rhobtor/PHD/ARGOJ8_IA/install/fixposition_sensor_pkg:/home/rhobtor/PHD/ARGOJ8_IA/install/car_cpp:/home/rhobtor/PHD/ARGOJ8_IA/install/argj801_ctl_platform:/home/rhobtor/PHD/ARGOJ8_IA/install/argj801_ctl_platform_interfaces:/home/rhobtor/packages/install/grid_map:/home/rhobtor/packages/install/grid_map_demos:/home/rhobtor/packages/install/grid_map_visualization:/home/rhobtor/packages/install/grid_map_sdf:/home/rhobtor/packages/install/grid_map_rviz_plugin:/home/rhobtor/packages/install/grid_map_pcl:/home/rhobtor/packages/install/grid_map_loader:/home/rhobtor/packages/install/grid_map_filters:/home/rhobtor/packages/install/grid_map_ros:/home/rhobtor/packages/install/grid_map_octomap:/home/rhobtor/packages/install/grid_map_msgs:/home/rhobtor/packages/install/grid_map_cv:/home/rhobtor/packages/install/grid_map_costmap_2d:/home/rhobtor/packages/install/grid_map_core:/home/rhobtor/packages/install/grid_map_cmake_helpers:/home/rhobtor/PHD/reactive/Reactive-Navegation/workspace_full_conected/install/octomap_mapping:/home/rhobtor/PHD/reactive/Reactive-Navegation/workspace_full_conected/install/octomap_server:/home/rhobtor/PHD/reactive/Reactive-Navegation/workspace_full_conected/install/octomap_rviz_plugins:/home/rhobtor/PHD/reactive/Reactive-Navegation/workspace_full_conected/install/hector_gazebo_plugins:/home/rhobtor/PHD/reactive/Reactive-Navegation/workspace_full_conected/install/car_cpp:/home/rhobtor/PHD/reactive/Reactive-Navegation/workspace_full_conected/install/car_interfaces LD_LIBRARY_PATH=/home/rhobtor/PHD/ARGOJ8_IA/install/car_interfaces/lib:/home/rhobtor/PHD/ARGOJ8_IA/install/octomap_server/lib:/home/rhobtor/PHD/ARGOJ8_IA/install/octomap_rviz_plugins/lib:/home/rhobtor/PHD/ARGOJ8_IA/install/j8_xacro_model/lib:/home/rhobtor/PHD/ARGOJ8_IA/install/hector_gazebo_plugins/lib:/home/rhobtor/PHD/ARGOJ8_IA/install/fixposition_sensor_pkg/lib:/home/rhobtor/PHD/ARGOJ8_IA/install/car_cpp/lib:/home/rhobtor/PHD/ARGOJ8_IA/install/argj801_ctl_platform_interfaces/lib:/home/rhobtor/packages/install/grid_map_demos/lib:/home/rhobtor/packages/install/grid_map_visualization/lib:/home/rhobtor/packages/install/grid_map_sdf/lib:/home/rhobtor/packages/install/grid_map_rviz_plugin/lib:/home/rhobtor/packages/install/grid_map_pcl/lib:/home/rhobtor/packages/install/grid_map_loader/lib:/home/rhobtor/packages/install/grid_map_filters/lib:/home/rhobtor/packages/install/grid_map_ros/lib:/home/rhobtor/packages/install/grid_map_octomap/lib:/home/rhobtor/packages/install/grid_map_msgs/lib:/home/rhobtor/packages/install/grid_map_cv/lib:/home/rhobtor/packages/install/grid_map_costmap_2d/lib:/home/rhobtor/packages/install/grid_map_core/lib:/home/rhobtor/PHD/reactive/Reactive-Navegation/workspace_full_conected/install/octomap_server/lib:/home/rhobtor/PHD/reactive/Reactive-Navegation/workspace_full_conected/install/octomap_rviz_plugins/lib:/home/rhobtor/PHD/reactive/Reactive-Navegation/workspace_full_conected/install/hector_gazebo_plugins/lib:/home/rhobtor/PHD/reactive/Reactive-Navegation/workspace_full_conected/install/car_cpp/lib:/home/rhobtor/PHD/reactive/Reactive-Navegation/workspace_full_conected/install/car_interfaces/lib:/usr/lib/x86_64-linux-gnu/gazebo-11/plugins:/opt/ros/humble/opt/rviz_ogre_vendor/lib:/opt/ros/humble/lib/x86_64-linux-gnu:/opt/ros/humble/lib PYTHONPATH=/home/rhobtor/PHD/ARGOJ8_IA/build/car/prefix_override:/usr/lib/python3/dist-packages/colcon_core/task/python/colcon_distutils_commands:/home/rhobtor/PHD/ARGOJ8_IA/install/car/lib/python3.10/site-packages:${PYTHONPATH} /usr/bin/python3 -W ignore:setup.py install is deprecated -W ignore:easy_install command is deprecated setup.py develop --uninstall --editable --build-directory /home/rhobtor/PHD/ARGOJ8_IA/build/car/build
[1.250s] running develop
[1.464s] Removing /home/rhobtor/PHD/ARGOJ8_IA/install/car/lib/python3.10/site-packages/car.egg-link (link to .)
[1.498s] Invoked command in '/home/rhobtor/PHD/ARGOJ8_IA/build/car' returned '0': CMAKE_PREFIX_PATH=/home/rhobtor/PHD/ARGOJ8_IA/install/car_interfaces:/home/rhobtor/PHD/ARGOJ8_IA/install/octomap_mapping:/home/rhobtor/PHD/ARGOJ8_IA/install/octomap_server:/home/rhobtor/PHD/ARGOJ8_IA/install/octomap_rviz_plugins:/home/rhobtor/PHD/ARGOJ8_IA/install/j8_xacro_model:/home/rhobtor/PHD/ARGOJ8_IA/install/hector_gazebo_plugins:/home/rhobtor/PHD/ARGOJ8_IA/install/fixposition_sensor_pkg:/home/rhobtor/PHD/ARGOJ8_IA/install/car_cpp:/home/rhobtor/PHD/ARGOJ8_IA/install/argj801_ctl_platform:/home/rhobtor/PHD/ARGOJ8_IA/install/argj801_ctl_platform_interfaces:/home/rhobtor/packages/install/grid_map:/home/rhobtor/packages/install/grid_map_demos:/home/rhobtor/packages/install/grid_map_visualization:/home/rhobtor/packages/install/grid_map_sdf:/home/rhobtor/packages/install/grid_map_rviz_plugin:/home/rhobtor/packages/install/grid_map_pcl:/home/rhobtor/packages/install/grid_map_loader:/home/rhobtor/packages/install/grid_map_filters:/home/rhobtor/packages/install/grid_map_ros:/home/rhobtor/packages/install/grid_map_octomap:/home/rhobtor/packages/install/grid_map_msgs:/home/rhobtor/packages/install/grid_map_cv:/home/rhobtor/packages/install/grid_map_costmap_2d:/home/rhobtor/packages/install/grid_map_core:/home/rhobtor/packages/install/grid_map_cmake_helpers:/home/rhobtor/PHD/reactive/Reactive-Navegation/workspace_full_conected/install/octomap_mapping:/home/rhobtor/PHD/reactive/Reactive-Navegation/workspace_full_conected/install/octomap_server:/home/rhobtor/PHD/reactive/Reactive-Navegation/workspace_full_conected/install/octomap_rviz_plugins:/home/rhobtor/PHD/reactive/Reactive-Navegation/workspace_full_conected/install/hector_gazebo_plugins:/home/rhobtor/PHD/reactive/Reactive-Navegation/workspace_full_conected/install/car_cpp:/home/rhobtor/PHD/reactive/Reactive-Navegation/workspace_full_conected/install/car_interfaces LD_LIBRARY_PATH=/home/rhobtor/PHD/ARGOJ8_IA/install/car_interfaces/lib:/home/rhobtor/PHD/ARGOJ8_IA/install/octomap_server/lib:/home/rhobtor/PHD/ARGOJ8_IA/install/octomap_rviz_plugins/lib:/home/rhobtor/PHD/ARGOJ8_IA/install/j8_xacro_model/lib:/home/rhobtor/PHD/ARGOJ8_IA/install/hector_gazebo_plugins/lib:/home/rhobtor/PHD/ARGOJ8_IA/install/fixposition_sensor_pkg/lib:/home/rhobtor/PHD/ARGOJ8_IA/install/car_cpp/lib:/home/rhobtor/PHD/ARGOJ8_IA/install/argj801_ctl_platform_interfaces/lib:/home/rhobtor/packages/install/grid_map_demos/lib:/home/rhobtor/packages/install/grid_map_visualization/lib:/home/rhobtor/packages/install/grid_map_sdf/lib:/home/rhobtor/packages/install/grid_map_rviz_plugin/lib:/home/rhobtor/packages/install/grid_map_pcl/lib:/home/rhobtor/packages/install/grid_map_loader/lib:/home/rhobtor/packages/install/grid_map_filters/lib:/home/rhobtor/packages/install/grid_map_ros/lib:/home/rhobtor/packages/install/grid_map_octomap/lib:/home/rhobtor/packages/install/grid_map_msgs/lib:/home/rhobtor/packages/install/grid_map_cv/lib:/home/rhobtor/packages/install/grid_map_costmap_2d/lib:/home/rhobtor/packages/install/grid_map_core/lib:/home/rhobtor/PHD/reactive/Reactive-Navegation/workspace_full_conected/install/octomap_server/lib:/home/rhobtor/PHD/reactive/Reactive-Navegation/workspace_full_conected/install/octomap_rviz_plugins/lib:/home/rhobtor/PHD/reactive/Reactive-Navegation/workspace_full_conected/install/hector_gazebo_plugins/lib:/home/rhobtor/PHD/reactive/Reactive-Navegation/workspace_full_conected/install/car_cpp/lib:/home/rhobtor/PHD/reactive/Reactive-Navegation/workspace_full_conected/install/car_interfaces/lib:/usr/lib/x86_64-linux-gnu/gazebo-11/plugins:/opt/ros/humble/opt/rviz_ogre_vendor/lib:/opt/ros/humble/lib/x86_64-linux-gnu:/opt/ros/humble/lib PYTHONPATH=/home/rhobtor/PHD/ARGOJ8_IA/build/car/prefix_override:/usr/lib/python3/dist-packages/colcon_core/task/python/colcon_distutils_commands:/home/rhobtor/PHD/ARGOJ8_IA/install/car/lib/python3.10/site-packages:${PYTHONPATH} /usr/bin/python3 -W ignore:setup.py install is deprecated -W ignore:easy_install command is deprecated setup.py develop --uninstall --editable --build-directory /home/rhobtor/PHD/ARGOJ8_IA/build/car/build
[1.500s] Invoking command in '/home/rhobtor/PHD/ARGOJ8_IA/src/car_python': CMAKE_PREFIX_PATH=/home/rhobtor/PHD/ARGOJ8_IA/install/car_interfaces:/home/rhobtor/PHD/ARGOJ8_IA/install/octomap_mapping:/home/rhobtor/PHD/ARGOJ8_IA/install/octomap_server:/home/rhobtor/PHD/ARGOJ8_IA/install/octomap_rviz_plugins:/home/rhobtor/PHD/ARGOJ8_IA/install/j8_xacro_model:/home/rhobtor/PHD/ARGOJ8_IA/install/hector_gazebo_plugins:/home/rhobtor/PHD/ARGOJ8_IA/install/fixposition_sensor_pkg:/home/rhobtor/PHD/ARGOJ8_IA/install/car_cpp:/home/rhobtor/PHD/ARGOJ8_IA/install/argj801_ctl_platform:/home/rhobtor/PHD/ARGOJ8_IA/install/argj801_ctl_platform_interfaces:/home/rhobtor/packages/install/grid_map:/home/rhobtor/packages/install/grid_map_demos:/home/rhobtor/packages/install/grid_map_visualization:/home/rhobtor/packages/install/grid_map_sdf:/home/rhobtor/packages/install/grid_map_rviz_plugin:/home/rhobtor/packages/install/grid_map_pcl:/home/rhobtor/packages/install/grid_map_loader:/home/rhobtor/packages/install/grid_map_filters:/home/rhobtor/packages/install/grid_map_ros:/home/rhobtor/packages/install/grid_map_octomap:/home/rhobtor/packages/install/grid_map_msgs:/home/rhobtor/packages/install/grid_map_cv:/home/rhobtor/packages/install/grid_map_costmap_2d:/home/rhobtor/packages/install/grid_map_core:/home/rhobtor/packages/install/grid_map_cmake_helpers:/home/rhobtor/PHD/reactive/Reactive-Navegation/workspace_full_conected/install/octomap_mapping:/home/rhobtor/PHD/reactive/Reactive-Navegation/workspace_full_conected/install/octomap_server:/home/rhobtor/PHD/reactive/Reactive-Navegation/workspace_full_conected/install/octomap_rviz_plugins:/home/rhobtor/PHD/reactive/Reactive-Navegation/workspace_full_conected/install/hector_gazebo_plugins:/home/rhobtor/PHD/reactive/Reactive-Navegation/workspace_full_conected/install/car_cpp:/home/rhobtor/PHD/reactive/Reactive-Navegation/workspace_full_conected/install/car_interfaces LD_LIBRARY_PATH=/home/rhobtor/PHD/ARGOJ8_IA/install/car_interfaces/lib:/home/rhobtor/PHD/ARGOJ8_IA/install/octomap_server/lib:/home/rhobtor/PHD/ARGOJ8_IA/install/octomap_rviz_plugins/lib:/home/rhobtor/PHD/ARGOJ8_IA/install/j8_xacro_model/lib:/home/rhobtor/PHD/ARGOJ8_IA/install/hector_gazebo_plugins/lib:/home/rhobtor/PHD/ARGOJ8_IA/install/fixposition_sensor_pkg/lib:/home/rhobtor/PHD/ARGOJ8_IA/install/car_cpp/lib:/home/rhobtor/PHD/ARGOJ8_IA/install/argj801_ctl_platform_interfaces/lib:/home/rhobtor/packages/install/grid_map_demos/lib:/home/rhobtor/packages/install/grid_map_visualization/lib:/home/rhobtor/packages/install/grid_map_sdf/lib:/home/rhobtor/packages/install/grid_map_rviz_plugin/lib:/home/rhobtor/packages/install/grid_map_pcl/lib:/home/rhobtor/packages/install/grid_map_loader/lib:/home/rhobtor/packages/install/grid_map_filters/lib:/home/rhobtor/packages/install/grid_map_ros/lib:/home/rhobtor/packages/install/grid_map_octomap/lib:/home/rhobtor/packages/install/grid_map_msgs/lib:/home/rhobtor/packages/install/grid_map_cv/lib:/home/rhobtor/packages/install/grid_map_costmap_2d/lib:/home/rhobtor/packages/install/grid_map_core/lib:/home/rhobtor/PHD/reactive/Reactive-Navegation/workspace_full_conected/install/octomap_server/lib:/home/rhobtor/PHD/reactive/Reactive-Navegation/workspace_full_conected/install/octomap_rviz_plugins/lib:/home/rhobtor/PHD/reactive/Reactive-Navegation/workspace_full_conected/install/hector_gazebo_plugins/lib:/home/rhobtor/PHD/reactive/Reactive-Navegation/workspace_full_conected/install/car_cpp/lib:/home/rhobtor/PHD/reactive/Reactive-Navegation/workspace_full_conected/install/car_interfaces/lib:/usr/lib/x86_64-linux-gnu/gazebo-11/plugins:/opt/ros/humble/opt/rviz_ogre_vendor/lib:/opt/ros/humble/lib/x86_64-linux-gnu:/opt/ros/humble/lib PYTHONPATH=/home/rhobtor/PHD/ARGOJ8_IA/build/car/prefix_override:/usr/lib/python3/dist-packages/colcon_core/task/python/colcon_distutils_commands:/home/rhobtor/PHD/ARGOJ8_IA/install/car/lib/python3.10/site-packages:${PYTHONPATH} /usr/bin/python3 -W ignore:setup.py install is deprecated -W ignore:easy_install command is deprecated setup.py egg_info --egg-base ../../build/car build --build-base /home/rhobtor/PHD/ARGOJ8_IA/build/car/build install --record /home/rhobtor/PHD/ARGOJ8_IA/build/car/install.log --single-version-externally-managed install_data --force
[2.022s] running egg_info
[2.024s] writing ../../build/car/car.egg-info/PKG-INFO
[2.024s] writing dependency_links to ../../build/car/car.egg-info/dependency_links.txt
[2.024s] writing entry points to ../../build/car/car.egg-info/entry_points.txt
[2.024s] writing requirements to ../../build/car/car.egg-info/requires.txt
[2.025s] writing top-level names to ../../build/car/car.egg-info/top_level.txt
[2.027s] reading manifest file '../../build/car/car.egg-info/SOURCES.txt'
[2.030s] writing manifest file '../../build/car/car.egg-info/SOURCES.txt'
[2.032s] running build
[2.032s] running build_py
[2.032s] creating /home/rhobtor/PHD/ARGOJ8_IA/build/car/build
[2.033s] creating /home/rhobtor/PHD/ARGOJ8_IA/build/car/build/lib
[2.033s] creating /home/rhobtor/PHD/ARGOJ8_IA/build/car/build/lib/car
[2.033s] copying car/points_goal_old.py -> /home/rhobtor/PHD/ARGOJ8_IA/build/car/build/lib/car
[2.033s] copying car/keyboard_control.py -> /home/rhobtor/PHD/ARGOJ8_IA/build/car/build/lib/car
[2.033s] copying car/memory_map.py -> /home/rhobtor/PHD/ARGOJ8_IA/build/car/build/lib/car
[2.036s] copying car/path_ppo_cnn_lstm_full_model.py -> /home/rhobtor/PHD/ARGOJ8_IA/build/car/build/lib/car
[2.036s] copying car/movement_predictive.py -> /home/rhobtor/PHD/ARGOJ8_IA/build/car/build/lib/car
[2.036s] copying car/lidar_obstacle_detection.py -> /home/rhobtor/PHD/ARGOJ8_IA/build/car/build/lib/car
[2.036s] copying car/test_octomap.py -> /home/rhobtor/PHD/ARGOJ8_IA/build/car/build/lib/car
[2.036s] copying car/frontier_centroid.py -> /home/rhobtor/PHD/ARGOJ8_IA/build/car/build/lib/car
[2.037s] copying car/colision_zone.py -> /home/rhobtor/PHD/ARGOJ8_IA/build/car/build/lib/car
[2.037s] copying car/backup_model_ppo_cnn_lstm.py -> /home/rhobtor/PHD/ARGOJ8_IA/build/car/build/lib/car
[2.038s] copying car/inference_full_model.py -> /home/rhobtor/PHD/ARGOJ8_IA/build/car/build/lib/car
[2.038s] copying car/__init__.py -> /home/rhobtor/PHD/ARGOJ8_IA/build/car/build/lib/car
[2.038s] copying car/inference_training_mode_simple.py -> /home/rhobtor/PHD/ARGOJ8_IA/build/car/build/lib/car
[2.038s] copying car/joystick_control.py -> /home/rhobtor/PHD/ARGOJ8_IA/build/car/build/lib/car
[2.038s] copying car/planificador_script.py -> /home/rhobtor/PHD/ARGOJ8_IA/build/car/build/lib/car
[2.038s] copying car/map_test_navigation_hgh.py -> /home/rhobtor/PHD/ARGOJ8_IA/build/car/build/lib/car
[2.039s] copying car/points_goal.py -> /home/rhobtor/PHD/ARGOJ8_IA/build/car/build/lib/car
[2.039s] copying car/path_ppo_cnn_lstm_training_init_mode_j8.py -> /home/rhobtor/PHD/ARGOJ8_IA/build/car/build/lib/car
[2.039s] copying car/map_navegation.py -> /home/rhobtor/PHD/ARGOJ8_IA/build/car/build/lib/car
[2.039s] copying car/test_vel.py -> /home/rhobtor/PHD/ARGOJ8_IA/build/car/build/lib/car
[2.040s] copying car/supervisor.py -> /home/rhobtor/PHD/ARGOJ8_IA/build/car/build/lib/car
[2.040s] copying car/costmap.py -> /home/rhobtor/PHD/ARGOJ8_IA/build/car/build/lib/car
[2.040s] copying car/path_ppo_cnn_lstm_training_init_mode.py -> /home/rhobtor/PHD/ARGOJ8_IA/build/car/build/lib/car
[2.040s] copying car/path_ppo_cnn_lstm_training_init_mode_simple.py -> /home/rhobtor/PHD/ARGOJ8_IA/build/car/build/lib/car
[2.040s] copying car/filter_points_cloud.py -> /home/rhobtor/PHD/ARGOJ8_IA/build/car/build/lib/car
[2.040s] running install
[2.040s] running install_lib
[2.040s] creating /home/rhobtor/PHD/ARGOJ8_IA/install/car/lib/python3.10/site-packages/car
[2.041s] copying /home/rhobtor/PHD/ARGOJ8_IA/build/car/build/lib/car/points_goal_old.py -> /home/rhobtor/PHD/ARGOJ8_IA/install/car/lib/python3.10/site-packages/car
[2.041s] copying /home/rhobtor/PHD/ARGOJ8_IA/build/car/build/lib/car/keyboard_control.py -> /home/rhobtor/PHD/ARGOJ8_IA/install/car/lib/python3.10/site-packages/car
[2.041s] copying /home/rhobtor/PHD/ARGOJ8_IA/build/car/build/lib/car/memory_map.py -> /home/rhobtor/PHD/ARGOJ8_IA/install/car/lib/python3.10/site-packages/car
[2.041s] copying /home/rhobtor/PHD/ARGOJ8_IA/build/car/build/lib/car/path_ppo_cnn_lstm_full_model.py -> /home/rhobtor/PHD/ARGOJ8_IA/install/car/lib/python3.10/site-packages/car
[2.041s] copying /home/rhobtor/PHD/ARGOJ8_IA/build/car/build/lib/car/movement_predictive.py -> /home/rhobtor/PHD/ARGOJ8_IA/install/car/lib/python3.10/site-packages/car
[2.041s] copying /home/rhobtor/PHD/ARGOJ8_IA/build/car/build/lib/car/lidar_obstacle_detection.py -> /home/rhobtor/PHD/ARGOJ8_IA/install/car/lib/python3.10/site-packages/car
[2.041s] copying /home/rhobtor/PHD/ARGOJ8_IA/build/car/build/lib/car/test_octomap.py -> /home/rhobtor/PHD/ARGOJ8_IA/install/car/lib/python3.10/site-packages/car
[2.041s] copying /home/rhobtor/PHD/ARGOJ8_IA/build/car/build/lib/car/frontier_centroid.py -> /home/rhobtor/PHD/ARGOJ8_IA/install/car/lib/python3.10/site-packages/car
[2.041s] copying /home/rhobtor/PHD/ARGOJ8_IA/build/car/build/lib/car/colision_zone.py -> /home/rhobtor/PHD/ARGOJ8_IA/install/car/lib/python3.10/site-packages/car
[2.041s] copying /home/rhobtor/PHD/ARGOJ8_IA/build/car/build/lib/car/backup_model_ppo_cnn_lstm.py -> /home/rhobtor/PHD/ARGOJ8_IA/install/car/lib/python3.10/site-packages/car
[2.041s] copying /home/rhobtor/PHD/ARGOJ8_IA/build/car/build/lib/car/inference_full_model.py -> /home/rhobtor/PHD/ARGOJ8_IA/install/car/lib/python3.10/site-packages/car
[2.042s] copying /home/rhobtor/PHD/ARGOJ8_IA/build/car/build/lib/car/__init__.py -> /home/rhobtor/PHD/ARGOJ8_IA/install/car/lib/python3.10/site-packages/car
[2.042s] copying /home/rhobtor/PHD/ARGOJ8_IA/build/car/build/lib/car/inference_training_mode_simple.py -> /home/rhobtor/PHD/ARGOJ8_IA/install/car/lib/python3.10/site-packages/car
[2.042s] copying /home/rhobtor/PHD/ARGOJ8_IA/build/car/build/lib/car/joystick_control.py -> /home/rhobtor/PHD/ARGOJ8_IA/install/car/lib/python3.10/site-packages/car
[2.042s] copying /home/rhobtor/PHD/ARGOJ8_IA/build/car/build/lib/car/planificador_script.py -> /home/rhobtor/PHD/ARGOJ8_IA/install/car/lib/python3.10/site-packages/car
[2.042s] copying /home/rhobtor/PHD/ARGOJ8_IA/build/car/build/lib/car/map_test_navigation_hgh.py -> /home/rhobtor/PHD/ARGOJ8_IA/install/car/lib/python3.10/site-packages/car
[2.042s] copying /home/rhobtor/PHD/ARGOJ8_IA/build/car/build/lib/car/points_goal.py -> /home/rhobtor/PHD/ARGOJ8_IA/install/car/lib/python3.10/site-packages/car
[2.042s] copying /home/rhobtor/PHD/ARGOJ8_IA/build/car/build/lib/car/path_ppo_cnn_lstm_training_init_mode_j8.py -> /home/rhobtor/PHD/ARGOJ8_IA/install/car/lib/python3.10/site-packages/car
[2.042s] copying /home/rhobtor/PHD/ARGOJ8_IA/build/car/build/lib/car/map_navegation.py -> /home/rhobtor/PHD/ARGOJ8_IA/install/car/lib/python3.10/site-packages/car
[2.043s] copying /home/rhobtor/PHD/ARGOJ8_IA/build/car/build/lib/car/test_vel.py -> /home/rhobtor/PHD/ARGOJ8_IA/install/car/lib/python3.10/site-packages/car
[2.043s] copying /home/rhobtor/PHD/ARGOJ8_IA/build/car/build/lib/car/supervisor.py -> /home/rhobtor/PHD/ARGOJ8_IA/install/car/lib/python3.10/site-packages/car
[2.043s] copying /home/rhobtor/PHD/ARGOJ8_IA/build/car/build/lib/car/costmap.py -> /home/rhobtor/PHD/ARGOJ8_IA/install/car/lib/python3.10/site-packages/car
[2.043s] copying /home/rhobtor/PHD/ARGOJ8_IA/build/car/build/lib/car/path_ppo_cnn_lstm_training_init_mode.py -> /home/rhobtor/PHD/ARGOJ8_IA/install/car/lib/python3.10/site-packages/car
[2.043s] copying /home/rhobtor/PHD/ARGOJ8_IA/build/car/build/lib/car/path_ppo_cnn_lstm_training_init_mode_simple.py -> /home/rhobtor/PHD/ARGOJ8_IA/install/car/lib/python3.10/site-packages/car
[2.043s] copying /home/rhobtor/PHD/ARGOJ8_IA/build/car/build/lib/car/filter_points_cloud.py -> /home/rhobtor/PHD/ARGOJ8_IA/install/car/lib/python3.10/site-packages/car
[2.043s] byte-compiling /home/rhobtor/PHD/ARGOJ8_IA/install/car/lib/python3.10/site-packages/car/points_goal_old.py to points_goal_old.cpython-310.pyc
[2.044s] byte-compiling /home/rhobtor/PHD/ARGOJ8_IA/install/car/lib/python3.10/site-packages/car/keyboard_control.py to keyboard_control.cpython-310.pyc
[2.045s] byte-compiling /home/rhobtor/PHD/ARGOJ8_IA/install/car/lib/python3.10/site-packages/car/memory_map.py to memory_map.cpython-310.pyc
[2.046s] byte-compiling /home/rhobtor/PHD/ARGOJ8_IA/install/car/lib/python3.10/site-packages/car/path_ppo_cnn_lstm_full_model.py to path_ppo_cnn_lstm_full_model.cpython-310.pyc
[2.059s] byte-compiling /home/rhobtor/PHD/ARGOJ8_IA/install/car/lib/python3.10/site-packages/car/movement_predictive.py to movement_predictive.cpython-310.pyc
[2.060s] byte-compiling /home/rhobtor/PHD/ARGOJ8_IA/install/car/lib/python3.10/site-packages/car/lidar_obstacle_detection.py to lidar_obstacle_detection.cpython-310.pyc
[2.062s] byte-compiling /home/rhobtor/PHD/ARGOJ8_IA/install/car/lib/python3.10/site-packages/car/test_octomap.py to test_octomap.cpython-310.pyc
[2.062s] byte-compiling /home/rhobtor/PHD/ARGOJ8_IA/install/car/lib/python3.10/site-packages/car/frontier_centroid.py to frontier_centroid.cpython-310.pyc
[2.065s] byte-compiling /home/rhobtor/PHD/ARGOJ8_IA/install/car/lib/python3.10/site-packages/car/colision_zone.py to colision_zone.cpython-310.pyc
[2.066s] byte-compiling /home/rhobtor/PHD/ARGOJ8_IA/install/car/lib/python3.10/site-packages/car/backup_model_ppo_cnn_lstm.py to backup_model_ppo_cnn_lstm.cpython-310.pyc
[2.073s] byte-compiling /home/rhobtor/PHD/ARGOJ8_IA/install/car/lib/python3.10/site-packages/car/inference_full_model.py to inference_full_model.cpython-310.pyc
[2.080s] byte-compiling /home/rhobtor/PHD/ARGOJ8_IA/install/car/lib/python3.10/site-packages/car/__init__.py to __init__.cpython-310.pyc
[2.080s] byte-compiling /home/rhobtor/PHD/ARGOJ8_IA/install/car/lib/python3.10/site-packages/car/inference_training_mode_simple.py to inference_training_mode_simple.cpython-310.pyc
[2.084s] byte-compiling /home/rhobtor/PHD/ARGOJ8_IA/install/car/lib/python3.10/site-packages/car/joystick_control.py to joystick_control.cpython-310.pyc
[2.092s] byte-compiling /home/rhobtor/PHD/ARGOJ8_IA/install/car/lib/python3.10/site-packages/car/planificador_script.py to planificador_script.cpython-310.pyc
[2.092s] byte-compiling /home/rhobtor/PHD/ARGOJ8_IA/install/car/lib/python3.10/site-packages/car/map_test_navigation_hgh.py to map_test_navigation_hgh.cpython-310.pyc
[2.093s] byte-compiling /home/rhobtor/PHD/ARGOJ8_IA/install/car/lib/python3.10/site-packages/car/points_goal.py to points_goal.cpython-310.pyc
[2.096s] byte-compiling /home/rhobtor/PHD/ARGOJ8_IA/install/car/lib/python3.10/site-packages/car/path_ppo_cnn_lstm_training_init_mode_j8.py to path_ppo_cnn_lstm_training_init_mode_j8.cpython-310.pyc
[2.108s] byte-compiling /home/rhobtor/PHD/ARGOJ8_IA/install/car/lib/python3.10/site-packages/car/map_navegation.py to map_navegation.cpython-310.pyc
[2.110s] byte-compiling /home/rhobtor/PHD/ARGOJ8_IA/install/car/lib/python3.10/site-packages/car/test_vel.py to test_vel.cpython-310.pyc
[2.111s] byte-compiling /home/rhobtor/PHD/ARGOJ8_IA/install/car/lib/python3.10/site-packages/car/supervisor.py to supervisor.cpython-310.pyc
[2.113s] byte-compiling /home/rhobtor/PHD/ARGOJ8_IA/install/car/lib/python3.10/site-packages/car/costmap.py to costmap.cpython-310.pyc
[2.114s] byte-compiling /home/rhobtor/PHD/ARGOJ8_IA/install/car/lib/python3.10/site-packages/car/path_ppo_cnn_lstm_training_init_mode.py to path_ppo_cnn_lstm_training_init_mode.cpython-310.pyc
[2.119s] byte-compiling /home/rhobtor/PHD/ARGOJ8_IA/install/car/lib/python3.10/site-packages/car/path_ppo_cnn_lstm_training_init_mode_simple.py to path_ppo_cnn_lstm_training_init_mode_simple.cpython-310.pyc
[2.129s] byte-compiling /home/rhobtor/PHD/ARGOJ8_IA/install/car/lib/python3.10/site-packages/car/filter_points_cloud.py to filter_points_cloud.cpython-310.pyc
[2.129s] running install_data
[2.130s] copying resource/car -> /home/rhobtor/PHD/ARGOJ8_IA/install/car/share/ament_index/resource_index/packages
[2.130s] copying package.xml -> /home/rhobtor/PHD/ARGOJ8_IA/install/car/share/car
[2.130s] copying launch/gazebo.launch.py -> /home/rhobtor/PHD/ARGOJ8_IA/install/car/share/car/launch
[2.130s] copying launch/ekf.launch.py -> /home/rhobtor/PHD/ARGOJ8_IA/install/car/share/car/launch
[2.130s] copying launch/control.launch.py -> /home/rhobtor/PHD/ARGOJ8_IA/install/car/share/car/launch
[2.130s] copying launch/gazebo_mountain.launch.py -> /home/rhobtor/PHD/ARGOJ8_IA/install/car/share/car/launch
[2.130s] copying launch/world_1_b.launch.py -> /home/rhobtor/PHD/ARGOJ8_IA/install/car/share/car/launch
[2.130s] copying launch/gazebo_empty_world.launch.py -> /home/rhobtor/PHD/ARGOJ8_IA/install/car/share/car/launch
[2.130s] copying launch/gazebo_simple5.launch.py -> /home/rhobtor/PHD/ARGOJ8_IA/install/car/share/car/launch
[2.131s] copying launch/gazebo_simple2.launch.py -> /home/rhobtor/PHD/ARGOJ8_IA/install/car/share/car/launch
[2.131s] copying launch/gazebo_simple7.launch.py -> /home/rhobtor/PHD/ARGOJ8_IA/install/car/share/car/launch
[2.131s] copying launch/joystick.launch.py -> /home/rhobtor/PHD/ARGOJ8_IA/install/car/share/car/launch
[2.131s] copying launch/display.launch.py -> /home/rhobtor/PHD/ARGOJ8_IA/install/car/share/car/launch
[2.134s] copying launch/river_and_forest.launch.py -> /home/rhobtor/PHD/ARGOJ8_IA/install/car/share/car/launch
[2.135s] copying launch/gazebo_simple8.launch.py -> /home/rhobtor/PHD/ARGOJ8_IA/install/car/share/car/launch
[2.135s] copying launch/rtamap_test.launch.py -> /home/rhobtor/PHD/ARGOJ8_IA/install/car/share/car/launch
[2.135s] copying launch/gazebo_simple_world.launch.py -> /home/rhobtor/PHD/ARGOJ8_IA/install/car/share/car/launch
[2.135s] copying launch/gazebo_simple9.launch.py -> /home/rhobtor/PHD/ARGOJ8_IA/install/car/share/car/launch
[2.135s] copying launch/object_move_gazebo.launch.py -> /home/rhobtor/PHD/ARGOJ8_IA/install/car/share/car/launch
[2.135s] copying launch/world_1.launch.py -> /home/rhobtor/PHD/ARGOJ8_IA/install/car/share/car/launch
[2.135s] copying launch/gazebo_simple3.launch.py -> /home/rhobtor/PHD/ARGOJ8_IA/install/car/share/car/launch
[2.135s] copying launch/gazebo_no_gui.launch.py -> /home/rhobtor/PHD/ARGOJ8_IA/install/car/share/car/launch
[2.135s] copying launch/easy_world.launch.py -> /home/rhobtor/PHD/ARGOJ8_IA/install/car/share/car/launch
[2.135s] copying launch/gazebo_simple6.launch.py -> /home/rhobtor/PHD/ARGOJ8_IA/install/car/share/car/launch
[2.135s] copying launch/gazebo_simple4.launch.py -> /home/rhobtor/PHD/ARGOJ8_IA/install/car/share/car/launch
[2.135s] copying launch/forest.launch.py -> /home/rhobtor/PHD/ARGOJ8_IA/install/car/share/car/launch
[2.135s] copying launch/control_with_gazebo.launch.py -> /home/rhobtor/PHD/ARGOJ8_IA/install/car/share/car/launch
[2.136s] copying launch/j8.launch.py -> /home/rhobtor/PHD/ARGOJ8_IA/install/car/share/car/launch
[2.136s] copying urdf/object_movement.sdf -> /home/rhobtor/PHD/ARGOJ8_IA/install/car/share/car/urdf
[2.136s] copying urdf/materials.xacro -> /home/rhobtor/PHD/ARGOJ8_IA/install/car/share/car/urdf
[2.136s] copying urdf/car.xacro -> /home/rhobtor/PHD/ARGOJ8_IA/install/car/share/car/urdf
[2.136s] copying urdf/camara.plugin.xacro -> /home/rhobtor/PHD/ARGOJ8_IA/install/car/share/car/urdf
[2.136s] copying urdf/car.gazebo -> /home/rhobtor/PHD/ARGOJ8_IA/install/car/share/car/urdf
[2.136s] copying urdf/lidar.plugin.xacro -> /home/rhobtor/PHD/ARGOJ8_IA/install/car/share/car/urdf
[2.136s] copying urdf/control.plugin.xacro -> /home/rhobtor/PHD/ARGOJ8_IA/install/car/share/car/urdf
[2.136s] copying urdf/car.trans -> /home/rhobtor/PHD/ARGOJ8_IA/install/car/share/car/urdf
[2.136s] copying worlds/grass.world -> /home/rhobtor/PHD/ARGOJ8_IA/install/car/share/car/worlds
[2.136s] copying worlds/world_simple_object.world -> /home/rhobtor/PHD/ARGOJ8_IA/install/car/share/car/worlds
[2.136s] copying worlds/hill_tagged.world -> /home/rhobtor/PHD/ARGOJ8_IA/install/car/share/car/worlds
[2.136s] copying worlds/world_simple3.world -> /home/rhobtor/PHD/ARGOJ8_IA/install/car/share/car/worlds
[2.136s] copying worlds/world_simple9.world -> /home/rhobtor/PHD/ARGOJ8_IA/install/car/share/car/worlds
[2.136s] copying worlds/world_simple6.world -> /home/rhobtor/PHD/ARGOJ8_IA/install/car/share/car/worlds
[2.137s] copying worlds/forest.world -> /home/rhobtor/PHD/ARGOJ8_IA/install/car/share/car/worlds
[2.137s] copying worlds/map1_test.world -> /home/rhobtor/PHD/ARGOJ8_IA/install/car/share/car/worlds
[2.137s] copying worlds/world_1.world -> /home/rhobtor/PHD/ARGOJ8_IA/install/car/share/car/worlds
[2.137s] copying worlds/world_simple8.world -> /home/rhobtor/PHD/ARGOJ8_IA/install/car/share/car/worlds
[2.137s] copying worlds/blender_builder.world -> /home/rhobtor/PHD/ARGOJ8_IA/install/car/share/car/worlds
[2.137s] copying worlds/mountain.world -> /home/rhobtor/PHD/ARGOJ8_IA/install/car/share/car/worlds
[2.138s] copying worlds/world_1_b.world -> /home/rhobtor/PHD/ARGOJ8_IA/install/car/share/car/worlds
[2.138s] copying worlds/empty.world -> /home/rhobtor/PHD/ARGOJ8_IA/install/car/share/car/worlds
[2.138s] copying worlds/easy_world.world -> /home/rhobtor/PHD/ARGOJ8_IA/install/car/share/car/worlds
[2.138s] copying worlds/grass_test.world -> /home/rhobtor/PHD/ARGOJ8_IA/install/car/share/car/worlds
[2.138s] copying worlds/park.world -> /home/rhobtor/PHD/ARGOJ8_IA/install/car/share/car/worlds
[2.138s] copying worlds/obstacles_and_traps.world -> /home/rhobtor/PHD/ARGOJ8_IA/install/car/share/car/worlds
[2.139s] copying worlds/world_simple5.world -> /home/rhobtor/PHD/ARGOJ8_IA/install/car/share/car/worlds
[2.139s] copying worlds/obstacles.world -> /home/rhobtor/PHD/ARGOJ8_IA/install/car/share/car/worlds
[2.140s] copying worlds/hill.world -> /home/rhobtor/PHD/ARGOJ8_IA/install/car/share/car/worlds
[2.143s] copying worlds/world_simple7.world -> /home/rhobtor/PHD/ARGOJ8_IA/install/car/share/car/worlds
[2.144s] copying worlds/test.world -> /home/rhobtor/PHD/ARGOJ8_IA/install/car/share/car/worlds
[2.147s] copying worlds/lake.world -> /home/rhobtor/PHD/ARGOJ8_IA/install/car/share/car/worlds
[2.152s] copying worlds/forest_tagged.world -> /home/rhobtor/PHD/ARGOJ8_IA/install/car/share/car/worlds
[2.166s] copying worlds/heightmap_world.world -> /home/rhobtor/PHD/ARGOJ8_IA/install/car/share/car/worlds
[2.166s] copying worlds/world_simple2.world -> /home/rhobtor/PHD/ARGOJ8_IA/install/car/share/car/worlds
[2.166s] copying worlds/park_tagged.world -> /home/rhobtor/PHD/ARGOJ8_IA/install/car/share/car/worlds
[2.166s] copying worlds/river_and_forest.world -> /home/rhobtor/PHD/ARGOJ8_IA/install/car/share/car/worlds
[2.166s] copying worlds/world_simple4.world -> /home/rhobtor/PHD/ARGOJ8_IA/install/car/share/car/worlds
[2.166s] copying worlds/lake_tagged.world -> /home/rhobtor/PHD/ARGOJ8_IA/install/car/share/car/worlds
[2.166s] copying meshes/tire.stl -> /home/rhobtor/PHD/ARGOJ8_IA/install/car/share/car/meshes
[2.167s] copying meshes/rim_front_right_1.stl -> /home/rhobtor/PHD/ARGOJ8_IA/install/car/share/car/meshes
[2.167s] copying meshes/tire_front_left_1.stl -> /home/rhobtor/PHD/ARGOJ8_IA/install/car/share/car/meshes
[2.167s] copying meshes/rim_back_right_1.stl -> /home/rhobtor/PHD/ARGOJ8_IA/install/car/share/car/meshes
[2.167s] copying meshes/direction_front_left_1.stl -> /home/rhobtor/PHD/ARGOJ8_IA/install/car/share/car/meshes
[2.167s] copying meshes/rim.stl -> /home/rhobtor/PHD/ARGOJ8_IA/install/car/share/car/meshes
[2.167s] copying meshes/Lidar.stl -> /home/rhobtor/PHD/ARGOJ8_IA/install/car/share/car/meshes
[2.167s] copying meshes/Camara.stl -> /home/rhobtor/PHD/ARGOJ8_IA/install/car/share/car/meshes
[2.167s] copying meshes/tire_front_right_1.stl -> /home/rhobtor/PHD/ARGOJ8_IA/install/car/share/car/meshes
[2.167s] copying meshes/base_link.stl -> /home/rhobtor/PHD/ARGOJ8_IA/install/car/share/car/meshes
[2.167s] copying meshes/tire_back_right_1.stl -> /home/rhobtor/PHD/ARGOJ8_IA/install/car/share/car/meshes
[2.167s] copying meshes/tire_back_left_1.stl -> /home/rhobtor/PHD/ARGOJ8_IA/install/car/share/car/meshes
[2.167s] copying meshes/suspension_front_left__1.stl -> /home/rhobtor/PHD/ARGOJ8_IA/install/car/share/car/meshes
[2.167s] copying meshes/direction_front_right_1.stl -> /home/rhobtor/PHD/ARGOJ8_IA/install/car/share/car/meshes
[2.168s] copying meshes/suspension_back_right_1.stl -> /home/rhobtor/PHD/ARGOJ8_IA/install/car/share/car/meshes
[2.168s] copying meshes/chasis_1.stl -> /home/rhobtor/PHD/ARGOJ8_IA/install/car/share/car/meshes
[2.168s] copying meshes/rim_front_left_1.stl -> /home/rhobtor/PHD/ARGOJ8_IA/install/car/share/car/meshes
[2.168s] copying meshes/direction_back_right_1.stl -> /home/rhobtor/PHD/ARGOJ8_IA/install/car/share/car/meshes
[2.168s] copying meshes/direction_back_left_1.stl -> /home/rhobtor/PHD/ARGOJ8_IA/install/car/share/car/meshes
[2.168s] copying meshes/rim_back_left_1.stl -> /home/rhobtor/PHD/ARGOJ8_IA/install/car/share/car/meshes
[2.168s] copying meshes/suspension_front_right_1.stl -> /home/rhobtor/PHD/ARGOJ8_IA/install/car/share/car/meshes
[2.168s] copying meshes/suspension_back_left_1.stl -> /home/rhobtor/PHD/ARGOJ8_IA/install/car/share/car/meshes
[2.168s] copying config/world_1_b.yaml -> /home/rhobtor/PHD/ARGOJ8_IA/install/car/share/car/config
[2.168s] copying config/nav2.yaml -> /home/rhobtor/PHD/ARGOJ8_IA/install/car/share/car/config
[2.168s] copying config/ekf_params.yaml -> /home/rhobtor/PHD/ARGOJ8_IA/install/car/share/car/config
[2.168s] copying config/display.rviz -> /home/rhobtor/PHD/ARGOJ8_IA/install/car/share/car/config
[2.168s] copying config/world1.yaml -> /home/rhobtor/PHD/ARGOJ8_IA/install/car/share/car/config
[2.168s] copying config/mapper_params_online_async.yaml -> /home/rhobtor/PHD/ARGOJ8_IA/install/car/share/car/config
[2.169s] copying config/goal.yaml -> /home/rhobtor/PHD/ARGOJ8_IA/install/car/share/car/config
[2.169s] copying config/river_and_forest.yaml -> /home/rhobtor/PHD/ARGOJ8_IA/install/car/share/car/config
[2.169s] copying config/octomap.yaml -> /home/rhobtor/PHD/ARGOJ8_IA/install/car/share/car/config
[2.169s] running install_egg_info
[2.169s] Copying ../../build/car/car.egg-info to /home/rhobtor/PHD/ARGOJ8_IA/install/car/lib/python3.10/site-packages/car-0.0.0-py3.10.egg-info
[2.169s] running install_scripts
[2.209s] Installing colision_zone script to /home/rhobtor/PHD/ARGOJ8_IA/install/car/lib/car
[2.209s] Installing filter_points_cloud script to /home/rhobtor/PHD/ARGOJ8_IA/install/car/lib/car
[2.209s] Installing frontier_centroid script to /home/rhobtor/PHD/ARGOJ8_IA/install/car/lib/car
[2.210s] Installing inference_full_model script to /home/rhobtor/PHD/ARGOJ8_IA/install/car/lib/car
[2.210s] Installing inference_training_mode_simple script to /home/rhobtor/PHD/ARGOJ8_IA/install/car/lib/car
[2.211s] Installing joystick_control script to /home/rhobtor/PHD/ARGOJ8_IA/install/car/lib/car
[2.211s] Installing keyboard_control script to /home/rhobtor/PHD/ARGOJ8_IA/install/car/lib/car
[2.211s] Installing lidar_detection script to /home/rhobtor/PHD/ARGOJ8_IA/install/car/lib/car
[2.213s] Installing map_navegation script to /home/rhobtor/PHD/ARGOJ8_IA/install/car/lib/car
[2.213s] Installing map_navegation_test script to /home/rhobtor/PHD/ARGOJ8_IA/install/car/lib/car
[2.214s] Installing memory_map script to /home/rhobtor/PHD/ARGOJ8_IA/install/car/lib/car
[2.214s] Installing movement_predictive script to /home/rhobtor/PHD/ARGOJ8_IA/install/car/lib/car
[2.214s] Installing path_ppo_cnn_lstm_full_model script to /home/rhobtor/PHD/ARGOJ8_IA/install/car/lib/car
[2.214s] Installing path_ppo_cnn_lstm_training_init_mode script to /home/rhobtor/PHD/ARGOJ8_IA/install/car/lib/car
[2.214s] Installing path_ppo_cnn_lstm_training_init_mode_j8 script to /home/rhobtor/PHD/ARGOJ8_IA/install/car/lib/car
[2.214s] Installing path_ppo_cnn_lstm_training_init_mode_simple script to /home/rhobtor/PHD/ARGOJ8_IA/install/car/lib/car
[2.214s] Installing points_goal script to /home/rhobtor/PHD/ARGOJ8_IA/install/car/lib/car
[2.214s] Installing points_goal_old script to /home/rhobtor/PHD/ARGOJ8_IA/install/car/lib/car
[2.215s] Installing supervisor_node script to /home/rhobtor/PHD/ARGOJ8_IA/install/car/lib/car
[2.215s] Installing test_octomap script to /home/rhobtor/PHD/ARGOJ8_IA/install/car/lib/car
[2.215s] Installing test_vel script to /home/rhobtor/PHD/ARGOJ8_IA/install/car/lib/car
[2.216s] writing list of installed files to '/home/rhobtor/PHD/ARGOJ8_IA/build/car/install.log'
[2.251s] Invoked command in '/home/rhobtor/PHD/ARGOJ8_IA/src/car_python' returned '0': CMAKE_PREFIX_PATH=/home/rhobtor/PHD/ARGOJ8_IA/install/car_interfaces:/home/rhobtor/PHD/ARGOJ8_IA/install/octomap_mapping:/home/rhobtor/PHD/ARGOJ8_IA/install/octomap_server:/home/rhobtor/PHD/ARGOJ8_IA/install/octomap_rviz_plugins:/home/rhobtor/PHD/ARGOJ8_IA/install/j8_xacro_model:/home/rhobtor/PHD/ARGOJ8_IA/install/hector_gazebo_plugins:/home/rhobtor/PHD/ARGOJ8_IA/install/fixposition_sensor_pkg:/home/rhobtor/PHD/ARGOJ8_IA/install/car_cpp:/home/rhobtor/PHD/ARGOJ8_IA/install/argj801_ctl_platform:/home/rhobtor/PHD/ARGOJ8_IA/install/argj801_ctl_platform_interfaces:/home/rhobtor/packages/install/grid_map:/home/rhobtor/packages/install/grid_map_demos:/home/rhobtor/packages/install/grid_map_visualization:/home/rhobtor/packages/install/grid_map_sdf:/home/rhobtor/packages/install/grid_map_rviz_plugin:/home/rhobtor/packages/install/grid_map_pcl:/home/rhobtor/packages/install/grid_map_loader:/home/rhobtor/packages/install/grid_map_filters:/home/rhobtor/packages/install/grid_map_ros:/home/rhobtor/packages/install/grid_map_octomap:/home/rhobtor/packages/install/grid_map_msgs:/home/rhobtor/packages/install/grid_map_cv:/home/rhobtor/packages/install/grid_map_costmap_2d:/home/rhobtor/packages/install/grid_map_core:/home/rhobtor/packages/install/grid_map_cmake_helpers:/home/rhobtor/PHD/reactive/Reactive-Navegation/workspace_full_conected/install/octomap_mapping:/home/rhobtor/PHD/reactive/Reactive-Navegation/workspace_full_conected/install/octomap_server:/home/rhobtor/PHD/reactive/Reactive-Navegation/workspace_full_conected/install/octomap_rviz_plugins:/home/rhobtor/PHD/reactive/Reactive-Navegation/workspace_full_conected/install/hector_gazebo_plugins:/home/rhobtor/PHD/reactive/Reactive-Navegation/workspace_full_conected/install/car_cpp:/home/rhobtor/PHD/reactive/Reactive-Navegation/workspace_full_conected/install/car_interfaces LD_LIBRARY_PATH=/home/rhobtor/PHD/ARGOJ8_IA/install/car_interfaces/lib:/home/rhobtor/PHD/ARGOJ8_IA/install/octomap_server/lib:/home/rhobtor/PHD/ARGOJ8_IA/install/octomap_rviz_plugins/lib:/home/rhobtor/PHD/ARGOJ8_IA/install/j8_xacro_model/lib:/home/rhobtor/PHD/ARGOJ8_IA/install/hector_gazebo_plugins/lib:/home/rhobtor/PHD/ARGOJ8_IA/install/fixposition_sensor_pkg/lib:/home/rhobtor/PHD/ARGOJ8_IA/install/car_cpp/lib:/home/rhobtor/PHD/ARGOJ8_IA/install/argj801_ctl_platform_interfaces/lib:/home/rhobtor/packages/install/grid_map_demos/lib:/home/rhobtor/packages/install/grid_map_visualization/lib:/home/rhobtor/packages/install/grid_map_sdf/lib:/home/rhobtor/packages/install/grid_map_rviz_plugin/lib:/home/rhobtor/packages/install/grid_map_pcl/lib:/home/rhobtor/packages/install/grid_map_loader/lib:/home/rhobtor/packages/install/grid_map_filters/lib:/home/rhobtor/packages/install/grid_map_ros/lib:/home/rhobtor/packages/install/grid_map_octomap/lib:/home/rhobtor/packages/install/grid_map_msgs/lib:/home/rhobtor/packages/install/grid_map_cv/lib:/home/rhobtor/packages/install/grid_map_costmap_2d/lib:/home/rhobtor/packages/install/grid_map_core/lib:/home/rhobtor/PHD/reactive/Reactive-Navegation/workspace_full_conected/install/octomap_server/lib:/home/rhobtor/PHD/reactive/Reactive-Navegation/workspace_full_conected/install/octomap_rviz_plugins/lib:/home/rhobtor/PHD/reactive/Reactive-Navegation/workspace_full_conected/install/hector_gazebo_plugins/lib:/home/rhobtor/PHD/reactive/Reactive-Navegation/workspace_full_conected/install/car_cpp/lib:/home/rhobtor/PHD/reactive/Reactive-Navegation/workspace_full_conected/install/car_interfaces/lib:/usr/lib/x86_64-linux-gnu/gazebo-11/plugins:/opt/ros/humble/opt/rviz_ogre_vendor/lib:/opt/ros/humble/lib/x86_64-linux-gnu:/opt/ros/humble/lib PYTHONPATH=/home/rhobtor/PHD/ARGOJ8_IA/build/car/prefix_override:/usr/lib/python3/dist-packages/colcon_core/task/python/colcon_distutils_commands:/home/rhobtor/PHD/ARGOJ8_IA/install/car/lib/python3.10/site-packages:${PYTHONPATH} /usr/bin/python3 -W ignore:setup.py install is deprecated -W ignore:easy_install command is deprecated setup.py egg_info --egg-base ../../build/car build --build-base /home/rhobtor/PHD/ARGOJ8_IA/build/car/build install --record /home/rhobtor/PHD/ARGOJ8_IA/build/car/install.log --single-version-externally-managed install_data --force
