[0.049s] Invoking command in '/home/rhobtor/PHD/ARGOJ8_IA/build/ublox_serialization': CMAKE_PREFIX_PATH=${CMAKE_PREFIX_PATH}:/home/rhobtor/PHD/reactive/Reactive-Navegation/workspace_full_conected/install/car:/opt/ros/humble /opt/st/stm32cubeclt_1.18.0/CMake/bin/cmake --build /home/rhobtor/PHD/ARGOJ8_IA/build/ublox_serialization -- -j16 -l16
[0.860s] Invoked command in '/home/rhobtor/PHD/ARGOJ8_IA/build/ublox_serialization' returned '0': CMAKE_PREFIX_PATH=${CMAKE_PREFIX_PATH}:/home/rhobtor/PHD/reactive/Reactive-Navegation/workspace_full_conected/install/car:/opt/ros/humble /opt/st/stm32cubeclt_1.18.0/CMake/bin/cmake --build /home/rhobtor/PHD/ARGOJ8_IA/build/ublox_serialization -- -j16 -l16
[0.868s] Invoking command in '/home/rhobtor/PHD/ARGOJ8_IA/build/ublox_serialization': CMAKE_PREFIX_PATH=${CMAKE_PREFIX_PATH}:/home/rhobtor/PHD/reactive/Reactive-Navegation/workspace_full_conected/install/car:/opt/ros/humble /opt/st/stm32cubeclt_1.18.0/CMake/bin/cmake --install /home/rhobtor/PHD/ARGOJ8_IA/build/ublox_serialization
[0.913s] -- Install configuration: ""
[0.916s] -- Up-to-date: /home/rhobtor/PHD/ARGOJ8_IA/install/ublox_serialization/include/ublox_serialization
[0.921s] -- Up-to-date: /home/rhobtor/PHD/ARGOJ8_IA/install/ublox_serialization/include/ublox_serialization/ublox_serialization
[0.922s] -- Up-to-date: /home/rhobtor/PHD/ARGOJ8_IA/install/ublox_serialization/include/ublox_serialization/ublox_serialization/serialization.hpp
[0.923s] -- Up-to-date: /home/rhobtor/PHD/ARGOJ8_IA/install/ublox_serialization/include/ublox_serialization/ublox_serialization/checksum.hpp
[0.923s] -- Up-to-date: /home/rhobtor/PHD/ARGOJ8_IA/install/ublox_serialization/share/ament_index/resource_index/package_run_dependencies/ublox_serialization
[0.925s] -- Up-to-date: /home/rhobtor/PHD/ARGOJ8_IA/install/ublox_serialization/share/ament_index/resource_index/parent_prefix_path/ublox_serialization
[0.927s] -- Up-to-date: /home/rhobtor/PHD/ARGOJ8_IA/install/ublox_serialization/share/ublox_serialization/environment/ament_prefix_path.sh
[0.927s] -- Up-to-date: /home/rhobtor/PHD/ARGOJ8_IA/install/ublox_serialization/share/ublox_serialization/environment/ament_prefix_path.dsv
[0.927s] -- Up-to-date: /home/rhobtor/PHD/ARGOJ8_IA/install/ublox_serialization/share/ublox_serialization/environment/path.sh
[0.927s] -- Up-to-date: /home/rhobtor/PHD/ARGOJ8_IA/install/ublox_serialization/share/ublox_serialization/environment/path.dsv
[0.927s] -- Up-to-date: /home/rhobtor/PHD/ARGOJ8_IA/install/ublox_serialization/share/ublox_serialization/local_setup.bash
[0.927s] -- Up-to-date: /home/rhobtor/PHD/ARGOJ8_IA/install/ublox_serialization/share/ublox_serialization/local_setup.sh
[0.927s] -- Up-to-date: /home/rhobtor/PHD/ARGOJ8_IA/install/ublox_serialization/share/ublox_serialization/local_setup.zsh
[0.927s] -- Up-to-date: /home/rhobtor/PHD/ARGOJ8_IA/install/ublox_serialization/share/ublox_serialization/local_setup.dsv
[0.927s] -- Installing: /home/rhobtor/PHD/ARGOJ8_IA/install/ublox_serialization/share/ublox_serialization/package.dsv
[0.929s] -- Up-to-date: /home/rhobtor/PHD/ARGOJ8_IA/install/ublox_serialization/share/ament_index/resource_index/packages/ublox_serialization
[0.934s] -- Up-to-date: /home/rhobtor/PHD/ARGOJ8_IA/install/ublox_serialization/share/ublox_serialization/cmake/export_ublox_serializationExport.cmake
[0.934s] -- Up-to-date: /home/rhobtor/PHD/ARGOJ8_IA/install/ublox_serialization/share/ublox_serialization/cmake/ament_cmake_export_include_directories-extras.cmake
[0.934s] -- Up-to-date: /home/rhobtor/PHD/ARGOJ8_IA/install/ublox_serialization/share/ublox_serialization/cmake/ament_cmake_export_targets-extras.cmake
[0.934s] -- Up-to-date: /home/rhobtor/PHD/ARGOJ8_IA/install/ublox_serialization/share/ublox_serialization/cmake/ublox_serializationConfig.cmake
[0.934s] -- Up-to-date: /home/rhobtor/PHD/ARGOJ8_IA/install/ublox_serialization/share/ublox_serialization/cmake/ublox_serializationConfig-version.cmake
[0.934s] -- Up-to-date: /home/rhobtor/PHD/ARGOJ8_IA/install/ublox_serialization/share/ublox_serialization/package.xml
[1.207s] Invoked command in '/home/rhobtor/PHD/ARGOJ8_IA/build/ublox_serialization' returned '0': CMAKE_PREFIX_PATH=${CMAKE_PREFIX_PATH}:/home/rhobtor/PHD/reactive/Reactive-Navegation/workspace_full_conected/install/car:/opt/ros/humble /opt/st/stm32cubeclt_1.18.0/CMake/bin/cmake --install /home/rhobtor/PHD/ARGOJ8_IA/build/ublox_serialization
