[0.061s] Invoking command in '/home/rhobtor/PHD/ARGOJ8_IA/build/fixposition_gnss_tf': CMAKE_PREFIX_PATH=${CMAKE_PREFIX_PATH}:/home/rhobtor/PHD/reactive/Reactive-Navegation/workspace_full_conected/install/car:/opt/ros/humble /opt/st/stm32cubeclt_1.18.0/CMake/bin/cmake /home/rhobtor/PHD/ARGOJ8_IA/src/argo_drivers_pkgs/Fixposition_driver_pkg/fixposition_gnss_tf-main -DCMAKE_INSTALL_PREFIX=/home/rhobtor/PHD/ARGOJ8_IA/install/fixposition_gnss_tf
[0.818s] -- The CXX compiler identification is GNU 11.4.0
[0.818s] -- Detecting CXX compiler ABI info
[0.818s] -- Detecting CXX compiler ABI info - done
[0.818s] -- Check for working CXX compiler: /usr/bin/c++ - skipped
[0.818s] -- Detecting CXX compile features
[0.818s] -- Detecting CXX compile features - done
[0.818s] -- Configuring done (0.3s)
[0.818s] -- Generating done (0.0s)
[0.818s] -- Build files have been written to: /home/rhobtor/PHD/ARGOJ8_IA/build/fixposition_gnss_tf
[0.926s] Invoked command in '/home/rhobtor/PHD/ARGOJ8_IA/build/fixposition_gnss_tf' returned '0': CMAKE_PREFIX_PATH=${CMAKE_PREFIX_PATH}:/home/rhobtor/PHD/reactive/Reactive-Navegation/workspace_full_conected/install/car:/opt/ros/humble /opt/st/stm32cubeclt_1.18.0/CMake/bin/cmake /home/rhobtor/PHD/ARGOJ8_IA/src/argo_drivers_pkgs/Fixposition_driver_pkg/fixposition_gnss_tf-main -DCMAKE_INSTALL_PREFIX=/home/rhobtor/PHD/ARGOJ8_IA/install/fixposition_gnss_tf
[0.927s] Invoking command in '/home/rhobtor/PHD/ARGOJ8_IA/build/fixposition_gnss_tf': CMAKE_PREFIX_PATH=${CMAKE_PREFIX_PATH}:/home/rhobtor/PHD/reactive/Reactive-Navegation/workspace_full_conected/install/car:/opt/ros/humble /opt/st/stm32cubeclt_1.18.0/CMake/bin/cmake --build /home/rhobtor/PHD/ARGOJ8_IA/build/fixposition_gnss_tf -- -j16 -l16
[3.950s] [ 50%] [32mBuilding CXX object CMakeFiles/fixposition_gnss_tf.dir/src/gnss_tf.cpp.o[0m
[3.951s] [100%] [32m[1mLinking CXX shared library libfixposition_gnss_tf.so[0m
[3.951s] [100%] Built target fixposition_gnss_tf
[3.967s] Invoked command in '/home/rhobtor/PHD/ARGOJ8_IA/build/fixposition_gnss_tf' returned '0': CMAKE_PREFIX_PATH=${CMAKE_PREFIX_PATH}:/home/rhobtor/PHD/reactive/Reactive-Navegation/workspace_full_conected/install/car:/opt/ros/humble /opt/st/stm32cubeclt_1.18.0/CMake/bin/cmake --build /home/rhobtor/PHD/ARGOJ8_IA/build/fixposition_gnss_tf -- -j16 -l16
[3.970s] Invoking command in '/home/rhobtor/PHD/ARGOJ8_IA/build/fixposition_gnss_tf': CMAKE_PREFIX_PATH=${CMAKE_PREFIX_PATH}:/home/rhobtor/PHD/reactive/Reactive-Navegation/workspace_full_conected/install/car:/opt/ros/humble /opt/st/stm32cubeclt_1.18.0/CMake/bin/cmake --install /home/rhobtor/PHD/ARGOJ8_IA/build/fixposition_gnss_tf
[4.338s] -- Install configuration: "Release"
[4.338s] -- Installing: /home/rhobtor/PHD/ARGOJ8_IA/install/fixposition_gnss_tf/./include
[4.338s] -- Installing: /home/rhobtor/PHD/ARGOJ8_IA/install/fixposition_gnss_tf/./include/fixposition_gnss_tf
[4.339s] -- Installing: /home/rhobtor/PHD/ARGOJ8_IA/install/fixposition_gnss_tf/./include/fixposition_gnss_tf/gnss_tf.hpp
[4.339s] -- Installing: /home/rhobtor/PHD/ARGOJ8_IA/install/fixposition_gnss_tf/lib/libfixposition_gnss_tf.so
[4.339s] -- Up-to-date: /home/rhobtor/PHD/ARGOJ8_IA/install/fixposition_gnss_tf/lib/libfixposition_gnss_tf.so
[4.339s] -- Installing: /home/rhobtor/PHD/ARGOJ8_IA/install/fixposition_gnss_tf/lib/cmake/fixposition_gnss_tf/fixposition_gnss_tf-targets.cmake
[4.339s] -- Installing: /home/rhobtor/PHD/ARGOJ8_IA/install/fixposition_gnss_tf/lib/cmake/fixposition_gnss_tf/fixposition_gnss_tf-targets-release.cmake
[4.339s] -- Up-to-date: /home/rhobtor/PHD/ARGOJ8_IA/install/fixposition_gnss_tf/include/fixposition_gnss_tf
[4.339s] -- Up-to-date: /home/rhobtor/PHD/ARGOJ8_IA/install/fixposition_gnss_tf/include/fixposition_gnss_tf/gnss_tf.hpp
[4.339s] -- Installing: /home/rhobtor/PHD/ARGOJ8_IA/install/fixposition_gnss_tf/share/fixposition_gnss_tf/package.xml
[4.339s] -- Installing: /home/rhobtor/PHD/ARGOJ8_IA/install/fixposition_gnss_tf/lib/cmake/fixposition_gnss_tf/fixposition_gnss_tf-config.cmake
[4.340s] -- Installing: /home/rhobtor/PHD/ARGOJ8_IA/install/fixposition_gnss_tf/lib/cmake/fixposition_gnss_tf/fixposition_gnss_tf-config-version.cmake
[4.403s] Invoked command in '/home/rhobtor/PHD/ARGOJ8_IA/build/fixposition_gnss_tf' returned '0': CMAKE_PREFIX_PATH=${CMAKE_PREFIX_PATH}:/home/rhobtor/PHD/reactive/Reactive-Navegation/workspace_full_conected/install/car:/opt/ros/humble /opt/st/stm32cubeclt_1.18.0/CMake/bin/cmake --install /home/rhobtor/PHD/ARGOJ8_IA/build/fixposition_gnss_tf
