[0.598s] Invoking command in '/home/rhobtor/PHD/ARGOJ8_IA/build/spacenav': CMAKE_PREFIX_PATH=${CMAKE_PREFIX_PATH}:/home/rhobtor/PHD/ARGOJ8_IA/install/ntrip_client:/home/rhobtor/PHD/ARGOJ8_IA/install/car:/home/rhobtor/PHD/ARGOJ8_IA/install/android_ros2_server:/home/rhobtor/PHD/ARGOJ8_IA/install/GUI_pkg:/home/rhobtor/PHD/reactive/Reactive-Navegation/workspace_full_conected/install/car:/opt/ros/humble /opt/st/stm32cubeclt_1.18.0/CMake/bin/cmake --build /home/rhobtor/PHD/ARGOJ8_IA/build/spacenav -- -j16 -l16
[1.763s] [ 50%] Built target spacenav
[1.763s] [100%] Built target spacenav_node
[1.810s] Invoked command in '/home/rhobtor/PHD/ARGOJ8_IA/build/spacenav' returned '0': CMAKE_PREFIX_PATH=${CMAKE_PREFIX_PATH}:/home/rhobtor/PHD/ARGOJ8_IA/install/ntrip_client:/home/rhobtor/PHD/ARGOJ8_IA/install/car:/home/rhobtor/PHD/ARGOJ8_IA/install/android_ros2_server:/home/rhobtor/PHD/ARGOJ8_IA/install/GUI_pkg:/home/rhobtor/PHD/reactive/Reactive-Navegation/workspace_full_conected/install/car:/opt/ros/humble /opt/st/stm32cubeclt_1.18.0/CMake/bin/cmake --build /home/rhobtor/PHD/ARGOJ8_IA/build/spacenav -- -j16 -l16
[1.813s] Invoking command in '/home/rhobtor/PHD/ARGOJ8_IA/build/spacenav': CMAKE_PREFIX_PATH=${CMAKE_PREFIX_PATH}:/home/rhobtor/PHD/ARGOJ8_IA/install/ntrip_client:/home/rhobtor/PHD/ARGOJ8_IA/install/car:/home/rhobtor/PHD/ARGOJ8_IA/install/android_ros2_server:/home/rhobtor/PHD/ARGOJ8_IA/install/GUI_pkg:/home/rhobtor/PHD/reactive/Reactive-Navegation/workspace_full_conected/install/car:/opt/ros/humble /opt/st/stm32cubeclt_1.18.0/CMake/bin/cmake --install /home/rhobtor/PHD/ARGOJ8_IA/build/spacenav
[2.000s] -- Install configuration: ""
[2.000s] -- Up-to-date: /home/rhobtor/PHD/ARGOJ8_IA/install/spacenav/lib/libspacenav.so
[2.000s] -- Up-to-date: /home/rhobtor/PHD/ARGOJ8_IA/install/spacenav/lib/spacenav/spacenav_node
[2.000s] -- Up-to-date: /home/rhobtor/PHD/ARGOJ8_IA/install/spacenav/include/spacenav
[2.000s] -- Up-to-date: /home/rhobtor/PHD/ARGOJ8_IA/install/spacenav/include/spacenav/spacenav
[2.000s] -- Up-to-date: /home/rhobtor/PHD/ARGOJ8_IA/install/spacenav/include/spacenav/spacenav/spacenav.hpp
[2.001s] -- Up-to-date: /home/rhobtor/PHD/ARGOJ8_IA/install/spacenav/share/spacenav//launch
[2.001s] -- Up-to-date: /home/rhobtor/PHD/ARGOJ8_IA/install/spacenav/share/spacenav//launch/static_deadband-launch.py
[2.001s] -- Up-to-date: /home/rhobtor/PHD/ARGOJ8_IA/install/spacenav/share/spacenav//launch/no_deadband-launch.py
[2.001s] -- Up-to-date: /home/rhobtor/PHD/ARGOJ8_IA/install/spacenav/share/spacenav//launch/classic-launch.py
[2.001s] -- Up-to-date: /home/rhobtor/PHD/ARGOJ8_IA/install/spacenav/lib/libspacenav.so
[2.001s] -- Up-to-date: /home/rhobtor/PHD/ARGOJ8_IA/install/spacenav/share/ament_index/resource_index/package_run_dependencies/spacenav
[2.001s] -- Up-to-date: /home/rhobtor/PHD/ARGOJ8_IA/install/spacenav/share/ament_index/resource_index/parent_prefix_path/spacenav
[2.001s] -- Up-to-date: /home/rhobtor/PHD/ARGOJ8_IA/install/spacenav/share/spacenav/environment/ament_prefix_path.sh
[2.001s] -- Up-to-date: /home/rhobtor/PHD/ARGOJ8_IA/install/spacenav/share/spacenav/environment/ament_prefix_path.dsv
[2.002s] -- Up-to-date: /home/rhobtor/PHD/ARGOJ8_IA/install/spacenav/share/spacenav/environment/path.sh
[2.002s] -- Up-to-date: /home/rhobtor/PHD/ARGOJ8_IA/install/spacenav/share/spacenav/environment/path.dsv
[2.002s] -- Up-to-date: /home/rhobtor/PHD/ARGOJ8_IA/install/spacenav/share/spacenav/local_setup.bash
[2.002s] -- Up-to-date: /home/rhobtor/PHD/ARGOJ8_IA/install/spacenav/share/spacenav/local_setup.sh
[2.002s] -- Up-to-date: /home/rhobtor/PHD/ARGOJ8_IA/install/spacenav/share/spacenav/local_setup.zsh
[2.002s] -- Up-to-date: /home/rhobtor/PHD/ARGOJ8_IA/install/spacenav/share/spacenav/local_setup.dsv
[2.002s] -- Installing: /home/rhobtor/PHD/ARGOJ8_IA/install/spacenav/share/spacenav/package.dsv
[2.002s] -- Up-to-date: /home/rhobtor/PHD/ARGOJ8_IA/install/spacenav/share/ament_index/resource_index/packages/spacenav
[2.002s] -- Up-to-date: /home/rhobtor/PHD/ARGOJ8_IA/install/spacenav/share/ament_index/resource_index/rclcpp_components/spacenav
[2.003s] -- Up-to-date: /home/rhobtor/PHD/ARGOJ8_IA/install/spacenav/share/spacenav/cmake/export_spacenavExport.cmake
[2.003s] -- Up-to-date: /home/rhobtor/PHD/ARGOJ8_IA/install/spacenav/share/spacenav/cmake/export_spacenavExport-noconfig.cmake
[2.003s] -- Up-to-date: /home/rhobtor/PHD/ARGOJ8_IA/install/spacenav/share/spacenav/cmake/ament_cmake_export_targets-extras.cmake
[2.003s] -- Up-to-date: /home/rhobtor/PHD/ARGOJ8_IA/install/spacenav/share/spacenav/cmake/ament_cmake_export_dependencies-extras.cmake
[2.003s] -- Up-to-date: /home/rhobtor/PHD/ARGOJ8_IA/install/spacenav/share/spacenav/cmake/spacenavConfig.cmake
[2.003s] -- Up-to-date: /home/rhobtor/PHD/ARGOJ8_IA/install/spacenav/share/spacenav/cmake/spacenavConfig-version.cmake
[2.004s] -- Up-to-date: /home/rhobtor/PHD/ARGOJ8_IA/install/spacenav/share/spacenav/package.xml
[2.311s] Invoked command in '/home/rhobtor/PHD/ARGOJ8_IA/build/spacenav' returned '0': CMAKE_PREFIX_PATH=${CMAKE_PREFIX_PATH}:/home/rhobtor/PHD/ARGOJ8_IA/install/ntrip_client:/home/rhobtor/PHD/ARGOJ8_IA/install/car:/home/rhobtor/PHD/ARGOJ8_IA/install/android_ros2_server:/home/rhobtor/PHD/ARGOJ8_IA/install/GUI_pkg:/home/rhobtor/PHD/reactive/Reactive-Navegation/workspace_full_conected/install/car:/opt/ros/humble /opt/st/stm32cubeclt_1.18.0/CMake/bin/cmake --install /home/rhobtor/PHD/ARGOJ8_IA/build/spacenav
