[0.058s] Invoking command in '/home/rhobtor/PHD/ARGOJ8_IA/build/sdl2_vendor': CMAKE_PREFIX_PATH=${CMAKE_PREFIX_PATH}:/home/rhobtor/PHD/ARGOJ8_IA/install/ntrip_client:/home/rhobtor/PHD/ARGOJ8_IA/install/car:/home/rhobtor/PHD/ARGOJ8_IA/install/android_ros2_server:/home/rhobtor/PHD/ARGOJ8_IA/install/GUI_pkg:/home/rhobtor/PHD/reactive/Reactive-Navegation/workspace_full_conected/install/car:/opt/ros/humble /opt/st/stm32cubeclt_1.18.0/CMake/bin/cmake --build /home/rhobtor/PHD/ARGOJ8_IA/build/sdl2_vendor -- -j16 -l16
[0.707s] Invoked command in '/home/rhobtor/PHD/ARGOJ8_IA/build/sdl2_vendor' returned '0': CMAKE_PREFIX_PATH=${CMAKE_PREFIX_PATH}:/home/rhobtor/PHD/ARGOJ8_IA/install/ntrip_client:/home/rhobtor/PHD/ARGOJ8_IA/install/car:/home/rhobtor/PHD/ARGOJ8_IA/install/android_ros2_server:/home/rhobtor/PHD/ARGOJ8_IA/install/GUI_pkg:/home/rhobtor/PHD/reactive/Reactive-Navegation/workspace_full_conected/install/car:/opt/ros/humble /opt/st/stm32cubeclt_1.18.0/CMake/bin/cmake --build /home/rhobtor/PHD/ARGOJ8_IA/build/sdl2_vendor -- -j16 -l16
[0.712s] Invoking command in '/home/rhobtor/PHD/ARGOJ8_IA/build/sdl2_vendor': CMAKE_PREFIX_PATH=${CMAKE_PREFIX_PATH}:/home/rhobtor/PHD/ARGOJ8_IA/install/ntrip_client:/home/rhobtor/PHD/ARGOJ8_IA/install/car:/home/rhobtor/PHD/ARGOJ8_IA/install/android_ros2_server:/home/rhobtor/PHD/ARGOJ8_IA/install/GUI_pkg:/home/rhobtor/PHD/reactive/Reactive-Navegation/workspace_full_conected/install/car:/opt/ros/humble /opt/st/stm32cubeclt_1.18.0/CMake/bin/cmake --install /home/rhobtor/PHD/ARGOJ8_IA/build/sdl2_vendor
[0.741s] -- Install configuration: ""
[0.743s] -- Up-to-date: /home/rhobtor/PHD/ARGOJ8_IA/install/sdl2_vendor/share/sdl2_vendor/cmake
[0.744s] -- Up-to-date: /home/rhobtor/PHD/ARGOJ8_IA/install/sdl2_vendor/share/sdl2_vendor/cmake/Modules
[0.746s] -- Up-to-date: /home/rhobtor/PHD/ARGOJ8_IA/install/sdl2_vendor/share/sdl2_vendor/cmake/Modules/Findsdl2_custom.cmake
[0.747s] -- Up-to-date: /home/rhobtor/PHD/ARGOJ8_IA/install/sdl2_vendor/share/ament_index/resource_index/package_run_dependencies/sdl2_vendor
[0.747s] -- Up-to-date: /home/rhobtor/PHD/ARGOJ8_IA/install/sdl2_vendor/share/ament_index/resource_index/parent_prefix_path/sdl2_vendor
[0.748s] -- Up-to-date: /home/rhobtor/PHD/ARGOJ8_IA/install/sdl2_vendor/share/sdl2_vendor/environment/ament_prefix_path.sh
[0.748s] -- Up-to-date: /home/rhobtor/PHD/ARGOJ8_IA/install/sdl2_vendor/share/sdl2_vendor/environment/ament_prefix_path.dsv
[0.748s] -- Up-to-date: /home/rhobtor/PHD/ARGOJ8_IA/install/sdl2_vendor/share/sdl2_vendor/environment/path.sh
[0.748s] -- Up-to-date: /home/rhobtor/PHD/ARGOJ8_IA/install/sdl2_vendor/share/sdl2_vendor/environment/path.dsv
[0.748s] -- Up-to-date: /home/rhobtor/PHD/ARGOJ8_IA/install/sdl2_vendor/share/sdl2_vendor/local_setup.bash
[0.748s] -- Up-to-date: /home/rhobtor/PHD/ARGOJ8_IA/install/sdl2_vendor/share/sdl2_vendor/local_setup.sh
[0.748s] -- Up-to-date: /home/rhobtor/PHD/ARGOJ8_IA/install/sdl2_vendor/share/sdl2_vendor/local_setup.zsh
[0.748s] -- Up-to-date: /home/rhobtor/PHD/ARGOJ8_IA/install/sdl2_vendor/share/sdl2_vendor/local_setup.dsv
[0.748s] -- Installing: /home/rhobtor/PHD/ARGOJ8_IA/install/sdl2_vendor/share/sdl2_vendor/package.dsv
[0.748s] -- Up-to-date: /home/rhobtor/PHD/ARGOJ8_IA/install/sdl2_vendor/share/ament_index/resource_index/packages/sdl2_vendor
[0.748s] -- Up-to-date: /home/rhobtor/PHD/ARGOJ8_IA/install/sdl2_vendor/share/sdl2_vendor/cmake/sdl2_vendor-extras.cmake
[0.748s] -- Up-to-date: /home/rhobtor/PHD/ARGOJ8_IA/install/sdl2_vendor/share/sdl2_vendor/cmake/sdl2_vendorConfig.cmake
[0.750s] -- Up-to-date: /home/rhobtor/PHD/ARGOJ8_IA/install/sdl2_vendor/share/sdl2_vendor/cmake/sdl2_vendorConfig-version.cmake
[0.751s] -- Up-to-date: /home/rhobtor/PHD/ARGOJ8_IA/install/sdl2_vendor/share/sdl2_vendor/package.xml
[0.893s] Invoked command in '/home/rhobtor/PHD/ARGOJ8_IA/build/sdl2_vendor' returned '0': CMAKE_PREFIX_PATH=${CMAKE_PREFIX_PATH}:/home/rhobtor/PHD/ARGOJ8_IA/install/ntrip_client:/home/rhobtor/PHD/ARGOJ8_IA/install/car:/home/rhobtor/PHD/ARGOJ8_IA/install/android_ros2_server:/home/rhobtor/PHD/ARGOJ8_IA/install/GUI_pkg:/home/rhobtor/PHD/reactive/Reactive-Navegation/workspace_full_conected/install/car:/opt/ros/humble /opt/st/stm32cubeclt_1.18.0/CMake/bin/cmake --install /home/rhobtor/PHD/ARGOJ8_IA/build/sdl2_vendor
