[0.602s] Invoking command in '/home/rhobtor/PHD/ARGOJ8_IA/build/laser_segmentation': AMENT_PREFIX_PATH=/home/rhobtor/PHD/ARGOJ8_IA/install/slg_msgs:${AMENT_PREFIX_PATH} CMAKE_PREFIX_PATH=/home/rhobtor/PHD/ARGOJ8_IA/install/slg_msgs:/home/rhobtor/PHD/reactive/Reactive-Navegation/workspace_full_conected/install/octomap_mapping:/home/rhobtor/PHD/reactive/Reactive-Navegation/workspace_full_conected/install/octomap_server:/home/rhobtor/PHD/reactive/Reactive-Navegation/workspace_full_conected/install/octomap_rviz_plugins:/home/rhobtor/PHD/reactive/Reactive-Navegation/workspace_full_conected/install/hector_gazebo_plugins:/home/rhobtor/PHD/reactive/Reactive-Navegation/workspace_full_conected/install/car_cpp:/home/rhobtor/PHD/reactive/Reactive-Navegation/workspace_full_conected/install/car_interfaces:/home/rhobtor/PHD/reactive/Reactive-Navegation/workspace_full_conected/install/car:/opt/ros/humble LD_LIBRARY_PATH=/home/rhobtor/PHD/ARGOJ8_IA/install/slg_msgs/lib:${LD_LIBRARY_PATH} PYTHONPATH=/home/rhobtor/PHD/ARGOJ8_IA/install/slg_msgs/local/lib/python3.10/dist-packages:${PYTHONPATH} /opt/st/stm32cubeclt_1.18.0/CMake/bin/cmake --build /home/rhobtor/PHD/ARGOJ8_IA/build/laser_segmentation -- -j16 -l16
[0.657s] [ 11%] Built target gtest
[0.657s] [ 23%] Built target gtest_main
[0.704s] [ 52%] Built target laser_segmentation_component
[0.724s] [ 64%] Built target test_segmentations
[0.828s] [ 76%] Built target laser_segmentation
[0.834s] [ 88%] Built target test_laser_segmentation
[0.836s] [100%] Built target test_integration
[1.086s] Invoked command in '/home/rhobtor/PHD/ARGOJ8_IA/build/laser_segmentation' returned '0': AMENT_PREFIX_PATH=/home/rhobtor/PHD/ARGOJ8_IA/install/slg_msgs:${AMENT_PREFIX_PATH} CMAKE_PREFIX_PATH=/home/rhobtor/PHD/ARGOJ8_IA/install/slg_msgs:/home/rhobtor/PHD/reactive/Reactive-Navegation/workspace_full_conected/install/octomap_mapping:/home/rhobtor/PHD/reactive/Reactive-Navegation/workspace_full_conected/install/octomap_server:/home/rhobtor/PHD/reactive/Reactive-Navegation/workspace_full_conected/install/octomap_rviz_plugins:/home/rhobtor/PHD/reactive/Reactive-Navegation/workspace_full_conected/install/hector_gazebo_plugins:/home/rhobtor/PHD/reactive/Reactive-Navegation/workspace_full_conected/install/car_cpp:/home/rhobtor/PHD/reactive/Reactive-Navegation/workspace_full_conected/install/car_interfaces:/home/rhobtor/PHD/reactive/Reactive-Navegation/workspace_full_conected/install/car:/opt/ros/humble LD_LIBRARY_PATH=/home/rhobtor/PHD/ARGOJ8_IA/install/slg_msgs/lib:${LD_LIBRARY_PATH} PYTHONPATH=/home/rhobtor/PHD/ARGOJ8_IA/install/slg_msgs/local/lib/python3.10/dist-packages:${PYTHONPATH} /opt/st/stm32cubeclt_1.18.0/CMake/bin/cmake --build /home/rhobtor/PHD/ARGOJ8_IA/build/laser_segmentation -- -j16 -l16
[1.088s] Invoking command in '/home/rhobtor/PHD/ARGOJ8_IA/build/laser_segmentation': AMENT_PREFIX_PATH=/home/rhobtor/PHD/ARGOJ8_IA/install/slg_msgs:${AMENT_PREFIX_PATH} CMAKE_PREFIX_PATH=/home/rhobtor/PHD/ARGOJ8_IA/install/slg_msgs:/home/rhobtor/PHD/reactive/Reactive-Navegation/workspace_full_conected/install/octomap_mapping:/home/rhobtor/PHD/reactive/Reactive-Navegation/workspace_full_conected/install/octomap_server:/home/rhobtor/PHD/reactive/Reactive-Navegation/workspace_full_conected/install/octomap_rviz_plugins:/home/rhobtor/PHD/reactive/Reactive-Navegation/workspace_full_conected/install/hector_gazebo_plugins:/home/rhobtor/PHD/reactive/Reactive-Navegation/workspace_full_conected/install/car_cpp:/home/rhobtor/PHD/reactive/Reactive-Navegation/workspace_full_conected/install/car_interfaces:/home/rhobtor/PHD/reactive/Reactive-Navegation/workspace_full_conected/install/car:/opt/ros/humble LD_LIBRARY_PATH=/home/rhobtor/PHD/ARGOJ8_IA/install/slg_msgs/lib:${LD_LIBRARY_PATH} PYTHONPATH=/home/rhobtor/PHD/ARGOJ8_IA/install/slg_msgs/local/lib/python3.10/dist-packages:${PYTHONPATH} /opt/st/stm32cubeclt_1.18.0/CMake/bin/cmake --install /home/rhobtor/PHD/ARGOJ8_IA/build/laser_segmentation
[1.103s] -- Install configuration: "Release"
[1.103s] -- Up-to-date: /home/rhobtor/PHD/ARGOJ8_IA/install/laser_segmentation/lib/liblaser_segmentation_component.so
[1.103s] -- Up-to-date: /home/rhobtor/PHD/ARGOJ8_IA/install/laser_segmentation/lib/laser_segmentation/laser_segmentation
[1.103s] -- Up-to-date: /home/rhobtor/PHD/ARGOJ8_IA/install/laser_segmentation/include/laser_segmentation
[1.103s] -- Up-to-date: /home/rhobtor/PHD/ARGOJ8_IA/install/laser_segmentation/include/laser_segmentation/parameter_handler.hpp
[1.103s] -- Up-to-date: /home/rhobtor/PHD/ARGOJ8_IA/install/laser_segmentation/include/laser_segmentation/parula.hpp
[1.104s] -- Up-to-date: /home/rhobtor/PHD/ARGOJ8_IA/install/laser_segmentation/include/laser_segmentation/segmentation
[1.104s] -- Up-to-date: /home/rhobtor/PHD/ARGOJ8_IA/install/laser_segmentation/include/laser_segmentation/segmentation/segmentation.hpp
[1.104s] -- Up-to-date: /home/rhobtor/PHD/ARGOJ8_IA/install/laser_segmentation/include/laser_segmentation/segmentation/jump_distance.hpp
[1.104s] -- Up-to-date: /home/rhobtor/PHD/ARGOJ8_IA/install/laser_segmentation/include/laser_segmentation/segmentation/jump_distance_merge.hpp
[1.104s] -- Up-to-date: /home/rhobtor/PHD/ARGOJ8_IA/install/laser_segmentation/include/laser_segmentation/laser_segmentation.hpp
[1.104s] -- Up-to-date: /home/rhobtor/PHD/ARGOJ8_IA/install/laser_segmentation/share/laser_segmentation//launch
[1.104s] -- Up-to-date: /home/rhobtor/PHD/ARGOJ8_IA/install/laser_segmentation/share/laser_segmentation//launch/segmentation.launch.py
[1.105s] -- Up-to-date: /home/rhobtor/PHD/ARGOJ8_IA/install/laser_segmentation/share/laser_segmentation//params
[1.105s] -- Up-to-date: /home/rhobtor/PHD/ARGOJ8_IA/install/laser_segmentation/share/laser_segmentation//params/default_params.yml
[1.105s] -- Up-to-date: /home/rhobtor/PHD/ARGOJ8_IA/install/laser_segmentation/share/laser_segmentation//params/close_steps_detect.yml
[1.106s] -- Up-to-date: /home/rhobtor/PHD/ARGOJ8_IA/install/laser_segmentation/share/laser_segmentation/environment/library_path.sh
[1.106s] -- Up-to-date: /home/rhobtor/PHD/ARGOJ8_IA/install/laser_segmentation/share/laser_segmentation/environment/library_path.dsv
[1.106s] -- Up-to-date: /home/rhobtor/PHD/ARGOJ8_IA/install/laser_segmentation/share/ament_index/resource_index/package_run_dependencies/laser_segmentation
[1.107s] -- Up-to-date: /home/rhobtor/PHD/ARGOJ8_IA/install/laser_segmentation/share/ament_index/resource_index/parent_prefix_path/laser_segmentation
[1.107s] -- Up-to-date: /home/rhobtor/PHD/ARGOJ8_IA/install/laser_segmentation/share/laser_segmentation/environment/ament_prefix_path.sh
[1.107s] -- Up-to-date: /home/rhobtor/PHD/ARGOJ8_IA/install/laser_segmentation/share/laser_segmentation/environment/ament_prefix_path.dsv
[1.107s] -- Up-to-date: /home/rhobtor/PHD/ARGOJ8_IA/install/laser_segmentation/share/laser_segmentation/environment/path.sh
[1.107s] -- Up-to-date: /home/rhobtor/PHD/ARGOJ8_IA/install/laser_segmentation/share/laser_segmentation/environment/path.dsv
[1.109s] -- Up-to-date: /home/rhobtor/PHD/ARGOJ8_IA/install/laser_segmentation/share/laser_segmentation/local_setup.bash
[1.109s] -- Up-to-date: /home/rhobtor/PHD/ARGOJ8_IA/install/laser_segmentation/share/laser_segmentation/local_setup.sh
[1.109s] -- Up-to-date: /home/rhobtor/PHD/ARGOJ8_IA/install/laser_segmentation/share/laser_segmentation/local_setup.zsh
[1.109s] -- Up-to-date: /home/rhobtor/PHD/ARGOJ8_IA/install/laser_segmentation/share/laser_segmentation/local_setup.dsv
[1.109s] -- Installing: /home/rhobtor/PHD/ARGOJ8_IA/install/laser_segmentation/share/laser_segmentation/package.dsv
[1.109s] -- Up-to-date: /home/rhobtor/PHD/ARGOJ8_IA/install/laser_segmentation/share/ament_index/resource_index/packages/laser_segmentation
[1.109s] -- Up-to-date: /home/rhobtor/PHD/ARGOJ8_IA/install/laser_segmentation/share/ament_index/resource_index/rclcpp_components/laser_segmentation
[1.109s] -- Up-to-date: /home/rhobtor/PHD/ARGOJ8_IA/install/laser_segmentation/share/laser_segmentation/cmake/ament_cmake_export_include_directories-extras.cmake
[1.110s] -- Up-to-date: /home/rhobtor/PHD/ARGOJ8_IA/install/laser_segmentation/share/laser_segmentation/cmake/ament_cmake_export_libraries-extras.cmake
[1.110s] -- Up-to-date: /home/rhobtor/PHD/ARGOJ8_IA/install/laser_segmentation/share/laser_segmentation/cmake/ament_cmake_export_dependencies-extras.cmake
[1.110s] -- Up-to-date: /home/rhobtor/PHD/ARGOJ8_IA/install/laser_segmentation/share/laser_segmentation/cmake/laser_segmentationConfig.cmake
[1.110s] -- Up-to-date: /home/rhobtor/PHD/ARGOJ8_IA/install/laser_segmentation/share/laser_segmentation/cmake/laser_segmentationConfig-version.cmake
[1.110s] -- Up-to-date: /home/rhobtor/PHD/ARGOJ8_IA/install/laser_segmentation/share/laser_segmentation/package.xml
[1.224s] Invoked command in '/home/rhobtor/PHD/ARGOJ8_IA/build/laser_segmentation' returned '0': AMENT_PREFIX_PATH=/home/rhobtor/PHD/ARGOJ8_IA/install/slg_msgs:${AMENT_PREFIX_PATH} CMAKE_PREFIX_PATH=/home/rhobtor/PHD/ARGOJ8_IA/install/slg_msgs:/home/rhobtor/PHD/reactive/Reactive-Navegation/workspace_full_conected/install/octomap_mapping:/home/rhobtor/PHD/reactive/Reactive-Navegation/workspace_full_conected/install/octomap_server:/home/rhobtor/PHD/reactive/Reactive-Navegation/workspace_full_conected/install/octomap_rviz_plugins:/home/rhobtor/PHD/reactive/Reactive-Navegation/workspace_full_conected/install/hector_gazebo_plugins:/home/rhobtor/PHD/reactive/Reactive-Navegation/workspace_full_conected/install/car_cpp:/home/rhobtor/PHD/reactive/Reactive-Navegation/workspace_full_conected/install/car_interfaces:/home/rhobtor/PHD/reactive/Reactive-Navegation/workspace_full_conected/install/car:/opt/ros/humble LD_LIBRARY_PATH=/home/rhobtor/PHD/ARGOJ8_IA/install/slg_msgs/lib:${LD_LIBRARY_PATH} PYTHONPATH=/home/rhobtor/PHD/ARGOJ8_IA/install/slg_msgs/local/lib/python3.10/dist-packages:${PYTHONPATH} /opt/st/stm32cubeclt_1.18.0/CMake/bin/cmake --install /home/rhobtor/PHD/ARGOJ8_IA/build/laser_segmentation
