[0.758s] Invoking command in '/home/rhobtor/PHD/ARGOJ8_IA/build/joy_linux': CMAKE_PREFIX_PATH=${CMAKE_PREFIX_PATH}:/home/rhobtor/PHD/ARGOJ8_IA/install/ntrip_client:/home/rhobtor/PHD/ARGOJ8_IA/install/car:/home/rhobtor/PHD/ARGOJ8_IA/install/android_ros2_server:/home/rhobtor/PHD/ARGOJ8_IA/install/GUI_pkg:/home/rhobtor/PHD/reactive/Reactive-Navegation/workspace_full_conected/install/car:/opt/ros/humble /opt/st/stm32cubeclt_1.18.0/CMake/bin/cmake --build /home/rhobtor/PHD/ARGOJ8_IA/build/joy_linux -- -j16 -l16
[0.805s] [100%] Built target joy_linux_node
[1.040s] Invoked command in '/home/rhobtor/PHD/ARGOJ8_IA/build/joy_linux' returned '0': CMAKE_PREFIX_PATH=${CMAKE_PREFIX_PATH}:/home/rhobtor/PHD/ARGOJ8_IA/install/ntrip_client:/home/rhobtor/PHD/ARGOJ8_IA/install/car:/home/rhobtor/PHD/ARGOJ8_IA/install/android_ros2_server:/home/rhobtor/PHD/ARGOJ8_IA/install/GUI_pkg:/home/rhobtor/PHD/reactive/Reactive-Navegation/workspace_full_conected/install/car:/opt/ros/humble /opt/st/stm32cubeclt_1.18.0/CMake/bin/cmake --build /home/rhobtor/PHD/ARGOJ8_IA/build/joy_linux -- -j16 -l16
[1.044s] Invoking command in '/home/rhobtor/PHD/ARGOJ8_IA/build/joy_linux': CMAKE_PREFIX_PATH=${CMAKE_PREFIX_PATH}:/home/rhobtor/PHD/ARGOJ8_IA/install/ntrip_client:/home/rhobtor/PHD/ARGOJ8_IA/install/car:/home/rhobtor/PHD/ARGOJ8_IA/install/android_ros2_server:/home/rhobtor/PHD/ARGOJ8_IA/install/GUI_pkg:/home/rhobtor/PHD/reactive/Reactive-Navegation/workspace_full_conected/install/car:/opt/ros/humble /opt/st/stm32cubeclt_1.18.0/CMake/bin/cmake --install /home/rhobtor/PHD/ARGOJ8_IA/build/joy_linux
[1.072s] -- Install configuration: ""
[1.073s] -- Up-to-date: /home/rhobtor/PHD/ARGOJ8_IA/install/joy_linux/lib/joy_linux/joy_linux_node
[1.073s] -- Up-to-date: /home/rhobtor/PHD/ARGOJ8_IA/install/joy_linux/share/ament_index/resource_index/package_run_dependencies/joy_linux
[1.073s] -- Up-to-date: /home/rhobtor/PHD/ARGOJ8_IA/install/joy_linux/share/ament_index/resource_index/parent_prefix_path/joy_linux
[1.073s] -- Up-to-date: /home/rhobtor/PHD/ARGOJ8_IA/install/joy_linux/share/joy_linux/environment/ament_prefix_path.sh
[1.075s] -- Up-to-date: /home/rhobtor/PHD/ARGOJ8_IA/install/joy_linux/share/joy_linux/environment/ament_prefix_path.dsv
[1.075s] -- Up-to-date: /home/rhobtor/PHD/ARGOJ8_IA/install/joy_linux/share/joy_linux/environment/path.sh
[1.076s] -- Up-to-date: /home/rhobtor/PHD/ARGOJ8_IA/install/joy_linux/share/joy_linux/environment/path.dsv
[1.076s] -- Up-to-date: /home/rhobtor/PHD/ARGOJ8_IA/install/joy_linux/share/joy_linux/local_setup.bash
[1.077s] -- Up-to-date: /home/rhobtor/PHD/ARGOJ8_IA/install/joy_linux/share/joy_linux/local_setup.sh
[1.077s] -- Up-to-date: /home/rhobtor/PHD/ARGOJ8_IA/install/joy_linux/share/joy_linux/local_setup.zsh
[1.078s] -- Up-to-date: /home/rhobtor/PHD/ARGOJ8_IA/install/joy_linux/share/joy_linux/local_setup.dsv
[1.078s] -- Installing: /home/rhobtor/PHD/ARGOJ8_IA/install/joy_linux/share/joy_linux/package.dsv
[1.079s] -- Up-to-date: /home/rhobtor/PHD/ARGOJ8_IA/install/joy_linux/share/ament_index/resource_index/packages/joy_linux
[1.080s] -- Up-to-date: /home/rhobtor/PHD/ARGOJ8_IA/install/joy_linux/share/joy_linux/cmake/joy_linuxConfig.cmake
[1.080s] -- Up-to-date: /home/rhobtor/PHD/ARGOJ8_IA/install/joy_linux/share/joy_linux/cmake/joy_linuxConfig-version.cmake
[1.080s] -- Up-to-date: /home/rhobtor/PHD/ARGOJ8_IA/install/joy_linux/share/joy_linux/package.xml
[1.272s] Invoked command in '/home/rhobtor/PHD/ARGOJ8_IA/build/joy_linux' returned '0': CMAKE_PREFIX_PATH=${CMAKE_PREFIX_PATH}:/home/rhobtor/PHD/ARGOJ8_IA/install/ntrip_client:/home/rhobtor/PHD/ARGOJ8_IA/install/car:/home/rhobtor/PHD/ARGOJ8_IA/install/android_ros2_server:/home/rhobtor/PHD/ARGOJ8_IA/install/GUI_pkg:/home/rhobtor/PHD/reactive/Reactive-Navegation/workspace_full_conected/install/car:/opt/ros/humble /opt/st/stm32cubeclt_1.18.0/CMake/bin/cmake --install /home/rhobtor/PHD/ARGOJ8_IA/build/joy_linux
