[0.025s] Invoking command in '/home/rhobtor/PHD/ARGOJ8_IA/build/argj801_sensors': AMENT_PREFIX_PATH=/home/rhobtor/PHD/ARGOJ8_IA/install/argj801_sensors_msgs:/home/rhobtor/PHD/ARGOJ8_IA/install/argj801_ctl_platform_interfaces:${AMENT_PREFIX_PATH} CMAKE_PREFIX_PATH=/home/rhobtor/PHD/ARGOJ8_IA/install/argj801_sensors_msgs:/home/rhobtor/PHD/ARGOJ8_IA/install/argj801_ctl_platform_interfaces:/home/rhobtor/PHD/reactive/Reactive-Navegation/workspace_full_conected/install/octomap_mapping:/home/rhobtor/PHD/reactive/Reactive-Navegation/workspace_full_conected/install/octomap_server:/home/rhobtor/PHD/reactive/Reactive-Navegation/workspace_full_conected/install/octomap_rviz_plugins:/home/rhobtor/PHD/reactive/Reactive-Navegation/workspace_full_conected/install/hector_gazebo_plugins:/home/rhobtor/PHD/reactive/Reactive-Navegation/workspace_full_conected/install/car_cpp:/home/rhobtor/PHD/reactive/Reactive-Navegation/workspace_full_conected/install/car_interfaces:/home/rhobtor/PHD/reactive/Reactive-Navegation/workspace_full_conected/install/car:/opt/ros/humble LD_LIBRARY_PATH=/home/rhobtor/PHD/ARGOJ8_IA/install/argj801_sensors_msgs/lib:/home/rhobtor/PHD/ARGOJ8_IA/install/argj801_ctl_platform_interfaces/lib:${LD_LIBRARY_PATH} PYTHONPATH=/home/rhobtor/PHD/ARGOJ8_IA/install/argj801_sensors_msgs/local/lib/python3.10/dist-packages:/home/rhobtor/PHD/ARGOJ8_IA/install/argj801_ctl_platform_interfaces/local/lib/python3.10/dist-packages:${PYTHONPATH} /opt/st/stm32cubeclt_1.18.0/CMake/bin/cmake /home/rhobtor/PHD/ARGOJ8_IA/src/argo_drivers_pkgs/argj801_sensors/argj801_sensors -DCMAKE_INSTALL_PREFIX=/home/rhobtor/PHD/ARGOJ8_IA/install/argj801_sensors
[7.698s] -- The C compiler identification is GNU 11.4.0
[7.698s] -- The CXX compiler identification is GNU 11.4.0
[7.698s] -- Detecting C compiler ABI info
[7.699s] -- Detecting C compiler ABI info - done
[7.699s] -- Check for working C compiler: /usr/bin/cc - skipped
[7.699s] -- Detecting C compile features
[7.699s] -- Detecting C compile features - done
[7.699s] -- Detecting CXX compiler ABI info
[7.709s] -- Detecting CXX compiler ABI info - done
[7.709s] -- Check for working CXX compiler: /usr/bin/c++ - skipped
[7.709s] -- Detecting CXX compile features
[7.709s] -- Detecting CXX compile features - done
[7.709s] -- Found ament_cmake: 1.3.11 (/opt/ros/humble/share/ament_cmake/cmake)
[7.709s] -- Found Python3: /usr/bin/python3 (found version "3.10.12") found components: Interpreter 
[7.709s] -- Found rclcpp: 16.0.12 (/opt/ros/humble/share/rclcpp/cmake)
[7.709s] -- Found rosidl_generator_c: 3.1.6 (/opt/ros/humble/share/rosidl_generator_c/cmake)
[7.709s] -- Found rosidl_adapter: 3.1.6 (/opt/ros/humble/share/rosidl_adapter/cmake)
[7.709s] -- Found rosidl_generator_cpp: 3.1.6 (/opt/ros/humble/share/rosidl_generator_cpp/cmake)
[7.709s] -- Using all available rosidl_typesupport_c: rosidl_typesupport_fastrtps_c;rosidl_typesupport_introspection_c
[7.710s] -- Using all available rosidl_typesupport_cpp: rosidl_typesupport_fastrtps_cpp;rosidl_typesupport_introspection_cpp
[7.710s] -- Found rmw_implementation_cmake: 6.1.2 (/opt/ros/humble/share/rmw_implementation_cmake/cmake)
[7.710s] -- Found rmw_fastrtps_cpp: 6.2.7 (/opt/ros/humble/share/rmw_fastrtps_cpp/cmake)
[7.710s] -- Found OpenSSL: /usr/lib/x86_64-linux-gnu/libcrypto.so (found version "3.0.2")  
[7.710s] -- Found FastRTPS: /opt/ros/humble/include  
[7.710s] -- Using RMW implementation 'rmw_fastrtps_cpp' as default
[7.710s] -- Performing Test CMAKE_HAVE_LIBC_PTHREAD
[7.710s] -- Performing Test CMAKE_HAVE_LIBC_PTHREAD - Success
[7.710s] -- Found Threads: TRUE  
[7.710s] -- Found rclcpp_lifecycle: 16.0.12 (/opt/ros/humble/share/rclcpp_lifecycle/cmake)
[7.710s] -- Found sensor_msgs: 4.8.0 (/opt/ros/humble/share/sensor_msgs/cmake)
[7.710s] -- Found argj801_sensors_msgs: 0.0.0 (/home/rhobtor/PHD/ARGOJ8_IA/install/argj801_sensors_msgs/share/argj801_sensors_msgs/cmake)
[7.710s] -- Found diagnostic_updater: 4.0.3 (/opt/ros/humble/share/diagnostic_updater/cmake)
[7.710s] -- Found cv_bridge: 3.2.1 (/opt/ros/humble/share/cv_bridge/cmake)
[7.711s] -- Found OpenCV: /usr (found version "4.5.4") 
[7.711s] -- Found ament_lint_auto: 0.12.12 (/opt/ros/humble/share/ament_lint_auto/cmake)
[7.711s] -- Added test 'cppcheck' to perform static code analysis on C / C++ code
[7.711s] -- Configured cppcheck include dirs: $<BUILD_INTERFACE:/home/rhobtor/PHD/ARGOJ8_IA/src/argo_drivers_pkgs/argj801_sensors/argj801_sensors/include>
[7.711s] -- Configured cppcheck exclude dirs and/or files: 
[7.711s] -- Added test 'flake8' to check Python code syntax and style conventions
[7.711s] -- Added test 'lint_cmake' to check CMake code style
[7.711s] -- Added test 'pep257' to check Python code against some of the docstring style conventions in PEP 257
[7.711s] -- Added test 'uncrustify' to check C / C++ code style
[7.711s] -- Configured uncrustify additional arguments: 
[7.711s] -- Added test 'xmllint' to check XML markup files
[7.711s] -- Configuring done (3.7s)
[7.711s] -- Generating done (0.0s)
[7.712s] -- Build files have been written to: /home/rhobtor/PHD/ARGOJ8_IA/build/argj801_sensors
[7.741s] Invoked command in '/home/rhobtor/PHD/ARGOJ8_IA/build/argj801_sensors' returned '0': AMENT_PREFIX_PATH=/home/rhobtor/PHD/ARGOJ8_IA/install/argj801_sensors_msgs:/home/rhobtor/PHD/ARGOJ8_IA/install/argj801_ctl_platform_interfaces:${AMENT_PREFIX_PATH} CMAKE_PREFIX_PATH=/home/rhobtor/PHD/ARGOJ8_IA/install/argj801_sensors_msgs:/home/rhobtor/PHD/ARGOJ8_IA/install/argj801_ctl_platform_interfaces:/home/rhobtor/PHD/reactive/Reactive-Navegation/workspace_full_conected/install/octomap_mapping:/home/rhobtor/PHD/reactive/Reactive-Navegation/workspace_full_conected/install/octomap_server:/home/rhobtor/PHD/reactive/Reactive-Navegation/workspace_full_conected/install/octomap_rviz_plugins:/home/rhobtor/PHD/reactive/Reactive-Navegation/workspace_full_conected/install/hector_gazebo_plugins:/home/rhobtor/PHD/reactive/Reactive-Navegation/workspace_full_conected/install/car_cpp:/home/rhobtor/PHD/reactive/Reactive-Navegation/workspace_full_conected/install/car_interfaces:/home/rhobtor/PHD/reactive/Reactive-Navegation/workspace_full_conected/install/car:/opt/ros/humble LD_LIBRARY_PATH=/home/rhobtor/PHD/ARGOJ8_IA/install/argj801_sensors_msgs/lib:/home/rhobtor/PHD/ARGOJ8_IA/install/argj801_ctl_platform_interfaces/lib:${LD_LIBRARY_PATH} PYTHONPATH=/home/rhobtor/PHD/ARGOJ8_IA/install/argj801_sensors_msgs/local/lib/python3.10/dist-packages:/home/rhobtor/PHD/ARGOJ8_IA/install/argj801_ctl_platform_interfaces/local/lib/python3.10/dist-packages:${PYTHONPATH} /opt/st/stm32cubeclt_1.18.0/CMake/bin/cmake /home/rhobtor/PHD/ARGOJ8_IA/src/argo_drivers_pkgs/argj801_sensors/argj801_sensors -DCMAKE_INSTALL_PREFIX=/home/rhobtor/PHD/ARGOJ8_IA/install/argj801_sensors
[7.749s] Invoking command in '/home/rhobtor/PHD/ARGOJ8_IA/build/argj801_sensors': AMENT_PREFIX_PATH=/home/rhobtor/PHD/ARGOJ8_IA/install/argj801_sensors_msgs:/home/rhobtor/PHD/ARGOJ8_IA/install/argj801_ctl_platform_interfaces:${AMENT_PREFIX_PATH} CMAKE_PREFIX_PATH=/home/rhobtor/PHD/ARGOJ8_IA/install/argj801_sensors_msgs:/home/rhobtor/PHD/ARGOJ8_IA/install/argj801_ctl_platform_interfaces:/home/rhobtor/PHD/reactive/Reactive-Navegation/workspace_full_conected/install/octomap_mapping:/home/rhobtor/PHD/reactive/Reactive-Navegation/workspace_full_conected/install/octomap_server:/home/rhobtor/PHD/reactive/Reactive-Navegation/workspace_full_conected/install/octomap_rviz_plugins:/home/rhobtor/PHD/reactive/Reactive-Navegation/workspace_full_conected/install/hector_gazebo_plugins:/home/rhobtor/PHD/reactive/Reactive-Navegation/workspace_full_conected/install/car_cpp:/home/rhobtor/PHD/reactive/Reactive-Navegation/workspace_full_conected/install/car_interfaces:/home/rhobtor/PHD/reactive/Reactive-Navegation/workspace_full_conected/install/car:/opt/ros/humble LD_LIBRARY_PATH=/home/rhobtor/PHD/ARGOJ8_IA/install/argj801_sensors_msgs/lib:/home/rhobtor/PHD/ARGOJ8_IA/install/argj801_ctl_platform_interfaces/lib:${LD_LIBRARY_PATH} PYTHONPATH=/home/rhobtor/PHD/ARGOJ8_IA/install/argj801_sensors_msgs/local/lib/python3.10/dist-packages:/home/rhobtor/PHD/ARGOJ8_IA/install/argj801_ctl_platform_interfaces/local/lib/python3.10/dist-packages:${PYTHONPATH} /opt/st/stm32cubeclt_1.18.0/CMake/bin/cmake --build /home/rhobtor/PHD/ARGOJ8_IA/build/argj801_sensors -- -j16 -l16
[13.964s] [  6%] [32mBuilding CXX object src/argj801_lcm/CMakeFiles/argj801_lcm.dir/src/LCM_interface.cpp.o[0m
[13.964s] [ 12%] [32m[1mLinking CXX static library libargj801_lcm.a[0m
[13.964s] [ 12%] Built target argj801_lcm
[13.964s] [ 18%] [32mBuilding CXX object CMakeFiles/ARGJ801_sensors_node.dir/src/main.cpp.o[0m
[21.361s] [ 25%] [32mBuilding CXX object CMakeFiles/ARGJ801_sensors_node.dir/src/visitor/SensorDataVisitor.cpp.o[0m
[25.057s] [ 31%] [32mBuilding CXX object CMakeFiles/ARGJ801_sensors_node.dir/src/data/CompressedImage.cpp.o[0m
[26.512s] [ 37%] [32mBuilding CXX object CMakeFiles/ARGJ801_sensors_node.dir/src/data/Twist.cpp.o[0m
[27.886s] [ 43%] [32mBuilding CXX object CMakeFiles/ARGJ801_sensors_node.dir/src/data/OdometerData.cpp.o[0m
[29.363s] [ 50%] [32mBuilding CXX object CMakeFiles/ARGJ801_sensors_node.dir/src/data/MotorTelemetry.cpp.o[0m
[31.480s] [ 56%] [32mBuilding CXX object CMakeFiles/ARGJ801_sensors_node.dir/src/data/Composite.cpp.o[0m
[31.801s] [ 62%] [32mBuilding CXX object CMakeFiles/ARGJ801_sensors_node.dir/src/data/LidarData.cpp.o[0m
[33.237s] [ 68%] [32mBuilding CXX object CMakeFiles/ARGJ801_sensors_node.dir/src/argj801_sensors/argj801_camera_interface.cpp.o[0m
[36.203s] [ 75%] [32mBuilding CXX object CMakeFiles/ARGJ801_sensors_node.dir/src/argj801_sensors/argj801_sensor_interface.cpp.o[0m
[38.394s] [ 81%] [32mBuilding CXX object CMakeFiles/ARGJ801_sensors_node.dir/src/argj801_sensors/argj801_camera_builder.cpp.o[0m
[41.728s] [ 87%] [32mBuilding CXX object CMakeFiles/ARGJ801_sensors_node.dir/src/argj801_sensors/argj801_lcm_sensors_builder.cpp.o[0m
[44.720s] [ 93%] [32mBuilding CXX object CMakeFiles/ARGJ801_sensors_node.dir/src/argj801_sensors/argj801_sensors_node.cpp.o[0m
[53.864s] [100%] [32m[1mLinking CXX executable ARGJ801_sensors_node[0m
[54.982s] [100%] Built target ARGJ801_sensors_node
[54.988s] Invoked command in '/home/rhobtor/PHD/ARGOJ8_IA/build/argj801_sensors' returned '0': AMENT_PREFIX_PATH=/home/rhobtor/PHD/ARGOJ8_IA/install/argj801_sensors_msgs:/home/rhobtor/PHD/ARGOJ8_IA/install/argj801_ctl_platform_interfaces:${AMENT_PREFIX_PATH} CMAKE_PREFIX_PATH=/home/rhobtor/PHD/ARGOJ8_IA/install/argj801_sensors_msgs:/home/rhobtor/PHD/ARGOJ8_IA/install/argj801_ctl_platform_interfaces:/home/rhobtor/PHD/reactive/Reactive-Navegation/workspace_full_conected/install/octomap_mapping:/home/rhobtor/PHD/reactive/Reactive-Navegation/workspace_full_conected/install/octomap_server:/home/rhobtor/PHD/reactive/Reactive-Navegation/workspace_full_conected/install/octomap_rviz_plugins:/home/rhobtor/PHD/reactive/Reactive-Navegation/workspace_full_conected/install/hector_gazebo_plugins:/home/rhobtor/PHD/reactive/Reactive-Navegation/workspace_full_conected/install/car_cpp:/home/rhobtor/PHD/reactive/Reactive-Navegation/workspace_full_conected/install/car_interfaces:/home/rhobtor/PHD/reactive/Reactive-Navegation/workspace_full_conected/install/car:/opt/ros/humble LD_LIBRARY_PATH=/home/rhobtor/PHD/ARGOJ8_IA/install/argj801_sensors_msgs/lib:/home/rhobtor/PHD/ARGOJ8_IA/install/argj801_ctl_platform_interfaces/lib:${LD_LIBRARY_PATH} PYTHONPATH=/home/rhobtor/PHD/ARGOJ8_IA/install/argj801_sensors_msgs/local/lib/python3.10/dist-packages:/home/rhobtor/PHD/ARGOJ8_IA/install/argj801_ctl_platform_interfaces/local/lib/python3.10/dist-packages:${PYTHONPATH} /opt/st/stm32cubeclt_1.18.0/CMake/bin/cmake --build /home/rhobtor/PHD/ARGOJ8_IA/build/argj801_sensors -- -j16 -l16
[54.990s] Invoking command in '/home/rhobtor/PHD/ARGOJ8_IA/build/argj801_sensors': AMENT_PREFIX_PATH=/home/rhobtor/PHD/ARGOJ8_IA/install/argj801_sensors_msgs:/home/rhobtor/PHD/ARGOJ8_IA/install/argj801_ctl_platform_interfaces:${AMENT_PREFIX_PATH} CMAKE_PREFIX_PATH=/home/rhobtor/PHD/ARGOJ8_IA/install/argj801_sensors_msgs:/home/rhobtor/PHD/ARGOJ8_IA/install/argj801_ctl_platform_interfaces:/home/rhobtor/PHD/reactive/Reactive-Navegation/workspace_full_conected/install/octomap_mapping:/home/rhobtor/PHD/reactive/Reactive-Navegation/workspace_full_conected/install/octomap_server:/home/rhobtor/PHD/reactive/Reactive-Navegation/workspace_full_conected/install/octomap_rviz_plugins:/home/rhobtor/PHD/reactive/Reactive-Navegation/workspace_full_conected/install/hector_gazebo_plugins:/home/rhobtor/PHD/reactive/Reactive-Navegation/workspace_full_conected/install/car_cpp:/home/rhobtor/PHD/reactive/Reactive-Navegation/workspace_full_conected/install/car_interfaces:/home/rhobtor/PHD/reactive/Reactive-Navegation/workspace_full_conected/install/car:/opt/ros/humble LD_LIBRARY_PATH=/home/rhobtor/PHD/ARGOJ8_IA/install/argj801_sensors_msgs/lib:/home/rhobtor/PHD/ARGOJ8_IA/install/argj801_ctl_platform_interfaces/lib:${LD_LIBRARY_PATH} PYTHONPATH=/home/rhobtor/PHD/ARGOJ8_IA/install/argj801_sensors_msgs/local/lib/python3.10/dist-packages:/home/rhobtor/PHD/ARGOJ8_IA/install/argj801_ctl_platform_interfaces/local/lib/python3.10/dist-packages:${PYTHONPATH} /opt/st/stm32cubeclt_1.18.0/CMake/bin/cmake --install /home/rhobtor/PHD/ARGOJ8_IA/build/argj801_sensors
[54.993s] -- Install configuration: ""
[54.993s] -- Installing: /home/rhobtor/PHD/ARGOJ8_IA/install/argj801_sensors/lib/argj801_sensors/ARGJ801_sensors_node
[54.996s] -- Set non-toolchain portion of runtime path of "/home/rhobtor/PHD/ARGOJ8_IA/install/argj801_sensors/lib/argj801_sensors/ARGJ801_sensors_node" to ""
[54.996s] -- Installing: /home/rhobtor/PHD/ARGOJ8_IA/install/argj801_sensors/share/argj801_sensors//launch
[54.996s] -- Installing: /home/rhobtor/PHD/ARGOJ8_IA/install/argj801_sensors/share/argj801_sensors//launch/argj801_sensors_launch_camera_rear.py
[54.996s] -- Installing: /home/rhobtor/PHD/ARGOJ8_IA/install/argj801_sensors/share/argj801_sensors//launch/argj801_sensors_launch_camera_front.py
[54.996s] -- Installing: /home/rhobtor/PHD/ARGOJ8_IA/install/argj801_sensors/share/argj801_sensors//launch/argj801_sensors_launch_lcm_sensors.py
[54.996s] -- Installing: /home/rhobtor/PHD/ARGOJ8_IA/install/argj801_sensors/share/argj801_sensors//config
[54.997s] -- Installing: /home/rhobtor/PHD/ARGOJ8_IA/install/argj801_sensors/share/argj801_sensors//config/argj801_sensors_params_lcm_sensors.yaml
[54.997s] -- Installing: /home/rhobtor/PHD/ARGOJ8_IA/install/argj801_sensors/share/argj801_sensors//config/argj801_sensors_params_camera_rear.yaml
[54.997s] -- Installing: /home/rhobtor/PHD/ARGOJ8_IA/install/argj801_sensors/share/argj801_sensors//config/argj801_sensors_params_camera_front.yaml
[54.997s] -- Installing: /home/rhobtor/PHD/ARGOJ8_IA/install/argj801_sensors/include/argj801_sensors/include
[54.997s] -- Installing: /home/rhobtor/PHD/ARGOJ8_IA/install/argj801_sensors/include/argj801_sensors/include/argj801_sensors
[54.997s] -- Installing: /home/rhobtor/PHD/ARGOJ8_IA/install/argj801_sensors/include/argj801_sensors/include/argj801_sensors/argj801_sensors_interface.hpp
[54.997s] -- Installing: /home/rhobtor/PHD/ARGOJ8_IA/install/argj801_sensors/include/argj801_sensors/include/argj801_sensors/argj801_camera_interface.hpp
[54.997s] -- Installing: /home/rhobtor/PHD/ARGOJ8_IA/install/argj801_sensors/include/argj801_sensors/include/argj801_sensors/argj801_sensors_node.hpp
[54.997s] -- Installing: /home/rhobtor/PHD/ARGOJ8_IA/install/argj801_sensors/include/argj801_sensors/include/argj801_sensors/argj801_camera_builder.hpp
[54.998s] -- Installing: /home/rhobtor/PHD/ARGOJ8_IA/install/argj801_sensors/include/argj801_sensors/include/argj801_sensors/argj801_lcm_sensors_builder.hpp
[54.998s] -- Installing: /home/rhobtor/PHD/ARGOJ8_IA/install/argj801_sensors/include/argj801_sensors/include/argj801_sensors/SensorBuilder.hpp
[54.998s] -- Installing: /home/rhobtor/PHD/ARGOJ8_IA/install/argj801_sensors/include/argj801_sensors/include/argj801_sensors/Sensor.hpp
[54.998s] -- Installing: /home/rhobtor/PHD/ARGOJ8_IA/install/argj801_sensors/include/argj801_sensors/include/data
[54.998s] -- Installing: /home/rhobtor/PHD/ARGOJ8_IA/install/argj801_sensors/include/argj801_sensors/include/data/CompressedImage.hpp
[54.998s] -- Installing: /home/rhobtor/PHD/ARGOJ8_IA/install/argj801_sensors/include/argj801_sensors/include/data/Lidar.hpp
[54.998s] -- Installing: /home/rhobtor/PHD/ARGOJ8_IA/install/argj801_sensors/include/argj801_sensors/include/data/DriveLine.hpp
[54.998s] -- Installing: /home/rhobtor/PHD/ARGOJ8_IA/install/argj801_sensors/include/argj801_sensors/include/data/MotorTelemetry.hpp
[54.998s] -- Installing: /home/rhobtor/PHD/ARGOJ8_IA/install/argj801_sensors/include/argj801_sensors/include/data/OdometerData.hpp
[54.998s] -- Installing: /home/rhobtor/PHD/ARGOJ8_IA/install/argj801_sensors/include/argj801_sensors/include/data/Composite.hpp
[54.998s] -- Installing: /home/rhobtor/PHD/ARGOJ8_IA/install/argj801_sensors/include/argj801_sensors/include/data/Twist.hpp
[54.999s] -- Installing: /home/rhobtor/PHD/ARGOJ8_IA/install/argj801_sensors/include/argj801_sensors/include/data/LidarData.hpp
[54.999s] -- Installing: /home/rhobtor/PHD/ARGOJ8_IA/install/argj801_sensors/include/argj801_sensors/include/data/ImageData.hpp
[54.999s] -- Installing: /home/rhobtor/PHD/ARGOJ8_IA/install/argj801_sensors/include/argj801_sensors/include/visitor
[54.999s] -- Installing: /home/rhobtor/PHD/ARGOJ8_IA/install/argj801_sensors/include/argj801_sensors/include/visitor/SensorDataVisitor.hpp
[54.999s] -- Installing: /home/rhobtor/PHD/ARGOJ8_IA/install/argj801_sensors/include/argj801_sensors/include/visitor/Visitor.hpp
[54.999s] -- Installing: /home/rhobtor/PHD/ARGOJ8_IA/install/argj801_sensors/share/ament_index/resource_index/package_run_dependencies/argj801_sensors
[54.999s] -- Installing: /home/rhobtor/PHD/ARGOJ8_IA/install/argj801_sensors/share/ament_index/resource_index/parent_prefix_path/argj801_sensors
[54.999s] -- Installing: /home/rhobtor/PHD/ARGOJ8_IA/install/argj801_sensors/share/argj801_sensors/environment/ament_prefix_path.sh
[54.999s] -- Installing: /home/rhobtor/PHD/ARGOJ8_IA/install/argj801_sensors/share/argj801_sensors/environment/ament_prefix_path.dsv
[54.999s] -- Installing: /home/rhobtor/PHD/ARGOJ8_IA/install/argj801_sensors/share/argj801_sensors/environment/path.sh
[54.999s] -- Installing: /home/rhobtor/PHD/ARGOJ8_IA/install/argj801_sensors/share/argj801_sensors/environment/path.dsv
[54.999s] -- Installing: /home/rhobtor/PHD/ARGOJ8_IA/install/argj801_sensors/share/argj801_sensors/local_setup.bash
[55.000s] -- Installing: /home/rhobtor/PHD/ARGOJ8_IA/install/argj801_sensors/share/argj801_sensors/local_setup.sh
[55.000s] -- Installing: /home/rhobtor/PHD/ARGOJ8_IA/install/argj801_sensors/share/argj801_sensors/local_setup.zsh
[55.000s] -- Installing: /home/rhobtor/PHD/ARGOJ8_IA/install/argj801_sensors/share/argj801_sensors/local_setup.dsv
[55.000s] -- Installing: /home/rhobtor/PHD/ARGOJ8_IA/install/argj801_sensors/share/argj801_sensors/package.dsv
[55.000s] -- Installing: /home/rhobtor/PHD/ARGOJ8_IA/install/argj801_sensors/share/ament_index/resource_index/packages/argj801_sensors
[55.000s] -- Installing: /home/rhobtor/PHD/ARGOJ8_IA/install/argj801_sensors/share/argj801_sensors/cmake/argj801_sensorsConfig.cmake
[55.000s] -- Installing: /home/rhobtor/PHD/ARGOJ8_IA/install/argj801_sensors/share/argj801_sensors/cmake/argj801_sensorsConfig-version.cmake
[55.000s] -- Installing: /home/rhobtor/PHD/ARGOJ8_IA/install/argj801_sensors/share/argj801_sensors/package.xml
[55.001s] -- Installing: /home/rhobtor/PHD/ARGOJ8_IA/install/argj801_sensors/share/argj801_lcm//config
[55.001s] -- Installing: /home/rhobtor/PHD/ARGOJ8_IA/install/argj801_sensors/share/argj801_lcm//config/argj801_lcm_config_sensors.yaml
[55.001s] -- Installing: /home/rhobtor/PHD/ARGOJ8_IA/install/argj801_sensors/share/argj801_lcm//config/argj801_lcm_config_platform.yaml
[55.003s] Invoked command in '/home/rhobtor/PHD/ARGOJ8_IA/build/argj801_sensors' returned '0': AMENT_PREFIX_PATH=/home/rhobtor/PHD/ARGOJ8_IA/install/argj801_sensors_msgs:/home/rhobtor/PHD/ARGOJ8_IA/install/argj801_ctl_platform_interfaces:${AMENT_PREFIX_PATH} CMAKE_PREFIX_PATH=/home/rhobtor/PHD/ARGOJ8_IA/install/argj801_sensors_msgs:/home/rhobtor/PHD/ARGOJ8_IA/install/argj801_ctl_platform_interfaces:/home/rhobtor/PHD/reactive/Reactive-Navegation/workspace_full_conected/install/octomap_mapping:/home/rhobtor/PHD/reactive/Reactive-Navegation/workspace_full_conected/install/octomap_server:/home/rhobtor/PHD/reactive/Reactive-Navegation/workspace_full_conected/install/octomap_rviz_plugins:/home/rhobtor/PHD/reactive/Reactive-Navegation/workspace_full_conected/install/hector_gazebo_plugins:/home/rhobtor/PHD/reactive/Reactive-Navegation/workspace_full_conected/install/car_cpp:/home/rhobtor/PHD/reactive/Reactive-Navegation/workspace_full_conected/install/car_interfaces:/home/rhobtor/PHD/reactive/Reactive-Navegation/workspace_full_conected/install/car:/opt/ros/humble LD_LIBRARY_PATH=/home/rhobtor/PHD/ARGOJ8_IA/install/argj801_sensors_msgs/lib:/home/rhobtor/PHD/ARGOJ8_IA/install/argj801_ctl_platform_interfaces/lib:${LD_LIBRARY_PATH} PYTHONPATH=/home/rhobtor/PHD/ARGOJ8_IA/install/argj801_sensors_msgs/local/lib/python3.10/dist-packages:/home/rhobtor/PHD/ARGOJ8_IA/install/argj801_ctl_platform_interfaces/local/lib/python3.10/dist-packages:${PYTHONPATH} /opt/st/stm32cubeclt_1.18.0/CMake/bin/cmake --install /home/rhobtor/PHD/ARGOJ8_IA/build/argj801_sensors
