[0.047s] Invoking command in '/home/rhobtor/PHD/ARGOJ8_IA/build/ublox_gps': AMENT_PREFIX_PATH=/home/rhobtor/PHD/ARGOJ8_IA/install/ublox_msgs:/home/rhobtor/PHD/ARGOJ8_IA/install/ublox_serialization:${AMENT_PREFIX_PATH} CMAKE_PREFIX_PATH=/home/rhobtor/PHD/ARGOJ8_IA/install/ublox_msgs:/home/rhobtor/PHD/ARGOJ8_IA/install/ublox_serialization:/home/rhobtor/PHD/reactive/Reactive-Navegation/workspace_full_conected/install/octomap_mapping:/home/rhobtor/PHD/reactive/Reactive-Navegation/workspace_full_conected/install/octomap_server:/home/rhobtor/PHD/reactive/Reactive-Navegation/workspace_full_conected/install/octomap_rviz_plugins:/home/rhobtor/PHD/reactive/Reactive-Navegation/workspace_full_conected/install/hector_gazebo_plugins:/home/rhobtor/PHD/reactive/Reactive-Navegation/workspace_full_conected/install/car_cpp:/home/rhobtor/PHD/reactive/Reactive-Navegation/workspace_full_conected/install/car_interfaces:/home/rhobtor/PHD/reactive/Reactive-Navegation/workspace_full_conected/install/car:/opt/ros/humble LD_LIBRARY_PATH=/home/rhobtor/PHD/ARGOJ8_IA/install/ublox_msgs/lib:${LD_LIBRARY_PATH} PYTHONPATH=/home/rhobtor/PHD/ARGOJ8_IA/install/ublox_msgs/local/lib/python3.10/dist-packages:${PYTHONPATH} /opt/st/stm32cubeclt_1.18.0/CMake/bin/cmake --build /home/rhobtor/PHD/ARGOJ8_IA/build/ublox_gps -- -j16 -l16
[0.357s] [ 77%] Built target ublox_gps
[0.386s] [ 90%] Built target ublox_logger
[0.410s] [100%] Built target ublox_gps_node
[0.417s] Invoked command in '/home/rhobtor/PHD/ARGOJ8_IA/build/ublox_gps' returned '0': AMENT_PREFIX_PATH=/home/rhobtor/PHD/ARGOJ8_IA/install/ublox_msgs:/home/rhobtor/PHD/ARGOJ8_IA/install/ublox_serialization:${AMENT_PREFIX_PATH} CMAKE_PREFIX_PATH=/home/rhobtor/PHD/ARGOJ8_IA/install/ublox_msgs:/home/rhobtor/PHD/ARGOJ8_IA/install/ublox_serialization:/home/rhobtor/PHD/reactive/Reactive-Navegation/workspace_full_conected/install/octomap_mapping:/home/rhobtor/PHD/reactive/Reactive-Navegation/workspace_full_conected/install/octomap_server:/home/rhobtor/PHD/reactive/Reactive-Navegation/workspace_full_conected/install/octomap_rviz_plugins:/home/rhobtor/PHD/reactive/Reactive-Navegation/workspace_full_conected/install/hector_gazebo_plugins:/home/rhobtor/PHD/reactive/Reactive-Navegation/workspace_full_conected/install/car_cpp:/home/rhobtor/PHD/reactive/Reactive-Navegation/workspace_full_conected/install/car_interfaces:/home/rhobtor/PHD/reactive/Reactive-Navegation/workspace_full_conected/install/car:/opt/ros/humble LD_LIBRARY_PATH=/home/rhobtor/PHD/ARGOJ8_IA/install/ublox_msgs/lib:${LD_LIBRARY_PATH} PYTHONPATH=/home/rhobtor/PHD/ARGOJ8_IA/install/ublox_msgs/local/lib/python3.10/dist-packages:${PYTHONPATH} /opt/st/stm32cubeclt_1.18.0/CMake/bin/cmake --build /home/rhobtor/PHD/ARGOJ8_IA/build/ublox_gps -- -j16 -l16
[0.418s] Invoking command in '/home/rhobtor/PHD/ARGOJ8_IA/build/ublox_gps': AMENT_PREFIX_PATH=/home/rhobtor/PHD/ARGOJ8_IA/install/ublox_msgs:/home/rhobtor/PHD/ARGOJ8_IA/install/ublox_serialization:${AMENT_PREFIX_PATH} CMAKE_PREFIX_PATH=/home/rhobtor/PHD/ARGOJ8_IA/install/ublox_msgs:/home/rhobtor/PHD/ARGOJ8_IA/install/ublox_serialization:/home/rhobtor/PHD/reactive/Reactive-Navegation/workspace_full_conected/install/octomap_mapping:/home/rhobtor/PHD/reactive/Reactive-Navegation/workspace_full_conected/install/octomap_server:/home/rhobtor/PHD/reactive/Reactive-Navegation/workspace_full_conected/install/octomap_rviz_plugins:/home/rhobtor/PHD/reactive/Reactive-Navegation/workspace_full_conected/install/hector_gazebo_plugins:/home/rhobtor/PHD/reactive/Reactive-Navegation/workspace_full_conected/install/car_cpp:/home/rhobtor/PHD/reactive/Reactive-Navegation/workspace_full_conected/install/car_interfaces:/home/rhobtor/PHD/reactive/Reactive-Navegation/workspace_full_conected/install/car:/opt/ros/humble LD_LIBRARY_PATH=/home/rhobtor/PHD/ARGOJ8_IA/install/ublox_msgs/lib:${LD_LIBRARY_PATH} PYTHONPATH=/home/rhobtor/PHD/ARGOJ8_IA/install/ublox_msgs/local/lib/python3.10/dist-packages:${PYTHONPATH} /opt/st/stm32cubeclt_1.18.0/CMake/bin/cmake --install /home/rhobtor/PHD/ARGOJ8_IA/build/ublox_gps
[0.430s] -- Install configuration: ""
[0.432s] -- Up-to-date: /home/rhobtor/PHD/ARGOJ8_IA/install/ublox_gps/lib/libublox_gps.so
[0.436s] -- Up-to-date: /home/rhobtor/PHD/ARGOJ8_IA/install/ublox_gps/lib/ublox_gps/ublox_gps_node
[0.437s] -- Up-to-date: /home/rhobtor/PHD/ARGOJ8_IA/install/ublox_gps/lib/ublox_gps/ublox_logger
[0.438s] -- Up-to-date: /home/rhobtor/PHD/ARGOJ8_IA/install/ublox_gps/include/ublox_gps
[0.438s] -- Up-to-date: /home/rhobtor/PHD/ARGOJ8_IA/install/ublox_gps/include/ublox_gps/ublox_gps
[0.438s] -- Up-to-date: /home/rhobtor/PHD/ARGOJ8_IA/install/ublox_gps/include/ublox_gps/ublox_gps/fix_diagnostic.hpp
[0.438s] -- Up-to-date: /home/rhobtor/PHD/ARGOJ8_IA/install/ublox_gps/include/ublox_gps/ublox_gps/ublox_firmware8.hpp
[0.439s] -- Up-to-date: /home/rhobtor/PHD/ARGOJ8_IA/install/ublox_gps/include/ublox_gps/ublox_gps/worker.hpp
[0.439s] -- Up-to-date: /home/rhobtor/PHD/ARGOJ8_IA/install/ublox_gps/include/ublox_gps/ublox_gps/hpg_ref_product.hpp
[0.439s] -- Up-to-date: /home/rhobtor/PHD/ARGOJ8_IA/install/ublox_gps/include/ublox_gps/ublox_gps/ublox_firmware.hpp
[0.439s] -- Up-to-date: /home/rhobtor/PHD/ARGOJ8_IA/install/ublox_gps/include/ublox_gps/ublox_gps/async_worker.hpp
[0.439s] -- Up-to-date: /home/rhobtor/PHD/ARGOJ8_IA/install/ublox_gps/include/ublox_gps/ublox_gps/hpg_rov_product.hpp
[0.439s] -- Up-to-date: /home/rhobtor/PHD/ARGOJ8_IA/install/ublox_gps/include/ublox_gps/ublox_gps/utils.hpp
[0.439s] -- Up-to-date: /home/rhobtor/PHD/ARGOJ8_IA/install/ublox_gps/include/ublox_gps/ublox_gps/hp_pos_rec_product.hpp
[0.439s] -- Up-to-date: /home/rhobtor/PHD/ARGOJ8_IA/install/ublox_gps/include/ublox_gps/ublox_gps/mkgmtime.h
[0.439s] -- Up-to-date: /home/rhobtor/PHD/ARGOJ8_IA/install/ublox_gps/include/ublox_gps/ublox_gps/gps.hpp
[0.439s] -- Up-to-date: /home/rhobtor/PHD/ARGOJ8_IA/install/ublox_gps/include/ublox_gps/ublox_gps/adr_udr_product.hpp
[0.439s] -- Up-to-date: /home/rhobtor/PHD/ARGOJ8_IA/install/ublox_gps/include/ublox_gps/ublox_gps/node.hpp
[0.439s] -- Up-to-date: /home/rhobtor/PHD/ARGOJ8_IA/install/ublox_gps/include/ublox_gps/ublox_gps/fts_product.hpp
[0.439s] -- Up-to-date: /home/rhobtor/PHD/ARGOJ8_IA/install/ublox_gps/include/ublox_gps/ublox_gps/rtcm.hpp
[0.439s] -- Up-to-date: /home/rhobtor/PHD/ARGOJ8_IA/install/ublox_gps/include/ublox_gps/ublox_gps/raw_data_product.hpp
[0.439s] -- Up-to-date: /home/rhobtor/PHD/ARGOJ8_IA/install/ublox_gps/include/ublox_gps/ublox_gps/ublox_firmware7.hpp
[0.439s] -- Up-to-date: /home/rhobtor/PHD/ARGOJ8_IA/install/ublox_gps/include/ublox_gps/ublox_gps/raw_data_pa.hpp
[0.439s] -- Up-to-date: /home/rhobtor/PHD/ARGOJ8_IA/install/ublox_gps/include/ublox_gps/ublox_gps/ublox_topic_diagnostic.hpp
[0.439s] -- Up-to-date: /home/rhobtor/PHD/ARGOJ8_IA/install/ublox_gps/include/ublox_gps/ublox_gps/component_interface.hpp
[0.439s] -- Up-to-date: /home/rhobtor/PHD/ARGOJ8_IA/install/ublox_gps/include/ublox_gps/ublox_gps/callback.hpp
[0.439s] -- Up-to-date: /home/rhobtor/PHD/ARGOJ8_IA/install/ublox_gps/include/ublox_gps/ublox_gps/ublox_firmware9.hpp
[0.439s] -- Up-to-date: /home/rhobtor/PHD/ARGOJ8_IA/install/ublox_gps/include/ublox_gps/ublox_gps/tim_product.hpp
[0.440s] -- Up-to-date: /home/rhobtor/PHD/ARGOJ8_IA/install/ublox_gps/include/ublox_gps/ublox_gps/ublox_firmware6.hpp
[0.440s] -- Up-to-date: /home/rhobtor/PHD/ARGOJ8_IA/install/ublox_gps/include/ublox_gps/ublox_gps/ublox_firmware7plus.hpp
[0.440s] -- Up-to-date: /home/rhobtor/PHD/ARGOJ8_IA/install/ublox_gps/include/ublox_gps/ublox_gps/gnss.hpp
[0.440s] -- Up-to-date: /home/rhobtor/PHD/ARGOJ8_IA/install/ublox_gps/share/ublox_gps/launch
[0.440s] -- Up-to-date: /home/rhobtor/PHD/ARGOJ8_IA/install/ublox_gps/share/ublox_gps/launch/ublox_gps_node-composed-launch.py
[0.440s] -- Up-to-date: /home/rhobtor/PHD/ARGOJ8_IA/install/ublox_gps/share/ublox_gps/launch/ublox_gps_node-launch.py
[0.440s] -- Up-to-date: /home/rhobtor/PHD/ARGOJ8_IA/install/ublox_gps/share/ublox_gps/launch/ublox_gps_base_node-launch.py
[0.440s] -- Up-to-date: /home/rhobtor/PHD/ARGOJ8_IA/install/ublox_gps/share/ublox_gps/launch/ublox_gps_node-composed-base_launch.py
[0.440s] -- Up-to-date: /home/rhobtor/PHD/ARGOJ8_IA/install/ublox_gps/share/ublox_gps/launch/gps_ntrip_nodes-launch.py
[0.440s] -- Up-to-date: /home/rhobtor/PHD/ARGOJ8_IA/install/ublox_gps/share/ublox_gps/launch/ublox_gps_rover_node-launch.py
[0.440s] -- Up-to-date: /home/rhobtor/PHD/ARGOJ8_IA/install/ublox_gps/share/ublox_gps/config
[0.440s] -- Up-to-date: /home/rhobtor/PHD/ARGOJ8_IA/install/ublox_gps/share/ublox_gps/config/nmea.yaml
[0.440s] -- Up-to-date: /home/rhobtor/PHD/ARGOJ8_IA/install/ublox_gps/share/ublox_gps/config/zed_base.yaml
[0.440s] -- Up-to-date: /home/rhobtor/PHD/ARGOJ8_IA/install/ublox_gps/share/ublox_gps/config/zed_rover.yaml
[0.440s] -- Up-to-date: /home/rhobtor/PHD/ARGOJ8_IA/install/ublox_gps/share/ublox_gps/config/zed_f9p.yaml
[0.440s] -- Up-to-date: /home/rhobtor/PHD/ARGOJ8_IA/install/ublox_gps/share/ament_index/resource_index/package_run_dependencies/ublox_gps
[0.440s] -- Up-to-date: /home/rhobtor/PHD/ARGOJ8_IA/install/ublox_gps/share/ament_index/resource_index/parent_prefix_path/ublox_gps
[0.440s] -- Up-to-date: /home/rhobtor/PHD/ARGOJ8_IA/install/ublox_gps/share/ublox_gps/environment/ament_prefix_path.sh
[0.440s] -- Up-to-date: /home/rhobtor/PHD/ARGOJ8_IA/install/ublox_gps/share/ublox_gps/environment/ament_prefix_path.dsv
[0.440s] -- Up-to-date: /home/rhobtor/PHD/ARGOJ8_IA/install/ublox_gps/share/ublox_gps/environment/path.sh
[0.440s] -- Up-to-date: /home/rhobtor/PHD/ARGOJ8_IA/install/ublox_gps/share/ublox_gps/environment/path.dsv
[0.441s] -- Up-to-date: /home/rhobtor/PHD/ARGOJ8_IA/install/ublox_gps/share/ublox_gps/local_setup.bash
[0.441s] -- Up-to-date: /home/rhobtor/PHD/ARGOJ8_IA/install/ublox_gps/share/ublox_gps/local_setup.sh
[0.441s] -- Up-to-date: /home/rhobtor/PHD/ARGOJ8_IA/install/ublox_gps/share/ublox_gps/local_setup.zsh
[0.441s] -- Up-to-date: /home/rhobtor/PHD/ARGOJ8_IA/install/ublox_gps/share/ublox_gps/local_setup.dsv
[0.441s] -- Installing: /home/rhobtor/PHD/ARGOJ8_IA/install/ublox_gps/share/ublox_gps/package.dsv
[0.441s] -- Up-to-date: /home/rhobtor/PHD/ARGOJ8_IA/install/ublox_gps/share/ament_index/resource_index/packages/ublox_gps
[0.441s] -- Up-to-date: /home/rhobtor/PHD/ARGOJ8_IA/install/ublox_gps/share/ament_index/resource_index/rclcpp_components/ublox_gps
[0.441s] -- Up-to-date: /home/rhobtor/PHD/ARGOJ8_IA/install/ublox_gps/share/ublox_gps/cmake/export_ublox_gpsExport.cmake
[0.441s] -- Up-to-date: /home/rhobtor/PHD/ARGOJ8_IA/install/ublox_gps/share/ublox_gps/cmake/export_ublox_gpsExport-noconfig.cmake
[0.441s] -- Up-to-date: /home/rhobtor/PHD/ARGOJ8_IA/install/ublox_gps/share/ublox_gps/cmake/ament_cmake_export_include_directories-extras.cmake
[0.441s] -- Up-to-date: /home/rhobtor/PHD/ARGOJ8_IA/install/ublox_gps/share/ublox_gps/cmake/ament_cmake_export_targets-extras.cmake
[0.441s] -- Up-to-date: /home/rhobtor/PHD/ARGOJ8_IA/install/ublox_gps/share/ublox_gps/cmake/ublox_gpsConfig.cmake
[0.441s] -- Up-to-date: /home/rhobtor/PHD/ARGOJ8_IA/install/ublox_gps/share/ublox_gps/cmake/ublox_gpsConfig-version.cmake
[0.441s] -- Up-to-date: /home/rhobtor/PHD/ARGOJ8_IA/install/ublox_gps/share/ublox_gps/package.xml
[0.458s] Invoked command in '/home/rhobtor/PHD/ARGOJ8_IA/build/ublox_gps' returned '0': AMENT_PREFIX_PATH=/home/rhobtor/PHD/ARGOJ8_IA/install/ublox_msgs:/home/rhobtor/PHD/ARGOJ8_IA/install/ublox_serialization:${AMENT_PREFIX_PATH} CMAKE_PREFIX_PATH=/home/rhobtor/PHD/ARGOJ8_IA/install/ublox_msgs:/home/rhobtor/PHD/ARGOJ8_IA/install/ublox_serialization:/home/rhobtor/PHD/reactive/Reactive-Navegation/workspace_full_conected/install/octomap_mapping:/home/rhobtor/PHD/reactive/Reactive-Navegation/workspace_full_conected/install/octomap_server:/home/rhobtor/PHD/reactive/Reactive-Navegation/workspace_full_conected/install/octomap_rviz_plugins:/home/rhobtor/PHD/reactive/Reactive-Navegation/workspace_full_conected/install/hector_gazebo_plugins:/home/rhobtor/PHD/reactive/Reactive-Navegation/workspace_full_conected/install/car_cpp:/home/rhobtor/PHD/reactive/Reactive-Navegation/workspace_full_conected/install/car_interfaces:/home/rhobtor/PHD/reactive/Reactive-Navegation/workspace_full_conected/install/car:/opt/ros/humble LD_LIBRARY_PATH=/home/rhobtor/PHD/ARGOJ8_IA/install/ublox_msgs/lib:${LD_LIBRARY_PATH} PYTHONPATH=/home/rhobtor/PHD/ARGOJ8_IA/install/ublox_msgs/local/lib/python3.10/dist-packages:${PYTHONPATH} /opt/st/stm32cubeclt_1.18.0/CMake/bin/cmake --install /home/rhobtor/PHD/ARGOJ8_IA/build/ublox_gps
