[0.542s] Invoking command in '/home/rhobtor/PHD/ARGOJ8_IA/build/argj801_ctl_platform': AMENT_PREFIX_PATH=/home/rhobtor/PHD/ARGOJ8_IA/install/argj801_ctl_platform_interfaces:${AMENT_PREFIX_PATH} CMAKE_PREFIX_PATH=/home/rhobtor/PHD/ARGOJ8_IA/install/argj801_ctl_platform_interfaces:/home/rhobtor/PHD/reactive/Reactive-Navegation/workspace_full_conected/install/octomap_mapping:/home/rhobtor/PHD/reactive/Reactive-Navegation/workspace_full_conected/install/octomap_server:/home/rhobtor/PHD/reactive/Reactive-Navegation/workspace_full_conected/install/octomap_rviz_plugins:/home/rhobtor/PHD/reactive/Reactive-Navegation/workspace_full_conected/install/hector_gazebo_plugins:/home/rhobtor/PHD/reactive/Reactive-Navegation/workspace_full_conected/install/car_cpp:/home/rhobtor/PHD/reactive/Reactive-Navegation/workspace_full_conected/install/car_interfaces:/home/rhobtor/PHD/reactive/Reactive-Navegation/workspace_full_conected/install/car:/opt/ros/humble LD_LIBRARY_PATH=/home/rhobtor/PHD/ARGOJ8_IA/install/argj801_ctl_platform_interfaces/lib:${LD_LIBRARY_PATH} PYTHONPATH=/home/rhobtor/PHD/ARGOJ8_IA/install/argj801_ctl_platform_interfaces/local/lib/python3.10/dist-packages:${PYTHONPATH} /opt/st/stm32cubeclt_1.18.0/CMake/bin/cmake --build /home/rhobtor/PHD/ARGOJ8_IA/build/argj801_ctl_platform -- -j16 -l16
[0.571s] [ 28%] Built target argj801_lcm
[0.598s] [100%] Built target ARGJ801_ctl_platform
[0.832s] Invoked command in '/home/rhobtor/PHD/ARGOJ8_IA/build/argj801_ctl_platform' returned '0': AMENT_PREFIX_PATH=/home/rhobtor/PHD/ARGOJ8_IA/install/argj801_ctl_platform_interfaces:${AMENT_PREFIX_PATH} CMAKE_PREFIX_PATH=/home/rhobtor/PHD/ARGOJ8_IA/install/argj801_ctl_platform_interfaces:/home/rhobtor/PHD/reactive/Reactive-Navegation/workspace_full_conected/install/octomap_mapping:/home/rhobtor/PHD/reactive/Reactive-Navegation/workspace_full_conected/install/octomap_server:/home/rhobtor/PHD/reactive/Reactive-Navegation/workspace_full_conected/install/octomap_rviz_plugins:/home/rhobtor/PHD/reactive/Reactive-Navegation/workspace_full_conected/install/hector_gazebo_plugins:/home/rhobtor/PHD/reactive/Reactive-Navegation/workspace_full_conected/install/car_cpp:/home/rhobtor/PHD/reactive/Reactive-Navegation/workspace_full_conected/install/car_interfaces:/home/rhobtor/PHD/reactive/Reactive-Navegation/workspace_full_conected/install/car:/opt/ros/humble LD_LIBRARY_PATH=/home/rhobtor/PHD/ARGOJ8_IA/install/argj801_ctl_platform_interfaces/lib:${LD_LIBRARY_PATH} PYTHONPATH=/home/rhobtor/PHD/ARGOJ8_IA/install/argj801_ctl_platform_interfaces/local/lib/python3.10/dist-packages:${PYTHONPATH} /opt/st/stm32cubeclt_1.18.0/CMake/bin/cmake --build /home/rhobtor/PHD/ARGOJ8_IA/build/argj801_ctl_platform -- -j16 -l16
[0.834s] Invoking command in '/home/rhobtor/PHD/ARGOJ8_IA/build/argj801_ctl_platform': AMENT_PREFIX_PATH=/home/rhobtor/PHD/ARGOJ8_IA/install/argj801_ctl_platform_interfaces:${AMENT_PREFIX_PATH} CMAKE_PREFIX_PATH=/home/rhobtor/PHD/ARGOJ8_IA/install/argj801_ctl_platform_interfaces:/home/rhobtor/PHD/reactive/Reactive-Navegation/workspace_full_conected/install/octomap_mapping:/home/rhobtor/PHD/reactive/Reactive-Navegation/workspace_full_conected/install/octomap_server:/home/rhobtor/PHD/reactive/Reactive-Navegation/workspace_full_conected/install/octomap_rviz_plugins:/home/rhobtor/PHD/reactive/Reactive-Navegation/workspace_full_conected/install/hector_gazebo_plugins:/home/rhobtor/PHD/reactive/Reactive-Navegation/workspace_full_conected/install/car_cpp:/home/rhobtor/PHD/reactive/Reactive-Navegation/workspace_full_conected/install/car_interfaces:/home/rhobtor/PHD/reactive/Reactive-Navegation/workspace_full_conected/install/car:/opt/ros/humble LD_LIBRARY_PATH=/home/rhobtor/PHD/ARGOJ8_IA/install/argj801_ctl_platform_interfaces/lib:${LD_LIBRARY_PATH} PYTHONPATH=/home/rhobtor/PHD/ARGOJ8_IA/install/argj801_ctl_platform_interfaces/local/lib/python3.10/dist-packages:${PYTHONPATH} /opt/st/stm32cubeclt_1.18.0/CMake/bin/cmake --install /home/rhobtor/PHD/ARGOJ8_IA/build/argj801_ctl_platform
[0.849s] -- Install configuration: ""
[0.849s] -- Up-to-date: /home/rhobtor/PHD/ARGOJ8_IA/install/argj801_ctl_platform/lib/argj801_ctl_platform/ARGJ801_ctl_platform
[0.850s] -- Up-to-date: /home/rhobtor/PHD/ARGOJ8_IA/install/argj801_ctl_platform/share/argj801_ctl_platform//launch
[0.850s] -- Up-to-date: /home/rhobtor/PHD/ARGOJ8_IA/install/argj801_ctl_platform/share/argj801_ctl_platform//launch/argj801_ctl_platform_launch.py
[0.850s] -- Up-to-date: /home/rhobtor/PHD/ARGOJ8_IA/install/argj801_ctl_platform/share/argj801_ctl_platform//config
[0.850s] -- Up-to-date: /home/rhobtor/PHD/ARGOJ8_IA/install/argj801_ctl_platform/share/argj801_ctl_platform//config/params.yaml
[0.862s] -- Up-to-date: /home/rhobtor/PHD/ARGOJ8_IA/install/argj801_ctl_platform/share/ament_index/resource_index/package_run_dependencies/argj801_ctl_platform
[0.862s] -- Up-to-date: /home/rhobtor/PHD/ARGOJ8_IA/install/argj801_ctl_platform/share/ament_index/resource_index/parent_prefix_path/argj801_ctl_platform
[0.862s] -- Up-to-date: /home/rhobtor/PHD/ARGOJ8_IA/install/argj801_ctl_platform/share/argj801_ctl_platform/environment/ament_prefix_path.sh
[0.863s] -- Up-to-date: /home/rhobtor/PHD/ARGOJ8_IA/install/argj801_ctl_platform/share/argj801_ctl_platform/environment/ament_prefix_path.dsv
[0.864s] -- Up-to-date: /home/rhobtor/PHD/ARGOJ8_IA/install/argj801_ctl_platform/share/argj801_ctl_platform/environment/path.sh
[0.865s] -- Up-to-date: /home/rhobtor/PHD/ARGOJ8_IA/install/argj801_ctl_platform/share/argj801_ctl_platform/environment/path.dsv
[0.866s] -- Up-to-date: /home/rhobtor/PHD/ARGOJ8_IA/install/argj801_ctl_platform/share/argj801_ctl_platform/local_setup.bash
[0.866s] -- Up-to-date: /home/rhobtor/PHD/ARGOJ8_IA/install/argj801_ctl_platform/share/argj801_ctl_platform/local_setup.sh
[0.866s] -- Up-to-date: /home/rhobtor/PHD/ARGOJ8_IA/install/argj801_ctl_platform/share/argj801_ctl_platform/local_setup.zsh
[0.866s] -- Up-to-date: /home/rhobtor/PHD/ARGOJ8_IA/install/argj801_ctl_platform/share/argj801_ctl_platform/local_setup.dsv
[0.867s] -- Installing: /home/rhobtor/PHD/ARGOJ8_IA/install/argj801_ctl_platform/share/argj801_ctl_platform/package.dsv
[0.867s] -- Up-to-date: /home/rhobtor/PHD/ARGOJ8_IA/install/argj801_ctl_platform/share/ament_index/resource_index/packages/argj801_ctl_platform
[0.867s] -- Up-to-date: /home/rhobtor/PHD/ARGOJ8_IA/install/argj801_ctl_platform/share/argj801_ctl_platform/cmake/argj801_ctl_platformConfig.cmake
[0.867s] -- Up-to-date: /home/rhobtor/PHD/ARGOJ8_IA/install/argj801_ctl_platform/share/argj801_ctl_platform/cmake/argj801_ctl_platformConfig-version.cmake
[0.867s] -- Up-to-date: /home/rhobtor/PHD/ARGOJ8_IA/install/argj801_ctl_platform/share/argj801_ctl_platform/package.xml
[0.868s] -- Up-to-date: /home/rhobtor/PHD/ARGOJ8_IA/install/argj801_ctl_platform/share/argj801_lcm//config
[0.868s] -- Up-to-date: /home/rhobtor/PHD/ARGOJ8_IA/install/argj801_ctl_platform/share/argj801_lcm//config/argj801_lcm_config_sensors.yaml
[0.868s] -- Up-to-date: /home/rhobtor/PHD/ARGOJ8_IA/install/argj801_ctl_platform/share/argj801_lcm//config/argj801_lcm_config_platform.yaml
[0.970s] Invoked command in '/home/rhobtor/PHD/ARGOJ8_IA/build/argj801_ctl_platform' returned '0': AMENT_PREFIX_PATH=/home/rhobtor/PHD/ARGOJ8_IA/install/argj801_ctl_platform_interfaces:${AMENT_PREFIX_PATH} CMAKE_PREFIX_PATH=/home/rhobtor/PHD/ARGOJ8_IA/install/argj801_ctl_platform_interfaces:/home/rhobtor/PHD/reactive/Reactive-Navegation/workspace_full_conected/install/octomap_mapping:/home/rhobtor/PHD/reactive/Reactive-Navegation/workspace_full_conected/install/octomap_server:/home/rhobtor/PHD/reactive/Reactive-Navegation/workspace_full_conected/install/octomap_rviz_plugins:/home/rhobtor/PHD/reactive/Reactive-Navegation/workspace_full_conected/install/hector_gazebo_plugins:/home/rhobtor/PHD/reactive/Reactive-Navegation/workspace_full_conected/install/car_cpp:/home/rhobtor/PHD/reactive/Reactive-Navegation/workspace_full_conected/install/car_interfaces:/home/rhobtor/PHD/reactive/Reactive-Navegation/workspace_full_conected/install/car:/opt/ros/humble LD_LIBRARY_PATH=/home/rhobtor/PHD/ARGOJ8_IA/install/argj801_ctl_platform_interfaces/lib:${LD_LIBRARY_PATH} PYTHONPATH=/home/rhobtor/PHD/ARGOJ8_IA/install/argj801_ctl_platform_interfaces/local/lib/python3.10/dist-packages:${PYTHONPATH} /opt/st/stm32cubeclt_1.18.0/CMake/bin/cmake --install /home/rhobtor/PHD/ARGOJ8_IA/build/argj801_ctl_platform
