[0.507s] Invoking command in '/home/rhobtor/PHD/ARGOJ8_IA/build/spacenav': CMAKE_PREFIX_PATH=${CMAKE_PREFIX_PATH}:/home/rhobtor/PHD/ARGOJ8_IA/install/ntrip_client:/home/rhobtor/PHD/ARGOJ8_IA/install/car:/home/rhobtor/PHD/ARGOJ8_IA/install/android_ros2_server:/home/rhobtor/PHD/ARGOJ8_IA/install/GUI_pkg:/home/rhobtor/PHD/reactive/Reactive-Navegation/workspace_full_conected/install/car:/opt/ros/humble /opt/st/stm32cubeclt_1.18.0/CMake/bin/cmake --build /home/rhobtor/PHD/ARGOJ8_IA/build/spacenav -- -j16 -l16
[0.933s] [ 50%] Built target spacenav_node
[0.933s] [100%] Built target spacenav
[1.015s] Invoked command in '/home/rhobtor/PHD/ARGOJ8_IA/build/spacenav' returned '0': CMAKE_PREFIX_PATH=${CMAKE_PREFIX_PATH}:/home/rhobtor/PHD/ARGOJ8_IA/install/ntrip_client:/home/rhobtor/PHD/ARGOJ8_IA/install/car:/home/rhobtor/PHD/ARGOJ8_IA/install/android_ros2_server:/home/rhobtor/PHD/ARGOJ8_IA/install/GUI_pkg:/home/rhobtor/PHD/reactive/Reactive-Navegation/workspace_full_conected/install/car:/opt/ros/humble /opt/st/stm32cubeclt_1.18.0/CMake/bin/cmake --build /home/rhobtor/PHD/ARGOJ8_IA/build/spacenav -- -j16 -l16
[1.017s] Invoking command in '/home/rhobtor/PHD/ARGOJ8_IA/build/spacenav': CMAKE_PREFIX_PATH=${CMAKE_PREFIX_PATH}:/home/rhobtor/PHD/ARGOJ8_IA/install/ntrip_client:/home/rhobtor/PHD/ARGOJ8_IA/install/car:/home/rhobtor/PHD/ARGOJ8_IA/install/android_ros2_server:/home/rhobtor/PHD/ARGOJ8_IA/install/GUI_pkg:/home/rhobtor/PHD/reactive/Reactive-Navegation/workspace_full_conected/install/car:/opt/ros/humble /opt/st/stm32cubeclt_1.18.0/CMake/bin/cmake --install /home/rhobtor/PHD/ARGOJ8_IA/build/spacenav
[1.052s] -- Install configuration: ""
[1.055s] -- Up-to-date: /home/rhobtor/PHD/ARGOJ8_IA/install/spacenav/lib/libspacenav.so
[1.056s] -- Up-to-date: /home/rhobtor/PHD/ARGOJ8_IA/install/spacenav/lib/spacenav/spacenav_node
[1.057s] -- Up-to-date: /home/rhobtor/PHD/ARGOJ8_IA/install/spacenav/include/spacenav
[1.058s] -- Up-to-date: /home/rhobtor/PHD/ARGOJ8_IA/install/spacenav/include/spacenav/spacenav
[1.059s] -- Up-to-date: /home/rhobtor/PHD/ARGOJ8_IA/install/spacenav/include/spacenav/spacenav/spacenav.hpp
[1.059s] -- Up-to-date: /home/rhobtor/PHD/ARGOJ8_IA/install/spacenav/share/spacenav//launch
[1.059s] -- Up-to-date: /home/rhobtor/PHD/ARGOJ8_IA/install/spacenav/share/spacenav//launch/static_deadband-launch.py
[1.059s] -- Up-to-date: /home/rhobtor/PHD/ARGOJ8_IA/install/spacenav/share/spacenav//launch/no_deadband-launch.py
[1.059s] -- Up-to-date: /home/rhobtor/PHD/ARGOJ8_IA/install/spacenav/share/spacenav//launch/classic-launch.py
[1.059s] -- Up-to-date: /home/rhobtor/PHD/ARGOJ8_IA/install/spacenav/lib/libspacenav.so
[1.059s] -- Up-to-date: /home/rhobtor/PHD/ARGOJ8_IA/install/spacenav/share/ament_index/resource_index/package_run_dependencies/spacenav
[1.060s] -- Up-to-date: /home/rhobtor/PHD/ARGOJ8_IA/install/spacenav/share/ament_index/resource_index/parent_prefix_path/spacenav
[1.060s] -- Up-to-date: /home/rhobtor/PHD/ARGOJ8_IA/install/spacenav/share/spacenav/environment/ament_prefix_path.sh
[1.060s] -- Up-to-date: /home/rhobtor/PHD/ARGOJ8_IA/install/spacenav/share/spacenav/environment/ament_prefix_path.dsv
[1.060s] -- Up-to-date: /home/rhobtor/PHD/ARGOJ8_IA/install/spacenav/share/spacenav/environment/path.sh
[1.060s] -- Up-to-date: /home/rhobtor/PHD/ARGOJ8_IA/install/spacenav/share/spacenav/environment/path.dsv
[1.060s] -- Up-to-date: /home/rhobtor/PHD/ARGOJ8_IA/install/spacenav/share/spacenav/local_setup.bash
[1.060s] -- Up-to-date: /home/rhobtor/PHD/ARGOJ8_IA/install/spacenav/share/spacenav/local_setup.sh
[1.060s] -- Up-to-date: /home/rhobtor/PHD/ARGOJ8_IA/install/spacenav/share/spacenav/local_setup.zsh
[1.060s] -- Up-to-date: /home/rhobtor/PHD/ARGOJ8_IA/install/spacenav/share/spacenav/local_setup.dsv
[1.061s] -- Installing: /home/rhobtor/PHD/ARGOJ8_IA/install/spacenav/share/spacenav/package.dsv
[1.061s] -- Up-to-date: /home/rhobtor/PHD/ARGOJ8_IA/install/spacenav/share/ament_index/resource_index/packages/spacenav
[1.061s] -- Up-to-date: /home/rhobtor/PHD/ARGOJ8_IA/install/spacenav/share/ament_index/resource_index/rclcpp_components/spacenav
[1.061s] -- Up-to-date: /home/rhobtor/PHD/ARGOJ8_IA/install/spacenav/share/spacenav/cmake/export_spacenavExport.cmake
[1.063s] -- Up-to-date: /home/rhobtor/PHD/ARGOJ8_IA/install/spacenav/share/spacenav/cmake/export_spacenavExport-noconfig.cmake
[1.063s] -- Up-to-date: /home/rhobtor/PHD/ARGOJ8_IA/install/spacenav/share/spacenav/cmake/ament_cmake_export_targets-extras.cmake
[1.063s] -- Up-to-date: /home/rhobtor/PHD/ARGOJ8_IA/install/spacenav/share/spacenav/cmake/ament_cmake_export_dependencies-extras.cmake
[1.063s] -- Up-to-date: /home/rhobtor/PHD/ARGOJ8_IA/install/spacenav/share/spacenav/cmake/spacenavConfig.cmake
[1.063s] -- Up-to-date: /home/rhobtor/PHD/ARGOJ8_IA/install/spacenav/share/spacenav/cmake/spacenavConfig-version.cmake
[1.063s] -- Up-to-date: /home/rhobtor/PHD/ARGOJ8_IA/install/spacenav/share/spacenav/package.xml
[1.262s] Invoked command in '/home/rhobtor/PHD/ARGOJ8_IA/build/spacenav' returned '0': CMAKE_PREFIX_PATH=${CMAKE_PREFIX_PATH}:/home/rhobtor/PHD/ARGOJ8_IA/install/ntrip_client:/home/rhobtor/PHD/ARGOJ8_IA/install/car:/home/rhobtor/PHD/ARGOJ8_IA/install/android_ros2_server:/home/rhobtor/PHD/ARGOJ8_IA/install/GUI_pkg:/home/rhobtor/PHD/reactive/Reactive-Navegation/workspace_full_conected/install/car:/opt/ros/humble /opt/st/stm32cubeclt_1.18.0/CMake/bin/cmake --install /home/rhobtor/PHD/ARGOJ8_IA/build/spacenav
