[0.036s] Invoking command in '/home/rhobtor/PHD/ARGOJ8_IA/build/fixposition_driver_ros2': CMAKE_PREFIX_PATH=/home/rhobtor/PHD/ARGOJ8_IA/install/fixposition_driver_lib:/home/rhobtor/PHD/ARGOJ8_IA/install/fixposition_gnss_tf:/home/rhobtor/PHD/reactive/Reactive-Navegation/workspace_full_conected/install/octomap_mapping:/home/rhobtor/PHD/reactive/Reactive-Navegation/workspace_full_conected/install/octomap_server:/home/rhobtor/PHD/reactive/Reactive-Navegation/workspace_full_conected/install/octomap_rviz_plugins:/home/rhobtor/PHD/reactive/Reactive-Navegation/workspace_full_conected/install/hector_gazebo_plugins:/home/rhobtor/PHD/reactive/Reactive-Navegation/workspace_full_conected/install/car_cpp:/home/rhobtor/PHD/reactive/Reactive-Navegation/workspace_full_conected/install/car_interfaces:/home/rhobtor/PHD/reactive/Reactive-Navegation/workspace_full_conected/install/car:/opt/ros/humble LD_LIBRARY_PATH=/home/rhobtor/PHD/ARGOJ8_IA/install/fixposition_driver_lib/lib:/home/rhobtor/PHD/ARGOJ8_IA/install/fixposition_gnss_tf/lib:${LD_LIBRARY_PATH} PKG_CONFIG_PATH=/home/rhobtor/PHD/ARGOJ8_IA/install/fixposition_driver_lib/lib/x86_64-linux-gnu/pkgconfig:/home/rhobtor/PHD/ARGOJ8_IA/install/fixposition_driver_lib/lib/pkgconfig:/home/rhobtor/PHD/ARGOJ8_IA/install/fixposition_gnss_tf/lib/x86_64-linux-gnu/pkgconfig:/home/rhobtor/PHD/ARGOJ8_IA/install/fixposition_gnss_tf/lib/pkgconfig /opt/st/stm32cubeclt_1.18.0/CMake/bin/cmake /home/rhobtor/PHD/ARGOJ8_IA/src/argo_drivers_pkgs/Fixposition_driver_pkg/fixposition_driver-main/fixposition_driver_ros2 -DCMAKE_INSTALL_PREFIX=/home/rhobtor/PHD/ARGOJ8_IA/install/fixposition_driver_ros2
[3.328s] -- The C compiler identification is GNU 11.4.0
[3.328s] -- The CXX compiler identification is GNU 11.4.0
[3.328s] -- Detecting C compiler ABI info
[3.328s] -- Detecting C compiler ABI info - done
[3.328s] -- Check for working C compiler: /usr/bin/cc - skipped
[3.328s] -- Detecting C compile features
[3.329s] -- Detecting C compile features - done
[3.329s] -- Detecting CXX compiler ABI info
[3.329s] -- Detecting CXX compiler ABI info - done
[3.329s] -- Check for working CXX compiler: /usr/bin/c++ - skipped
[3.329s] -- Detecting CXX compile features
[3.329s] -- Detecting CXX compile features - done
[3.329s] -- Found Boost: /usr/lib/x86_64-linux-gnu/cmake/Boost-1.74.0/BoostConfig.cmake (found suitable version "1.74.0", minimum required is "1.65.0") found components: date_time 
[3.329s] -- Found ament_cmake: 1.3.11 (/opt/ros/humble/share/ament_cmake/cmake)
[3.329s] -- Found Python3: /usr/bin/python3 (found version "3.10.12") found components: Interpreter 
[3.329s] -- Found nav_msgs: 4.8.0 (/opt/ros/humble/share/nav_msgs/cmake)
[3.329s] -- Found rosidl_generator_c: 3.1.6 (/opt/ros/humble/share/rosidl_generator_c/cmake)
[3.329s] -- Found rosidl_adapter: 3.1.6 (/opt/ros/humble/share/rosidl_adapter/cmake)
[3.329s] -- Found rosidl_generator_cpp: 3.1.6 (/opt/ros/humble/share/rosidl_generator_cpp/cmake)
[3.329s] -- Using all available rosidl_typesupport_c: rosidl_typesupport_fastrtps_c;rosidl_typesupport_introspection_c
[3.329s] -- Using all available rosidl_typesupport_cpp: rosidl_typesupport_fastrtps_cpp;rosidl_typesupport_introspection_cpp
[3.330s] -- Found sensor_msgs: 4.8.0 (/opt/ros/humble/share/sensor_msgs/cmake)
[3.330s] -- Found rosidl_default_generators: 1.2.0 (/opt/ros/humble/share/rosidl_default_generators/cmake)
[3.330s] -- Found rclcpp: 16.0.12 (/opt/ros/humble/share/rclcpp/cmake)
[3.330s] -- Found rmw_implementation_cmake: 6.1.2 (/opt/ros/humble/share/rmw_implementation_cmake/cmake)
[3.330s] -- Found rmw_fastrtps_cpp: 6.2.7 (/opt/ros/humble/share/rmw_fastrtps_cpp/cmake)
[3.330s] -- Found OpenSSL: /usr/lib/x86_64-linux-gnu/libcrypto.so (found version "3.0.2")  
[3.330s] -- Found FastRTPS: /opt/ros/humble/include  
[3.330s] -- Using RMW implementation 'rmw_fastrtps_cpp' as default
[3.330s] -- Performing Test CMAKE_HAVE_LIBC_PTHREAD
[3.533s] -- Performing Test CMAKE_HAVE_LIBC_PTHREAD - Success
[3.559s] -- Found Threads: TRUE  
[4.187s] -- Found tf2: 0.25.12 (/opt/ros/humble/share/tf2/cmake)
[4.211s] -- Found tf2_ros: 0.25.12 (/opt/ros/humble/share/tf2_ros/cmake)
[4.471s] -- Found tf2_eigen: 0.25.12 (/opt/ros/humble/share/tf2_eigen/cmake)
[5.495s] -- Found ament_cmake_ros: 0.10.0 (/opt/ros/humble/share/ament_cmake_ros/cmake)
[7.902s] -- Using all available rosidl_typesupport_c: rosidl_typesupport_fastrtps_c;rosidl_typesupport_introspection_c
[8.551s] -- Using all available rosidl_typesupport_cpp: rosidl_typesupport_fastrtps_cpp;rosidl_typesupport_introspection_cpp
[8.554s] [33mCMake Warning (dev) at /opt/ros/humble/share/rosidl_generator_py/cmake/rosidl_generator_py_generate_interfaces.cmake:20 (find_package):
[8.554s]   Policy CMP0148 is not set: The FindPythonInterp and FindPythonLibs modules
[8.555s]   are removed.  Run "cmake --help-policy CMP0148" for policy details.  Use
[8.555s]   the cmake_policy command to set the policy and suppress this warning.
[8.555s] 
[8.555s] Call Stack (most recent call first):
[8.555s]   /opt/ros/humble/share/ament_cmake_core/cmake/core/ament_execute_extensions.cmake:48 (include)
[8.555s]   /opt/ros/humble/share/rosidl_cmake/cmake/rosidl_generate_interfaces.cmake:286 (ament_execute_extensions)
[8.555s]   CMakeLists.txt:26 (rosidl_generate_interfaces)
[8.555s] This warning is for project developers.  Use -Wno-dev to suppress it.
[8.555s] [0m
[8.591s] -- Found PythonInterp: /usr/bin/python3 (found suitable version "3.10.12", minimum required is "3.6") 
[8.594s] -- Found python_cmake_module: 0.10.0 (/opt/ros/humble/share/python_cmake_module/cmake)
[8.596s] [33mCMake Warning (dev) at /opt/ros/humble/share/python_cmake_module/cmake/Modules/FindPythonExtra.cmake:52 (find_package):
[8.596s]   Policy CMP0148 is not set: The FindPythonInterp and FindPythonLibs modules
[8.596s]   are removed.  Run "cmake --help-policy CMP0148" for policy details.  Use
[8.596s]   the cmake_policy command to set the policy and suppress this warning.
[8.596s] 
[8.596s] Call Stack (most recent call first):
[8.597s]   /opt/ros/humble/share/rosidl_generator_py/cmake/rosidl_generator_py_generate_interfaces.cmake:23 (find_package)
[8.597s]   /opt/ros/humble/share/ament_cmake_core/cmake/core/ament_execute_extensions.cmake:48 (include)
[8.597s]   /opt/ros/humble/share/rosidl_cmake/cmake/rosidl_generate_interfaces.cmake:286 (ament_execute_extensions)
[8.597s]   CMakeLists.txt:26 (rosidl_generate_interfaces)
[8.597s] This warning is for project developers.  Use -Wno-dev to suppress it.
[8.597s] [0m
[8.632s] [33mCMake Warning (dev) at /opt/ros/humble/share/python_cmake_module/cmake/Modules/FindPythonExtra.cmake:140 (find_package):
[8.633s]   Policy CMP0148 is not set: The FindPythonInterp and FindPythonLibs modules
[8.633s]   are removed.  Run "cmake --help-policy CMP0148" for policy details.  Use
[8.633s]   the cmake_policy command to set the policy and suppress this warning.
[8.633s] 
[8.634s] Call Stack (most recent call first):
[8.634s]   /opt/ros/humble/share/rosidl_generator_py/cmake/rosidl_generator_py_generate_interfaces.cmake:23 (find_package)
[8.635s]   /opt/ros/humble/share/ament_cmake_core/cmake/core/ament_execute_extensions.cmake:48 (include)
[8.635s]   /opt/ros/humble/share/rosidl_cmake/cmake/rosidl_generate_interfaces.cmake:286 (ament_execute_extensions)
[8.635s]   CMakeLists.txt:26 (rosidl_generate_interfaces)
[8.637s] This warning is for project developers.  Use -Wno-dev to suppress it.
[8.638s] [0m
[8.647s] -- Found PythonLibs: /usr/lib/x86_64-linux-gnu/libpython3.10.so (found suitable version "3.10.12", minimum required is "3.5") 
[8.647s] -- Using PYTHON_EXECUTABLE: /usr/bin/python3
[8.648s] -- Using PYTHON_INCLUDE_DIRS: /usr/include/python3.10
[8.648s] -- Using PYTHON_LIBRARIES: /usr/lib/x86_64-linux-gnu/libpython3.10.so
[8.684s] -- Found PythonExtra: .so  
[8.918s] -- Configuring done (8.9s)
[9.037s] -- Generating done (0.1s)
[9.069s] -- Build files have been written to: /home/rhobtor/PHD/ARGOJ8_IA/build/fixposition_driver_ros2
[9.090s] Invoked command in '/home/rhobtor/PHD/ARGOJ8_IA/build/fixposition_driver_ros2' returned '0': CMAKE_PREFIX_PATH=/home/rhobtor/PHD/ARGOJ8_IA/install/fixposition_driver_lib:/home/rhobtor/PHD/ARGOJ8_IA/install/fixposition_gnss_tf:/home/rhobtor/PHD/reactive/Reactive-Navegation/workspace_full_conected/install/octomap_mapping:/home/rhobtor/PHD/reactive/Reactive-Navegation/workspace_full_conected/install/octomap_server:/home/rhobtor/PHD/reactive/Reactive-Navegation/workspace_full_conected/install/octomap_rviz_plugins:/home/rhobtor/PHD/reactive/Reactive-Navegation/workspace_full_conected/install/hector_gazebo_plugins:/home/rhobtor/PHD/reactive/Reactive-Navegation/workspace_full_conected/install/car_cpp:/home/rhobtor/PHD/reactive/Reactive-Navegation/workspace_full_conected/install/car_interfaces:/home/rhobtor/PHD/reactive/Reactive-Navegation/workspace_full_conected/install/car:/opt/ros/humble LD_LIBRARY_PATH=/home/rhobtor/PHD/ARGOJ8_IA/install/fixposition_driver_lib/lib:/home/rhobtor/PHD/ARGOJ8_IA/install/fixposition_gnss_tf/lib:${LD_LIBRARY_PATH} PKG_CONFIG_PATH=/home/rhobtor/PHD/ARGOJ8_IA/install/fixposition_driver_lib/lib/x86_64-linux-gnu/pkgconfig:/home/rhobtor/PHD/ARGOJ8_IA/install/fixposition_driver_lib/lib/pkgconfig:/home/rhobtor/PHD/ARGOJ8_IA/install/fixposition_gnss_tf/lib/x86_64-linux-gnu/pkgconfig:/home/rhobtor/PHD/ARGOJ8_IA/install/fixposition_gnss_tf/lib/pkgconfig /opt/st/stm32cubeclt_1.18.0/CMake/bin/cmake /home/rhobtor/PHD/ARGOJ8_IA/src/argo_drivers_pkgs/Fixposition_driver_pkg/fixposition_driver-main/fixposition_driver_ros2 -DCMAKE_INSTALL_PREFIX=/home/rhobtor/PHD/ARGOJ8_IA/install/fixposition_driver_ros2
[9.091s] Invoking command in '/home/rhobtor/PHD/ARGOJ8_IA/build/fixposition_driver_ros2': CMAKE_PREFIX_PATH=/home/rhobtor/PHD/ARGOJ8_IA/install/fixposition_driver_lib:/home/rhobtor/PHD/ARGOJ8_IA/install/fixposition_gnss_tf:/home/rhobtor/PHD/reactive/Reactive-Navegation/workspace_full_conected/install/octomap_mapping:/home/rhobtor/PHD/reactive/Reactive-Navegation/workspace_full_conected/install/octomap_server:/home/rhobtor/PHD/reactive/Reactive-Navegation/workspace_full_conected/install/octomap_rviz_plugins:/home/rhobtor/PHD/reactive/Reactive-Navegation/workspace_full_conected/install/hector_gazebo_plugins:/home/rhobtor/PHD/reactive/Reactive-Navegation/workspace_full_conected/install/car_cpp:/home/rhobtor/PHD/reactive/Reactive-Navegation/workspace_full_conected/install/car_interfaces:/home/rhobtor/PHD/reactive/Reactive-Navegation/workspace_full_conected/install/car:/opt/ros/humble LD_LIBRARY_PATH=/home/rhobtor/PHD/ARGOJ8_IA/install/fixposition_driver_lib/lib:/home/rhobtor/PHD/ARGOJ8_IA/install/fixposition_gnss_tf/lib:${LD_LIBRARY_PATH} PKG_CONFIG_PATH=/home/rhobtor/PHD/ARGOJ8_IA/install/fixposition_driver_lib/lib/x86_64-linux-gnu/pkgconfig:/home/rhobtor/PHD/ARGOJ8_IA/install/fixposition_driver_lib/lib/pkgconfig:/home/rhobtor/PHD/ARGOJ8_IA/install/fixposition_gnss_tf/lib/x86_64-linux-gnu/pkgconfig:/home/rhobtor/PHD/ARGOJ8_IA/install/fixposition_gnss_tf/lib/pkgconfig /opt/st/stm32cubeclt_1.18.0/CMake/bin/cmake --build /home/rhobtor/PHD/ARGOJ8_IA/build/fixposition_driver_ros2 -- -j16 -l16
[14.338s] [  2%] [34m[1mGenerating C++ code for ROS interfaces[0m
[14.339s] [  2%] Built target fixposition_driver_ros2__cpp
[14.340s] [  2%] Built target ament_cmake_python_copy_fixposition_driver_ros2
[14.340s] [  4%] [34m[1mGenerating C++ introspection for ROS interfaces[0m
[14.340s] [  6%] [32mBuilding CXX object CMakeFiles/fixposition_driver_ros2__rosidl_typesupport_introspection_cpp.dir/rosidl_typesupport_introspection_cpp/fixposition_driver_ros2/msg/detail/vrtk__type_support.cpp.o[0m
[14.340s] [  9%] [32mBuilding CXX object CMakeFiles/fixposition_driver_ros2__rosidl_typesupport_introspection_cpp.dir/rosidl_typesupport_introspection_cpp/fixposition_driver_ros2/msg/detail/speed__type_support.cpp.o[0m
[14.447s] [ 11%] [32m[1mLinking CXX shared library libfixposition_driver_ros2__rosidl_typesupport_introspection_cpp.so[0m
[14.675s] [ 11%] Built target fixposition_driver_ros2__rosidl_typesupport_introspection_cpp
[14.955s] running egg_info
[14.955s] creating fixposition_driver_ros2.egg-info
[14.956s] writing fixposition_driver_ros2.egg-info/PKG-INFO
[14.956s] writing dependency_links to fixposition_driver_ros2.egg-info/dependency_links.txt
[14.956s] writing top-level names to fixposition_driver_ros2.egg-info/top_level.txt
[14.957s] writing manifest file 'fixposition_driver_ros2.egg-info/SOURCES.txt'
[14.958s] reading manifest file 'fixposition_driver_ros2.egg-info/SOURCES.txt'
[14.959s] writing manifest file 'fixposition_driver_ros2.egg-info/SOURCES.txt'
[14.985s] [ 11%] Built target ament_cmake_python_build_fixposition_driver_ros2_egg
[14.993s] [ 13%] [34m[1mGenerating C++ type support for eProsima Fast-RTPS[0m
[15.498s] [ 16%] [32mBuilding CXX object CMakeFiles/fixposition_driver_ros2__rosidl_typesupport_fastrtps_cpp.dir/rosidl_typesupport_fastrtps_cpp/fixposition_driver_ros2/msg/detail/dds_fastrtps/vrtk__type_support.cpp.o[0m
[15.986s] [ 18%] [32mBuilding CXX object CMakeFiles/fixposition_driver_ros2__rosidl_typesupport_fastrtps_cpp.dir/rosidl_typesupport_fastrtps_cpp/fixposition_driver_ros2/msg/detail/dds_fastrtps/speed__type_support.cpp.o[0m
[16.525s] [ 20%] [32m[1mLinking CXX shared library libfixposition_driver_ros2__rosidl_typesupport_fastrtps_cpp.so[0m
[16.610s] [ 20%] Built target fixposition_driver_ros2__rosidl_typesupport_fastrtps_cpp
[16.611s] [ 23%] [34m[1mGenerating C++ type support dispatch for ROS interfaces[0m
[17.003s] [ 25%] [32mBuilding CXX object CMakeFiles/fixposition_driver_ros2__rosidl_typesupport_cpp.dir/rosidl_typesupport_cpp/fixposition_driver_ros2/msg/vrtk__type_support.cpp.o[0m
[17.389s] [ 27%] [32mBuilding CXX object CMakeFiles/fixposition_driver_ros2__rosidl_typesupport_cpp.dir/rosidl_typesupport_cpp/fixposition_driver_ros2/msg/speed__type_support.cpp.o[0m
[17.676s] [ 30%] [32m[1mLinking CXX shared library libfixposition_driver_ros2__rosidl_typesupport_cpp.so[0m
[17.706s] [ 30%] Built target fixposition_driver_ros2__rosidl_typesupport_cpp
[17.711s] [ 32%] [34m[1mGenerating C code for ROS interfaces[0m
[18.171s] [ 34%] [32mBuilding C object CMakeFiles/fixposition_driver_ros2__rosidl_generator_c.dir/rosidl_generator_c/fixposition_driver_ros2/msg/detail/vrtk__functions.c.o[0m
[18.314s] [ 37%] [32mBuilding C object CMakeFiles/fixposition_driver_ros2__rosidl_generator_c.dir/rosidl_generator_c/fixposition_driver_ros2/msg/detail/speed__functions.c.o[0m
[18.587s] [ 39%] [32m[1mLinking C shared library libfixposition_driver_ros2__rosidl_generator_c.so[0m
[18.627s] [ 39%] Built target fixposition_driver_ros2__rosidl_generator_c
[18.640s] [ 41%] [32mBuilding CXX object CMakeFiles/fixposition_driver_ros2_exec.dir/src/fixposition_driver_node.cpp.o[0m
[40.516s] [ 44%] [32mBuilding CXX object CMakeFiles/fixposition_driver_ros2_exec.dir/src/data_to_ros2.cpp.o[0m
[48.562s] [ 46%] [32mBuilding CXX object CMakeFiles/fixposition_driver_ros2_exec.dir/src/params.cpp.o[0m
[52.889s] [ 48%] [32m[1mLinking CXX executable fixposition_driver_ros2_exec[0m
[53.091s] [ 48%] Built target fixposition_driver_ros2_exec
[53.096s] [ 51%] [34m[1mGenerating C type support dispatch for ROS interfaces[0m
[53.483s] [ 53%] [32mBuilding CXX object CMakeFiles/fixposition_driver_ros2__rosidl_typesupport_c.dir/rosidl_typesupport_c/fixposition_driver_ros2/msg/vrtk__type_support.cpp.o[0m
[53.510s] [ 55%] [32mBuilding CXX object CMakeFiles/fixposition_driver_ros2__rosidl_typesupport_c.dir/rosidl_typesupport_c/fixposition_driver_ros2/msg/speed__type_support.cpp.o[0m
[53.540s] [ 58%] [32m[1mLinking CXX shared library libfixposition_driver_ros2__rosidl_typesupport_c.so[0m
[53.572s] [ 58%] Built target fixposition_driver_ros2__rosidl_typesupport_c
[53.578s] [ 60%] [34m[1mGenerating C introspection for ROS interfaces[0m
[53.994s] [ 62%] [32mBuilding C object CMakeFiles/fixposition_driver_ros2__rosidl_typesupport_introspection_c.dir/rosidl_typesupport_introspection_c/fixposition_driver_ros2/msg/detail/vrtk__type_support.c.o[0m
[54.043s] [ 65%] [32mBuilding C object CMakeFiles/fixposition_driver_ros2__rosidl_typesupport_introspection_c.dir/rosidl_typesupport_introspection_c/fixposition_driver_ros2/msg/detail/speed__type_support.c.o[0m
[54.102s] [ 67%] [32m[1mLinking C shared library libfixposition_driver_ros2__rosidl_typesupport_introspection_c.so[0m
[54.131s] [ 67%] Built target fixposition_driver_ros2__rosidl_typesupport_introspection_c
[54.137s] [ 69%] [34m[1mGenerating C type support for eProsima Fast-RTPS[0m
[54.616s] [ 72%] [32mBuilding CXX object CMakeFiles/fixposition_driver_ros2__rosidl_typesupport_fastrtps_c.dir/rosidl_typesupport_fastrtps_c/fixposition_driver_ros2/msg/detail/vrtk__type_support_c.cpp.o[0m
[55.042s] [ 74%] [32mBuilding CXX object CMakeFiles/fixposition_driver_ros2__rosidl_typesupport_fastrtps_c.dir/rosidl_typesupport_fastrtps_c/fixposition_driver_ros2/msg/detail/speed__type_support_c.cpp.o[0m
[55.374s] [ 76%] [32m[1mLinking CXX shared library libfixposition_driver_ros2__rosidl_typesupport_fastrtps_c.so[0m
[55.448s] [ 76%] Built target fixposition_driver_ros2__rosidl_typesupport_fastrtps_c
[55.460s] [ 76%] Built target fixposition_driver_ros2
[55.470s] [ 79%] [34m[1mGenerating Python code for ROS interfaces[0m
[56.141s] [ 79%] Built target fixposition_driver_ros2__py
[56.152s] [ 81%] [32mBuilding C object CMakeFiles/fixposition_driver_ros2__rosidl_generator_py.dir/rosidl_generator_py/fixposition_driver_ros2/msg/_vrtk_s.c.o[0m
[56.319s] [ 83%] [32mBuilding C object CMakeFiles/fixposition_driver_ros2__rosidl_generator_py.dir/rosidl_generator_py/fixposition_driver_ros2/msg/_speed_s.c.o[0m
[56.447s] [ 86%] [32m[1mLinking C shared library rosidl_generator_py/fixposition_driver_ros2/libfixposition_driver_ros2__rosidl_generator_py.so[0m
[56.490s] [ 86%] Built target fixposition_driver_ros2__rosidl_generator_py
[56.501s] [ 88%] [32mBuilding C object CMakeFiles/fixposition_driver_ros2__rosidl_typesupport_fastrtps_c__pyext.dir/rosidl_generator_py/fixposition_driver_ros2/_fixposition_driver_ros2_s.ep.rosidl_typesupport_fastrtps_c.c.o[0m
[56.627s] [ 90%] [32m[1mLinking C shared library rosidl_generator_py/fixposition_driver_ros2/fixposition_driver_ros2_s__rosidl_typesupport_fastrtps_c.cpython-310-x86_64-linux-gnu.so[0m
[56.658s] [ 90%] Built target fixposition_driver_ros2__rosidl_typesupport_fastrtps_c__pyext
[56.671s] [ 93%] [32mBuilding C object CMakeFiles/fixposition_driver_ros2__rosidl_typesupport_c__pyext.dir/rosidl_generator_py/fixposition_driver_ros2/_fixposition_driver_ros2_s.ep.rosidl_typesupport_c.c.o[0m
[56.789s] [ 95%] [32m[1mLinking C shared library rosidl_generator_py/fixposition_driver_ros2/fixposition_driver_ros2_s__rosidl_typesupport_c.cpython-310-x86_64-linux-gnu.so[0m
[56.824s] [ 95%] Built target fixposition_driver_ros2__rosidl_typesupport_c__pyext
[56.835s] [ 97%] [32mBuilding C object CMakeFiles/fixposition_driver_ros2__rosidl_typesupport_introspection_c__pyext.dir/rosidl_generator_py/fixposition_driver_ros2/_fixposition_driver_ros2_s.ep.rosidl_typesupport_introspection_c.c.o[0m
[56.956s] [100%] [32m[1mLinking C shared library rosidl_generator_py/fixposition_driver_ros2/fixposition_driver_ros2_s__rosidl_typesupport_introspection_c.cpython-310-x86_64-linux-gnu.so[0m
[57.001s] [100%] Built target fixposition_driver_ros2__rosidl_typesupport_introspection_c__pyext
[57.007s] Invoked command in '/home/rhobtor/PHD/ARGOJ8_IA/build/fixposition_driver_ros2' returned '0': CMAKE_PREFIX_PATH=/home/rhobtor/PHD/ARGOJ8_IA/install/fixposition_driver_lib:/home/rhobtor/PHD/ARGOJ8_IA/install/fixposition_gnss_tf:/home/rhobtor/PHD/reactive/Reactive-Navegation/workspace_full_conected/install/octomap_mapping:/home/rhobtor/PHD/reactive/Reactive-Navegation/workspace_full_conected/install/octomap_server:/home/rhobtor/PHD/reactive/Reactive-Navegation/workspace_full_conected/install/octomap_rviz_plugins:/home/rhobtor/PHD/reactive/Reactive-Navegation/workspace_full_conected/install/hector_gazebo_plugins:/home/rhobtor/PHD/reactive/Reactive-Navegation/workspace_full_conected/install/car_cpp:/home/rhobtor/PHD/reactive/Reactive-Navegation/workspace_full_conected/install/car_interfaces:/home/rhobtor/PHD/reactive/Reactive-Navegation/workspace_full_conected/install/car:/opt/ros/humble LD_LIBRARY_PATH=/home/rhobtor/PHD/ARGOJ8_IA/install/fixposition_driver_lib/lib:/home/rhobtor/PHD/ARGOJ8_IA/install/fixposition_gnss_tf/lib:${LD_LIBRARY_PATH} PKG_CONFIG_PATH=/home/rhobtor/PHD/ARGOJ8_IA/install/fixposition_driver_lib/lib/x86_64-linux-gnu/pkgconfig:/home/rhobtor/PHD/ARGOJ8_IA/install/fixposition_driver_lib/lib/pkgconfig:/home/rhobtor/PHD/ARGOJ8_IA/install/fixposition_gnss_tf/lib/x86_64-linux-gnu/pkgconfig:/home/rhobtor/PHD/ARGOJ8_IA/install/fixposition_gnss_tf/lib/pkgconfig /opt/st/stm32cubeclt_1.18.0/CMake/bin/cmake --build /home/rhobtor/PHD/ARGOJ8_IA/build/fixposition_driver_ros2 -- -j16 -l16
[57.009s] Invoking command in '/home/rhobtor/PHD/ARGOJ8_IA/build/fixposition_driver_ros2': CMAKE_PREFIX_PATH=/home/rhobtor/PHD/ARGOJ8_IA/install/fixposition_driver_lib:/home/rhobtor/PHD/ARGOJ8_IA/install/fixposition_gnss_tf:/home/rhobtor/PHD/reactive/Reactive-Navegation/workspace_full_conected/install/octomap_mapping:/home/rhobtor/PHD/reactive/Reactive-Navegation/workspace_full_conected/install/octomap_server:/home/rhobtor/PHD/reactive/Reactive-Navegation/workspace_full_conected/install/octomap_rviz_plugins:/home/rhobtor/PHD/reactive/Reactive-Navegation/workspace_full_conected/install/hector_gazebo_plugins:/home/rhobtor/PHD/reactive/Reactive-Navegation/workspace_full_conected/install/car_cpp:/home/rhobtor/PHD/reactive/Reactive-Navegation/workspace_full_conected/install/car_interfaces:/home/rhobtor/PHD/reactive/Reactive-Navegation/workspace_full_conected/install/car:/opt/ros/humble LD_LIBRARY_PATH=/home/rhobtor/PHD/ARGOJ8_IA/install/fixposition_driver_lib/lib:/home/rhobtor/PHD/ARGOJ8_IA/install/fixposition_gnss_tf/lib:${LD_LIBRARY_PATH} PKG_CONFIG_PATH=/home/rhobtor/PHD/ARGOJ8_IA/install/fixposition_driver_lib/lib/x86_64-linux-gnu/pkgconfig:/home/rhobtor/PHD/ARGOJ8_IA/install/fixposition_driver_lib/lib/pkgconfig:/home/rhobtor/PHD/ARGOJ8_IA/install/fixposition_gnss_tf/lib/x86_64-linux-gnu/pkgconfig:/home/rhobtor/PHD/ARGOJ8_IA/install/fixposition_gnss_tf/lib/pkgconfig /opt/st/stm32cubeclt_1.18.0/CMake/bin/cmake --install /home/rhobtor/PHD/ARGOJ8_IA/build/fixposition_driver_ros2
[57.012s] -- Install configuration: "Release"
[57.013s] -- Installing: /home/rhobtor/PHD/ARGOJ8_IA/install/fixposition_driver_ros2/share/ament_index/resource_index/rosidl_interfaces/fixposition_driver_ros2
[57.013s] -- Installing: /home/rhobtor/PHD/ARGOJ8_IA/install/fixposition_driver_ros2/include/fixposition_driver_ros2/fixposition_driver_ros2
[57.013s] -- Installing: /home/rhobtor/PHD/ARGOJ8_IA/install/fixposition_driver_ros2/include/fixposition_driver_ros2/fixposition_driver_ros2/msg
[57.013s] -- Installing: /home/rhobtor/PHD/ARGOJ8_IA/install/fixposition_driver_ros2/include/fixposition_driver_ros2/fixposition_driver_ros2/msg/vrtk.h
[57.013s] -- Installing: /home/rhobtor/PHD/ARGOJ8_IA/install/fixposition_driver_ros2/include/fixposition_driver_ros2/fixposition_driver_ros2/msg/rosidl_generator_c__visibility_control.h
[57.013s] -- Installing: /home/rhobtor/PHD/ARGOJ8_IA/install/fixposition_driver_ros2/include/fixposition_driver_ros2/fixposition_driver_ros2/msg/detail
[57.013s] -- Installing: /home/rhobtor/PHD/ARGOJ8_IA/install/fixposition_driver_ros2/include/fixposition_driver_ros2/fixposition_driver_ros2/msg/detail/speed__functions.c
[57.013s] -- Installing: /home/rhobtor/PHD/ARGOJ8_IA/install/fixposition_driver_ros2/include/fixposition_driver_ros2/fixposition_driver_ros2/msg/detail/vrtk__functions.h
[57.013s] -- Installing: /home/rhobtor/PHD/ARGOJ8_IA/install/fixposition_driver_ros2/include/fixposition_driver_ros2/fixposition_driver_ros2/msg/detail/vrtk__type_support.h
[57.014s] -- Installing: /home/rhobtor/PHD/ARGOJ8_IA/install/fixposition_driver_ros2/include/fixposition_driver_ros2/fixposition_driver_ros2/msg/detail/speed__functions.h
[57.014s] -- Installing: /home/rhobtor/PHD/ARGOJ8_IA/install/fixposition_driver_ros2/include/fixposition_driver_ros2/fixposition_driver_ros2/msg/detail/vrtk__struct.h
[57.014s] -- Installing: /home/rhobtor/PHD/ARGOJ8_IA/install/fixposition_driver_ros2/include/fixposition_driver_ros2/fixposition_driver_ros2/msg/detail/speed__struct.h
[57.014s] -- Installing: /home/rhobtor/PHD/ARGOJ8_IA/install/fixposition_driver_ros2/include/fixposition_driver_ros2/fixposition_driver_ros2/msg/detail/speed__type_support.h
[57.014s] -- Installing: /home/rhobtor/PHD/ARGOJ8_IA/install/fixposition_driver_ros2/include/fixposition_driver_ros2/fixposition_driver_ros2/msg/detail/vrtk__functions.c
[57.014s] -- Installing: /home/rhobtor/PHD/ARGOJ8_IA/install/fixposition_driver_ros2/include/fixposition_driver_ros2/fixposition_driver_ros2/msg/speed.h
[57.014s] -- Installing: /home/rhobtor/PHD/ARGOJ8_IA/install/fixposition_driver_ros2/share/fixposition_driver_ros2/environment/library_path.sh
[57.014s] -- Installing: /home/rhobtor/PHD/ARGOJ8_IA/install/fixposition_driver_ros2/share/fixposition_driver_ros2/environment/library_path.dsv
[57.014s] -- Installing: /home/rhobtor/PHD/ARGOJ8_IA/install/fixposition_driver_ros2/lib/libfixposition_driver_ros2__rosidl_generator_c.so
[57.014s] -- Set non-toolchain portion of runtime path of "/home/rhobtor/PHD/ARGOJ8_IA/install/fixposition_driver_ros2/lib/libfixposition_driver_ros2__rosidl_generator_c.so" to ""
[57.014s] -- Up-to-date: /home/rhobtor/PHD/ARGOJ8_IA/install/fixposition_driver_ros2/include/fixposition_driver_ros2/fixposition_driver_ros2
[57.015s] -- Up-to-date: /home/rhobtor/PHD/ARGOJ8_IA/install/fixposition_driver_ros2/include/fixposition_driver_ros2/fixposition_driver_ros2/msg
[57.015s] -- Up-to-date: /home/rhobtor/PHD/ARGOJ8_IA/install/fixposition_driver_ros2/include/fixposition_driver_ros2/fixposition_driver_ros2/msg/detail
[57.015s] -- Installing: /home/rhobtor/PHD/ARGOJ8_IA/install/fixposition_driver_ros2/include/fixposition_driver_ros2/fixposition_driver_ros2/msg/detail/vrtk__rosidl_typesupport_fastrtps_c.h
[57.015s] -- Installing: /home/rhobtor/PHD/ARGOJ8_IA/install/fixposition_driver_ros2/include/fixposition_driver_ros2/fixposition_driver_ros2/msg/detail/speed__rosidl_typesupport_fastrtps_c.h
[57.015s] -- Installing: /home/rhobtor/PHD/ARGOJ8_IA/install/fixposition_driver_ros2/include/fixposition_driver_ros2/fixposition_driver_ros2/msg/rosidl_typesupport_fastrtps_c__visibility_control.h
[57.015s] -- Installing: /home/rhobtor/PHD/ARGOJ8_IA/install/fixposition_driver_ros2/lib/libfixposition_driver_ros2__rosidl_typesupport_fastrtps_c.so
[57.015s] -- Set non-toolchain portion of runtime path of "/home/rhobtor/PHD/ARGOJ8_IA/install/fixposition_driver_ros2/lib/libfixposition_driver_ros2__rosidl_typesupport_fastrtps_c.so" to ""
[57.015s] -- Up-to-date: /home/rhobtor/PHD/ARGOJ8_IA/install/fixposition_driver_ros2/include/fixposition_driver_ros2/fixposition_driver_ros2
[57.015s] -- Up-to-date: /home/rhobtor/PHD/ARGOJ8_IA/install/fixposition_driver_ros2/include/fixposition_driver_ros2/fixposition_driver_ros2/msg
[57.015s] -- Installing: /home/rhobtor/PHD/ARGOJ8_IA/install/fixposition_driver_ros2/include/fixposition_driver_ros2/fixposition_driver_ros2/msg/rosidl_generator_cpp__visibility_control.hpp
[57.015s] -- Installing: /home/rhobtor/PHD/ARGOJ8_IA/install/fixposition_driver_ros2/include/fixposition_driver_ros2/fixposition_driver_ros2/msg/vrtk.hpp
[57.015s] -- Up-to-date: /home/rhobtor/PHD/ARGOJ8_IA/install/fixposition_driver_ros2/include/fixposition_driver_ros2/fixposition_driver_ros2/msg/detail
[57.016s] -- Installing: /home/rhobtor/PHD/ARGOJ8_IA/install/fixposition_driver_ros2/include/fixposition_driver_ros2/fixposition_driver_ros2/msg/detail/vrtk__type_support.hpp
[57.016s] -- Installing: /home/rhobtor/PHD/ARGOJ8_IA/install/fixposition_driver_ros2/include/fixposition_driver_ros2/fixposition_driver_ros2/msg/detail/speed__builder.hpp
[57.016s] -- Installing: /home/rhobtor/PHD/ARGOJ8_IA/install/fixposition_driver_ros2/include/fixposition_driver_ros2/fixposition_driver_ros2/msg/detail/speed__struct.hpp
[57.016s] -- Installing: /home/rhobtor/PHD/ARGOJ8_IA/install/fixposition_driver_ros2/include/fixposition_driver_ros2/fixposition_driver_ros2/msg/detail/speed__traits.hpp
[57.016s] -- Installing: /home/rhobtor/PHD/ARGOJ8_IA/install/fixposition_driver_ros2/include/fixposition_driver_ros2/fixposition_driver_ros2/msg/detail/vrtk__builder.hpp
[57.016s] -- Installing: /home/rhobtor/PHD/ARGOJ8_IA/install/fixposition_driver_ros2/include/fixposition_driver_ros2/fixposition_driver_ros2/msg/detail/vrtk__traits.hpp
[57.016s] -- Installing: /home/rhobtor/PHD/ARGOJ8_IA/install/fixposition_driver_ros2/include/fixposition_driver_ros2/fixposition_driver_ros2/msg/detail/vrtk__struct.hpp
[57.016s] -- Installing: /home/rhobtor/PHD/ARGOJ8_IA/install/fixposition_driver_ros2/include/fixposition_driver_ros2/fixposition_driver_ros2/msg/detail/speed__type_support.hpp
[57.016s] -- Installing: /home/rhobtor/PHD/ARGOJ8_IA/install/fixposition_driver_ros2/include/fixposition_driver_ros2/fixposition_driver_ros2/msg/speed.hpp
[57.016s] -- Up-to-date: /home/rhobtor/PHD/ARGOJ8_IA/install/fixposition_driver_ros2/include/fixposition_driver_ros2/fixposition_driver_ros2
[57.016s] -- Up-to-date: /home/rhobtor/PHD/ARGOJ8_IA/install/fixposition_driver_ros2/include/fixposition_driver_ros2/fixposition_driver_ros2/msg
[57.016s] -- Installing: /home/rhobtor/PHD/ARGOJ8_IA/install/fixposition_driver_ros2/include/fixposition_driver_ros2/fixposition_driver_ros2/msg/rosidl_typesupport_fastrtps_cpp__visibility_control.h
[57.017s] -- Up-to-date: /home/rhobtor/PHD/ARGOJ8_IA/install/fixposition_driver_ros2/include/fixposition_driver_ros2/fixposition_driver_ros2/msg/detail
[57.017s] -- Installing: /home/rhobtor/PHD/ARGOJ8_IA/install/fixposition_driver_ros2/include/fixposition_driver_ros2/fixposition_driver_ros2/msg/detail/dds_fastrtps
[57.017s] -- Installing: /home/rhobtor/PHD/ARGOJ8_IA/install/fixposition_driver_ros2/include/fixposition_driver_ros2/fixposition_driver_ros2/msg/detail/vrtk__rosidl_typesupport_fastrtps_cpp.hpp
[57.017s] -- Installing: /home/rhobtor/PHD/ARGOJ8_IA/install/fixposition_driver_ros2/include/fixposition_driver_ros2/fixposition_driver_ros2/msg/detail/speed__rosidl_typesupport_fastrtps_cpp.hpp
[57.017s] -- Installing: /home/rhobtor/PHD/ARGOJ8_IA/install/fixposition_driver_ros2/lib/libfixposition_driver_ros2__rosidl_typesupport_fastrtps_cpp.so
[57.017s] -- Set non-toolchain portion of runtime path of "/home/rhobtor/PHD/ARGOJ8_IA/install/fixposition_driver_ros2/lib/libfixposition_driver_ros2__rosidl_typesupport_fastrtps_cpp.so" to ""
[57.017s] -- Up-to-date: /home/rhobtor/PHD/ARGOJ8_IA/install/fixposition_driver_ros2/include/fixposition_driver_ros2/fixposition_driver_ros2
[57.017s] -- Up-to-date: /home/rhobtor/PHD/ARGOJ8_IA/install/fixposition_driver_ros2/include/fixposition_driver_ros2/fixposition_driver_ros2/msg
[57.017s] -- Installing: /home/rhobtor/PHD/ARGOJ8_IA/install/fixposition_driver_ros2/include/fixposition_driver_ros2/fixposition_driver_ros2/msg/rosidl_typesupport_introspection_c__visibility_control.h
[57.017s] -- Up-to-date: /home/rhobtor/PHD/ARGOJ8_IA/install/fixposition_driver_ros2/include/fixposition_driver_ros2/fixposition_driver_ros2/msg/detail
[57.017s] -- Installing: /home/rhobtor/PHD/ARGOJ8_IA/install/fixposition_driver_ros2/include/fixposition_driver_ros2/fixposition_driver_ros2/msg/detail/vrtk__rosidl_typesupport_introspection_c.h
[57.017s] -- Installing: /home/rhobtor/PHD/ARGOJ8_IA/install/fixposition_driver_ros2/include/fixposition_driver_ros2/fixposition_driver_ros2/msg/detail/speed__type_support.c
[57.018s] -- Installing: /home/rhobtor/PHD/ARGOJ8_IA/install/fixposition_driver_ros2/include/fixposition_driver_ros2/fixposition_driver_ros2/msg/detail/speed__rosidl_typesupport_introspection_c.h
[57.018s] -- Installing: /home/rhobtor/PHD/ARGOJ8_IA/install/fixposition_driver_ros2/include/fixposition_driver_ros2/fixposition_driver_ros2/msg/detail/vrtk__type_support.c
[57.018s] -- Installing: /home/rhobtor/PHD/ARGOJ8_IA/install/fixposition_driver_ros2/lib/libfixposition_driver_ros2__rosidl_typesupport_introspection_c.so
[57.018s] -- Set non-toolchain portion of runtime path of "/home/rhobtor/PHD/ARGOJ8_IA/install/fixposition_driver_ros2/lib/libfixposition_driver_ros2__rosidl_typesupport_introspection_c.so" to ""
[57.018s] -- Installing: /home/rhobtor/PHD/ARGOJ8_IA/install/fixposition_driver_ros2/lib/libfixposition_driver_ros2__rosidl_typesupport_c.so
[57.018s] -- Set non-toolchain portion of runtime path of "/home/rhobtor/PHD/ARGOJ8_IA/install/fixposition_driver_ros2/lib/libfixposition_driver_ros2__rosidl_typesupport_c.so" to ""
[57.018s] -- Up-to-date: /home/rhobtor/PHD/ARGOJ8_IA/install/fixposition_driver_ros2/include/fixposition_driver_ros2/fixposition_driver_ros2
[57.018s] -- Up-to-date: /home/rhobtor/PHD/ARGOJ8_IA/install/fixposition_driver_ros2/include/fixposition_driver_ros2/fixposition_driver_ros2/msg
[57.018s] -- Up-to-date: /home/rhobtor/PHD/ARGOJ8_IA/install/fixposition_driver_ros2/include/fixposition_driver_ros2/fixposition_driver_ros2/msg/detail
[57.018s] -- Installing: /home/rhobtor/PHD/ARGOJ8_IA/install/fixposition_driver_ros2/include/fixposition_driver_ros2/fixposition_driver_ros2/msg/detail/speed__type_support.cpp
[57.019s] -- Installing: /home/rhobtor/PHD/ARGOJ8_IA/install/fixposition_driver_ros2/include/fixposition_driver_ros2/fixposition_driver_ros2/msg/detail/vrtk__type_support.cpp
[57.019s] -- Installing: /home/rhobtor/PHD/ARGOJ8_IA/install/fixposition_driver_ros2/include/fixposition_driver_ros2/fixposition_driver_ros2/msg/detail/vrtk__rosidl_typesupport_introspection_cpp.hpp
[57.019s] -- Installing: /home/rhobtor/PHD/ARGOJ8_IA/install/fixposition_driver_ros2/include/fixposition_driver_ros2/fixposition_driver_ros2/msg/detail/speed__rosidl_typesupport_introspection_cpp.hpp
[57.019s] -- Installing: /home/rhobtor/PHD/ARGOJ8_IA/install/fixposition_driver_ros2/lib/libfixposition_driver_ros2__rosidl_typesupport_introspection_cpp.so
[57.019s] -- Set non-toolchain portion of runtime path of "/home/rhobtor/PHD/ARGOJ8_IA/install/fixposition_driver_ros2/lib/libfixposition_driver_ros2__rosidl_typesupport_introspection_cpp.so" to ""
[57.019s] -- Installing: /home/rhobtor/PHD/ARGOJ8_IA/install/fixposition_driver_ros2/lib/libfixposition_driver_ros2__rosidl_typesupport_cpp.so
[57.019s] -- Set non-toolchain portion of runtime path of "/home/rhobtor/PHD/ARGOJ8_IA/install/fixposition_driver_ros2/lib/libfixposition_driver_ros2__rosidl_typesupport_cpp.so" to ""
[57.020s] -- Installing: /home/rhobtor/PHD/ARGOJ8_IA/install/fixposition_driver_ros2/share/fixposition_driver_ros2/environment/pythonpath.sh
[57.020s] -- Installing: /home/rhobtor/PHD/ARGOJ8_IA/install/fixposition_driver_ros2/share/fixposition_driver_ros2/environment/pythonpath.dsv
[57.020s] -- Installing: /home/rhobtor/PHD/ARGOJ8_IA/install/fixposition_driver_ros2/local/lib/python3.10/dist-packages/fixposition_driver_ros2-5.0.0-py3.10.egg-info
[57.020s] -- Installing: /home/rhobtor/PHD/ARGOJ8_IA/install/fixposition_driver_ros2/local/lib/python3.10/dist-packages/fixposition_driver_ros2-5.0.0-py3.10.egg-info/top_level.txt
[57.020s] -- Installing: /home/rhobtor/PHD/ARGOJ8_IA/install/fixposition_driver_ros2/local/lib/python3.10/dist-packages/fixposition_driver_ros2-5.0.0-py3.10.egg-info/SOURCES.txt
[57.020s] -- Installing: /home/rhobtor/PHD/ARGOJ8_IA/install/fixposition_driver_ros2/local/lib/python3.10/dist-packages/fixposition_driver_ros2-5.0.0-py3.10.egg-info/PKG-INFO
[57.020s] -- Installing: /home/rhobtor/PHD/ARGOJ8_IA/install/fixposition_driver_ros2/local/lib/python3.10/dist-packages/fixposition_driver_ros2-5.0.0-py3.10.egg-info/dependency_links.txt
[57.020s] -- Installing: /home/rhobtor/PHD/ARGOJ8_IA/install/fixposition_driver_ros2/local/lib/python3.10/dist-packages/fixposition_driver_ros2
[57.020s] -- Installing: /home/rhobtor/PHD/ARGOJ8_IA/install/fixposition_driver_ros2/local/lib/python3.10/dist-packages/fixposition_driver_ros2/fixposition_driver_ros2_s__rosidl_typesupport_fastrtps_c.cpython-310-x86_64-linux-gnu.so
[57.020s] -- Installing: /home/rhobtor/PHD/ARGOJ8_IA/install/fixposition_driver_ros2/local/lib/python3.10/dist-packages/fixposition_driver_ros2/_fixposition_driver_ros2_s.ep.rosidl_typesupport_fastrtps_c.c
[57.020s] -- Installing: /home/rhobtor/PHD/ARGOJ8_IA/install/fixposition_driver_ros2/local/lib/python3.10/dist-packages/fixposition_driver_ros2/_fixposition_driver_ros2_s.ep.rosidl_typesupport_c.c
[57.021s] -- Installing: /home/rhobtor/PHD/ARGOJ8_IA/install/fixposition_driver_ros2/local/lib/python3.10/dist-packages/fixposition_driver_ros2/fixposition_driver_ros2_s__rosidl_typesupport_c.cpython-310-x86_64-linux-gnu.so
[57.021s] -- Installing: /home/rhobtor/PHD/ARGOJ8_IA/install/fixposition_driver_ros2/local/lib/python3.10/dist-packages/fixposition_driver_ros2/__init__.py
[57.021s] -- Installing: /home/rhobtor/PHD/ARGOJ8_IA/install/fixposition_driver_ros2/local/lib/python3.10/dist-packages/fixposition_driver_ros2/libfixposition_driver_ros2__rosidl_generator_py.so
[57.021s] -- Installing: /home/rhobtor/PHD/ARGOJ8_IA/install/fixposition_driver_ros2/local/lib/python3.10/dist-packages/fixposition_driver_ros2/fixposition_driver_ros2_s__rosidl_typesupport_introspection_c.cpython-310-x86_64-linux-gnu.so
[57.021s] -- Installing: /home/rhobtor/PHD/ARGOJ8_IA/install/fixposition_driver_ros2/local/lib/python3.10/dist-packages/fixposition_driver_ros2/_fixposition_driver_ros2_s.ep.rosidl_typesupport_introspection_c.c
[57.021s] -- Installing: /home/rhobtor/PHD/ARGOJ8_IA/install/fixposition_driver_ros2/local/lib/python3.10/dist-packages/fixposition_driver_ros2/msg
[57.021s] -- Installing: /home/rhobtor/PHD/ARGOJ8_IA/install/fixposition_driver_ros2/local/lib/python3.10/dist-packages/fixposition_driver_ros2/msg/_speed.py
[57.021s] -- Installing: /home/rhobtor/PHD/ARGOJ8_IA/install/fixposition_driver_ros2/local/lib/python3.10/dist-packages/fixposition_driver_ros2/msg/_vrtk.py
[57.021s] -- Installing: /home/rhobtor/PHD/ARGOJ8_IA/install/fixposition_driver_ros2/local/lib/python3.10/dist-packages/fixposition_driver_ros2/msg/__init__.py
[57.021s] -- Installing: /home/rhobtor/PHD/ARGOJ8_IA/install/fixposition_driver_ros2/local/lib/python3.10/dist-packages/fixposition_driver_ros2/msg/_vrtk_s.c
[57.022s] -- Installing: /home/rhobtor/PHD/ARGOJ8_IA/install/fixposition_driver_ros2/local/lib/python3.10/dist-packages/fixposition_driver_ros2/msg/_speed_s.c
[57.058s] Listing '/home/rhobtor/PHD/ARGOJ8_IA/install/fixposition_driver_ros2/local/lib/python3.10/dist-packages/fixposition_driver_ros2'...
[57.059s] Compiling '/home/rhobtor/PHD/ARGOJ8_IA/install/fixposition_driver_ros2/local/lib/python3.10/dist-packages/fixposition_driver_ros2/__init__.py'...
[57.059s] Listing '/home/rhobtor/PHD/ARGOJ8_IA/install/fixposition_driver_ros2/local/lib/python3.10/dist-packages/fixposition_driver_ros2/msg'...
[57.059s] Compiling '/home/rhobtor/PHD/ARGOJ8_IA/install/fixposition_driver_ros2/local/lib/python3.10/dist-packages/fixposition_driver_ros2/msg/__init__.py'...
[57.059s] Compiling '/home/rhobtor/PHD/ARGOJ8_IA/install/fixposition_driver_ros2/local/lib/python3.10/dist-packages/fixposition_driver_ros2/msg/_speed.py'...
[57.059s] Compiling '/home/rhobtor/PHD/ARGOJ8_IA/install/fixposition_driver_ros2/local/lib/python3.10/dist-packages/fixposition_driver_ros2/msg/_vrtk.py'...
[57.064s] -- Installing: /home/rhobtor/PHD/ARGOJ8_IA/install/fixposition_driver_ros2/local/lib/python3.10/dist-packages/fixposition_driver_ros2/fixposition_driver_ros2_s__rosidl_typesupport_fastrtps_c.cpython-310-x86_64-linux-gnu.so
[57.064s] -- Set non-toolchain portion of runtime path of "/home/rhobtor/PHD/ARGOJ8_IA/install/fixposition_driver_ros2/local/lib/python3.10/dist-packages/fixposition_driver_ros2/fixposition_driver_ros2_s__rosidl_typesupport_fastrtps_c.cpython-310-x86_64-linux-gnu.so" to ""
[57.064s] -- Installing: /home/rhobtor/PHD/ARGOJ8_IA/install/fixposition_driver_ros2/local/lib/python3.10/dist-packages/fixposition_driver_ros2/fixposition_driver_ros2_s__rosidl_typesupport_introspection_c.cpython-310-x86_64-linux-gnu.so
[57.064s] -- Set non-toolchain portion of runtime path of "/home/rhobtor/PHD/ARGOJ8_IA/install/fixposition_driver_ros2/local/lib/python3.10/dist-packages/fixposition_driver_ros2/fixposition_driver_ros2_s__rosidl_typesupport_introspection_c.cpython-310-x86_64-linux-gnu.so" to ""
[57.064s] -- Installing: /home/rhobtor/PHD/ARGOJ8_IA/install/fixposition_driver_ros2/local/lib/python3.10/dist-packages/fixposition_driver_ros2/fixposition_driver_ros2_s__rosidl_typesupport_c.cpython-310-x86_64-linux-gnu.so
[57.064s] -- Set non-toolchain portion of runtime path of "/home/rhobtor/PHD/ARGOJ8_IA/install/fixposition_driver_ros2/local/lib/python3.10/dist-packages/fixposition_driver_ros2/fixposition_driver_ros2_s__rosidl_typesupport_c.cpython-310-x86_64-linux-gnu.so" to ""
[57.065s] -- Installing: /home/rhobtor/PHD/ARGOJ8_IA/install/fixposition_driver_ros2/lib/libfixposition_driver_ros2__rosidl_generator_py.so
[57.065s] -- Set non-toolchain portion of runtime path of "/home/rhobtor/PHD/ARGOJ8_IA/install/fixposition_driver_ros2/lib/libfixposition_driver_ros2__rosidl_generator_py.so" to ""
[57.065s] -- Installing: /home/rhobtor/PHD/ARGOJ8_IA/install/fixposition_driver_ros2/share/fixposition_driver_ros2/msg/VRTK.idl
[57.065s] -- Installing: /home/rhobtor/PHD/ARGOJ8_IA/install/fixposition_driver_ros2/share/fixposition_driver_ros2/msg/Speed.idl
[57.065s] -- Installing: /home/rhobtor/PHD/ARGOJ8_IA/install/fixposition_driver_ros2/share/fixposition_driver_ros2/msg/VRTK.msg
[57.065s] -- Installing: /home/rhobtor/PHD/ARGOJ8_IA/install/fixposition_driver_ros2/share/fixposition_driver_ros2/msg/Speed.msg
[57.065s] -- Up-to-date: /home/rhobtor/PHD/ARGOJ8_IA/install/fixposition_driver_ros2/.
[57.066s] -- Installing: /home/rhobtor/PHD/ARGOJ8_IA/install/fixposition_driver_ros2/./fixposition_driver_ros2
[57.066s] -- Installing: /home/rhobtor/PHD/ARGOJ8_IA/install/fixposition_driver_ros2/./fixposition_driver_ros2/params.hpp
[57.066s] -- Installing: /home/rhobtor/PHD/ARGOJ8_IA/install/fixposition_driver_ros2/./fixposition_driver_ros2/data_to_ros2.hpp
[57.066s] -- Installing: /home/rhobtor/PHD/ARGOJ8_IA/install/fixposition_driver_ros2/./fixposition_driver_ros2/fixposition_driver_node.hpp
[57.066s] -- Installing: /home/rhobtor/PHD/ARGOJ8_IA/install/fixposition_driver_ros2/lib/fixposition_driver_ros2/fixposition_driver_ros2_exec
[57.067s] -- Set non-toolchain portion of runtime path of "/home/rhobtor/PHD/ARGOJ8_IA/install/fixposition_driver_ros2/lib/fixposition_driver_ros2/fixposition_driver_ros2_exec" to ""
[57.067s] -- Installing: /home/rhobtor/PHD/ARGOJ8_IA/install/fixposition_driver_ros2/share/fixposition_driver_ros2//launch
[57.067s] -- Installing: /home/rhobtor/PHD/ARGOJ8_IA/install/fixposition_driver_ros2/share/fixposition_driver_ros2//launch/tcp.launch
[57.067s] -- Installing: /home/rhobtor/PHD/ARGOJ8_IA/install/fixposition_driver_ros2/share/fixposition_driver_ros2//launch/tcp.yaml
[57.067s] -- Installing: /home/rhobtor/PHD/ARGOJ8_IA/install/fixposition_driver_ros2/share/fixposition_driver_ros2//launch/serial.launch
[57.067s] -- Installing: /home/rhobtor/PHD/ARGOJ8_IA/install/fixposition_driver_ros2/share/fixposition_driver_ros2//launch/serial.yaml
[57.067s] -- Installing: /home/rhobtor/PHD/ARGOJ8_IA/install/fixposition_driver_ros2/share/ament_index/resource_index/package_run_dependencies/fixposition_driver_ros2
[57.067s] -- Installing: /home/rhobtor/PHD/ARGOJ8_IA/install/fixposition_driver_ros2/share/ament_index/resource_index/parent_prefix_path/fixposition_driver_ros2
[57.067s] -- Installing: /home/rhobtor/PHD/ARGOJ8_IA/install/fixposition_driver_ros2/share/fixposition_driver_ros2/environment/ament_prefix_path.sh
[57.068s] -- Installing: /home/rhobtor/PHD/ARGOJ8_IA/install/fixposition_driver_ros2/share/fixposition_driver_ros2/environment/ament_prefix_path.dsv
[57.068s] -- Installing: /home/rhobtor/PHD/ARGOJ8_IA/install/fixposition_driver_ros2/share/fixposition_driver_ros2/environment/path.sh
[57.068s] -- Installing: /home/rhobtor/PHD/ARGOJ8_IA/install/fixposition_driver_ros2/share/fixposition_driver_ros2/environment/path.dsv
[57.068s] -- Installing: /home/rhobtor/PHD/ARGOJ8_IA/install/fixposition_driver_ros2/share/fixposition_driver_ros2/local_setup.bash
[57.068s] -- Installing: /home/rhobtor/PHD/ARGOJ8_IA/install/fixposition_driver_ros2/share/fixposition_driver_ros2/local_setup.sh
[57.068s] -- Installing: /home/rhobtor/PHD/ARGOJ8_IA/install/fixposition_driver_ros2/share/fixposition_driver_ros2/local_setup.zsh
[57.068s] -- Installing: /home/rhobtor/PHD/ARGOJ8_IA/install/fixposition_driver_ros2/share/fixposition_driver_ros2/local_setup.dsv
[57.068s] -- Installing: /home/rhobtor/PHD/ARGOJ8_IA/install/fixposition_driver_ros2/share/fixposition_driver_ros2/package.dsv
[57.069s] -- Installing: /home/rhobtor/PHD/ARGOJ8_IA/install/fixposition_driver_ros2/share/ament_index/resource_index/packages/fixposition_driver_ros2
[57.069s] -- Installing: /home/rhobtor/PHD/ARGOJ8_IA/install/fixposition_driver_ros2/share/fixposition_driver_ros2/cmake/export_fixposition_driver_ros2__rosidl_generator_cExport.cmake
[57.069s] -- Installing: /home/rhobtor/PHD/ARGOJ8_IA/install/fixposition_driver_ros2/share/fixposition_driver_ros2/cmake/export_fixposition_driver_ros2__rosidl_generator_cExport-release.cmake
[57.069s] -- Installing: /home/rhobtor/PHD/ARGOJ8_IA/install/fixposition_driver_ros2/share/fixposition_driver_ros2/cmake/export_fixposition_driver_ros2__rosidl_typesupport_fastrtps_cExport.cmake
[57.069s] -- Installing: /home/rhobtor/PHD/ARGOJ8_IA/install/fixposition_driver_ros2/share/fixposition_driver_ros2/cmake/export_fixposition_driver_ros2__rosidl_typesupport_fastrtps_cExport-release.cmake
[57.069s] -- Installing: /home/rhobtor/PHD/ARGOJ8_IA/install/fixposition_driver_ros2/share/fixposition_driver_ros2/cmake/export_fixposition_driver_ros2__rosidl_generator_cppExport.cmake
[57.069s] -- Installing: /home/rhobtor/PHD/ARGOJ8_IA/install/fixposition_driver_ros2/share/fixposition_driver_ros2/cmake/export_fixposition_driver_ros2__rosidl_typesupport_fastrtps_cppExport.cmake
[57.070s] -- Installing: /home/rhobtor/PHD/ARGOJ8_IA/install/fixposition_driver_ros2/share/fixposition_driver_ros2/cmake/export_fixposition_driver_ros2__rosidl_typesupport_fastrtps_cppExport-release.cmake
[57.070s] -- Installing: /home/rhobtor/PHD/ARGOJ8_IA/install/fixposition_driver_ros2/share/fixposition_driver_ros2/cmake/fixposition_driver_ros2__rosidl_typesupport_introspection_cExport.cmake
[57.070s] -- Installing: /home/rhobtor/PHD/ARGOJ8_IA/install/fixposition_driver_ros2/share/fixposition_driver_ros2/cmake/fixposition_driver_ros2__rosidl_typesupport_introspection_cExport-release.cmake
[57.070s] -- Installing: /home/rhobtor/PHD/ARGOJ8_IA/install/fixposition_driver_ros2/share/fixposition_driver_ros2/cmake/fixposition_driver_ros2__rosidl_typesupport_cExport.cmake
[57.070s] -- Installing: /home/rhobtor/PHD/ARGOJ8_IA/install/fixposition_driver_ros2/share/fixposition_driver_ros2/cmake/fixposition_driver_ros2__rosidl_typesupport_cExport-release.cmake
[57.070s] -- Installing: /home/rhobtor/PHD/ARGOJ8_IA/install/fixposition_driver_ros2/share/fixposition_driver_ros2/cmake/fixposition_driver_ros2__rosidl_typesupport_introspection_cppExport.cmake
[57.070s] -- Installing: /home/rhobtor/PHD/ARGOJ8_IA/install/fixposition_driver_ros2/share/fixposition_driver_ros2/cmake/fixposition_driver_ros2__rosidl_typesupport_introspection_cppExport-release.cmake
[57.070s] -- Installing: /home/rhobtor/PHD/ARGOJ8_IA/install/fixposition_driver_ros2/share/fixposition_driver_ros2/cmake/fixposition_driver_ros2__rosidl_typesupport_cppExport.cmake
[57.070s] -- Installing: /home/rhobtor/PHD/ARGOJ8_IA/install/fixposition_driver_ros2/share/fixposition_driver_ros2/cmake/fixposition_driver_ros2__rosidl_typesupport_cppExport-release.cmake
[57.071s] -- Installing: /home/rhobtor/PHD/ARGOJ8_IA/install/fixposition_driver_ros2/share/fixposition_driver_ros2/cmake/export_fixposition_driver_ros2__rosidl_generator_pyExport.cmake
[57.071s] -- Installing: /home/rhobtor/PHD/ARGOJ8_IA/install/fixposition_driver_ros2/share/fixposition_driver_ros2/cmake/export_fixposition_driver_ros2__rosidl_generator_pyExport-release.cmake
[57.071s] -- Installing: /home/rhobtor/PHD/ARGOJ8_IA/install/fixposition_driver_ros2/share/fixposition_driver_ros2/cmake/rosidl_cmake-extras.cmake
[57.071s] -- Installing: /home/rhobtor/PHD/ARGOJ8_IA/install/fixposition_driver_ros2/share/fixposition_driver_ros2/cmake/ament_cmake_export_dependencies-extras.cmake
[57.071s] -- Installing: /home/rhobtor/PHD/ARGOJ8_IA/install/fixposition_driver_ros2/share/fixposition_driver_ros2/cmake/ament_cmake_export_include_directories-extras.cmake
[57.071s] -- Installing: /home/rhobtor/PHD/ARGOJ8_IA/install/fixposition_driver_ros2/share/fixposition_driver_ros2/cmake/ament_cmake_export_libraries-extras.cmake
[57.071s] -- Installing: /home/rhobtor/PHD/ARGOJ8_IA/install/fixposition_driver_ros2/share/fixposition_driver_ros2/cmake/ament_cmake_export_targets-extras.cmake
[57.071s] -- Installing: /home/rhobtor/PHD/ARGOJ8_IA/install/fixposition_driver_ros2/share/fixposition_driver_ros2/cmake/rosidl_cmake_export_typesupport_targets-extras.cmake
[57.072s] -- Installing: /home/rhobtor/PHD/ARGOJ8_IA/install/fixposition_driver_ros2/share/fixposition_driver_ros2/cmake/rosidl_cmake_export_typesupport_libraries-extras.cmake
[57.072s] -- Installing: /home/rhobtor/PHD/ARGOJ8_IA/install/fixposition_driver_ros2/share/fixposition_driver_ros2/cmake/fixposition_driver_ros2Config.cmake
[57.072s] -- Installing: /home/rhobtor/PHD/ARGOJ8_IA/install/fixposition_driver_ros2/share/fixposition_driver_ros2/cmake/fixposition_driver_ros2Config-version.cmake
[57.072s] -- Installing: /home/rhobtor/PHD/ARGOJ8_IA/install/fixposition_driver_ros2/share/fixposition_driver_ros2/package.xml
[57.074s] Invoked command in '/home/rhobtor/PHD/ARGOJ8_IA/build/fixposition_driver_ros2' returned '0': CMAKE_PREFIX_PATH=/home/rhobtor/PHD/ARGOJ8_IA/install/fixposition_driver_lib:/home/rhobtor/PHD/ARGOJ8_IA/install/fixposition_gnss_tf:/home/rhobtor/PHD/reactive/Reactive-Navegation/workspace_full_conected/install/octomap_mapping:/home/rhobtor/PHD/reactive/Reactive-Navegation/workspace_full_conected/install/octomap_server:/home/rhobtor/PHD/reactive/Reactive-Navegation/workspace_full_conected/install/octomap_rviz_plugins:/home/rhobtor/PHD/reactive/Reactive-Navegation/workspace_full_conected/install/hector_gazebo_plugins:/home/rhobtor/PHD/reactive/Reactive-Navegation/workspace_full_conected/install/car_cpp:/home/rhobtor/PHD/reactive/Reactive-Navegation/workspace_full_conected/install/car_interfaces:/home/rhobtor/PHD/reactive/Reactive-Navegation/workspace_full_conected/install/car:/opt/ros/humble LD_LIBRARY_PATH=/home/rhobtor/PHD/ARGOJ8_IA/install/fixposition_driver_lib/lib:/home/rhobtor/PHD/ARGOJ8_IA/install/fixposition_gnss_tf/lib:${LD_LIBRARY_PATH} PKG_CONFIG_PATH=/home/rhobtor/PHD/ARGOJ8_IA/install/fixposition_driver_lib/lib/x86_64-linux-gnu/pkgconfig:/home/rhobtor/PHD/ARGOJ8_IA/install/fixposition_driver_lib/lib/pkgconfig:/home/rhobtor/PHD/ARGOJ8_IA/install/fixposition_gnss_tf/lib/x86_64-linux-gnu/pkgconfig:/home/rhobtor/PHD/ARGOJ8_IA/install/fixposition_gnss_tf/lib/pkgconfig /opt/st/stm32cubeclt_1.18.0/CMake/bin/cmake --install /home/rhobtor/PHD/ARGOJ8_IA/build/fixposition_driver_ros2
