[0.027s] Invoking command in '/home/rhobtor/PHD/ARGOJ8_IA/build/hector_gazebo_plugins': CMAKE_PREFIX_PATH=${CMAKE_PREFIX_PATH}:/home/rhobtor/PHD/ARGOJ8_IA/install/car:/home/rhobtor/PHD/reactive/Reactive-Navegation/workspace_full_conected/install/car:/opt/ros/humble /opt/st/stm32cubeclt_1.18.0/CMake/bin/cmake --build /home/rhobtor/PHD/ARGOJ8_IA/build/hector_gazebo_plugins -- -j16 -l16
[0.073s] [  2%] Built target hector_gazebo_plugins__cpp
[0.074s] [ 10%] Built target hector_gazebo_plugins__rosidl_generator_c
[0.093s] [ 10%] Built target ament_cmake_python_copy_hector_gazebo_plugins
[0.113s] [ 18%] Built target hector_gazebo_plugins__rosidl_typesupport_cpp
[0.113s] [ 26%] Built target hector_gazebo_plugins__rosidl_typesupport_fastrtps_cpp
[0.117s] [ 34%] Built target hector_gazebo_plugins__rosidl_typesupport_introspection_c
[0.117s] [ 38%] Built target hector_gazebo_reset_plugin
[0.118s] [ 46%] Built target hector_gazebo_plugins__rosidl_typesupport_c
[0.124s] [ 55%] Built target hector_gazebo_plugins__rosidl_typesupport_introspection_cpp
[0.125s] [ 59%] Built target hector_gazebo_ros_magnetic
[0.126s] [ 63%] Built target hector_gazebo_ros_sonar
[0.134s] [ 71%] Built target hector_gazebo_plugins__rosidl_typesupport_fastrtps_c
[0.155s] [ 71%] Built target hector_gazebo_plugins
[0.162s] [ 75%] Built target hector_gazebo_ros_imu
[0.165s] [ 79%] Built target hector_gazebo_ros_gps
[0.169s] [ 81%] Built target hector_gazebo_plugins__py
[0.190s] [ 87%] Built target hector_gazebo_plugins__rosidl_generator_py
[0.205s] [ 91%] Built target hector_gazebo_plugins__rosidl_typesupport_introspection_c__pyext
[0.207s] [ 95%] Built target hector_gazebo_plugins__rosidl_typesupport_fastrtps_c__pyext
[0.209s] [100%] Built target hector_gazebo_plugins__rosidl_typesupport_c__pyext
[0.441s] running egg_info
[0.442s] writing hector_gazebo_plugins.egg-info/PKG-INFO
[0.442s] writing dependency_links to hector_gazebo_plugins.egg-info/dependency_links.txt
[0.442s] writing top-level names to hector_gazebo_plugins.egg-info/top_level.txt
[0.446s] reading manifest file 'hector_gazebo_plugins.egg-info/SOURCES.txt'
[0.447s] writing manifest file 'hector_gazebo_plugins.egg-info/SOURCES.txt'
[0.472s] [100%] Built target ament_cmake_python_build_hector_gazebo_plugins_egg
[0.479s] Invoked command in '/home/rhobtor/PHD/ARGOJ8_IA/build/hector_gazebo_plugins' returned '0': CMAKE_PREFIX_PATH=${CMAKE_PREFIX_PATH}:/home/rhobtor/PHD/ARGOJ8_IA/install/car:/home/rhobtor/PHD/reactive/Reactive-Navegation/workspace_full_conected/install/car:/opt/ros/humble /opt/st/stm32cubeclt_1.18.0/CMake/bin/cmake --build /home/rhobtor/PHD/ARGOJ8_IA/build/hector_gazebo_plugins -- -j16 -l16
[0.481s] Invoking command in '/home/rhobtor/PHD/ARGOJ8_IA/build/hector_gazebo_plugins': CMAKE_PREFIX_PATH=${CMAKE_PREFIX_PATH}:/home/rhobtor/PHD/ARGOJ8_IA/install/car:/home/rhobtor/PHD/reactive/Reactive-Navegation/workspace_full_conected/install/car:/opt/ros/humble /opt/st/stm32cubeclt_1.18.0/CMake/bin/cmake --install /home/rhobtor/PHD/ARGOJ8_IA/build/hector_gazebo_plugins
[0.485s] -- Install configuration: ""
[0.485s] -- Up-to-date: /home/rhobtor/PHD/ARGOJ8_IA/install/hector_gazebo_plugins/share/ament_index/resource_index/rosidl_interfaces/hector_gazebo_plugins
[0.485s] -- Up-to-date: /home/rhobtor/PHD/ARGOJ8_IA/install/hector_gazebo_plugins/include/hector_gazebo_plugins/hector_gazebo_plugins
[0.485s] -- Up-to-date: /home/rhobtor/PHD/ARGOJ8_IA/install/hector_gazebo_plugins/include/hector_gazebo_plugins/hector_gazebo_plugins/srv
[0.486s] -- Up-to-date: /home/rhobtor/PHD/ARGOJ8_IA/install/hector_gazebo_plugins/include/hector_gazebo_plugins/hector_gazebo_plugins/srv/set_bias.h
[0.486s] -- Up-to-date: /home/rhobtor/PHD/ARGOJ8_IA/install/hector_gazebo_plugins/include/hector_gazebo_plugins/hector_gazebo_plugins/srv/set_reference_geo_pose.h
[0.486s] -- Up-to-date: /home/rhobtor/PHD/ARGOJ8_IA/install/hector_gazebo_plugins/include/hector_gazebo_plugins/hector_gazebo_plugins/srv/detail
[0.486s] -- Up-to-date: /home/rhobtor/PHD/ARGOJ8_IA/install/hector_gazebo_plugins/include/hector_gazebo_plugins/hector_gazebo_plugins/srv/detail/set_bias__struct.h
[0.486s] -- Up-to-date: /home/rhobtor/PHD/ARGOJ8_IA/install/hector_gazebo_plugins/include/hector_gazebo_plugins/hector_gazebo_plugins/srv/detail/set_reference_geo_pose__struct.h
[0.486s] -- Up-to-date: /home/rhobtor/PHD/ARGOJ8_IA/install/hector_gazebo_plugins/include/hector_gazebo_plugins/hector_gazebo_plugins/srv/detail/set_reference_geo_pose__type_support.h
[0.486s] -- Up-to-date: /home/rhobtor/PHD/ARGOJ8_IA/install/hector_gazebo_plugins/include/hector_gazebo_plugins/hector_gazebo_plugins/srv/detail/set_reference_geo_pose__functions.c
[0.486s] -- Up-to-date: /home/rhobtor/PHD/ARGOJ8_IA/install/hector_gazebo_plugins/include/hector_gazebo_plugins/hector_gazebo_plugins/srv/detail/set_bias__functions.c
[0.486s] -- Up-to-date: /home/rhobtor/PHD/ARGOJ8_IA/install/hector_gazebo_plugins/include/hector_gazebo_plugins/hector_gazebo_plugins/srv/detail/set_bias__functions.h
[0.486s] -- Up-to-date: /home/rhobtor/PHD/ARGOJ8_IA/install/hector_gazebo_plugins/include/hector_gazebo_plugins/hector_gazebo_plugins/srv/detail/set_bias__type_support.h
[0.486s] -- Up-to-date: /home/rhobtor/PHD/ARGOJ8_IA/install/hector_gazebo_plugins/include/hector_gazebo_plugins/hector_gazebo_plugins/srv/detail/set_reference_geo_pose__functions.h
[0.486s] -- Up-to-date: /home/rhobtor/PHD/ARGOJ8_IA/install/hector_gazebo_plugins/include/hector_gazebo_plugins/hector_gazebo_plugins/msg
[0.487s] -- Up-to-date: /home/rhobtor/PHD/ARGOJ8_IA/install/hector_gazebo_plugins/include/hector_gazebo_plugins/hector_gazebo_plugins/msg/rosidl_generator_c__visibility_control.h
[0.487s] -- Up-to-date: /home/rhobtor/PHD/ARGOJ8_IA/install/hector_gazebo_plugins/share/hector_gazebo_plugins/environment/library_path.sh
[0.487s] -- Up-to-date: /home/rhobtor/PHD/ARGOJ8_IA/install/hector_gazebo_plugins/share/hector_gazebo_plugins/environment/library_path.dsv
[0.487s] -- Up-to-date: /home/rhobtor/PHD/ARGOJ8_IA/install/hector_gazebo_plugins/lib/libhector_gazebo_plugins__rosidl_generator_c.so
[0.487s] -- Up-to-date: /home/rhobtor/PHD/ARGOJ8_IA/install/hector_gazebo_plugins/include/hector_gazebo_plugins/hector_gazebo_plugins
[0.487s] -- Up-to-date: /home/rhobtor/PHD/ARGOJ8_IA/install/hector_gazebo_plugins/include/hector_gazebo_plugins/hector_gazebo_plugins/srv
[0.487s] -- Up-to-date: /home/rhobtor/PHD/ARGOJ8_IA/install/hector_gazebo_plugins/include/hector_gazebo_plugins/hector_gazebo_plugins/srv/detail
[0.487s] -- Up-to-date: /home/rhobtor/PHD/ARGOJ8_IA/install/hector_gazebo_plugins/include/hector_gazebo_plugins/hector_gazebo_plugins/srv/detail/set_reference_geo_pose__rosidl_typesupport_fastrtps_c.h
[0.487s] -- Up-to-date: /home/rhobtor/PHD/ARGOJ8_IA/install/hector_gazebo_plugins/include/hector_gazebo_plugins/hector_gazebo_plugins/srv/detail/set_bias__rosidl_typesupport_fastrtps_c.h
[0.487s] -- Up-to-date: /home/rhobtor/PHD/ARGOJ8_IA/install/hector_gazebo_plugins/include/hector_gazebo_plugins/hector_gazebo_plugins/msg
[0.487s] -- Up-to-date: /home/rhobtor/PHD/ARGOJ8_IA/install/hector_gazebo_plugins/include/hector_gazebo_plugins/hector_gazebo_plugins/msg/rosidl_typesupport_fastrtps_c__visibility_control.h
[0.487s] -- Up-to-date: /home/rhobtor/PHD/ARGOJ8_IA/install/hector_gazebo_plugins/lib/libhector_gazebo_plugins__rosidl_typesupport_fastrtps_c.so
[0.488s] -- Up-to-date: /home/rhobtor/PHD/ARGOJ8_IA/install/hector_gazebo_plugins/include/hector_gazebo_plugins/hector_gazebo_plugins
[0.488s] -- Up-to-date: /home/rhobtor/PHD/ARGOJ8_IA/install/hector_gazebo_plugins/include/hector_gazebo_plugins/hector_gazebo_plugins/srv
[0.488s] -- Up-to-date: /home/rhobtor/PHD/ARGOJ8_IA/install/hector_gazebo_plugins/include/hector_gazebo_plugins/hector_gazebo_plugins/srv/detail
[0.488s] -- Up-to-date: /home/rhobtor/PHD/ARGOJ8_IA/install/hector_gazebo_plugins/include/hector_gazebo_plugins/hector_gazebo_plugins/srv/detail/set_bias__traits.hpp
[0.488s] -- Up-to-date: /home/rhobtor/PHD/ARGOJ8_IA/install/hector_gazebo_plugins/include/hector_gazebo_plugins/hector_gazebo_plugins/srv/detail/set_reference_geo_pose__traits.hpp
[0.488s] -- Up-to-date: /home/rhobtor/PHD/ARGOJ8_IA/install/hector_gazebo_plugins/include/hector_gazebo_plugins/hector_gazebo_plugins/srv/detail/set_bias__type_support.hpp
[0.488s] -- Up-to-date: /home/rhobtor/PHD/ARGOJ8_IA/install/hector_gazebo_plugins/include/hector_gazebo_plugins/hector_gazebo_plugins/srv/detail/set_reference_geo_pose__builder.hpp
[0.488s] -- Up-to-date: /home/rhobtor/PHD/ARGOJ8_IA/install/hector_gazebo_plugins/include/hector_gazebo_plugins/hector_gazebo_plugins/srv/detail/set_reference_geo_pose__type_support.hpp
[0.488s] -- Up-to-date: /home/rhobtor/PHD/ARGOJ8_IA/install/hector_gazebo_plugins/include/hector_gazebo_plugins/hector_gazebo_plugins/srv/detail/set_reference_geo_pose__struct.hpp
[0.488s] -- Up-to-date: /home/rhobtor/PHD/ARGOJ8_IA/install/hector_gazebo_plugins/include/hector_gazebo_plugins/hector_gazebo_plugins/srv/detail/set_bias__struct.hpp
[0.488s] -- Up-to-date: /home/rhobtor/PHD/ARGOJ8_IA/install/hector_gazebo_plugins/include/hector_gazebo_plugins/hector_gazebo_plugins/srv/detail/set_bias__builder.hpp
[0.488s] -- Up-to-date: /home/rhobtor/PHD/ARGOJ8_IA/install/hector_gazebo_plugins/include/hector_gazebo_plugins/hector_gazebo_plugins/srv/set_bias.hpp
[0.488s] -- Up-to-date: /home/rhobtor/PHD/ARGOJ8_IA/install/hector_gazebo_plugins/include/hector_gazebo_plugins/hector_gazebo_plugins/srv/set_reference_geo_pose.hpp
[0.488s] -- Up-to-date: /home/rhobtor/PHD/ARGOJ8_IA/install/hector_gazebo_plugins/include/hector_gazebo_plugins/hector_gazebo_plugins/msg
[0.488s] -- Up-to-date: /home/rhobtor/PHD/ARGOJ8_IA/install/hector_gazebo_plugins/include/hector_gazebo_plugins/hector_gazebo_plugins/msg/rosidl_generator_cpp__visibility_control.hpp
[0.488s] -- Up-to-date: /home/rhobtor/PHD/ARGOJ8_IA/install/hector_gazebo_plugins/include/hector_gazebo_plugins/hector_gazebo_plugins
[0.488s] -- Up-to-date: /home/rhobtor/PHD/ARGOJ8_IA/install/hector_gazebo_plugins/include/hector_gazebo_plugins/hector_gazebo_plugins/srv
[0.489s] -- Up-to-date: /home/rhobtor/PHD/ARGOJ8_IA/install/hector_gazebo_plugins/include/hector_gazebo_plugins/hector_gazebo_plugins/srv/detail
[0.489s] -- Up-to-date: /home/rhobtor/PHD/ARGOJ8_IA/install/hector_gazebo_plugins/include/hector_gazebo_plugins/hector_gazebo_plugins/srv/detail/set_bias__rosidl_typesupport_fastrtps_cpp.hpp
[0.489s] -- Up-to-date: /home/rhobtor/PHD/ARGOJ8_IA/install/hector_gazebo_plugins/include/hector_gazebo_plugins/hector_gazebo_plugins/srv/detail/dds_fastrtps
[0.489s] -- Up-to-date: /home/rhobtor/PHD/ARGOJ8_IA/install/hector_gazebo_plugins/include/hector_gazebo_plugins/hector_gazebo_plugins/srv/detail/set_reference_geo_pose__rosidl_typesupport_fastrtps_cpp.hpp
[0.489s] -- Up-to-date: /home/rhobtor/PHD/ARGOJ8_IA/install/hector_gazebo_plugins/include/hector_gazebo_plugins/hector_gazebo_plugins/msg
[0.489s] -- Up-to-date: /home/rhobtor/PHD/ARGOJ8_IA/install/hector_gazebo_plugins/include/hector_gazebo_plugins/hector_gazebo_plugins/msg/rosidl_typesupport_fastrtps_cpp__visibility_control.h
[0.489s] -- Up-to-date: /home/rhobtor/PHD/ARGOJ8_IA/install/hector_gazebo_plugins/lib/libhector_gazebo_plugins__rosidl_typesupport_fastrtps_cpp.so
[0.489s] -- Up-to-date: /home/rhobtor/PHD/ARGOJ8_IA/install/hector_gazebo_plugins/include/hector_gazebo_plugins/hector_gazebo_plugins
[0.489s] -- Up-to-date: /home/rhobtor/PHD/ARGOJ8_IA/install/hector_gazebo_plugins/include/hector_gazebo_plugins/hector_gazebo_plugins/srv
[0.489s] -- Up-to-date: /home/rhobtor/PHD/ARGOJ8_IA/install/hector_gazebo_plugins/include/hector_gazebo_plugins/hector_gazebo_plugins/srv/detail
[0.489s] -- Up-to-date: /home/rhobtor/PHD/ARGOJ8_IA/install/hector_gazebo_plugins/include/hector_gazebo_plugins/hector_gazebo_plugins/srv/detail/set_reference_geo_pose__type_support.c
[0.489s] -- Up-to-date: /home/rhobtor/PHD/ARGOJ8_IA/install/hector_gazebo_plugins/include/hector_gazebo_plugins/hector_gazebo_plugins/srv/detail/set_bias__type_support.c
[0.489s] -- Up-to-date: /home/rhobtor/PHD/ARGOJ8_IA/install/hector_gazebo_plugins/include/hector_gazebo_plugins/hector_gazebo_plugins/srv/detail/set_bias__rosidl_typesupport_introspection_c.h
[0.489s] -- Up-to-date: /home/rhobtor/PHD/ARGOJ8_IA/install/hector_gazebo_plugins/include/hector_gazebo_plugins/hector_gazebo_plugins/srv/detail/set_reference_geo_pose__rosidl_typesupport_introspection_c.h
[0.490s] -- Up-to-date: /home/rhobtor/PHD/ARGOJ8_IA/install/hector_gazebo_plugins/include/hector_gazebo_plugins/hector_gazebo_plugins/msg
[0.490s] -- Up-to-date: /home/rhobtor/PHD/ARGOJ8_IA/install/hector_gazebo_plugins/include/hector_gazebo_plugins/hector_gazebo_plugins/msg/rosidl_typesupport_introspection_c__visibility_control.h
[0.490s] -- Up-to-date: /home/rhobtor/PHD/ARGOJ8_IA/install/hector_gazebo_plugins/lib/libhector_gazebo_plugins__rosidl_typesupport_introspection_c.so
[0.490s] -- Up-to-date: /home/rhobtor/PHD/ARGOJ8_IA/install/hector_gazebo_plugins/lib/libhector_gazebo_plugins__rosidl_typesupport_c.so
[0.490s] -- Up-to-date: /home/rhobtor/PHD/ARGOJ8_IA/install/hector_gazebo_plugins/include/hector_gazebo_plugins/hector_gazebo_plugins
[0.490s] -- Up-to-date: /home/rhobtor/PHD/ARGOJ8_IA/install/hector_gazebo_plugins/include/hector_gazebo_plugins/hector_gazebo_plugins/srv
[0.490s] -- Up-to-date: /home/rhobtor/PHD/ARGOJ8_IA/install/hector_gazebo_plugins/include/hector_gazebo_plugins/hector_gazebo_plugins/srv/detail
[0.490s] -- Up-to-date: /home/rhobtor/PHD/ARGOJ8_IA/install/hector_gazebo_plugins/include/hector_gazebo_plugins/hector_gazebo_plugins/srv/detail/set_reference_geo_pose__rosidl_typesupport_introspection_cpp.hpp
[0.490s] -- Up-to-date: /home/rhobtor/PHD/ARGOJ8_IA/install/hector_gazebo_plugins/include/hector_gazebo_plugins/hector_gazebo_plugins/srv/detail/set_bias__rosidl_typesupport_introspection_cpp.hpp
[0.490s] -- Up-to-date: /home/rhobtor/PHD/ARGOJ8_IA/install/hector_gazebo_plugins/include/hector_gazebo_plugins/hector_gazebo_plugins/srv/detail/set_reference_geo_pose__type_support.cpp
[0.490s] -- Up-to-date: /home/rhobtor/PHD/ARGOJ8_IA/install/hector_gazebo_plugins/include/hector_gazebo_plugins/hector_gazebo_plugins/srv/detail/set_bias__type_support.cpp
[0.490s] -- Up-to-date: /home/rhobtor/PHD/ARGOJ8_IA/install/hector_gazebo_plugins/lib/libhector_gazebo_plugins__rosidl_typesupport_introspection_cpp.so
[0.490s] -- Up-to-date: /home/rhobtor/PHD/ARGOJ8_IA/install/hector_gazebo_plugins/lib/libhector_gazebo_plugins__rosidl_typesupport_cpp.so
[0.490s] -- Up-to-date: /home/rhobtor/PHD/ARGOJ8_IA/install/hector_gazebo_plugins/share/hector_gazebo_plugins/environment/pythonpath.sh
[0.490s] -- Up-to-date: /home/rhobtor/PHD/ARGOJ8_IA/install/hector_gazebo_plugins/share/hector_gazebo_plugins/environment/pythonpath.dsv
[0.490s] -- Up-to-date: /home/rhobtor/PHD/ARGOJ8_IA/install/hector_gazebo_plugins/local/lib/python3.10/dist-packages/hector_gazebo_plugins-0.5.4-py3.10.egg-info
[0.491s] -- Installing: /home/rhobtor/PHD/ARGOJ8_IA/install/hector_gazebo_plugins/local/lib/python3.10/dist-packages/hector_gazebo_plugins-0.5.4-py3.10.egg-info/top_level.txt
[0.491s] -- Installing: /home/rhobtor/PHD/ARGOJ8_IA/install/hector_gazebo_plugins/local/lib/python3.10/dist-packages/hector_gazebo_plugins-0.5.4-py3.10.egg-info/SOURCES.txt
[0.491s] -- Installing: /home/rhobtor/PHD/ARGOJ8_IA/install/hector_gazebo_plugins/local/lib/python3.10/dist-packages/hector_gazebo_plugins-0.5.4-py3.10.egg-info/PKG-INFO
[0.491s] -- Installing: /home/rhobtor/PHD/ARGOJ8_IA/install/hector_gazebo_plugins/local/lib/python3.10/dist-packages/hector_gazebo_plugins-0.5.4-py3.10.egg-info/dependency_links.txt
[0.491s] -- Up-to-date: /home/rhobtor/PHD/ARGOJ8_IA/install/hector_gazebo_plugins/local/lib/python3.10/dist-packages/hector_gazebo_plugins
[0.491s] -- Up-to-date: /home/rhobtor/PHD/ARGOJ8_IA/install/hector_gazebo_plugins/local/lib/python3.10/dist-packages/hector_gazebo_plugins/srv
[0.491s] -- Up-to-date: /home/rhobtor/PHD/ARGOJ8_IA/install/hector_gazebo_plugins/local/lib/python3.10/dist-packages/hector_gazebo_plugins/srv/_set_reference_geo_pose.py
[0.491s] -- Up-to-date: /home/rhobtor/PHD/ARGOJ8_IA/install/hector_gazebo_plugins/local/lib/python3.10/dist-packages/hector_gazebo_plugins/srv/_set_bias_s.c
[0.491s] -- Up-to-date: /home/rhobtor/PHD/ARGOJ8_IA/install/hector_gazebo_plugins/local/lib/python3.10/dist-packages/hector_gazebo_plugins/srv/_set_bias.py
[0.491s] -- Up-to-date: /home/rhobtor/PHD/ARGOJ8_IA/install/hector_gazebo_plugins/local/lib/python3.10/dist-packages/hector_gazebo_plugins/srv/__init__.py
[0.491s] -- Up-to-date: /home/rhobtor/PHD/ARGOJ8_IA/install/hector_gazebo_plugins/local/lib/python3.10/dist-packages/hector_gazebo_plugins/srv/_set_reference_geo_pose_s.c
[0.491s] -- Up-to-date: /home/rhobtor/PHD/ARGOJ8_IA/install/hector_gazebo_plugins/local/lib/python3.10/dist-packages/hector_gazebo_plugins/hector_gazebo_plugins_s__rosidl_typesupport_introspection_c.cpython-310-x86_64-linux-gnu.so
[0.492s] -- Up-to-date: /home/rhobtor/PHD/ARGOJ8_IA/install/hector_gazebo_plugins/local/lib/python3.10/dist-packages/hector_gazebo_plugins/hector_gazebo_plugins_s__rosidl_typesupport_c.cpython-310-x86_64-linux-gnu.so
[0.492s] -- Up-to-date: /home/rhobtor/PHD/ARGOJ8_IA/install/hector_gazebo_plugins/local/lib/python3.10/dist-packages/hector_gazebo_plugins/_hector_gazebo_plugins_s.ep.rosidl_typesupport_fastrtps_c.c
[0.492s] -- Up-to-date: /home/rhobtor/PHD/ARGOJ8_IA/install/hector_gazebo_plugins/local/lib/python3.10/dist-packages/hector_gazebo_plugins/_hector_gazebo_plugins_s.ep.rosidl_typesupport_c.c
[0.492s] -- Up-to-date: /home/rhobtor/PHD/ARGOJ8_IA/install/hector_gazebo_plugins/local/lib/python3.10/dist-packages/hector_gazebo_plugins/_hector_gazebo_plugins_s.ep.rosidl_typesupport_introspection_c.c
[0.492s] -- Up-to-date: /home/rhobtor/PHD/ARGOJ8_IA/install/hector_gazebo_plugins/local/lib/python3.10/dist-packages/hector_gazebo_plugins/__init__.py
[0.492s] -- Up-to-date: /home/rhobtor/PHD/ARGOJ8_IA/install/hector_gazebo_plugins/local/lib/python3.10/dist-packages/hector_gazebo_plugins/libhector_gazebo_plugins__rosidl_generator_py.so
[0.492s] -- Up-to-date: /home/rhobtor/PHD/ARGOJ8_IA/install/hector_gazebo_plugins/local/lib/python3.10/dist-packages/hector_gazebo_plugins/hector_gazebo_plugins_s__rosidl_typesupport_fastrtps_c.cpython-310-x86_64-linux-gnu.so
[0.533s] Listing '/home/rhobtor/PHD/ARGOJ8_IA/install/hector_gazebo_plugins/local/lib/python3.10/dist-packages/hector_gazebo_plugins'...
[0.533s] Listing '/home/rhobtor/PHD/ARGOJ8_IA/install/hector_gazebo_plugins/local/lib/python3.10/dist-packages/hector_gazebo_plugins/srv'...
[0.539s] -- Up-to-date: /home/rhobtor/PHD/ARGOJ8_IA/install/hector_gazebo_plugins/local/lib/python3.10/dist-packages/hector_gazebo_plugins/hector_gazebo_plugins_s__rosidl_typesupport_fastrtps_c.cpython-310-x86_64-linux-gnu.so
[0.540s] -- Up-to-date: /home/rhobtor/PHD/ARGOJ8_IA/install/hector_gazebo_plugins/local/lib/python3.10/dist-packages/hector_gazebo_plugins/hector_gazebo_plugins_s__rosidl_typesupport_introspection_c.cpython-310-x86_64-linux-gnu.so
[0.540s] -- Up-to-date: /home/rhobtor/PHD/ARGOJ8_IA/install/hector_gazebo_plugins/local/lib/python3.10/dist-packages/hector_gazebo_plugins/hector_gazebo_plugins_s__rosidl_typesupport_c.cpython-310-x86_64-linux-gnu.so
[0.540s] -- Up-to-date: /home/rhobtor/PHD/ARGOJ8_IA/install/hector_gazebo_plugins/lib/libhector_gazebo_plugins__rosidl_generator_py.so
[0.540s] -- Up-to-date: /home/rhobtor/PHD/ARGOJ8_IA/install/hector_gazebo_plugins/share/hector_gazebo_plugins/srv/SetBias.idl
[0.540s] -- Up-to-date: /home/rhobtor/PHD/ARGOJ8_IA/install/hector_gazebo_plugins/share/hector_gazebo_plugins/srv/SetReferenceGeoPose.idl
[0.540s] -- Up-to-date: /home/rhobtor/PHD/ARGOJ8_IA/install/hector_gazebo_plugins/share/hector_gazebo_plugins/srv/SetBias.srv
[0.540s] -- Up-to-date: /home/rhobtor/PHD/ARGOJ8_IA/install/hector_gazebo_plugins/share/hector_gazebo_plugins/srv/SetBias_Request.msg
[0.540s] -- Up-to-date: /home/rhobtor/PHD/ARGOJ8_IA/install/hector_gazebo_plugins/share/hector_gazebo_plugins/srv/SetBias_Response.msg
[0.540s] -- Up-to-date: /home/rhobtor/PHD/ARGOJ8_IA/install/hector_gazebo_plugins/share/hector_gazebo_plugins/srv/SetReferenceGeoPose.srv
[0.540s] -- Up-to-date: /home/rhobtor/PHD/ARGOJ8_IA/install/hector_gazebo_plugins/share/hector_gazebo_plugins/srv/SetReferenceGeoPose_Request.msg
[0.540s] -- Up-to-date: /home/rhobtor/PHD/ARGOJ8_IA/install/hector_gazebo_plugins/share/hector_gazebo_plugins/srv/SetReferenceGeoPose_Response.msg
[0.540s] -- Up-to-date: /home/rhobtor/PHD/ARGOJ8_IA/install/hector_gazebo_plugins/include
[0.540s] -- Up-to-date: /home/rhobtor/PHD/ARGOJ8_IA/install/hector_gazebo_plugins/include/update_timer.h
[0.540s] -- Up-to-date: /home/rhobtor/PHD/ARGOJ8_IA/install/hector_gazebo_plugins/include/gazebo_ros_imu.h
[0.541s] -- Up-to-date: /home/rhobtor/PHD/ARGOJ8_IA/install/hector_gazebo_plugins/include/sensor_model.h
[0.541s] -- Up-to-date: /home/rhobtor/PHD/ARGOJ8_IA/install/hector_gazebo_plugins/include/gazebo_ros_magnetic.h
[0.541s] -- Up-to-date: /home/rhobtor/PHD/ARGOJ8_IA/install/hector_gazebo_plugins/include/gnss_config.h
[0.541s] -- Up-to-date: /home/rhobtor/PHD/ARGOJ8_IA/install/hector_gazebo_plugins/include/diffdrive_plugin_multi_wheel.h
[0.541s] -- Up-to-date: /home/rhobtor/PHD/ARGOJ8_IA/install/hector_gazebo_plugins/include/reset_plugin.h
[0.541s] -- Up-to-date: /home/rhobtor/PHD/ARGOJ8_IA/install/hector_gazebo_plugins/include/servo_plugin.h
[0.541s] -- Up-to-date: /home/rhobtor/PHD/ARGOJ8_IA/install/hector_gazebo_plugins/include/gazebo_ros_gps.h
[0.541s] -- Up-to-date: /home/rhobtor/PHD/ARGOJ8_IA/install/hector_gazebo_plugins/include/gazebo_ros_force_based_move.h
[0.542s] -- Up-to-date: /home/rhobtor/PHD/ARGOJ8_IA/install/hector_gazebo_plugins/include/diffdrive_plugin_6w.h
[0.542s] -- Up-to-date: /home/rhobtor/PHD/ARGOJ8_IA/install/hector_gazebo_plugins/include/gazebo_ros_sonar.h
[0.543s] -- Up-to-date: /home/rhobtor/PHD/ARGOJ8_IA/install/hector_gazebo_plugins/lib/libhector_gazebo_reset_plugin.so
[0.544s] -- Up-to-date: /home/rhobtor/PHD/ARGOJ8_IA/install/hector_gazebo_plugins/lib/libhector_gazebo_ros_imu.so
[0.544s] -- Up-to-date: /home/rhobtor/PHD/ARGOJ8_IA/install/hector_gazebo_plugins/lib/libhector_gazebo_ros_magnetic.so
[0.545s] -- Up-to-date: /home/rhobtor/PHD/ARGOJ8_IA/install/hector_gazebo_plugins/lib/libhector_gazebo_ros_gps.so
[0.545s] -- Up-to-date: /home/rhobtor/PHD/ARGOJ8_IA/install/hector_gazebo_plugins/lib/libhector_gazebo_ros_sonar.so
[0.545s] -- Up-to-date: /home/rhobtor/PHD/ARGOJ8_IA/install/hector_gazebo_plugins/share/ament_index/resource_index/package_run_dependencies/hector_gazebo_plugins
[0.545s] -- Up-to-date: /home/rhobtor/PHD/ARGOJ8_IA/install/hector_gazebo_plugins/share/ament_index/resource_index/parent_prefix_path/hector_gazebo_plugins
[0.545s] -- Up-to-date: /home/rhobtor/PHD/ARGOJ8_IA/install/hector_gazebo_plugins/share/hector_gazebo_plugins/environment/ament_prefix_path.sh
[0.545s] -- Up-to-date: /home/rhobtor/PHD/ARGOJ8_IA/install/hector_gazebo_plugins/share/hector_gazebo_plugins/environment/ament_prefix_path.dsv
[0.545s] -- Up-to-date: /home/rhobtor/PHD/ARGOJ8_IA/install/hector_gazebo_plugins/share/hector_gazebo_plugins/environment/path.sh
[0.545s] -- Up-to-date: /home/rhobtor/PHD/ARGOJ8_IA/install/hector_gazebo_plugins/share/hector_gazebo_plugins/environment/path.dsv
[0.545s] -- Up-to-date: /home/rhobtor/PHD/ARGOJ8_IA/install/hector_gazebo_plugins/share/hector_gazebo_plugins/local_setup.bash
[0.545s] -- Up-to-date: /home/rhobtor/PHD/ARGOJ8_IA/install/hector_gazebo_plugins/share/hector_gazebo_plugins/local_setup.sh
[0.545s] -- Up-to-date: /home/rhobtor/PHD/ARGOJ8_IA/install/hector_gazebo_plugins/share/hector_gazebo_plugins/local_setup.zsh
[0.546s] -- Up-to-date: /home/rhobtor/PHD/ARGOJ8_IA/install/hector_gazebo_plugins/share/hector_gazebo_plugins/local_setup.dsv
[0.546s] -- Installing: /home/rhobtor/PHD/ARGOJ8_IA/install/hector_gazebo_plugins/share/hector_gazebo_plugins/package.dsv
[0.546s] -- Up-to-date: /home/rhobtor/PHD/ARGOJ8_IA/install/hector_gazebo_plugins/share/ament_index/resource_index/packages/hector_gazebo_plugins
[0.546s] -- Up-to-date: /home/rhobtor/PHD/ARGOJ8_IA/install/hector_gazebo_plugins/share/hector_gazebo_plugins/cmake/export_hector_gazebo_plugins__rosidl_generator_cExport.cmake
[0.546s] -- Up-to-date: /home/rhobtor/PHD/ARGOJ8_IA/install/hector_gazebo_plugins/share/hector_gazebo_plugins/cmake/export_hector_gazebo_plugins__rosidl_generator_cExport-noconfig.cmake
[0.546s] -- Up-to-date: /home/rhobtor/PHD/ARGOJ8_IA/install/hector_gazebo_plugins/share/hector_gazebo_plugins/cmake/export_hector_gazebo_plugins__rosidl_typesupport_fastrtps_cExport.cmake
[0.548s] -- Up-to-date: /home/rhobtor/PHD/ARGOJ8_IA/install/hector_gazebo_plugins/share/hector_gazebo_plugins/cmake/export_hector_gazebo_plugins__rosidl_typesupport_fastrtps_cExport-noconfig.cmake
[0.548s] -- Up-to-date: /home/rhobtor/PHD/ARGOJ8_IA/install/hector_gazebo_plugins/share/hector_gazebo_plugins/cmake/export_hector_gazebo_plugins__rosidl_generator_cppExport.cmake
[0.549s] -- Up-to-date: /home/rhobtor/PHD/ARGOJ8_IA/install/hector_gazebo_plugins/share/hector_gazebo_plugins/cmake/export_hector_gazebo_plugins__rosidl_typesupport_fastrtps_cppExport.cmake
[0.549s] -- Up-to-date: /home/rhobtor/PHD/ARGOJ8_IA/install/hector_gazebo_plugins/share/hector_gazebo_plugins/cmake/export_hector_gazebo_plugins__rosidl_typesupport_fastrtps_cppExport-noconfig.cmake
[0.550s] -- Up-to-date: /home/rhobtor/PHD/ARGOJ8_IA/install/hector_gazebo_plugins/share/hector_gazebo_plugins/cmake/hector_gazebo_plugins__rosidl_typesupport_introspection_cExport.cmake
[0.550s] -- Up-to-date: /home/rhobtor/PHD/ARGOJ8_IA/install/hector_gazebo_plugins/share/hector_gazebo_plugins/cmake/hector_gazebo_plugins__rosidl_typesupport_introspection_cExport-noconfig.cmake
[0.550s] -- Up-to-date: /home/rhobtor/PHD/ARGOJ8_IA/install/hector_gazebo_plugins/share/hector_gazebo_plugins/cmake/hector_gazebo_plugins__rosidl_typesupport_cExport.cmake
[0.550s] -- Up-to-date: /home/rhobtor/PHD/ARGOJ8_IA/install/hector_gazebo_plugins/share/hector_gazebo_plugins/cmake/hector_gazebo_plugins__rosidl_typesupport_cExport-noconfig.cmake
[0.551s] -- Up-to-date: /home/rhobtor/PHD/ARGOJ8_IA/install/hector_gazebo_plugins/share/hector_gazebo_plugins/cmake/hector_gazebo_plugins__rosidl_typesupport_introspection_cppExport.cmake
[0.552s] -- Up-to-date: /home/rhobtor/PHD/ARGOJ8_IA/install/hector_gazebo_plugins/share/hector_gazebo_plugins/cmake/hector_gazebo_plugins__rosidl_typesupport_introspection_cppExport-noconfig.cmake
[0.552s] -- Up-to-date: /home/rhobtor/PHD/ARGOJ8_IA/install/hector_gazebo_plugins/share/hector_gazebo_plugins/cmake/hector_gazebo_plugins__rosidl_typesupport_cppExport.cmake
[0.552s] -- Up-to-date: /home/rhobtor/PHD/ARGOJ8_IA/install/hector_gazebo_plugins/share/hector_gazebo_plugins/cmake/hector_gazebo_plugins__rosidl_typesupport_cppExport-noconfig.cmake
[0.552s] -- Up-to-date: /home/rhobtor/PHD/ARGOJ8_IA/install/hector_gazebo_plugins/share/hector_gazebo_plugins/cmake/export_hector_gazebo_plugins__rosidl_generator_pyExport.cmake
[0.552s] -- Up-to-date: /home/rhobtor/PHD/ARGOJ8_IA/install/hector_gazebo_plugins/share/hector_gazebo_plugins/cmake/export_hector_gazebo_plugins__rosidl_generator_pyExport-noconfig.cmake
[0.553s] -- Up-to-date: /home/rhobtor/PHD/ARGOJ8_IA/install/hector_gazebo_plugins/share/hector_gazebo_plugins/cmake/rosidl_cmake-extras.cmake
[0.553s] -- Up-to-date: /home/rhobtor/PHD/ARGOJ8_IA/install/hector_gazebo_plugins/share/hector_gazebo_plugins/cmake/ament_cmake_export_dependencies-extras.cmake
[0.553s] -- Up-to-date: /home/rhobtor/PHD/ARGOJ8_IA/install/hector_gazebo_plugins/share/hector_gazebo_plugins/cmake/ament_cmake_export_include_directories-extras.cmake
[0.553s] -- Up-to-date: /home/rhobtor/PHD/ARGOJ8_IA/install/hector_gazebo_plugins/share/hector_gazebo_plugins/cmake/ament_cmake_export_libraries-extras.cmake
[0.553s] -- Up-to-date: /home/rhobtor/PHD/ARGOJ8_IA/install/hector_gazebo_plugins/share/hector_gazebo_plugins/cmake/ament_cmake_export_targets-extras.cmake
[0.553s] -- Up-to-date: /home/rhobtor/PHD/ARGOJ8_IA/install/hector_gazebo_plugins/share/hector_gazebo_plugins/cmake/rosidl_cmake_export_typesupport_targets-extras.cmake
[0.553s] -- Up-to-date: /home/rhobtor/PHD/ARGOJ8_IA/install/hector_gazebo_plugins/share/hector_gazebo_plugins/cmake/rosidl_cmake_export_typesupport_libraries-extras.cmake
[0.553s] -- Up-to-date: /home/rhobtor/PHD/ARGOJ8_IA/install/hector_gazebo_plugins/share/hector_gazebo_plugins/cmake/hector_gazebo_pluginsConfig.cmake
[0.554s] -- Up-to-date: /home/rhobtor/PHD/ARGOJ8_IA/install/hector_gazebo_plugins/share/hector_gazebo_plugins/cmake/hector_gazebo_pluginsConfig-version.cmake
[0.554s] -- Up-to-date: /home/rhobtor/PHD/ARGOJ8_IA/install/hector_gazebo_plugins/share/hector_gazebo_plugins/package.xml
[0.581s] Invoked command in '/home/rhobtor/PHD/ARGOJ8_IA/build/hector_gazebo_plugins' returned '0': CMAKE_PREFIX_PATH=${CMAKE_PREFIX_PATH}:/home/rhobtor/PHD/ARGOJ8_IA/install/car:/home/rhobtor/PHD/reactive/Reactive-Navegation/workspace_full_conected/install/car:/opt/ros/humble /opt/st/stm32cubeclt_1.18.0/CMake/bin/cmake --install /home/rhobtor/PHD/ARGOJ8_IA/build/hector_gazebo_plugins
