[2.685s] Invoking command in '/home/rhobtor/PHD/ARGOJ8_IA/src/GUI_pkg': PYTHONPATH=/home/rhobtor/PHD/ARGOJ8_IA/build/GUI_pkg/prefix_override:/usr/lib/python3/dist-packages/colcon_core/task/python/colcon_distutils_commands:/home/rhobtor/PHD/ARGOJ8_IA/install/GUI_pkg/lib/python3.10/site-packages:${PYTHONPATH} /usr/bin/python3 -W ignore:setup.py install is deprecated -W ignore:easy_install command is deprecated setup.py egg_info --egg-base ../../build/GUI_pkg build --build-base /home/rhobtor/PHD/ARGOJ8_IA/build/GUI_pkg/build install --record /home/rhobtor/PHD/ARGOJ8_IA/build/GUI_pkg/install.log --single-version-externally-managed
[3.193s] running egg_info
[3.195s] writing ../../build/GUI_pkg/GUI_pkg.egg-info/PKG-INFO
[3.195s] writing dependency_links to ../../build/GUI_pkg/GUI_pkg.egg-info/dependency_links.txt
[3.195s] writing entry points to ../../build/GUI_pkg/GUI_pkg.egg-info/entry_points.txt
[3.195s] writing requirements to ../../build/GUI_pkg/GUI_pkg.egg-info/requires.txt
[3.195s] writing top-level names to ../../build/GUI_pkg/GUI_pkg.egg-info/top_level.txt
[3.198s] reading manifest file '../../build/GUI_pkg/GUI_pkg.egg-info/SOURCES.txt'
[3.199s] writing manifest file '../../build/GUI_pkg/GUI_pkg.egg-info/SOURCES.txt'
[3.199s] running build
[3.199s] running build_py
[3.200s] running install
[3.201s] running install_lib
[3.202s] byte-compiling /home/rhobtor/PHD/ARGOJ8_IA/install/GUI_pkg/lib/python3.10/site-packages/GUI_pkg/tabs.py to tabs.cpython-310.pyc
[3.223s] Sorry: IndentationError: unexpected indent (tabs.py, line 415)
[3.224s] running install_egg_info
[3.224s] removing '/home/rhobtor/PHD/ARGOJ8_IA/install/GUI_pkg/lib/python3.10/site-packages/GUI_pkg-0.0.0-py3.10.egg-info' (and everything under it)
[3.224s] Copying ../../build/GUI_pkg/GUI_pkg.egg-info to /home/rhobtor/PHD/ARGOJ8_IA/install/GUI_pkg/lib/python3.10/site-packages/GUI_pkg-0.0.0-py3.10.egg-info
[3.224s] running install_scripts
[3.251s] Installing gui_node script to /home/rhobtor/PHD/ARGOJ8_IA/install/GUI_pkg/lib/GUI_pkg
[3.252s] writing list of installed files to '/home/rhobtor/PHD/ARGOJ8_IA/build/GUI_pkg/install.log'
[3.446s] Invoked command in '/home/rhobtor/PHD/ARGOJ8_IA/src/GUI_pkg' returned '0': PYTHONPATH=/home/rhobtor/PHD/ARGOJ8_IA/build/GUI_pkg/prefix_override:/usr/lib/python3/dist-packages/colcon_core/task/python/colcon_distutils_commands:/home/rhobtor/PHD/ARGOJ8_IA/install/GUI_pkg/lib/python3.10/site-packages:${PYTHONPATH} /usr/bin/python3 -W ignore:setup.py install is deprecated -W ignore:easy_install command is deprecated setup.py egg_info --egg-base ../../build/GUI_pkg build --build-base /home/rhobtor/PHD/ARGOJ8_IA/build/GUI_pkg/build install --record /home/rhobtor/PHD/ARGOJ8_IA/build/GUI_pkg/install.log --single-version-externally-managed
