[0.054s] Invoking command in '/home/rhobtor/PHD/ARGOJ8_IA/build/path_manager_interfaces': CMAKE_PREFIX_PATH=${CMAKE_PREFIX_PATH}:/home/rhobtor/PHD/ARGOJ8_IA/install/ntrip_client:/home/rhobtor/PHD/ARGOJ8_IA/install/car:/home/rhobtor/PHD/ARGOJ8_IA/install/android_ros2_server:/home/rhobtor/PHD/ARGOJ8_IA/install/GUI_pkg:/home/rhobtor/PHD/reactive/Reactive-Navegation/workspace_full_conected/install/car:/opt/ros/humble /opt/st/stm32cubeclt_1.18.0/CMake/bin/cmake --build /home/rhobtor/PHD/ARGOJ8_IA/build/path_manager_interfaces -- -j16 -l16
[0.809s] [  1%] Built target path_manager_interfaces__cpp
[0.810s] [ 12%] Built target path_manager_interfaces__rosidl_generator_c
[0.810s] [ 12%] Built target ament_cmake_python_copy_path_manager_interfaces
[0.810s] [ 24%] Built target path_manager_interfaces__rosidl_typesupport_cpp
[0.810s] [ 35%] Built target path_manager_interfaces__rosidl_typesupport_fastrtps_cpp
[0.811s] [ 47%] Built target path_manager_interfaces__rosidl_typesupport_introspection_cpp
[0.811s] [ 58%] Built target path_manager_interfaces__rosidl_typesupport_introspection_c
[0.811s] [ 70%] Built target path_manager_interfaces__rosidl_typesupport_fastrtps_c
[0.811s] [ 81%] Built target path_manager_interfaces__rosidl_typesupport_c
[0.811s] [ 81%] Built target path_manager_interfaces
[0.811s] [ 82%] Built target path_manager_interfaces__py
[0.811s] [ 93%] Built target path_manager_interfaces__rosidl_generator_py
[0.811s] [ 95%] Built target path_manager_interfaces__rosidl_typesupport_fastrtps_c__pyext
[0.811s] [ 97%] Built target path_manager_interfaces__rosidl_typesupport_introspection_c__pyext
[0.811s] [100%] Built target path_manager_interfaces__rosidl_typesupport_c__pyext
[0.811s] running egg_info
[0.811s] writing path_manager_interfaces.egg-info/PKG-INFO
[0.811s] writing dependency_links to path_manager_interfaces.egg-info/dependency_links.txt
[0.811s] writing top-level names to path_manager_interfaces.egg-info/top_level.txt
[0.811s] reading manifest file 'path_manager_interfaces.egg-info/SOURCES.txt'
[0.811s] writing manifest file 'path_manager_interfaces.egg-info/SOURCES.txt'
[0.811s] [100%] Built target ament_cmake_python_build_path_manager_interfaces_egg
[0.843s] Invoked command in '/home/rhobtor/PHD/ARGOJ8_IA/build/path_manager_interfaces' returned '0': CMAKE_PREFIX_PATH=${CMAKE_PREFIX_PATH}:/home/rhobtor/PHD/ARGOJ8_IA/install/ntrip_client:/home/rhobtor/PHD/ARGOJ8_IA/install/car:/home/rhobtor/PHD/ARGOJ8_IA/install/android_ros2_server:/home/rhobtor/PHD/ARGOJ8_IA/install/GUI_pkg:/home/rhobtor/PHD/reactive/Reactive-Navegation/workspace_full_conected/install/car:/opt/ros/humble /opt/st/stm32cubeclt_1.18.0/CMake/bin/cmake --build /home/rhobtor/PHD/ARGOJ8_IA/build/path_manager_interfaces -- -j16 -l16
[0.849s] Invoking command in '/home/rhobtor/PHD/ARGOJ8_IA/build/path_manager_interfaces': CMAKE_PREFIX_PATH=${CMAKE_PREFIX_PATH}:/home/rhobtor/PHD/ARGOJ8_IA/install/ntrip_client:/home/rhobtor/PHD/ARGOJ8_IA/install/car:/home/rhobtor/PHD/ARGOJ8_IA/install/android_ros2_server:/home/rhobtor/PHD/ARGOJ8_IA/install/GUI_pkg:/home/rhobtor/PHD/reactive/Reactive-Navegation/workspace_full_conected/install/car:/opt/ros/humble /opt/st/stm32cubeclt_1.18.0/CMake/bin/cmake --install /home/rhobtor/PHD/ARGOJ8_IA/build/path_manager_interfaces
[0.900s] -- Install configuration: ""
[0.900s] -- Up-to-date: /home/rhobtor/PHD/ARGOJ8_IA/install/path_manager_interfaces/share/ament_index/resource_index/rosidl_interfaces/path_manager_interfaces
[0.900s] -- Up-to-date: /home/rhobtor/PHD/ARGOJ8_IA/install/path_manager_interfaces/include/path_manager_interfaces/path_manager_interfaces
[0.900s] -- Up-to-date: /home/rhobtor/PHD/ARGOJ8_IA/install/path_manager_interfaces/include/path_manager_interfaces/path_manager_interfaces/srv
[0.900s] -- Up-to-date: /home/rhobtor/PHD/ARGOJ8_IA/install/path_manager_interfaces/include/path_manager_interfaces/path_manager_interfaces/srv/plan_path.h
[0.900s] -- Up-to-date: /home/rhobtor/PHD/ARGOJ8_IA/install/path_manager_interfaces/include/path_manager_interfaces/path_manager_interfaces/srv/assist_emergency.h
[0.900s] -- Up-to-date: /home/rhobtor/PHD/ARGOJ8_IA/install/path_manager_interfaces/include/path_manager_interfaces/path_manager_interfaces/srv/robot_path.h
[0.900s] -- Up-to-date: /home/rhobtor/PHD/ARGOJ8_IA/install/path_manager_interfaces/include/path_manager_interfaces/path_manager_interfaces/srv/return_robot_path.h
[0.900s] -- Up-to-date: /home/rhobtor/PHD/ARGOJ8_IA/install/path_manager_interfaces/include/path_manager_interfaces/path_manager_interfaces/srv/get_ll_path.h
[0.900s] -- Up-to-date: /home/rhobtor/PHD/ARGOJ8_IA/install/path_manager_interfaces/include/path_manager_interfaces/path_manager_interfaces/srv/detail
[0.900s] -- Up-to-date: /home/rhobtor/PHD/ARGOJ8_IA/install/path_manager_interfaces/include/path_manager_interfaces/path_manager_interfaces/srv/detail/robot_path__functions.h
[0.900s] -- Up-to-date: /home/rhobtor/PHD/ARGOJ8_IA/install/path_manager_interfaces/include/path_manager_interfaces/path_manager_interfaces/srv/detail/read_path_from_file__functions.c
[0.900s] -- Up-to-date: /home/rhobtor/PHD/ARGOJ8_IA/install/path_manager_interfaces/include/path_manager_interfaces/path_manager_interfaces/srv/detail/return_robot_path__type_support.h
[0.901s] -- Up-to-date: /home/rhobtor/PHD/ARGOJ8_IA/install/path_manager_interfaces/include/path_manager_interfaces/path_manager_interfaces/srv/detail/write_path_to_file__functions.h
[0.901s] -- Up-to-date: /home/rhobtor/PHD/ARGOJ8_IA/install/path_manager_interfaces/include/path_manager_interfaces/path_manager_interfaces/srv/detail/plan_path__functions.c
[0.901s] -- Up-to-date: /home/rhobtor/PHD/ARGOJ8_IA/install/path_manager_interfaces/include/path_manager_interfaces/path_manager_interfaces/srv/detail/return_robot_path__struct.h
[0.901s] -- Up-to-date: /home/rhobtor/PHD/ARGOJ8_IA/install/path_manager_interfaces/include/path_manager_interfaces/path_manager_interfaces/srv/detail/get_fix_frame_path__functions.c
[0.901s] -- Up-to-date: /home/rhobtor/PHD/ARGOJ8_IA/install/path_manager_interfaces/include/path_manager_interfaces/path_manager_interfaces/srv/detail/assist_emergency__struct.h
[0.901s] -- Up-to-date: /home/rhobtor/PHD/ARGOJ8_IA/install/path_manager_interfaces/include/path_manager_interfaces/path_manager_interfaces/srv/detail/plan_path__type_support.h
[0.901s] -- Up-to-date: /home/rhobtor/PHD/ARGOJ8_IA/install/path_manager_interfaces/include/path_manager_interfaces/path_manager_interfaces/srv/detail/assist_emergency__functions.c
[0.901s] -- Up-to-date: /home/rhobtor/PHD/ARGOJ8_IA/install/path_manager_interfaces/include/path_manager_interfaces/path_manager_interfaces/srv/detail/read_path_from_file__type_support.h
[0.901s] -- Up-to-date: /home/rhobtor/PHD/ARGOJ8_IA/install/path_manager_interfaces/include/path_manager_interfaces/path_manager_interfaces/srv/detail/get_ll_path__functions.h
[0.901s] -- Up-to-date: /home/rhobtor/PHD/ARGOJ8_IA/install/path_manager_interfaces/include/path_manager_interfaces/path_manager_interfaces/srv/detail/get_ll_path__type_support.h
[0.901s] -- Up-to-date: /home/rhobtor/PHD/ARGOJ8_IA/install/path_manager_interfaces/include/path_manager_interfaces/path_manager_interfaces/srv/detail/assist_emergency__type_support.h
[0.901s] -- Up-to-date: /home/rhobtor/PHD/ARGOJ8_IA/install/path_manager_interfaces/include/path_manager_interfaces/path_manager_interfaces/srv/detail/write_path_to_file__functions.c
[0.910s] -- Up-to-date: /home/rhobtor/PHD/ARGOJ8_IA/install/path_manager_interfaces/include/path_manager_interfaces/path_manager_interfaces/srv/detail/robot_path__functions.c
[0.910s] -- Up-to-date: /home/rhobtor/PHD/ARGOJ8_IA/install/path_manager_interfaces/include/path_manager_interfaces/path_manager_interfaces/srv/detail/robot_path__type_support.h
[0.911s] -- Up-to-date: /home/rhobtor/PHD/ARGOJ8_IA/install/path_manager_interfaces/include/path_manager_interfaces/path_manager_interfaces/srv/detail/return_robot_path__functions.h
[0.911s] -- Up-to-date: /home/rhobtor/PHD/ARGOJ8_IA/install/path_manager_interfaces/include/path_manager_interfaces/path_manager_interfaces/srv/detail/get_fix_frame_path__functions.h
[0.911s] -- Up-to-date: /home/rhobtor/PHD/ARGOJ8_IA/install/path_manager_interfaces/include/path_manager_interfaces/path_manager_interfaces/srv/detail/read_path_from_file__struct.h
[0.911s] -- Up-to-date: /home/rhobtor/PHD/ARGOJ8_IA/install/path_manager_interfaces/include/path_manager_interfaces/path_manager_interfaces/srv/detail/plan_path__struct.h
[0.911s] -- Up-to-date: /home/rhobtor/PHD/ARGOJ8_IA/install/path_manager_interfaces/include/path_manager_interfaces/path_manager_interfaces/srv/detail/assist_emergency__functions.h
[0.911s] -- Up-to-date: /home/rhobtor/PHD/ARGOJ8_IA/install/path_manager_interfaces/include/path_manager_interfaces/path_manager_interfaces/srv/detail/write_path_to_file__struct.h
[0.911s] -- Up-to-date: /home/rhobtor/PHD/ARGOJ8_IA/install/path_manager_interfaces/include/path_manager_interfaces/path_manager_interfaces/srv/detail/get_fix_frame_path__struct.h
[0.911s] -- Up-to-date: /home/rhobtor/PHD/ARGOJ8_IA/install/path_manager_interfaces/include/path_manager_interfaces/path_manager_interfaces/srv/detail/get_ll_path__functions.c
[0.911s] -- Up-to-date: /home/rhobtor/PHD/ARGOJ8_IA/install/path_manager_interfaces/include/path_manager_interfaces/path_manager_interfaces/srv/detail/write_path_to_file__type_support.h
[0.911s] -- Up-to-date: /home/rhobtor/PHD/ARGOJ8_IA/install/path_manager_interfaces/include/path_manager_interfaces/path_manager_interfaces/srv/detail/return_robot_path__functions.c
[0.911s] -- Up-to-date: /home/rhobtor/PHD/ARGOJ8_IA/install/path_manager_interfaces/include/path_manager_interfaces/path_manager_interfaces/srv/detail/get_ll_path__struct.h
[0.911s] -- Up-to-date: /home/rhobtor/PHD/ARGOJ8_IA/install/path_manager_interfaces/include/path_manager_interfaces/path_manager_interfaces/srv/detail/robot_path__struct.h
[0.912s] -- Up-to-date: /home/rhobtor/PHD/ARGOJ8_IA/install/path_manager_interfaces/include/path_manager_interfaces/path_manager_interfaces/srv/detail/read_path_from_file__functions.h
[0.912s] -- Up-to-date: /home/rhobtor/PHD/ARGOJ8_IA/install/path_manager_interfaces/include/path_manager_interfaces/path_manager_interfaces/srv/detail/plan_path__functions.h
[0.912s] -- Up-to-date: /home/rhobtor/PHD/ARGOJ8_IA/install/path_manager_interfaces/include/path_manager_interfaces/path_manager_interfaces/srv/detail/get_fix_frame_path__type_support.h
[0.912s] -- Up-to-date: /home/rhobtor/PHD/ARGOJ8_IA/install/path_manager_interfaces/include/path_manager_interfaces/path_manager_interfaces/srv/get_fix_frame_path.h
[0.912s] -- Up-to-date: /home/rhobtor/PHD/ARGOJ8_IA/install/path_manager_interfaces/include/path_manager_interfaces/path_manager_interfaces/srv/write_path_to_file.h
[0.912s] -- Up-to-date: /home/rhobtor/PHD/ARGOJ8_IA/install/path_manager_interfaces/include/path_manager_interfaces/path_manager_interfaces/srv/read_path_from_file.h
[0.912s] -- Up-to-date: /home/rhobtor/PHD/ARGOJ8_IA/install/path_manager_interfaces/include/path_manager_interfaces/path_manager_interfaces/msg
[0.912s] -- Up-to-date: /home/rhobtor/PHD/ARGOJ8_IA/install/path_manager_interfaces/include/path_manager_interfaces/path_manager_interfaces/msg/rosidl_generator_c__visibility_control.h
[0.912s] -- Up-to-date: /home/rhobtor/PHD/ARGOJ8_IA/install/path_manager_interfaces/share/path_manager_interfaces/environment/library_path.sh
[0.912s] -- Up-to-date: /home/rhobtor/PHD/ARGOJ8_IA/install/path_manager_interfaces/share/path_manager_interfaces/environment/library_path.dsv
[0.912s] -- Up-to-date: /home/rhobtor/PHD/ARGOJ8_IA/install/path_manager_interfaces/lib/libpath_manager_interfaces__rosidl_generator_c.so
[0.912s] -- Up-to-date: /home/rhobtor/PHD/ARGOJ8_IA/install/path_manager_interfaces/include/path_manager_interfaces/path_manager_interfaces
[0.913s] -- Up-to-date: /home/rhobtor/PHD/ARGOJ8_IA/install/path_manager_interfaces/include/path_manager_interfaces/path_manager_interfaces/srv
[0.913s] -- Up-to-date: /home/rhobtor/PHD/ARGOJ8_IA/install/path_manager_interfaces/include/path_manager_interfaces/path_manager_interfaces/srv/detail
[0.913s] -- Up-to-date: /home/rhobtor/PHD/ARGOJ8_IA/install/path_manager_interfaces/include/path_manager_interfaces/path_manager_interfaces/srv/detail/get_fix_frame_path__rosidl_typesupport_fastrtps_c.h
[0.913s] -- Up-to-date: /home/rhobtor/PHD/ARGOJ8_IA/install/path_manager_interfaces/include/path_manager_interfaces/path_manager_interfaces/srv/detail/get_ll_path__rosidl_typesupport_fastrtps_c.h
[0.913s] -- Up-to-date: /home/rhobtor/PHD/ARGOJ8_IA/install/path_manager_interfaces/include/path_manager_interfaces/path_manager_interfaces/srv/detail/assist_emergency__rosidl_typesupport_fastrtps_c.h
[0.914s] -- Up-to-date: /home/rhobtor/PHD/ARGOJ8_IA/install/path_manager_interfaces/include/path_manager_interfaces/path_manager_interfaces/srv/detail/write_path_to_file__rosidl_typesupport_fastrtps_c.h
[0.915s] -- Up-to-date: /home/rhobtor/PHD/ARGOJ8_IA/install/path_manager_interfaces/include/path_manager_interfaces/path_manager_interfaces/srv/detail/return_robot_path__rosidl_typesupport_fastrtps_c.h
[0.915s] -- Up-to-date: /home/rhobtor/PHD/ARGOJ8_IA/install/path_manager_interfaces/include/path_manager_interfaces/path_manager_interfaces/srv/detail/robot_path__rosidl_typesupport_fastrtps_c.h
[0.916s] -- Up-to-date: /home/rhobtor/PHD/ARGOJ8_IA/install/path_manager_interfaces/include/path_manager_interfaces/path_manager_interfaces/srv/detail/plan_path__rosidl_typesupport_fastrtps_c.h
[0.916s] -- Up-to-date: /home/rhobtor/PHD/ARGOJ8_IA/install/path_manager_interfaces/include/path_manager_interfaces/path_manager_interfaces/srv/detail/read_path_from_file__rosidl_typesupport_fastrtps_c.h
[0.916s] -- Up-to-date: /home/rhobtor/PHD/ARGOJ8_IA/install/path_manager_interfaces/include/path_manager_interfaces/path_manager_interfaces/msg
[0.916s] -- Up-to-date: /home/rhobtor/PHD/ARGOJ8_IA/install/path_manager_interfaces/include/path_manager_interfaces/path_manager_interfaces/msg/rosidl_typesupport_fastrtps_c__visibility_control.h
[0.916s] -- Up-to-date: /home/rhobtor/PHD/ARGOJ8_IA/install/path_manager_interfaces/lib/libpath_manager_interfaces__rosidl_typesupport_fastrtps_c.so
[0.917s] -- Up-to-date: /home/rhobtor/PHD/ARGOJ8_IA/install/path_manager_interfaces/include/path_manager_interfaces/path_manager_interfaces
[0.917s] -- Up-to-date: /home/rhobtor/PHD/ARGOJ8_IA/install/path_manager_interfaces/include/path_manager_interfaces/path_manager_interfaces/srv
[0.917s] -- Up-to-date: /home/rhobtor/PHD/ARGOJ8_IA/install/path_manager_interfaces/include/path_manager_interfaces/path_manager_interfaces/srv/detail
[0.918s] -- Up-to-date: /home/rhobtor/PHD/ARGOJ8_IA/install/path_manager_interfaces/include/path_manager_interfaces/path_manager_interfaces/srv/detail/robot_path__rosidl_typesupport_introspection_c.h
[0.918s] -- Up-to-date: /home/rhobtor/PHD/ARGOJ8_IA/install/path_manager_interfaces/include/path_manager_interfaces/path_manager_interfaces/srv/detail/get_ll_path__type_support.c
[0.918s] -- Up-to-date: /home/rhobtor/PHD/ARGOJ8_IA/install/path_manager_interfaces/include/path_manager_interfaces/path_manager_interfaces/srv/detail/assist_emergency__rosidl_typesupport_introspection_c.h
[0.918s] -- Up-to-date: /home/rhobtor/PHD/ARGOJ8_IA/install/path_manager_interfaces/include/path_manager_interfaces/path_manager_interfaces/srv/detail/write_path_to_file__type_support.c
[0.919s] -- Up-to-date: /home/rhobtor/PHD/ARGOJ8_IA/install/path_manager_interfaces/include/path_manager_interfaces/path_manager_interfaces/srv/detail/read_path_from_file__type_support.c
[0.919s] -- Up-to-date: /home/rhobtor/PHD/ARGOJ8_IA/install/path_manager_interfaces/include/path_manager_interfaces/path_manager_interfaces/srv/detail/read_path_from_file__rosidl_typesupport_introspection_c.h
[0.919s] -- Up-to-date: /home/rhobtor/PHD/ARGOJ8_IA/install/path_manager_interfaces/include/path_manager_interfaces/path_manager_interfaces/srv/detail/return_robot_path__rosidl_typesupport_introspection_c.h
[0.919s] -- Up-to-date: /home/rhobtor/PHD/ARGOJ8_IA/install/path_manager_interfaces/include/path_manager_interfaces/path_manager_interfaces/srv/detail/get_fix_frame_path__rosidl_typesupport_introspection_c.h
[0.919s] -- Up-to-date: /home/rhobtor/PHD/ARGOJ8_IA/install/path_manager_interfaces/include/path_manager_interfaces/path_manager_interfaces/srv/detail/plan_path__rosidl_typesupport_introspection_c.h
[0.920s] -- Up-to-date: /home/rhobtor/PHD/ARGOJ8_IA/install/path_manager_interfaces/include/path_manager_interfaces/path_manager_interfaces/srv/detail/return_robot_path__type_support.c
[0.920s] -- Up-to-date: /home/rhobtor/PHD/ARGOJ8_IA/install/path_manager_interfaces/include/path_manager_interfaces/path_manager_interfaces/srv/detail/write_path_to_file__rosidl_typesupport_introspection_c.h
[0.920s] -- Up-to-date: /home/rhobtor/PHD/ARGOJ8_IA/install/path_manager_interfaces/include/path_manager_interfaces/path_manager_interfaces/srv/detail/get_ll_path__rosidl_typesupport_introspection_c.h
[0.920s] -- Up-to-date: /home/rhobtor/PHD/ARGOJ8_IA/install/path_manager_interfaces/include/path_manager_interfaces/path_manager_interfaces/srv/detail/robot_path__type_support.c
[0.920s] -- Up-to-date: /home/rhobtor/PHD/ARGOJ8_IA/install/path_manager_interfaces/include/path_manager_interfaces/path_manager_interfaces/srv/detail/plan_path__type_support.c
[0.920s] -- Up-to-date: /home/rhobtor/PHD/ARGOJ8_IA/install/path_manager_interfaces/include/path_manager_interfaces/path_manager_interfaces/srv/detail/get_fix_frame_path__type_support.c
[0.920s] -- Up-to-date: /home/rhobtor/PHD/ARGOJ8_IA/install/path_manager_interfaces/include/path_manager_interfaces/path_manager_interfaces/srv/detail/assist_emergency__type_support.c
[0.920s] -- Up-to-date: /home/rhobtor/PHD/ARGOJ8_IA/install/path_manager_interfaces/include/path_manager_interfaces/path_manager_interfaces/msg
[0.921s] -- Up-to-date: /home/rhobtor/PHD/ARGOJ8_IA/install/path_manager_interfaces/include/path_manager_interfaces/path_manager_interfaces/msg/rosidl_typesupport_introspection_c__visibility_control.h
[0.921s] -- Up-to-date: /home/rhobtor/PHD/ARGOJ8_IA/install/path_manager_interfaces/lib/libpath_manager_interfaces__rosidl_typesupport_introspection_c.so
[0.921s] -- Up-to-date: /home/rhobtor/PHD/ARGOJ8_IA/install/path_manager_interfaces/lib/libpath_manager_interfaces__rosidl_typesupport_c.so
[0.921s] -- Up-to-date: /home/rhobtor/PHD/ARGOJ8_IA/install/path_manager_interfaces/include/path_manager_interfaces/path_manager_interfaces
[0.921s] -- Up-to-date: /home/rhobtor/PHD/ARGOJ8_IA/install/path_manager_interfaces/include/path_manager_interfaces/path_manager_interfaces/srv
[0.921s] -- Up-to-date: /home/rhobtor/PHD/ARGOJ8_IA/install/path_manager_interfaces/include/path_manager_interfaces/path_manager_interfaces/srv/robot_path.hpp
[0.922s] -- Up-to-date: /home/rhobtor/PHD/ARGOJ8_IA/install/path_manager_interfaces/include/path_manager_interfaces/path_manager_interfaces/srv/get_fix_frame_path.hpp
[0.923s] -- Up-to-date: /home/rhobtor/PHD/ARGOJ8_IA/install/path_manager_interfaces/include/path_manager_interfaces/path_manager_interfaces/srv/write_path_to_file.hpp
[0.924s] -- Up-to-date: /home/rhobtor/PHD/ARGOJ8_IA/install/path_manager_interfaces/include/path_manager_interfaces/path_manager_interfaces/srv/detail
[0.924s] -- Up-to-date: /home/rhobtor/PHD/ARGOJ8_IA/install/path_manager_interfaces/include/path_manager_interfaces/path_manager_interfaces/srv/detail/read_path_from_file__type_support.hpp
[0.924s] -- Up-to-date: /home/rhobtor/PHD/ARGOJ8_IA/install/path_manager_interfaces/include/path_manager_interfaces/path_manager_interfaces/srv/detail/write_path_to_file__type_support.hpp
[0.924s] -- Up-to-date: /home/rhobtor/PHD/ARGOJ8_IA/install/path_manager_interfaces/include/path_manager_interfaces/path_manager_interfaces/srv/detail/return_robot_path__builder.hpp
[0.924s] -- Up-to-date: /home/rhobtor/PHD/ARGOJ8_IA/install/path_manager_interfaces/include/path_manager_interfaces/path_manager_interfaces/srv/detail/robot_path__type_support.hpp
[0.924s] -- Up-to-date: /home/rhobtor/PHD/ARGOJ8_IA/install/path_manager_interfaces/include/path_manager_interfaces/path_manager_interfaces/srv/detail/robot_path__struct.hpp
[0.924s] -- Up-to-date: /home/rhobtor/PHD/ARGOJ8_IA/install/path_manager_interfaces/include/path_manager_interfaces/path_manager_interfaces/srv/detail/write_path_to_file__builder.hpp
[0.924s] -- Up-to-date: /home/rhobtor/PHD/ARGOJ8_IA/install/path_manager_interfaces/include/path_manager_interfaces/path_manager_interfaces/srv/detail/get_ll_path__builder.hpp
[0.924s] -- Up-to-date: /home/rhobtor/PHD/ARGOJ8_IA/install/path_manager_interfaces/include/path_manager_interfaces/path_manager_interfaces/srv/detail/return_robot_path__traits.hpp
[0.925s] -- Up-to-date: /home/rhobtor/PHD/ARGOJ8_IA/install/path_manager_interfaces/include/path_manager_interfaces/path_manager_interfaces/srv/detail/read_path_from_file__struct.hpp
[0.925s] -- Up-to-date: /home/rhobtor/PHD/ARGOJ8_IA/install/path_manager_interfaces/include/path_manager_interfaces/path_manager_interfaces/srv/detail/plan_path__struct.hpp
[0.925s] -- Up-to-date: /home/rhobtor/PHD/ARGOJ8_IA/install/path_manager_interfaces/include/path_manager_interfaces/path_manager_interfaces/srv/detail/return_robot_path__type_support.hpp
[0.925s] -- Up-to-date: /home/rhobtor/PHD/ARGOJ8_IA/install/path_manager_interfaces/include/path_manager_interfaces/path_manager_interfaces/srv/detail/get_ll_path__struct.hpp
[0.925s] -- Up-to-date: /home/rhobtor/PHD/ARGOJ8_IA/install/path_manager_interfaces/include/path_manager_interfaces/path_manager_interfaces/srv/detail/get_fix_frame_path__type_support.hpp
[0.925s] -- Up-to-date: /home/rhobtor/PHD/ARGOJ8_IA/install/path_manager_interfaces/include/path_manager_interfaces/path_manager_interfaces/srv/detail/write_path_to_file__traits.hpp
[0.927s] -- Up-to-date: /home/rhobtor/PHD/ARGOJ8_IA/install/path_manager_interfaces/include/path_manager_interfaces/path_manager_interfaces/srv/detail/plan_path__builder.hpp
[0.927s] -- Up-to-date: /home/rhobtor/PHD/ARGOJ8_IA/install/path_manager_interfaces/include/path_manager_interfaces/path_manager_interfaces/srv/detail/get_fix_frame_path__struct.hpp
[0.927s] -- Up-to-date: /home/rhobtor/PHD/ARGOJ8_IA/install/path_manager_interfaces/include/path_manager_interfaces/path_manager_interfaces/srv/detail/assist_emergency__type_support.hpp
[0.927s] -- Up-to-date: /home/rhobtor/PHD/ARGOJ8_IA/install/path_manager_interfaces/include/path_manager_interfaces/path_manager_interfaces/srv/detail/get_ll_path__type_support.hpp
[0.927s] -- Up-to-date: /home/rhobtor/PHD/ARGOJ8_IA/install/path_manager_interfaces/include/path_manager_interfaces/path_manager_interfaces/srv/detail/return_robot_path__struct.hpp
[0.927s] -- Up-to-date: /home/rhobtor/PHD/ARGOJ8_IA/install/path_manager_interfaces/include/path_manager_interfaces/path_manager_interfaces/srv/detail/plan_path__traits.hpp
[0.928s] -- Up-to-date: /home/rhobtor/PHD/ARGOJ8_IA/install/path_manager_interfaces/include/path_manager_interfaces/path_manager_interfaces/srv/detail/get_fix_frame_path__builder.hpp
[0.928s] -- Up-to-date: /home/rhobtor/PHD/ARGOJ8_IA/install/path_manager_interfaces/include/path_manager_interfaces/path_manager_interfaces/srv/detail/plan_path__type_support.hpp
[0.928s] -- Up-to-date: /home/rhobtor/PHD/ARGOJ8_IA/install/path_manager_interfaces/include/path_manager_interfaces/path_manager_interfaces/srv/detail/assist_emergency__builder.hpp
[0.928s] -- Up-to-date: /home/rhobtor/PHD/ARGOJ8_IA/install/path_manager_interfaces/include/path_manager_interfaces/path_manager_interfaces/srv/detail/get_fix_frame_path__traits.hpp
[0.928s] -- Up-to-date: /home/rhobtor/PHD/ARGOJ8_IA/install/path_manager_interfaces/include/path_manager_interfaces/path_manager_interfaces/srv/detail/read_path_from_file__builder.hpp
[0.928s] -- Up-to-date: /home/rhobtor/PHD/ARGOJ8_IA/install/path_manager_interfaces/include/path_manager_interfaces/path_manager_interfaces/srv/detail/assist_emergency__struct.hpp
[0.928s] -- Up-to-date: /home/rhobtor/PHD/ARGOJ8_IA/install/path_manager_interfaces/include/path_manager_interfaces/path_manager_interfaces/srv/detail/assist_emergency__traits.hpp
[0.928s] -- Up-to-date: /home/rhobtor/PHD/ARGOJ8_IA/install/path_manager_interfaces/include/path_manager_interfaces/path_manager_interfaces/srv/detail/robot_path__traits.hpp
[0.928s] -- Up-to-date: /home/rhobtor/PHD/ARGOJ8_IA/install/path_manager_interfaces/include/path_manager_interfaces/path_manager_interfaces/srv/detail/write_path_to_file__struct.hpp
[0.928s] -- Up-to-date: /home/rhobtor/PHD/ARGOJ8_IA/install/path_manager_interfaces/include/path_manager_interfaces/path_manager_interfaces/srv/detail/robot_path__builder.hpp
[0.928s] -- Up-to-date: /home/rhobtor/PHD/ARGOJ8_IA/install/path_manager_interfaces/include/path_manager_interfaces/path_manager_interfaces/srv/detail/read_path_from_file__traits.hpp
[0.928s] -- Up-to-date: /home/rhobtor/PHD/ARGOJ8_IA/install/path_manager_interfaces/include/path_manager_interfaces/path_manager_interfaces/srv/detail/get_ll_path__traits.hpp
[0.928s] -- Up-to-date: /home/rhobtor/PHD/ARGOJ8_IA/install/path_manager_interfaces/include/path_manager_interfaces/path_manager_interfaces/srv/return_robot_path.hpp
[0.929s] -- Up-to-date: /home/rhobtor/PHD/ARGOJ8_IA/install/path_manager_interfaces/include/path_manager_interfaces/path_manager_interfaces/srv/plan_path.hpp
[0.929s] -- Up-to-date: /home/rhobtor/PHD/ARGOJ8_IA/install/path_manager_interfaces/include/path_manager_interfaces/path_manager_interfaces/srv/read_path_from_file.hpp
[0.929s] -- Up-to-date: /home/rhobtor/PHD/ARGOJ8_IA/install/path_manager_interfaces/include/path_manager_interfaces/path_manager_interfaces/srv/assist_emergency.hpp
[0.929s] -- Up-to-date: /home/rhobtor/PHD/ARGOJ8_IA/install/path_manager_interfaces/include/path_manager_interfaces/path_manager_interfaces/srv/get_ll_path.hpp
[0.929s] -- Up-to-date: /home/rhobtor/PHD/ARGOJ8_IA/install/path_manager_interfaces/include/path_manager_interfaces/path_manager_interfaces/msg
[0.929s] -- Up-to-date: /home/rhobtor/PHD/ARGOJ8_IA/install/path_manager_interfaces/include/path_manager_interfaces/path_manager_interfaces/msg/rosidl_generator_cpp__visibility_control.hpp
[0.929s] -- Up-to-date: /home/rhobtor/PHD/ARGOJ8_IA/install/path_manager_interfaces/include/path_manager_interfaces/path_manager_interfaces
[0.929s] -- Up-to-date: /home/rhobtor/PHD/ARGOJ8_IA/install/path_manager_interfaces/include/path_manager_interfaces/path_manager_interfaces/srv
[0.929s] -- Up-to-date: /home/rhobtor/PHD/ARGOJ8_IA/install/path_manager_interfaces/include/path_manager_interfaces/path_manager_interfaces/srv/detail
[0.929s] -- Up-to-date: /home/rhobtor/PHD/ARGOJ8_IA/install/path_manager_interfaces/include/path_manager_interfaces/path_manager_interfaces/srv/detail/robot_path__rosidl_typesupport_fastrtps_cpp.hpp
[0.929s] -- Up-to-date: /home/rhobtor/PHD/ARGOJ8_IA/install/path_manager_interfaces/include/path_manager_interfaces/path_manager_interfaces/srv/detail/plan_path__rosidl_typesupport_fastrtps_cpp.hpp
[0.929s] -- Up-to-date: /home/rhobtor/PHD/ARGOJ8_IA/install/path_manager_interfaces/include/path_manager_interfaces/path_manager_interfaces/srv/detail/write_path_to_file__rosidl_typesupport_fastrtps_cpp.hpp
[0.930s] -- Up-to-date: /home/rhobtor/PHD/ARGOJ8_IA/install/path_manager_interfaces/include/path_manager_interfaces/path_manager_interfaces/srv/detail/return_robot_path__rosidl_typesupport_fastrtps_cpp.hpp
[0.930s] -- Up-to-date: /home/rhobtor/PHD/ARGOJ8_IA/install/path_manager_interfaces/include/path_manager_interfaces/path_manager_interfaces/srv/detail/get_fix_frame_path__rosidl_typesupport_fastrtps_cpp.hpp
[0.931s] -- Up-to-date: /home/rhobtor/PHD/ARGOJ8_IA/install/path_manager_interfaces/include/path_manager_interfaces/path_manager_interfaces/srv/detail/get_ll_path__rosidl_typesupport_fastrtps_cpp.hpp
[0.931s] -- Up-to-date: /home/rhobtor/PHD/ARGOJ8_IA/install/path_manager_interfaces/include/path_manager_interfaces/path_manager_interfaces/srv/detail/dds_fastrtps
[0.932s] -- Up-to-date: /home/rhobtor/PHD/ARGOJ8_IA/install/path_manager_interfaces/include/path_manager_interfaces/path_manager_interfaces/srv/detail/read_path_from_file__rosidl_typesupport_fastrtps_cpp.hpp
[0.933s] -- Up-to-date: /home/rhobtor/PHD/ARGOJ8_IA/install/path_manager_interfaces/include/path_manager_interfaces/path_manager_interfaces/srv/detail/assist_emergency__rosidl_typesupport_fastrtps_cpp.hpp
[0.935s] -- Up-to-date: /home/rhobtor/PHD/ARGOJ8_IA/install/path_manager_interfaces/include/path_manager_interfaces/path_manager_interfaces/msg
[0.936s] -- Up-to-date: /home/rhobtor/PHD/ARGOJ8_IA/install/path_manager_interfaces/include/path_manager_interfaces/path_manager_interfaces/msg/rosidl_typesupport_fastrtps_cpp__visibility_control.h
[0.936s] -- Up-to-date: /home/rhobtor/PHD/ARGOJ8_IA/install/path_manager_interfaces/lib/libpath_manager_interfaces__rosidl_typesupport_fastrtps_cpp.so
[0.936s] -- Up-to-date: /home/rhobtor/PHD/ARGOJ8_IA/install/path_manager_interfaces/include/path_manager_interfaces/path_manager_interfaces
[0.936s] -- Up-to-date: /home/rhobtor/PHD/ARGOJ8_IA/install/path_manager_interfaces/include/path_manager_interfaces/path_manager_interfaces/srv
[0.936s] -- Up-to-date: /home/rhobtor/PHD/ARGOJ8_IA/install/path_manager_interfaces/include/path_manager_interfaces/path_manager_interfaces/srv/detail
[0.937s] -- Up-to-date: /home/rhobtor/PHD/ARGOJ8_IA/install/path_manager_interfaces/include/path_manager_interfaces/path_manager_interfaces/srv/detail/robot_path__rosidl_typesupport_introspection_cpp.hpp
[0.944s] -- Up-to-date: /home/rhobtor/PHD/ARGOJ8_IA/install/path_manager_interfaces/include/path_manager_interfaces/path_manager_interfaces/srv/detail/get_fix_frame_path__type_support.cpp
[0.944s] -- Up-to-date: /home/rhobtor/PHD/ARGOJ8_IA/install/path_manager_interfaces/include/path_manager_interfaces/path_manager_interfaces/srv/detail/get_fix_frame_path__rosidl_typesupport_introspection_cpp.hpp
[0.944s] -- Up-to-date: /home/rhobtor/PHD/ARGOJ8_IA/install/path_manager_interfaces/include/path_manager_interfaces/path_manager_interfaces/srv/detail/assist_emergency__type_support.cpp
[0.944s] -- Up-to-date: /home/rhobtor/PHD/ARGOJ8_IA/install/path_manager_interfaces/include/path_manager_interfaces/path_manager_interfaces/srv/detail/plan_path__type_support.cpp
[0.944s] -- Up-to-date: /home/rhobtor/PHD/ARGOJ8_IA/install/path_manager_interfaces/include/path_manager_interfaces/path_manager_interfaces/srv/detail/get_ll_path__type_support.cpp
[0.945s] -- Up-to-date: /home/rhobtor/PHD/ARGOJ8_IA/install/path_manager_interfaces/include/path_manager_interfaces/path_manager_interfaces/srv/detail/write_path_to_file__rosidl_typesupport_introspection_cpp.hpp
[0.945s] -- Up-to-date: /home/rhobtor/PHD/ARGOJ8_IA/install/path_manager_interfaces/include/path_manager_interfaces/path_manager_interfaces/srv/detail/return_robot_path__rosidl_typesupport_introspection_cpp.hpp
[0.945s] -- Up-to-date: /home/rhobtor/PHD/ARGOJ8_IA/install/path_manager_interfaces/include/path_manager_interfaces/path_manager_interfaces/srv/detail/read_path_from_file__rosidl_typesupport_introspection_cpp.hpp
[0.945s] -- Up-to-date: /home/rhobtor/PHD/ARGOJ8_IA/install/path_manager_interfaces/include/path_manager_interfaces/path_manager_interfaces/srv/detail/robot_path__type_support.cpp
[0.945s] -- Up-to-date: /home/rhobtor/PHD/ARGOJ8_IA/install/path_manager_interfaces/include/path_manager_interfaces/path_manager_interfaces/srv/detail/return_robot_path__type_support.cpp
[0.945s] -- Up-to-date: /home/rhobtor/PHD/ARGOJ8_IA/install/path_manager_interfaces/include/path_manager_interfaces/path_manager_interfaces/srv/detail/assist_emergency__rosidl_typesupport_introspection_cpp.hpp
[0.945s] -- Up-to-date: /home/rhobtor/PHD/ARGOJ8_IA/install/path_manager_interfaces/include/path_manager_interfaces/path_manager_interfaces/srv/detail/read_path_from_file__type_support.cpp
[0.945s] -- Up-to-date: /home/rhobtor/PHD/ARGOJ8_IA/install/path_manager_interfaces/include/path_manager_interfaces/path_manager_interfaces/srv/detail/write_path_to_file__type_support.cpp
[0.945s] -- Up-to-date: /home/rhobtor/PHD/ARGOJ8_IA/install/path_manager_interfaces/include/path_manager_interfaces/path_manager_interfaces/srv/detail/plan_path__rosidl_typesupport_introspection_cpp.hpp
[0.945s] -- Up-to-date: /home/rhobtor/PHD/ARGOJ8_IA/install/path_manager_interfaces/include/path_manager_interfaces/path_manager_interfaces/srv/detail/get_ll_path__rosidl_typesupport_introspection_cpp.hpp
[0.946s] -- Up-to-date: /home/rhobtor/PHD/ARGOJ8_IA/install/path_manager_interfaces/lib/libpath_manager_interfaces__rosidl_typesupport_introspection_cpp.so
[0.946s] -- Up-to-date: /home/rhobtor/PHD/ARGOJ8_IA/install/path_manager_interfaces/lib/libpath_manager_interfaces__rosidl_typesupport_cpp.so
[0.946s] -- Up-to-date: /home/rhobtor/PHD/ARGOJ8_IA/install/path_manager_interfaces/share/path_manager_interfaces/environment/pythonpath.sh
[0.946s] -- Up-to-date: /home/rhobtor/PHD/ARGOJ8_IA/install/path_manager_interfaces/share/path_manager_interfaces/environment/pythonpath.dsv
[0.946s] -- Up-to-date: /home/rhobtor/PHD/ARGOJ8_IA/install/path_manager_interfaces/local/lib/python3.10/dist-packages/path_manager_interfaces-0.0.0-py3.10.egg-info
[0.947s] -- Installing: /home/rhobtor/PHD/ARGOJ8_IA/install/path_manager_interfaces/local/lib/python3.10/dist-packages/path_manager_interfaces-0.0.0-py3.10.egg-info/top_level.txt
[0.956s] -- Installing: /home/rhobtor/PHD/ARGOJ8_IA/install/path_manager_interfaces/local/lib/python3.10/dist-packages/path_manager_interfaces-0.0.0-py3.10.egg-info/SOURCES.txt
[0.957s] -- Installing: /home/rhobtor/PHD/ARGOJ8_IA/install/path_manager_interfaces/local/lib/python3.10/dist-packages/path_manager_interfaces-0.0.0-py3.10.egg-info/PKG-INFO
[0.957s] -- Installing: /home/rhobtor/PHD/ARGOJ8_IA/install/path_manager_interfaces/local/lib/python3.10/dist-packages/path_manager_interfaces-0.0.0-py3.10.egg-info/dependency_links.txt
[0.957s] -- Up-to-date: /home/rhobtor/PHD/ARGOJ8_IA/install/path_manager_interfaces/local/lib/python3.10/dist-packages/path_manager_interfaces
[0.957s] -- Up-to-date: /home/rhobtor/PHD/ARGOJ8_IA/install/path_manager_interfaces/local/lib/python3.10/dist-packages/path_manager_interfaces/path_manager_interfaces_s__rosidl_typesupport_fastrtps_c.cpython-310-x86_64-linux-gnu.so
[0.957s] -- Up-to-date: /home/rhobtor/PHD/ARGOJ8_IA/install/path_manager_interfaces/local/lib/python3.10/dist-packages/path_manager_interfaces/srv
[0.957s] -- Up-to-date: /home/rhobtor/PHD/ARGOJ8_IA/install/path_manager_interfaces/local/lib/python3.10/dist-packages/path_manager_interfaces/srv/_get_ll_path.py
[0.957s] -- Up-to-date: /home/rhobtor/PHD/ARGOJ8_IA/install/path_manager_interfaces/local/lib/python3.10/dist-packages/path_manager_interfaces/srv/_read_path_from_file.py
[0.957s] -- Up-to-date: /home/rhobtor/PHD/ARGOJ8_IA/install/path_manager_interfaces/local/lib/python3.10/dist-packages/path_manager_interfaces/srv/_read_path_from_file_s.c
[0.957s] -- Up-to-date: /home/rhobtor/PHD/ARGOJ8_IA/install/path_manager_interfaces/local/lib/python3.10/dist-packages/path_manager_interfaces/srv/_get_ll_path_s.c
[0.957s] -- Up-to-date: /home/rhobtor/PHD/ARGOJ8_IA/install/path_manager_interfaces/local/lib/python3.10/dist-packages/path_manager_interfaces/srv/_return_robot_path_s.c
[0.958s] -- Up-to-date: /home/rhobtor/PHD/ARGOJ8_IA/install/path_manager_interfaces/local/lib/python3.10/dist-packages/path_manager_interfaces/srv/_robot_path_s.c
[0.958s] -- Up-to-date: /home/rhobtor/PHD/ARGOJ8_IA/install/path_manager_interfaces/local/lib/python3.10/dist-packages/path_manager_interfaces/srv/_write_path_to_file.py
[0.958s] -- Up-to-date: /home/rhobtor/PHD/ARGOJ8_IA/install/path_manager_interfaces/local/lib/python3.10/dist-packages/path_manager_interfaces/srv/_robot_path.py
[0.959s] -- Up-to-date: /home/rhobtor/PHD/ARGOJ8_IA/install/path_manager_interfaces/local/lib/python3.10/dist-packages/path_manager_interfaces/srv/_plan_path.py
[0.959s] -- Up-to-date: /home/rhobtor/PHD/ARGOJ8_IA/install/path_manager_interfaces/local/lib/python3.10/dist-packages/path_manager_interfaces/srv/_return_robot_path.py
[0.960s] -- Up-to-date: /home/rhobtor/PHD/ARGOJ8_IA/install/path_manager_interfaces/local/lib/python3.10/dist-packages/path_manager_interfaces/srv/_get_fix_frame_path_s.c
[0.960s] -- Up-to-date: /home/rhobtor/PHD/ARGOJ8_IA/install/path_manager_interfaces/local/lib/python3.10/dist-packages/path_manager_interfaces/srv/__init__.py
[0.960s] -- Up-to-date: /home/rhobtor/PHD/ARGOJ8_IA/install/path_manager_interfaces/local/lib/python3.10/dist-packages/path_manager_interfaces/srv/_write_path_to_file_s.c
[0.961s] -- Up-to-date: /home/rhobtor/PHD/ARGOJ8_IA/install/path_manager_interfaces/local/lib/python3.10/dist-packages/path_manager_interfaces/srv/_plan_path_s.c
[0.961s] -- Up-to-date: /home/rhobtor/PHD/ARGOJ8_IA/install/path_manager_interfaces/local/lib/python3.10/dist-packages/path_manager_interfaces/srv/_assist_emergency_s.c
[0.961s] -- Up-to-date: /home/rhobtor/PHD/ARGOJ8_IA/install/path_manager_interfaces/local/lib/python3.10/dist-packages/path_manager_interfaces/srv/_get_fix_frame_path.py
[0.961s] -- Up-to-date: /home/rhobtor/PHD/ARGOJ8_IA/install/path_manager_interfaces/local/lib/python3.10/dist-packages/path_manager_interfaces/srv/_assist_emergency.py
[0.961s] -- Up-to-date: /home/rhobtor/PHD/ARGOJ8_IA/install/path_manager_interfaces/local/lib/python3.10/dist-packages/path_manager_interfaces/libpath_manager_interfaces__rosidl_generator_py.so
[0.961s] -- Up-to-date: /home/rhobtor/PHD/ARGOJ8_IA/install/path_manager_interfaces/local/lib/python3.10/dist-packages/path_manager_interfaces/path_manager_interfaces_s__rosidl_typesupport_introspection_c.cpython-310-x86_64-linux-gnu.so
[0.961s] -- Up-to-date: /home/rhobtor/PHD/ARGOJ8_IA/install/path_manager_interfaces/local/lib/python3.10/dist-packages/path_manager_interfaces/_path_manager_interfaces_s.ep.rosidl_typesupport_fastrtps_c.c
[0.961s] -- Up-to-date: /home/rhobtor/PHD/ARGOJ8_IA/install/path_manager_interfaces/local/lib/python3.10/dist-packages/path_manager_interfaces/_path_manager_interfaces_s.ep.rosidl_typesupport_introspection_c.c
[0.962s] -- Up-to-date: /home/rhobtor/PHD/ARGOJ8_IA/install/path_manager_interfaces/local/lib/python3.10/dist-packages/path_manager_interfaces/__init__.py
[0.962s] -- Up-to-date: /home/rhobtor/PHD/ARGOJ8_IA/install/path_manager_interfaces/local/lib/python3.10/dist-packages/path_manager_interfaces/path_manager_interfaces_s__rosidl_typesupport_c.cpython-310-x86_64-linux-gnu.so
[0.962s] -- Up-to-date: /home/rhobtor/PHD/ARGOJ8_IA/install/path_manager_interfaces/local/lib/python3.10/dist-packages/path_manager_interfaces/_path_manager_interfaces_s.ep.rosidl_typesupport_c.c
[1.012s] Listing '/home/rhobtor/PHD/ARGOJ8_IA/install/path_manager_interfaces/local/lib/python3.10/dist-packages/path_manager_interfaces'...
[1.012s] Listing '/home/rhobtor/PHD/ARGOJ8_IA/install/path_manager_interfaces/local/lib/python3.10/dist-packages/path_manager_interfaces/srv'...
[1.015s] -- Up-to-date: /home/rhobtor/PHD/ARGOJ8_IA/install/path_manager_interfaces/local/lib/python3.10/dist-packages/path_manager_interfaces/path_manager_interfaces_s__rosidl_typesupport_fastrtps_c.cpython-310-x86_64-linux-gnu.so
[1.015s] -- Up-to-date: /home/rhobtor/PHD/ARGOJ8_IA/install/path_manager_interfaces/local/lib/python3.10/dist-packages/path_manager_interfaces/path_manager_interfaces_s__rosidl_typesupport_introspection_c.cpython-310-x86_64-linux-gnu.so
[1.015s] -- Up-to-date: /home/rhobtor/PHD/ARGOJ8_IA/install/path_manager_interfaces/local/lib/python3.10/dist-packages/path_manager_interfaces/path_manager_interfaces_s__rosidl_typesupport_c.cpython-310-x86_64-linux-gnu.so
[1.015s] -- Up-to-date: /home/rhobtor/PHD/ARGOJ8_IA/install/path_manager_interfaces/lib/libpath_manager_interfaces__rosidl_generator_py.so
[1.016s] -- Up-to-date: /home/rhobtor/PHD/ARGOJ8_IA/install/path_manager_interfaces/share/path_manager_interfaces/srv/WritePathToFile.idl
[1.016s] -- Up-to-date: /home/rhobtor/PHD/ARGOJ8_IA/install/path_manager_interfaces/share/path_manager_interfaces/srv/ReadPathFromFile.idl
[1.016s] -- Up-to-date: /home/rhobtor/PHD/ARGOJ8_IA/install/path_manager_interfaces/share/path_manager_interfaces/srv/ReturnRobotPath.idl
[1.016s] -- Up-to-date: /home/rhobtor/PHD/ARGOJ8_IA/install/path_manager_interfaces/share/path_manager_interfaces/srv/RobotPath.idl
[1.016s] -- Up-to-date: /home/rhobtor/PHD/ARGOJ8_IA/install/path_manager_interfaces/share/path_manager_interfaces/srv/GetFixFramePath.idl
[1.016s] -- Up-to-date: /home/rhobtor/PHD/ARGOJ8_IA/install/path_manager_interfaces/share/path_manager_interfaces/srv/GetLLPath.idl
[1.016s] -- Up-to-date: /home/rhobtor/PHD/ARGOJ8_IA/install/path_manager_interfaces/share/path_manager_interfaces/srv/PlanPath.idl
[1.016s] -- Up-to-date: /home/rhobtor/PHD/ARGOJ8_IA/install/path_manager_interfaces/share/path_manager_interfaces/srv/AssistEmergency.idl
[1.017s] -- Up-to-date: /home/rhobtor/PHD/ARGOJ8_IA/install/path_manager_interfaces/share/path_manager_interfaces/srv/WritePathToFile.srv
[1.017s] -- Up-to-date: /home/rhobtor/PHD/ARGOJ8_IA/install/path_manager_interfaces/share/path_manager_interfaces/srv/WritePathToFile_Request.msg
[1.017s] -- Up-to-date: /home/rhobtor/PHD/ARGOJ8_IA/install/path_manager_interfaces/share/path_manager_interfaces/srv/WritePathToFile_Response.msg
[1.017s] -- Up-to-date: /home/rhobtor/PHD/ARGOJ8_IA/install/path_manager_interfaces/share/path_manager_interfaces/srv/ReadPathFromFile.srv
[1.017s] -- Up-to-date: /home/rhobtor/PHD/ARGOJ8_IA/install/path_manager_interfaces/share/path_manager_interfaces/srv/ReadPathFromFile_Request.msg
[1.017s] -- Up-to-date: /home/rhobtor/PHD/ARGOJ8_IA/install/path_manager_interfaces/share/path_manager_interfaces/srv/ReadPathFromFile_Response.msg
[1.017s] -- Up-to-date: /home/rhobtor/PHD/ARGOJ8_IA/install/path_manager_interfaces/share/path_manager_interfaces/srv/ReturnRobotPath.srv
[1.017s] -- Up-to-date: /home/rhobtor/PHD/ARGOJ8_IA/install/path_manager_interfaces/share/path_manager_interfaces/srv/ReturnRobotPath_Request.msg
[1.017s] -- Up-to-date: /home/rhobtor/PHD/ARGOJ8_IA/install/path_manager_interfaces/share/path_manager_interfaces/srv/ReturnRobotPath_Response.msg
[1.017s] -- Up-to-date: /home/rhobtor/PHD/ARGOJ8_IA/install/path_manager_interfaces/share/path_manager_interfaces/srv/RobotPath.srv
[1.017s] -- Up-to-date: /home/rhobtor/PHD/ARGOJ8_IA/install/path_manager_interfaces/share/path_manager_interfaces/srv/RobotPath_Request.msg
[1.017s] -- Up-to-date: /home/rhobtor/PHD/ARGOJ8_IA/install/path_manager_interfaces/share/path_manager_interfaces/srv/RobotPath_Response.msg
[1.017s] -- Up-to-date: /home/rhobtor/PHD/ARGOJ8_IA/install/path_manager_interfaces/share/path_manager_interfaces/srv/GetFixFramePath.srv
[1.017s] -- Up-to-date: /home/rhobtor/PHD/ARGOJ8_IA/install/path_manager_interfaces/share/path_manager_interfaces/srv/GetFixFramePath_Request.msg
[1.018s] -- Up-to-date: /home/rhobtor/PHD/ARGOJ8_IA/install/path_manager_interfaces/share/path_manager_interfaces/srv/GetFixFramePath_Response.msg
[1.018s] -- Up-to-date: /home/rhobtor/PHD/ARGOJ8_IA/install/path_manager_interfaces/share/path_manager_interfaces/srv/GetLLPath.srv
[1.018s] -- Up-to-date: /home/rhobtor/PHD/ARGOJ8_IA/install/path_manager_interfaces/share/path_manager_interfaces/srv/GetLLPath_Request.msg
[1.018s] -- Up-to-date: /home/rhobtor/PHD/ARGOJ8_IA/install/path_manager_interfaces/share/path_manager_interfaces/srv/GetLLPath_Response.msg
[1.018s] -- Up-to-date: /home/rhobtor/PHD/ARGOJ8_IA/install/path_manager_interfaces/share/path_manager_interfaces/srv/PlanPath.srv
[1.018s] -- Up-to-date: /home/rhobtor/PHD/ARGOJ8_IA/install/path_manager_interfaces/share/path_manager_interfaces/srv/PlanPath_Request.msg
[1.018s] -- Up-to-date: /home/rhobtor/PHD/ARGOJ8_IA/install/path_manager_interfaces/share/path_manager_interfaces/srv/PlanPath_Response.msg
[1.018s] -- Up-to-date: /home/rhobtor/PHD/ARGOJ8_IA/install/path_manager_interfaces/share/path_manager_interfaces/srv/AssistEmergency.srv
[1.018s] -- Up-to-date: /home/rhobtor/PHD/ARGOJ8_IA/install/path_manager_interfaces/share/path_manager_interfaces/srv/AssistEmergency_Request.msg
[1.018s] -- Up-to-date: /home/rhobtor/PHD/ARGOJ8_IA/install/path_manager_interfaces/share/path_manager_interfaces/srv/AssistEmergency_Response.msg
[1.018s] -- Up-to-date: /home/rhobtor/PHD/ARGOJ8_IA/install/path_manager_interfaces/share/ament_index/resource_index/package_run_dependencies/path_manager_interfaces
[1.018s] -- Up-to-date: /home/rhobtor/PHD/ARGOJ8_IA/install/path_manager_interfaces/share/ament_index/resource_index/parent_prefix_path/path_manager_interfaces
[1.018s] -- Up-to-date: /home/rhobtor/PHD/ARGOJ8_IA/install/path_manager_interfaces/share/path_manager_interfaces/environment/ament_prefix_path.sh
[1.018s] -- Up-to-date: /home/rhobtor/PHD/ARGOJ8_IA/install/path_manager_interfaces/share/path_manager_interfaces/environment/ament_prefix_path.dsv
[1.019s] -- Up-to-date: /home/rhobtor/PHD/ARGOJ8_IA/install/path_manager_interfaces/share/path_manager_interfaces/environment/path.sh
[1.019s] -- Up-to-date: /home/rhobtor/PHD/ARGOJ8_IA/install/path_manager_interfaces/share/path_manager_interfaces/environment/path.dsv
[1.019s] -- Up-to-date: /home/rhobtor/PHD/ARGOJ8_IA/install/path_manager_interfaces/share/path_manager_interfaces/local_setup.bash
[1.019s] -- Up-to-date: /home/rhobtor/PHD/ARGOJ8_IA/install/path_manager_interfaces/share/path_manager_interfaces/local_setup.sh
[1.019s] -- Up-to-date: /home/rhobtor/PHD/ARGOJ8_IA/install/path_manager_interfaces/share/path_manager_interfaces/local_setup.zsh
[1.019s] -- Up-to-date: /home/rhobtor/PHD/ARGOJ8_IA/install/path_manager_interfaces/share/path_manager_interfaces/local_setup.dsv
[1.019s] -- Installing: /home/rhobtor/PHD/ARGOJ8_IA/install/path_manager_interfaces/share/path_manager_interfaces/package.dsv
[1.019s] -- Up-to-date: /home/rhobtor/PHD/ARGOJ8_IA/install/path_manager_interfaces/share/ament_index/resource_index/packages/path_manager_interfaces
[1.019s] -- Up-to-date: /home/rhobtor/PHD/ARGOJ8_IA/install/path_manager_interfaces/share/path_manager_interfaces/cmake/export_path_manager_interfaces__rosidl_generator_cExport.cmake
[1.019s] -- Up-to-date: /home/rhobtor/PHD/ARGOJ8_IA/install/path_manager_interfaces/share/path_manager_interfaces/cmake/export_path_manager_interfaces__rosidl_generator_cExport-noconfig.cmake
[1.019s] -- Up-to-date: /home/rhobtor/PHD/ARGOJ8_IA/install/path_manager_interfaces/share/path_manager_interfaces/cmake/export_path_manager_interfaces__rosidl_typesupport_fastrtps_cExport.cmake
[1.019s] -- Up-to-date: /home/rhobtor/PHD/ARGOJ8_IA/install/path_manager_interfaces/share/path_manager_interfaces/cmake/export_path_manager_interfaces__rosidl_typesupport_fastrtps_cExport-noconfig.cmake
[1.019s] -- Up-to-date: /home/rhobtor/PHD/ARGOJ8_IA/install/path_manager_interfaces/share/path_manager_interfaces/cmake/path_manager_interfaces__rosidl_typesupport_introspection_cExport.cmake
[1.019s] -- Up-to-date: /home/rhobtor/PHD/ARGOJ8_IA/install/path_manager_interfaces/share/path_manager_interfaces/cmake/path_manager_interfaces__rosidl_typesupport_introspection_cExport-noconfig.cmake
[1.019s] -- Up-to-date: /home/rhobtor/PHD/ARGOJ8_IA/install/path_manager_interfaces/share/path_manager_interfaces/cmake/path_manager_interfaces__rosidl_typesupport_cExport.cmake
[1.020s] -- Up-to-date: /home/rhobtor/PHD/ARGOJ8_IA/install/path_manager_interfaces/share/path_manager_interfaces/cmake/path_manager_interfaces__rosidl_typesupport_cExport-noconfig.cmake
[1.020s] -- Up-to-date: /home/rhobtor/PHD/ARGOJ8_IA/install/path_manager_interfaces/share/path_manager_interfaces/cmake/export_path_manager_interfaces__rosidl_generator_cppExport.cmake
[1.020s] -- Up-to-date: /home/rhobtor/PHD/ARGOJ8_IA/install/path_manager_interfaces/share/path_manager_interfaces/cmake/export_path_manager_interfaces__rosidl_typesupport_fastrtps_cppExport.cmake
[1.020s] -- Up-to-date: /home/rhobtor/PHD/ARGOJ8_IA/install/path_manager_interfaces/share/path_manager_interfaces/cmake/export_path_manager_interfaces__rosidl_typesupport_fastrtps_cppExport-noconfig.cmake
[1.020s] -- Up-to-date: /home/rhobtor/PHD/ARGOJ8_IA/install/path_manager_interfaces/share/path_manager_interfaces/cmake/path_manager_interfaces__rosidl_typesupport_introspection_cppExport.cmake
[1.020s] -- Up-to-date: /home/rhobtor/PHD/ARGOJ8_IA/install/path_manager_interfaces/share/path_manager_interfaces/cmake/path_manager_interfaces__rosidl_typesupport_introspection_cppExport-noconfig.cmake
[1.020s] -- Up-to-date: /home/rhobtor/PHD/ARGOJ8_IA/install/path_manager_interfaces/share/path_manager_interfaces/cmake/path_manager_interfaces__rosidl_typesupport_cppExport.cmake
[1.020s] -- Up-to-date: /home/rhobtor/PHD/ARGOJ8_IA/install/path_manager_interfaces/share/path_manager_interfaces/cmake/path_manager_interfaces__rosidl_typesupport_cppExport-noconfig.cmake
[1.020s] -- Up-to-date: /home/rhobtor/PHD/ARGOJ8_IA/install/path_manager_interfaces/share/path_manager_interfaces/cmake/export_path_manager_interfaces__rosidl_generator_pyExport.cmake
[1.020s] -- Up-to-date: /home/rhobtor/PHD/ARGOJ8_IA/install/path_manager_interfaces/share/path_manager_interfaces/cmake/export_path_manager_interfaces__rosidl_generator_pyExport-noconfig.cmake
[1.021s] -- Up-to-date: /home/rhobtor/PHD/ARGOJ8_IA/install/path_manager_interfaces/share/path_manager_interfaces/cmake/rosidl_cmake-extras.cmake
[1.021s] -- Up-to-date: /home/rhobtor/PHD/ARGOJ8_IA/install/path_manager_interfaces/share/path_manager_interfaces/cmake/ament_cmake_export_dependencies-extras.cmake
[1.021s] -- Up-to-date: /home/rhobtor/PHD/ARGOJ8_IA/install/path_manager_interfaces/share/path_manager_interfaces/cmake/ament_cmake_export_include_directories-extras.cmake
[1.021s] -- Up-to-date: /home/rhobtor/PHD/ARGOJ8_IA/install/path_manager_interfaces/share/path_manager_interfaces/cmake/ament_cmake_export_libraries-extras.cmake
[1.021s] -- Up-to-date: /home/rhobtor/PHD/ARGOJ8_IA/install/path_manager_interfaces/share/path_manager_interfaces/cmake/ament_cmake_export_targets-extras.cmake
[1.021s] -- Up-to-date: /home/rhobtor/PHD/ARGOJ8_IA/install/path_manager_interfaces/share/path_manager_interfaces/cmake/rosidl_cmake_export_typesupport_targets-extras.cmake
[1.021s] -- Up-to-date: /home/rhobtor/PHD/ARGOJ8_IA/install/path_manager_interfaces/share/path_manager_interfaces/cmake/rosidl_cmake_export_typesupport_libraries-extras.cmake
[1.021s] -- Up-to-date: /home/rhobtor/PHD/ARGOJ8_IA/install/path_manager_interfaces/share/path_manager_interfaces/cmake/path_manager_interfacesConfig.cmake
[1.021s] -- Up-to-date: /home/rhobtor/PHD/ARGOJ8_IA/install/path_manager_interfaces/share/path_manager_interfaces/cmake/path_manager_interfacesConfig-version.cmake
[1.021s] -- Up-to-date: /home/rhobtor/PHD/ARGOJ8_IA/install/path_manager_interfaces/share/path_manager_interfaces/package.xml
[1.195s] Invoked command in '/home/rhobtor/PHD/ARGOJ8_IA/build/path_manager_interfaces' returned '0': CMAKE_PREFIX_PATH=${CMAKE_PREFIX_PATH}:/home/rhobtor/PHD/ARGOJ8_IA/install/ntrip_client:/home/rhobtor/PHD/ARGOJ8_IA/install/car:/home/rhobtor/PHD/ARGOJ8_IA/install/android_ros2_server:/home/rhobtor/PHD/ARGOJ8_IA/install/GUI_pkg:/home/rhobtor/PHD/reactive/Reactive-Navegation/workspace_full_conected/install/car:/opt/ros/humble /opt/st/stm32cubeclt_1.18.0/CMake/bin/cmake --install /home/rhobtor/PHD/ARGOJ8_IA/build/path_manager_interfaces
