[0.019s] Invoking command in '/home/rhobtor/PHD/ARGOJ8_IA/build/octomap_server': CMAKE_PREFIX_PATH=/home/rhobtor/PHD/ARGOJ8_IA/install/car_interfaces:/home/rhobtor/PHD/ARGOJ8_IA/install/octomap_mapping:/home/rhobtor/PHD/ARGOJ8_IA/install/octomap_server:/home/rhobtor/PHD/ARGOJ8_IA/install/octomap_rviz_plugins:/home/rhobtor/PHD/ARGOJ8_IA/install/j8_xacro_model:/home/rhobtor/PHD/ARGOJ8_IA/install/hector_gazebo_plugins:/home/rhobtor/PHD/ARGOJ8_IA/install/fixposition_sensor_pkg:/home/rhobtor/PHD/ARGOJ8_IA/install/car_cpp:/home/rhobtor/PHD/ARGOJ8_IA/install/argj801_ctl_platform:/home/rhobtor/PHD/ARGOJ8_IA/install/argj801_ctl_platform_interfaces:/home/rhobtor/packages/install/grid_map:/home/rhobtor/packages/install/grid_map_demos:/home/rhobtor/packages/install/grid_map_visualization:/home/rhobtor/packages/install/grid_map_sdf:/home/rhobtor/packages/install/grid_map_rviz_plugin:/home/rhobtor/packages/install/grid_map_pcl:/home/rhobtor/packages/install/grid_map_loader:/home/rhobtor/packages/install/grid_map_filters:/home/rhobtor/packages/install/grid_map_ros:/home/rhobtor/packages/install/grid_map_octomap:/home/rhobtor/packages/install/grid_map_msgs:/home/rhobtor/packages/install/grid_map_cv:/home/rhobtor/packages/install/grid_map_costmap_2d:/home/rhobtor/packages/install/grid_map_core:/home/rhobtor/packages/install/grid_map_cmake_helpers:/home/rhobtor/PHD/reactive/Reactive-Navegation/workspace_full_conected/install/octomap_mapping:/home/rhobtor/PHD/reactive/Reactive-Navegation/workspace_full_conected/install/octomap_server:/home/rhobtor/PHD/reactive/Reactive-Navegation/workspace_full_conected/install/octomap_rviz_plugins:/home/rhobtor/PHD/reactive/Reactive-Navegation/workspace_full_conected/install/hector_gazebo_plugins:/home/rhobtor/PHD/reactive/Reactive-Navegation/workspace_full_conected/install/car_cpp:/home/rhobtor/PHD/reactive/Reactive-Navegation/workspace_full_conected/install/car_interfaces:/home/rhobtor/PHD/ARGOJ8_IA/install/car:/home/rhobtor/PHD/reactive/Reactive-Navegation/workspace_full_conected/install/car:/opt/ros/humble LD_LIBRARY_PATH=/home/rhobtor/PHD/ARGOJ8_IA/install/car_interfaces/lib:/home/rhobtor/PHD/ARGOJ8_IA/install/octomap_server/lib:/home/rhobtor/PHD/ARGOJ8_IA/install/octomap_rviz_plugins/lib:/home/rhobtor/PHD/ARGOJ8_IA/install/j8_xacro_model/lib:/home/rhobtor/PHD/ARGOJ8_IA/install/hector_gazebo_plugins/lib:/home/rhobtor/PHD/ARGOJ8_IA/install/fixposition_sensor_pkg/lib:/home/rhobtor/PHD/ARGOJ8_IA/install/car_cpp/lib:/home/rhobtor/PHD/ARGOJ8_IA/install/argj801_ctl_platform_interfaces/lib:/home/rhobtor/packages/install/grid_map_demos/lib:/home/rhobtor/packages/install/grid_map_visualization/lib:/home/rhobtor/packages/install/grid_map_sdf/lib:/home/rhobtor/packages/install/grid_map_rviz_plugin/lib:/home/rhobtor/packages/install/grid_map_pcl/lib:/home/rhobtor/packages/install/grid_map_loader/lib:/home/rhobtor/packages/install/grid_map_filters/lib:/home/rhobtor/packages/install/grid_map_ros/lib:/home/rhobtor/packages/install/grid_map_octomap/lib:/home/rhobtor/packages/install/grid_map_msgs/lib:/home/rhobtor/packages/install/grid_map_cv/lib:/home/rhobtor/packages/install/grid_map_costmap_2d/lib:/home/rhobtor/packages/install/grid_map_core/lib:/home/rhobtor/PHD/reactive/Reactive-Navegation/workspace_full_conected/install/octomap_server/lib:/home/rhobtor/PHD/reactive/Reactive-Navegation/workspace_full_conected/install/octomap_rviz_plugins/lib:/home/rhobtor/PHD/reactive/Reactive-Navegation/workspace_full_conected/install/hector_gazebo_plugins/lib:/home/rhobtor/PHD/reactive/Reactive-Navegation/workspace_full_conected/install/car_cpp/lib:/home/rhobtor/PHD/reactive/Reactive-Navegation/workspace_full_conected/install/car_interfaces/lib:/usr/lib/x86_64-linux-gnu/gazebo-11/plugins:/opt/ros/humble/opt/rviz_ogre_vendor/lib:/opt/ros/humble/lib/x86_64-linux-gnu:/opt/ros/humble/lib /opt/st/stm32cubeclt_1.18.0/CMake/bin/cmake /home/rhobtor/PHD/ARGOJ8_IA/src/octomap/octomap_server -DAMENT_CMAKE_SYMLINK_INSTALL=1 -DCMAKE_INSTALL_PREFIX=/home/rhobtor/PHD/ARGOJ8_IA/install/octomap_server
[0.228s] -- Eigen found (include: /usr/include/eigen3, version: 3.4.0)
[0.229s] -- FLANN found (include: /usr/include, lib: /usr/lib/x86_64-linux-gnu/libflann_cpp.so)
[0.229s] [33mCMake Warning (dev) at /usr/lib/x86_64-linux-gnu/cmake/pcl/PCLConfig.cmake:146 (find_package):
[0.229s]   Policy CMP0144 is not set: find_package uses upper-case <PACKAGENAME>_ROOT
[0.229s]   variables.  Run "cmake --help-policy CMP0144" for policy details.  Use the
[0.229s]   cmake_policy command to set the policy and suppress this warning.
[0.230s] 
[0.230s]   CMake variable EIGEN_ROOT is set to:
[0.230s] 
[0.230s]     /usr/include/eigen3
[0.230s] 
[0.230s]   For compatibility, find_package is ignoring the variable, but code in a
[0.230s]   .cmake module might still use it.
[0.230s] Call Stack (most recent call first):
[0.230s]   /usr/lib/x86_64-linux-gnu/cmake/pcl/PCLConfig.cmake:299 (find_eigen)
[0.230s]   /usr/lib/x86_64-linux-gnu/cmake/pcl/PCLConfig.cmake:543 (find_external_library)
[0.230s]   CMakeLists.txt:13 (find_package)
[0.231s] This warning is for project developers.  Use -Wno-dev to suppress it.
[0.231s] [0m
[0.231s] [33mCMake Warning (dev) at /usr/lib/x86_64-linux-gnu/cmake/pcl/Modules/FindFLANN.cmake:44 (find_package):
[0.231s]   Policy CMP0144 is not set: find_package uses upper-case <PACKAGENAME>_ROOT
[0.231s]   variables.  Run "cmake --help-policy CMP0144" for policy details.  Use the
[0.231s]   cmake_policy command to set the policy and suppress this warning.
[0.231s] 
[0.231s]   CMake variable FLANN_ROOT is set to:
[0.231s] 
[0.231s]     /usr
[0.231s] 
[0.231s]   For compatibility, find_package is ignoring the variable, but code in a
[0.232s]   .cmake module might still use it.
[0.232s] Call Stack (most recent call first):
[0.232s]   /usr/lib/x86_64-linux-gnu/cmake/pcl/PCLConfig.cmake:256 (find_package)
[0.232s]   /usr/lib/x86_64-linux-gnu/cmake/pcl/PCLConfig.cmake:301 (find_flann)
[0.232s]   /usr/lib/x86_64-linux-gnu/cmake/pcl/PCLConfig.cmake:543 (find_external_library)
[0.232s]   CMakeLists.txt:13 (find_package)
[0.232s] This warning is for project developers.  Use -Wno-dev to suppress it.
[0.232s] [0m
[0.278s] -- Found Eigen3: /usr/include/eigen3 (found version "3.4.0") 
[0.586s] -- OpenNI found (version: 1.5.4.0, include: /usr/include/ni, lib: /usr/lib/libOpenNI.so;libusb::libusb)
[0.594s] -- OpenNI2 found (version: 2.2.0.33, include: /usr/include/openni2, lib: /usr/lib/x86_64-linux-gnu/libOpenNI2.so;libusb::libusb)
[0.595s] [0m** WARNING ** io features related to pcap will be disabled[0m
[0.951s] -- Eigen found (include: /usr/include/eigen3, version: 3.4.0)
[0.959s] -- OpenNI found (version: 1.5.4.0, include: /usr/include/ni, lib: /usr/lib/libOpenNI.so;libusb::libusb)
[0.968s] -- OpenNI2 found (version: 2.2.0.33, include: /usr/include/openni2, lib: /usr/lib/x86_64-linux-gnu/libOpenNI2.so;libusb::libusb)
[1.356s] -- Found Qhull version 8.0.2
[1.647s] -- OpenNI found (version: 1.5.4.0, include: /usr/include/ni, lib: /usr/lib/libOpenNI.so;libusb::libusb)
[1.930s] -- looking for PCL_COMMON
[1.931s] -- looking for PCL_KDTREE
[1.931s] -- looking for PCL_OCTREE
[1.931s] -- looking for PCL_SEARCH
[1.932s] -- looking for PCL_SAMPLE_CONSENSUS
[1.932s] -- looking for PCL_FILTERS
[1.932s] -- looking for PCL_2D
[1.932s] -- looking for PCL_GEOMETRY
[1.933s] -- looking for PCL_IO
[1.933s] -- looking for PCL_FEATURES
[1.933s] -- looking for PCL_ML
[1.934s] -- looking for PCL_SEGMENTATION
[1.934s] -- looking for PCL_VISUALIZATION
[1.935s] -- looking for PCL_SURFACE
[1.935s] -- looking for PCL_REGISTRATION
[1.935s] -- looking for PCL_KEYPOINTS
[1.936s] -- looking for PCL_TRACKING
[1.936s] -- looking for PCL_RECOGNITION
[1.936s] -- looking for PCL_STEREO
[1.937s] -- looking for PCL_APPS
[1.937s] -- looking for PCL_IN_HAND_SCANNER
[1.938s] -- looking for PCL_MODELER
[1.938s] -- looking for PCL_POINT_CLOUD_EDITOR
[1.938s] -- looking for PCL_OUTOFCORE
[1.939s] -- looking for PCL_PEOPLE
[1.940s] -- Found ament_cmake_auto: 1.3.11 (/opt/ros/humble/share/ament_cmake_auto/cmake)
[2.117s] -- Override CMake install command with custom implementation using symlinks instead of copying resources
[2.188s] -- Found rosidl_generator_c: 3.1.6 (/opt/ros/humble/share/rosidl_generator_c/cmake)
[2.191s] -- Found rosidl_adapter: 3.1.6 (/opt/ros/humble/share/rosidl_adapter/cmake)
[2.196s] -- Found rosidl_generator_cpp: 3.1.6 (/opt/ros/humble/share/rosidl_generator_cpp/cmake)
[2.206s] -- Using all available rosidl_typesupport_c: rosidl_typesupport_fastrtps_c;rosidl_typesupport_introspection_c
[2.218s] -- Using all available rosidl_typesupport_cpp: rosidl_typesupport_fastrtps_cpp;rosidl_typesupport_introspection_cpp
[2.296s] -- Found rmw_implementation_cmake: 6.1.2 (/opt/ros/humble/share/rmw_implementation_cmake/cmake)
[2.298s] -- Found rmw_fastrtps_cpp: 6.2.7 (/opt/ros/humble/share/rmw_fastrtps_cpp/cmake)
[2.390s] -- Using RMW implementation 'rmw_fastrtps_cpp' as default
[2.515s] -- Found eigen3_cmake_module: 0.1.1 (/opt/ros/humble/share/eigen3_cmake_module/cmake)
[2.516s] -- Found Eigen3: TRUE (found version "3.4.0") 
[2.516s] -- Ensuring Eigen3 include directory is part of orocos-kdl CMake target
[2.873s] -- Found ament_lint_auto: 0.12.12 (/opt/ros/humble/share/ament_lint_auto/cmake)
[2.881s] -- Added test 'copyright' to check source files copyright and LICENSE
[2.882s] -- Added test 'cppcheck' to perform static code analysis on C / C++ code
[2.884s] -- Configured cppcheck include dirs: /home/rhobtor/PHD/ARGOJ8_IA/src/octomap/octomap_server/include
[2.884s] -- Configured cppcheck exclude dirs and/or files: 
[2.885s] -- Added test 'cpplint' to check C / C++ code against the Google style
[2.885s] -- Configured cpplint exclude dirs and/or files: 
[2.885s] -- Added test 'flake8' to check Python code syntax and style conventions
[2.885s] -- Added test 'lint_cmake' to check CMake code style
[2.886s] -- Added test 'pep257' to check Python code against some of the docstring style conventions in PEP 257
[2.887s] -- Added test 'uncrustify' to check C / C++ code style
[2.887s] -- Configured uncrustify additional arguments: 
[2.887s] -- Added test 'xmllint' to check XML markup files
[2.888s] -- Configuring done (2.9s)
[3.066s] -- Generating done (0.1s)
[3.088s] -- Build files have been written to: /home/rhobtor/PHD/ARGOJ8_IA/build/octomap_server
[3.101s] Invoked command in '/home/rhobtor/PHD/ARGOJ8_IA/build/octomap_server' returned '0': CMAKE_PREFIX_PATH=/home/rhobtor/PHD/ARGOJ8_IA/install/car_interfaces:/home/rhobtor/PHD/ARGOJ8_IA/install/octomap_mapping:/home/rhobtor/PHD/ARGOJ8_IA/install/octomap_server:/home/rhobtor/PHD/ARGOJ8_IA/install/octomap_rviz_plugins:/home/rhobtor/PHD/ARGOJ8_IA/install/j8_xacro_model:/home/rhobtor/PHD/ARGOJ8_IA/install/hector_gazebo_plugins:/home/rhobtor/PHD/ARGOJ8_IA/install/fixposition_sensor_pkg:/home/rhobtor/PHD/ARGOJ8_IA/install/car_cpp:/home/rhobtor/PHD/ARGOJ8_IA/install/argj801_ctl_platform:/home/rhobtor/PHD/ARGOJ8_IA/install/argj801_ctl_platform_interfaces:/home/rhobtor/packages/install/grid_map:/home/rhobtor/packages/install/grid_map_demos:/home/rhobtor/packages/install/grid_map_visualization:/home/rhobtor/packages/install/grid_map_sdf:/home/rhobtor/packages/install/grid_map_rviz_plugin:/home/rhobtor/packages/install/grid_map_pcl:/home/rhobtor/packages/install/grid_map_loader:/home/rhobtor/packages/install/grid_map_filters:/home/rhobtor/packages/install/grid_map_ros:/home/rhobtor/packages/install/grid_map_octomap:/home/rhobtor/packages/install/grid_map_msgs:/home/rhobtor/packages/install/grid_map_cv:/home/rhobtor/packages/install/grid_map_costmap_2d:/home/rhobtor/packages/install/grid_map_core:/home/rhobtor/packages/install/grid_map_cmake_helpers:/home/rhobtor/PHD/reactive/Reactive-Navegation/workspace_full_conected/install/octomap_mapping:/home/rhobtor/PHD/reactive/Reactive-Navegation/workspace_full_conected/install/octomap_server:/home/rhobtor/PHD/reactive/Reactive-Navegation/workspace_full_conected/install/octomap_rviz_plugins:/home/rhobtor/PHD/reactive/Reactive-Navegation/workspace_full_conected/install/hector_gazebo_plugins:/home/rhobtor/PHD/reactive/Reactive-Navegation/workspace_full_conected/install/car_cpp:/home/rhobtor/PHD/reactive/Reactive-Navegation/workspace_full_conected/install/car_interfaces:/home/rhobtor/PHD/ARGOJ8_IA/install/car:/home/rhobtor/PHD/reactive/Reactive-Navegation/workspace_full_conected/install/car:/opt/ros/humble LD_LIBRARY_PATH=/home/rhobtor/PHD/ARGOJ8_IA/install/car_interfaces/lib:/home/rhobtor/PHD/ARGOJ8_IA/install/octomap_server/lib:/home/rhobtor/PHD/ARGOJ8_IA/install/octomap_rviz_plugins/lib:/home/rhobtor/PHD/ARGOJ8_IA/install/j8_xacro_model/lib:/home/rhobtor/PHD/ARGOJ8_IA/install/hector_gazebo_plugins/lib:/home/rhobtor/PHD/ARGOJ8_IA/install/fixposition_sensor_pkg/lib:/home/rhobtor/PHD/ARGOJ8_IA/install/car_cpp/lib:/home/rhobtor/PHD/ARGOJ8_IA/install/argj801_ctl_platform_interfaces/lib:/home/rhobtor/packages/install/grid_map_demos/lib:/home/rhobtor/packages/install/grid_map_visualization/lib:/home/rhobtor/packages/install/grid_map_sdf/lib:/home/rhobtor/packages/install/grid_map_rviz_plugin/lib:/home/rhobtor/packages/install/grid_map_pcl/lib:/home/rhobtor/packages/install/grid_map_loader/lib:/home/rhobtor/packages/install/grid_map_filters/lib:/home/rhobtor/packages/install/grid_map_ros/lib:/home/rhobtor/packages/install/grid_map_octomap/lib:/home/rhobtor/packages/install/grid_map_msgs/lib:/home/rhobtor/packages/install/grid_map_cv/lib:/home/rhobtor/packages/install/grid_map_costmap_2d/lib:/home/rhobtor/packages/install/grid_map_core/lib:/home/rhobtor/PHD/reactive/Reactive-Navegation/workspace_full_conected/install/octomap_server/lib:/home/rhobtor/PHD/reactive/Reactive-Navegation/workspace_full_conected/install/octomap_rviz_plugins/lib:/home/rhobtor/PHD/reactive/Reactive-Navegation/workspace_full_conected/install/hector_gazebo_plugins/lib:/home/rhobtor/PHD/reactive/Reactive-Navegation/workspace_full_conected/install/car_cpp/lib:/home/rhobtor/PHD/reactive/Reactive-Navegation/workspace_full_conected/install/car_interfaces/lib:/usr/lib/x86_64-linux-gnu/gazebo-11/plugins:/opt/ros/humble/opt/rviz_ogre_vendor/lib:/opt/ros/humble/lib/x86_64-linux-gnu:/opt/ros/humble/lib /opt/st/stm32cubeclt_1.18.0/CMake/bin/cmake /home/rhobtor/PHD/ARGOJ8_IA/src/octomap/octomap_server -DAMENT_CMAKE_SYMLINK_INSTALL=1 -DCMAKE_INSTALL_PREFIX=/home/rhobtor/PHD/ARGOJ8_IA/install/octomap_server
[3.102s] Invoking command in '/home/rhobtor/PHD/ARGOJ8_IA/build/octomap_server': CMAKE_PREFIX_PATH=/home/rhobtor/PHD/ARGOJ8_IA/install/car_interfaces:/home/rhobtor/PHD/ARGOJ8_IA/install/octomap_mapping:/home/rhobtor/PHD/ARGOJ8_IA/install/octomap_server:/home/rhobtor/PHD/ARGOJ8_IA/install/octomap_rviz_plugins:/home/rhobtor/PHD/ARGOJ8_IA/install/j8_xacro_model:/home/rhobtor/PHD/ARGOJ8_IA/install/hector_gazebo_plugins:/home/rhobtor/PHD/ARGOJ8_IA/install/fixposition_sensor_pkg:/home/rhobtor/PHD/ARGOJ8_IA/install/car_cpp:/home/rhobtor/PHD/ARGOJ8_IA/install/argj801_ctl_platform:/home/rhobtor/PHD/ARGOJ8_IA/install/argj801_ctl_platform_interfaces:/home/rhobtor/packages/install/grid_map:/home/rhobtor/packages/install/grid_map_demos:/home/rhobtor/packages/install/grid_map_visualization:/home/rhobtor/packages/install/grid_map_sdf:/home/rhobtor/packages/install/grid_map_rviz_plugin:/home/rhobtor/packages/install/grid_map_pcl:/home/rhobtor/packages/install/grid_map_loader:/home/rhobtor/packages/install/grid_map_filters:/home/rhobtor/packages/install/grid_map_ros:/home/rhobtor/packages/install/grid_map_octomap:/home/rhobtor/packages/install/grid_map_msgs:/home/rhobtor/packages/install/grid_map_cv:/home/rhobtor/packages/install/grid_map_costmap_2d:/home/rhobtor/packages/install/grid_map_core:/home/rhobtor/packages/install/grid_map_cmake_helpers:/home/rhobtor/PHD/reactive/Reactive-Navegation/workspace_full_conected/install/octomap_mapping:/home/rhobtor/PHD/reactive/Reactive-Navegation/workspace_full_conected/install/octomap_server:/home/rhobtor/PHD/reactive/Reactive-Navegation/workspace_full_conected/install/octomap_rviz_plugins:/home/rhobtor/PHD/reactive/Reactive-Navegation/workspace_full_conected/install/hector_gazebo_plugins:/home/rhobtor/PHD/reactive/Reactive-Navegation/workspace_full_conected/install/car_cpp:/home/rhobtor/PHD/reactive/Reactive-Navegation/workspace_full_conected/install/car_interfaces:/home/rhobtor/PHD/ARGOJ8_IA/install/car:/home/rhobtor/PHD/reactive/Reactive-Navegation/workspace_full_conected/install/car:/opt/ros/humble LD_LIBRARY_PATH=/home/rhobtor/PHD/ARGOJ8_IA/install/car_interfaces/lib:/home/rhobtor/PHD/ARGOJ8_IA/install/octomap_server/lib:/home/rhobtor/PHD/ARGOJ8_IA/install/octomap_rviz_plugins/lib:/home/rhobtor/PHD/ARGOJ8_IA/install/j8_xacro_model/lib:/home/rhobtor/PHD/ARGOJ8_IA/install/hector_gazebo_plugins/lib:/home/rhobtor/PHD/ARGOJ8_IA/install/fixposition_sensor_pkg/lib:/home/rhobtor/PHD/ARGOJ8_IA/install/car_cpp/lib:/home/rhobtor/PHD/ARGOJ8_IA/install/argj801_ctl_platform_interfaces/lib:/home/rhobtor/packages/install/grid_map_demos/lib:/home/rhobtor/packages/install/grid_map_visualization/lib:/home/rhobtor/packages/install/grid_map_sdf/lib:/home/rhobtor/packages/install/grid_map_rviz_plugin/lib:/home/rhobtor/packages/install/grid_map_pcl/lib:/home/rhobtor/packages/install/grid_map_loader/lib:/home/rhobtor/packages/install/grid_map_filters/lib:/home/rhobtor/packages/install/grid_map_ros/lib:/home/rhobtor/packages/install/grid_map_octomap/lib:/home/rhobtor/packages/install/grid_map_msgs/lib:/home/rhobtor/packages/install/grid_map_cv/lib:/home/rhobtor/packages/install/grid_map_costmap_2d/lib:/home/rhobtor/packages/install/grid_map_core/lib:/home/rhobtor/PHD/reactive/Reactive-Navegation/workspace_full_conected/install/octomap_server/lib:/home/rhobtor/PHD/reactive/Reactive-Navegation/workspace_full_conected/install/octomap_rviz_plugins/lib:/home/rhobtor/PHD/reactive/Reactive-Navegation/workspace_full_conected/install/hector_gazebo_plugins/lib:/home/rhobtor/PHD/reactive/Reactive-Navegation/workspace_full_conected/install/car_cpp/lib:/home/rhobtor/PHD/reactive/Reactive-Navegation/workspace_full_conected/install/car_interfaces/lib:/usr/lib/x86_64-linux-gnu/gazebo-11/plugins:/opt/ros/humble/opt/rviz_ogre_vendor/lib:/opt/ros/humble/lib/x86_64-linux-gnu:/opt/ros/humble/lib /opt/st/stm32cubeclt_1.18.0/CMake/bin/cmake --build /home/rhobtor/PHD/ARGOJ8_IA/build/octomap_server -- -j16 -l16
[3.129s] [  7%] Built target octomap_server_node
[3.130s] [ 15%] Built target octomap_server_multilayer_node
[3.130s] [ 23%] Built target tracking_octomap_server_node
[3.132s] [ 30%] Built target color_octomap_server_node
[3.134s] [ 38%] Built target octomap_server_static
[3.134s] [ 46%] Built target octomap_saver_node
[3.135s] [ 53%] Built target octomap_server_static_node
[3.166s] [ 61%] Built target octomap_server
[3.202s] [ 73%] Built target octomap_server_multilayer
[3.244s] [ 84%] Built target tracking_octomap_server
[3.276s] [ 92%] Built target color_octomap_server
[3.298s] [100%] Built target octomap_saver
[3.303s] Invoked command in '/home/rhobtor/PHD/ARGOJ8_IA/build/octomap_server' returned '0': CMAKE_PREFIX_PATH=/home/rhobtor/PHD/ARGOJ8_IA/install/car_interfaces:/home/rhobtor/PHD/ARGOJ8_IA/install/octomap_mapping:/home/rhobtor/PHD/ARGOJ8_IA/install/octomap_server:/home/rhobtor/PHD/ARGOJ8_IA/install/octomap_rviz_plugins:/home/rhobtor/PHD/ARGOJ8_IA/install/j8_xacro_model:/home/rhobtor/PHD/ARGOJ8_IA/install/hector_gazebo_plugins:/home/rhobtor/PHD/ARGOJ8_IA/install/fixposition_sensor_pkg:/home/rhobtor/PHD/ARGOJ8_IA/install/car_cpp:/home/rhobtor/PHD/ARGOJ8_IA/install/argj801_ctl_platform:/home/rhobtor/PHD/ARGOJ8_IA/install/argj801_ctl_platform_interfaces:/home/rhobtor/packages/install/grid_map:/home/rhobtor/packages/install/grid_map_demos:/home/rhobtor/packages/install/grid_map_visualization:/home/rhobtor/packages/install/grid_map_sdf:/home/rhobtor/packages/install/grid_map_rviz_plugin:/home/rhobtor/packages/install/grid_map_pcl:/home/rhobtor/packages/install/grid_map_loader:/home/rhobtor/packages/install/grid_map_filters:/home/rhobtor/packages/install/grid_map_ros:/home/rhobtor/packages/install/grid_map_octomap:/home/rhobtor/packages/install/grid_map_msgs:/home/rhobtor/packages/install/grid_map_cv:/home/rhobtor/packages/install/grid_map_costmap_2d:/home/rhobtor/packages/install/grid_map_core:/home/rhobtor/packages/install/grid_map_cmake_helpers:/home/rhobtor/PHD/reactive/Reactive-Navegation/workspace_full_conected/install/octomap_mapping:/home/rhobtor/PHD/reactive/Reactive-Navegation/workspace_full_conected/install/octomap_server:/home/rhobtor/PHD/reactive/Reactive-Navegation/workspace_full_conected/install/octomap_rviz_plugins:/home/rhobtor/PHD/reactive/Reactive-Navegation/workspace_full_conected/install/hector_gazebo_plugins:/home/rhobtor/PHD/reactive/Reactive-Navegation/workspace_full_conected/install/car_cpp:/home/rhobtor/PHD/reactive/Reactive-Navegation/workspace_full_conected/install/car_interfaces:/home/rhobtor/PHD/ARGOJ8_IA/install/car:/home/rhobtor/PHD/reactive/Reactive-Navegation/workspace_full_conected/install/car:/opt/ros/humble LD_LIBRARY_PATH=/home/rhobtor/PHD/ARGOJ8_IA/install/car_interfaces/lib:/home/rhobtor/PHD/ARGOJ8_IA/install/octomap_server/lib:/home/rhobtor/PHD/ARGOJ8_IA/install/octomap_rviz_plugins/lib:/home/rhobtor/PHD/ARGOJ8_IA/install/j8_xacro_model/lib:/home/rhobtor/PHD/ARGOJ8_IA/install/hector_gazebo_plugins/lib:/home/rhobtor/PHD/ARGOJ8_IA/install/fixposition_sensor_pkg/lib:/home/rhobtor/PHD/ARGOJ8_IA/install/car_cpp/lib:/home/rhobtor/PHD/ARGOJ8_IA/install/argj801_ctl_platform_interfaces/lib:/home/rhobtor/packages/install/grid_map_demos/lib:/home/rhobtor/packages/install/grid_map_visualization/lib:/home/rhobtor/packages/install/grid_map_sdf/lib:/home/rhobtor/packages/install/grid_map_rviz_plugin/lib:/home/rhobtor/packages/install/grid_map_pcl/lib:/home/rhobtor/packages/install/grid_map_loader/lib:/home/rhobtor/packages/install/grid_map_filters/lib:/home/rhobtor/packages/install/grid_map_ros/lib:/home/rhobtor/packages/install/grid_map_octomap/lib:/home/rhobtor/packages/install/grid_map_msgs/lib:/home/rhobtor/packages/install/grid_map_cv/lib:/home/rhobtor/packages/install/grid_map_costmap_2d/lib:/home/rhobtor/packages/install/grid_map_core/lib:/home/rhobtor/PHD/reactive/Reactive-Navegation/workspace_full_conected/install/octomap_server/lib:/home/rhobtor/PHD/reactive/Reactive-Navegation/workspace_full_conected/install/octomap_rviz_plugins/lib:/home/rhobtor/PHD/reactive/Reactive-Navegation/workspace_full_conected/install/hector_gazebo_plugins/lib:/home/rhobtor/PHD/reactive/Reactive-Navegation/workspace_full_conected/install/car_cpp/lib:/home/rhobtor/PHD/reactive/Reactive-Navegation/workspace_full_conected/install/car_interfaces/lib:/usr/lib/x86_64-linux-gnu/gazebo-11/plugins:/opt/ros/humble/opt/rviz_ogre_vendor/lib:/opt/ros/humble/lib/x86_64-linux-gnu:/opt/ros/humble/lib /opt/st/stm32cubeclt_1.18.0/CMake/bin/cmake --build /home/rhobtor/PHD/ARGOJ8_IA/build/octomap_server -- -j16 -l16
[3.306s] Invoking command in '/home/rhobtor/PHD/ARGOJ8_IA/build/octomap_server': CMAKE_PREFIX_PATH=/home/rhobtor/PHD/ARGOJ8_IA/install/car_interfaces:/home/rhobtor/PHD/ARGOJ8_IA/install/octomap_mapping:/home/rhobtor/PHD/ARGOJ8_IA/install/octomap_server:/home/rhobtor/PHD/ARGOJ8_IA/install/octomap_rviz_plugins:/home/rhobtor/PHD/ARGOJ8_IA/install/j8_xacro_model:/home/rhobtor/PHD/ARGOJ8_IA/install/hector_gazebo_plugins:/home/rhobtor/PHD/ARGOJ8_IA/install/fixposition_sensor_pkg:/home/rhobtor/PHD/ARGOJ8_IA/install/car_cpp:/home/rhobtor/PHD/ARGOJ8_IA/install/argj801_ctl_platform:/home/rhobtor/PHD/ARGOJ8_IA/install/argj801_ctl_platform_interfaces:/home/rhobtor/packages/install/grid_map:/home/rhobtor/packages/install/grid_map_demos:/home/rhobtor/packages/install/grid_map_visualization:/home/rhobtor/packages/install/grid_map_sdf:/home/rhobtor/packages/install/grid_map_rviz_plugin:/home/rhobtor/packages/install/grid_map_pcl:/home/rhobtor/packages/install/grid_map_loader:/home/rhobtor/packages/install/grid_map_filters:/home/rhobtor/packages/install/grid_map_ros:/home/rhobtor/packages/install/grid_map_octomap:/home/rhobtor/packages/install/grid_map_msgs:/home/rhobtor/packages/install/grid_map_cv:/home/rhobtor/packages/install/grid_map_costmap_2d:/home/rhobtor/packages/install/grid_map_core:/home/rhobtor/packages/install/grid_map_cmake_helpers:/home/rhobtor/PHD/reactive/Reactive-Navegation/workspace_full_conected/install/octomap_mapping:/home/rhobtor/PHD/reactive/Reactive-Navegation/workspace_full_conected/install/octomap_server:/home/rhobtor/PHD/reactive/Reactive-Navegation/workspace_full_conected/install/octomap_rviz_plugins:/home/rhobtor/PHD/reactive/Reactive-Navegation/workspace_full_conected/install/hector_gazebo_plugins:/home/rhobtor/PHD/reactive/Reactive-Navegation/workspace_full_conected/install/car_cpp:/home/rhobtor/PHD/reactive/Reactive-Navegation/workspace_full_conected/install/car_interfaces:/home/rhobtor/PHD/ARGOJ8_IA/install/car:/home/rhobtor/PHD/reactive/Reactive-Navegation/workspace_full_conected/install/car:/opt/ros/humble LD_LIBRARY_PATH=/home/rhobtor/PHD/ARGOJ8_IA/install/car_interfaces/lib:/home/rhobtor/PHD/ARGOJ8_IA/install/octomap_server/lib:/home/rhobtor/PHD/ARGOJ8_IA/install/octomap_rviz_plugins/lib:/home/rhobtor/PHD/ARGOJ8_IA/install/j8_xacro_model/lib:/home/rhobtor/PHD/ARGOJ8_IA/install/hector_gazebo_plugins/lib:/home/rhobtor/PHD/ARGOJ8_IA/install/fixposition_sensor_pkg/lib:/home/rhobtor/PHD/ARGOJ8_IA/install/car_cpp/lib:/home/rhobtor/PHD/ARGOJ8_IA/install/argj801_ctl_platform_interfaces/lib:/home/rhobtor/packages/install/grid_map_demos/lib:/home/rhobtor/packages/install/grid_map_visualization/lib:/home/rhobtor/packages/install/grid_map_sdf/lib:/home/rhobtor/packages/install/grid_map_rviz_plugin/lib:/home/rhobtor/packages/install/grid_map_pcl/lib:/home/rhobtor/packages/install/grid_map_loader/lib:/home/rhobtor/packages/install/grid_map_filters/lib:/home/rhobtor/packages/install/grid_map_ros/lib:/home/rhobtor/packages/install/grid_map_octomap/lib:/home/rhobtor/packages/install/grid_map_msgs/lib:/home/rhobtor/packages/install/grid_map_cv/lib:/home/rhobtor/packages/install/grid_map_costmap_2d/lib:/home/rhobtor/packages/install/grid_map_core/lib:/home/rhobtor/PHD/reactive/Reactive-Navegation/workspace_full_conected/install/octomap_server/lib:/home/rhobtor/PHD/reactive/Reactive-Navegation/workspace_full_conected/install/octomap_rviz_plugins/lib:/home/rhobtor/PHD/reactive/Reactive-Navegation/workspace_full_conected/install/hector_gazebo_plugins/lib:/home/rhobtor/PHD/reactive/Reactive-Navegation/workspace_full_conected/install/car_cpp/lib:/home/rhobtor/PHD/reactive/Reactive-Navegation/workspace_full_conected/install/car_interfaces/lib:/usr/lib/x86_64-linux-gnu/gazebo-11/plugins:/opt/ros/humble/opt/rviz_ogre_vendor/lib:/opt/ros/humble/lib/x86_64-linux-gnu:/opt/ros/humble/lib /opt/st/stm32cubeclt_1.18.0/CMake/bin/cmake --install /home/rhobtor/PHD/ARGOJ8_IA/build/octomap_server
[3.309s] -- Install configuration: ""
[3.310s] -- Execute custom install script
[3.310s] -- Up-to-date symlink: /home/rhobtor/PHD/ARGOJ8_IA/install/octomap_server/lib/octomap_server/octomap_server_static_node
[3.311s] -- Up-to-date symlink: /home/rhobtor/PHD/ARGOJ8_IA/install/octomap_server/lib/octomap_server/octomap_server_node
[3.311s] -- Up-to-date symlink: /home/rhobtor/PHD/ARGOJ8_IA/install/octomap_server/lib/octomap_server/octomap_server_multilayer_node
[3.311s] -- Up-to-date symlink: /home/rhobtor/PHD/ARGOJ8_IA/install/octomap_server/lib/octomap_server/tracking_octomap_server_node
[3.312s] -- Up-to-date symlink: /home/rhobtor/PHD/ARGOJ8_IA/install/octomap_server/lib/octomap_server/color_octomap_server_node
[3.312s] -- Up-to-date symlink: /home/rhobtor/PHD/ARGOJ8_IA/install/octomap_server/lib/octomap_server/octomap_saver_node
[3.313s] -- Up-to-date symlink: /home/rhobtor/PHD/ARGOJ8_IA/install/octomap_server/include/octomap_server/octomap_server.hpp
[3.313s] -- Up-to-date symlink: /home/rhobtor/PHD/ARGOJ8_IA/install/octomap_server/include/octomap_server/octomap_server_multilayer.hpp
[3.313s] -- Up-to-date symlink: /home/rhobtor/PHD/ARGOJ8_IA/install/octomap_server/include/octomap_server/octomap_server_static.hpp
[3.313s] -- Up-to-date symlink: /home/rhobtor/PHD/ARGOJ8_IA/install/octomap_server/include/octomap_server/tracking_octomap_server.hpp
[3.313s] -- Up-to-date symlink: /home/rhobtor/PHD/ARGOJ8_IA/install/octomap_server/share/octomap_server/environment/library_path.sh
[3.314s] -- Up-to-date symlink: /home/rhobtor/PHD/ARGOJ8_IA/install/octomap_server/share/octomap_server/environment/library_path.dsv
[3.314s] -- Up-to-date symlink: /home/rhobtor/PHD/ARGOJ8_IA/install/octomap_server/lib/liboctomap_server_static.so
[3.315s] -- Up-to-date symlink: /home/rhobtor/PHD/ARGOJ8_IA/install/octomap_server/lib/liboctomap_server.so
[3.315s] -- Up-to-date symlink: /home/rhobtor/PHD/ARGOJ8_IA/install/octomap_server/lib/liboctomap_server_multilayer.so
[3.315s] -- Up-to-date symlink: /home/rhobtor/PHD/ARGOJ8_IA/install/octomap_server/lib/libtracking_octomap_server.so
[3.315s] -- Up-to-date symlink: /home/rhobtor/PHD/ARGOJ8_IA/install/octomap_server/lib/libcolor_octomap_server.so
[3.315s] -- Up-to-date symlink: /home/rhobtor/PHD/ARGOJ8_IA/install/octomap_server/lib/liboctomap_saver.so
[3.316s] -- Up-to-date symlink: /home/rhobtor/PHD/ARGOJ8_IA/install/octomap_server/share/octomap_server/launch/octomap_mapping.launch.xml
[3.316s] -- Up-to-date symlink: /home/rhobtor/PHD/ARGOJ8_IA/install/octomap_server/share/octomap_server/launch/octomap_tracking_client.launch.xml
[3.316s] -- Up-to-date symlink: /home/rhobtor/PHD/ARGOJ8_IA/install/octomap_server/share/octomap_server/launch/octomap_tracking_server.launch.xml
[3.317s] -- Up-to-date symlink: /home/rhobtor/PHD/ARGOJ8_IA/install/octomap_server/share/octomap_server/params/default.yaml
[3.317s] -- Up-to-date symlink: /home/rhobtor/PHD/ARGOJ8_IA/install/octomap_server/share/ament_index/resource_index/package_run_dependencies/octomap_server
[3.317s] -- Up-to-date symlink: /home/rhobtor/PHD/ARGOJ8_IA/install/octomap_server/share/ament_index/resource_index/parent_prefix_path/octomap_server
[3.318s] -- Up-to-date symlink: /home/rhobtor/PHD/ARGOJ8_IA/install/octomap_server/share/octomap_server/environment/ament_prefix_path.sh
[3.318s] -- Up-to-date symlink: /home/rhobtor/PHD/ARGOJ8_IA/install/octomap_server/share/octomap_server/environment/ament_prefix_path.dsv
[3.318s] -- Up-to-date symlink: /home/rhobtor/PHD/ARGOJ8_IA/install/octomap_server/share/octomap_server/environment/path.sh
[3.319s] -- Up-to-date symlink: /home/rhobtor/PHD/ARGOJ8_IA/install/octomap_server/share/octomap_server/environment/path.dsv
[3.319s] -- Up-to-date symlink: /home/rhobtor/PHD/ARGOJ8_IA/install/octomap_server/share/octomap_server/local_setup.bash
[3.319s] -- Up-to-date symlink: /home/rhobtor/PHD/ARGOJ8_IA/install/octomap_server/share/octomap_server/local_setup.sh
[3.319s] -- Up-to-date symlink: /home/rhobtor/PHD/ARGOJ8_IA/install/octomap_server/share/octomap_server/local_setup.zsh
[3.320s] -- Up-to-date symlink: /home/rhobtor/PHD/ARGOJ8_IA/install/octomap_server/share/octomap_server/local_setup.dsv
[3.320s] -- Symlinking: /home/rhobtor/PHD/ARGOJ8_IA/install/octomap_server/share/octomap_server/package.dsv
[3.325s] -- Up-to-date symlink: /home/rhobtor/PHD/ARGOJ8_IA/install/octomap_server/share/ament_index/resource_index/packages/octomap_server
[3.325s] -- Up-to-date symlink: /home/rhobtor/PHD/ARGOJ8_IA/install/octomap_server/share/ament_index/resource_index/rclcpp_components/octomap_server
[3.325s] -- Up-to-date symlink: /home/rhobtor/PHD/ARGOJ8_IA/install/octomap_server/share/octomap_server/cmake/ament_cmake_export_dependencies-extras.cmake
[3.326s] -- Up-to-date symlink: /home/rhobtor/PHD/ARGOJ8_IA/install/octomap_server/share/octomap_server/cmake/ament_cmake_export_include_directories-extras.cmake
[3.326s] -- Up-to-date symlink: /home/rhobtor/PHD/ARGOJ8_IA/install/octomap_server/share/octomap_server/cmake/ament_cmake_export_libraries-extras.cmake
[3.326s] -- Up-to-date symlink: /home/rhobtor/PHD/ARGOJ8_IA/install/octomap_server/share/octomap_server/cmake/octomap_serverConfig.cmake
[3.326s] -- Up-to-date symlink: /home/rhobtor/PHD/ARGOJ8_IA/install/octomap_server/share/octomap_server/cmake/octomap_serverConfig-version.cmake
[3.327s] -- Up-to-date symlink: /home/rhobtor/PHD/ARGOJ8_IA/install/octomap_server/share/octomap_server/package.xml
[3.327s] -- Up-to-date symlink: /home/rhobtor/PHD/ARGOJ8_IA/install/octomap_server/lib/octomap_server/octomap_eraser_cli.py
[3.329s] Invoked command in '/home/rhobtor/PHD/ARGOJ8_IA/build/octomap_server' returned '0': CMAKE_PREFIX_PATH=/home/rhobtor/PHD/ARGOJ8_IA/install/car_interfaces:/home/rhobtor/PHD/ARGOJ8_IA/install/octomap_mapping:/home/rhobtor/PHD/ARGOJ8_IA/install/octomap_server:/home/rhobtor/PHD/ARGOJ8_IA/install/octomap_rviz_plugins:/home/rhobtor/PHD/ARGOJ8_IA/install/j8_xacro_model:/home/rhobtor/PHD/ARGOJ8_IA/install/hector_gazebo_plugins:/home/rhobtor/PHD/ARGOJ8_IA/install/fixposition_sensor_pkg:/home/rhobtor/PHD/ARGOJ8_IA/install/car_cpp:/home/rhobtor/PHD/ARGOJ8_IA/install/argj801_ctl_platform:/home/rhobtor/PHD/ARGOJ8_IA/install/argj801_ctl_platform_interfaces:/home/rhobtor/packages/install/grid_map:/home/rhobtor/packages/install/grid_map_demos:/home/rhobtor/packages/install/grid_map_visualization:/home/rhobtor/packages/install/grid_map_sdf:/home/rhobtor/packages/install/grid_map_rviz_plugin:/home/rhobtor/packages/install/grid_map_pcl:/home/rhobtor/packages/install/grid_map_loader:/home/rhobtor/packages/install/grid_map_filters:/home/rhobtor/packages/install/grid_map_ros:/home/rhobtor/packages/install/grid_map_octomap:/home/rhobtor/packages/install/grid_map_msgs:/home/rhobtor/packages/install/grid_map_cv:/home/rhobtor/packages/install/grid_map_costmap_2d:/home/rhobtor/packages/install/grid_map_core:/home/rhobtor/packages/install/grid_map_cmake_helpers:/home/rhobtor/PHD/reactive/Reactive-Navegation/workspace_full_conected/install/octomap_mapping:/home/rhobtor/PHD/reactive/Reactive-Navegation/workspace_full_conected/install/octomap_server:/home/rhobtor/PHD/reactive/Reactive-Navegation/workspace_full_conected/install/octomap_rviz_plugins:/home/rhobtor/PHD/reactive/Reactive-Navegation/workspace_full_conected/install/hector_gazebo_plugins:/home/rhobtor/PHD/reactive/Reactive-Navegation/workspace_full_conected/install/car_cpp:/home/rhobtor/PHD/reactive/Reactive-Navegation/workspace_full_conected/install/car_interfaces:/home/rhobtor/PHD/ARGOJ8_IA/install/car:/home/rhobtor/PHD/reactive/Reactive-Navegation/workspace_full_conected/install/car:/opt/ros/humble LD_LIBRARY_PATH=/home/rhobtor/PHD/ARGOJ8_IA/install/car_interfaces/lib:/home/rhobtor/PHD/ARGOJ8_IA/install/octomap_server/lib:/home/rhobtor/PHD/ARGOJ8_IA/install/octomap_rviz_plugins/lib:/home/rhobtor/PHD/ARGOJ8_IA/install/j8_xacro_model/lib:/home/rhobtor/PHD/ARGOJ8_IA/install/hector_gazebo_plugins/lib:/home/rhobtor/PHD/ARGOJ8_IA/install/fixposition_sensor_pkg/lib:/home/rhobtor/PHD/ARGOJ8_IA/install/car_cpp/lib:/home/rhobtor/PHD/ARGOJ8_IA/install/argj801_ctl_platform_interfaces/lib:/home/rhobtor/packages/install/grid_map_demos/lib:/home/rhobtor/packages/install/grid_map_visualization/lib:/home/rhobtor/packages/install/grid_map_sdf/lib:/home/rhobtor/packages/install/grid_map_rviz_plugin/lib:/home/rhobtor/packages/install/grid_map_pcl/lib:/home/rhobtor/packages/install/grid_map_loader/lib:/home/rhobtor/packages/install/grid_map_filters/lib:/home/rhobtor/packages/install/grid_map_ros/lib:/home/rhobtor/packages/install/grid_map_octomap/lib:/home/rhobtor/packages/install/grid_map_msgs/lib:/home/rhobtor/packages/install/grid_map_cv/lib:/home/rhobtor/packages/install/grid_map_costmap_2d/lib:/home/rhobtor/packages/install/grid_map_core/lib:/home/rhobtor/PHD/reactive/Reactive-Navegation/workspace_full_conected/install/octomap_server/lib:/home/rhobtor/PHD/reactive/Reactive-Navegation/workspace_full_conected/install/octomap_rviz_plugins/lib:/home/rhobtor/PHD/reactive/Reactive-Navegation/workspace_full_conected/install/hector_gazebo_plugins/lib:/home/rhobtor/PHD/reactive/Reactive-Navegation/workspace_full_conected/install/car_cpp/lib:/home/rhobtor/PHD/reactive/Reactive-Navegation/workspace_full_conected/install/car_interfaces/lib:/usr/lib/x86_64-linux-gnu/gazebo-11/plugins:/opt/ros/humble/opt/rviz_ogre_vendor/lib:/opt/ros/humble/lib/x86_64-linux-gnu:/opt/ros/humble/lib /opt/st/stm32cubeclt_1.18.0/CMake/bin/cmake --install /home/rhobtor/PHD/ARGOJ8_IA/build/octomap_server
