[0.331s] Invoking command in '/home/rhobtor/PHD/ARGOJ8_IA/build/octomap_rviz_plugins': CMAKE_PREFIX_PATH=${CMAKE_PREFIX_PATH}:/home/rhobtor/PHD/reactive/Reactive-Navegation/workspace_full_conected/install/car:/opt/ros/humble /opt/st/stm32cubeclt_1.18.0/CMake/bin/cmake /home/rhobtor/PHD/ARGOJ8_IA/src/plugin_rviz -DCMAKE_INSTALL_PREFIX=/home/rhobtor/PHD/ARGOJ8_IA/install/octomap_rviz_plugins
[0.419s] -- The C compiler identification is GNU 11.4.0
[0.804s] -- The CXX compiler identification is GNU 11.4.0
[0.987s] -- Detecting C compiler ABI info
[1.384s] -- Detecting C compiler ABI info - done
[1.428s] -- Check for working C compiler: /usr/bin/cc - skipped
[1.428s] -- Detecting C compile features
[1.428s] -- Detecting C compile features - done
[1.464s] -- Detecting CXX compiler ABI info
[1.760s] -- Detecting CXX compiler ABI info - done
[1.807s] -- Check for working CXX compiler: /usr/bin/c++ - skipped
[1.807s] -- Detecting CXX compile features
[1.807s] -- Detecting CXX compile features - done
[1.818s] -- Found ament_cmake_auto: 1.3.11 (/opt/ros/humble/share/ament_cmake_auto/cmake)
[2.260s] -- Found Python3: /usr/bin/python3 (found version "3.10.12") found components: Interpreter 
[3.519s] -- Found rosidl_generator_c: 3.1.6 (/opt/ros/humble/share/rosidl_generator_c/cmake)
[3.558s] -- Found rosidl_adapter: 3.1.6 (/opt/ros/humble/share/rosidl_adapter/cmake)
[3.626s] -- Found rosidl_generator_cpp: 3.1.6 (/opt/ros/humble/share/rosidl_generator_cpp/cmake)
[3.738s] -- Using all available rosidl_typesupport_c: rosidl_typesupport_fastrtps_c;rosidl_typesupport_introspection_c
[3.901s] -- Using all available rosidl_typesupport_cpp: rosidl_typesupport_fastrtps_cpp;rosidl_typesupport_introspection_cpp
[4.696s] -- Found rmw_implementation_cmake: 6.1.2 (/opt/ros/humble/share/rmw_implementation_cmake/cmake)
[4.711s] -- Found rmw_fastrtps_cpp: 6.2.7 (/opt/ros/humble/share/rmw_fastrtps_cpp/cmake)
[5.221s] -- Found OpenSSL: /usr/lib/x86_64-linux-gnu/libcrypto.so (found version "3.0.2")  
[5.413s] -- Found FastRTPS: /opt/ros/humble/include  
[5.701s] -- Using RMW implementation 'rmw_fastrtps_cpp' as default
[5.788s] -- Performing Test CMAKE_HAVE_LIBC_PTHREAD
[6.037s] -- Performing Test CMAKE_HAVE_LIBC_PTHREAD - Success
[6.055s] -- Found Threads: TRUE  
[6.545s] -- Setting assimp_DIR to: '/opt/ros/humble/share/rviz_assimp_vendor/cmake/../../../opt/rviz_assimp_vendor/lib/cmake/assimp-4.1'
[6.595s] -- Setting OGRE_DIR to: '/opt/ros/humble/share/rviz_ogre_vendor/cmake/../../../opt/rviz_ogre_vendor/lib/OGRE/cmake'
[6.602s] -- Found OGRE
[6.602s] --   static     : OFF
[6.602s] --   components : HLMS;MeshLodGenerator;Overlay;Paging;Property;RTShaderSystem;Terrain;Volume
[6.602s] --   plugins    : Plugin_BSPSceneManager;Plugin_OctreeSceneManager;Plugin_PCZSceneManager;Plugin_ParticleFX;RenderSystem_GL;RenderSystem_GL3Plus;Codec_STBI
[6.602s] --   media      : /opt/ros/humble/opt/rviz_ogre_vendor/share/OGRE/Media
[6.602s] -- OGRE_LIBRARIES: OgreHLMS;OgreMeshLodGenerator;OgreOverlay;OgrePaging;OgreProperty;OgreRTShaderSystem;OgreTerrain;OgreVolume;OgreMain
[6.602s] -- OGRE_LIBRARY_DIRS: /opt/ros/humble/opt/rviz_ogre_vendor/lib
[6.603s] -- OGRE_PLUGINS: Plugin_BSPSceneManager;Plugin_OctreeSceneManager;Plugin_PCZSceneManager;Plugin_ParticleFX;RenderSystem_GL;RenderSystem_GL3Plus;Codec_STBI
[6.603s] -- OGRE_PLUGIN_DIR: /opt/ros/humble/opt/rviz_ogre_vendor/lib/OGRE
[6.603s] -- rviz_ogre_vendor::OgreOverlay for IMPORTED_LOCATION_RELEASE: /opt/ros/humble/opt/rviz_ogre_vendor/lib/libOgreOverlay.so
[6.603s] -- rviz_ogre_vendor::OgreOverlay for IMPORTED_LOCATION_DEBUG: /opt/ros/humble/opt/rviz_ogre_vendor/lib/libOgreOverlay.so
[6.603s] -- rviz_ogre_vendor::OgreMain for IMPORTED_LOCATION_RELEASE: /opt/ros/humble/opt/rviz_ogre_vendor/lib/libOgreMain.so
[6.603s] -- rviz_ogre_vendor::OgreMain for IMPORTED_LOCATION_DEBUG: /opt/ros/humble/opt/rviz_ogre_vendor/lib/libOgreMain.so
[6.920s] -- Found ZLIB: /usr/lib/x86_64-linux-gnu/libz.so (found version "1.2.11")  
[6.966s] -- Found OpenGL: /usr/lib/x86_64-linux-gnu/libOpenGL.so   
[8.331s] -- Found X11: /usr/include   
[8.344s] -- Looking for XOpenDisplay in /usr/lib/x86_64-linux-gnu/libX11.so;/usr/lib/x86_64-linux-gnu/libXext.so
[8.995s] -- Looking for XOpenDisplay in /usr/lib/x86_64-linux-gnu/libX11.so;/usr/lib/x86_64-linux-gnu/libXext.so - found
[8.995s] -- Looking for gethostbyname
[9.337s] -- Looking for gethostbyname - found
[9.338s] -- Looking for connect
[9.562s] -- Looking for connect - found
[9.562s] -- Looking for remove
[9.883s] -- Looking for remove - found
[9.884s] -- Looking for shmat
[10.066s] -- Looking for shmat - found
[10.066s] -- Looking for IceConnectionNumber in ICE
[10.260s] -- Looking for IceConnectionNumber in ICE - found
[11.267s] -- library: /usr/lib/x86_64-linux-gnu/libcurl.so
[13.026s] -- Found Eigen3: TRUE (found version "3.4.0") 
[13.026s] -- Ensuring Eigen3 include directory is part of orocos-kdl CMake target
[13.960s] -- Found ament_lint_auto: 0.12.12 (/opt/ros/humble/share/ament_lint_auto/cmake)
[14.071s] -- Added test 'copyright' to check source files copyright and LICENSE
[14.079s] -- Added test 'cppcheck' to perform static code analysis on C / C++ code
[14.080s] -- Configured cppcheck include dirs: /home/rhobtor/PHD/ARGOJ8_IA/src/plugin_rviz/include
[14.082s] -- Configured cppcheck exclude dirs and/or files: 
[14.085s] -- Added test 'cpplint' to check C / C++ code against the Google style
[14.085s] -- Configured cpplint exclude dirs and/or files: 
[14.087s] -- Added test 'lint_cmake' to check CMake code style
[14.094s] -- Added test 'uncrustify' to check C / C++ code style
[14.094s] -- Configured uncrustify additional arguments: 
[14.098s] -- Added test 'xmllint' to check XML markup files
[14.114s] -- Configuring done (13.8s)
[14.273s] -- Generating done (0.1s)
[14.310s] -- Build files have been written to: /home/rhobtor/PHD/ARGOJ8_IA/build/octomap_rviz_plugins
[14.386s] Invoked command in '/home/rhobtor/PHD/ARGOJ8_IA/build/octomap_rviz_plugins' returned '0': CMAKE_PREFIX_PATH=${CMAKE_PREFIX_PATH}:/home/rhobtor/PHD/reactive/Reactive-Navegation/workspace_full_conected/install/car:/opt/ros/humble /opt/st/stm32cubeclt_1.18.0/CMake/bin/cmake /home/rhobtor/PHD/ARGOJ8_IA/src/plugin_rviz -DCMAKE_INSTALL_PREFIX=/home/rhobtor/PHD/ARGOJ8_IA/install/octomap_rviz_plugins
[14.413s] Invoking command in '/home/rhobtor/PHD/ARGOJ8_IA/build/octomap_rviz_plugins': CMAKE_PREFIX_PATH=${CMAKE_PREFIX_PATH}:/home/rhobtor/PHD/reactive/Reactive-Navegation/workspace_full_conected/install/car:/opt/ros/humble /opt/st/stm32cubeclt_1.18.0/CMake/bin/cmake --build /home/rhobtor/PHD/ARGOJ8_IA/build/octomap_rviz_plugins -- -j16 -l16
[17.815s] [  0%] Built target octomap_rviz_plugins_autogen_timestamp_deps
[17.815s] [ 10%] [34m[1mAutomatic MOC for target octomap_rviz_plugins[0m
[17.815s] [ 10%] Built target octomap_rviz_plugins_autogen
[17.815s] [ 20%] [34m[1mGenerating include/octomap_rviz_plugins/moc_occupancy_grid_display.cpp[0m
[17.815s] [ 30%] [34m[1mGenerating include/octomap_rviz_plugins/moc_occupancy_map_display.cpp[0m
[17.815s] [ 40%] [32mBuilding CXX object CMakeFiles/octomap_rviz_plugins.dir/octomap_rviz_plugins_autogen/mocs_compilation.cpp.o[0m
[17.815s] [ 50%] [32mBuilding CXX object CMakeFiles/octomap_rviz_plugins.dir/src/occupancy_map_display.cpp.o[0m
[44.817s] [ 60%] [32mBuilding CXX object CMakeFiles/octomap_rviz_plugins.dir/src/occupancy_grid_display.cpp.o[0m
[62.658s] [ 70%] [32mBuilding CXX object CMakeFiles/octomap_rviz_plugins.dir/include/octomap_rviz_plugins/moc_occupancy_map_display.cpp.o[0m
[69.892s] [ 80%] [32mBuilding CXX object CMakeFiles/octomap_rviz_plugins.dir/include/octomap_rviz_plugins/moc_occupancy_grid_display.cpp.o[0m
[83.417s] [ 90%] [32m[1mLinking CXX shared library liboctomap_rviz_plugins.so[0m
[86.008s] [100%] Built target octomap_rviz_plugins
[86.013s] Invoked command in '/home/rhobtor/PHD/ARGOJ8_IA/build/octomap_rviz_plugins' returned '0': CMAKE_PREFIX_PATH=${CMAKE_PREFIX_PATH}:/home/rhobtor/PHD/reactive/Reactive-Navegation/workspace_full_conected/install/car:/opt/ros/humble /opt/st/stm32cubeclt_1.18.0/CMake/bin/cmake --build /home/rhobtor/PHD/ARGOJ8_IA/build/octomap_rviz_plugins -- -j16 -l16
[86.016s] Invoking command in '/home/rhobtor/PHD/ARGOJ8_IA/build/octomap_rviz_plugins': CMAKE_PREFIX_PATH=${CMAKE_PREFIX_PATH}:/home/rhobtor/PHD/reactive/Reactive-Navegation/workspace_full_conected/install/car:/opt/ros/humble /opt/st/stm32cubeclt_1.18.0/CMake/bin/cmake --install /home/rhobtor/PHD/ARGOJ8_IA/build/octomap_rviz_plugins
[86.019s] -- Install configuration: ""
[86.019s] -- Installing: /home/rhobtor/PHD/ARGOJ8_IA/install/octomap_rviz_plugins/share/octomap_rviz_plugins/plugins_description.xml
[86.019s] -- Installing: /home/rhobtor/PHD/ARGOJ8_IA/install/octomap_rviz_plugins/include
[86.019s] -- Installing: /home/rhobtor/PHD/ARGOJ8_IA/install/octomap_rviz_plugins/include/octomap_rviz_plugins
[86.019s] -- Installing: /home/rhobtor/PHD/ARGOJ8_IA/install/octomap_rviz_plugins/include/octomap_rviz_plugins/occupancy_map_display.hpp
[86.020s] -- Installing: /home/rhobtor/PHD/ARGOJ8_IA/install/octomap_rviz_plugins/include/octomap_rviz_plugins/occupancy_grid_display.hpp
[86.020s] -- Installing: /home/rhobtor/PHD/ARGOJ8_IA/install/octomap_rviz_plugins/share/octomap_rviz_plugins/environment/library_path.sh
[86.020s] -- Installing: /home/rhobtor/PHD/ARGOJ8_IA/install/octomap_rviz_plugins/share/octomap_rviz_plugins/environment/library_path.dsv
[86.020s] -- Installing: /home/rhobtor/PHD/ARGOJ8_IA/install/octomap_rviz_plugins/lib/liboctomap_rviz_plugins.so
[86.029s] -- Set non-toolchain portion of runtime path of "/home/rhobtor/PHD/ARGOJ8_IA/install/octomap_rviz_plugins/lib/liboctomap_rviz_plugins.so" to ""
[86.029s] -- Installing: /home/rhobtor/PHD/ARGOJ8_IA/install/octomap_rviz_plugins/share/octomap_rviz_plugins/icons
[86.029s] -- Installing: /home/rhobtor/PHD/ARGOJ8_IA/install/octomap_rviz_plugins/share/octomap_rviz_plugins/icons/classes
[86.029s] -- Installing: /home/rhobtor/PHD/ARGOJ8_IA/install/octomap_rviz_plugins/share/octomap_rviz_plugins/icons/classes/OccupancyGrid.png
[86.029s] -- Installing: /home/rhobtor/PHD/ARGOJ8_IA/install/octomap_rviz_plugins/share/octomap_rviz_plugins/icons/classes/OccupancyGridStamped.png
[86.030s] -- Installing: /home/rhobtor/PHD/ARGOJ8_IA/install/octomap_rviz_plugins/share/octomap_rviz_plugins/icons/classes/OccupancyMap.png
[86.030s] -- Installing: /home/rhobtor/PHD/ARGOJ8_IA/install/octomap_rviz_plugins/share/octomap_rviz_plugins/icons/classes/ColorOccupancyGrid.png
[86.030s] -- Installing: /home/rhobtor/PHD/ARGOJ8_IA/install/octomap_rviz_plugins/share/octomap_rviz_plugins/icons/classes/OccupancyMapStamped.png
[86.030s] -- Installing: /home/rhobtor/PHD/ARGOJ8_IA/install/octomap_rviz_plugins/share/ament_index/resource_index/package_run_dependencies/octomap_rviz_plugins
[86.030s] -- Installing: /home/rhobtor/PHD/ARGOJ8_IA/install/octomap_rviz_plugins/share/ament_index/resource_index/parent_prefix_path/octomap_rviz_plugins
[86.030s] -- Installing: /home/rhobtor/PHD/ARGOJ8_IA/install/octomap_rviz_plugins/share/octomap_rviz_plugins/environment/ament_prefix_path.sh
[86.030s] -- Installing: /home/rhobtor/PHD/ARGOJ8_IA/install/octomap_rviz_plugins/share/octomap_rviz_plugins/environment/ament_prefix_path.dsv
[86.031s] -- Installing: /home/rhobtor/PHD/ARGOJ8_IA/install/octomap_rviz_plugins/share/octomap_rviz_plugins/environment/path.sh
[86.031s] -- Installing: /home/rhobtor/PHD/ARGOJ8_IA/install/octomap_rviz_plugins/share/octomap_rviz_plugins/environment/path.dsv
[86.031s] -- Installing: /home/rhobtor/PHD/ARGOJ8_IA/install/octomap_rviz_plugins/share/octomap_rviz_plugins/local_setup.bash
[86.031s] -- Installing: /home/rhobtor/PHD/ARGOJ8_IA/install/octomap_rviz_plugins/share/octomap_rviz_plugins/local_setup.sh
[86.031s] -- Installing: /home/rhobtor/PHD/ARGOJ8_IA/install/octomap_rviz_plugins/share/octomap_rviz_plugins/local_setup.zsh
[86.031s] -- Installing: /home/rhobtor/PHD/ARGOJ8_IA/install/octomap_rviz_plugins/share/octomap_rviz_plugins/local_setup.dsv
[86.031s] -- Installing: /home/rhobtor/PHD/ARGOJ8_IA/install/octomap_rviz_plugins/share/octomap_rviz_plugins/package.dsv
[86.031s] -- Installing: /home/rhobtor/PHD/ARGOJ8_IA/install/octomap_rviz_plugins/share/ament_index/resource_index/packages/octomap_rviz_plugins
[86.031s] -- Installing: /home/rhobtor/PHD/ARGOJ8_IA/install/octomap_rviz_plugins/share/ament_index/resource_index/rviz_common__pluginlib__plugin/octomap_rviz_plugins
[86.031s] -- Installing: /home/rhobtor/PHD/ARGOJ8_IA/install/octomap_rviz_plugins/share/octomap_rviz_plugins/cmake/ament_cmake_export_dependencies-extras.cmake
[86.031s] -- Installing: /home/rhobtor/PHD/ARGOJ8_IA/install/octomap_rviz_plugins/share/octomap_rviz_plugins/cmake/ament_cmake_export_include_directories-extras.cmake
[86.031s] -- Installing: /home/rhobtor/PHD/ARGOJ8_IA/install/octomap_rviz_plugins/share/octomap_rviz_plugins/cmake/ament_cmake_export_libraries-extras.cmake
[86.032s] -- Installing: /home/rhobtor/PHD/ARGOJ8_IA/install/octomap_rviz_plugins/share/octomap_rviz_plugins/cmake/octomap_rviz_pluginsConfig.cmake
[86.032s] -- Installing: /home/rhobtor/PHD/ARGOJ8_IA/install/octomap_rviz_plugins/share/octomap_rviz_plugins/cmake/octomap_rviz_pluginsConfig-version.cmake
[86.032s] -- Installing: /home/rhobtor/PHD/ARGOJ8_IA/install/octomap_rviz_plugins/share/octomap_rviz_plugins/package.xml
[86.033s] Invoked command in '/home/rhobtor/PHD/ARGOJ8_IA/build/octomap_rviz_plugins' returned '0': CMAKE_PREFIX_PATH=${CMAKE_PREFIX_PATH}:/home/rhobtor/PHD/reactive/Reactive-Navegation/workspace_full_conected/install/car:/opt/ros/humble /opt/st/stm32cubeclt_1.18.0/CMake/bin/cmake --install /home/rhobtor/PHD/ARGOJ8_IA/build/octomap_rviz_plugins
