[0.381s] Invoking command in '/home/rhobtor/PHD/ARGOJ8_IA/build/argj801_sensors': AMENT_PREFIX_PATH=/home/rhobtor/PHD/ARGOJ8_IA/install/argj801_sensors_msgs:/home/rhobtor/PHD/ARGOJ8_IA/install/argj801_ctl_platform_interfaces:${AMENT_PREFIX_PATH} CMAKE_PREFIX_PATH=/home/rhobtor/PHD/ARGOJ8_IA/install/argj801_sensors_msgs:/home/rhobtor/PHD/ARGOJ8_IA/install/argj801_ctl_platform_interfaces:/home/rhobtor/PHD/reactive/Reactive-Navegation/workspace_full_conected/install/octomap_mapping:/home/rhobtor/PHD/reactive/Reactive-Navegation/workspace_full_conected/install/octomap_server:/home/rhobtor/PHD/reactive/Reactive-Navegation/workspace_full_conected/install/octomap_rviz_plugins:/home/rhobtor/PHD/reactive/Reactive-Navegation/workspace_full_conected/install/hector_gazebo_plugins:/home/rhobtor/PHD/reactive/Reactive-Navegation/workspace_full_conected/install/car_cpp:/home/rhobtor/PHD/reactive/Reactive-Navegation/workspace_full_conected/install/car_interfaces:/home/rhobtor/PHD/reactive/Reactive-Navegation/workspace_full_conected/install/car:/opt/ros/humble LD_LIBRARY_PATH=/home/rhobtor/PHD/ARGOJ8_IA/install/argj801_sensors_msgs/lib:/home/rhobtor/PHD/ARGOJ8_IA/install/argj801_ctl_platform_interfaces/lib:${LD_LIBRARY_PATH} PYTHONPATH=/home/rhobtor/PHD/ARGOJ8_IA/install/argj801_sensors_msgs/local/lib/python3.10/dist-packages:/home/rhobtor/PHD/ARGOJ8_IA/install/argj801_ctl_platform_interfaces/local/lib/python3.10/dist-packages:${PYTHONPATH} /opt/st/stm32cubeclt_1.18.0/CMake/bin/cmake --build /home/rhobtor/PHD/ARGOJ8_IA/build/argj801_sensors -- -j16 -l16
[0.835s] [ 12%] Built target argj801_lcm
[0.835s] [100%] Built target ARGJ801_sensors_node
[0.865s] Invoked command in '/home/rhobtor/PHD/ARGOJ8_IA/build/argj801_sensors' returned '0': AMENT_PREFIX_PATH=/home/rhobtor/PHD/ARGOJ8_IA/install/argj801_sensors_msgs:/home/rhobtor/PHD/ARGOJ8_IA/install/argj801_ctl_platform_interfaces:${AMENT_PREFIX_PATH} CMAKE_PREFIX_PATH=/home/rhobtor/PHD/ARGOJ8_IA/install/argj801_sensors_msgs:/home/rhobtor/PHD/ARGOJ8_IA/install/argj801_ctl_platform_interfaces:/home/rhobtor/PHD/reactive/Reactive-Navegation/workspace_full_conected/install/octomap_mapping:/home/rhobtor/PHD/reactive/Reactive-Navegation/workspace_full_conected/install/octomap_server:/home/rhobtor/PHD/reactive/Reactive-Navegation/workspace_full_conected/install/octomap_rviz_plugins:/home/rhobtor/PHD/reactive/Reactive-Navegation/workspace_full_conected/install/hector_gazebo_plugins:/home/rhobtor/PHD/reactive/Reactive-Navegation/workspace_full_conected/install/car_cpp:/home/rhobtor/PHD/reactive/Reactive-Navegation/workspace_full_conected/install/car_interfaces:/home/rhobtor/PHD/reactive/Reactive-Navegation/workspace_full_conected/install/car:/opt/ros/humble LD_LIBRARY_PATH=/home/rhobtor/PHD/ARGOJ8_IA/install/argj801_sensors_msgs/lib:/home/rhobtor/PHD/ARGOJ8_IA/install/argj801_ctl_platform_interfaces/lib:${LD_LIBRARY_PATH} PYTHONPATH=/home/rhobtor/PHD/ARGOJ8_IA/install/argj801_sensors_msgs/local/lib/python3.10/dist-packages:/home/rhobtor/PHD/ARGOJ8_IA/install/argj801_ctl_platform_interfaces/local/lib/python3.10/dist-packages:${PYTHONPATH} /opt/st/stm32cubeclt_1.18.0/CMake/bin/cmake --build /home/rhobtor/PHD/ARGOJ8_IA/build/argj801_sensors -- -j16 -l16
[0.866s] Invoking command in '/home/rhobtor/PHD/ARGOJ8_IA/build/argj801_sensors': AMENT_PREFIX_PATH=/home/rhobtor/PHD/ARGOJ8_IA/install/argj801_sensors_msgs:/home/rhobtor/PHD/ARGOJ8_IA/install/argj801_ctl_platform_interfaces:${AMENT_PREFIX_PATH} CMAKE_PREFIX_PATH=/home/rhobtor/PHD/ARGOJ8_IA/install/argj801_sensors_msgs:/home/rhobtor/PHD/ARGOJ8_IA/install/argj801_ctl_platform_interfaces:/home/rhobtor/PHD/reactive/Reactive-Navegation/workspace_full_conected/install/octomap_mapping:/home/rhobtor/PHD/reactive/Reactive-Navegation/workspace_full_conected/install/octomap_server:/home/rhobtor/PHD/reactive/Reactive-Navegation/workspace_full_conected/install/octomap_rviz_plugins:/home/rhobtor/PHD/reactive/Reactive-Navegation/workspace_full_conected/install/hector_gazebo_plugins:/home/rhobtor/PHD/reactive/Reactive-Navegation/workspace_full_conected/install/car_cpp:/home/rhobtor/PHD/reactive/Reactive-Navegation/workspace_full_conected/install/car_interfaces:/home/rhobtor/PHD/reactive/Reactive-Navegation/workspace_full_conected/install/car:/opt/ros/humble LD_LIBRARY_PATH=/home/rhobtor/PHD/ARGOJ8_IA/install/argj801_sensors_msgs/lib:/home/rhobtor/PHD/ARGOJ8_IA/install/argj801_ctl_platform_interfaces/lib:${LD_LIBRARY_PATH} PYTHONPATH=/home/rhobtor/PHD/ARGOJ8_IA/install/argj801_sensors_msgs/local/lib/python3.10/dist-packages:/home/rhobtor/PHD/ARGOJ8_IA/install/argj801_ctl_platform_interfaces/local/lib/python3.10/dist-packages:${PYTHONPATH} /opt/st/stm32cubeclt_1.18.0/CMake/bin/cmake --install /home/rhobtor/PHD/ARGOJ8_IA/build/argj801_sensors
[0.932s] -- Install configuration: ""
[0.933s] -- Up-to-date: /home/rhobtor/PHD/ARGOJ8_IA/install/argj801_sensors/lib/argj801_sensors/ARGJ801_sensors_node
[0.933s] -- Up-to-date: /home/rhobtor/PHD/ARGOJ8_IA/install/argj801_sensors/share/argj801_sensors//launch
[0.934s] -- Up-to-date: /home/rhobtor/PHD/ARGOJ8_IA/install/argj801_sensors/share/argj801_sensors//launch/argj801_sensors_launch_camera_rear.py
[0.934s] -- Up-to-date: /home/rhobtor/PHD/ARGOJ8_IA/install/argj801_sensors/share/argj801_sensors//launch/argj801_sensors_launch_camera_front.py
[0.934s] -- Up-to-date: /home/rhobtor/PHD/ARGOJ8_IA/install/argj801_sensors/share/argj801_sensors//launch/argj801_sensors_launch_lcm_sensors.py
[0.934s] -- Up-to-date: /home/rhobtor/PHD/ARGOJ8_IA/install/argj801_sensors/share/argj801_sensors//config
[0.934s] -- Up-to-date: /home/rhobtor/PHD/ARGOJ8_IA/install/argj801_sensors/share/argj801_sensors//config/argj801_sensors_params_lcm_sensors.yaml
[0.935s] -- Up-to-date: /home/rhobtor/PHD/ARGOJ8_IA/install/argj801_sensors/share/argj801_sensors//config/argj801_sensors_params_camera_rear.yaml
[0.935s] -- Up-to-date: /home/rhobtor/PHD/ARGOJ8_IA/install/argj801_sensors/share/argj801_sensors//config/argj801_sensors_params_camera_front.yaml
[0.935s] -- Up-to-date: /home/rhobtor/PHD/ARGOJ8_IA/install/argj801_sensors/include/argj801_sensors/include
[0.935s] -- Up-to-date: /home/rhobtor/PHD/ARGOJ8_IA/install/argj801_sensors/include/argj801_sensors/include/argj801_sensors
[0.935s] -- Up-to-date: /home/rhobtor/PHD/ARGOJ8_IA/install/argj801_sensors/include/argj801_sensors/include/argj801_sensors/argj801_sensors_interface.hpp
[0.935s] -- Up-to-date: /home/rhobtor/PHD/ARGOJ8_IA/install/argj801_sensors/include/argj801_sensors/include/argj801_sensors/argj801_camera_interface.hpp
[0.935s] -- Up-to-date: /home/rhobtor/PHD/ARGOJ8_IA/install/argj801_sensors/include/argj801_sensors/include/argj801_sensors/argj801_sensors_node.hpp
[0.935s] -- Up-to-date: /home/rhobtor/PHD/ARGOJ8_IA/install/argj801_sensors/include/argj801_sensors/include/argj801_sensors/argj801_camera_builder.hpp
[0.935s] -- Up-to-date: /home/rhobtor/PHD/ARGOJ8_IA/install/argj801_sensors/include/argj801_sensors/include/argj801_sensors/argj801_lcm_sensors_builder.hpp
[0.935s] -- Up-to-date: /home/rhobtor/PHD/ARGOJ8_IA/install/argj801_sensors/include/argj801_sensors/include/argj801_sensors/SensorBuilder.hpp
[0.935s] -- Up-to-date: /home/rhobtor/PHD/ARGOJ8_IA/install/argj801_sensors/include/argj801_sensors/include/argj801_sensors/Sensor.hpp
[0.936s] -- Up-to-date: /home/rhobtor/PHD/ARGOJ8_IA/install/argj801_sensors/include/argj801_sensors/include/data
[0.936s] -- Up-to-date: /home/rhobtor/PHD/ARGOJ8_IA/install/argj801_sensors/include/argj801_sensors/include/data/CompressedImage.hpp
[0.936s] -- Up-to-date: /home/rhobtor/PHD/ARGOJ8_IA/install/argj801_sensors/include/argj801_sensors/include/data/Lidar.hpp
[0.936s] -- Up-to-date: /home/rhobtor/PHD/ARGOJ8_IA/install/argj801_sensors/include/argj801_sensors/include/data/DriveLine.hpp
[0.936s] -- Up-to-date: /home/rhobtor/PHD/ARGOJ8_IA/install/argj801_sensors/include/argj801_sensors/include/data/MotorTelemetry.hpp
[0.936s] -- Up-to-date: /home/rhobtor/PHD/ARGOJ8_IA/install/argj801_sensors/include/argj801_sensors/include/data/OdometerData.hpp
[0.937s] -- Up-to-date: /home/rhobtor/PHD/ARGOJ8_IA/install/argj801_sensors/include/argj801_sensors/include/data/Composite.hpp
[0.937s] -- Up-to-date: /home/rhobtor/PHD/ARGOJ8_IA/install/argj801_sensors/include/argj801_sensors/include/data/Twist.hpp
[0.938s] -- Up-to-date: /home/rhobtor/PHD/ARGOJ8_IA/install/argj801_sensors/include/argj801_sensors/include/data/LidarData.hpp
[0.939s] -- Up-to-date: /home/rhobtor/PHD/ARGOJ8_IA/install/argj801_sensors/include/argj801_sensors/include/data/ImageData.hpp
[0.940s] -- Up-to-date: /home/rhobtor/PHD/ARGOJ8_IA/install/argj801_sensors/include/argj801_sensors/include/visitor
[0.940s] -- Up-to-date: /home/rhobtor/PHD/ARGOJ8_IA/install/argj801_sensors/include/argj801_sensors/include/visitor/SensorDataVisitor.hpp
[0.940s] -- Up-to-date: /home/rhobtor/PHD/ARGOJ8_IA/install/argj801_sensors/include/argj801_sensors/include/visitor/Visitor.hpp
[0.940s] -- Up-to-date: /home/rhobtor/PHD/ARGOJ8_IA/install/argj801_sensors/share/ament_index/resource_index/package_run_dependencies/argj801_sensors
[0.941s] -- Up-to-date: /home/rhobtor/PHD/ARGOJ8_IA/install/argj801_sensors/share/ament_index/resource_index/parent_prefix_path/argj801_sensors
[0.941s] -- Up-to-date: /home/rhobtor/PHD/ARGOJ8_IA/install/argj801_sensors/share/argj801_sensors/environment/ament_prefix_path.sh
[0.942s] -- Up-to-date: /home/rhobtor/PHD/ARGOJ8_IA/install/argj801_sensors/share/argj801_sensors/environment/ament_prefix_path.dsv
[0.942s] -- Up-to-date: /home/rhobtor/PHD/ARGOJ8_IA/install/argj801_sensors/share/argj801_sensors/environment/path.sh
[0.942s] -- Up-to-date: /home/rhobtor/PHD/ARGOJ8_IA/install/argj801_sensors/share/argj801_sensors/environment/path.dsv
[0.943s] -- Up-to-date: /home/rhobtor/PHD/ARGOJ8_IA/install/argj801_sensors/share/argj801_sensors/local_setup.bash
[0.943s] -- Up-to-date: /home/rhobtor/PHD/ARGOJ8_IA/install/argj801_sensors/share/argj801_sensors/local_setup.sh
[0.944s] -- Up-to-date: /home/rhobtor/PHD/ARGOJ8_IA/install/argj801_sensors/share/argj801_sensors/local_setup.zsh
[0.946s] -- Up-to-date: /home/rhobtor/PHD/ARGOJ8_IA/install/argj801_sensors/share/argj801_sensors/local_setup.dsv
[0.946s] -- Installing: /home/rhobtor/PHD/ARGOJ8_IA/install/argj801_sensors/share/argj801_sensors/package.dsv
[0.946s] -- Up-to-date: /home/rhobtor/PHD/ARGOJ8_IA/install/argj801_sensors/share/ament_index/resource_index/packages/argj801_sensors
[0.946s] -- Up-to-date: /home/rhobtor/PHD/ARGOJ8_IA/install/argj801_sensors/share/argj801_sensors/cmake/argj801_sensorsConfig.cmake
[0.946s] -- Up-to-date: /home/rhobtor/PHD/ARGOJ8_IA/install/argj801_sensors/share/argj801_sensors/cmake/argj801_sensorsConfig-version.cmake
[0.947s] -- Up-to-date: /home/rhobtor/PHD/ARGOJ8_IA/install/argj801_sensors/share/argj801_sensors/package.xml
[0.947s] -- Up-to-date: /home/rhobtor/PHD/ARGOJ8_IA/install/argj801_sensors/share/argj801_lcm//config
[0.948s] -- Up-to-date: /home/rhobtor/PHD/ARGOJ8_IA/install/argj801_sensors/share/argj801_lcm//config/argj801_lcm_config_sensors.yaml
[0.948s] -- Up-to-date: /home/rhobtor/PHD/ARGOJ8_IA/install/argj801_sensors/share/argj801_lcm//config/argj801_lcm_config_platform.yaml
[1.182s] Invoked command in '/home/rhobtor/PHD/ARGOJ8_IA/build/argj801_sensors' returned '0': AMENT_PREFIX_PATH=/home/rhobtor/PHD/ARGOJ8_IA/install/argj801_sensors_msgs:/home/rhobtor/PHD/ARGOJ8_IA/install/argj801_ctl_platform_interfaces:${AMENT_PREFIX_PATH} CMAKE_PREFIX_PATH=/home/rhobtor/PHD/ARGOJ8_IA/install/argj801_sensors_msgs:/home/rhobtor/PHD/ARGOJ8_IA/install/argj801_ctl_platform_interfaces:/home/rhobtor/PHD/reactive/Reactive-Navegation/workspace_full_conected/install/octomap_mapping:/home/rhobtor/PHD/reactive/Reactive-Navegation/workspace_full_conected/install/octomap_server:/home/rhobtor/PHD/reactive/Reactive-Navegation/workspace_full_conected/install/octomap_rviz_plugins:/home/rhobtor/PHD/reactive/Reactive-Navegation/workspace_full_conected/install/hector_gazebo_plugins:/home/rhobtor/PHD/reactive/Reactive-Navegation/workspace_full_conected/install/car_cpp:/home/rhobtor/PHD/reactive/Reactive-Navegation/workspace_full_conected/install/car_interfaces:/home/rhobtor/PHD/reactive/Reactive-Navegation/workspace_full_conected/install/car:/opt/ros/humble LD_LIBRARY_PATH=/home/rhobtor/PHD/ARGOJ8_IA/install/argj801_sensors_msgs/lib:/home/rhobtor/PHD/ARGOJ8_IA/install/argj801_ctl_platform_interfaces/lib:${LD_LIBRARY_PATH} PYTHONPATH=/home/rhobtor/PHD/ARGOJ8_IA/install/argj801_sensors_msgs/local/lib/python3.10/dist-packages:/home/rhobtor/PHD/ARGOJ8_IA/install/argj801_ctl_platform_interfaces/local/lib/python3.10/dist-packages:${PYTHONPATH} /opt/st/stm32cubeclt_1.18.0/CMake/bin/cmake --install /home/rhobtor/PHD/ARGOJ8_IA/build/argj801_sensors
