[0.065s] Invoking command in '/home/rhobtor/PHD/ARGOJ8_IA/build/ctl_mission_interfaces': CMAKE_PREFIX_PATH=${CMAKE_PREFIX_PATH}:/home/rhobtor/PHD/reactive/Reactive-Navegation/workspace_full_conected/install/car:/opt/ros/humble /opt/st/stm32cubeclt_1.18.0/CMake/bin/cmake /home/rhobtor/PHD/ARGOJ8_IA/src/ctl_mission/ctl_mission_interfaces -DCMAKE_INSTALL_PREFIX=/home/rhobtor/PHD/ARGOJ8_IA/install/ctl_mission_interfaces
[0.817s] -- The C compiler identification is GNU 11.4.0
[0.817s] -- The CXX compiler identification is GNU 11.4.0
[0.817s] -- Detecting C compiler ABI info
[0.817s] -- Detecting C compiler ABI info - done
[0.817s] -- Check for working C compiler: /usr/bin/cc - skipped
[0.817s] -- Detecting C compile features
[0.817s] -- Detecting C compile features - done
[0.817s] -- Detecting CXX compiler ABI info
[0.817s] -- Detecting CXX compiler ABI info - done
[0.817s] -- Check for working CXX compiler: /usr/bin/c++ - skipped
[0.817s] -- Detecting CXX compile features
[0.817s] -- Detecting CXX compile features - done
[0.818s] -- Found ament_cmake: 1.3.11 (/opt/ros/humble/share/ament_cmake/cmake)
[0.901s] -- Found Python3: /usr/bin/python3 (found version "3.10.12") found components: Interpreter 
[0.981s] -- Found rosidl_default_generators: 1.2.0 (/opt/ros/humble/share/rosidl_default_generators/cmake)
[0.992s] -- Using all available rosidl_typesupport_c: rosidl_typesupport_fastrtps_c;rosidl_typesupport_introspection_c
[1.011s] -- Found rosidl_adapter: 3.1.6 (/opt/ros/humble/share/rosidl_adapter/cmake)
[1.112s] -- Using all available rosidl_typesupport_cpp: rosidl_typesupport_fastrtps_cpp;rosidl_typesupport_introspection_cpp
[1.212s] -- Found std_msgs: 4.8.0 (/opt/ros/humble/share/std_msgs/cmake)
[1.281s] -- Found nav_msgs: 4.8.0 (/opt/ros/humble/share/nav_msgs/cmake)
[2.558s] -- Found ament_cmake_ros: 0.10.0 (/opt/ros/humble/share/ament_cmake_ros/cmake)
[3.413s] -- Using all available rosidl_typesupport_c: rosidl_typesupport_fastrtps_c;rosidl_typesupport_introspection_c
[4.583s] -- Using all available rosidl_typesupport_cpp: rosidl_typesupport_fastrtps_cpp;rosidl_typesupport_introspection_cpp
[4.585s] [33mCMake Warning (dev) at /opt/ros/humble/share/rosidl_generator_py/cmake/rosidl_generator_py_generate_interfaces.cmake:20 (find_package):
[4.586s]   Policy CMP0148 is not set: The FindPythonInterp and FindPythonLibs modules
[4.586s]   are removed.  Run "cmake --help-policy CMP0148" for policy details.  Use
[4.586s]   the cmake_policy command to set the policy and suppress this warning.
[4.586s] 
[4.586s] Call Stack (most recent call first):
[4.586s]   /opt/ros/humble/share/ament_cmake_core/cmake/core/ament_execute_extensions.cmake:48 (include)
[4.586s]   /opt/ros/humble/share/rosidl_cmake/cmake/rosidl_generate_interfaces.cmake:286 (ament_execute_extensions)
[4.586s]   CMakeLists.txt:19 (rosidl_generate_interfaces)
[4.586s] This warning is for project developers.  Use -Wno-dev to suppress it.
[4.586s] [0m
[4.627s] -- Found PythonInterp: /usr/bin/python3 (found suitable version "3.10.12", minimum required is "3.6") 
[4.628s] -- Found python_cmake_module: 0.10.0 (/opt/ros/humble/share/python_cmake_module/cmake)
[4.635s] [33mCMake Warning (dev) at /opt/ros/humble/share/python_cmake_module/cmake/Modules/FindPythonExtra.cmake:52 (find_package):
[4.637s]   Policy CMP0148 is not set: The FindPythonInterp and FindPythonLibs modules
[4.637s]   are removed.  Run "cmake --help-policy CMP0148" for policy details.  Use
[4.638s]   the cmake_policy command to set the policy and suppress this warning.
[4.639s] 
[4.639s] Call Stack (most recent call first):
[4.646s]   /opt/ros/humble/share/rosidl_generator_py/cmake/rosidl_generator_py_generate_interfaces.cmake:23 (find_package)
[4.647s]   /opt/ros/humble/share/ament_cmake_core/cmake/core/ament_execute_extensions.cmake:48 (include)
[4.647s]   /opt/ros/humble/share/rosidl_cmake/cmake/rosidl_generate_interfaces.cmake:286 (ament_execute_extensions)
[4.648s]   CMakeLists.txt:19 (rosidl_generate_interfaces)
[4.649s] This warning is for project developers.  Use -Wno-dev to suppress it.
[4.649s] [0m
[4.674s] [33mCMake Warning (dev) at /opt/ros/humble/share/python_cmake_module/cmake/Modules/FindPythonExtra.cmake:140 (find_package):
[4.674s]   Policy CMP0148 is not set: The FindPythonInterp and FindPythonLibs modules
[4.677s]   are removed.  Run "cmake --help-policy CMP0148" for policy details.  Use
[4.677s]   the cmake_policy command to set the policy and suppress this warning.
[4.678s] 
[4.678s] Call Stack (most recent call first):
[4.679s]   /opt/ros/humble/share/rosidl_generator_py/cmake/rosidl_generator_py_generate_interfaces.cmake:23 (find_package)
[4.679s]   /opt/ros/humble/share/ament_cmake_core/cmake/core/ament_execute_extensions.cmake:48 (include)
[4.680s]   /opt/ros/humble/share/rosidl_cmake/cmake/rosidl_generate_interfaces.cmake:286 (ament_execute_extensions)
[4.685s]   CMakeLists.txt:19 (rosidl_generate_interfaces)
[4.685s] This warning is for project developers.  Use -Wno-dev to suppress it.
[4.686s] [0m
[4.691s] -- Found PythonLibs: /usr/lib/x86_64-linux-gnu/libpython3.10.so (found suitable version "3.10.12", minimum required is "3.5") 
[4.692s] -- Using PYTHON_EXECUTABLE: /usr/bin/python3
[4.692s] -- Using PYTHON_INCLUDE_DIRS: /usr/include/python3.10
[4.693s] -- Using PYTHON_LIBRARIES: /usr/lib/x86_64-linux-gnu/libpython3.10.so
[4.750s] -- Found PythonExtra: .so  
[4.954s] -- Configuring done (4.9s)
[5.107s] -- Generating done (0.1s)
[5.131s] -- Build files have been written to: /home/rhobtor/PHD/ARGOJ8_IA/build/ctl_mission_interfaces
[5.166s] Invoked command in '/home/rhobtor/PHD/ARGOJ8_IA/build/ctl_mission_interfaces' returned '0': CMAKE_PREFIX_PATH=${CMAKE_PREFIX_PATH}:/home/rhobtor/PHD/reactive/Reactive-Navegation/workspace_full_conected/install/car:/opt/ros/humble /opt/st/stm32cubeclt_1.18.0/CMake/bin/cmake /home/rhobtor/PHD/ARGOJ8_IA/src/ctl_mission/ctl_mission_interfaces -DCMAKE_INSTALL_PREFIX=/home/rhobtor/PHD/ARGOJ8_IA/install/ctl_mission_interfaces
[5.167s] Invoking command in '/home/rhobtor/PHD/ARGOJ8_IA/build/ctl_mission_interfaces': CMAKE_PREFIX_PATH=${CMAKE_PREFIX_PATH}:/home/rhobtor/PHD/reactive/Reactive-Navegation/workspace_full_conected/install/car:/opt/ros/humble /opt/st/stm32cubeclt_1.18.0/CMake/bin/cmake --build /home/rhobtor/PHD/ARGOJ8_IA/build/ctl_mission_interfaces -- -j16 -l16
[12.498s] [  1%] [34m[1mGenerating C code for ROS interfaces[0m
[12.498s] [  1%] Built target ament_cmake_python_copy_ctl_mission_interfaces
[12.498s] [  1%] [34m[1mGenerating C++ code for ROS interfaces[0m
[12.498s] [  2%] [32mBuilding C object CMakeFiles/ctl_mission_interfaces__rosidl_generator_c.dir/rosidl_generator_c/ctl_mission_interfaces/srv/detail/get_mode__functions.c.o[0m
[12.498s] [  3%] [32mBuilding C object CMakeFiles/ctl_mission_interfaces__rosidl_generator_c.dir/rosidl_generator_c/ctl_mission_interfaces/srv/detail/change_mode__functions.c.o[0m
[12.499s] [  4%] [32mBuilding C object CMakeFiles/ctl_mission_interfaces__rosidl_generator_c.dir/rosidl_generator_c/ctl_mission_interfaces/srv/detail/change_speed__functions.c.o[0m
[12.499s] [  5%] [32mBuilding C object CMakeFiles/ctl_mission_interfaces__rosidl_generator_c.dir/rosidl_generator_c/ctl_mission_interfaces/srv/detail/config_simple_ctl__functions.c.o[0m
[12.499s] [  6%] [32mBuilding C object CMakeFiles/ctl_mission_interfaces__rosidl_generator_c.dir/rosidl_generator_c/ctl_mission_interfaces/srv/detail/change_controller__functions.c.o[0m
[12.499s] [  7%] [32mBuilding C object CMakeFiles/ctl_mission_interfaces__rosidl_generator_c.dir/rosidl_generator_c/ctl_mission_interfaces/srv/detail/get_possible_transitions__functions.c.o[0m
[12.499s] [  7%] [32mBuilding C object CMakeFiles/ctl_mission_interfaces__rosidl_generator_c.dir/rosidl_generator_c/ctl_mission_interfaces/srv/detail/config_stanley_ctrl__functions.c.o[0m
[12.499s] [  8%] [32mBuilding C object CMakeFiles/ctl_mission_interfaces__rosidl_generator_c.dir/rosidl_generator_c/ctl_mission_interfaces/srv/detail/config_dynamic_la_pure_ctrl__functions.c.o[0m
[12.499s] [  9%] [32mBuilding C object CMakeFiles/ctl_mission_interfaces__rosidl_generator_c.dir/rosidl_generator_c/ctl_mission_interfaces/srv/detail/config_pure_pursuit_ctrl__functions.c.o[0m
[12.499s] [ 10%] [32mBuilding C object CMakeFiles/ctl_mission_interfaces__rosidl_generator_c.dir/rosidl_generator_c/ctl_mission_interfaces/srv/detail/config_dynamic_pure_ctrl__functions.c.o[0m
[12.499s] [ 11%] [32mBuilding C object CMakeFiles/ctl_mission_interfaces__rosidl_generator_c.dir/rosidl_generator_c/ctl_mission_interfaces/srv/detail/config_regulated_pure_ctrl__functions.c.o[0m
[12.499s] [ 12%] [32m[1mLinking C shared library libctl_mission_interfaces__rosidl_generator_c.so[0m
[12.499s] [ 12%] Built target ctl_mission_interfaces__rosidl_generator_c
[12.499s] [ 13%] [34m[1mGenerating C type support for eProsima Fast-RTPS[0m
[12.500s] [ 14%] [34m[1mGenerating C type support dispatch for ROS interfaces[0m
[12.500s] [ 15%] [34m[1mGenerating C introspection for ROS interfaces[0m
[13.638s] [ 16%] [32mBuilding CXX object CMakeFiles/ctl_mission_interfaces__rosidl_typesupport_c.dir/rosidl_typesupport_c/ctl_mission_interfaces/srv/change_mode__type_support.cpp.o[0m
[13.640s] [ 17%] [32mBuilding CXX object CMakeFiles/ctl_mission_interfaces__rosidl_typesupport_c.dir/rosidl_typesupport_c/ctl_mission_interfaces/srv/get_mode__type_support.cpp.o[0m
[13.647s] [ 17%] [32mBuilding CXX object CMakeFiles/ctl_mission_interfaces__rosidl_typesupport_c.dir/rosidl_typesupport_c/ctl_mission_interfaces/srv/change_speed__type_support.cpp.o[0m
[13.728s] [ 18%] [32mBuilding CXX object CMakeFiles/ctl_mission_interfaces__rosidl_typesupport_c.dir/rosidl_typesupport_c/ctl_mission_interfaces/srv/config_regulated_pure_ctrl__type_support.cpp.o[0m
[13.762s] [ 19%] [32mBuilding CXX object CMakeFiles/ctl_mission_interfaces__rosidl_typesupport_c.dir/rosidl_typesupport_c/ctl_mission_interfaces/srv/config_dynamic_la_pure_ctrl__type_support.cpp.o[0m
[13.784s] [ 20%] [32mBuilding CXX object CMakeFiles/ctl_mission_interfaces__rosidl_typesupport_c.dir/rosidl_typesupport_c/ctl_mission_interfaces/srv/config_dynamic_pure_ctrl__type_support.cpp.o[0m
[13.813s] [ 21%] [32mBuilding CXX object CMakeFiles/ctl_mission_interfaces__rosidl_typesupport_c.dir/rosidl_typesupport_c/ctl_mission_interfaces/srv/config_stanley_ctrl__type_support.cpp.o[0m
[13.864s] [ 22%] [32mBuilding CXX object CMakeFiles/ctl_mission_interfaces__rosidl_typesupport_c.dir/rosidl_typesupport_c/ctl_mission_interfaces/srv/config_pure_pursuit_ctrl__type_support.cpp.o[0m
[13.910s] [ 23%] [32mBuilding CXX object CMakeFiles/ctl_mission_interfaces__rosidl_typesupport_c.dir/rosidl_typesupport_c/ctl_mission_interfaces/srv/change_controller__type_support.cpp.o[0m
[13.960s] [ 24%] [32mBuilding CXX object CMakeFiles/ctl_mission_interfaces__rosidl_typesupport_c.dir/rosidl_typesupport_c/ctl_mission_interfaces/srv/get_possible_transitions__type_support.cpp.o[0m
[13.967s] [ 25%] [32mBuilding CXX object CMakeFiles/ctl_mission_interfaces__rosidl_typesupport_c.dir/rosidl_typesupport_c/ctl_mission_interfaces/srv/config_simple_ctl__type_support.cpp.o[0m
[14.046s] [ 26%] [32m[1mLinking CXX shared library libctl_mission_interfaces__rosidl_typesupport_c.so[0m
[14.143s] running egg_info
[14.169s] creating ctl_mission_interfaces.egg-info
[14.172s] [ 26%] Built target ctl_mission_interfaces__rosidl_typesupport_c
[14.177s] writing ctl_mission_interfaces.egg-info/PKG-INFO
[14.178s] writing dependency_links to ctl_mission_interfaces.egg-info/dependency_links.txt
[14.191s] writing top-level names to ctl_mission_interfaces.egg-info/top_level.txt
[14.192s] writing manifest file 'ctl_mission_interfaces.egg-info/SOURCES.txt'
[14.256s] reading manifest file 'ctl_mission_interfaces.egg-info/SOURCES.txt'
[14.295s] writing manifest file 'ctl_mission_interfaces.egg-info/SOURCES.txt'
[14.838s] [ 26%] Built target ament_cmake_python_build_ctl_mission_interfaces_egg
[17.525s] [ 27%] [32mBuilding C object CMakeFiles/ctl_mission_interfaces__rosidl_typesupport_introspection_c.dir/rosidl_typesupport_introspection_c/ctl_mission_interfaces/srv/detail/change_mode__type_support.c.o[0m
[17.618s] [ 28%] [32mBuilding C object CMakeFiles/ctl_mission_interfaces__rosidl_typesupport_introspection_c.dir/rosidl_typesupport_introspection_c/ctl_mission_interfaces/srv/detail/config_simple_ctl__type_support.c.o[0m
[17.687s] [ 29%] [32mBuilding C object CMakeFiles/ctl_mission_interfaces__rosidl_typesupport_introspection_c.dir/rosidl_typesupport_introspection_c/ctl_mission_interfaces/srv/detail/config_regulated_pure_ctrl__type_support.c.o[0m
[17.696s] [ 30%] [32mBuilding CXX object CMakeFiles/ctl_mission_interfaces__rosidl_typesupport_fastrtps_c.dir/rosidl_typesupport_fastrtps_c/ctl_mission_interfaces/srv/detail/change_mode__type_support_c.cpp.o[0m
[17.782s] [ 31%] [32mBuilding C object CMakeFiles/ctl_mission_interfaces__rosidl_typesupport_introspection_c.dir/rosidl_typesupport_introspection_c/ctl_mission_interfaces/srv/detail/config_dynamic_la_pure_ctrl__type_support.c.o[0m
[17.938s] [ 32%] [32mBuilding C object CMakeFiles/ctl_mission_interfaces__rosidl_typesupport_introspection_c.dir/rosidl_typesupport_introspection_c/ctl_mission_interfaces/srv/detail/config_dynamic_pure_ctrl__type_support.c.o[0m
[18.036s] [ 33%] [32mBuilding C object CMakeFiles/ctl_mission_interfaces__rosidl_typesupport_introspection_c.dir/rosidl_typesupport_introspection_c/ctl_mission_interfaces/srv/detail/config_stanley_ctrl__type_support.c.o[0m
[18.189s] [ 33%] [32mBuilding C object CMakeFiles/ctl_mission_interfaces__rosidl_typesupport_introspection_c.dir/rosidl_typesupport_introspection_c/ctl_mission_interfaces/srv/detail/config_pure_pursuit_ctrl__type_support.c.o[0m
[18.245s] [ 34%] [32mBuilding CXX object CMakeFiles/ctl_mission_interfaces__rosidl_typesupport_fastrtps_c.dir/rosidl_typesupport_fastrtps_c/ctl_mission_interfaces/srv/detail/config_dynamic_la_pure_ctrl__type_support_c.cpp.o[0m
[18.249s] [ 35%] [32mBuilding C object CMakeFiles/ctl_mission_interfaces__rosidl_typesupport_introspection_c.dir/rosidl_typesupport_introspection_c/ctl_mission_interfaces/srv/detail/change_controller__type_support.c.o[0m
[18.340s] [ 36%] [32mBuilding C object CMakeFiles/ctl_mission_interfaces__rosidl_typesupport_introspection_c.dir/rosidl_typesupport_introspection_c/ctl_mission_interfaces/srv/detail/get_possible_transitions__type_support.c.o[0m
[18.422s] [ 37%] [32mBuilding C object CMakeFiles/ctl_mission_interfaces__rosidl_typesupport_introspection_c.dir/rosidl_typesupport_introspection_c/ctl_mission_interfaces/srv/detail/change_speed__type_support.c.o[0m
[18.545s] [ 38%] [32mBuilding C object CMakeFiles/ctl_mission_interfaces__rosidl_typesupport_introspection_c.dir/rosidl_typesupport_introspection_c/ctl_mission_interfaces/srv/detail/get_mode__type_support.c.o[0m
[18.634s] [ 39%] [32m[1mLinking C shared library libctl_mission_interfaces__rosidl_typesupport_introspection_c.so[0m
[18.706s] [ 39%] Built target ctl_mission_interfaces__rosidl_typesupport_introspection_c
[19.001s] [ 39%] Built target ctl_mission_interfaces__cpp
[22.101s] [ 40%] [32mBuilding CXX object CMakeFiles/ctl_mission_interfaces__rosidl_typesupport_fastrtps_c.dir/rosidl_typesupport_fastrtps_c/ctl_mission_interfaces/srv/detail/config_regulated_pure_ctrl__type_support_c.cpp.o[0m
[25.560s] [ 41%] [32mBuilding CXX object CMakeFiles/ctl_mission_interfaces__rosidl_typesupport_fastrtps_c.dir/rosidl_typesupport_fastrtps_c/ctl_mission_interfaces/srv/detail/config_dynamic_pure_ctrl__type_support_c.cpp.o[0m
[26.535s] [ 42%] [32mBuilding CXX object CMakeFiles/ctl_mission_interfaces__rosidl_typesupport_fastrtps_c.dir/rosidl_typesupport_fastrtps_c/ctl_mission_interfaces/srv/detail/config_stanley_ctrl__type_support_c.cpp.o[0m
[27.649s] [ 43%] [32mBuilding CXX object CMakeFiles/ctl_mission_interfaces__rosidl_typesupport_fastrtps_c.dir/rosidl_typesupport_fastrtps_c/ctl_mission_interfaces/srv/detail/config_pure_pursuit_ctrl__type_support_c.cpp.o[0m
[28.223s] [ 44%] [32mBuilding CXX object CMakeFiles/ctl_mission_interfaces__rosidl_typesupport_fastrtps_c.dir/rosidl_typesupport_fastrtps_c/ctl_mission_interfaces/srv/detail/change_controller__type_support_c.cpp.o[0m
[28.873s] [ 44%] [32mBuilding CXX object CMakeFiles/ctl_mission_interfaces__rosidl_typesupport_fastrtps_c.dir/rosidl_typesupport_fastrtps_c/ctl_mission_interfaces/srv/detail/get_possible_transitions__type_support_c.cpp.o[0m
[29.481s] [ 45%] [32mBuilding CXX object CMakeFiles/ctl_mission_interfaces__rosidl_typesupport_fastrtps_c.dir/rosidl_typesupport_fastrtps_c/ctl_mission_interfaces/srv/detail/config_simple_ctl__type_support_c.cpp.o[0m
[30.118s] [ 46%] [32mBuilding CXX object CMakeFiles/ctl_mission_interfaces__rosidl_typesupport_fastrtps_c.dir/rosidl_typesupport_fastrtps_c/ctl_mission_interfaces/srv/detail/change_speed__type_support_c.cpp.o[0m
[30.618s] [ 47%] [32mBuilding CXX object CMakeFiles/ctl_mission_interfaces__rosidl_typesupport_fastrtps_c.dir/rosidl_typesupport_fastrtps_c/ctl_mission_interfaces/srv/detail/get_mode__type_support_c.cpp.o[0m
[31.153s] [ 48%] [32m[1mLinking CXX shared library libctl_mission_interfaces__rosidl_typesupport_fastrtps_c.so[0m
[31.270s] [ 48%] Built target ctl_mission_interfaces__rosidl_typesupport_fastrtps_c
[31.278s] [ 49%] [34m[1mGenerating C++ type support dispatch for ROS interfaces[0m
[32.357s] [ 50%] [32mBuilding CXX object CMakeFiles/ctl_mission_interfaces__rosidl_typesupport_cpp.dir/rosidl_typesupport_cpp/ctl_mission_interfaces/srv/change_mode__type_support.cpp.o[0m
[32.791s] [ 51%] [32mBuilding CXX object CMakeFiles/ctl_mission_interfaces__rosidl_typesupport_cpp.dir/rosidl_typesupport_cpp/ctl_mission_interfaces/srv/config_regulated_pure_ctrl__type_support.cpp.o[0m
[33.250s] [ 52%] [32mBuilding CXX object CMakeFiles/ctl_mission_interfaces__rosidl_typesupport_cpp.dir/rosidl_typesupport_cpp/ctl_mission_interfaces/srv/config_dynamic_la_pure_ctrl__type_support.cpp.o[0m
[33.662s] [ 53%] [32mBuilding CXX object CMakeFiles/ctl_mission_interfaces__rosidl_typesupport_cpp.dir/rosidl_typesupport_cpp/ctl_mission_interfaces/srv/config_dynamic_pure_ctrl__type_support.cpp.o[0m
[34.198s] [ 53%] [32mBuilding CXX object CMakeFiles/ctl_mission_interfaces__rosidl_typesupport_cpp.dir/rosidl_typesupport_cpp/ctl_mission_interfaces/srv/config_stanley_ctrl__type_support.cpp.o[0m
[34.734s] [ 54%] [32mBuilding CXX object CMakeFiles/ctl_mission_interfaces__rosidl_typesupport_cpp.dir/rosidl_typesupport_cpp/ctl_mission_interfaces/srv/config_pure_pursuit_ctrl__type_support.cpp.o[0m
[35.150s] [ 55%] [32mBuilding CXX object CMakeFiles/ctl_mission_interfaces__rosidl_typesupport_cpp.dir/rosidl_typesupport_cpp/ctl_mission_interfaces/srv/change_controller__type_support.cpp.o[0m
[35.590s] [ 56%] [32mBuilding CXX object CMakeFiles/ctl_mission_interfaces__rosidl_typesupport_cpp.dir/rosidl_typesupport_cpp/ctl_mission_interfaces/srv/get_possible_transitions__type_support.cpp.o[0m
[36.131s] [ 57%] [32mBuilding CXX object CMakeFiles/ctl_mission_interfaces__rosidl_typesupport_cpp.dir/rosidl_typesupport_cpp/ctl_mission_interfaces/srv/config_simple_ctl__type_support.cpp.o[0m
[36.661s] [ 58%] [32mBuilding CXX object CMakeFiles/ctl_mission_interfaces__rosidl_typesupport_cpp.dir/rosidl_typesupport_cpp/ctl_mission_interfaces/srv/change_speed__type_support.cpp.o[0m
[37.456s] [ 59%] [32mBuilding CXX object CMakeFiles/ctl_mission_interfaces__rosidl_typesupport_cpp.dir/rosidl_typesupport_cpp/ctl_mission_interfaces/srv/get_mode__type_support.cpp.o[0m
[37.984s] [ 60%] [32m[1mLinking CXX shared library libctl_mission_interfaces__rosidl_typesupport_cpp.so[0m
[38.058s] [ 60%] Built target ctl_mission_interfaces__rosidl_typesupport_cpp
[38.069s] [ 61%] [34m[1mGenerating C++ introspection for ROS interfaces[0m
[39.767s] [ 62%] [32mBuilding CXX object CMakeFiles/ctl_mission_interfaces__rosidl_typesupport_introspection_cpp.dir/rosidl_typesupport_introspection_cpp/ctl_mission_interfaces/srv/detail/change_mode__type_support.cpp.o[0m
[40.457s] [ 63%] [32mBuilding CXX object CMakeFiles/ctl_mission_interfaces__rosidl_typesupport_introspection_cpp.dir/rosidl_typesupport_introspection_cpp/ctl_mission_interfaces/srv/detail/config_regulated_pure_ctrl__type_support.cpp.o[0m
[41.419s] [ 64%] [32mBuilding CXX object CMakeFiles/ctl_mission_interfaces__rosidl_typesupport_introspection_cpp.dir/rosidl_typesupport_introspection_cpp/ctl_mission_interfaces/srv/detail/config_dynamic_la_pure_ctrl__type_support.cpp.o[0m
[41.683s] [ 65%] [32mBuilding CXX object CMakeFiles/ctl_mission_interfaces__rosidl_typesupport_introspection_cpp.dir/rosidl_typesupport_introspection_cpp/ctl_mission_interfaces/srv/detail/config_dynamic_pure_ctrl__type_support.cpp.o[0m
[42.271s] [ 66%] [32mBuilding CXX object CMakeFiles/ctl_mission_interfaces__rosidl_typesupport_introspection_cpp.dir/rosidl_typesupport_introspection_cpp/ctl_mission_interfaces/srv/detail/config_stanley_ctrl__type_support.cpp.o[0m
[42.897s] [ 67%] [32mBuilding CXX object CMakeFiles/ctl_mission_interfaces__rosidl_typesupport_introspection_cpp.dir/rosidl_typesupport_introspection_cpp/ctl_mission_interfaces/srv/detail/config_pure_pursuit_ctrl__type_support.cpp.o[0m
[43.499s] [ 68%] [32mBuilding CXX object CMakeFiles/ctl_mission_interfaces__rosidl_typesupport_introspection_cpp.dir/rosidl_typesupport_introspection_cpp/ctl_mission_interfaces/srv/detail/change_controller__type_support.cpp.o[0m
[44.071s] [ 69%] [32mBuilding CXX object CMakeFiles/ctl_mission_interfaces__rosidl_typesupport_introspection_cpp.dir/rosidl_typesupport_introspection_cpp/ctl_mission_interfaces/srv/detail/get_possible_transitions__type_support.cpp.o[0m
[45.021s] [ 70%] [32mBuilding CXX object CMakeFiles/ctl_mission_interfaces__rosidl_typesupport_introspection_cpp.dir/rosidl_typesupport_introspection_cpp/ctl_mission_interfaces/srv/detail/config_simple_ctl__type_support.cpp.o[0m
[48.783s] [ 71%] [32mBuilding CXX object CMakeFiles/ctl_mission_interfaces__rosidl_typesupport_introspection_cpp.dir/rosidl_typesupport_introspection_cpp/ctl_mission_interfaces/srv/detail/change_speed__type_support.cpp.o[0m
[49.362s] [ 71%] [32mBuilding CXX object CMakeFiles/ctl_mission_interfaces__rosidl_typesupport_introspection_cpp.dir/rosidl_typesupport_introspection_cpp/ctl_mission_interfaces/srv/detail/get_mode__type_support.cpp.o[0m
[49.944s] [ 72%] [32m[1mLinking CXX shared library libctl_mission_interfaces__rosidl_typesupport_introspection_cpp.so[0m
[50.060s] [ 72%] Built target ctl_mission_interfaces__rosidl_typesupport_introspection_cpp
[50.067s] [ 72%] [34m[1mGenerating C++ type support for eProsima Fast-RTPS[0m
[51.664s] [ 73%] [32mBuilding CXX object CMakeFiles/ctl_mission_interfaces__rosidl_typesupport_fastrtps_cpp.dir/rosidl_typesupport_fastrtps_cpp/ctl_mission_interfaces/srv/detail/dds_fastrtps/change_mode__type_support.cpp.o[0m
[52.217s] [ 74%] [32mBuilding CXX object CMakeFiles/ctl_mission_interfaces__rosidl_typesupport_fastrtps_cpp.dir/rosidl_typesupport_fastrtps_cpp/ctl_mission_interfaces/srv/detail/dds_fastrtps/config_regulated_pure_ctrl__type_support.cpp.o[0m
[52.830s] [ 74%] [32mBuilding CXX object CMakeFiles/ctl_mission_interfaces__rosidl_typesupport_fastrtps_cpp.dir/rosidl_typesupport_fastrtps_cpp/ctl_mission_interfaces/srv/detail/dds_fastrtps/config_dynamic_la_pure_ctrl__type_support.cpp.o[0m
[54.721s] [ 75%] [32mBuilding CXX object CMakeFiles/ctl_mission_interfaces__rosidl_typesupport_fastrtps_cpp.dir/rosidl_typesupport_fastrtps_cpp/ctl_mission_interfaces/srv/detail/dds_fastrtps/config_dynamic_pure_ctrl__type_support.cpp.o[0m
[55.129s] [ 76%] [32mBuilding CXX object CMakeFiles/ctl_mission_interfaces__rosidl_typesupport_fastrtps_cpp.dir/rosidl_typesupport_fastrtps_cpp/ctl_mission_interfaces/srv/detail/dds_fastrtps/config_stanley_ctrl__type_support.cpp.o[0m
[55.647s] [ 77%] [32mBuilding CXX object CMakeFiles/ctl_mission_interfaces__rosidl_typesupport_fastrtps_cpp.dir/rosidl_typesupport_fastrtps_cpp/ctl_mission_interfaces/srv/detail/dds_fastrtps/config_pure_pursuit_ctrl__type_support.cpp.o[0m
[56.693s] [ 78%] [32mBuilding CXX object CMakeFiles/ctl_mission_interfaces__rosidl_typesupport_fastrtps_cpp.dir/rosidl_typesupport_fastrtps_cpp/ctl_mission_interfaces/srv/detail/dds_fastrtps/change_controller__type_support.cpp.o[0m
[58.235s] [ 79%] [32mBuilding CXX object CMakeFiles/ctl_mission_interfaces__rosidl_typesupport_fastrtps_cpp.dir/rosidl_typesupport_fastrtps_cpp/ctl_mission_interfaces/srv/detail/dds_fastrtps/get_possible_transitions__type_support.cpp.o[0m
[58.892s] [ 80%] [32mBuilding CXX object CMakeFiles/ctl_mission_interfaces__rosidl_typesupport_fastrtps_cpp.dir/rosidl_typesupport_fastrtps_cpp/ctl_mission_interfaces/srv/detail/dds_fastrtps/config_simple_ctl__type_support.cpp.o[0m
[59.740s] [ 81%] [32mBuilding CXX object CMakeFiles/ctl_mission_interfaces__rosidl_typesupport_fastrtps_cpp.dir/rosidl_typesupport_fastrtps_cpp/ctl_mission_interfaces/srv/detail/dds_fastrtps/change_speed__type_support.cpp.o[0m
[60.215s] [ 82%] [32mBuilding CXX object CMakeFiles/ctl_mission_interfaces__rosidl_typesupport_fastrtps_cpp.dir/rosidl_typesupport_fastrtps_cpp/ctl_mission_interfaces/srv/detail/dds_fastrtps/get_mode__type_support.cpp.o[0m
[60.764s] [ 83%] [32m[1mLinking CXX shared library libctl_mission_interfaces__rosidl_typesupport_fastrtps_cpp.so[0m
[60.832s] [ 83%] Built target ctl_mission_interfaces__rosidl_typesupport_fastrtps_cpp
[60.843s] [ 83%] Built target ctl_mission_interfaces
[60.872s] [ 84%] [34m[1mGenerating Python code for ROS interfaces[0m
[63.021s] [ 84%] Built target ctl_mission_interfaces__py
[63.034s] [ 85%] [32mBuilding C object CMakeFiles/ctl_mission_interfaces__rosidl_generator_py.dir/rosidl_generator_py/ctl_mission_interfaces/srv/_change_mode_s.c.o[0m
[63.198s] [ 86%] [32mBuilding C object CMakeFiles/ctl_mission_interfaces__rosidl_generator_py.dir/rosidl_generator_py/ctl_mission_interfaces/srv/_config_regulated_pure_ctrl_s.c.o[0m
[63.374s] [ 87%] [32mBuilding C object CMakeFiles/ctl_mission_interfaces__rosidl_generator_py.dir/rosidl_generator_py/ctl_mission_interfaces/srv/_config_dynamic_la_pure_ctrl_s.c.o[0m
[63.543s] [ 88%] [32mBuilding C object CMakeFiles/ctl_mission_interfaces__rosidl_generator_py.dir/rosidl_generator_py/ctl_mission_interfaces/srv/_config_dynamic_pure_ctrl_s.c.o[0m
[63.709s] [ 89%] [32mBuilding C object CMakeFiles/ctl_mission_interfaces__rosidl_generator_py.dir/rosidl_generator_py/ctl_mission_interfaces/srv/_config_stanley_ctrl_s.c.o[0m
[63.873s] [ 90%] [32mBuilding C object CMakeFiles/ctl_mission_interfaces__rosidl_generator_py.dir/rosidl_generator_py/ctl_mission_interfaces/srv/_config_pure_pursuit_ctrl_s.c.o[0m
[64.024s] [ 90%] [32mBuilding C object CMakeFiles/ctl_mission_interfaces__rosidl_generator_py.dir/rosidl_generator_py/ctl_mission_interfaces/srv/_change_controller_s.c.o[0m
[64.177s] [ 91%] [32mBuilding C object CMakeFiles/ctl_mission_interfaces__rosidl_generator_py.dir/rosidl_generator_py/ctl_mission_interfaces/srv/_get_possible_transitions_s.c.o[0m
[64.349s] [ 92%] [32mBuilding C object CMakeFiles/ctl_mission_interfaces__rosidl_generator_py.dir/rosidl_generator_py/ctl_mission_interfaces/srv/_config_simple_ctl_s.c.o[0m
[64.515s] [ 93%] [32mBuilding C object CMakeFiles/ctl_mission_interfaces__rosidl_generator_py.dir/rosidl_generator_py/ctl_mission_interfaces/srv/_change_speed_s.c.o[0m
[64.670s] [ 94%] [32mBuilding C object CMakeFiles/ctl_mission_interfaces__rosidl_generator_py.dir/rosidl_generator_py/ctl_mission_interfaces/srv/_get_mode_s.c.o[0m
[64.824s] [ 95%] [32m[1mLinking C shared library rosidl_generator_py/ctl_mission_interfaces/libctl_mission_interfaces__rosidl_generator_py.so[0m
[64.875s] [ 95%] Built target ctl_mission_interfaces__rosidl_generator_py
[64.886s] [ 96%] [32mBuilding C object CMakeFiles/ctl_mission_interfaces__rosidl_typesupport_fastrtps_c__pyext.dir/rosidl_generator_py/ctl_mission_interfaces/_ctl_mission_interfaces_s.ep.rosidl_typesupport_fastrtps_c.c.o[0m
[65.118s] [ 97%] [32m[1mLinking C shared library rosidl_generator_py/ctl_mission_interfaces/ctl_mission_interfaces_s__rosidl_typesupport_fastrtps_c.cpython-310-x86_64-linux-gnu.so[0m
[65.167s] [ 97%] Built target ctl_mission_interfaces__rosidl_typesupport_fastrtps_c__pyext
[65.179s] [ 97%] [32mBuilding C object CMakeFiles/ctl_mission_interfaces__rosidl_typesupport_c__pyext.dir/rosidl_generator_py/ctl_mission_interfaces/_ctl_mission_interfaces_s.ep.rosidl_typesupport_c.c.o[0m
[65.437s] [ 98%] [32m[1mLinking C shared library rosidl_generator_py/ctl_mission_interfaces/ctl_mission_interfaces_s__rosidl_typesupport_c.cpython-310-x86_64-linux-gnu.so[0m
[65.487s] [ 98%] Built target ctl_mission_interfaces__rosidl_typesupport_c__pyext
[65.499s] [ 99%] [32mBuilding C object CMakeFiles/ctl_mission_interfaces__rosidl_typesupport_introspection_c__pyext.dir/rosidl_generator_py/ctl_mission_interfaces/_ctl_mission_interfaces_s.ep.rosidl_typesupport_introspection_c.c.o[0m
[65.765s] [100%] [32m[1mLinking C shared library rosidl_generator_py/ctl_mission_interfaces/ctl_mission_interfaces_s__rosidl_typesupport_introspection_c.cpython-310-x86_64-linux-gnu.so[0m
[65.812s] [100%] Built target ctl_mission_interfaces__rosidl_typesupport_introspection_c__pyext
[65.820s] Invoked command in '/home/rhobtor/PHD/ARGOJ8_IA/build/ctl_mission_interfaces' returned '0': CMAKE_PREFIX_PATH=${CMAKE_PREFIX_PATH}:/home/rhobtor/PHD/reactive/Reactive-Navegation/workspace_full_conected/install/car:/opt/ros/humble /opt/st/stm32cubeclt_1.18.0/CMake/bin/cmake --build /home/rhobtor/PHD/ARGOJ8_IA/build/ctl_mission_interfaces -- -j16 -l16
[65.845s] Invoking command in '/home/rhobtor/PHD/ARGOJ8_IA/build/ctl_mission_interfaces': CMAKE_PREFIX_PATH=${CMAKE_PREFIX_PATH}:/home/rhobtor/PHD/reactive/Reactive-Navegation/workspace_full_conected/install/car:/opt/ros/humble /opt/st/stm32cubeclt_1.18.0/CMake/bin/cmake --install /home/rhobtor/PHD/ARGOJ8_IA/build/ctl_mission_interfaces
[65.854s] -- Install configuration: ""
[65.855s] -- Installing: /home/rhobtor/PHD/ARGOJ8_IA/install/ctl_mission_interfaces/share/ament_index/resource_index/rosidl_interfaces/ctl_mission_interfaces
[65.855s] -- Installing: /home/rhobtor/PHD/ARGOJ8_IA/install/ctl_mission_interfaces/include/ctl_mission_interfaces/ctl_mission_interfaces
[65.855s] -- Installing: /home/rhobtor/PHD/ARGOJ8_IA/install/ctl_mission_interfaces/include/ctl_mission_interfaces/ctl_mission_interfaces/srv
[65.855s] -- Installing: /home/rhobtor/PHD/ARGOJ8_IA/install/ctl_mission_interfaces/include/ctl_mission_interfaces/ctl_mission_interfaces/srv/config_stanley_ctrl.h
[65.855s] -- Installing: /home/rhobtor/PHD/ARGOJ8_IA/install/ctl_mission_interfaces/include/ctl_mission_interfaces/ctl_mission_interfaces/srv/change_speed.h
[65.855s] -- Installing: /home/rhobtor/PHD/ARGOJ8_IA/install/ctl_mission_interfaces/include/ctl_mission_interfaces/ctl_mission_interfaces/srv/config_dynamic_pure_ctrl.h
[65.855s] -- Installing: /home/rhobtor/PHD/ARGOJ8_IA/install/ctl_mission_interfaces/include/ctl_mission_interfaces/ctl_mission_interfaces/srv/change_controller.h
[65.856s] -- Installing: /home/rhobtor/PHD/ARGOJ8_IA/install/ctl_mission_interfaces/include/ctl_mission_interfaces/ctl_mission_interfaces/srv/config_dynamic_la_pure_ctrl.h
[65.856s] -- Installing: /home/rhobtor/PHD/ARGOJ8_IA/install/ctl_mission_interfaces/include/ctl_mission_interfaces/ctl_mission_interfaces/srv/detail
[65.856s] -- Installing: /home/rhobtor/PHD/ARGOJ8_IA/install/ctl_mission_interfaces/include/ctl_mission_interfaces/ctl_mission_interfaces/srv/detail/change_mode__functions.c
[65.856s] -- Installing: /home/rhobtor/PHD/ARGOJ8_IA/install/ctl_mission_interfaces/include/ctl_mission_interfaces/ctl_mission_interfaces/srv/detail/change_controller__functions.c
[65.856s] -- Installing: /home/rhobtor/PHD/ARGOJ8_IA/install/ctl_mission_interfaces/include/ctl_mission_interfaces/ctl_mission_interfaces/srv/detail/change_mode__type_support.h
[65.856s] -- Installing: /home/rhobtor/PHD/ARGOJ8_IA/install/ctl_mission_interfaces/include/ctl_mission_interfaces/ctl_mission_interfaces/srv/detail/config_dynamic_pure_ctrl__type_support.h
[65.856s] -- Installing: /home/rhobtor/PHD/ARGOJ8_IA/install/ctl_mission_interfaces/include/ctl_mission_interfaces/ctl_mission_interfaces/srv/detail/config_regulated_pure_ctrl__functions.c
[65.856s] -- Installing: /home/rhobtor/PHD/ARGOJ8_IA/install/ctl_mission_interfaces/include/ctl_mission_interfaces/ctl_mission_interfaces/srv/detail/config_pure_pursuit_ctrl__struct.h
[65.857s] -- Installing: /home/rhobtor/PHD/ARGOJ8_IA/install/ctl_mission_interfaces/include/ctl_mission_interfaces/ctl_mission_interfaces/srv/detail/config_dynamic_la_pure_ctrl__struct.h
[65.857s] -- Installing: /home/rhobtor/PHD/ARGOJ8_IA/install/ctl_mission_interfaces/include/ctl_mission_interfaces/ctl_mission_interfaces/srv/detail/get_mode__struct.h
[65.857s] -- Installing: /home/rhobtor/PHD/ARGOJ8_IA/install/ctl_mission_interfaces/include/ctl_mission_interfaces/ctl_mission_interfaces/srv/detail/change_speed__type_support.h
[65.857s] -- Installing: /home/rhobtor/PHD/ARGOJ8_IA/install/ctl_mission_interfaces/include/ctl_mission_interfaces/ctl_mission_interfaces/srv/detail/get_possible_transitions__functions.c
[65.857s] -- Installing: /home/rhobtor/PHD/ARGOJ8_IA/install/ctl_mission_interfaces/include/ctl_mission_interfaces/ctl_mission_interfaces/srv/detail/get_possible_transitions__functions.h
[65.858s] -- Installing: /home/rhobtor/PHD/ARGOJ8_IA/install/ctl_mission_interfaces/include/ctl_mission_interfaces/ctl_mission_interfaces/srv/detail/config_dynamic_la_pure_ctrl__functions.h
[65.858s] -- Installing: /home/rhobtor/PHD/ARGOJ8_IA/install/ctl_mission_interfaces/include/ctl_mission_interfaces/ctl_mission_interfaces/srv/detail/config_simple_ctl__struct.h
[65.858s] -- Installing: /home/rhobtor/PHD/ARGOJ8_IA/install/ctl_mission_interfaces/include/ctl_mission_interfaces/ctl_mission_interfaces/srv/detail/change_mode__struct.h
[65.858s] -- Installing: /home/rhobtor/PHD/ARGOJ8_IA/install/ctl_mission_interfaces/include/ctl_mission_interfaces/ctl_mission_interfaces/srv/detail/change_speed__struct.h
[65.858s] -- Installing: /home/rhobtor/PHD/ARGOJ8_IA/install/ctl_mission_interfaces/include/ctl_mission_interfaces/ctl_mission_interfaces/srv/detail/config_pure_pursuit_ctrl__type_support.h
[65.858s] -- Installing: /home/rhobtor/PHD/ARGOJ8_IA/install/ctl_mission_interfaces/include/ctl_mission_interfaces/ctl_mission_interfaces/srv/detail/get_possible_transitions__type_support.h
[65.858s] -- Installing: /home/rhobtor/PHD/ARGOJ8_IA/install/ctl_mission_interfaces/include/ctl_mission_interfaces/ctl_mission_interfaces/srv/detail/config_pure_pursuit_ctrl__functions.h
[65.858s] -- Installing: /home/rhobtor/PHD/ARGOJ8_IA/install/ctl_mission_interfaces/include/ctl_mission_interfaces/ctl_mission_interfaces/srv/detail/config_pure_pursuit_ctrl__functions.c
[65.858s] -- Installing: /home/rhobtor/PHD/ARGOJ8_IA/install/ctl_mission_interfaces/include/ctl_mission_interfaces/ctl_mission_interfaces/srv/detail/change_controller__type_support.h
[65.859s] -- Installing: /home/rhobtor/PHD/ARGOJ8_IA/install/ctl_mission_interfaces/include/ctl_mission_interfaces/ctl_mission_interfaces/srv/detail/config_simple_ctl__functions.c
[65.859s] -- Installing: /home/rhobtor/PHD/ARGOJ8_IA/install/ctl_mission_interfaces/include/ctl_mission_interfaces/ctl_mission_interfaces/srv/detail/get_mode__type_support.h
[65.859s] -- Installing: /home/rhobtor/PHD/ARGOJ8_IA/install/ctl_mission_interfaces/include/ctl_mission_interfaces/ctl_mission_interfaces/srv/detail/config_simple_ctl__type_support.h
[65.859s] -- Installing: /home/rhobtor/PHD/ARGOJ8_IA/install/ctl_mission_interfaces/include/ctl_mission_interfaces/ctl_mission_interfaces/srv/detail/change_speed__functions.h
[65.859s] -- Installing: /home/rhobtor/PHD/ARGOJ8_IA/install/ctl_mission_interfaces/include/ctl_mission_interfaces/ctl_mission_interfaces/srv/detail/config_simple_ctl__functions.h
[65.859s] -- Installing: /home/rhobtor/PHD/ARGOJ8_IA/install/ctl_mission_interfaces/include/ctl_mission_interfaces/ctl_mission_interfaces/srv/detail/config_stanley_ctrl__functions.h
[65.859s] -- Installing: /home/rhobtor/PHD/ARGOJ8_IA/install/ctl_mission_interfaces/include/ctl_mission_interfaces/ctl_mission_interfaces/srv/detail/config_stanley_ctrl__functions.c
[65.859s] -- Installing: /home/rhobtor/PHD/ARGOJ8_IA/install/ctl_mission_interfaces/include/ctl_mission_interfaces/ctl_mission_interfaces/srv/detail/change_speed__functions.c
[65.859s] -- Installing: /home/rhobtor/PHD/ARGOJ8_IA/install/ctl_mission_interfaces/include/ctl_mission_interfaces/ctl_mission_interfaces/srv/detail/get_mode__functions.h
[65.860s] -- Installing: /home/rhobtor/PHD/ARGOJ8_IA/install/ctl_mission_interfaces/include/ctl_mission_interfaces/ctl_mission_interfaces/srv/detail/change_controller__functions.h
[65.861s] -- Installing: /home/rhobtor/PHD/ARGOJ8_IA/install/ctl_mission_interfaces/include/ctl_mission_interfaces/ctl_mission_interfaces/srv/detail/config_regulated_pure_ctrl__struct.h
[65.863s] -- Installing: /home/rhobtor/PHD/ARGOJ8_IA/install/ctl_mission_interfaces/include/ctl_mission_interfaces/ctl_mission_interfaces/srv/detail/config_stanley_ctrl__struct.h
[65.863s] -- Installing: /home/rhobtor/PHD/ARGOJ8_IA/install/ctl_mission_interfaces/include/ctl_mission_interfaces/ctl_mission_interfaces/srv/detail/config_dynamic_pure_ctrl__functions.c
[65.863s] -- Installing: /home/rhobtor/PHD/ARGOJ8_IA/install/ctl_mission_interfaces/include/ctl_mission_interfaces/ctl_mission_interfaces/srv/detail/get_possible_transitions__struct.h
[65.864s] -- Installing: /home/rhobtor/PHD/ARGOJ8_IA/install/ctl_mission_interfaces/include/ctl_mission_interfaces/ctl_mission_interfaces/srv/detail/get_mode__functions.c
[65.864s] -- Installing: /home/rhobtor/PHD/ARGOJ8_IA/install/ctl_mission_interfaces/include/ctl_mission_interfaces/ctl_mission_interfaces/srv/detail/config_dynamic_pure_ctrl__struct.h
[65.864s] -- Installing: /home/rhobtor/PHD/ARGOJ8_IA/install/ctl_mission_interfaces/include/ctl_mission_interfaces/ctl_mission_interfaces/srv/detail/config_regulated_pure_ctrl__functions.h
[65.864s] -- Installing: /home/rhobtor/PHD/ARGOJ8_IA/install/ctl_mission_interfaces/include/ctl_mission_interfaces/ctl_mission_interfaces/srv/detail/config_dynamic_pure_ctrl__functions.h
[65.864s] -- Installing: /home/rhobtor/PHD/ARGOJ8_IA/install/ctl_mission_interfaces/include/ctl_mission_interfaces/ctl_mission_interfaces/srv/detail/config_regulated_pure_ctrl__type_support.h
[65.864s] -- Installing: /home/rhobtor/PHD/ARGOJ8_IA/install/ctl_mission_interfaces/include/ctl_mission_interfaces/ctl_mission_interfaces/srv/detail/config_stanley_ctrl__type_support.h
[65.864s] -- Installing: /home/rhobtor/PHD/ARGOJ8_IA/install/ctl_mission_interfaces/include/ctl_mission_interfaces/ctl_mission_interfaces/srv/detail/config_dynamic_la_pure_ctrl__type_support.h
[65.864s] -- Installing: /home/rhobtor/PHD/ARGOJ8_IA/install/ctl_mission_interfaces/include/ctl_mission_interfaces/ctl_mission_interfaces/srv/detail/change_mode__functions.h
[65.864s] -- Installing: /home/rhobtor/PHD/ARGOJ8_IA/install/ctl_mission_interfaces/include/ctl_mission_interfaces/ctl_mission_interfaces/srv/detail/change_controller__struct.h
[65.865s] -- Installing: /home/rhobtor/PHD/ARGOJ8_IA/install/ctl_mission_interfaces/include/ctl_mission_interfaces/ctl_mission_interfaces/srv/detail/config_dynamic_la_pure_ctrl__functions.c
[65.865s] -- Installing: /home/rhobtor/PHD/ARGOJ8_IA/install/ctl_mission_interfaces/include/ctl_mission_interfaces/ctl_mission_interfaces/srv/change_mode.h
[65.865s] -- Installing: /home/rhobtor/PHD/ARGOJ8_IA/install/ctl_mission_interfaces/include/ctl_mission_interfaces/ctl_mission_interfaces/srv/get_possible_transitions.h
[65.865s] -- Installing: /home/rhobtor/PHD/ARGOJ8_IA/install/ctl_mission_interfaces/include/ctl_mission_interfaces/ctl_mission_interfaces/srv/config_regulated_pure_ctrl.h
[65.865s] -- Installing: /home/rhobtor/PHD/ARGOJ8_IA/install/ctl_mission_interfaces/include/ctl_mission_interfaces/ctl_mission_interfaces/srv/get_mode.h
[65.865s] -- Installing: /home/rhobtor/PHD/ARGOJ8_IA/install/ctl_mission_interfaces/include/ctl_mission_interfaces/ctl_mission_interfaces/srv/config_simple_ctl.h
[65.865s] -- Installing: /home/rhobtor/PHD/ARGOJ8_IA/install/ctl_mission_interfaces/include/ctl_mission_interfaces/ctl_mission_interfaces/srv/config_pure_pursuit_ctrl.h
[65.865s] -- Installing: /home/rhobtor/PHD/ARGOJ8_IA/install/ctl_mission_interfaces/include/ctl_mission_interfaces/ctl_mission_interfaces/msg
[65.865s] -- Installing: /home/rhobtor/PHD/ARGOJ8_IA/install/ctl_mission_interfaces/include/ctl_mission_interfaces/ctl_mission_interfaces/msg/rosidl_generator_c__visibility_control.h
[65.865s] -- Installing: /home/rhobtor/PHD/ARGOJ8_IA/install/ctl_mission_interfaces/share/ctl_mission_interfaces/environment/library_path.sh
[65.866s] -- Installing: /home/rhobtor/PHD/ARGOJ8_IA/install/ctl_mission_interfaces/share/ctl_mission_interfaces/environment/library_path.dsv
[65.866s] -- Installing: /home/rhobtor/PHD/ARGOJ8_IA/install/ctl_mission_interfaces/lib/libctl_mission_interfaces__rosidl_generator_c.so
[65.866s] -- Set non-toolchain portion of runtime path of "/home/rhobtor/PHD/ARGOJ8_IA/install/ctl_mission_interfaces/lib/libctl_mission_interfaces__rosidl_generator_c.so" to ""
[65.866s] -- Up-to-date: /home/rhobtor/PHD/ARGOJ8_IA/install/ctl_mission_interfaces/include/ctl_mission_interfaces/ctl_mission_interfaces
[65.866s] -- Up-to-date: /home/rhobtor/PHD/ARGOJ8_IA/install/ctl_mission_interfaces/include/ctl_mission_interfaces/ctl_mission_interfaces/srv
[65.866s] -- Up-to-date: /home/rhobtor/PHD/ARGOJ8_IA/install/ctl_mission_interfaces/include/ctl_mission_interfaces/ctl_mission_interfaces/srv/detail
[65.866s] -- Installing: /home/rhobtor/PHD/ARGOJ8_IA/install/ctl_mission_interfaces/include/ctl_mission_interfaces/ctl_mission_interfaces/srv/detail/change_speed__rosidl_typesupport_fastrtps_c.h
[65.866s] -- Installing: /home/rhobtor/PHD/ARGOJ8_IA/install/ctl_mission_interfaces/include/ctl_mission_interfaces/ctl_mission_interfaces/srv/detail/config_dynamic_pure_ctrl__rosidl_typesupport_fastrtps_c.h
[65.866s] -- Installing: /home/rhobtor/PHD/ARGOJ8_IA/install/ctl_mission_interfaces/include/ctl_mission_interfaces/ctl_mission_interfaces/srv/detail/config_simple_ctl__rosidl_typesupport_fastrtps_c.h
[65.866s] -- Installing: /home/rhobtor/PHD/ARGOJ8_IA/install/ctl_mission_interfaces/include/ctl_mission_interfaces/ctl_mission_interfaces/srv/detail/change_controller__rosidl_typesupport_fastrtps_c.h
[65.866s] -- Installing: /home/rhobtor/PHD/ARGOJ8_IA/install/ctl_mission_interfaces/include/ctl_mission_interfaces/ctl_mission_interfaces/srv/detail/change_mode__rosidl_typesupport_fastrtps_c.h
[65.866s] -- Installing: /home/rhobtor/PHD/ARGOJ8_IA/install/ctl_mission_interfaces/include/ctl_mission_interfaces/ctl_mission_interfaces/srv/detail/config_stanley_ctrl__rosidl_typesupport_fastrtps_c.h
[65.866s] -- Installing: /home/rhobtor/PHD/ARGOJ8_IA/install/ctl_mission_interfaces/include/ctl_mission_interfaces/ctl_mission_interfaces/srv/detail/config_pure_pursuit_ctrl__rosidl_typesupport_fastrtps_c.h
[65.867s] -- Installing: /home/rhobtor/PHD/ARGOJ8_IA/install/ctl_mission_interfaces/include/ctl_mission_interfaces/ctl_mission_interfaces/srv/detail/config_regulated_pure_ctrl__rosidl_typesupport_fastrtps_c.h
[65.867s] -- Installing: /home/rhobtor/PHD/ARGOJ8_IA/install/ctl_mission_interfaces/include/ctl_mission_interfaces/ctl_mission_interfaces/srv/detail/get_mode__rosidl_typesupport_fastrtps_c.h
[65.868s] -- Installing: /home/rhobtor/PHD/ARGOJ8_IA/install/ctl_mission_interfaces/include/ctl_mission_interfaces/ctl_mission_interfaces/srv/detail/config_dynamic_la_pure_ctrl__rosidl_typesupport_fastrtps_c.h
[65.868s] -- Installing: /home/rhobtor/PHD/ARGOJ8_IA/install/ctl_mission_interfaces/include/ctl_mission_interfaces/ctl_mission_interfaces/srv/detail/get_possible_transitions__rosidl_typesupport_fastrtps_c.h
[65.868s] -- Up-to-date: /home/rhobtor/PHD/ARGOJ8_IA/install/ctl_mission_interfaces/include/ctl_mission_interfaces/ctl_mission_interfaces/msg
[65.868s] -- Installing: /home/rhobtor/PHD/ARGOJ8_IA/install/ctl_mission_interfaces/include/ctl_mission_interfaces/ctl_mission_interfaces/msg/rosidl_typesupport_fastrtps_c__visibility_control.h
[65.868s] -- Installing: /home/rhobtor/PHD/ARGOJ8_IA/install/ctl_mission_interfaces/lib/libctl_mission_interfaces__rosidl_typesupport_fastrtps_c.so
[65.868s] -- Set non-toolchain portion of runtime path of "/home/rhobtor/PHD/ARGOJ8_IA/install/ctl_mission_interfaces/lib/libctl_mission_interfaces__rosidl_typesupport_fastrtps_c.so" to ""
[65.868s] -- Up-to-date: /home/rhobtor/PHD/ARGOJ8_IA/install/ctl_mission_interfaces/include/ctl_mission_interfaces/ctl_mission_interfaces
[65.868s] -- Up-to-date: /home/rhobtor/PHD/ARGOJ8_IA/install/ctl_mission_interfaces/include/ctl_mission_interfaces/ctl_mission_interfaces/srv
[65.868s] -- Up-to-date: /home/rhobtor/PHD/ARGOJ8_IA/install/ctl_mission_interfaces/include/ctl_mission_interfaces/ctl_mission_interfaces/srv/detail
[65.868s] -- Installing: /home/rhobtor/PHD/ARGOJ8_IA/install/ctl_mission_interfaces/include/ctl_mission_interfaces/ctl_mission_interfaces/srv/detail/config_dynamic_la_pure_ctrl__type_support.c
[65.868s] -- Installing: /home/rhobtor/PHD/ARGOJ8_IA/install/ctl_mission_interfaces/include/ctl_mission_interfaces/ctl_mission_interfaces/srv/detail/get_mode__rosidl_typesupport_introspection_c.h
[65.869s] -- Installing: /home/rhobtor/PHD/ARGOJ8_IA/install/ctl_mission_interfaces/include/ctl_mission_interfaces/ctl_mission_interfaces/srv/detail/change_mode__type_support.c
[65.870s] -- Installing: /home/rhobtor/PHD/ARGOJ8_IA/install/ctl_mission_interfaces/include/ctl_mission_interfaces/ctl_mission_interfaces/srv/detail/config_stanley_ctrl__type_support.c
[65.870s] -- Installing: /home/rhobtor/PHD/ARGOJ8_IA/install/ctl_mission_interfaces/include/ctl_mission_interfaces/ctl_mission_interfaces/srv/detail/config_dynamic_pure_ctrl__type_support.c
[65.870s] -- Installing: /home/rhobtor/PHD/ARGOJ8_IA/install/ctl_mission_interfaces/include/ctl_mission_interfaces/ctl_mission_interfaces/srv/detail/config_dynamic_pure_ctrl__rosidl_typesupport_introspection_c.h
[65.870s] -- Installing: /home/rhobtor/PHD/ARGOJ8_IA/install/ctl_mission_interfaces/include/ctl_mission_interfaces/ctl_mission_interfaces/srv/detail/get_mode__type_support.c
[65.870s] -- Installing: /home/rhobtor/PHD/ARGOJ8_IA/install/ctl_mission_interfaces/include/ctl_mission_interfaces/ctl_mission_interfaces/srv/detail/get_possible_transitions__type_support.c
[65.870s] -- Installing: /home/rhobtor/PHD/ARGOJ8_IA/install/ctl_mission_interfaces/include/ctl_mission_interfaces/ctl_mission_interfaces/srv/detail/change_controller__type_support.c
[65.870s] -- Installing: /home/rhobtor/PHD/ARGOJ8_IA/install/ctl_mission_interfaces/include/ctl_mission_interfaces/ctl_mission_interfaces/srv/detail/change_controller__rosidl_typesupport_introspection_c.h
[65.870s] -- Installing: /home/rhobtor/PHD/ARGOJ8_IA/install/ctl_mission_interfaces/include/ctl_mission_interfaces/ctl_mission_interfaces/srv/detail/change_speed__rosidl_typesupport_introspection_c.h
[65.871s] -- Installing: /home/rhobtor/PHD/ARGOJ8_IA/install/ctl_mission_interfaces/include/ctl_mission_interfaces/ctl_mission_interfaces/srv/detail/config_regulated_pure_ctrl__rosidl_typesupport_introspection_c.h
[65.871s] -- Installing: /home/rhobtor/PHD/ARGOJ8_IA/install/ctl_mission_interfaces/include/ctl_mission_interfaces/ctl_mission_interfaces/srv/detail/config_dynamic_la_pure_ctrl__rosidl_typesupport_introspection_c.h
[65.871s] -- Installing: /home/rhobtor/PHD/ARGOJ8_IA/install/ctl_mission_interfaces/include/ctl_mission_interfaces/ctl_mission_interfaces/srv/detail/config_stanley_ctrl__rosidl_typesupport_introspection_c.h
[65.871s] -- Installing: /home/rhobtor/PHD/ARGOJ8_IA/install/ctl_mission_interfaces/include/ctl_mission_interfaces/ctl_mission_interfaces/srv/detail/config_pure_pursuit_ctrl__type_support.c
[65.871s] -- Installing: /home/rhobtor/PHD/ARGOJ8_IA/install/ctl_mission_interfaces/include/ctl_mission_interfaces/ctl_mission_interfaces/srv/detail/change_speed__type_support.c
[65.871s] -- Installing: /home/rhobtor/PHD/ARGOJ8_IA/install/ctl_mission_interfaces/include/ctl_mission_interfaces/ctl_mission_interfaces/srv/detail/config_pure_pursuit_ctrl__rosidl_typesupport_introspection_c.h
[65.871s] -- Installing: /home/rhobtor/PHD/ARGOJ8_IA/install/ctl_mission_interfaces/include/ctl_mission_interfaces/ctl_mission_interfaces/srv/detail/config_regulated_pure_ctrl__type_support.c
[65.872s] -- Installing: /home/rhobtor/PHD/ARGOJ8_IA/install/ctl_mission_interfaces/include/ctl_mission_interfaces/ctl_mission_interfaces/srv/detail/change_mode__rosidl_typesupport_introspection_c.h
[65.872s] -- Installing: /home/rhobtor/PHD/ARGOJ8_IA/install/ctl_mission_interfaces/include/ctl_mission_interfaces/ctl_mission_interfaces/srv/detail/config_simple_ctl__rosidl_typesupport_introspection_c.h
[65.872s] -- Installing: /home/rhobtor/PHD/ARGOJ8_IA/install/ctl_mission_interfaces/include/ctl_mission_interfaces/ctl_mission_interfaces/srv/detail/config_simple_ctl__type_support.c
[65.872s] -- Installing: /home/rhobtor/PHD/ARGOJ8_IA/install/ctl_mission_interfaces/include/ctl_mission_interfaces/ctl_mission_interfaces/srv/detail/get_possible_transitions__rosidl_typesupport_introspection_c.h
[65.872s] -- Up-to-date: /home/rhobtor/PHD/ARGOJ8_IA/install/ctl_mission_interfaces/include/ctl_mission_interfaces/ctl_mission_interfaces/msg
[65.872s] -- Installing: /home/rhobtor/PHD/ARGOJ8_IA/install/ctl_mission_interfaces/include/ctl_mission_interfaces/ctl_mission_interfaces/msg/rosidl_typesupport_introspection_c__visibility_control.h
[65.872s] -- Installing: /home/rhobtor/PHD/ARGOJ8_IA/install/ctl_mission_interfaces/lib/libctl_mission_interfaces__rosidl_typesupport_introspection_c.so
[65.872s] -- Set non-toolchain portion of runtime path of "/home/rhobtor/PHD/ARGOJ8_IA/install/ctl_mission_interfaces/lib/libctl_mission_interfaces__rosidl_typesupport_introspection_c.so" to ""
[65.873s] -- Installing: /home/rhobtor/PHD/ARGOJ8_IA/install/ctl_mission_interfaces/lib/libctl_mission_interfaces__rosidl_typesupport_c.so
[65.873s] -- Set non-toolchain portion of runtime path of "/home/rhobtor/PHD/ARGOJ8_IA/install/ctl_mission_interfaces/lib/libctl_mission_interfaces__rosidl_typesupport_c.so" to ""
[65.873s] -- Up-to-date: /home/rhobtor/PHD/ARGOJ8_IA/install/ctl_mission_interfaces/include/ctl_mission_interfaces/ctl_mission_interfaces
[65.873s] -- Up-to-date: /home/rhobtor/PHD/ARGOJ8_IA/install/ctl_mission_interfaces/include/ctl_mission_interfaces/ctl_mission_interfaces/srv
[65.873s] -- Installing: /home/rhobtor/PHD/ARGOJ8_IA/install/ctl_mission_interfaces/include/ctl_mission_interfaces/ctl_mission_interfaces/srv/config_simple_ctl.hpp
[65.873s] -- Installing: /home/rhobtor/PHD/ARGOJ8_IA/install/ctl_mission_interfaces/include/ctl_mission_interfaces/ctl_mission_interfaces/srv/config_dynamic_la_pure_ctrl.hpp
[65.873s] -- Installing: /home/rhobtor/PHD/ARGOJ8_IA/install/ctl_mission_interfaces/include/ctl_mission_interfaces/ctl_mission_interfaces/srv/config_dynamic_pure_ctrl.hpp
[65.873s] -- Installing: /home/rhobtor/PHD/ARGOJ8_IA/install/ctl_mission_interfaces/include/ctl_mission_interfaces/ctl_mission_interfaces/srv/change_mode.hpp
[65.873s] -- Installing: /home/rhobtor/PHD/ARGOJ8_IA/install/ctl_mission_interfaces/include/ctl_mission_interfaces/ctl_mission_interfaces/srv/get_mode.hpp
[65.873s] -- Installing: /home/rhobtor/PHD/ARGOJ8_IA/install/ctl_mission_interfaces/include/ctl_mission_interfaces/ctl_mission_interfaces/srv/config_regulated_pure_ctrl.hpp
[65.873s] -- Installing: /home/rhobtor/PHD/ARGOJ8_IA/install/ctl_mission_interfaces/include/ctl_mission_interfaces/ctl_mission_interfaces/srv/get_possible_transitions.hpp
[65.873s] -- Installing: /home/rhobtor/PHD/ARGOJ8_IA/install/ctl_mission_interfaces/include/ctl_mission_interfaces/ctl_mission_interfaces/srv/change_speed.hpp
[65.873s] -- Up-to-date: /home/rhobtor/PHD/ARGOJ8_IA/install/ctl_mission_interfaces/include/ctl_mission_interfaces/ctl_mission_interfaces/srv/detail
[65.874s] -- Installing: /home/rhobtor/PHD/ARGOJ8_IA/install/ctl_mission_interfaces/include/ctl_mission_interfaces/ctl_mission_interfaces/srv/detail/change_speed__type_support.hpp
[65.874s] -- Installing: /home/rhobtor/PHD/ARGOJ8_IA/install/ctl_mission_interfaces/include/ctl_mission_interfaces/ctl_mission_interfaces/srv/detail/change_controller__traits.hpp
[65.874s] -- Installing: /home/rhobtor/PHD/ARGOJ8_IA/install/ctl_mission_interfaces/include/ctl_mission_interfaces/ctl_mission_interfaces/srv/detail/config_stanley_ctrl__traits.hpp
[65.874s] -- Installing: /home/rhobtor/PHD/ARGOJ8_IA/install/ctl_mission_interfaces/include/ctl_mission_interfaces/ctl_mission_interfaces/srv/detail/change_speed__struct.hpp
[65.874s] -- Installing: /home/rhobtor/PHD/ARGOJ8_IA/install/ctl_mission_interfaces/include/ctl_mission_interfaces/ctl_mission_interfaces/srv/detail/get_possible_transitions__type_support.hpp
[65.874s] -- Installing: /home/rhobtor/PHD/ARGOJ8_IA/install/ctl_mission_interfaces/include/ctl_mission_interfaces/ctl_mission_interfaces/srv/detail/config_simple_ctl__traits.hpp
[65.874s] -- Installing: /home/rhobtor/PHD/ARGOJ8_IA/install/ctl_mission_interfaces/include/ctl_mission_interfaces/ctl_mission_interfaces/srv/detail/get_mode__builder.hpp
[65.874s] -- Installing: /home/rhobtor/PHD/ARGOJ8_IA/install/ctl_mission_interfaces/include/ctl_mission_interfaces/ctl_mission_interfaces/srv/detail/change_mode__builder.hpp
[65.875s] -- Installing: /home/rhobtor/PHD/ARGOJ8_IA/install/ctl_mission_interfaces/include/ctl_mission_interfaces/ctl_mission_interfaces/srv/detail/get_possible_transitions__builder.hpp
[65.875s] -- Installing: /home/rhobtor/PHD/ARGOJ8_IA/install/ctl_mission_interfaces/include/ctl_mission_interfaces/ctl_mission_interfaces/srv/detail/config_stanley_ctrl__struct.hpp
[65.875s] -- Installing: /home/rhobtor/PHD/ARGOJ8_IA/install/ctl_mission_interfaces/include/ctl_mission_interfaces/ctl_mission_interfaces/srv/detail/change_controller__builder.hpp
[65.875s] -- Installing: /home/rhobtor/PHD/ARGOJ8_IA/install/ctl_mission_interfaces/include/ctl_mission_interfaces/ctl_mission_interfaces/srv/detail/change_speed__traits.hpp
[65.875s] -- Installing: /home/rhobtor/PHD/ARGOJ8_IA/install/ctl_mission_interfaces/include/ctl_mission_interfaces/ctl_mission_interfaces/srv/detail/change_controller__type_support.hpp
[65.875s] -- Installing: /home/rhobtor/PHD/ARGOJ8_IA/install/ctl_mission_interfaces/include/ctl_mission_interfaces/ctl_mission_interfaces/srv/detail/config_pure_pursuit_ctrl__struct.hpp
[65.875s] -- Installing: /home/rhobtor/PHD/ARGOJ8_IA/install/ctl_mission_interfaces/include/ctl_mission_interfaces/ctl_mission_interfaces/srv/detail/change_mode__struct.hpp
[65.875s] -- Installing: /home/rhobtor/PHD/ARGOJ8_IA/install/ctl_mission_interfaces/include/ctl_mission_interfaces/ctl_mission_interfaces/srv/detail/config_dynamic_pure_ctrl__struct.hpp
[65.875s] -- Installing: /home/rhobtor/PHD/ARGOJ8_IA/install/ctl_mission_interfaces/include/ctl_mission_interfaces/ctl_mission_interfaces/srv/detail/config_dynamic_pure_ctrl__traits.hpp
[65.875s] -- Installing: /home/rhobtor/PHD/ARGOJ8_IA/install/ctl_mission_interfaces/include/ctl_mission_interfaces/ctl_mission_interfaces/srv/detail/config_pure_pursuit_ctrl__builder.hpp
[65.875s] -- Installing: /home/rhobtor/PHD/ARGOJ8_IA/install/ctl_mission_interfaces/include/ctl_mission_interfaces/ctl_mission_interfaces/srv/detail/config_stanley_ctrl__builder.hpp
[65.875s] -- Installing: /home/rhobtor/PHD/ARGOJ8_IA/install/ctl_mission_interfaces/include/ctl_mission_interfaces/ctl_mission_interfaces/srv/detail/change_mode__traits.hpp
[65.875s] -- Installing: /home/rhobtor/PHD/ARGOJ8_IA/install/ctl_mission_interfaces/include/ctl_mission_interfaces/ctl_mission_interfaces/srv/detail/config_dynamic_la_pure_ctrl__builder.hpp
[65.876s] -- Installing: /home/rhobtor/PHD/ARGOJ8_IA/install/ctl_mission_interfaces/include/ctl_mission_interfaces/ctl_mission_interfaces/srv/detail/get_mode__type_support.hpp
[65.876s] -- Installing: /home/rhobtor/PHD/ARGOJ8_IA/install/ctl_mission_interfaces/include/ctl_mission_interfaces/ctl_mission_interfaces/srv/detail/config_pure_pursuit_ctrl__type_support.hpp
[65.876s] -- Installing: /home/rhobtor/PHD/ARGOJ8_IA/install/ctl_mission_interfaces/include/ctl_mission_interfaces/ctl_mission_interfaces/srv/detail/get_possible_transitions__traits.hpp
[65.876s] -- Installing: /home/rhobtor/PHD/ARGOJ8_IA/install/ctl_mission_interfaces/include/ctl_mission_interfaces/ctl_mission_interfaces/srv/detail/change_speed__builder.hpp
[65.876s] -- Installing: /home/rhobtor/PHD/ARGOJ8_IA/install/ctl_mission_interfaces/include/ctl_mission_interfaces/ctl_mission_interfaces/srv/detail/get_mode__struct.hpp
[65.876s] -- Installing: /home/rhobtor/PHD/ARGOJ8_IA/install/ctl_mission_interfaces/include/ctl_mission_interfaces/ctl_mission_interfaces/srv/detail/config_dynamic_pure_ctrl__type_support.hpp
[65.876s] -- Installing: /home/rhobtor/PHD/ARGOJ8_IA/install/ctl_mission_interfaces/include/ctl_mission_interfaces/ctl_mission_interfaces/srv/detail/config_simple_ctl__type_support.hpp
[65.876s] -- Installing: /home/rhobtor/PHD/ARGOJ8_IA/install/ctl_mission_interfaces/include/ctl_mission_interfaces/ctl_mission_interfaces/srv/detail/get_mode__traits.hpp
[65.877s] -- Installing: /home/rhobtor/PHD/ARGOJ8_IA/install/ctl_mission_interfaces/include/ctl_mission_interfaces/ctl_mission_interfaces/srv/detail/config_regulated_pure_ctrl__traits.hpp
[65.877s] -- Installing: /home/rhobtor/PHD/ARGOJ8_IA/install/ctl_mission_interfaces/include/ctl_mission_interfaces/ctl_mission_interfaces/srv/detail/change_mode__type_support.hpp
[65.877s] -- Installing: /home/rhobtor/PHD/ARGOJ8_IA/install/ctl_mission_interfaces/include/ctl_mission_interfaces/ctl_mission_interfaces/srv/detail/config_dynamic_pure_ctrl__builder.hpp
[65.877s] -- Installing: /home/rhobtor/PHD/ARGOJ8_IA/install/ctl_mission_interfaces/include/ctl_mission_interfaces/ctl_mission_interfaces/srv/detail/config_simple_ctl__builder.hpp
[65.877s] -- Installing: /home/rhobtor/PHD/ARGOJ8_IA/install/ctl_mission_interfaces/include/ctl_mission_interfaces/ctl_mission_interfaces/srv/detail/config_dynamic_la_pure_ctrl__type_support.hpp
[65.877s] -- Installing: /home/rhobtor/PHD/ARGOJ8_IA/install/ctl_mission_interfaces/include/ctl_mission_interfaces/ctl_mission_interfaces/srv/detail/config_regulated_pure_ctrl__type_support.hpp
[65.877s] -- Installing: /home/rhobtor/PHD/ARGOJ8_IA/install/ctl_mission_interfaces/include/ctl_mission_interfaces/ctl_mission_interfaces/srv/detail/change_controller__struct.hpp
[65.877s] -- Installing: /home/rhobtor/PHD/ARGOJ8_IA/install/ctl_mission_interfaces/include/ctl_mission_interfaces/ctl_mission_interfaces/srv/detail/config_dynamic_la_pure_ctrl__traits.hpp
[65.877s] -- Installing: /home/rhobtor/PHD/ARGOJ8_IA/install/ctl_mission_interfaces/include/ctl_mission_interfaces/ctl_mission_interfaces/srv/detail/config_dynamic_la_pure_ctrl__struct.hpp
[65.877s] -- Installing: /home/rhobtor/PHD/ARGOJ8_IA/install/ctl_mission_interfaces/include/ctl_mission_interfaces/ctl_mission_interfaces/srv/detail/config_regulated_pure_ctrl__struct.hpp
[65.877s] -- Installing: /home/rhobtor/PHD/ARGOJ8_IA/install/ctl_mission_interfaces/include/ctl_mission_interfaces/ctl_mission_interfaces/srv/detail/config_pure_pursuit_ctrl__traits.hpp
[65.877s] -- Installing: /home/rhobtor/PHD/ARGOJ8_IA/install/ctl_mission_interfaces/include/ctl_mission_interfaces/ctl_mission_interfaces/srv/detail/get_possible_transitions__struct.hpp
[65.877s] -- Installing: /home/rhobtor/PHD/ARGOJ8_IA/install/ctl_mission_interfaces/include/ctl_mission_interfaces/ctl_mission_interfaces/srv/detail/config_regulated_pure_ctrl__builder.hpp
[65.877s] -- Installing: /home/rhobtor/PHD/ARGOJ8_IA/install/ctl_mission_interfaces/include/ctl_mission_interfaces/ctl_mission_interfaces/srv/detail/config_simple_ctl__struct.hpp
[65.878s] -- Installing: /home/rhobtor/PHD/ARGOJ8_IA/install/ctl_mission_interfaces/include/ctl_mission_interfaces/ctl_mission_interfaces/srv/detail/config_stanley_ctrl__type_support.hpp
[65.878s] -- Installing: /home/rhobtor/PHD/ARGOJ8_IA/install/ctl_mission_interfaces/include/ctl_mission_interfaces/ctl_mission_interfaces/srv/config_stanley_ctrl.hpp
[65.878s] -- Installing: /home/rhobtor/PHD/ARGOJ8_IA/install/ctl_mission_interfaces/include/ctl_mission_interfaces/ctl_mission_interfaces/srv/config_pure_pursuit_ctrl.hpp
[65.878s] -- Installing: /home/rhobtor/PHD/ARGOJ8_IA/install/ctl_mission_interfaces/include/ctl_mission_interfaces/ctl_mission_interfaces/srv/change_controller.hpp
[65.878s] -- Up-to-date: /home/rhobtor/PHD/ARGOJ8_IA/install/ctl_mission_interfaces/include/ctl_mission_interfaces/ctl_mission_interfaces/msg
[65.878s] -- Installing: /home/rhobtor/PHD/ARGOJ8_IA/install/ctl_mission_interfaces/include/ctl_mission_interfaces/ctl_mission_interfaces/msg/rosidl_generator_cpp__visibility_control.hpp
[65.878s] -- Up-to-date: /home/rhobtor/PHD/ARGOJ8_IA/install/ctl_mission_interfaces/include/ctl_mission_interfaces/ctl_mission_interfaces
[65.878s] -- Up-to-date: /home/rhobtor/PHD/ARGOJ8_IA/install/ctl_mission_interfaces/include/ctl_mission_interfaces/ctl_mission_interfaces/srv
[65.878s] -- Up-to-date: /home/rhobtor/PHD/ARGOJ8_IA/install/ctl_mission_interfaces/include/ctl_mission_interfaces/ctl_mission_interfaces/srv/detail
[65.878s] -- Installing: /home/rhobtor/PHD/ARGOJ8_IA/install/ctl_mission_interfaces/include/ctl_mission_interfaces/ctl_mission_interfaces/srv/detail/get_mode__rosidl_typesupport_fastrtps_cpp.hpp
[65.878s] -- Installing: /home/rhobtor/PHD/ARGOJ8_IA/install/ctl_mission_interfaces/include/ctl_mission_interfaces/ctl_mission_interfaces/srv/detail/config_regulated_pure_ctrl__rosidl_typesupport_fastrtps_cpp.hpp
[65.878s] -- Installing: /home/rhobtor/PHD/ARGOJ8_IA/install/ctl_mission_interfaces/include/ctl_mission_interfaces/ctl_mission_interfaces/srv/detail/get_possible_transitions__rosidl_typesupport_fastrtps_cpp.hpp
[65.879s] -- Installing: /home/rhobtor/PHD/ARGOJ8_IA/install/ctl_mission_interfaces/include/ctl_mission_interfaces/ctl_mission_interfaces/srv/detail/change_speed__rosidl_typesupport_fastrtps_cpp.hpp
[65.879s] -- Installing: /home/rhobtor/PHD/ARGOJ8_IA/install/ctl_mission_interfaces/include/ctl_mission_interfaces/ctl_mission_interfaces/srv/detail/change_controller__rosidl_typesupport_fastrtps_cpp.hpp
[65.879s] -- Installing: /home/rhobtor/PHD/ARGOJ8_IA/install/ctl_mission_interfaces/include/ctl_mission_interfaces/ctl_mission_interfaces/srv/detail/config_simple_ctl__rosidl_typesupport_fastrtps_cpp.hpp
[65.879s] -- Installing: /home/rhobtor/PHD/ARGOJ8_IA/install/ctl_mission_interfaces/include/ctl_mission_interfaces/ctl_mission_interfaces/srv/detail/config_dynamic_pure_ctrl__rosidl_typesupport_fastrtps_cpp.hpp
[65.879s] -- Installing: /home/rhobtor/PHD/ARGOJ8_IA/install/ctl_mission_interfaces/include/ctl_mission_interfaces/ctl_mission_interfaces/srv/detail/config_stanley_ctrl__rosidl_typesupport_fastrtps_cpp.hpp
[65.879s] -- Installing: /home/rhobtor/PHD/ARGOJ8_IA/install/ctl_mission_interfaces/include/ctl_mission_interfaces/ctl_mission_interfaces/srv/detail/dds_fastrtps
[65.879s] -- Installing: /home/rhobtor/PHD/ARGOJ8_IA/install/ctl_mission_interfaces/include/ctl_mission_interfaces/ctl_mission_interfaces/srv/detail/config_pure_pursuit_ctrl__rosidl_typesupport_fastrtps_cpp.hpp
[65.879s] -- Installing: /home/rhobtor/PHD/ARGOJ8_IA/install/ctl_mission_interfaces/include/ctl_mission_interfaces/ctl_mission_interfaces/srv/detail/change_mode__rosidl_typesupport_fastrtps_cpp.hpp
[65.879s] -- Installing: /home/rhobtor/PHD/ARGOJ8_IA/install/ctl_mission_interfaces/include/ctl_mission_interfaces/ctl_mission_interfaces/srv/detail/config_dynamic_la_pure_ctrl__rosidl_typesupport_fastrtps_cpp.hpp
[65.879s] -- Up-to-date: /home/rhobtor/PHD/ARGOJ8_IA/install/ctl_mission_interfaces/include/ctl_mission_interfaces/ctl_mission_interfaces/msg
[65.879s] -- Installing: /home/rhobtor/PHD/ARGOJ8_IA/install/ctl_mission_interfaces/include/ctl_mission_interfaces/ctl_mission_interfaces/msg/rosidl_typesupport_fastrtps_cpp__visibility_control.h
[65.880s] -- Installing: /home/rhobtor/PHD/ARGOJ8_IA/install/ctl_mission_interfaces/lib/libctl_mission_interfaces__rosidl_typesupport_fastrtps_cpp.so
[65.880s] -- Set non-toolchain portion of runtime path of "/home/rhobtor/PHD/ARGOJ8_IA/install/ctl_mission_interfaces/lib/libctl_mission_interfaces__rosidl_typesupport_fastrtps_cpp.so" to ""
[65.880s] -- Up-to-date: /home/rhobtor/PHD/ARGOJ8_IA/install/ctl_mission_interfaces/include/ctl_mission_interfaces/ctl_mission_interfaces
[65.880s] -- Up-to-date: /home/rhobtor/PHD/ARGOJ8_IA/install/ctl_mission_interfaces/include/ctl_mission_interfaces/ctl_mission_interfaces/srv
[65.880s] -- Up-to-date: /home/rhobtor/PHD/ARGOJ8_IA/install/ctl_mission_interfaces/include/ctl_mission_interfaces/ctl_mission_interfaces/srv/detail
[65.880s] -- Installing: /home/rhobtor/PHD/ARGOJ8_IA/install/ctl_mission_interfaces/include/ctl_mission_interfaces/ctl_mission_interfaces/srv/detail/get_possible_transitions__rosidl_typesupport_introspection_cpp.hpp
[65.881s] -- Installing: /home/rhobtor/PHD/ARGOJ8_IA/install/ctl_mission_interfaces/include/ctl_mission_interfaces/ctl_mission_interfaces/srv/detail/config_dynamic_pure_ctrl__rosidl_typesupport_introspection_cpp.hpp
[65.881s] -- Installing: /home/rhobtor/PHD/ARGOJ8_IA/install/ctl_mission_interfaces/include/ctl_mission_interfaces/ctl_mission_interfaces/srv/detail/config_simple_ctl__type_support.cpp
[65.882s] -- Installing: /home/rhobtor/PHD/ARGOJ8_IA/install/ctl_mission_interfaces/include/ctl_mission_interfaces/ctl_mission_interfaces/srv/detail/get_mode__rosidl_typesupport_introspection_cpp.hpp
[65.882s] -- Installing: /home/rhobtor/PHD/ARGOJ8_IA/install/ctl_mission_interfaces/include/ctl_mission_interfaces/ctl_mission_interfaces/srv/detail/change_controller__rosidl_typesupport_introspection_cpp.hpp
[65.882s] -- Installing: /home/rhobtor/PHD/ARGOJ8_IA/install/ctl_mission_interfaces/include/ctl_mission_interfaces/ctl_mission_interfaces/srv/detail/change_speed__rosidl_typesupport_introspection_cpp.hpp
[65.882s] -- Installing: /home/rhobtor/PHD/ARGOJ8_IA/install/ctl_mission_interfaces/include/ctl_mission_interfaces/ctl_mission_interfaces/srv/detail/config_stanley_ctrl__rosidl_typesupport_introspection_cpp.hpp
[65.882s] -- Installing: /home/rhobtor/PHD/ARGOJ8_IA/install/ctl_mission_interfaces/include/ctl_mission_interfaces/ctl_mission_interfaces/srv/detail/config_pure_pursuit_ctrl__type_support.cpp
[65.882s] -- Installing: /home/rhobtor/PHD/ARGOJ8_IA/install/ctl_mission_interfaces/include/ctl_mission_interfaces/ctl_mission_interfaces/srv/detail/config_regulated_pure_ctrl__type_support.cpp
[65.882s] -- Installing: /home/rhobtor/PHD/ARGOJ8_IA/install/ctl_mission_interfaces/include/ctl_mission_interfaces/ctl_mission_interfaces/srv/detail/config_dynamic_pure_ctrl__type_support.cpp
[65.882s] -- Installing: /home/rhobtor/PHD/ARGOJ8_IA/install/ctl_mission_interfaces/include/ctl_mission_interfaces/ctl_mission_interfaces/srv/detail/config_simple_ctl__rosidl_typesupport_introspection_cpp.hpp
[65.882s] -- Installing: /home/rhobtor/PHD/ARGOJ8_IA/install/ctl_mission_interfaces/include/ctl_mission_interfaces/ctl_mission_interfaces/srv/detail/config_dynamic_la_pure_ctrl__type_support.cpp
[65.882s] -- Installing: /home/rhobtor/PHD/ARGOJ8_IA/install/ctl_mission_interfaces/include/ctl_mission_interfaces/ctl_mission_interfaces/srv/detail/get_possible_transitions__type_support.cpp
[65.882s] -- Installing: /home/rhobtor/PHD/ARGOJ8_IA/install/ctl_mission_interfaces/include/ctl_mission_interfaces/ctl_mission_interfaces/srv/detail/config_pure_pursuit_ctrl__rosidl_typesupport_introspection_cpp.hpp
[65.882s] -- Installing: /home/rhobtor/PHD/ARGOJ8_IA/install/ctl_mission_interfaces/include/ctl_mission_interfaces/ctl_mission_interfaces/srv/detail/config_stanley_ctrl__type_support.cpp
[65.882s] -- Installing: /home/rhobtor/PHD/ARGOJ8_IA/install/ctl_mission_interfaces/include/ctl_mission_interfaces/ctl_mission_interfaces/srv/detail/change_mode__type_support.cpp
[65.883s] -- Installing: /home/rhobtor/PHD/ARGOJ8_IA/install/ctl_mission_interfaces/include/ctl_mission_interfaces/ctl_mission_interfaces/srv/detail/change_mode__rosidl_typesupport_introspection_cpp.hpp
[65.883s] -- Installing: /home/rhobtor/PHD/ARGOJ8_IA/install/ctl_mission_interfaces/include/ctl_mission_interfaces/ctl_mission_interfaces/srv/detail/config_dynamic_la_pure_ctrl__rosidl_typesupport_introspection_cpp.hpp
[65.883s] -- Installing: /home/rhobtor/PHD/ARGOJ8_IA/install/ctl_mission_interfaces/include/ctl_mission_interfaces/ctl_mission_interfaces/srv/detail/change_speed__type_support.cpp
[65.883s] -- Installing: /home/rhobtor/PHD/ARGOJ8_IA/install/ctl_mission_interfaces/include/ctl_mission_interfaces/ctl_mission_interfaces/srv/detail/config_regulated_pure_ctrl__rosidl_typesupport_introspection_cpp.hpp
[65.883s] -- Installing: /home/rhobtor/PHD/ARGOJ8_IA/install/ctl_mission_interfaces/include/ctl_mission_interfaces/ctl_mission_interfaces/srv/detail/change_controller__type_support.cpp
[65.883s] -- Installing: /home/rhobtor/PHD/ARGOJ8_IA/install/ctl_mission_interfaces/include/ctl_mission_interfaces/ctl_mission_interfaces/srv/detail/get_mode__type_support.cpp
[65.883s] -- Installing: /home/rhobtor/PHD/ARGOJ8_IA/install/ctl_mission_interfaces/lib/libctl_mission_interfaces__rosidl_typesupport_introspection_cpp.so
[65.883s] -- Set non-toolchain portion of runtime path of "/home/rhobtor/PHD/ARGOJ8_IA/install/ctl_mission_interfaces/lib/libctl_mission_interfaces__rosidl_typesupport_introspection_cpp.so" to ""
[65.883s] -- Installing: /home/rhobtor/PHD/ARGOJ8_IA/install/ctl_mission_interfaces/lib/libctl_mission_interfaces__rosidl_typesupport_cpp.so
[65.883s] -- Set non-toolchain portion of runtime path of "/home/rhobtor/PHD/ARGOJ8_IA/install/ctl_mission_interfaces/lib/libctl_mission_interfaces__rosidl_typesupport_cpp.so" to ""
[65.884s] -- Installing: /home/rhobtor/PHD/ARGOJ8_IA/install/ctl_mission_interfaces/share/ctl_mission_interfaces/environment/pythonpath.sh
[65.884s] -- Installing: /home/rhobtor/PHD/ARGOJ8_IA/install/ctl_mission_interfaces/share/ctl_mission_interfaces/environment/pythonpath.dsv
[65.884s] -- Installing: /home/rhobtor/PHD/ARGOJ8_IA/install/ctl_mission_interfaces/local/lib/python3.10/dist-packages/ctl_mission_interfaces-0.0.0-py3.10.egg-info
[65.884s] -- Installing: /home/rhobtor/PHD/ARGOJ8_IA/install/ctl_mission_interfaces/local/lib/python3.10/dist-packages/ctl_mission_interfaces-0.0.0-py3.10.egg-info/top_level.txt
[65.884s] -- Installing: /home/rhobtor/PHD/ARGOJ8_IA/install/ctl_mission_interfaces/local/lib/python3.10/dist-packages/ctl_mission_interfaces-0.0.0-py3.10.egg-info/SOURCES.txt
[65.884s] -- Installing: /home/rhobtor/PHD/ARGOJ8_IA/install/ctl_mission_interfaces/local/lib/python3.10/dist-packages/ctl_mission_interfaces-0.0.0-py3.10.egg-info/PKG-INFO
[65.884s] -- Installing: /home/rhobtor/PHD/ARGOJ8_IA/install/ctl_mission_interfaces/local/lib/python3.10/dist-packages/ctl_mission_interfaces-0.0.0-py3.10.egg-info/dependency_links.txt
[65.884s] -- Installing: /home/rhobtor/PHD/ARGOJ8_IA/install/ctl_mission_interfaces/local/lib/python3.10/dist-packages/ctl_mission_interfaces
[65.884s] -- Installing: /home/rhobtor/PHD/ARGOJ8_IA/install/ctl_mission_interfaces/local/lib/python3.10/dist-packages/ctl_mission_interfaces/srv
[65.884s] -- Installing: /home/rhobtor/PHD/ARGOJ8_IA/install/ctl_mission_interfaces/local/lib/python3.10/dist-packages/ctl_mission_interfaces/srv/_config_pure_pursuit_ctrl_s.c
[65.884s] -- Installing: /home/rhobtor/PHD/ARGOJ8_IA/install/ctl_mission_interfaces/local/lib/python3.10/dist-packages/ctl_mission_interfaces/srv/_config_stanley_ctrl_s.c
[65.884s] -- Installing: /home/rhobtor/PHD/ARGOJ8_IA/install/ctl_mission_interfaces/local/lib/python3.10/dist-packages/ctl_mission_interfaces/srv/_config_pure_pursuit_ctrl.py
[65.884s] -- Installing: /home/rhobtor/PHD/ARGOJ8_IA/install/ctl_mission_interfaces/local/lib/python3.10/dist-packages/ctl_mission_interfaces/srv/_config_dynamic_pure_ctrl_s.c
[65.885s] -- Installing: /home/rhobtor/PHD/ARGOJ8_IA/install/ctl_mission_interfaces/local/lib/python3.10/dist-packages/ctl_mission_interfaces/srv/_config_regulated_pure_ctrl_s.c
[65.885s] -- Installing: /home/rhobtor/PHD/ARGOJ8_IA/install/ctl_mission_interfaces/local/lib/python3.10/dist-packages/ctl_mission_interfaces/srv/_get_possible_transitions.py
[65.885s] -- Installing: /home/rhobtor/PHD/ARGOJ8_IA/install/ctl_mission_interfaces/local/lib/python3.10/dist-packages/ctl_mission_interfaces/srv/_change_mode_s.c
[65.885s] -- Installing: /home/rhobtor/PHD/ARGOJ8_IA/install/ctl_mission_interfaces/local/lib/python3.10/dist-packages/ctl_mission_interfaces/srv/_config_dynamic_la_pure_ctrl_s.c
[65.885s] -- Installing: /home/rhobtor/PHD/ARGOJ8_IA/install/ctl_mission_interfaces/local/lib/python3.10/dist-packages/ctl_mission_interfaces/srv/_config_regulated_pure_ctrl.py
[65.885s] -- Installing: /home/rhobtor/PHD/ARGOJ8_IA/install/ctl_mission_interfaces/local/lib/python3.10/dist-packages/ctl_mission_interfaces/srv/_change_controller_s.c
[65.885s] -- Installing: /home/rhobtor/PHD/ARGOJ8_IA/install/ctl_mission_interfaces/local/lib/python3.10/dist-packages/ctl_mission_interfaces/srv/_get_mode.py
[65.885s] -- Installing: /home/rhobtor/PHD/ARGOJ8_IA/install/ctl_mission_interfaces/local/lib/python3.10/dist-packages/ctl_mission_interfaces/srv/_change_controller.py
[65.885s] -- Installing: /home/rhobtor/PHD/ARGOJ8_IA/install/ctl_mission_interfaces/local/lib/python3.10/dist-packages/ctl_mission_interfaces/srv/__init__.py
[65.885s] -- Installing: /home/rhobtor/PHD/ARGOJ8_IA/install/ctl_mission_interfaces/local/lib/python3.10/dist-packages/ctl_mission_interfaces/srv/_config_simple_ctl.py
[65.885s] -- Installing: /home/rhobtor/PHD/ARGOJ8_IA/install/ctl_mission_interfaces/local/lib/python3.10/dist-packages/ctl_mission_interfaces/srv/_change_speed.py
[65.885s] -- Installing: /home/rhobtor/PHD/ARGOJ8_IA/install/ctl_mission_interfaces/local/lib/python3.10/dist-packages/ctl_mission_interfaces/srv/_change_speed_s.c
[65.885s] -- Installing: /home/rhobtor/PHD/ARGOJ8_IA/install/ctl_mission_interfaces/local/lib/python3.10/dist-packages/ctl_mission_interfaces/srv/_config_dynamic_pure_ctrl.py
[65.886s] -- Installing: /home/rhobtor/PHD/ARGOJ8_IA/install/ctl_mission_interfaces/local/lib/python3.10/dist-packages/ctl_mission_interfaces/srv/_get_mode_s.c
[65.886s] -- Installing: /home/rhobtor/PHD/ARGOJ8_IA/install/ctl_mission_interfaces/local/lib/python3.10/dist-packages/ctl_mission_interfaces/srv/_change_mode.py
[65.886s] -- Installing: /home/rhobtor/PHD/ARGOJ8_IA/install/ctl_mission_interfaces/local/lib/python3.10/dist-packages/ctl_mission_interfaces/srv/_config_stanley_ctrl.py
[65.886s] -- Installing: /home/rhobtor/PHD/ARGOJ8_IA/install/ctl_mission_interfaces/local/lib/python3.10/dist-packages/ctl_mission_interfaces/srv/_config_simple_ctl_s.c
[65.886s] -- Installing: /home/rhobtor/PHD/ARGOJ8_IA/install/ctl_mission_interfaces/local/lib/python3.10/dist-packages/ctl_mission_interfaces/srv/_config_dynamic_la_pure_ctrl.py
[65.886s] -- Installing: /home/rhobtor/PHD/ARGOJ8_IA/install/ctl_mission_interfaces/local/lib/python3.10/dist-packages/ctl_mission_interfaces/srv/_get_possible_transitions_s.c
[65.886s] -- Installing: /home/rhobtor/PHD/ARGOJ8_IA/install/ctl_mission_interfaces/local/lib/python3.10/dist-packages/ctl_mission_interfaces/ctl_mission_interfaces_s__rosidl_typesupport_c.cpython-310-x86_64-linux-gnu.so
[65.886s] -- Installing: /home/rhobtor/PHD/ARGOJ8_IA/install/ctl_mission_interfaces/local/lib/python3.10/dist-packages/ctl_mission_interfaces/ctl_mission_interfaces_s__rosidl_typesupport_fastrtps_c.cpython-310-x86_64-linux-gnu.so
[65.886s] -- Installing: /home/rhobtor/PHD/ARGOJ8_IA/install/ctl_mission_interfaces/local/lib/python3.10/dist-packages/ctl_mission_interfaces/_ctl_mission_interfaces_s.ep.rosidl_typesupport_c.c
[65.886s] -- Installing: /home/rhobtor/PHD/ARGOJ8_IA/install/ctl_mission_interfaces/local/lib/python3.10/dist-packages/ctl_mission_interfaces/ctl_mission_interfaces_s__rosidl_typesupport_introspection_c.cpython-310-x86_64-linux-gnu.so
[65.886s] -- Installing: /home/rhobtor/PHD/ARGOJ8_IA/install/ctl_mission_interfaces/local/lib/python3.10/dist-packages/ctl_mission_interfaces/__init__.py
[65.886s] -- Installing: /home/rhobtor/PHD/ARGOJ8_IA/install/ctl_mission_interfaces/local/lib/python3.10/dist-packages/ctl_mission_interfaces/_ctl_mission_interfaces_s.ep.rosidl_typesupport_fastrtps_c.c
[65.886s] -- Installing: /home/rhobtor/PHD/ARGOJ8_IA/install/ctl_mission_interfaces/local/lib/python3.10/dist-packages/ctl_mission_interfaces/_ctl_mission_interfaces_s.ep.rosidl_typesupport_introspection_c.c
[65.886s] -- Installing: /home/rhobtor/PHD/ARGOJ8_IA/install/ctl_mission_interfaces/local/lib/python3.10/dist-packages/ctl_mission_interfaces/libctl_mission_interfaces__rosidl_generator_py.so
[65.953s] Listing '/home/rhobtor/PHD/ARGOJ8_IA/install/ctl_mission_interfaces/local/lib/python3.10/dist-packages/ctl_mission_interfaces'...
[65.953s] Compiling '/home/rhobtor/PHD/ARGOJ8_IA/install/ctl_mission_interfaces/local/lib/python3.10/dist-packages/ctl_mission_interfaces/__init__.py'...
[65.953s] Listing '/home/rhobtor/PHD/ARGOJ8_IA/install/ctl_mission_interfaces/local/lib/python3.10/dist-packages/ctl_mission_interfaces/srv'...
[65.953s] Compiling '/home/rhobtor/PHD/ARGOJ8_IA/install/ctl_mission_interfaces/local/lib/python3.10/dist-packages/ctl_mission_interfaces/srv/__init__.py'...
[65.954s] Compiling '/home/rhobtor/PHD/ARGOJ8_IA/install/ctl_mission_interfaces/local/lib/python3.10/dist-packages/ctl_mission_interfaces/srv/_change_controller.py'...
[65.954s] Compiling '/home/rhobtor/PHD/ARGOJ8_IA/install/ctl_mission_interfaces/local/lib/python3.10/dist-packages/ctl_mission_interfaces/srv/_change_mode.py'...
[65.954s] Compiling '/home/rhobtor/PHD/ARGOJ8_IA/install/ctl_mission_interfaces/local/lib/python3.10/dist-packages/ctl_mission_interfaces/srv/_change_speed.py'...
[65.954s] Compiling '/home/rhobtor/PHD/ARGOJ8_IA/install/ctl_mission_interfaces/local/lib/python3.10/dist-packages/ctl_mission_interfaces/srv/_config_dynamic_la_pure_ctrl.py'...
[65.954s] Compiling '/home/rhobtor/PHD/ARGOJ8_IA/install/ctl_mission_interfaces/local/lib/python3.10/dist-packages/ctl_mission_interfaces/srv/_config_dynamic_pure_ctrl.py'...
[65.954s] Compiling '/home/rhobtor/PHD/ARGOJ8_IA/install/ctl_mission_interfaces/local/lib/python3.10/dist-packages/ctl_mission_interfaces/srv/_config_pure_pursuit_ctrl.py'...
[65.954s] Compiling '/home/rhobtor/PHD/ARGOJ8_IA/install/ctl_mission_interfaces/local/lib/python3.10/dist-packages/ctl_mission_interfaces/srv/_config_regulated_pure_ctrl.py'...
[65.954s] Compiling '/home/rhobtor/PHD/ARGOJ8_IA/install/ctl_mission_interfaces/local/lib/python3.10/dist-packages/ctl_mission_interfaces/srv/_config_simple_ctl.py'...
[65.954s] Compiling '/home/rhobtor/PHD/ARGOJ8_IA/install/ctl_mission_interfaces/local/lib/python3.10/dist-packages/ctl_mission_interfaces/srv/_config_stanley_ctrl.py'...
[65.954s] Compiling '/home/rhobtor/PHD/ARGOJ8_IA/install/ctl_mission_interfaces/local/lib/python3.10/dist-packages/ctl_mission_interfaces/srv/_get_mode.py'...
[65.955s] Compiling '/home/rhobtor/PHD/ARGOJ8_IA/install/ctl_mission_interfaces/local/lib/python3.10/dist-packages/ctl_mission_interfaces/srv/_get_possible_transitions.py'...
[65.961s] -- Installing: /home/rhobtor/PHD/ARGOJ8_IA/install/ctl_mission_interfaces/local/lib/python3.10/dist-packages/ctl_mission_interfaces/ctl_mission_interfaces_s__rosidl_typesupport_fastrtps_c.cpython-310-x86_64-linux-gnu.so
[65.961s] -- Set non-toolchain portion of runtime path of "/home/rhobtor/PHD/ARGOJ8_IA/install/ctl_mission_interfaces/local/lib/python3.10/dist-packages/ctl_mission_interfaces/ctl_mission_interfaces_s__rosidl_typesupport_fastrtps_c.cpython-310-x86_64-linux-gnu.so" to ""
[65.961s] -- Installing: /home/rhobtor/PHD/ARGOJ8_IA/install/ctl_mission_interfaces/local/lib/python3.10/dist-packages/ctl_mission_interfaces/ctl_mission_interfaces_s__rosidl_typesupport_introspection_c.cpython-310-x86_64-linux-gnu.so
[65.962s] -- Set non-toolchain portion of runtime path of "/home/rhobtor/PHD/ARGOJ8_IA/install/ctl_mission_interfaces/local/lib/python3.10/dist-packages/ctl_mission_interfaces/ctl_mission_interfaces_s__rosidl_typesupport_introspection_c.cpython-310-x86_64-linux-gnu.so" to ""
[65.962s] -- Installing: /home/rhobtor/PHD/ARGOJ8_IA/install/ctl_mission_interfaces/local/lib/python3.10/dist-packages/ctl_mission_interfaces/ctl_mission_interfaces_s__rosidl_typesupport_c.cpython-310-x86_64-linux-gnu.so
[65.963s] -- Set non-toolchain portion of runtime path of "/home/rhobtor/PHD/ARGOJ8_IA/install/ctl_mission_interfaces/local/lib/python3.10/dist-packages/ctl_mission_interfaces/ctl_mission_interfaces_s__rosidl_typesupport_c.cpython-310-x86_64-linux-gnu.so" to ""
[65.963s] -- Installing: /home/rhobtor/PHD/ARGOJ8_IA/install/ctl_mission_interfaces/lib/libctl_mission_interfaces__rosidl_generator_py.so
[65.963s] -- Set non-toolchain portion of runtime path of "/home/rhobtor/PHD/ARGOJ8_IA/install/ctl_mission_interfaces/lib/libctl_mission_interfaces__rosidl_generator_py.so" to ""
[65.964s] -- Installing: /home/rhobtor/PHD/ARGOJ8_IA/install/ctl_mission_interfaces/share/ctl_mission_interfaces/srv/ChangeMode.idl
[65.964s] -- Installing: /home/rhobtor/PHD/ARGOJ8_IA/install/ctl_mission_interfaces/share/ctl_mission_interfaces/srv/GetMode.idl
[65.965s] -- Installing: /home/rhobtor/PHD/ARGOJ8_IA/install/ctl_mission_interfaces/share/ctl_mission_interfaces/srv/ChangeSpeed.idl
[65.965s] -- Installing: /home/rhobtor/PHD/ARGOJ8_IA/install/ctl_mission_interfaces/share/ctl_mission_interfaces/srv/ConfigSimpleCtl.idl
[65.965s] -- Installing: /home/rhobtor/PHD/ARGOJ8_IA/install/ctl_mission_interfaces/share/ctl_mission_interfaces/srv/GetPossibleTransitions.idl
[65.966s] -- Installing: /home/rhobtor/PHD/ARGOJ8_IA/install/ctl_mission_interfaces/share/ctl_mission_interfaces/srv/ChangeController.idl
[65.966s] -- Installing: /home/rhobtor/PHD/ARGOJ8_IA/install/ctl_mission_interfaces/share/ctl_mission_interfaces/srv/ConfigPurePursuitCtrl.idl
[65.967s] -- Installing: /home/rhobtor/PHD/ARGOJ8_IA/install/ctl_mission_interfaces/share/ctl_mission_interfaces/srv/ConfigStanleyCtrl.idl
[65.967s] -- Installing: /home/rhobtor/PHD/ARGOJ8_IA/install/ctl_mission_interfaces/share/ctl_mission_interfaces/srv/ConfigDynamicPureCtrl.idl
[65.967s] -- Installing: /home/rhobtor/PHD/ARGOJ8_IA/install/ctl_mission_interfaces/share/ctl_mission_interfaces/srv/ConfigDynamicLAPureCtrl.idl
[65.967s] -- Installing: /home/rhobtor/PHD/ARGOJ8_IA/install/ctl_mission_interfaces/share/ctl_mission_interfaces/srv/ConfigRegulatedPureCtrl.idl
[65.967s] -- Installing: /home/rhobtor/PHD/ARGOJ8_IA/install/ctl_mission_interfaces/share/ctl_mission_interfaces/srv/ChangeMode.srv
[65.967s] -- Installing: /home/rhobtor/PHD/ARGOJ8_IA/install/ctl_mission_interfaces/share/ctl_mission_interfaces/srv/ChangeMode_Request.msg
[65.967s] -- Installing: /home/rhobtor/PHD/ARGOJ8_IA/install/ctl_mission_interfaces/share/ctl_mission_interfaces/srv/ChangeMode_Response.msg
[65.967s] -- Installing: /home/rhobtor/PHD/ARGOJ8_IA/install/ctl_mission_interfaces/share/ctl_mission_interfaces/srv/GetMode.srv
[65.967s] -- Installing: /home/rhobtor/PHD/ARGOJ8_IA/install/ctl_mission_interfaces/share/ctl_mission_interfaces/srv/GetMode_Request.msg
[65.967s] -- Installing: /home/rhobtor/PHD/ARGOJ8_IA/install/ctl_mission_interfaces/share/ctl_mission_interfaces/srv/GetMode_Response.msg
[65.967s] -- Installing: /home/rhobtor/PHD/ARGOJ8_IA/install/ctl_mission_interfaces/share/ctl_mission_interfaces/srv/ChangeSpeed.srv
[65.968s] -- Installing: /home/rhobtor/PHD/ARGOJ8_IA/install/ctl_mission_interfaces/share/ctl_mission_interfaces/srv/ChangeSpeed_Request.msg
[65.968s] -- Installing: /home/rhobtor/PHD/ARGOJ8_IA/install/ctl_mission_interfaces/share/ctl_mission_interfaces/srv/ChangeSpeed_Response.msg
[65.968s] -- Installing: /home/rhobtor/PHD/ARGOJ8_IA/install/ctl_mission_interfaces/share/ctl_mission_interfaces/srv/ConfigSimpleCtl.srv
[65.968s] -- Installing: /home/rhobtor/PHD/ARGOJ8_IA/install/ctl_mission_interfaces/share/ctl_mission_interfaces/srv/ConfigSimpleCtl_Request.msg
[65.968s] -- Installing: /home/rhobtor/PHD/ARGOJ8_IA/install/ctl_mission_interfaces/share/ctl_mission_interfaces/srv/ConfigSimpleCtl_Response.msg
[65.968s] -- Installing: /home/rhobtor/PHD/ARGOJ8_IA/install/ctl_mission_interfaces/share/ctl_mission_interfaces/srv/GetPossibleTransitions.srv
[65.968s] -- Installing: /home/rhobtor/PHD/ARGOJ8_IA/install/ctl_mission_interfaces/share/ctl_mission_interfaces/srv/GetPossibleTransitions_Request.msg
[65.968s] -- Installing: /home/rhobtor/PHD/ARGOJ8_IA/install/ctl_mission_interfaces/share/ctl_mission_interfaces/srv/GetPossibleTransitions_Response.msg
[65.968s] -- Installing: /home/rhobtor/PHD/ARGOJ8_IA/install/ctl_mission_interfaces/share/ctl_mission_interfaces/srv/ChangeController.srv
[65.968s] -- Installing: /home/rhobtor/PHD/ARGOJ8_IA/install/ctl_mission_interfaces/share/ctl_mission_interfaces/srv/ChangeController_Request.msg
[65.969s] -- Installing: /home/rhobtor/PHD/ARGOJ8_IA/install/ctl_mission_interfaces/share/ctl_mission_interfaces/srv/ChangeController_Response.msg
[65.969s] -- Installing: /home/rhobtor/PHD/ARGOJ8_IA/install/ctl_mission_interfaces/share/ctl_mission_interfaces/srv/ConfigPurePursuitCtrl.srv
[65.969s] -- Installing: /home/rhobtor/PHD/ARGOJ8_IA/install/ctl_mission_interfaces/share/ctl_mission_interfaces/srv/ConfigPurePursuitCtrl_Request.msg
[65.969s] -- Installing: /home/rhobtor/PHD/ARGOJ8_IA/install/ctl_mission_interfaces/share/ctl_mission_interfaces/srv/ConfigPurePursuitCtrl_Response.msg
[65.969s] -- Installing: /home/rhobtor/PHD/ARGOJ8_IA/install/ctl_mission_interfaces/share/ctl_mission_interfaces/srv/ConfigStanleyCtrl.srv
[65.969s] -- Installing: /home/rhobtor/PHD/ARGOJ8_IA/install/ctl_mission_interfaces/share/ctl_mission_interfaces/srv/ConfigStanleyCtrl_Request.msg
[65.969s] -- Installing: /home/rhobtor/PHD/ARGOJ8_IA/install/ctl_mission_interfaces/share/ctl_mission_interfaces/srv/ConfigStanleyCtrl_Response.msg
[65.969s] -- Installing: /home/rhobtor/PHD/ARGOJ8_IA/install/ctl_mission_interfaces/share/ctl_mission_interfaces/srv/ConfigDynamicPureCtrl.srv
[65.969s] -- Installing: /home/rhobtor/PHD/ARGOJ8_IA/install/ctl_mission_interfaces/share/ctl_mission_interfaces/srv/ConfigDynamicPureCtrl_Request.msg
[65.969s] -- Installing: /home/rhobtor/PHD/ARGOJ8_IA/install/ctl_mission_interfaces/share/ctl_mission_interfaces/srv/ConfigDynamicPureCtrl_Response.msg
[65.970s] -- Installing: /home/rhobtor/PHD/ARGOJ8_IA/install/ctl_mission_interfaces/share/ctl_mission_interfaces/srv/ConfigDynamicLAPureCtrl.srv
[65.970s] -- Installing: /home/rhobtor/PHD/ARGOJ8_IA/install/ctl_mission_interfaces/share/ctl_mission_interfaces/srv/ConfigDynamicLAPureCtrl_Request.msg
[65.970s] -- Installing: /home/rhobtor/PHD/ARGOJ8_IA/install/ctl_mission_interfaces/share/ctl_mission_interfaces/srv/ConfigDynamicLAPureCtrl_Response.msg
[65.970s] -- Installing: /home/rhobtor/PHD/ARGOJ8_IA/install/ctl_mission_interfaces/share/ctl_mission_interfaces/srv/ConfigRegulatedPureCtrl.srv
[65.970s] -- Installing: /home/rhobtor/PHD/ARGOJ8_IA/install/ctl_mission_interfaces/share/ctl_mission_interfaces/srv/ConfigRegulatedPureCtrl_Request.msg
[65.970s] -- Installing: /home/rhobtor/PHD/ARGOJ8_IA/install/ctl_mission_interfaces/share/ctl_mission_interfaces/srv/ConfigRegulatedPureCtrl_Response.msg
[65.970s] -- Installing: /home/rhobtor/PHD/ARGOJ8_IA/install/ctl_mission_interfaces/share/ament_index/resource_index/package_run_dependencies/ctl_mission_interfaces
[65.970s] -- Installing: /home/rhobtor/PHD/ARGOJ8_IA/install/ctl_mission_interfaces/share/ament_index/resource_index/parent_prefix_path/ctl_mission_interfaces
[65.970s] -- Installing: /home/rhobtor/PHD/ARGOJ8_IA/install/ctl_mission_interfaces/share/ctl_mission_interfaces/environment/ament_prefix_path.sh
[65.970s] -- Installing: /home/rhobtor/PHD/ARGOJ8_IA/install/ctl_mission_interfaces/share/ctl_mission_interfaces/environment/ament_prefix_path.dsv
[65.970s] -- Installing: /home/rhobtor/PHD/ARGOJ8_IA/install/ctl_mission_interfaces/share/ctl_mission_interfaces/environment/path.sh
[65.971s] -- Installing: /home/rhobtor/PHD/ARGOJ8_IA/install/ctl_mission_interfaces/share/ctl_mission_interfaces/environment/path.dsv
[65.971s] -- Installing: /home/rhobtor/PHD/ARGOJ8_IA/install/ctl_mission_interfaces/share/ctl_mission_interfaces/local_setup.bash
[65.971s] -- Installing: /home/rhobtor/PHD/ARGOJ8_IA/install/ctl_mission_interfaces/share/ctl_mission_interfaces/local_setup.sh
[65.971s] -- Installing: /home/rhobtor/PHD/ARGOJ8_IA/install/ctl_mission_interfaces/share/ctl_mission_interfaces/local_setup.zsh
[65.972s] -- Installing: /home/rhobtor/PHD/ARGOJ8_IA/install/ctl_mission_interfaces/share/ctl_mission_interfaces/local_setup.dsv
[65.972s] -- Installing: /home/rhobtor/PHD/ARGOJ8_IA/install/ctl_mission_interfaces/share/ctl_mission_interfaces/package.dsv
[65.972s] -- Installing: /home/rhobtor/PHD/ARGOJ8_IA/install/ctl_mission_interfaces/share/ament_index/resource_index/packages/ctl_mission_interfaces
[65.972s] -- Installing: /home/rhobtor/PHD/ARGOJ8_IA/install/ctl_mission_interfaces/share/ctl_mission_interfaces/cmake/export_ctl_mission_interfaces__rosidl_generator_cExport.cmake
[65.972s] -- Installing: /home/rhobtor/PHD/ARGOJ8_IA/install/ctl_mission_interfaces/share/ctl_mission_interfaces/cmake/export_ctl_mission_interfaces__rosidl_generator_cExport-noconfig.cmake
[65.972s] -- Installing: /home/rhobtor/PHD/ARGOJ8_IA/install/ctl_mission_interfaces/share/ctl_mission_interfaces/cmake/export_ctl_mission_interfaces__rosidl_typesupport_fastrtps_cExport.cmake
[65.972s] -- Installing: /home/rhobtor/PHD/ARGOJ8_IA/install/ctl_mission_interfaces/share/ctl_mission_interfaces/cmake/export_ctl_mission_interfaces__rosidl_typesupport_fastrtps_cExport-noconfig.cmake
[65.972s] -- Installing: /home/rhobtor/PHD/ARGOJ8_IA/install/ctl_mission_interfaces/share/ctl_mission_interfaces/cmake/ctl_mission_interfaces__rosidl_typesupport_introspection_cExport.cmake
[65.972s] -- Installing: /home/rhobtor/PHD/ARGOJ8_IA/install/ctl_mission_interfaces/share/ctl_mission_interfaces/cmake/ctl_mission_interfaces__rosidl_typesupport_introspection_cExport-noconfig.cmake
[65.972s] -- Installing: /home/rhobtor/PHD/ARGOJ8_IA/install/ctl_mission_interfaces/share/ctl_mission_interfaces/cmake/ctl_mission_interfaces__rosidl_typesupport_cExport.cmake
[65.973s] -- Installing: /home/rhobtor/PHD/ARGOJ8_IA/install/ctl_mission_interfaces/share/ctl_mission_interfaces/cmake/ctl_mission_interfaces__rosidl_typesupport_cExport-noconfig.cmake
[65.973s] -- Installing: /home/rhobtor/PHD/ARGOJ8_IA/install/ctl_mission_interfaces/share/ctl_mission_interfaces/cmake/export_ctl_mission_interfaces__rosidl_generator_cppExport.cmake
[65.973s] -- Installing: /home/rhobtor/PHD/ARGOJ8_IA/install/ctl_mission_interfaces/share/ctl_mission_interfaces/cmake/export_ctl_mission_interfaces__rosidl_typesupport_fastrtps_cppExport.cmake
[65.973s] -- Installing: /home/rhobtor/PHD/ARGOJ8_IA/install/ctl_mission_interfaces/share/ctl_mission_interfaces/cmake/export_ctl_mission_interfaces__rosidl_typesupport_fastrtps_cppExport-noconfig.cmake
[65.973s] -- Installing: /home/rhobtor/PHD/ARGOJ8_IA/install/ctl_mission_interfaces/share/ctl_mission_interfaces/cmake/ctl_mission_interfaces__rosidl_typesupport_introspection_cppExport.cmake
[65.973s] -- Installing: /home/rhobtor/PHD/ARGOJ8_IA/install/ctl_mission_interfaces/share/ctl_mission_interfaces/cmake/ctl_mission_interfaces__rosidl_typesupport_introspection_cppExport-noconfig.cmake
[65.973s] -- Installing: /home/rhobtor/PHD/ARGOJ8_IA/install/ctl_mission_interfaces/share/ctl_mission_interfaces/cmake/ctl_mission_interfaces__rosidl_typesupport_cppExport.cmake
[65.974s] -- Installing: /home/rhobtor/PHD/ARGOJ8_IA/install/ctl_mission_interfaces/share/ctl_mission_interfaces/cmake/ctl_mission_interfaces__rosidl_typesupport_cppExport-noconfig.cmake
[65.974s] -- Installing: /home/rhobtor/PHD/ARGOJ8_IA/install/ctl_mission_interfaces/share/ctl_mission_interfaces/cmake/export_ctl_mission_interfaces__rosidl_generator_pyExport.cmake
[65.974s] -- Installing: /home/rhobtor/PHD/ARGOJ8_IA/install/ctl_mission_interfaces/share/ctl_mission_interfaces/cmake/export_ctl_mission_interfaces__rosidl_generator_pyExport-noconfig.cmake
[65.974s] -- Installing: /home/rhobtor/PHD/ARGOJ8_IA/install/ctl_mission_interfaces/share/ctl_mission_interfaces/cmake/rosidl_cmake-extras.cmake
[65.974s] -- Installing: /home/rhobtor/PHD/ARGOJ8_IA/install/ctl_mission_interfaces/share/ctl_mission_interfaces/cmake/ament_cmake_export_dependencies-extras.cmake
[65.974s] -- Installing: /home/rhobtor/PHD/ARGOJ8_IA/install/ctl_mission_interfaces/share/ctl_mission_interfaces/cmake/ament_cmake_export_include_directories-extras.cmake
[65.974s] -- Installing: /home/rhobtor/PHD/ARGOJ8_IA/install/ctl_mission_interfaces/share/ctl_mission_interfaces/cmake/ament_cmake_export_libraries-extras.cmake
[65.975s] -- Installing: /home/rhobtor/PHD/ARGOJ8_IA/install/ctl_mission_interfaces/share/ctl_mission_interfaces/cmake/ament_cmake_export_targets-extras.cmake
[65.975s] -- Installing: /home/rhobtor/PHD/ARGOJ8_IA/install/ctl_mission_interfaces/share/ctl_mission_interfaces/cmake/rosidl_cmake_export_typesupport_targets-extras.cmake
[65.975s] -- Installing: /home/rhobtor/PHD/ARGOJ8_IA/install/ctl_mission_interfaces/share/ctl_mission_interfaces/cmake/rosidl_cmake_export_typesupport_libraries-extras.cmake
[65.975s] -- Installing: /home/rhobtor/PHD/ARGOJ8_IA/install/ctl_mission_interfaces/share/ctl_mission_interfaces/cmake/ctl_mission_interfacesConfig.cmake
[65.975s] -- Installing: /home/rhobtor/PHD/ARGOJ8_IA/install/ctl_mission_interfaces/share/ctl_mission_interfaces/cmake/ctl_mission_interfacesConfig-version.cmake
[65.975s] -- Installing: /home/rhobtor/PHD/ARGOJ8_IA/install/ctl_mission_interfaces/share/ctl_mission_interfaces/package.xml
[65.978s] Invoked command in '/home/rhobtor/PHD/ARGOJ8_IA/build/ctl_mission_interfaces' returned '0': CMAKE_PREFIX_PATH=${CMAKE_PREFIX_PATH}:/home/rhobtor/PHD/reactive/Reactive-Navegation/workspace_full_conected/install/car:/opt/ros/humble /opt/st/stm32cubeclt_1.18.0/CMake/bin/cmake --install /home/rhobtor/PHD/ARGOJ8_IA/build/ctl_mission_interfaces
