[0.670s] Invoking command in '/home/rhobtor/PHD/ARGOJ8_IA/build/joy_linux': CMAKE_PREFIX_PATH=${CMAKE_PREFIX_PATH}:/home/rhobtor/PHD/ARGOJ8_IA/install/ntrip_client:/home/rhobtor/PHD/ARGOJ8_IA/install/car:/home/rhobtor/PHD/ARGOJ8_IA/install/android_ros2_server:/home/rhobtor/PHD/ARGOJ8_IA/install/GUI_pkg:/home/rhobtor/PHD/reactive/Reactive-Navegation/workspace_full_conected/install/car:/opt/ros/humble /opt/st/stm32cubeclt_1.18.0/CMake/bin/cmake --build /home/rhobtor/PHD/ARGOJ8_IA/build/joy_linux -- -j16 -l16
[0.699s] [100%] Built target joy_linux_node
[0.867s] Invoked command in '/home/rhobtor/PHD/ARGOJ8_IA/build/joy_linux' returned '0': CMAKE_PREFIX_PATH=${CMAKE_PREFIX_PATH}:/home/rhobtor/PHD/ARGOJ8_IA/install/ntrip_client:/home/rhobtor/PHD/ARGOJ8_IA/install/car:/home/rhobtor/PHD/ARGOJ8_IA/install/android_ros2_server:/home/rhobtor/PHD/ARGOJ8_IA/install/GUI_pkg:/home/rhobtor/PHD/reactive/Reactive-Navegation/workspace_full_conected/install/car:/opt/ros/humble /opt/st/stm32cubeclt_1.18.0/CMake/bin/cmake --build /home/rhobtor/PHD/ARGOJ8_IA/build/joy_linux -- -j16 -l16
[0.867s] Invoking command in '/home/rhobtor/PHD/ARGOJ8_IA/build/joy_linux': CMAKE_PREFIX_PATH=${CMAKE_PREFIX_PATH}:/home/rhobtor/PHD/ARGOJ8_IA/install/ntrip_client:/home/rhobtor/PHD/ARGOJ8_IA/install/car:/home/rhobtor/PHD/ARGOJ8_IA/install/android_ros2_server:/home/rhobtor/PHD/ARGOJ8_IA/install/GUI_pkg:/home/rhobtor/PHD/reactive/Reactive-Navegation/workspace_full_conected/install/car:/opt/ros/humble /opt/st/stm32cubeclt_1.18.0/CMake/bin/cmake --install /home/rhobtor/PHD/ARGOJ8_IA/build/joy_linux
[0.900s] -- Install configuration: ""
[0.900s] -- Up-to-date: /home/rhobtor/PHD/ARGOJ8_IA/install/joy_linux/lib/joy_linux/joy_linux_node
[0.900s] -- Up-to-date: /home/rhobtor/PHD/ARGOJ8_IA/install/joy_linux/share/ament_index/resource_index/package_run_dependencies/joy_linux
[0.900s] -- Up-to-date: /home/rhobtor/PHD/ARGOJ8_IA/install/joy_linux/share/ament_index/resource_index/parent_prefix_path/joy_linux
[0.900s] -- Up-to-date: /home/rhobtor/PHD/ARGOJ8_IA/install/joy_linux/share/joy_linux/environment/ament_prefix_path.sh
[0.900s] -- Up-to-date: /home/rhobtor/PHD/ARGOJ8_IA/install/joy_linux/share/joy_linux/environment/ament_prefix_path.dsv
[0.900s] -- Up-to-date: /home/rhobtor/PHD/ARGOJ8_IA/install/joy_linux/share/joy_linux/environment/path.sh
[0.900s] -- Up-to-date: /home/rhobtor/PHD/ARGOJ8_IA/install/joy_linux/share/joy_linux/environment/path.dsv
[0.900s] -- Up-to-date: /home/rhobtor/PHD/ARGOJ8_IA/install/joy_linux/share/joy_linux/local_setup.bash
[0.900s] -- Up-to-date: /home/rhobtor/PHD/ARGOJ8_IA/install/joy_linux/share/joy_linux/local_setup.sh
[0.900s] -- Up-to-date: /home/rhobtor/PHD/ARGOJ8_IA/install/joy_linux/share/joy_linux/local_setup.zsh
[0.900s] -- Up-to-date: /home/rhobtor/PHD/ARGOJ8_IA/install/joy_linux/share/joy_linux/local_setup.dsv
[0.900s] -- Installing: /home/rhobtor/PHD/ARGOJ8_IA/install/joy_linux/share/joy_linux/package.dsv
[0.901s] -- Up-to-date: /home/rhobtor/PHD/ARGOJ8_IA/install/joy_linux/share/ament_index/resource_index/packages/joy_linux
[0.901s] -- Up-to-date: /home/rhobtor/PHD/ARGOJ8_IA/install/joy_linux/share/joy_linux/cmake/joy_linuxConfig.cmake
[0.901s] -- Up-to-date: /home/rhobtor/PHD/ARGOJ8_IA/install/joy_linux/share/joy_linux/cmake/joy_linuxConfig-version.cmake
[0.902s] -- Up-to-date: /home/rhobtor/PHD/ARGOJ8_IA/install/joy_linux/share/joy_linux/package.xml
[1.006s] Invoked command in '/home/rhobtor/PHD/ARGOJ8_IA/build/joy_linux' returned '0': CMAKE_PREFIX_PATH=${CMAKE_PREFIX_PATH}:/home/rhobtor/PHD/ARGOJ8_IA/install/ntrip_client:/home/rhobtor/PHD/ARGOJ8_IA/install/car:/home/rhobtor/PHD/ARGOJ8_IA/install/android_ros2_server:/home/rhobtor/PHD/ARGOJ8_IA/install/GUI_pkg:/home/rhobtor/PHD/reactive/Reactive-Navegation/workspace_full_conected/install/car:/opt/ros/humble /opt/st/stm32cubeclt_1.18.0/CMake/bin/cmake --install /home/rhobtor/PHD/ARGOJ8_IA/build/joy_linux
