[0.021s] Invoking command in '/home/rhobtor/PHD/ARGOJ8_IA/build/car_interfaces': CMAKE_PREFIX_PATH=${CMAKE_PREFIX_PATH}:/home/rhobtor/PHD/ARGOJ8_IA/install/car:/home/rhobtor/PHD/reactive/Reactive-Navegation/workspace_full_conected/install/car:/opt/ros/humble /opt/st/stm32cubeclt_1.18.0/CMake/bin/cmake --build /home/rhobtor/PHD/ARGOJ8_IA/build/car_interfaces -- -j16 -l16
[0.040s] [  3%] Built target car_interfaces__cpp
[0.043s] [ 12%] Built target car_interfaces__rosidl_generator_c
[0.044s] [ 12%] Built target ament_cmake_python_copy_car_interfaces
[0.056s] [ 22%] Built target car_interfaces__rosidl_typesupport_introspection_cpp
[0.056s] [ 32%] Built target car_interfaces__rosidl_typesupport_fastrtps_cpp
[0.060s] [ 41%] Built target car_interfaces__rosidl_typesupport_cpp
[0.061s] [ 51%] Built target car_interfaces__rosidl_typesupport_fastrtps_c
[0.062s] [ 61%] Built target car_interfaces__rosidl_typesupport_introspection_c
[0.064s] [ 70%] Built target car_interfaces__rosidl_typesupport_c
[0.074s] [ 70%] Built target car_interfaces
[0.087s] [ 74%] Built target car_interfaces__py
[0.096s] [ 80%] Built target car_interfaces__rosidl_generator_py
[0.107s] [ 87%] Built target car_interfaces__rosidl_typesupport_fastrtps_c__pyext
[0.108s] [ 93%] Built target car_interfaces__rosidl_typesupport_introspection_c__pyext
[0.108s] [100%] Built target car_interfaces__rosidl_typesupport_c__pyext
[0.306s] running egg_info
[0.306s] writing car_interfaces.egg-info/PKG-INFO
[0.307s] writing dependency_links to car_interfaces.egg-info/dependency_links.txt
[0.307s] writing top-level names to car_interfaces.egg-info/top_level.txt
[0.310s] reading manifest file 'car_interfaces.egg-info/SOURCES.txt'
[0.310s] writing manifest file 'car_interfaces.egg-info/SOURCES.txt'
[0.333s] [100%] Built target ament_cmake_python_build_car_interfaces_egg
[0.336s] Invoked command in '/home/rhobtor/PHD/ARGOJ8_IA/build/car_interfaces' returned '0': CMAKE_PREFIX_PATH=${CMAKE_PREFIX_PATH}:/home/rhobtor/PHD/ARGOJ8_IA/install/car:/home/rhobtor/PHD/reactive/Reactive-Navegation/workspace_full_conected/install/car:/opt/ros/humble /opt/st/stm32cubeclt_1.18.0/CMake/bin/cmake --build /home/rhobtor/PHD/ARGOJ8_IA/build/car_interfaces -- -j16 -l16
[0.338s] Invoking command in '/home/rhobtor/PHD/ARGOJ8_IA/build/car_interfaces': CMAKE_PREFIX_PATH=${CMAKE_PREFIX_PATH}:/home/rhobtor/PHD/ARGOJ8_IA/install/car:/home/rhobtor/PHD/reactive/Reactive-Navegation/workspace_full_conected/install/car:/opt/ros/humble /opt/st/stm32cubeclt_1.18.0/CMake/bin/cmake --install /home/rhobtor/PHD/ARGOJ8_IA/build/car_interfaces
[0.343s] -- Install configuration: ""
[0.343s] -- Up-to-date: /home/rhobtor/PHD/ARGOJ8_IA/install/car_interfaces/share/ament_index/resource_index/rosidl_interfaces/car_interfaces
[0.343s] -- Up-to-date: /home/rhobtor/PHD/ARGOJ8_IA/install/car_interfaces/include/car_interfaces/car_interfaces
[0.343s] -- Up-to-date: /home/rhobtor/PHD/ARGOJ8_IA/install/car_interfaces/include/car_interfaces/car_interfaces/msg
[0.344s] -- Up-to-date: /home/rhobtor/PHD/ARGOJ8_IA/install/car_interfaces/include/car_interfaces/car_interfaces/msg/rosidl_generator_c__visibility_control.h
[0.344s] -- Up-to-date: /home/rhobtor/PHD/ARGOJ8_IA/install/car_interfaces/include/car_interfaces/car_interfaces/msg/graph.h
[0.344s] -- Up-to-date: /home/rhobtor/PHD/ARGOJ8_IA/install/car_interfaces/include/car_interfaces/car_interfaces/msg/detail
[0.344s] -- Up-to-date: /home/rhobtor/PHD/ARGOJ8_IA/install/car_interfaces/include/car_interfaces/car_interfaces/msg/detail/graph__struct.h
[0.344s] -- Up-to-date: /home/rhobtor/PHD/ARGOJ8_IA/install/car_interfaces/include/car_interfaces/car_interfaces/msg/detail/graph__type_support.h
[0.344s] -- Up-to-date: /home/rhobtor/PHD/ARGOJ8_IA/install/car_interfaces/include/car_interfaces/car_interfaces/msg/detail/graph__functions.h
[0.344s] -- Up-to-date: /home/rhobtor/PHD/ARGOJ8_IA/install/car_interfaces/include/car_interfaces/car_interfaces/msg/detail/graph__functions.c
[0.345s] -- Up-to-date: /home/rhobtor/PHD/ARGOJ8_IA/install/car_interfaces/share/car_interfaces/environment/library_path.sh
[0.345s] -- Up-to-date: /home/rhobtor/PHD/ARGOJ8_IA/install/car_interfaces/share/car_interfaces/environment/library_path.dsv
[0.345s] -- Up-to-date: /home/rhobtor/PHD/ARGOJ8_IA/install/car_interfaces/lib/libcar_interfaces__rosidl_generator_c.so
[0.345s] -- Up-to-date: /home/rhobtor/PHD/ARGOJ8_IA/install/car_interfaces/include/car_interfaces/car_interfaces
[0.346s] -- Up-to-date: /home/rhobtor/PHD/ARGOJ8_IA/install/car_interfaces/include/car_interfaces/car_interfaces/msg
[0.346s] -- Up-to-date: /home/rhobtor/PHD/ARGOJ8_IA/install/car_interfaces/include/car_interfaces/car_interfaces/msg/detail
[0.346s] -- Up-to-date: /home/rhobtor/PHD/ARGOJ8_IA/install/car_interfaces/include/car_interfaces/car_interfaces/msg/detail/graph__rosidl_typesupport_fastrtps_c.h
[0.346s] -- Up-to-date: /home/rhobtor/PHD/ARGOJ8_IA/install/car_interfaces/include/car_interfaces/car_interfaces/msg/rosidl_typesupport_fastrtps_c__visibility_control.h
[0.346s] -- Up-to-date: /home/rhobtor/PHD/ARGOJ8_IA/install/car_interfaces/lib/libcar_interfaces__rosidl_typesupport_fastrtps_c.so
[0.346s] -- Up-to-date: /home/rhobtor/PHD/ARGOJ8_IA/install/car_interfaces/include/car_interfaces/car_interfaces
[0.346s] -- Up-to-date: /home/rhobtor/PHD/ARGOJ8_IA/install/car_interfaces/include/car_interfaces/car_interfaces/msg
[0.346s] -- Up-to-date: /home/rhobtor/PHD/ARGOJ8_IA/install/car_interfaces/include/car_interfaces/car_interfaces/msg/rosidl_generator_cpp__visibility_control.hpp
[0.347s] -- Up-to-date: /home/rhobtor/PHD/ARGOJ8_IA/install/car_interfaces/include/car_interfaces/car_interfaces/msg/graph.hpp
[0.347s] -- Up-to-date: /home/rhobtor/PHD/ARGOJ8_IA/install/car_interfaces/include/car_interfaces/car_interfaces/msg/detail
[0.347s] -- Up-to-date: /home/rhobtor/PHD/ARGOJ8_IA/install/car_interfaces/include/car_interfaces/car_interfaces/msg/detail/graph__builder.hpp
[0.347s] -- Up-to-date: /home/rhobtor/PHD/ARGOJ8_IA/install/car_interfaces/include/car_interfaces/car_interfaces/msg/detail/graph__traits.hpp
[0.347s] -- Up-to-date: /home/rhobtor/PHD/ARGOJ8_IA/install/car_interfaces/include/car_interfaces/car_interfaces/msg/detail/graph__type_support.hpp
[0.347s] -- Up-to-date: /home/rhobtor/PHD/ARGOJ8_IA/install/car_interfaces/include/car_interfaces/car_interfaces/msg/detail/graph__struct.hpp
[0.347s] -- Up-to-date: /home/rhobtor/PHD/ARGOJ8_IA/install/car_interfaces/include/car_interfaces/car_interfaces
[0.347s] -- Up-to-date: /home/rhobtor/PHD/ARGOJ8_IA/install/car_interfaces/include/car_interfaces/car_interfaces/msg
[0.348s] -- Up-to-date: /home/rhobtor/PHD/ARGOJ8_IA/install/car_interfaces/include/car_interfaces/car_interfaces/msg/rosidl_typesupport_fastrtps_cpp__visibility_control.h
[0.348s] -- Up-to-date: /home/rhobtor/PHD/ARGOJ8_IA/install/car_interfaces/include/car_interfaces/car_interfaces/msg/detail
[0.348s] -- Up-to-date: /home/rhobtor/PHD/ARGOJ8_IA/install/car_interfaces/include/car_interfaces/car_interfaces/msg/detail/graph__rosidl_typesupport_fastrtps_cpp.hpp
[0.348s] -- Up-to-date: /home/rhobtor/PHD/ARGOJ8_IA/install/car_interfaces/include/car_interfaces/car_interfaces/msg/detail/dds_fastrtps
[0.348s] -- Up-to-date: /home/rhobtor/PHD/ARGOJ8_IA/install/car_interfaces/lib/libcar_interfaces__rosidl_typesupport_fastrtps_cpp.so
[0.348s] -- Up-to-date: /home/rhobtor/PHD/ARGOJ8_IA/install/car_interfaces/include/car_interfaces/car_interfaces
[0.348s] -- Up-to-date: /home/rhobtor/PHD/ARGOJ8_IA/install/car_interfaces/include/car_interfaces/car_interfaces/msg
[0.348s] -- Up-to-date: /home/rhobtor/PHD/ARGOJ8_IA/install/car_interfaces/include/car_interfaces/car_interfaces/msg/rosidl_typesupport_introspection_c__visibility_control.h
[0.349s] -- Up-to-date: /home/rhobtor/PHD/ARGOJ8_IA/install/car_interfaces/include/car_interfaces/car_interfaces/msg/detail
[0.349s] -- Up-to-date: /home/rhobtor/PHD/ARGOJ8_IA/install/car_interfaces/include/car_interfaces/car_interfaces/msg/detail/graph__rosidl_typesupport_introspection_c.h
[0.349s] -- Up-to-date: /home/rhobtor/PHD/ARGOJ8_IA/install/car_interfaces/include/car_interfaces/car_interfaces/msg/detail/graph__type_support.c
[0.349s] -- Up-to-date: /home/rhobtor/PHD/ARGOJ8_IA/install/car_interfaces/lib/libcar_interfaces__rosidl_typesupport_introspection_c.so
[0.349s] -- Up-to-date: /home/rhobtor/PHD/ARGOJ8_IA/install/car_interfaces/lib/libcar_interfaces__rosidl_typesupport_c.so
[0.349s] -- Up-to-date: /home/rhobtor/PHD/ARGOJ8_IA/install/car_interfaces/include/car_interfaces/car_interfaces
[0.349s] -- Up-to-date: /home/rhobtor/PHD/ARGOJ8_IA/install/car_interfaces/include/car_interfaces/car_interfaces/msg
[0.349s] -- Up-to-date: /home/rhobtor/PHD/ARGOJ8_IA/install/car_interfaces/include/car_interfaces/car_interfaces/msg/detail
[0.349s] -- Up-to-date: /home/rhobtor/PHD/ARGOJ8_IA/install/car_interfaces/include/car_interfaces/car_interfaces/msg/detail/graph__type_support.cpp
[0.349s] -- Up-to-date: /home/rhobtor/PHD/ARGOJ8_IA/install/car_interfaces/include/car_interfaces/car_interfaces/msg/detail/graph__rosidl_typesupport_introspection_cpp.hpp
[0.349s] -- Up-to-date: /home/rhobtor/PHD/ARGOJ8_IA/install/car_interfaces/lib/libcar_interfaces__rosidl_typesupport_introspection_cpp.so
[0.349s] -- Up-to-date: /home/rhobtor/PHD/ARGOJ8_IA/install/car_interfaces/lib/libcar_interfaces__rosidl_typesupport_cpp.so
[0.349s] -- Up-to-date: /home/rhobtor/PHD/ARGOJ8_IA/install/car_interfaces/share/car_interfaces/environment/pythonpath.sh
[0.349s] -- Up-to-date: /home/rhobtor/PHD/ARGOJ8_IA/install/car_interfaces/share/car_interfaces/environment/pythonpath.dsv
[0.349s] -- Up-to-date: /home/rhobtor/PHD/ARGOJ8_IA/install/car_interfaces/local/lib/python3.10/dist-packages/car_interfaces-0.0.0-py3.10.egg-info
[0.350s] -- Installing: /home/rhobtor/PHD/ARGOJ8_IA/install/car_interfaces/local/lib/python3.10/dist-packages/car_interfaces-0.0.0-py3.10.egg-info/top_level.txt
[0.350s] -- Installing: /home/rhobtor/PHD/ARGOJ8_IA/install/car_interfaces/local/lib/python3.10/dist-packages/car_interfaces-0.0.0-py3.10.egg-info/SOURCES.txt
[0.350s] -- Installing: /home/rhobtor/PHD/ARGOJ8_IA/install/car_interfaces/local/lib/python3.10/dist-packages/car_interfaces-0.0.0-py3.10.egg-info/PKG-INFO
[0.350s] -- Installing: /home/rhobtor/PHD/ARGOJ8_IA/install/car_interfaces/local/lib/python3.10/dist-packages/car_interfaces-0.0.0-py3.10.egg-info/dependency_links.txt
[0.350s] -- Up-to-date: /home/rhobtor/PHD/ARGOJ8_IA/install/car_interfaces/local/lib/python3.10/dist-packages/car_interfaces
[0.350s] -- Up-to-date: /home/rhobtor/PHD/ARGOJ8_IA/install/car_interfaces/local/lib/python3.10/dist-packages/car_interfaces/_car_interfaces_s.ep.rosidl_typesupport_fastrtps_c.c
[0.350s] -- Up-to-date: /home/rhobtor/PHD/ARGOJ8_IA/install/car_interfaces/local/lib/python3.10/dist-packages/car_interfaces/_car_interfaces_s.ep.rosidl_typesupport_c.c
[0.350s] -- Up-to-date: /home/rhobtor/PHD/ARGOJ8_IA/install/car_interfaces/local/lib/python3.10/dist-packages/car_interfaces/car_interfaces_s__rosidl_typesupport_fastrtps_c.cpython-310-x86_64-linux-gnu.so
[0.350s] -- Up-to-date: /home/rhobtor/PHD/ARGOJ8_IA/install/car_interfaces/local/lib/python3.10/dist-packages/car_interfaces/car_interfaces_s__rosidl_typesupport_c.cpython-310-x86_64-linux-gnu.so
[0.350s] -- Up-to-date: /home/rhobtor/PHD/ARGOJ8_IA/install/car_interfaces/local/lib/python3.10/dist-packages/car_interfaces/_car_interfaces_s.ep.rosidl_typesupport_introspection_c.c
[0.350s] -- Up-to-date: /home/rhobtor/PHD/ARGOJ8_IA/install/car_interfaces/local/lib/python3.10/dist-packages/car_interfaces/__init__.py
[0.350s] -- Up-to-date: /home/rhobtor/PHD/ARGOJ8_IA/install/car_interfaces/local/lib/python3.10/dist-packages/car_interfaces/msg
[0.350s] -- Up-to-date: /home/rhobtor/PHD/ARGOJ8_IA/install/car_interfaces/local/lib/python3.10/dist-packages/car_interfaces/msg/_graph_s.c
[0.350s] -- Up-to-date: /home/rhobtor/PHD/ARGOJ8_IA/install/car_interfaces/local/lib/python3.10/dist-packages/car_interfaces/msg/_graph.py
[0.350s] -- Up-to-date: /home/rhobtor/PHD/ARGOJ8_IA/install/car_interfaces/local/lib/python3.10/dist-packages/car_interfaces/msg/__init__.py
[0.350s] -- Up-to-date: /home/rhobtor/PHD/ARGOJ8_IA/install/car_interfaces/local/lib/python3.10/dist-packages/car_interfaces/car_interfaces_s__rosidl_typesupport_introspection_c.cpython-310-x86_64-linux-gnu.so
[0.350s] -- Up-to-date: /home/rhobtor/PHD/ARGOJ8_IA/install/car_interfaces/local/lib/python3.10/dist-packages/car_interfaces/libcar_interfaces__rosidl_generator_py.so
[0.369s] Invoked command in '/home/rhobtor/PHD/ARGOJ8_IA/build/car_interfaces' returned '-2': CMAKE_PREFIX_PATH=${CMAKE_PREFIX_PATH}:/home/rhobtor/PHD/ARGOJ8_IA/install/car:/home/rhobtor/PHD/reactive/Reactive-Navegation/workspace_full_conected/install/car:/opt/ros/humble /opt/st/stm32cubeclt_1.18.0/CMake/bin/cmake --install /home/rhobtor/PHD/ARGOJ8_IA/build/car_interfaces
