[0.014s] Invoking command in '/home/rhobtor/PHD/ARGOJ8_IA/build/j8_xacro_model': CMAKE_PREFIX_PATH=/home/rhobtor/PHD/ARGOJ8_IA/install/argj801_ctl_platform:/home/rhobtor/PHD/ARGOJ8_IA/install/argj801_ctl_platform_interfaces:/home/rhobtor/PHD/ARGOJ8_IA/install/octomap_mapping:/home/rhobtor/PHD/ARGOJ8_IA/install/octomap_server:/home/rhobtor/PHD/ARGOJ8_IA/install/octomap_rviz_plugins:/home/rhobtor/PHD/ARGOJ8_IA/install/j8_xacro_model:/home/rhobtor/PHD/ARGOJ8_IA/install/hector_gazebo_plugins:/home/rhobtor/PHD/ARGOJ8_IA/install/fixposition_sensor_pkg:/home/rhobtor/PHD/ARGOJ8_IA/install/car_cpp:/home/rhobtor/PHD/ARGOJ8_IA/install/car_interfaces:/home/rhobtor/packages/install/grid_map:/home/rhobtor/packages/install/grid_map_demos:/home/rhobtor/packages/install/grid_map_visualization:/home/rhobtor/packages/install/grid_map_sdf:/home/rhobtor/packages/install/grid_map_rviz_plugin:/home/rhobtor/packages/install/grid_map_pcl:/home/rhobtor/packages/install/grid_map_loader:/home/rhobtor/packages/install/grid_map_filters:/home/rhobtor/packages/install/grid_map_ros:/home/rhobtor/packages/install/grid_map_octomap:/home/rhobtor/packages/install/grid_map_msgs:/home/rhobtor/packages/install/grid_map_cv:/home/rhobtor/packages/install/grid_map_costmap_2d:/home/rhobtor/packages/install/grid_map_core:/home/rhobtor/packages/install/grid_map_cmake_helpers:/home/rhobtor/PHD/reactive/Reactive-Navegation/workspace_full_conected/install/octomap_mapping:/home/rhobtor/PHD/reactive/Reactive-Navegation/workspace_full_conected/install/octomap_server:/home/rhobtor/PHD/reactive/Reactive-Navegation/workspace_full_conected/install/octomap_rviz_plugins:/home/rhobtor/PHD/reactive/Reactive-Navegation/workspace_full_conected/install/hector_gazebo_plugins:/home/rhobtor/PHD/reactive/Reactive-Navegation/workspace_full_conected/install/car_cpp:/home/rhobtor/PHD/reactive/Reactive-Navegation/workspace_full_conected/install/car_interfaces:/home/rhobtor/PHD/ARGOJ8_IA/install/car:/home/rhobtor/PHD/reactive/Reactive-Navegation/workspace_full_conected/install/car:/opt/ros/humble LD_LIBRARY_PATH=/home/rhobtor/PHD/ARGOJ8_IA/install/argj801_ctl_platform_interfaces/lib:/home/rhobtor/PHD/ARGOJ8_IA/install/octomap_server/lib:/home/rhobtor/PHD/ARGOJ8_IA/install/octomap_rviz_plugins/lib:/home/rhobtor/PHD/ARGOJ8_IA/install/j8_xacro_model/lib:/home/rhobtor/PHD/ARGOJ8_IA/install/hector_gazebo_plugins/lib:/home/rhobtor/PHD/ARGOJ8_IA/install/fixposition_sensor_pkg/lib:/home/rhobtor/PHD/ARGOJ8_IA/install/car_cpp/lib:/home/rhobtor/PHD/ARGOJ8_IA/install/car_interfaces/lib:/home/rhobtor/packages/install/grid_map_demos/lib:/home/rhobtor/packages/install/grid_map_visualization/lib:/home/rhobtor/packages/install/grid_map_sdf/lib:/home/rhobtor/packages/install/grid_map_rviz_plugin/lib:/home/rhobtor/packages/install/grid_map_pcl/lib:/home/rhobtor/packages/install/grid_map_loader/lib:/home/rhobtor/packages/install/grid_map_filters/lib:/home/rhobtor/packages/install/grid_map_ros/lib:/home/rhobtor/packages/install/grid_map_octomap/lib:/home/rhobtor/packages/install/grid_map_msgs/lib:/home/rhobtor/packages/install/grid_map_cv/lib:/home/rhobtor/packages/install/grid_map_costmap_2d/lib:/home/rhobtor/packages/install/grid_map_core/lib:/home/rhobtor/PHD/reactive/Reactive-Navegation/workspace_full_conected/install/octomap_server/lib:/home/rhobtor/PHD/reactive/Reactive-Navegation/workspace_full_conected/install/octomap_rviz_plugins/lib:/home/rhobtor/PHD/reactive/Reactive-Navegation/workspace_full_conected/install/hector_gazebo_plugins/lib:/home/rhobtor/PHD/reactive/Reactive-Navegation/workspace_full_conected/install/car_cpp/lib:/home/rhobtor/PHD/reactive/Reactive-Navegation/workspace_full_conected/install/car_interfaces/lib:/usr/lib/x86_64-linux-gnu/gazebo-11/plugins:/opt/ros/humble/opt/rviz_ogre_vendor/lib:/opt/ros/humble/lib/x86_64-linux-gnu:/opt/ros/humble/lib /opt/st/stm32cubeclt_1.18.0/CMake/bin/cmake /home/rhobtor/PHD/ARGOJ8_IA/src/gazebo_sim_pkgs/j8_xacro_model -DCMAKE_INSTALL_PREFIX=/home/rhobtor/PHD/ARGOJ8_IA/install/j8_xacro_model
[0.024s] -- Found ament_cmake: 1.3.11 (/opt/ros/humble/share/ament_cmake/cmake)
[0.279s] -- Override CMake install command with custom implementation using symlinks instead of copying resources
[0.296s] -- Found gazebo_dev: 3.9.0 (/opt/ros/humble/share/gazebo_dev/cmake)
[0.337s] -- Found DART: /usr/include (Required is at least version "6.6") found components: dart 
[0.378s] -- Found Protobuf: /usr/lib/x86_64-linux-gnu/libprotobuf.so (found version "3.12.4") 
[0.380s] -- Looking for ignition-math6 -- found version 6.15.1
[0.385s] -- Searching for dependencies of ignition-math6
[0.388s] -- Looking for OGRE...
[0.395s] -- Found Ogre Ghadamon (1.9.0)
[0.395s] -- Found OGRE: optimized;/usr/lib/x86_64-linux-gnu/libOgreMain.so;debug;/usr/lib/x86_64-linux-gnu/libOgreMain.so
[0.409s] -- Looking for OGRE_Paging...
[0.409s] -- Found OGRE_Paging: optimized;/usr/lib/x86_64-linux-gnu/libOgrePaging.so;debug;/usr/lib/x86_64-linux-gnu/libOgrePaging.so
[0.409s] -- Looking for OGRE_Terrain...
[0.410s] -- Found OGRE_Terrain: optimized;/usr/lib/x86_64-linux-gnu/libOgreTerrain.so;debug;/usr/lib/x86_64-linux-gnu/libOgreTerrain.so
[0.410s] -- Looking for OGRE_Property...
[0.410s] -- Found OGRE_Property: optimized;/usr/lib/x86_64-linux-gnu/libOgreProperty.so;debug;/usr/lib/x86_64-linux-gnu/libOgreProperty.so
[0.410s] -- Looking for OGRE_RTShaderSystem...
[0.410s] -- Found OGRE_RTShaderSystem: optimized;/usr/lib/x86_64-linux-gnu/libOgreRTShaderSystem.so;debug;/usr/lib/x86_64-linux-gnu/libOgreRTShaderSystem.so
[0.410s] -- Looking for OGRE_Volume...
[0.410s] -- Found OGRE_Volume: optimized;/usr/lib/x86_64-linux-gnu/libOgreVolume.so;debug;/usr/lib/x86_64-linux-gnu/libOgreVolume.so
[0.410s] -- Looking for OGRE_Overlay...
[0.410s] -- Found OGRE_Overlay: optimized;/usr/lib/x86_64-linux-gnu/libOgreOverlay.so;debug;/usr/lib/x86_64-linux-gnu/libOgreOverlay.so
[0.718s] -- Looking for ignition-math6 -- found version 6.15.1
[0.719s] -- Looking for ignition-transport8 -- found version 8.2.1
[0.719s] -- Searching for dependencies of ignition-transport8
[0.750s] -- Found Protobuf: /usr/lib/x86_64-linux-gnu/libprotobuf.so (found suitable version "3.12.4", minimum required is "3") 
[0.766s] -- Config-file not installed for ZeroMQ -- checking for pkg-config
[0.775s] -- Checking for module 'libzmq >= 4'
[0.798s] --   Found libzmq, version 4.3.4
[0.867s] -- Checking for module 'uuid'
[0.889s] --   Found uuid, version 2.37.2
[0.944s] -- Looking for ignition-msgs5 -- found version 5.8.1
[0.944s] -- Searching for dependencies of ignition-msgs5
[0.984s] -- Looking for ignition-math6 -- found version 6.15.1
[1.020s] -- Checking for module 'tinyxml2'
[1.052s] --   Found tinyxml2, version 9.0.0
[1.112s] -- Looking for ignition-msgs5 -- found version 5.8.1
[1.113s] -- Looking for ignition-common3 -- found version 3.14.0
[1.115s] -- Searching for dependencies of ignition-common3
[1.115s] -- Looking for dlfcn.h - found
[1.115s] -- Looking for libdl - found
[1.139s] -- Searching for <ignition-common3> component [graphics]
[1.139s] -- Looking for ignition-common3-graphics -- found version 3.14.0
[1.140s] -- Searching for dependencies of ignition-common3-graphics
[1.141s] -- Looking for ignition-math6 -- found version 6.15.1
[1.143s] -- Looking for ignition-fuel_tools4 -- found version 4.4.0
[1.143s] -- Searching for dependencies of ignition-fuel_tools4
[1.301s] [0mCMake Deprecation Warning at /usr/lib/x86_64-linux-gnu/cmake/jsoncpp/jsoncppConfig.cmake:2 (cmake_policy):
[1.301s]   Compatibility with CMake < 3.5 will be removed from a future version of
[1.301s]   CMake.
[1.301s] 
[1.302s]   Update the VERSION argument <min> value or use a ...<max> suffix to tell
[1.302s]   CMake that the project does not need compatibility with older versions.
[1.302s] Call Stack (most recent call first):
[1.302s]   /usr/share/cmake/ignition-cmake2/cmake2/FindJSONCPP.cmake:34 (find_package)
[1.302s]   /usr/lib/x86_64-linux-gnu/cmake/ignition-fuel_tools4/ignition-fuel_tools4-config.cmake:94 (find_package)
[1.302s]   /usr/lib/x86_64-linux-gnu/cmake/gazebo/gazebo-config.cmake:251 (find_package)
[1.302s]   /opt/ros/humble/share/gazebo_dev/cmake/gazebo_dev-extras.cmake:3 (find_package)
[1.302s]   /opt/ros/humble/share/gazebo_dev/cmake/gazebo_devConfig.cmake:41 (include)
[1.302s]   CMakeLists.txt:13 (find_package)
[1.302s] 
[1.302s] [0m
[1.315s] -- Checking for module 'jsoncpp'
[1.339s] --   Found jsoncpp, version 1.9.5
[1.395s] -- Checking for module 'libzip'
[1.420s] --   Found libzip, version 1.7.3
[1.479s] -- Looking for ignition-common3 -- found version 3.14.0
[1.480s] -- Looking for ignition-math6 -- found version 6.15.1
[1.481s] -- Looking for ignition-msgs5 -- found version 5.8.1
[1.483s] -- Gazebo version: 11.10
[1.485s] -- Found gazebo_ros: 3.9.0 (/opt/ros/humble/share/gazebo_ros/cmake)
[1.557s] -- Found rosidl_generator_c: 3.1.6 (/opt/ros/humble/share/rosidl_generator_c/cmake)
[1.559s] -- Found rosidl_adapter: 3.1.6 (/opt/ros/humble/share/rosidl_adapter/cmake)
[1.574s] -- Found rosidl_generator_cpp: 3.1.6 (/opt/ros/humble/share/rosidl_generator_cpp/cmake)
[1.607s] -- Using all available rosidl_typesupport_c: rosidl_typesupport_fastrtps_c;rosidl_typesupport_introspection_c
[1.664s] -- Using all available rosidl_typesupport_cpp: rosidl_typesupport_fastrtps_cpp;rosidl_typesupport_introspection_cpp
[1.715s] -- Found rmw_implementation_cmake: 6.1.2 (/opt/ros/humble/share/rmw_implementation_cmake/cmake)
[1.720s] -- Found rmw_fastrtps_cpp: 6.2.7 (/opt/ros/humble/share/rmw_fastrtps_cpp/cmake)
[2.036s] -- Using RMW implementation 'rmw_fastrtps_cpp' as default
[2.260s] -- Found geometry_msgs: 4.8.0 (/opt/ros/humble/share/geometry_msgs/cmake)
[2.281s] -- Found nav_msgs: 4.8.0 (/opt/ros/humble/share/nav_msgs/cmake)
[2.314s] -- Found tf2: 0.25.12 (/opt/ros/humble/share/tf2/cmake)
[2.322s] -- Found tf2_geometry_msgs: 0.25.12 (/opt/ros/humble/share/tf2_geometry_msgs/cmake)
[2.328s] -- Found eigen3_cmake_module: 0.1.1 (/opt/ros/humble/share/eigen3_cmake_module/cmake)
[2.331s] -- Ensuring Eigen3 include directory is part of orocos-kdl CMake target
[2.496s] -- Found sensor_msgs: 4.8.0 (/opt/ros/humble/share/sensor_msgs/cmake)
[2.526s] -- Found argj801_ctl_platform_interfaces: 0.0.0 (/home/rhobtor/PHD/ARGOJ8_IA/install/argj801_ctl_platform_interfaces/share/argj801_ctl_platform_interfaces/cmake)
[2.576s] -- Found ament_lint_auto: 0.12.12 (/opt/ros/humble/share/ament_lint_auto/cmake)
[2.787s] -- Added test 'cppcheck' to perform static code analysis on C / C++ code
[2.789s] -- Configured cppcheck include dirs: /home/rhobtor/PHD/ARGOJ8_IA/src/gazebo_sim_pkgs/j8_xacro_model/include;$<BUILD_INTERFACE:/home/rhobtor/PHD/ARGOJ8_IA/src/gazebo_sim_pkgs/j8_xacro_model/include>
[2.789s] -- Configured cppcheck exclude dirs and/or files: 
[2.796s] -- Added test 'flake8' to check Python code syntax and style conventions
[2.806s] -- Added test 'lint_cmake' to check CMake code style
[2.813s] -- Added test 'pep257' to check Python code against some of the docstring style conventions in PEP 257
[2.844s] -- Added test 'uncrustify' to check C / C++ code style
[2.844s] -- Configured uncrustify additional arguments: 
[2.850s] -- Added test 'xmllint' to check XML markup files
[2.862s] -- Configuring done (2.8s)
[2.992s] -- Generating done (0.1s)
[3.001s] -- Build files have been written to: /home/rhobtor/PHD/ARGOJ8_IA/build/j8_xacro_model
[3.013s] Invoked command in '/home/rhobtor/PHD/ARGOJ8_IA/build/j8_xacro_model' returned '0': CMAKE_PREFIX_PATH=/home/rhobtor/PHD/ARGOJ8_IA/install/argj801_ctl_platform:/home/rhobtor/PHD/ARGOJ8_IA/install/argj801_ctl_platform_interfaces:/home/rhobtor/PHD/ARGOJ8_IA/install/octomap_mapping:/home/rhobtor/PHD/ARGOJ8_IA/install/octomap_server:/home/rhobtor/PHD/ARGOJ8_IA/install/octomap_rviz_plugins:/home/rhobtor/PHD/ARGOJ8_IA/install/j8_xacro_model:/home/rhobtor/PHD/ARGOJ8_IA/install/hector_gazebo_plugins:/home/rhobtor/PHD/ARGOJ8_IA/install/fixposition_sensor_pkg:/home/rhobtor/PHD/ARGOJ8_IA/install/car_cpp:/home/rhobtor/PHD/ARGOJ8_IA/install/car_interfaces:/home/rhobtor/packages/install/grid_map:/home/rhobtor/packages/install/grid_map_demos:/home/rhobtor/packages/install/grid_map_visualization:/home/rhobtor/packages/install/grid_map_sdf:/home/rhobtor/packages/install/grid_map_rviz_plugin:/home/rhobtor/packages/install/grid_map_pcl:/home/rhobtor/packages/install/grid_map_loader:/home/rhobtor/packages/install/grid_map_filters:/home/rhobtor/packages/install/grid_map_ros:/home/rhobtor/packages/install/grid_map_octomap:/home/rhobtor/packages/install/grid_map_msgs:/home/rhobtor/packages/install/grid_map_cv:/home/rhobtor/packages/install/grid_map_costmap_2d:/home/rhobtor/packages/install/grid_map_core:/home/rhobtor/packages/install/grid_map_cmake_helpers:/home/rhobtor/PHD/reactive/Reactive-Navegation/workspace_full_conected/install/octomap_mapping:/home/rhobtor/PHD/reactive/Reactive-Navegation/workspace_full_conected/install/octomap_server:/home/rhobtor/PHD/reactive/Reactive-Navegation/workspace_full_conected/install/octomap_rviz_plugins:/home/rhobtor/PHD/reactive/Reactive-Navegation/workspace_full_conected/install/hector_gazebo_plugins:/home/rhobtor/PHD/reactive/Reactive-Navegation/workspace_full_conected/install/car_cpp:/home/rhobtor/PHD/reactive/Reactive-Navegation/workspace_full_conected/install/car_interfaces:/home/rhobtor/PHD/ARGOJ8_IA/install/car:/home/rhobtor/PHD/reactive/Reactive-Navegation/workspace_full_conected/install/car:/opt/ros/humble LD_LIBRARY_PATH=/home/rhobtor/PHD/ARGOJ8_IA/install/argj801_ctl_platform_interfaces/lib:/home/rhobtor/PHD/ARGOJ8_IA/install/octomap_server/lib:/home/rhobtor/PHD/ARGOJ8_IA/install/octomap_rviz_plugins/lib:/home/rhobtor/PHD/ARGOJ8_IA/install/j8_xacro_model/lib:/home/rhobtor/PHD/ARGOJ8_IA/install/hector_gazebo_plugins/lib:/home/rhobtor/PHD/ARGOJ8_IA/install/fixposition_sensor_pkg/lib:/home/rhobtor/PHD/ARGOJ8_IA/install/car_cpp/lib:/home/rhobtor/PHD/ARGOJ8_IA/install/car_interfaces/lib:/home/rhobtor/packages/install/grid_map_demos/lib:/home/rhobtor/packages/install/grid_map_visualization/lib:/home/rhobtor/packages/install/grid_map_sdf/lib:/home/rhobtor/packages/install/grid_map_rviz_plugin/lib:/home/rhobtor/packages/install/grid_map_pcl/lib:/home/rhobtor/packages/install/grid_map_loader/lib:/home/rhobtor/packages/install/grid_map_filters/lib:/home/rhobtor/packages/install/grid_map_ros/lib:/home/rhobtor/packages/install/grid_map_octomap/lib:/home/rhobtor/packages/install/grid_map_msgs/lib:/home/rhobtor/packages/install/grid_map_cv/lib:/home/rhobtor/packages/install/grid_map_costmap_2d/lib:/home/rhobtor/packages/install/grid_map_core/lib:/home/rhobtor/PHD/reactive/Reactive-Navegation/workspace_full_conected/install/octomap_server/lib:/home/rhobtor/PHD/reactive/Reactive-Navegation/workspace_full_conected/install/octomap_rviz_plugins/lib:/home/rhobtor/PHD/reactive/Reactive-Navegation/workspace_full_conected/install/hector_gazebo_plugins/lib:/home/rhobtor/PHD/reactive/Reactive-Navegation/workspace_full_conected/install/car_cpp/lib:/home/rhobtor/PHD/reactive/Reactive-Navegation/workspace_full_conected/install/car_interfaces/lib:/usr/lib/x86_64-linux-gnu/gazebo-11/plugins:/opt/ros/humble/opt/rviz_ogre_vendor/lib:/opt/ros/humble/lib/x86_64-linux-gnu:/opt/ros/humble/lib /opt/st/stm32cubeclt_1.18.0/CMake/bin/cmake /home/rhobtor/PHD/ARGOJ8_IA/src/gazebo_sim_pkgs/j8_xacro_model -DCMAKE_INSTALL_PREFIX=/home/rhobtor/PHD/ARGOJ8_IA/install/j8_xacro_model
[3.015s] Invoking command in '/home/rhobtor/PHD/ARGOJ8_IA/build/j8_xacro_model': CMAKE_PREFIX_PATH=/home/rhobtor/PHD/ARGOJ8_IA/install/argj801_ctl_platform:/home/rhobtor/PHD/ARGOJ8_IA/install/argj801_ctl_platform_interfaces:/home/rhobtor/PHD/ARGOJ8_IA/install/octomap_mapping:/home/rhobtor/PHD/ARGOJ8_IA/install/octomap_server:/home/rhobtor/PHD/ARGOJ8_IA/install/octomap_rviz_plugins:/home/rhobtor/PHD/ARGOJ8_IA/install/j8_xacro_model:/home/rhobtor/PHD/ARGOJ8_IA/install/hector_gazebo_plugins:/home/rhobtor/PHD/ARGOJ8_IA/install/fixposition_sensor_pkg:/home/rhobtor/PHD/ARGOJ8_IA/install/car_cpp:/home/rhobtor/PHD/ARGOJ8_IA/install/car_interfaces:/home/rhobtor/packages/install/grid_map:/home/rhobtor/packages/install/grid_map_demos:/home/rhobtor/packages/install/grid_map_visualization:/home/rhobtor/packages/install/grid_map_sdf:/home/rhobtor/packages/install/grid_map_rviz_plugin:/home/rhobtor/packages/install/grid_map_pcl:/home/rhobtor/packages/install/grid_map_loader:/home/rhobtor/packages/install/grid_map_filters:/home/rhobtor/packages/install/grid_map_ros:/home/rhobtor/packages/install/grid_map_octomap:/home/rhobtor/packages/install/grid_map_msgs:/home/rhobtor/packages/install/grid_map_cv:/home/rhobtor/packages/install/grid_map_costmap_2d:/home/rhobtor/packages/install/grid_map_core:/home/rhobtor/packages/install/grid_map_cmake_helpers:/home/rhobtor/PHD/reactive/Reactive-Navegation/workspace_full_conected/install/octomap_mapping:/home/rhobtor/PHD/reactive/Reactive-Navegation/workspace_full_conected/install/octomap_server:/home/rhobtor/PHD/reactive/Reactive-Navegation/workspace_full_conected/install/octomap_rviz_plugins:/home/rhobtor/PHD/reactive/Reactive-Navegation/workspace_full_conected/install/hector_gazebo_plugins:/home/rhobtor/PHD/reactive/Reactive-Navegation/workspace_full_conected/install/car_cpp:/home/rhobtor/PHD/reactive/Reactive-Navegation/workspace_full_conected/install/car_interfaces:/home/rhobtor/PHD/ARGOJ8_IA/install/car:/home/rhobtor/PHD/reactive/Reactive-Navegation/workspace_full_conected/install/car:/opt/ros/humble LD_LIBRARY_PATH=/home/rhobtor/PHD/ARGOJ8_IA/install/argj801_ctl_platform_interfaces/lib:/home/rhobtor/PHD/ARGOJ8_IA/install/octomap_server/lib:/home/rhobtor/PHD/ARGOJ8_IA/install/octomap_rviz_plugins/lib:/home/rhobtor/PHD/ARGOJ8_IA/install/j8_xacro_model/lib:/home/rhobtor/PHD/ARGOJ8_IA/install/hector_gazebo_plugins/lib:/home/rhobtor/PHD/ARGOJ8_IA/install/fixposition_sensor_pkg/lib:/home/rhobtor/PHD/ARGOJ8_IA/install/car_cpp/lib:/home/rhobtor/PHD/ARGOJ8_IA/install/car_interfaces/lib:/home/rhobtor/packages/install/grid_map_demos/lib:/home/rhobtor/packages/install/grid_map_visualization/lib:/home/rhobtor/packages/install/grid_map_sdf/lib:/home/rhobtor/packages/install/grid_map_rviz_plugin/lib:/home/rhobtor/packages/install/grid_map_pcl/lib:/home/rhobtor/packages/install/grid_map_loader/lib:/home/rhobtor/packages/install/grid_map_filters/lib:/home/rhobtor/packages/install/grid_map_ros/lib:/home/rhobtor/packages/install/grid_map_octomap/lib:/home/rhobtor/packages/install/grid_map_msgs/lib:/home/rhobtor/packages/install/grid_map_cv/lib:/home/rhobtor/packages/install/grid_map_costmap_2d/lib:/home/rhobtor/packages/install/grid_map_core/lib:/home/rhobtor/PHD/reactive/Reactive-Navegation/workspace_full_conected/install/octomap_server/lib:/home/rhobtor/PHD/reactive/Reactive-Navegation/workspace_full_conected/install/octomap_rviz_plugins/lib:/home/rhobtor/PHD/reactive/Reactive-Navegation/workspace_full_conected/install/hector_gazebo_plugins/lib:/home/rhobtor/PHD/reactive/Reactive-Navegation/workspace_full_conected/install/car_cpp/lib:/home/rhobtor/PHD/reactive/Reactive-Navegation/workspace_full_conected/install/car_interfaces/lib:/usr/lib/x86_64-linux-gnu/gazebo-11/plugins:/opt/ros/humble/opt/rviz_ogre_vendor/lib:/opt/ros/humble/lib/x86_64-linux-gnu:/opt/ros/humble/lib /opt/st/stm32cubeclt_1.18.0/CMake/bin/cmake --build /home/rhobtor/PHD/ARGOJ8_IA/build/j8_xacro_model -- -j16 -l16
[3.074s] [100%] Built target gazebo_ros_j8_wheels_plugin
[3.079s] Invoked command in '/home/rhobtor/PHD/ARGOJ8_IA/build/j8_xacro_model' returned '0': CMAKE_PREFIX_PATH=/home/rhobtor/PHD/ARGOJ8_IA/install/argj801_ctl_platform:/home/rhobtor/PHD/ARGOJ8_IA/install/argj801_ctl_platform_interfaces:/home/rhobtor/PHD/ARGOJ8_IA/install/octomap_mapping:/home/rhobtor/PHD/ARGOJ8_IA/install/octomap_server:/home/rhobtor/PHD/ARGOJ8_IA/install/octomap_rviz_plugins:/home/rhobtor/PHD/ARGOJ8_IA/install/j8_xacro_model:/home/rhobtor/PHD/ARGOJ8_IA/install/hector_gazebo_plugins:/home/rhobtor/PHD/ARGOJ8_IA/install/fixposition_sensor_pkg:/home/rhobtor/PHD/ARGOJ8_IA/install/car_cpp:/home/rhobtor/PHD/ARGOJ8_IA/install/car_interfaces:/home/rhobtor/packages/install/grid_map:/home/rhobtor/packages/install/grid_map_demos:/home/rhobtor/packages/install/grid_map_visualization:/home/rhobtor/packages/install/grid_map_sdf:/home/rhobtor/packages/install/grid_map_rviz_plugin:/home/rhobtor/packages/install/grid_map_pcl:/home/rhobtor/packages/install/grid_map_loader:/home/rhobtor/packages/install/grid_map_filters:/home/rhobtor/packages/install/grid_map_ros:/home/rhobtor/packages/install/grid_map_octomap:/home/rhobtor/packages/install/grid_map_msgs:/home/rhobtor/packages/install/grid_map_cv:/home/rhobtor/packages/install/grid_map_costmap_2d:/home/rhobtor/packages/install/grid_map_core:/home/rhobtor/packages/install/grid_map_cmake_helpers:/home/rhobtor/PHD/reactive/Reactive-Navegation/workspace_full_conected/install/octomap_mapping:/home/rhobtor/PHD/reactive/Reactive-Navegation/workspace_full_conected/install/octomap_server:/home/rhobtor/PHD/reactive/Reactive-Navegation/workspace_full_conected/install/octomap_rviz_plugins:/home/rhobtor/PHD/reactive/Reactive-Navegation/workspace_full_conected/install/hector_gazebo_plugins:/home/rhobtor/PHD/reactive/Reactive-Navegation/workspace_full_conected/install/car_cpp:/home/rhobtor/PHD/reactive/Reactive-Navegation/workspace_full_conected/install/car_interfaces:/home/rhobtor/PHD/ARGOJ8_IA/install/car:/home/rhobtor/PHD/reactive/Reactive-Navegation/workspace_full_conected/install/car:/opt/ros/humble LD_LIBRARY_PATH=/home/rhobtor/PHD/ARGOJ8_IA/install/argj801_ctl_platform_interfaces/lib:/home/rhobtor/PHD/ARGOJ8_IA/install/octomap_server/lib:/home/rhobtor/PHD/ARGOJ8_IA/install/octomap_rviz_plugins/lib:/home/rhobtor/PHD/ARGOJ8_IA/install/j8_xacro_model/lib:/home/rhobtor/PHD/ARGOJ8_IA/install/hector_gazebo_plugins/lib:/home/rhobtor/PHD/ARGOJ8_IA/install/fixposition_sensor_pkg/lib:/home/rhobtor/PHD/ARGOJ8_IA/install/car_cpp/lib:/home/rhobtor/PHD/ARGOJ8_IA/install/car_interfaces/lib:/home/rhobtor/packages/install/grid_map_demos/lib:/home/rhobtor/packages/install/grid_map_visualization/lib:/home/rhobtor/packages/install/grid_map_sdf/lib:/home/rhobtor/packages/install/grid_map_rviz_plugin/lib:/home/rhobtor/packages/install/grid_map_pcl/lib:/home/rhobtor/packages/install/grid_map_loader/lib:/home/rhobtor/packages/install/grid_map_filters/lib:/home/rhobtor/packages/install/grid_map_ros/lib:/home/rhobtor/packages/install/grid_map_octomap/lib:/home/rhobtor/packages/install/grid_map_msgs/lib:/home/rhobtor/packages/install/grid_map_cv/lib:/home/rhobtor/packages/install/grid_map_costmap_2d/lib:/home/rhobtor/packages/install/grid_map_core/lib:/home/rhobtor/PHD/reactive/Reactive-Navegation/workspace_full_conected/install/octomap_server/lib:/home/rhobtor/PHD/reactive/Reactive-Navegation/workspace_full_conected/install/octomap_rviz_plugins/lib:/home/rhobtor/PHD/reactive/Reactive-Navegation/workspace_full_conected/install/hector_gazebo_plugins/lib:/home/rhobtor/PHD/reactive/Reactive-Navegation/workspace_full_conected/install/car_cpp/lib:/home/rhobtor/PHD/reactive/Reactive-Navegation/workspace_full_conected/install/car_interfaces/lib:/usr/lib/x86_64-linux-gnu/gazebo-11/plugins:/opt/ros/humble/opt/rviz_ogre_vendor/lib:/opt/ros/humble/lib/x86_64-linux-gnu:/opt/ros/humble/lib /opt/st/stm32cubeclt_1.18.0/CMake/bin/cmake --build /home/rhobtor/PHD/ARGOJ8_IA/build/j8_xacro_model -- -j16 -l16
[3.082s] Invoking command in '/home/rhobtor/PHD/ARGOJ8_IA/build/j8_xacro_model': CMAKE_PREFIX_PATH=/home/rhobtor/PHD/ARGOJ8_IA/install/argj801_ctl_platform:/home/rhobtor/PHD/ARGOJ8_IA/install/argj801_ctl_platform_interfaces:/home/rhobtor/PHD/ARGOJ8_IA/install/octomap_mapping:/home/rhobtor/PHD/ARGOJ8_IA/install/octomap_server:/home/rhobtor/PHD/ARGOJ8_IA/install/octomap_rviz_plugins:/home/rhobtor/PHD/ARGOJ8_IA/install/j8_xacro_model:/home/rhobtor/PHD/ARGOJ8_IA/install/hector_gazebo_plugins:/home/rhobtor/PHD/ARGOJ8_IA/install/fixposition_sensor_pkg:/home/rhobtor/PHD/ARGOJ8_IA/install/car_cpp:/home/rhobtor/PHD/ARGOJ8_IA/install/car_interfaces:/home/rhobtor/packages/install/grid_map:/home/rhobtor/packages/install/grid_map_demos:/home/rhobtor/packages/install/grid_map_visualization:/home/rhobtor/packages/install/grid_map_sdf:/home/rhobtor/packages/install/grid_map_rviz_plugin:/home/rhobtor/packages/install/grid_map_pcl:/home/rhobtor/packages/install/grid_map_loader:/home/rhobtor/packages/install/grid_map_filters:/home/rhobtor/packages/install/grid_map_ros:/home/rhobtor/packages/install/grid_map_octomap:/home/rhobtor/packages/install/grid_map_msgs:/home/rhobtor/packages/install/grid_map_cv:/home/rhobtor/packages/install/grid_map_costmap_2d:/home/rhobtor/packages/install/grid_map_core:/home/rhobtor/packages/install/grid_map_cmake_helpers:/home/rhobtor/PHD/reactive/Reactive-Navegation/workspace_full_conected/install/octomap_mapping:/home/rhobtor/PHD/reactive/Reactive-Navegation/workspace_full_conected/install/octomap_server:/home/rhobtor/PHD/reactive/Reactive-Navegation/workspace_full_conected/install/octomap_rviz_plugins:/home/rhobtor/PHD/reactive/Reactive-Navegation/workspace_full_conected/install/hector_gazebo_plugins:/home/rhobtor/PHD/reactive/Reactive-Navegation/workspace_full_conected/install/car_cpp:/home/rhobtor/PHD/reactive/Reactive-Navegation/workspace_full_conected/install/car_interfaces:/home/rhobtor/PHD/ARGOJ8_IA/install/car:/home/rhobtor/PHD/reactive/Reactive-Navegation/workspace_full_conected/install/car:/opt/ros/humble LD_LIBRARY_PATH=/home/rhobtor/PHD/ARGOJ8_IA/install/argj801_ctl_platform_interfaces/lib:/home/rhobtor/PHD/ARGOJ8_IA/install/octomap_server/lib:/home/rhobtor/PHD/ARGOJ8_IA/install/octomap_rviz_plugins/lib:/home/rhobtor/PHD/ARGOJ8_IA/install/j8_xacro_model/lib:/home/rhobtor/PHD/ARGOJ8_IA/install/hector_gazebo_plugins/lib:/home/rhobtor/PHD/ARGOJ8_IA/install/fixposition_sensor_pkg/lib:/home/rhobtor/PHD/ARGOJ8_IA/install/car_cpp/lib:/home/rhobtor/PHD/ARGOJ8_IA/install/car_interfaces/lib:/home/rhobtor/packages/install/grid_map_demos/lib:/home/rhobtor/packages/install/grid_map_visualization/lib:/home/rhobtor/packages/install/grid_map_sdf/lib:/home/rhobtor/packages/install/grid_map_rviz_plugin/lib:/home/rhobtor/packages/install/grid_map_pcl/lib:/home/rhobtor/packages/install/grid_map_loader/lib:/home/rhobtor/packages/install/grid_map_filters/lib:/home/rhobtor/packages/install/grid_map_ros/lib:/home/rhobtor/packages/install/grid_map_octomap/lib:/home/rhobtor/packages/install/grid_map_msgs/lib:/home/rhobtor/packages/install/grid_map_cv/lib:/home/rhobtor/packages/install/grid_map_costmap_2d/lib:/home/rhobtor/packages/install/grid_map_core/lib:/home/rhobtor/PHD/reactive/Reactive-Navegation/workspace_full_conected/install/octomap_server/lib:/home/rhobtor/PHD/reactive/Reactive-Navegation/workspace_full_conected/install/octomap_rviz_plugins/lib:/home/rhobtor/PHD/reactive/Reactive-Navegation/workspace_full_conected/install/hector_gazebo_plugins/lib:/home/rhobtor/PHD/reactive/Reactive-Navegation/workspace_full_conected/install/car_cpp/lib:/home/rhobtor/PHD/reactive/Reactive-Navegation/workspace_full_conected/install/car_interfaces/lib:/usr/lib/x86_64-linux-gnu/gazebo-11/plugins:/opt/ros/humble/opt/rviz_ogre_vendor/lib:/opt/ros/humble/lib/x86_64-linux-gnu:/opt/ros/humble/lib /opt/st/stm32cubeclt_1.18.0/CMake/bin/cmake --install /home/rhobtor/PHD/ARGOJ8_IA/build/j8_xacro_model
[3.086s] -- Install configuration: ""
[3.086s] -- Execute custom install script
[3.086s] -- Up-to-date symlink: /home/rhobtor/PHD/ARGOJ8_IA/install/j8_xacro_model/share/j8_xacro_model/environment/library_path.sh
[3.087s] -- Up-to-date symlink: /home/rhobtor/PHD/ARGOJ8_IA/install/j8_xacro_model/share/j8_xacro_model/environment/library_path.dsv
[3.087s] -- Up-to-date symlink: /home/rhobtor/PHD/ARGOJ8_IA/install/j8_xacro_model/lib/libgazebo_ros_j8_wheels_plugin.so
[3.088s] -- Up-to-date symlink: /home/rhobtor/PHD/ARGOJ8_IA/install/j8_xacro_model/share/j8_xacro_model//launch/start_gazebo_j8.launch.py
[3.088s] -- Up-to-date symlink: /home/rhobtor/PHD/ARGOJ8_IA/install/j8_xacro_model/share/j8_xacro_model//worlds/empty_custom.world
[3.089s] -- Up-to-date symlink: /home/rhobtor/PHD/ARGOJ8_IA/install/j8_xacro_model/share/j8_xacro_model//urdf/argo_j8.xacro
[3.089s] -- Up-to-date symlink: /home/rhobtor/PHD/ARGOJ8_IA/install/j8_xacro_model/share/j8_xacro_model//urdf/camera.xacro
[3.089s] -- Up-to-date symlink: /home/rhobtor/PHD/ARGOJ8_IA/install/j8_xacro_model/share/j8_xacro_model//urdf/fixposition_holder.xacro
[3.089s] -- Up-to-date symlink: /home/rhobtor/PHD/ARGOJ8_IA/install/j8_xacro_model/share/j8_xacro_model//urdf/fixposition_sensor.xacro
[3.089s] -- Up-to-date symlink: /home/rhobtor/PHD/ARGOJ8_IA/install/j8_xacro_model/share/j8_xacro_model//urdf/gps.xacro
[3.089s] -- Up-to-date symlink: /home/rhobtor/PHD/ARGOJ8_IA/install/j8_xacro_model/share/j8_xacro_model//urdf/gps_holder.xacro
[3.089s] -- Up-to-date symlink: /home/rhobtor/PHD/ARGOJ8_IA/install/j8_xacro_model/share/j8_xacro_model//urdf/lidar.plugin.xacro
[3.089s] -- Up-to-date symlink: /home/rhobtor/PHD/ARGOJ8_IA/install/j8_xacro_model/share/j8_xacro_model//urdf/panel.xacro
[3.090s] -- Up-to-date symlink: /home/rhobtor/PHD/ARGOJ8_IA/install/j8_xacro_model/share/j8_xacro_model//urdf/set_color.xacro
[3.090s] -- Up-to-date symlink: /home/rhobtor/PHD/ARGOJ8_IA/install/j8_xacro_model/share/j8_xacro_model//urdf/sick_lidar.plugin.xacro
[3.090s] -- Up-to-date symlink: /home/rhobtor/PHD/ARGOJ8_IA/install/j8_xacro_model/share/j8_xacro_model//urdf/side_bar.xacro
[3.090s] -- Up-to-date symlink: /home/rhobtor/PHD/ARGOJ8_IA/install/j8_xacro_model/share/j8_xacro_model//urdf/test.urdf
[3.090s] -- Up-to-date symlink: /home/rhobtor/PHD/ARGOJ8_IA/install/j8_xacro_model/share/j8_xacro_model//urdf/wheel.urdf.xacro
[3.091s] -- Up-to-date symlink: /home/rhobtor/PHD/ARGOJ8_IA/install/j8_xacro_model/share/j8_xacro_model//meshes/Back_camera.STL
[3.091s] -- Up-to-date symlink: /home/rhobtor/PHD/ARGOJ8_IA/install/j8_xacro_model/share/j8_xacro_model//meshes/Bridge.STL
[3.091s] -- Up-to-date symlink: /home/rhobtor/PHD/ARGOJ8_IA/install/j8_xacro_model/share/j8_xacro_model//meshes/Bridge_panel_1.STL
[3.091s] -- Up-to-date symlink: /home/rhobtor/PHD/ARGOJ8_IA/install/j8_xacro_model/share/j8_xacro_model//meshes/Bridge_panel_2.STL
[3.091s] -- Up-to-date symlink: /home/rhobtor/PHD/ARGOJ8_IA/install/j8_xacro_model/share/j8_xacro_model//meshes/Bridge_panel_3.STL
[3.091s] -- Up-to-date symlink: /home/rhobtor/PHD/ARGOJ8_IA/install/j8_xacro_model/share/j8_xacro_model//meshes/Bridge_panel_4.STL
[3.092s] -- Up-to-date symlink: /home/rhobtor/PHD/ARGOJ8_IA/install/j8_xacro_model/share/j8_xacro_model//meshes/Central_fixposition_feet.STL
[3.092s] -- Up-to-date symlink: /home/rhobtor/PHD/ARGOJ8_IA/install/j8_xacro_model/share/j8_xacro_model//meshes/Central_fixposition_holder.STL
[3.092s] -- Up-to-date symlink: /home/rhobtor/PHD/ARGOJ8_IA/install/j8_xacro_model/share/j8_xacro_model//meshes/Fix_position_left_antenna.STL
[3.092s] -- Up-to-date symlink: /home/rhobtor/PHD/ARGOJ8_IA/install/j8_xacro_model/share/j8_xacro_model//meshes/Fix_position_metal_frame.STL
[3.092s] -- Up-to-date symlink: /home/rhobtor/PHD/ARGOJ8_IA/install/j8_xacro_model/share/j8_xacro_model//meshes/Fixposion_base.STL
[3.092s] -- Up-to-date symlink: /home/rhobtor/PHD/ARGOJ8_IA/install/j8_xacro_model/share/j8_xacro_model//meshes/Fixposition_camera.STL
[3.092s] -- Up-to-date symlink: /home/rhobtor/PHD/ARGOJ8_IA/install/j8_xacro_model/share/j8_xacro_model//meshes/Fixposition_lower_case.STL
[3.092s] -- Up-to-date symlink: /home/rhobtor/PHD/ARGOJ8_IA/install/j8_xacro_model/share/j8_xacro_model//meshes/Fixposition_right_antenna.STL
[3.092s] -- Up-to-date symlink: /home/rhobtor/PHD/ARGOJ8_IA/install/j8_xacro_model/share/j8_xacro_model//meshes/Fixposition_upper_case.STL
[3.092s] -- Up-to-date symlink: /home/rhobtor/PHD/ARGOJ8_IA/install/j8_xacro_model/share/j8_xacro_model//meshes/Front_camera.STL
[3.092s] -- Up-to-date symlink: /home/rhobtor/PHD/ARGOJ8_IA/install/j8_xacro_model/share/j8_xacro_model//meshes/J8_top.STL
[3.093s] -- Up-to-date symlink: /home/rhobtor/PHD/ARGOJ8_IA/install/j8_xacro_model/share/j8_xacro_model//meshes/Left_bar.STL
[3.093s] -- Up-to-date symlink: /home/rhobtor/PHD/ARGOJ8_IA/install/j8_xacro_model/share/j8_xacro_model//meshes/Left_fixposition_feet.STL
[3.093s] -- Up-to-date symlink: /home/rhobtor/PHD/ARGOJ8_IA/install/j8_xacro_model/share/j8_xacro_model//meshes/Left_fixposition_holder.STL
[3.093s] -- Up-to-date symlink: /home/rhobtor/PHD/ARGOJ8_IA/install/j8_xacro_model/share/j8_xacro_model//meshes/Left_gps.STL
[3.093s] -- Up-to-date symlink: /home/rhobtor/PHD/ARGOJ8_IA/install/j8_xacro_model/share/j8_xacro_model//meshes/Left_gps_holder.STL
[3.094s] -- Up-to-date symlink: /home/rhobtor/PHD/ARGOJ8_IA/install/j8_xacro_model/share/j8_xacro_model//meshes/Right_bar.STL
[3.094s] -- Up-to-date symlink: /home/rhobtor/PHD/ARGOJ8_IA/install/j8_xacro_model/share/j8_xacro_model//meshes/Right_fixposition_feet.STL
[3.094s] -- Up-to-date symlink: /home/rhobtor/PHD/ARGOJ8_IA/install/j8_xacro_model/share/j8_xacro_model//meshes/Right_fixposition_holder.STL
[3.094s] -- Up-to-date symlink: /home/rhobtor/PHD/ARGOJ8_IA/install/j8_xacro_model/share/j8_xacro_model//meshes/Right_gps.STL
[3.094s] -- Up-to-date symlink: /home/rhobtor/PHD/ARGOJ8_IA/install/j8_xacro_model/share/j8_xacro_model//meshes/Right_gps_holder.STL
[3.094s] -- Up-to-date symlink: /home/rhobtor/PHD/ARGOJ8_IA/install/j8_xacro_model/share/j8_xacro_model//meshes/Sick.STL
[3.094s] -- Up-to-date symlink: /home/rhobtor/PHD/ARGOJ8_IA/install/j8_xacro_model/share/j8_xacro_model//meshes/Suspension_1.STL
[3.094s] -- Up-to-date symlink: /home/rhobtor/PHD/ARGOJ8_IA/install/j8_xacro_model/share/j8_xacro_model//meshes/Suspension_2.STL
[3.094s] -- Up-to-date symlink: /home/rhobtor/PHD/ARGOJ8_IA/install/j8_xacro_model/share/j8_xacro_model//meshes/Suspension_3.STL
[3.094s] -- Up-to-date symlink: /home/rhobtor/PHD/ARGOJ8_IA/install/j8_xacro_model/share/j8_xacro_model//meshes/Suspension_4.STL
[3.095s] -- Up-to-date symlink: /home/rhobtor/PHD/ARGOJ8_IA/install/j8_xacro_model/share/j8_xacro_model//meshes/Suspension_5.STL
[3.095s] -- Up-to-date symlink: /home/rhobtor/PHD/ARGOJ8_IA/install/j8_xacro_model/share/j8_xacro_model//meshes/Suspension_6.STL
[3.095s] -- Up-to-date symlink: /home/rhobtor/PHD/ARGOJ8_IA/install/j8_xacro_model/share/j8_xacro_model//meshes/Suspension_7.STL
[3.095s] -- Up-to-date symlink: /home/rhobtor/PHD/ARGOJ8_IA/install/j8_xacro_model/share/j8_xacro_model//meshes/Suspension_8.STL
[3.095s] -- Up-to-date symlink: /home/rhobtor/PHD/ARGOJ8_IA/install/j8_xacro_model/share/j8_xacro_model//meshes/Velodyne.STL
[3.095s] -- Up-to-date symlink: /home/rhobtor/PHD/ARGOJ8_IA/install/j8_xacro_model/share/j8_xacro_model//meshes/Wheel1.STL
[3.095s] -- Up-to-date symlink: /home/rhobtor/PHD/ARGOJ8_IA/install/j8_xacro_model/share/j8_xacro_model//meshes/Wheel2.STL
[3.096s] -- Up-to-date symlink: /home/rhobtor/PHD/ARGOJ8_IA/install/j8_xacro_model/share/j8_xacro_model//meshes/Wheel3.STL
[3.096s] -- Up-to-date symlink: /home/rhobtor/PHD/ARGOJ8_IA/install/j8_xacro_model/share/j8_xacro_model//meshes/Wheel4.STL
[3.096s] -- Up-to-date symlink: /home/rhobtor/PHD/ARGOJ8_IA/install/j8_xacro_model/share/j8_xacro_model//meshes/Wheel5.STL
[3.096s] -- Up-to-date symlink: /home/rhobtor/PHD/ARGOJ8_IA/install/j8_xacro_model/share/j8_xacro_model//meshes/Wheel6.STL
[3.096s] -- Up-to-date symlink: /home/rhobtor/PHD/ARGOJ8_IA/install/j8_xacro_model/share/j8_xacro_model//meshes/Wheel7.STL
[3.096s] -- Up-to-date symlink: /home/rhobtor/PHD/ARGOJ8_IA/install/j8_xacro_model/share/j8_xacro_model//meshes/Wheel8.STL
[3.096s] -- Up-to-date symlink: /home/rhobtor/PHD/ARGOJ8_IA/install/j8_xacro_model/share/j8_xacro_model//meshes/Wheel_1.STL
[3.096s] -- Up-to-date symlink: /home/rhobtor/PHD/ARGOJ8_IA/install/j8_xacro_model/share/j8_xacro_model//meshes/Wheel_2.STL
[3.096s] -- Up-to-date symlink: /home/rhobtor/PHD/ARGOJ8_IA/install/j8_xacro_model/share/j8_xacro_model//meshes/Wheel_3.STL
[3.097s] -- Up-to-date symlink: /home/rhobtor/PHD/ARGOJ8_IA/install/j8_xacro_model/share/j8_xacro_model//meshes/Wheel_4.STL
[3.097s] -- Up-to-date symlink: /home/rhobtor/PHD/ARGOJ8_IA/install/j8_xacro_model/share/j8_xacro_model//meshes/Wheel_5.STL
[3.097s] -- Up-to-date symlink: /home/rhobtor/PHD/ARGOJ8_IA/install/j8_xacro_model/share/j8_xacro_model//meshes/Wheel_6.STL
[3.097s] -- Up-to-date symlink: /home/rhobtor/PHD/ARGOJ8_IA/install/j8_xacro_model/share/j8_xacro_model//meshes/Wheel_7.STL
[3.097s] -- Up-to-date symlink: /home/rhobtor/PHD/ARGOJ8_IA/install/j8_xacro_model/share/j8_xacro_model//meshes/Wheel_8.STL
[3.097s] -- Up-to-date symlink: /home/rhobtor/PHD/ARGOJ8_IA/install/j8_xacro_model/share/j8_xacro_model//meshes/base_link.STL
[3.097s] -- Up-to-date symlink: /home/rhobtor/PHD/ARGOJ8_IA/install/j8_xacro_model/share/ament_index/resource_index/package_run_dependencies/j8_xacro_model
[3.097s] -- Up-to-date symlink: /home/rhobtor/PHD/ARGOJ8_IA/install/j8_xacro_model/share/ament_index/resource_index/parent_prefix_path/j8_xacro_model
[3.097s] -- Up-to-date symlink: /home/rhobtor/PHD/ARGOJ8_IA/install/j8_xacro_model/share/j8_xacro_model/environment/ament_prefix_path.sh
[3.097s] -- Up-to-date symlink: /home/rhobtor/PHD/ARGOJ8_IA/install/j8_xacro_model/share/j8_xacro_model/environment/ament_prefix_path.dsv
[3.098s] -- Up-to-date symlink: /home/rhobtor/PHD/ARGOJ8_IA/install/j8_xacro_model/share/j8_xacro_model/environment/path.sh
[3.098s] -- Up-to-date symlink: /home/rhobtor/PHD/ARGOJ8_IA/install/j8_xacro_model/share/j8_xacro_model/environment/path.dsv
[3.098s] -- Up-to-date symlink: /home/rhobtor/PHD/ARGOJ8_IA/install/j8_xacro_model/share/j8_xacro_model/local_setup.bash
[3.098s] -- Up-to-date symlink: /home/rhobtor/PHD/ARGOJ8_IA/install/j8_xacro_model/share/j8_xacro_model/local_setup.sh
[3.098s] -- Up-to-date symlink: /home/rhobtor/PHD/ARGOJ8_IA/install/j8_xacro_model/share/j8_xacro_model/local_setup.zsh
[3.098s] -- Up-to-date symlink: /home/rhobtor/PHD/ARGOJ8_IA/install/j8_xacro_model/share/j8_xacro_model/local_setup.dsv
[3.099s] -- Symlinking: /home/rhobtor/PHD/ARGOJ8_IA/install/j8_xacro_model/share/j8_xacro_model/package.dsv
[3.103s] -- Up-to-date symlink: /home/rhobtor/PHD/ARGOJ8_IA/install/j8_xacro_model/share/ament_index/resource_index/packages/j8_xacro_model
[3.104s] -- Up-to-date symlink: /home/rhobtor/PHD/ARGOJ8_IA/install/j8_xacro_model/share/j8_xacro_model/cmake/ament_cmake_export_libraries-extras.cmake
[3.104s] -- Up-to-date symlink: /home/rhobtor/PHD/ARGOJ8_IA/install/j8_xacro_model/share/j8_xacro_model/cmake/j8_xacro_modelConfig.cmake
[3.104s] -- Up-to-date symlink: /home/rhobtor/PHD/ARGOJ8_IA/install/j8_xacro_model/share/j8_xacro_model/cmake/j8_xacro_modelConfig-version.cmake
[3.104s] -- Up-to-date symlink: /home/rhobtor/PHD/ARGOJ8_IA/install/j8_xacro_model/share/j8_xacro_model/package.xml
[3.107s] Invoked command in '/home/rhobtor/PHD/ARGOJ8_IA/build/j8_xacro_model' returned '0': CMAKE_PREFIX_PATH=/home/rhobtor/PHD/ARGOJ8_IA/install/argj801_ctl_platform:/home/rhobtor/PHD/ARGOJ8_IA/install/argj801_ctl_platform_interfaces:/home/rhobtor/PHD/ARGOJ8_IA/install/octomap_mapping:/home/rhobtor/PHD/ARGOJ8_IA/install/octomap_server:/home/rhobtor/PHD/ARGOJ8_IA/install/octomap_rviz_plugins:/home/rhobtor/PHD/ARGOJ8_IA/install/j8_xacro_model:/home/rhobtor/PHD/ARGOJ8_IA/install/hector_gazebo_plugins:/home/rhobtor/PHD/ARGOJ8_IA/install/fixposition_sensor_pkg:/home/rhobtor/PHD/ARGOJ8_IA/install/car_cpp:/home/rhobtor/PHD/ARGOJ8_IA/install/car_interfaces:/home/rhobtor/packages/install/grid_map:/home/rhobtor/packages/install/grid_map_demos:/home/rhobtor/packages/install/grid_map_visualization:/home/rhobtor/packages/install/grid_map_sdf:/home/rhobtor/packages/install/grid_map_rviz_plugin:/home/rhobtor/packages/install/grid_map_pcl:/home/rhobtor/packages/install/grid_map_loader:/home/rhobtor/packages/install/grid_map_filters:/home/rhobtor/packages/install/grid_map_ros:/home/rhobtor/packages/install/grid_map_octomap:/home/rhobtor/packages/install/grid_map_msgs:/home/rhobtor/packages/install/grid_map_cv:/home/rhobtor/packages/install/grid_map_costmap_2d:/home/rhobtor/packages/install/grid_map_core:/home/rhobtor/packages/install/grid_map_cmake_helpers:/home/rhobtor/PHD/reactive/Reactive-Navegation/workspace_full_conected/install/octomap_mapping:/home/rhobtor/PHD/reactive/Reactive-Navegation/workspace_full_conected/install/octomap_server:/home/rhobtor/PHD/reactive/Reactive-Navegation/workspace_full_conected/install/octomap_rviz_plugins:/home/rhobtor/PHD/reactive/Reactive-Navegation/workspace_full_conected/install/hector_gazebo_plugins:/home/rhobtor/PHD/reactive/Reactive-Navegation/workspace_full_conected/install/car_cpp:/home/rhobtor/PHD/reactive/Reactive-Navegation/workspace_full_conected/install/car_interfaces:/home/rhobtor/PHD/ARGOJ8_IA/install/car:/home/rhobtor/PHD/reactive/Reactive-Navegation/workspace_full_conected/install/car:/opt/ros/humble LD_LIBRARY_PATH=/home/rhobtor/PHD/ARGOJ8_IA/install/argj801_ctl_platform_interfaces/lib:/home/rhobtor/PHD/ARGOJ8_IA/install/octomap_server/lib:/home/rhobtor/PHD/ARGOJ8_IA/install/octomap_rviz_plugins/lib:/home/rhobtor/PHD/ARGOJ8_IA/install/j8_xacro_model/lib:/home/rhobtor/PHD/ARGOJ8_IA/install/hector_gazebo_plugins/lib:/home/rhobtor/PHD/ARGOJ8_IA/install/fixposition_sensor_pkg/lib:/home/rhobtor/PHD/ARGOJ8_IA/install/car_cpp/lib:/home/rhobtor/PHD/ARGOJ8_IA/install/car_interfaces/lib:/home/rhobtor/packages/install/grid_map_demos/lib:/home/rhobtor/packages/install/grid_map_visualization/lib:/home/rhobtor/packages/install/grid_map_sdf/lib:/home/rhobtor/packages/install/grid_map_rviz_plugin/lib:/home/rhobtor/packages/install/grid_map_pcl/lib:/home/rhobtor/packages/install/grid_map_loader/lib:/home/rhobtor/packages/install/grid_map_filters/lib:/home/rhobtor/packages/install/grid_map_ros/lib:/home/rhobtor/packages/install/grid_map_octomap/lib:/home/rhobtor/packages/install/grid_map_msgs/lib:/home/rhobtor/packages/install/grid_map_cv/lib:/home/rhobtor/packages/install/grid_map_costmap_2d/lib:/home/rhobtor/packages/install/grid_map_core/lib:/home/rhobtor/PHD/reactive/Reactive-Navegation/workspace_full_conected/install/octomap_server/lib:/home/rhobtor/PHD/reactive/Reactive-Navegation/workspace_full_conected/install/octomap_rviz_plugins/lib:/home/rhobtor/PHD/reactive/Reactive-Navegation/workspace_full_conected/install/hector_gazebo_plugins/lib:/home/rhobtor/PHD/reactive/Reactive-Navegation/workspace_full_conected/install/car_cpp/lib:/home/rhobtor/PHD/reactive/Reactive-Navegation/workspace_full_conected/install/car_interfaces/lib:/usr/lib/x86_64-linux-gnu/gazebo-11/plugins:/opt/ros/humble/opt/rviz_ogre_vendor/lib:/opt/ros/humble/lib/x86_64-linux-gnu:/opt/ros/humble/lib /opt/st/stm32cubeclt_1.18.0/CMake/bin/cmake --install /home/rhobtor/PHD/ARGOJ8_IA/build/j8_xacro_model
