[0.043s] Invoking command in '/home/rhobtor/PHD/ARGOJ8_IA/build/car_interfaces': CMAKE_PREFIX_PATH=${CMAKE_PREFIX_PATH}:/home/rhobtor/PHD/ARGOJ8_IA/install/car:/home/rhobtor/PHD/reactive/Reactive-Navegation/workspace_full_conected/install/car:/opt/ros/humble /opt/st/stm32cubeclt_1.18.0/CMake/bin/cmake --build /home/rhobtor/PHD/ARGOJ8_IA/build/car_interfaces -- -j16 -l16
[0.152s] [  9%] Built target car_interfaces__rosidl_generator_c
[0.180s] [  9%] Built target ament_cmake_python_symlink_car_interfaces
[0.183s] [ 19%] Built target car_interfaces__rosidl_typesupport_introspection_c
[0.194s] [ 29%] Built target car_interfaces__rosidl_typesupport_fastrtps_c
[0.196s] [ 38%] Built target car_interfaces__rosidl_typesupport_c
[0.196s] [ 41%] Built target car_interfaces__cpp
[0.204s] [ 51%] Built target car_interfaces__rosidl_typesupport_introspection_cpp
[0.205s] [ 61%] Built target car_interfaces__rosidl_typesupport_fastrtps_cpp
[0.216s] [ 70%] Built target car_interfaces__rosidl_typesupport_cpp
[0.230s] [ 70%] Built target car_interfaces
[0.246s] [ 74%] Built target car_interfaces__py
[0.273s] [ 80%] Built target car_interfaces__rosidl_generator_py
[0.295s] [ 87%] Built target car_interfaces__rosidl_typesupport_fastrtps_c__pyext
[0.296s] [100%] Built target car_interfaces__rosidl_typesupport_c__pyext
[0.296s] [100%] Built target car_interfaces__rosidl_typesupport_introspection_c__pyext
[0.458s] running egg_info
[0.459s] writing car_interfaces.egg-info/PKG-INFO
[0.460s] writing dependency_links to car_interfaces.egg-info/dependency_links.txt
[0.461s] writing top-level names to car_interfaces.egg-info/top_level.txt
[0.462s] reading manifest file 'car_interfaces.egg-info/SOURCES.txt'
[0.462s] writing manifest file 'car_interfaces.egg-info/SOURCES.txt'
[0.493s] [100%] Built target ament_cmake_python_build_car_interfaces_egg
[0.504s] Invoked command in '/home/rhobtor/PHD/ARGOJ8_IA/build/car_interfaces' returned '0': CMAKE_PREFIX_PATH=${CMAKE_PREFIX_PATH}:/home/rhobtor/PHD/ARGOJ8_IA/install/car:/home/rhobtor/PHD/reactive/Reactive-Navegation/workspace_full_conected/install/car:/opt/ros/humble /opt/st/stm32cubeclt_1.18.0/CMake/bin/cmake --build /home/rhobtor/PHD/ARGOJ8_IA/build/car_interfaces -- -j16 -l16
[0.508s] Invoking command in '/home/rhobtor/PHD/ARGOJ8_IA/build/car_interfaces': CMAKE_PREFIX_PATH=${CMAKE_PREFIX_PATH}:/home/rhobtor/PHD/ARGOJ8_IA/install/car:/home/rhobtor/PHD/reactive/Reactive-Navegation/workspace_full_conected/install/car:/opt/ros/humble /opt/st/stm32cubeclt_1.18.0/CMake/bin/cmake --install /home/rhobtor/PHD/ARGOJ8_IA/build/car_interfaces
[0.512s] -- Install configuration: ""
[0.513s] -- Execute custom install script
[0.514s] -- Up-to-date symlink: /home/rhobtor/PHD/ARGOJ8_IA/install/car_interfaces/share/ament_index/resource_index/rosidl_interfaces/car_interfaces
[0.514s] -- Up-to-date symlink: /home/rhobtor/PHD/ARGOJ8_IA/install/car_interfaces/include/car_interfaces/car_interfaces/msg/detail/graph__functions.h
[0.515s] -- Up-to-date symlink: /home/rhobtor/PHD/ARGOJ8_IA/install/car_interfaces/include/car_interfaces/car_interfaces/msg/detail/graph__struct.h
[0.516s] -- Up-to-date symlink: /home/rhobtor/PHD/ARGOJ8_IA/install/car_interfaces/include/car_interfaces/car_interfaces/msg/detail/graph__type_support.h
[0.517s] -- Up-to-date symlink: /home/rhobtor/PHD/ARGOJ8_IA/install/car_interfaces/include/car_interfaces/car_interfaces/msg/graph.h
[0.517s] -- Up-to-date symlink: /home/rhobtor/PHD/ARGOJ8_IA/install/car_interfaces/include/car_interfaces/car_interfaces/msg/rosidl_generator_c__visibility_control.h
[0.518s] -- Up-to-date symlink: /home/rhobtor/PHD/ARGOJ8_IA/install/car_interfaces/share/car_interfaces/environment/library_path.sh
[0.518s] -- Up-to-date symlink: /home/rhobtor/PHD/ARGOJ8_IA/install/car_interfaces/share/car_interfaces/environment/library_path.dsv
[0.519s] -- Up-to-date symlink: /home/rhobtor/PHD/ARGOJ8_IA/install/car_interfaces/include/car_interfaces/car_interfaces/msg/detail/graph__rosidl_typesupport_fastrtps_c.h
[0.519s] -- Up-to-date symlink: /home/rhobtor/PHD/ARGOJ8_IA/install/car_interfaces/include/car_interfaces/car_interfaces/msg/rosidl_typesupport_fastrtps_c__visibility_control.h
[0.520s] -- Up-to-date symlink: /home/rhobtor/PHD/ARGOJ8_IA/install/car_interfaces/include/car_interfaces/car_interfaces/msg/detail/graph__builder.hpp
[0.520s] -- Up-to-date symlink: /home/rhobtor/PHD/ARGOJ8_IA/install/car_interfaces/include/car_interfaces/car_interfaces/msg/detail/graph__struct.hpp
[0.521s] -- Up-to-date symlink: /home/rhobtor/PHD/ARGOJ8_IA/install/car_interfaces/include/car_interfaces/car_interfaces/msg/detail/graph__traits.hpp
[0.522s] -- Up-to-date symlink: /home/rhobtor/PHD/ARGOJ8_IA/install/car_interfaces/include/car_interfaces/car_interfaces/msg/detail/graph__type_support.hpp
[0.522s] -- Up-to-date symlink: /home/rhobtor/PHD/ARGOJ8_IA/install/car_interfaces/include/car_interfaces/car_interfaces/msg/graph.hpp
[0.523s] -- Up-to-date symlink: /home/rhobtor/PHD/ARGOJ8_IA/install/car_interfaces/include/car_interfaces/car_interfaces/msg/rosidl_generator_cpp__visibility_control.hpp
[0.523s] -- Up-to-date symlink: /home/rhobtor/PHD/ARGOJ8_IA/install/car_interfaces/include/car_interfaces/car_interfaces/msg/detail/graph__rosidl_typesupport_fastrtps_cpp.hpp
[0.524s] -- Up-to-date symlink: /home/rhobtor/PHD/ARGOJ8_IA/install/car_interfaces/include/car_interfaces/car_interfaces/msg/rosidl_typesupport_fastrtps_cpp__visibility_control.h
[0.525s] -- Up-to-date symlink: /home/rhobtor/PHD/ARGOJ8_IA/install/car_interfaces/include/car_interfaces/car_interfaces/msg/detail/graph__rosidl_typesupport_introspection_c.h
[0.526s] -- Up-to-date symlink: /home/rhobtor/PHD/ARGOJ8_IA/install/car_interfaces/include/car_interfaces/car_interfaces/msg/rosidl_typesupport_introspection_c__visibility_control.h
[0.526s] -- Up-to-date symlink: /home/rhobtor/PHD/ARGOJ8_IA/install/car_interfaces/include/car_interfaces/car_interfaces/msg/detail/graph__rosidl_typesupport_introspection_cpp.hpp
[0.527s] -- Up-to-date symlink: /home/rhobtor/PHD/ARGOJ8_IA/install/car_interfaces/share/car_interfaces/environment/pythonpath.sh
[0.528s] -- Up-to-date symlink: /home/rhobtor/PHD/ARGOJ8_IA/install/car_interfaces/share/car_interfaces/environment/pythonpath.dsv
[0.528s] -- Up-to-date symlink: /home/rhobtor/PHD/ARGOJ8_IA/install/car_interfaces/local/lib/python3.10/dist-packages/car_interfaces-0.0.0-py3.10.egg-info/PKG-INFO
[0.529s] -- Up-to-date symlink: /home/rhobtor/PHD/ARGOJ8_IA/install/car_interfaces/local/lib/python3.10/dist-packages/car_interfaces-0.0.0-py3.10.egg-info/SOURCES.txt
[0.529s] -- Up-to-date symlink: /home/rhobtor/PHD/ARGOJ8_IA/install/car_interfaces/local/lib/python3.10/dist-packages/car_interfaces-0.0.0-py3.10.egg-info/dependency_links.txt
[0.530s] -- Up-to-date symlink: /home/rhobtor/PHD/ARGOJ8_IA/install/car_interfaces/local/lib/python3.10/dist-packages/car_interfaces-0.0.0-py3.10.egg-info/top_level.txt
[0.531s] -- Up-to-date symlink: /home/rhobtor/PHD/ARGOJ8_IA/install/car_interfaces/local/lib/python3.10/dist-packages/car_interfaces/__init__.py
[0.531s] -- Up-to-date symlink: /home/rhobtor/PHD/ARGOJ8_IA/install/car_interfaces/local/lib/python3.10/dist-packages/car_interfaces/_car_interfaces_s.ep.rosidl_typesupport_c.c
[0.532s] -- Up-to-date symlink: /home/rhobtor/PHD/ARGOJ8_IA/install/car_interfaces/local/lib/python3.10/dist-packages/car_interfaces/_car_interfaces_s.ep.rosidl_typesupport_fastrtps_c.c
[0.533s] -- Up-to-date symlink: /home/rhobtor/PHD/ARGOJ8_IA/install/car_interfaces/local/lib/python3.10/dist-packages/car_interfaces/_car_interfaces_s.ep.rosidl_typesupport_introspection_c.c
[0.533s] -- Up-to-date symlink: /home/rhobtor/PHD/ARGOJ8_IA/install/car_interfaces/local/lib/python3.10/dist-packages/car_interfaces/car_interfaces_s__rosidl_typesupport_c.cpython-310-x86_64-linux-gnu.so
[0.534s] -- Up-to-date symlink: /home/rhobtor/PHD/ARGOJ8_IA/install/car_interfaces/local/lib/python3.10/dist-packages/car_interfaces/car_interfaces_s__rosidl_typesupport_fastrtps_c.cpython-310-x86_64-linux-gnu.so
[0.534s] -- Up-to-date symlink: /home/rhobtor/PHD/ARGOJ8_IA/install/car_interfaces/local/lib/python3.10/dist-packages/car_interfaces/car_interfaces_s__rosidl_typesupport_introspection_c.cpython-310-x86_64-linux-gnu.so
[0.535s] -- Up-to-date symlink: /home/rhobtor/PHD/ARGOJ8_IA/install/car_interfaces/local/lib/python3.10/dist-packages/car_interfaces/libcar_interfaces__rosidl_generator_py.so
[0.536s] -- Up-to-date symlink: /home/rhobtor/PHD/ARGOJ8_IA/install/car_interfaces/local/lib/python3.10/dist-packages/car_interfaces/msg/__init__.py
[0.536s] -- Up-to-date symlink: /home/rhobtor/PHD/ARGOJ8_IA/install/car_interfaces/local/lib/python3.10/dist-packages/car_interfaces/msg/_graph.py
[0.537s] -- Up-to-date symlink: /home/rhobtor/PHD/ARGOJ8_IA/install/car_interfaces/local/lib/python3.10/dist-packages/car_interfaces/msg/_graph_s.c
[0.538s] -- Up-to-date symlink: /home/rhobtor/PHD/ARGOJ8_IA/install/car_interfaces/local/lib/python3.10/dist-packages/car_interfaces/car_interfaces_s__rosidl_typesupport_fastrtps_c.cpython-310-x86_64-linux-gnu.so
[0.538s] -- Up-to-date symlink: /home/rhobtor/PHD/ARGOJ8_IA/install/car_interfaces/local/lib/python3.10/dist-packages/car_interfaces/car_interfaces_s__rosidl_typesupport_introspection_c.cpython-310-x86_64-linux-gnu.so
[0.539s] -- Up-to-date symlink: /home/rhobtor/PHD/ARGOJ8_IA/install/car_interfaces/local/lib/python3.10/dist-packages/car_interfaces/car_interfaces_s__rosidl_typesupport_c.cpython-310-x86_64-linux-gnu.so
[0.539s] -- Up-to-date symlink: /home/rhobtor/PHD/ARGOJ8_IA/install/car_interfaces/share/car_interfaces/msg/Graph.idl
[0.540s] -- Up-to-date symlink: /home/rhobtor/PHD/ARGOJ8_IA/install/car_interfaces/share/car_interfaces/msg/Graph.msg
[0.540s] -- Up-to-date symlink: /home/rhobtor/PHD/ARGOJ8_IA/install/car_interfaces/share/ament_index/resource_index/package_run_dependencies/car_interfaces
[0.541s] -- Up-to-date symlink: /home/rhobtor/PHD/ARGOJ8_IA/install/car_interfaces/share/ament_index/resource_index/parent_prefix_path/car_interfaces
[0.542s] -- Up-to-date symlink: /home/rhobtor/PHD/ARGOJ8_IA/install/car_interfaces/share/car_interfaces/environment/ament_prefix_path.sh
[0.542s] -- Up-to-date symlink: /home/rhobtor/PHD/ARGOJ8_IA/install/car_interfaces/share/car_interfaces/environment/ament_prefix_path.dsv
[0.543s] -- Up-to-date symlink: /home/rhobtor/PHD/ARGOJ8_IA/install/car_interfaces/share/car_interfaces/environment/path.sh
[0.543s] -- Up-to-date symlink: /home/rhobtor/PHD/ARGOJ8_IA/install/car_interfaces/share/car_interfaces/environment/path.dsv
[0.544s] -- Up-to-date symlink: /home/rhobtor/PHD/ARGOJ8_IA/install/car_interfaces/share/car_interfaces/local_setup.bash
[0.545s] -- Up-to-date symlink: /home/rhobtor/PHD/ARGOJ8_IA/install/car_interfaces/share/car_interfaces/local_setup.sh
[0.545s] -- Up-to-date symlink: /home/rhobtor/PHD/ARGOJ8_IA/install/car_interfaces/share/car_interfaces/local_setup.zsh
[0.546s] -- Up-to-date symlink: /home/rhobtor/PHD/ARGOJ8_IA/install/car_interfaces/share/car_interfaces/local_setup.dsv
[0.546s] -- Symlinking: /home/rhobtor/PHD/ARGOJ8_IA/install/car_interfaces/share/car_interfaces/package.dsv
[0.546s] -- Up-to-date symlink: /home/rhobtor/PHD/ARGOJ8_IA/install/car_interfaces/share/ament_index/resource_index/packages/car_interfaces
[0.548s] -- Up-to-date symlink: /home/rhobtor/PHD/ARGOJ8_IA/install/car_interfaces/share/car_interfaces/cmake/rosidl_cmake-extras.cmake
[0.549s] -- Up-to-date symlink: /home/rhobtor/PHD/ARGOJ8_IA/install/car_interfaces/share/car_interfaces/cmake/ament_cmake_export_dependencies-extras.cmake
[0.550s] -- Up-to-date symlink: /home/rhobtor/PHD/ARGOJ8_IA/install/car_interfaces/share/car_interfaces/cmake/ament_cmake_export_include_directories-extras.cmake
[0.551s] -- Up-to-date symlink: /home/rhobtor/PHD/ARGOJ8_IA/install/car_interfaces/share/car_interfaces/cmake/ament_cmake_export_libraries-extras.cmake
[0.551s] -- Up-to-date symlink: /home/rhobtor/PHD/ARGOJ8_IA/install/car_interfaces/share/car_interfaces/cmake/ament_cmake_export_targets-extras.cmake
[0.551s] -- Up-to-date symlink: /home/rhobtor/PHD/ARGOJ8_IA/install/car_interfaces/share/car_interfaces/cmake/rosidl_cmake_export_typesupport_targets-extras.cmake
[0.552s] -- Up-to-date symlink: /home/rhobtor/PHD/ARGOJ8_IA/install/car_interfaces/share/car_interfaces/cmake/rosidl_cmake_export_typesupport_libraries-extras.cmake
[0.555s] -- Up-to-date symlink: /home/rhobtor/PHD/ARGOJ8_IA/install/car_interfaces/share/car_interfaces/cmake/car_interfacesConfig.cmake
[0.555s] -- Up-to-date symlink: /home/rhobtor/PHD/ARGOJ8_IA/install/car_interfaces/share/car_interfaces/cmake/car_interfacesConfig-version.cmake
[0.555s] -- Up-to-date symlink: /home/rhobtor/PHD/ARGOJ8_IA/install/car_interfaces/share/car_interfaces/package.xml
[0.555s] -- Up-to-date: /home/rhobtor/PHD/ARGOJ8_IA/install/car_interfaces/lib/libcar_interfaces__rosidl_generator_c.so
[0.555s] -- Up-to-date: /home/rhobtor/PHD/ARGOJ8_IA/install/car_interfaces/lib/libcar_interfaces__rosidl_typesupport_fastrtps_c.so
[0.555s] -- Up-to-date: /home/rhobtor/PHD/ARGOJ8_IA/install/car_interfaces/lib/libcar_interfaces__rosidl_typesupport_fastrtps_cpp.so
[0.555s] -- Up-to-date: /home/rhobtor/PHD/ARGOJ8_IA/install/car_interfaces/lib/libcar_interfaces__rosidl_typesupport_introspection_c.so
[0.555s] -- Up-to-date: /home/rhobtor/PHD/ARGOJ8_IA/install/car_interfaces/lib/libcar_interfaces__rosidl_typesupport_c.so
[0.555s] -- Up-to-date: /home/rhobtor/PHD/ARGOJ8_IA/install/car_interfaces/lib/libcar_interfaces__rosidl_typesupport_introspection_cpp.so
[0.555s] -- Up-to-date: /home/rhobtor/PHD/ARGOJ8_IA/install/car_interfaces/lib/libcar_interfaces__rosidl_typesupport_cpp.so
[0.576s] Listing '/home/rhobtor/PHD/ARGOJ8_IA/install/car_interfaces/local/lib/python3.10/dist-packages/car_interfaces'...
[0.577s] Listing '/home/rhobtor/PHD/ARGOJ8_IA/install/car_interfaces/local/lib/python3.10/dist-packages/car_interfaces/msg'...
[0.581s] -- Up-to-date: /home/rhobtor/PHD/ARGOJ8_IA/install/car_interfaces/lib/libcar_interfaces__rosidl_generator_py.so
[0.583s] -- Up-to-date: /home/rhobtor/PHD/ARGOJ8_IA/install/car_interfaces/share/car_interfaces/cmake/export_car_interfaces__rosidl_generator_cExport.cmake
[0.583s] -- Up-to-date: /home/rhobtor/PHD/ARGOJ8_IA/install/car_interfaces/share/car_interfaces/cmake/export_car_interfaces__rosidl_generator_cExport-noconfig.cmake
[0.584s] -- Up-to-date: /home/rhobtor/PHD/ARGOJ8_IA/install/car_interfaces/share/car_interfaces/cmake/export_car_interfaces__rosidl_typesupport_fastrtps_cExport.cmake
[0.584s] -- Up-to-date: /home/rhobtor/PHD/ARGOJ8_IA/install/car_interfaces/share/car_interfaces/cmake/export_car_interfaces__rosidl_typesupport_fastrtps_cExport-noconfig.cmake
[0.584s] -- Up-to-date: /home/rhobtor/PHD/ARGOJ8_IA/install/car_interfaces/share/car_interfaces/cmake/export_car_interfaces__rosidl_generator_cppExport.cmake
[0.584s] -- Up-to-date: /home/rhobtor/PHD/ARGOJ8_IA/install/car_interfaces/share/car_interfaces/cmake/export_car_interfaces__rosidl_typesupport_fastrtps_cppExport.cmake
[0.584s] -- Up-to-date: /home/rhobtor/PHD/ARGOJ8_IA/install/car_interfaces/share/car_interfaces/cmake/export_car_interfaces__rosidl_typesupport_fastrtps_cppExport-noconfig.cmake
[0.584s] -- Up-to-date: /home/rhobtor/PHD/ARGOJ8_IA/install/car_interfaces/share/car_interfaces/cmake/car_interfaces__rosidl_typesupport_introspection_cExport.cmake
[0.584s] -- Up-to-date: /home/rhobtor/PHD/ARGOJ8_IA/install/car_interfaces/share/car_interfaces/cmake/car_interfaces__rosidl_typesupport_introspection_cExport-noconfig.cmake
[0.584s] -- Up-to-date: /home/rhobtor/PHD/ARGOJ8_IA/install/car_interfaces/share/car_interfaces/cmake/car_interfaces__rosidl_typesupport_cExport.cmake
[0.584s] -- Up-to-date: /home/rhobtor/PHD/ARGOJ8_IA/install/car_interfaces/share/car_interfaces/cmake/car_interfaces__rosidl_typesupport_cExport-noconfig.cmake
[0.584s] -- Up-to-date: /home/rhobtor/PHD/ARGOJ8_IA/install/car_interfaces/share/car_interfaces/cmake/car_interfaces__rosidl_typesupport_introspection_cppExport.cmake
[0.584s] -- Up-to-date: /home/rhobtor/PHD/ARGOJ8_IA/install/car_interfaces/share/car_interfaces/cmake/car_interfaces__rosidl_typesupport_introspection_cppExport-noconfig.cmake
[0.584s] -- Up-to-date: /home/rhobtor/PHD/ARGOJ8_IA/install/car_interfaces/share/car_interfaces/cmake/car_interfaces__rosidl_typesupport_cppExport.cmake
[0.585s] -- Up-to-date: /home/rhobtor/PHD/ARGOJ8_IA/install/car_interfaces/share/car_interfaces/cmake/car_interfaces__rosidl_typesupport_cppExport-noconfig.cmake
[0.585s] -- Up-to-date: /home/rhobtor/PHD/ARGOJ8_IA/install/car_interfaces/share/car_interfaces/cmake/export_car_interfaces__rosidl_generator_pyExport.cmake
[0.585s] -- Up-to-date: /home/rhobtor/PHD/ARGOJ8_IA/install/car_interfaces/share/car_interfaces/cmake/export_car_interfaces__rosidl_generator_pyExport-noconfig.cmake
[0.608s] Invoked command in '/home/rhobtor/PHD/ARGOJ8_IA/build/car_interfaces' returned '0': CMAKE_PREFIX_PATH=${CMAKE_PREFIX_PATH}:/home/rhobtor/PHD/ARGOJ8_IA/install/car:/home/rhobtor/PHD/reactive/Reactive-Navegation/workspace_full_conected/install/car:/opt/ros/humble /opt/st/stm32cubeclt_1.18.0/CMake/bin/cmake --install /home/rhobtor/PHD/ARGOJ8_IA/build/car_interfaces
