[0.093s] Invoking command in '/home/rhobtor/PHD/ARGOJ8_IA/build/hector_gazebo_plugins': CMAKE_PREFIX_PATH=${CMAKE_PREFIX_PATH}:/home/rhobtor/PHD/ARGOJ8_IA/install/car:/home/rhobtor/PHD/reactive/Reactive-Navegation/workspace_full_conected/install/car:/opt/ros/humble /opt/st/stm32cubeclt_1.18.0/CMake/bin/cmake --build /home/rhobtor/PHD/ARGOJ8_IA/build/hector_gazebo_plugins -- -j16 -l16
[0.260s] [  2%] Built target hector_gazebo_plugins__cpp
[0.264s] [ 10%] Built target hector_gazebo_plugins__rosidl_generator_c
[0.306s] [ 10%] Built target ament_cmake_python_symlink_hector_gazebo_plugins
[0.398s] [ 14%] Built target hector_gazebo_reset_plugin
[0.409s] [ 18%] Built target hector_gazebo_ros_magnetic
[0.412s] [ 22%] Built target hector_gazebo_ros_sonar
[0.419s] [ 30%] Built target hector_gazebo_plugins__rosidl_typesupport_c
[0.432s] [ 38%] Built target hector_gazebo_plugins__rosidl_typesupport_fastrtps_cpp
[0.434s] [ 46%] Built target hector_gazebo_plugins__rosidl_typesupport_introspection_c
[0.441s] [ 55%] Built target hector_gazebo_plugins__rosidl_typesupport_cpp
[0.441s] [ 63%] Built target hector_gazebo_plugins__rosidl_typesupport_introspection_cpp
[0.454s] [ 71%] Built target hector_gazebo_plugins__rosidl_typesupport_fastrtps_c
[0.547s] [ 71%] Built target hector_gazebo_plugins
[0.595s] [ 73%] Built target hector_gazebo_plugins__py
[0.616s] [ 77%] Built target hector_gazebo_ros_gps
[0.635s] [ 81%] Built target hector_gazebo_ros_imu
[0.659s] [ 87%] Built target hector_gazebo_plugins__rosidl_generator_py
[0.719s] [ 91%] Built target hector_gazebo_plugins__rosidl_typesupport_introspection_c__pyext
[0.740s] [ 95%] Built target hector_gazebo_plugins__rosidl_typesupport_fastrtps_c__pyext
[0.748s] [100%] Built target hector_gazebo_plugins__rosidl_typesupport_c__pyext
[1.498s] running egg_info
[1.501s] writing hector_gazebo_plugins.egg-info/PKG-INFO
[1.503s] writing dependency_links to hector_gazebo_plugins.egg-info/dependency_links.txt
[1.504s] writing top-level names to hector_gazebo_plugins.egg-info/top_level.txt
[1.520s] reading manifest file 'hector_gazebo_plugins.egg-info/SOURCES.txt'
[1.527s] writing manifest file 'hector_gazebo_plugins.egg-info/SOURCES.txt'
[1.626s] [100%] Built target ament_cmake_python_build_hector_gazebo_plugins_egg
[1.667s] Invoked command in '/home/rhobtor/PHD/ARGOJ8_IA/build/hector_gazebo_plugins' returned '0': CMAKE_PREFIX_PATH=${CMAKE_PREFIX_PATH}:/home/rhobtor/PHD/ARGOJ8_IA/install/car:/home/rhobtor/PHD/reactive/Reactive-Navegation/workspace_full_conected/install/car:/opt/ros/humble /opt/st/stm32cubeclt_1.18.0/CMake/bin/cmake --build /home/rhobtor/PHD/ARGOJ8_IA/build/hector_gazebo_plugins -- -j16 -l16
[1.673s] Invoking command in '/home/rhobtor/PHD/ARGOJ8_IA/build/hector_gazebo_plugins': CMAKE_PREFIX_PATH=${CMAKE_PREFIX_PATH}:/home/rhobtor/PHD/ARGOJ8_IA/install/car:/home/rhobtor/PHD/reactive/Reactive-Navegation/workspace_full_conected/install/car:/opt/ros/humble /opt/st/stm32cubeclt_1.18.0/CMake/bin/cmake --install /home/rhobtor/PHD/ARGOJ8_IA/build/hector_gazebo_plugins
[1.687s] -- Install configuration: ""
[1.688s] -- Execute custom install script
[1.689s] -- Up-to-date symlink: /home/rhobtor/PHD/ARGOJ8_IA/install/hector_gazebo_plugins/share/ament_index/resource_index/rosidl_interfaces/hector_gazebo_plugins
[1.689s] -- Up-to-date symlink: /home/rhobtor/PHD/ARGOJ8_IA/install/hector_gazebo_plugins/include/hector_gazebo_plugins/hector_gazebo_plugins/msg/rosidl_generator_c__visibility_control.h
[1.689s] -- Up-to-date symlink: /home/rhobtor/PHD/ARGOJ8_IA/install/hector_gazebo_plugins/include/hector_gazebo_plugins/hector_gazebo_plugins/srv/detail/set_bias__functions.h
[1.689s] -- Up-to-date symlink: /home/rhobtor/PHD/ARGOJ8_IA/install/hector_gazebo_plugins/include/hector_gazebo_plugins/hector_gazebo_plugins/srv/detail/set_bias__struct.h
[1.689s] -- Up-to-date symlink: /home/rhobtor/PHD/ARGOJ8_IA/install/hector_gazebo_plugins/include/hector_gazebo_plugins/hector_gazebo_plugins/srv/detail/set_bias__type_support.h
[1.690s] -- Up-to-date symlink: /home/rhobtor/PHD/ARGOJ8_IA/install/hector_gazebo_plugins/include/hector_gazebo_plugins/hector_gazebo_plugins/srv/detail/set_reference_geo_pose__functions.h
[1.690s] -- Up-to-date symlink: /home/rhobtor/PHD/ARGOJ8_IA/install/hector_gazebo_plugins/include/hector_gazebo_plugins/hector_gazebo_plugins/srv/detail/set_reference_geo_pose__struct.h
[1.690s] -- Up-to-date symlink: /home/rhobtor/PHD/ARGOJ8_IA/install/hector_gazebo_plugins/include/hector_gazebo_plugins/hector_gazebo_plugins/srv/detail/set_reference_geo_pose__type_support.h
[1.691s] -- Up-to-date symlink: /home/rhobtor/PHD/ARGOJ8_IA/install/hector_gazebo_plugins/include/hector_gazebo_plugins/hector_gazebo_plugins/srv/set_bias.h
[1.691s] -- Up-to-date symlink: /home/rhobtor/PHD/ARGOJ8_IA/install/hector_gazebo_plugins/include/hector_gazebo_plugins/hector_gazebo_plugins/srv/set_reference_geo_pose.h
[1.691s] -- Up-to-date symlink: /home/rhobtor/PHD/ARGOJ8_IA/install/hector_gazebo_plugins/share/hector_gazebo_plugins/environment/library_path.sh
[1.691s] -- Up-to-date symlink: /home/rhobtor/PHD/ARGOJ8_IA/install/hector_gazebo_plugins/share/hector_gazebo_plugins/environment/library_path.dsv
[1.691s] -- Up-to-date symlink: /home/rhobtor/PHD/ARGOJ8_IA/install/hector_gazebo_plugins/include/hector_gazebo_plugins/hector_gazebo_plugins/msg/rosidl_typesupport_fastrtps_c__visibility_control.h
[1.692s] -- Up-to-date symlink: /home/rhobtor/PHD/ARGOJ8_IA/install/hector_gazebo_plugins/include/hector_gazebo_plugins/hector_gazebo_plugins/srv/detail/set_bias__rosidl_typesupport_fastrtps_c.h
[1.692s] -- Up-to-date symlink: /home/rhobtor/PHD/ARGOJ8_IA/install/hector_gazebo_plugins/include/hector_gazebo_plugins/hector_gazebo_plugins/srv/detail/set_reference_geo_pose__rosidl_typesupport_fastrtps_c.h
[1.692s] -- Up-to-date symlink: /home/rhobtor/PHD/ARGOJ8_IA/install/hector_gazebo_plugins/include/hector_gazebo_plugins/hector_gazebo_plugins/msg/rosidl_generator_cpp__visibility_control.hpp
[1.693s] -- Up-to-date symlink: /home/rhobtor/PHD/ARGOJ8_IA/install/hector_gazebo_plugins/include/hector_gazebo_plugins/hector_gazebo_plugins/srv/detail/set_bias__builder.hpp
[1.693s] -- Up-to-date symlink: /home/rhobtor/PHD/ARGOJ8_IA/install/hector_gazebo_plugins/include/hector_gazebo_plugins/hector_gazebo_plugins/srv/detail/set_bias__struct.hpp
[1.693s] -- Up-to-date symlink: /home/rhobtor/PHD/ARGOJ8_IA/install/hector_gazebo_plugins/include/hector_gazebo_plugins/hector_gazebo_plugins/srv/detail/set_bias__traits.hpp
[1.693s] -- Up-to-date symlink: /home/rhobtor/PHD/ARGOJ8_IA/install/hector_gazebo_plugins/include/hector_gazebo_plugins/hector_gazebo_plugins/srv/detail/set_bias__type_support.hpp
[1.693s] -- Up-to-date symlink: /home/rhobtor/PHD/ARGOJ8_IA/install/hector_gazebo_plugins/include/hector_gazebo_plugins/hector_gazebo_plugins/srv/detail/set_reference_geo_pose__builder.hpp
[1.694s] -- Up-to-date symlink: /home/rhobtor/PHD/ARGOJ8_IA/install/hector_gazebo_plugins/include/hector_gazebo_plugins/hector_gazebo_plugins/srv/detail/set_reference_geo_pose__struct.hpp
[1.694s] -- Up-to-date symlink: /home/rhobtor/PHD/ARGOJ8_IA/install/hector_gazebo_plugins/include/hector_gazebo_plugins/hector_gazebo_plugins/srv/detail/set_reference_geo_pose__traits.hpp
[1.694s] -- Up-to-date symlink: /home/rhobtor/PHD/ARGOJ8_IA/install/hector_gazebo_plugins/include/hector_gazebo_plugins/hector_gazebo_plugins/srv/detail/set_reference_geo_pose__type_support.hpp
[1.694s] -- Up-to-date symlink: /home/rhobtor/PHD/ARGOJ8_IA/install/hector_gazebo_plugins/include/hector_gazebo_plugins/hector_gazebo_plugins/srv/set_bias.hpp
[1.695s] -- Up-to-date symlink: /home/rhobtor/PHD/ARGOJ8_IA/install/hector_gazebo_plugins/include/hector_gazebo_plugins/hector_gazebo_plugins/srv/set_reference_geo_pose.hpp
[1.695s] -- Up-to-date symlink: /home/rhobtor/PHD/ARGOJ8_IA/install/hector_gazebo_plugins/include/hector_gazebo_plugins/hector_gazebo_plugins/msg/rosidl_typesupport_fastrtps_cpp__visibility_control.h
[1.695s] -- Up-to-date symlink: /home/rhobtor/PHD/ARGOJ8_IA/install/hector_gazebo_plugins/include/hector_gazebo_plugins/hector_gazebo_plugins/srv/detail/set_bias__rosidl_typesupport_fastrtps_cpp.hpp
[1.696s] -- Up-to-date symlink: /home/rhobtor/PHD/ARGOJ8_IA/install/hector_gazebo_plugins/include/hector_gazebo_plugins/hector_gazebo_plugins/srv/detail/set_reference_geo_pose__rosidl_typesupport_fastrtps_cpp.hpp
[1.696s] -- Up-to-date symlink: /home/rhobtor/PHD/ARGOJ8_IA/install/hector_gazebo_plugins/include/hector_gazebo_plugins/hector_gazebo_plugins/msg/rosidl_typesupport_introspection_c__visibility_control.h
[1.696s] -- Up-to-date symlink: /home/rhobtor/PHD/ARGOJ8_IA/install/hector_gazebo_plugins/include/hector_gazebo_plugins/hector_gazebo_plugins/srv/detail/set_bias__rosidl_typesupport_introspection_c.h
[1.696s] -- Up-to-date symlink: /home/rhobtor/PHD/ARGOJ8_IA/install/hector_gazebo_plugins/include/hector_gazebo_plugins/hector_gazebo_plugins/srv/detail/set_reference_geo_pose__rosidl_typesupport_introspection_c.h
[1.697s] -- Up-to-date symlink: /home/rhobtor/PHD/ARGOJ8_IA/install/hector_gazebo_plugins/include/hector_gazebo_plugins/hector_gazebo_plugins/srv/detail/set_bias__rosidl_typesupport_introspection_cpp.hpp
[1.697s] -- Up-to-date symlink: /home/rhobtor/PHD/ARGOJ8_IA/install/hector_gazebo_plugins/include/hector_gazebo_plugins/hector_gazebo_plugins/srv/detail/set_reference_geo_pose__rosidl_typesupport_introspection_cpp.hpp
[1.697s] -- Up-to-date symlink: /home/rhobtor/PHD/ARGOJ8_IA/install/hector_gazebo_plugins/share/hector_gazebo_plugins/environment/pythonpath.sh
[1.698s] -- Up-to-date symlink: /home/rhobtor/PHD/ARGOJ8_IA/install/hector_gazebo_plugins/share/hector_gazebo_plugins/environment/pythonpath.dsv
[1.698s] -- Up-to-date symlink: /home/rhobtor/PHD/ARGOJ8_IA/install/hector_gazebo_plugins/local/lib/python3.10/dist-packages/hector_gazebo_plugins-0.5.4-py3.10.egg-info/PKG-INFO
[1.698s] -- Up-to-date symlink: /home/rhobtor/PHD/ARGOJ8_IA/install/hector_gazebo_plugins/local/lib/python3.10/dist-packages/hector_gazebo_plugins-0.5.4-py3.10.egg-info/SOURCES.txt
[1.699s] -- Up-to-date symlink: /home/rhobtor/PHD/ARGOJ8_IA/install/hector_gazebo_plugins/local/lib/python3.10/dist-packages/hector_gazebo_plugins-0.5.4-py3.10.egg-info/dependency_links.txt
[1.699s] -- Up-to-date symlink: /home/rhobtor/PHD/ARGOJ8_IA/install/hector_gazebo_plugins/local/lib/python3.10/dist-packages/hector_gazebo_plugins-0.5.4-py3.10.egg-info/top_level.txt
[1.699s] -- Up-to-date symlink: /home/rhobtor/PHD/ARGOJ8_IA/install/hector_gazebo_plugins/local/lib/python3.10/dist-packages/hector_gazebo_plugins/__init__.py
[1.699s] -- Up-to-date symlink: /home/rhobtor/PHD/ARGOJ8_IA/install/hector_gazebo_plugins/local/lib/python3.10/dist-packages/hector_gazebo_plugins/_hector_gazebo_plugins_s.ep.rosidl_typesupport_c.c
[1.700s] -- Up-to-date symlink: /home/rhobtor/PHD/ARGOJ8_IA/install/hector_gazebo_plugins/local/lib/python3.10/dist-packages/hector_gazebo_plugins/_hector_gazebo_plugins_s.ep.rosidl_typesupport_fastrtps_c.c
[1.700s] -- Up-to-date symlink: /home/rhobtor/PHD/ARGOJ8_IA/install/hector_gazebo_plugins/local/lib/python3.10/dist-packages/hector_gazebo_plugins/_hector_gazebo_plugins_s.ep.rosidl_typesupport_introspection_c.c
[1.700s] -- Up-to-date symlink: /home/rhobtor/PHD/ARGOJ8_IA/install/hector_gazebo_plugins/local/lib/python3.10/dist-packages/hector_gazebo_plugins/hector_gazebo_plugins_s__rosidl_typesupport_c.cpython-310-x86_64-linux-gnu.so
[1.701s] -- Up-to-date symlink: /home/rhobtor/PHD/ARGOJ8_IA/install/hector_gazebo_plugins/local/lib/python3.10/dist-packages/hector_gazebo_plugins/hector_gazebo_plugins_s__rosidl_typesupport_fastrtps_c.cpython-310-x86_64-linux-gnu.so
[1.701s] -- Up-to-date symlink: /home/rhobtor/PHD/ARGOJ8_IA/install/hector_gazebo_plugins/local/lib/python3.10/dist-packages/hector_gazebo_plugins/hector_gazebo_plugins_s__rosidl_typesupport_introspection_c.cpython-310-x86_64-linux-gnu.so
[1.701s] -- Up-to-date symlink: /home/rhobtor/PHD/ARGOJ8_IA/install/hector_gazebo_plugins/local/lib/python3.10/dist-packages/hector_gazebo_plugins/libhector_gazebo_plugins__rosidl_generator_py.so
[1.701s] -- Up-to-date symlink: /home/rhobtor/PHD/ARGOJ8_IA/install/hector_gazebo_plugins/local/lib/python3.10/dist-packages/hector_gazebo_plugins/srv/__init__.py
[1.702s] -- Up-to-date symlink: /home/rhobtor/PHD/ARGOJ8_IA/install/hector_gazebo_plugins/local/lib/python3.10/dist-packages/hector_gazebo_plugins/srv/_set_bias.py
[1.702s] -- Up-to-date symlink: /home/rhobtor/PHD/ARGOJ8_IA/install/hector_gazebo_plugins/local/lib/python3.10/dist-packages/hector_gazebo_plugins/srv/_set_bias_s.c
[1.702s] -- Up-to-date symlink: /home/rhobtor/PHD/ARGOJ8_IA/install/hector_gazebo_plugins/local/lib/python3.10/dist-packages/hector_gazebo_plugins/srv/_set_reference_geo_pose.py
[1.702s] -- Up-to-date symlink: /home/rhobtor/PHD/ARGOJ8_IA/install/hector_gazebo_plugins/local/lib/python3.10/dist-packages/hector_gazebo_plugins/srv/_set_reference_geo_pose_s.c
[1.703s] -- Up-to-date symlink: /home/rhobtor/PHD/ARGOJ8_IA/install/hector_gazebo_plugins/local/lib/python3.10/dist-packages/hector_gazebo_plugins/hector_gazebo_plugins_s__rosidl_typesupport_fastrtps_c.cpython-310-x86_64-linux-gnu.so
[1.703s] -- Up-to-date symlink: /home/rhobtor/PHD/ARGOJ8_IA/install/hector_gazebo_plugins/local/lib/python3.10/dist-packages/hector_gazebo_plugins/hector_gazebo_plugins_s__rosidl_typesupport_introspection_c.cpython-310-x86_64-linux-gnu.so
[1.703s] -- Up-to-date symlink: /home/rhobtor/PHD/ARGOJ8_IA/install/hector_gazebo_plugins/local/lib/python3.10/dist-packages/hector_gazebo_plugins/hector_gazebo_plugins_s__rosidl_typesupport_c.cpython-310-x86_64-linux-gnu.so
[1.704s] -- Up-to-date symlink: /home/rhobtor/PHD/ARGOJ8_IA/install/hector_gazebo_plugins/share/hector_gazebo_plugins/srv/SetBias.idl
[1.704s] -- Up-to-date symlink: /home/rhobtor/PHD/ARGOJ8_IA/install/hector_gazebo_plugins/share/hector_gazebo_plugins/srv/SetReferenceGeoPose.idl
[1.704s] -- Up-to-date symlink: /home/rhobtor/PHD/ARGOJ8_IA/install/hector_gazebo_plugins/share/hector_gazebo_plugins/srv/SetBias.srv
[1.705s] -- Up-to-date symlink: /home/rhobtor/PHD/ARGOJ8_IA/install/hector_gazebo_plugins/share/hector_gazebo_plugins/srv/SetBias_Request.msg
[1.706s] -- Up-to-date symlink: /home/rhobtor/PHD/ARGOJ8_IA/install/hector_gazebo_plugins/share/hector_gazebo_plugins/srv/SetBias_Response.msg
[1.708s] -- Up-to-date symlink: /home/rhobtor/PHD/ARGOJ8_IA/install/hector_gazebo_plugins/share/hector_gazebo_plugins/srv/SetReferenceGeoPose.srv
[1.708s] -- Up-to-date symlink: /home/rhobtor/PHD/ARGOJ8_IA/install/hector_gazebo_plugins/share/hector_gazebo_plugins/srv/SetReferenceGeoPose_Request.msg
[1.709s] -- Up-to-date symlink: /home/rhobtor/PHD/ARGOJ8_IA/install/hector_gazebo_plugins/share/hector_gazebo_plugins/srv/SetReferenceGeoPose_Response.msg
[1.710s] -- Up-to-date symlink: /home/rhobtor/PHD/ARGOJ8_IA/install/hector_gazebo_plugins/lib/libhector_gazebo_reset_plugin.so
[1.713s] -- Up-to-date symlink: /home/rhobtor/PHD/ARGOJ8_IA/install/hector_gazebo_plugins/lib/libhector_gazebo_ros_imu.so
[1.713s] -- Up-to-date symlink: /home/rhobtor/PHD/ARGOJ8_IA/install/hector_gazebo_plugins/lib/libhector_gazebo_ros_magnetic.so
[1.713s] -- Up-to-date symlink: /home/rhobtor/PHD/ARGOJ8_IA/install/hector_gazebo_plugins/lib/libhector_gazebo_ros_gps.so
[1.714s] -- Up-to-date symlink: /home/rhobtor/PHD/ARGOJ8_IA/install/hector_gazebo_plugins/lib/libhector_gazebo_ros_sonar.so
[1.716s] -- Up-to-date symlink: /home/rhobtor/PHD/ARGOJ8_IA/install/hector_gazebo_plugins/share/ament_index/resource_index/package_run_dependencies/hector_gazebo_plugins
[1.716s] -- Up-to-date symlink: /home/rhobtor/PHD/ARGOJ8_IA/install/hector_gazebo_plugins/share/ament_index/resource_index/parent_prefix_path/hector_gazebo_plugins
[1.716s] -- Up-to-date symlink: /home/rhobtor/PHD/ARGOJ8_IA/install/hector_gazebo_plugins/share/hector_gazebo_plugins/environment/ament_prefix_path.sh
[1.717s] -- Up-to-date symlink: /home/rhobtor/PHD/ARGOJ8_IA/install/hector_gazebo_plugins/share/hector_gazebo_plugins/environment/ament_prefix_path.dsv
[1.718s] -- Up-to-date symlink: /home/rhobtor/PHD/ARGOJ8_IA/install/hector_gazebo_plugins/share/hector_gazebo_plugins/environment/path.sh
[1.718s] -- Up-to-date symlink: /home/rhobtor/PHD/ARGOJ8_IA/install/hector_gazebo_plugins/share/hector_gazebo_plugins/environment/path.dsv
[1.719s] -- Up-to-date symlink: /home/rhobtor/PHD/ARGOJ8_IA/install/hector_gazebo_plugins/share/hector_gazebo_plugins/local_setup.bash
[1.719s] -- Up-to-date symlink: /home/rhobtor/PHD/ARGOJ8_IA/install/hector_gazebo_plugins/share/hector_gazebo_plugins/local_setup.sh
[1.720s] -- Up-to-date symlink: /home/rhobtor/PHD/ARGOJ8_IA/install/hector_gazebo_plugins/share/hector_gazebo_plugins/local_setup.zsh
[1.721s] -- Up-to-date symlink: /home/rhobtor/PHD/ARGOJ8_IA/install/hector_gazebo_plugins/share/hector_gazebo_plugins/local_setup.dsv
[1.721s] -- Symlinking: /home/rhobtor/PHD/ARGOJ8_IA/install/hector_gazebo_plugins/share/hector_gazebo_plugins/package.dsv
[1.733s] -- Up-to-date symlink: /home/rhobtor/PHD/ARGOJ8_IA/install/hector_gazebo_plugins/share/ament_index/resource_index/packages/hector_gazebo_plugins
[1.733s] -- Up-to-date symlink: /home/rhobtor/PHD/ARGOJ8_IA/install/hector_gazebo_plugins/share/hector_gazebo_plugins/cmake/rosidl_cmake-extras.cmake
[1.734s] -- Up-to-date symlink: /home/rhobtor/PHD/ARGOJ8_IA/install/hector_gazebo_plugins/share/hector_gazebo_plugins/cmake/ament_cmake_export_dependencies-extras.cmake
[1.735s] -- Up-to-date symlink: /home/rhobtor/PHD/ARGOJ8_IA/install/hector_gazebo_plugins/share/hector_gazebo_plugins/cmake/ament_cmake_export_include_directories-extras.cmake
[1.736s] -- Up-to-date symlink: /home/rhobtor/PHD/ARGOJ8_IA/install/hector_gazebo_plugins/share/hector_gazebo_plugins/cmake/ament_cmake_export_libraries-extras.cmake
[1.736s] -- Up-to-date symlink: /home/rhobtor/PHD/ARGOJ8_IA/install/hector_gazebo_plugins/share/hector_gazebo_plugins/cmake/ament_cmake_export_targets-extras.cmake
[1.737s] -- Up-to-date symlink: /home/rhobtor/PHD/ARGOJ8_IA/install/hector_gazebo_plugins/share/hector_gazebo_plugins/cmake/rosidl_cmake_export_typesupport_targets-extras.cmake
[1.737s] -- Up-to-date symlink: /home/rhobtor/PHD/ARGOJ8_IA/install/hector_gazebo_plugins/share/hector_gazebo_plugins/cmake/rosidl_cmake_export_typesupport_libraries-extras.cmake
[1.738s] -- Up-to-date symlink: /home/rhobtor/PHD/ARGOJ8_IA/install/hector_gazebo_plugins/share/hector_gazebo_plugins/cmake/hector_gazebo_pluginsConfig.cmake
[1.738s] -- Up-to-date symlink: /home/rhobtor/PHD/ARGOJ8_IA/install/hector_gazebo_plugins/share/hector_gazebo_plugins/cmake/hector_gazebo_pluginsConfig-version.cmake
[1.739s] -- Up-to-date symlink: /home/rhobtor/PHD/ARGOJ8_IA/install/hector_gazebo_plugins/share/hector_gazebo_plugins/package.xml
[1.740s] -- Up-to-date: /home/rhobtor/PHD/ARGOJ8_IA/install/hector_gazebo_plugins/lib/libhector_gazebo_plugins__rosidl_generator_c.so
[1.741s] -- Up-to-date: /home/rhobtor/PHD/ARGOJ8_IA/install/hector_gazebo_plugins/lib/libhector_gazebo_plugins__rosidl_typesupport_fastrtps_c.so
[1.742s] -- Up-to-date: /home/rhobtor/PHD/ARGOJ8_IA/install/hector_gazebo_plugins/lib/libhector_gazebo_plugins__rosidl_typesupport_fastrtps_cpp.so
[1.748s] -- Up-to-date: /home/rhobtor/PHD/ARGOJ8_IA/install/hector_gazebo_plugins/lib/libhector_gazebo_plugins__rosidl_typesupport_introspection_c.so
[1.748s] -- Up-to-date: /home/rhobtor/PHD/ARGOJ8_IA/install/hector_gazebo_plugins/lib/libhector_gazebo_plugins__rosidl_typesupport_c.so
[1.748s] -- Up-to-date: /home/rhobtor/PHD/ARGOJ8_IA/install/hector_gazebo_plugins/lib/libhector_gazebo_plugins__rosidl_typesupport_introspection_cpp.so
[1.749s] -- Up-to-date: /home/rhobtor/PHD/ARGOJ8_IA/install/hector_gazebo_plugins/lib/libhector_gazebo_plugins__rosidl_typesupport_cpp.so
[1.900s] Listing '/home/rhobtor/PHD/ARGOJ8_IA/install/hector_gazebo_plugins/local/lib/python3.10/dist-packages/hector_gazebo_plugins'...
[1.900s] Listing '/home/rhobtor/PHD/ARGOJ8_IA/install/hector_gazebo_plugins/local/lib/python3.10/dist-packages/hector_gazebo_plugins/srv'...
[1.917s] -- Up-to-date: /home/rhobtor/PHD/ARGOJ8_IA/install/hector_gazebo_plugins/lib/libhector_gazebo_plugins__rosidl_generator_py.so
[1.917s] -- Up-to-date: /home/rhobtor/PHD/ARGOJ8_IA/install/hector_gazebo_plugins/include
[1.918s] -- Up-to-date: /home/rhobtor/PHD/ARGOJ8_IA/install/hector_gazebo_plugins/include/update_timer.h
[1.918s] -- Up-to-date: /home/rhobtor/PHD/ARGOJ8_IA/install/hector_gazebo_plugins/include/gazebo_ros_imu.h
[1.918s] -- Up-to-date: /home/rhobtor/PHD/ARGOJ8_IA/install/hector_gazebo_plugins/include/sensor_model.h
[1.918s] -- Up-to-date: /home/rhobtor/PHD/ARGOJ8_IA/install/hector_gazebo_plugins/include/gazebo_ros_magnetic.h
[1.919s] -- Up-to-date: /home/rhobtor/PHD/ARGOJ8_IA/install/hector_gazebo_plugins/include/gnss_config.h
[1.919s] -- Up-to-date: /home/rhobtor/PHD/ARGOJ8_IA/install/hector_gazebo_plugins/include/diffdrive_plugin_multi_wheel.h
[1.919s] -- Up-to-date: /home/rhobtor/PHD/ARGOJ8_IA/install/hector_gazebo_plugins/include/reset_plugin.h
[1.919s] -- Up-to-date: /home/rhobtor/PHD/ARGOJ8_IA/install/hector_gazebo_plugins/include/servo_plugin.h
[1.920s] -- Up-to-date: /home/rhobtor/PHD/ARGOJ8_IA/install/hector_gazebo_plugins/include/gazebo_ros_gps.h
[1.920s] -- Up-to-date: /home/rhobtor/PHD/ARGOJ8_IA/install/hector_gazebo_plugins/include/gazebo_ros_force_based_move.h
[1.920s] -- Up-to-date: /home/rhobtor/PHD/ARGOJ8_IA/install/hector_gazebo_plugins/include/diffdrive_plugin_6w.h
[1.920s] -- Up-to-date: /home/rhobtor/PHD/ARGOJ8_IA/install/hector_gazebo_plugins/include/gazebo_ros_sonar.h
[1.920s] -- Up-to-date: /home/rhobtor/PHD/ARGOJ8_IA/install/hector_gazebo_plugins/share/hector_gazebo_plugins/cmake/export_hector_gazebo_plugins__rosidl_generator_cExport.cmake
[1.921s] -- Up-to-date: /home/rhobtor/PHD/ARGOJ8_IA/install/hector_gazebo_plugins/share/hector_gazebo_plugins/cmake/export_hector_gazebo_plugins__rosidl_generator_cExport-noconfig.cmake
[1.922s] -- Up-to-date: /home/rhobtor/PHD/ARGOJ8_IA/install/hector_gazebo_plugins/share/hector_gazebo_plugins/cmake/export_hector_gazebo_plugins__rosidl_typesupport_fastrtps_cExport.cmake
[1.922s] -- Up-to-date: /home/rhobtor/PHD/ARGOJ8_IA/install/hector_gazebo_plugins/share/hector_gazebo_plugins/cmake/export_hector_gazebo_plugins__rosidl_typesupport_fastrtps_cExport-noconfig.cmake
[1.923s] -- Up-to-date: /home/rhobtor/PHD/ARGOJ8_IA/install/hector_gazebo_plugins/share/hector_gazebo_plugins/cmake/export_hector_gazebo_plugins__rosidl_generator_cppExport.cmake
[1.923s] -- Up-to-date: /home/rhobtor/PHD/ARGOJ8_IA/install/hector_gazebo_plugins/share/hector_gazebo_plugins/cmake/export_hector_gazebo_plugins__rosidl_typesupport_fastrtps_cppExport.cmake
[1.923s] -- Up-to-date: /home/rhobtor/PHD/ARGOJ8_IA/install/hector_gazebo_plugins/share/hector_gazebo_plugins/cmake/export_hector_gazebo_plugins__rosidl_typesupport_fastrtps_cppExport-noconfig.cmake
[1.926s] -- Up-to-date: /home/rhobtor/PHD/ARGOJ8_IA/install/hector_gazebo_plugins/share/hector_gazebo_plugins/cmake/hector_gazebo_plugins__rosidl_typesupport_introspection_cExport.cmake
[1.926s] -- Up-to-date: /home/rhobtor/PHD/ARGOJ8_IA/install/hector_gazebo_plugins/share/hector_gazebo_plugins/cmake/hector_gazebo_plugins__rosidl_typesupport_introspection_cExport-noconfig.cmake
[1.927s] -- Up-to-date: /home/rhobtor/PHD/ARGOJ8_IA/install/hector_gazebo_plugins/share/hector_gazebo_plugins/cmake/hector_gazebo_plugins__rosidl_typesupport_cExport.cmake
[1.927s] -- Up-to-date: /home/rhobtor/PHD/ARGOJ8_IA/install/hector_gazebo_plugins/share/hector_gazebo_plugins/cmake/hector_gazebo_plugins__rosidl_typesupport_cExport-noconfig.cmake
[1.927s] -- Up-to-date: /home/rhobtor/PHD/ARGOJ8_IA/install/hector_gazebo_plugins/share/hector_gazebo_plugins/cmake/hector_gazebo_plugins__rosidl_typesupport_introspection_cppExport.cmake
[1.927s] -- Up-to-date: /home/rhobtor/PHD/ARGOJ8_IA/install/hector_gazebo_plugins/share/hector_gazebo_plugins/cmake/hector_gazebo_plugins__rosidl_typesupport_introspection_cppExport-noconfig.cmake
[1.928s] -- Up-to-date: /home/rhobtor/PHD/ARGOJ8_IA/install/hector_gazebo_plugins/share/hector_gazebo_plugins/cmake/hector_gazebo_plugins__rosidl_typesupport_cppExport.cmake
[1.928s] -- Up-to-date: /home/rhobtor/PHD/ARGOJ8_IA/install/hector_gazebo_plugins/share/hector_gazebo_plugins/cmake/hector_gazebo_plugins__rosidl_typesupport_cppExport-noconfig.cmake
[1.928s] -- Up-to-date: /home/rhobtor/PHD/ARGOJ8_IA/install/hector_gazebo_plugins/share/hector_gazebo_plugins/cmake/export_hector_gazebo_plugins__rosidl_generator_pyExport.cmake
[1.930s] -- Up-to-date: /home/rhobtor/PHD/ARGOJ8_IA/install/hector_gazebo_plugins/share/hector_gazebo_plugins/cmake/export_hector_gazebo_plugins__rosidl_generator_pyExport-noconfig.cmake
[2.003s] Invoked command in '/home/rhobtor/PHD/ARGOJ8_IA/build/hector_gazebo_plugins' returned '0': CMAKE_PREFIX_PATH=${CMAKE_PREFIX_PATH}:/home/rhobtor/PHD/ARGOJ8_IA/install/car:/home/rhobtor/PHD/reactive/Reactive-Navegation/workspace_full_conected/install/car:/opt/ros/humble /opt/st/stm32cubeclt_1.18.0/CMake/bin/cmake --install /home/rhobtor/PHD/ARGOJ8_IA/build/hector_gazebo_plugins
