/home/rhobtor/PHD/ARGOJ8_IA/install/car/lib/python3.10/site-packages/car/points_goal_old.py
/home/rhobtor/PHD/ARGOJ8_IA/install/car/lib/python3.10/site-packages/car/keyboard_control.py
/home/rhobtor/PHD/ARGOJ8_IA/install/car/lib/python3.10/site-packages/car/memory_map.py
/home/rhobtor/PHD/ARGOJ8_IA/install/car/lib/python3.10/site-packages/car/path_ppo_cnn_lstm_full_model.py
/home/rhobtor/PHD/ARGOJ8_IA/install/car/lib/python3.10/site-packages/car/movement_predictive.py
/home/rhobtor/PHD/ARGOJ8_IA/install/car/lib/python3.10/site-packages/car/lidar_obstacle_detection.py
/home/rhobtor/PHD/ARGOJ8_IA/install/car/lib/python3.10/site-packages/car/test_octomap.py
/home/rhobtor/PHD/ARGOJ8_IA/install/car/lib/python3.10/site-packages/car/frontier_centroid.py
/home/rhobtor/PHD/ARGOJ8_IA/install/car/lib/python3.10/site-packages/car/colision_zone.py
/home/rhobtor/PHD/ARGOJ8_IA/install/car/lib/python3.10/site-packages/car/backup_model_ppo_cnn_lstm.py
/home/rhobtor/PHD/ARGOJ8_IA/install/car/lib/python3.10/site-packages/car/inference_full_model.py
/home/rhobtor/PHD/ARGOJ8_IA/install/car/lib/python3.10/site-packages/car/__init__.py
/home/rhobtor/PHD/ARGOJ8_IA/install/car/lib/python3.10/site-packages/car/inference_training_mode_simple.py
/home/rhobtor/PHD/ARGOJ8_IA/install/car/lib/python3.10/site-packages/car/joystick_control.py
/home/rhobtor/PHD/ARGOJ8_IA/install/car/lib/python3.10/site-packages/car/planificador_script.py
/home/rhobtor/PHD/ARGOJ8_IA/install/car/lib/python3.10/site-packages/car/map_test_navigation_hgh.py
/home/rhobtor/PHD/ARGOJ8_IA/install/car/lib/python3.10/site-packages/car/points_goal.py
/home/rhobtor/PHD/ARGOJ8_IA/install/car/lib/python3.10/site-packages/car/path_ppo_cnn_lstm_training_init_mode_j8.py
/home/rhobtor/PHD/ARGOJ8_IA/install/car/lib/python3.10/site-packages/car/map_navegation.py
/home/rhobtor/PHD/ARGOJ8_IA/install/car/lib/python3.10/site-packages/car/test_vel.py
/home/rhobtor/PHD/ARGOJ8_IA/install/car/lib/python3.10/site-packages/car/supervisor.py
/home/rhobtor/PHD/ARGOJ8_IA/install/car/lib/python3.10/site-packages/car/costmap.py
/home/rhobtor/PHD/ARGOJ8_IA/install/car/lib/python3.10/site-packages/car/path_ppo_cnn_lstm_training_init_mode.py
/home/rhobtor/PHD/ARGOJ8_IA/install/car/lib/python3.10/site-packages/car/path_ppo_cnn_lstm_training_init_mode_simple.py
/home/rhobtor/PHD/ARGOJ8_IA/install/car/lib/python3.10/site-packages/car/filter_points_cloud.py
/home/rhobtor/PHD/ARGOJ8_IA/install/car/lib/python3.10/site-packages/car/__pycache__/points_goal_old.cpython-310.pyc
/home/rhobtor/PHD/ARGOJ8_IA/install/car/lib/python3.10/site-packages/car/__pycache__/keyboard_control.cpython-310.pyc
/home/rhobtor/PHD/ARGOJ8_IA/install/car/lib/python3.10/site-packages/car/__pycache__/memory_map.cpython-310.pyc
/home/rhobtor/PHD/ARGOJ8_IA/install/car/lib/python3.10/site-packages/car/__pycache__/path_ppo_cnn_lstm_full_model.cpython-310.pyc
/home/rhobtor/PHD/ARGOJ8_IA/install/car/lib/python3.10/site-packages/car/__pycache__/movement_predictive.cpython-310.pyc
/home/rhobtor/PHD/ARGOJ8_IA/install/car/lib/python3.10/site-packages/car/__pycache__/lidar_obstacle_detection.cpython-310.pyc
/home/rhobtor/PHD/ARGOJ8_IA/install/car/lib/python3.10/site-packages/car/__pycache__/test_octomap.cpython-310.pyc
/home/rhobtor/PHD/ARGOJ8_IA/install/car/lib/python3.10/site-packages/car/__pycache__/frontier_centroid.cpython-310.pyc
/home/rhobtor/PHD/ARGOJ8_IA/install/car/lib/python3.10/site-packages/car/__pycache__/colision_zone.cpython-310.pyc
/home/rhobtor/PHD/ARGOJ8_IA/install/car/lib/python3.10/site-packages/car/__pycache__/backup_model_ppo_cnn_lstm.cpython-310.pyc
/home/rhobtor/PHD/ARGOJ8_IA/install/car/lib/python3.10/site-packages/car/__pycache__/inference_full_model.cpython-310.pyc
/home/rhobtor/PHD/ARGOJ8_IA/install/car/lib/python3.10/site-packages/car/__pycache__/__init__.cpython-310.pyc
/home/rhobtor/PHD/ARGOJ8_IA/install/car/lib/python3.10/site-packages/car/__pycache__/inference_training_mode_simple.cpython-310.pyc
/home/rhobtor/PHD/ARGOJ8_IA/install/car/lib/python3.10/site-packages/car/__pycache__/joystick_control.cpython-310.pyc
/home/rhobtor/PHD/ARGOJ8_IA/install/car/lib/python3.10/site-packages/car/__pycache__/planificador_script.cpython-310.pyc
/home/rhobtor/PHD/ARGOJ8_IA/install/car/lib/python3.10/site-packages/car/__pycache__/map_test_navigation_hgh.cpython-310.pyc
/home/rhobtor/PHD/ARGOJ8_IA/install/car/lib/python3.10/site-packages/car/__pycache__/points_goal.cpython-310.pyc
/home/rhobtor/PHD/ARGOJ8_IA/install/car/lib/python3.10/site-packages/car/__pycache__/path_ppo_cnn_lstm_training_init_mode_j8.cpython-310.pyc
/home/rhobtor/PHD/ARGOJ8_IA/install/car/lib/python3.10/site-packages/car/__pycache__/map_navegation.cpython-310.pyc
/home/rhobtor/PHD/ARGOJ8_IA/install/car/lib/python3.10/site-packages/car/__pycache__/test_vel.cpython-310.pyc
/home/rhobtor/PHD/ARGOJ8_IA/install/car/lib/python3.10/site-packages/car/__pycache__/supervisor.cpython-310.pyc
/home/rhobtor/PHD/ARGOJ8_IA/install/car/lib/python3.10/site-packages/car/__pycache__/costmap.cpython-310.pyc
/home/rhobtor/PHD/ARGOJ8_IA/install/car/lib/python3.10/site-packages/car/__pycache__/path_ppo_cnn_lstm_training_init_mode.cpython-310.pyc
/home/rhobtor/PHD/ARGOJ8_IA/install/car/lib/python3.10/site-packages/car/__pycache__/path_ppo_cnn_lstm_training_init_mode_simple.cpython-310.pyc
/home/rhobtor/PHD/ARGOJ8_IA/install/car/lib/python3.10/site-packages/car/__pycache__/filter_points_cloud.cpython-310.pyc
/home/rhobtor/PHD/ARGOJ8_IA/install/car/share/ament_index/resource_index/packages/car
/home/rhobtor/PHD/ARGOJ8_IA/install/car/share/car/package.xml
/home/rhobtor/PHD/ARGOJ8_IA/install/car/share/car/launch/gazebo.launch.py
/home/rhobtor/PHD/ARGOJ8_IA/install/car/share/car/launch/ekf.launch.py
/home/rhobtor/PHD/ARGOJ8_IA/install/car/share/car/launch/control.launch.py
/home/rhobtor/PHD/ARGOJ8_IA/install/car/share/car/launch/gazebo_mountain.launch.py
/home/rhobtor/PHD/ARGOJ8_IA/install/car/share/car/launch/world_1_b.launch.py
/home/rhobtor/PHD/ARGOJ8_IA/install/car/share/car/launch/gazebo_empty_world.launch.py
/home/rhobtor/PHD/ARGOJ8_IA/install/car/share/car/launch/gazebo_simple5.launch.py
/home/rhobtor/PHD/ARGOJ8_IA/install/car/share/car/launch/gazebo_simple2.launch.py
/home/rhobtor/PHD/ARGOJ8_IA/install/car/share/car/launch/gazebo_simple7.launch.py
/home/rhobtor/PHD/ARGOJ8_IA/install/car/share/car/launch/joystick.launch.py
/home/rhobtor/PHD/ARGOJ8_IA/install/car/share/car/launch/display.launch.py
/home/rhobtor/PHD/ARGOJ8_IA/install/car/share/car/launch/river_and_forest.launch.py
/home/rhobtor/PHD/ARGOJ8_IA/install/car/share/car/launch/gazebo_simple8.launch.py
/home/rhobtor/PHD/ARGOJ8_IA/install/car/share/car/launch/rtamap_test.launch.py
/home/rhobtor/PHD/ARGOJ8_IA/install/car/share/car/launch/gazebo_simple_world.launch.py
/home/rhobtor/PHD/ARGOJ8_IA/install/car/share/car/launch/gazebo_simple9.launch.py
/home/rhobtor/PHD/ARGOJ8_IA/install/car/share/car/launch/object_move_gazebo.launch.py
/home/rhobtor/PHD/ARGOJ8_IA/install/car/share/car/launch/world_1.launch.py
/home/rhobtor/PHD/ARGOJ8_IA/install/car/share/car/launch/gazebo_simple3.launch.py
/home/rhobtor/PHD/ARGOJ8_IA/install/car/share/car/launch/gazebo_no_gui.launch.py
/home/rhobtor/PHD/ARGOJ8_IA/install/car/share/car/launch/easy_world.launch.py
/home/rhobtor/PHD/ARGOJ8_IA/install/car/share/car/launch/gazebo_simple6.launch.py
/home/rhobtor/PHD/ARGOJ8_IA/install/car/share/car/launch/gazebo_simple4.launch.py
/home/rhobtor/PHD/ARGOJ8_IA/install/car/share/car/launch/forest.launch.py
/home/rhobtor/PHD/ARGOJ8_IA/install/car/share/car/launch/control_with_gazebo.launch.py
/home/rhobtor/PHD/ARGOJ8_IA/install/car/share/car/launch/j8.launch.py
/home/rhobtor/PHD/ARGOJ8_IA/install/car/share/car/urdf/object_movement.sdf
/home/rhobtor/PHD/ARGOJ8_IA/install/car/share/car/urdf/materials.xacro
/home/rhobtor/PHD/ARGOJ8_IA/install/car/share/car/urdf/car.xacro
/home/rhobtor/PHD/ARGOJ8_IA/install/car/share/car/urdf/camara.plugin.xacro
/home/rhobtor/PHD/ARGOJ8_IA/install/car/share/car/urdf/car.gazebo
/home/rhobtor/PHD/ARGOJ8_IA/install/car/share/car/urdf/lidar.plugin.xacro
/home/rhobtor/PHD/ARGOJ8_IA/install/car/share/car/urdf/control.plugin.xacro
/home/rhobtor/PHD/ARGOJ8_IA/install/car/share/car/urdf/car.trans
/home/rhobtor/PHD/ARGOJ8_IA/install/car/share/car/worlds/grass.world
/home/rhobtor/PHD/ARGOJ8_IA/install/car/share/car/worlds/world_simple_object.world
/home/rhobtor/PHD/ARGOJ8_IA/install/car/share/car/worlds/hill_tagged.world
/home/rhobtor/PHD/ARGOJ8_IA/install/car/share/car/worlds/world_simple3.world
/home/rhobtor/PHD/ARGOJ8_IA/install/car/share/car/worlds/world_simple9.world
/home/rhobtor/PHD/ARGOJ8_IA/install/car/share/car/worlds/world_simple6.world
/home/rhobtor/PHD/ARGOJ8_IA/install/car/share/car/worlds/forest.world
/home/rhobtor/PHD/ARGOJ8_IA/install/car/share/car/worlds/map1_test.world
/home/rhobtor/PHD/ARGOJ8_IA/install/car/share/car/worlds/world_1.world
/home/rhobtor/PHD/ARGOJ8_IA/install/car/share/car/worlds/world_simple8.world
/home/rhobtor/PHD/ARGOJ8_IA/install/car/share/car/worlds/blender_builder.world
/home/rhobtor/PHD/ARGOJ8_IA/install/car/share/car/worlds/mountain.world
/home/rhobtor/PHD/ARGOJ8_IA/install/car/share/car/worlds/world_1_b.world
/home/rhobtor/PHD/ARGOJ8_IA/install/car/share/car/worlds/empty.world
/home/rhobtor/PHD/ARGOJ8_IA/install/car/share/car/worlds/easy_world.world
/home/rhobtor/PHD/ARGOJ8_IA/install/car/share/car/worlds/grass_test.world
/home/rhobtor/PHD/ARGOJ8_IA/install/car/share/car/worlds/park.world
/home/rhobtor/PHD/ARGOJ8_IA/install/car/share/car/worlds/obstacles_and_traps.world
/home/rhobtor/PHD/ARGOJ8_IA/install/car/share/car/worlds/world_simple5.world
/home/rhobtor/PHD/ARGOJ8_IA/install/car/share/car/worlds/obstacles.world
/home/rhobtor/PHD/ARGOJ8_IA/install/car/share/car/worlds/hill.world
/home/rhobtor/PHD/ARGOJ8_IA/install/car/share/car/worlds/world_simple7.world
/home/rhobtor/PHD/ARGOJ8_IA/install/car/share/car/worlds/test.world
/home/rhobtor/PHD/ARGOJ8_IA/install/car/share/car/worlds/lake.world
/home/rhobtor/PHD/ARGOJ8_IA/install/car/share/car/worlds/forest_tagged.world
/home/rhobtor/PHD/ARGOJ8_IA/install/car/share/car/worlds/heightmap_world.world
/home/rhobtor/PHD/ARGOJ8_IA/install/car/share/car/worlds/world_simple2.world
/home/rhobtor/PHD/ARGOJ8_IA/install/car/share/car/worlds/park_tagged.world
/home/rhobtor/PHD/ARGOJ8_IA/install/car/share/car/worlds/river_and_forest.world
/home/rhobtor/PHD/ARGOJ8_IA/install/car/share/car/worlds/world_simple4.world
/home/rhobtor/PHD/ARGOJ8_IA/install/car/share/car/worlds/lake_tagged.world
/home/rhobtor/PHD/ARGOJ8_IA/install/car/share/car/meshes/tire.stl
/home/rhobtor/PHD/ARGOJ8_IA/install/car/share/car/meshes/rim_front_right_1.stl
/home/rhobtor/PHD/ARGOJ8_IA/install/car/share/car/meshes/tire_front_left_1.stl
/home/rhobtor/PHD/ARGOJ8_IA/install/car/share/car/meshes/rim_back_right_1.stl
/home/rhobtor/PHD/ARGOJ8_IA/install/car/share/car/meshes/direction_front_left_1.stl
/home/rhobtor/PHD/ARGOJ8_IA/install/car/share/car/meshes/rim.stl
/home/rhobtor/PHD/ARGOJ8_IA/install/car/share/car/meshes/Lidar.stl
/home/rhobtor/PHD/ARGOJ8_IA/install/car/share/car/meshes/Camara.stl
/home/rhobtor/PHD/ARGOJ8_IA/install/car/share/car/meshes/tire_front_right_1.stl
/home/rhobtor/PHD/ARGOJ8_IA/install/car/share/car/meshes/base_link.stl
/home/rhobtor/PHD/ARGOJ8_IA/install/car/share/car/meshes/tire_back_right_1.stl
/home/rhobtor/PHD/ARGOJ8_IA/install/car/share/car/meshes/tire_back_left_1.stl
/home/rhobtor/PHD/ARGOJ8_IA/install/car/share/car/meshes/suspension_front_left__1.stl
/home/rhobtor/PHD/ARGOJ8_IA/install/car/share/car/meshes/direction_front_right_1.stl
/home/rhobtor/PHD/ARGOJ8_IA/install/car/share/car/meshes/suspension_back_right_1.stl
/home/rhobtor/PHD/ARGOJ8_IA/install/car/share/car/meshes/chasis_1.stl
/home/rhobtor/PHD/ARGOJ8_IA/install/car/share/car/meshes/rim_front_left_1.stl
/home/rhobtor/PHD/ARGOJ8_IA/install/car/share/car/meshes/direction_back_right_1.stl
/home/rhobtor/PHD/ARGOJ8_IA/install/car/share/car/meshes/direction_back_left_1.stl
/home/rhobtor/PHD/ARGOJ8_IA/install/car/share/car/meshes/rim_back_left_1.stl
/home/rhobtor/PHD/ARGOJ8_IA/install/car/share/car/meshes/suspension_front_right_1.stl
/home/rhobtor/PHD/ARGOJ8_IA/install/car/share/car/meshes/suspension_back_left_1.stl
/home/rhobtor/PHD/ARGOJ8_IA/install/car/share/car/config/world_1_b.yaml
/home/rhobtor/PHD/ARGOJ8_IA/install/car/share/car/config/nav2.yaml
/home/rhobtor/PHD/ARGOJ8_IA/install/car/share/car/config/ekf_params.yaml
/home/rhobtor/PHD/ARGOJ8_IA/install/car/share/car/config/display.rviz
/home/rhobtor/PHD/ARGOJ8_IA/install/car/share/car/config/world1.yaml
/home/rhobtor/PHD/ARGOJ8_IA/install/car/share/car/config/mapper_params_online_async.yaml
/home/rhobtor/PHD/ARGOJ8_IA/install/car/share/car/config/goal.yaml
/home/rhobtor/PHD/ARGOJ8_IA/install/car/share/car/config/river_and_forest.yaml
/home/rhobtor/PHD/ARGOJ8_IA/install/car/share/car/config/octomap.yaml
/home/rhobtor/PHD/ARGOJ8_IA/install/car/lib/car
/home/rhobtor/PHD/ARGOJ8_IA/install/car/lib/python3.10/site-packages/car-0.0.0-py3.10.egg-info/top_level.txt
/home/rhobtor/PHD/ARGOJ8_IA/install/car/lib/python3.10/site-packages/car-0.0.0-py3.10.egg-info/requires.txt
/home/rhobtor/PHD/ARGOJ8_IA/install/car/lib/python3.10/site-packages/car-0.0.0-py3.10.egg-info/SOURCES.txt
/home/rhobtor/PHD/ARGOJ8_IA/install/car/lib/python3.10/site-packages/car-0.0.0-py3.10.egg-info/PKG-INFO
/home/rhobtor/PHD/ARGOJ8_IA/install/car/lib/python3.10/site-packages/car-0.0.0-py3.10.egg-info/entry_points.txt
/home/rhobtor/PHD/ARGOJ8_IA/install/car/lib/python3.10/site-packages/car-0.0.0-py3.10.egg-info/dependency_links.txt
/home/rhobtor/PHD/ARGOJ8_IA/install/car/lib/python3.10/site-packages/car-0.0.0-py3.10.egg-info/zip-safe
/home/rhobtor/PHD/ARGOJ8_IA/install/car/lib/car/colision_zone
/home/rhobtor/PHD/ARGOJ8_IA/install/car/lib/car/filter_points_cloud
/home/rhobtor/PHD/ARGOJ8_IA/install/car/lib/car/frontier_centroid
/home/rhobtor/PHD/ARGOJ8_IA/install/car/lib/car/inference_full_model
/home/rhobtor/PHD/ARGOJ8_IA/install/car/lib/car/inference_training_mode_simple
/home/rhobtor/PHD/ARGOJ8_IA/install/car/lib/car/joystick_control
/home/rhobtor/PHD/ARGOJ8_IA/install/car/lib/car/keyboard_control
/home/rhobtor/PHD/ARGOJ8_IA/install/car/lib/car/lidar_detection
/home/rhobtor/PHD/ARGOJ8_IA/install/car/lib/car/map_navegation
/home/rhobtor/PHD/ARGOJ8_IA/install/car/lib/car/map_navegation_test
/home/rhobtor/PHD/ARGOJ8_IA/install/car/lib/car/memory_map
/home/rhobtor/PHD/ARGOJ8_IA/install/car/lib/car/movement_predictive
/home/rhobtor/PHD/ARGOJ8_IA/install/car/lib/car/path_ppo_cnn_lstm_full_model
/home/rhobtor/PHD/ARGOJ8_IA/install/car/lib/car/path_ppo_cnn_lstm_training_init_mode
/home/rhobtor/PHD/ARGOJ8_IA/install/car/lib/car/path_ppo_cnn_lstm_training_init_mode_j8
/home/rhobtor/PHD/ARGOJ8_IA/install/car/lib/car/path_ppo_cnn_lstm_training_init_mode_simple
/home/rhobtor/PHD/ARGOJ8_IA/install/car/lib/car/points_goal
/home/rhobtor/PHD/ARGOJ8_IA/install/car/lib/car/points_goal_old
/home/rhobtor/PHD/ARGOJ8_IA/install/car/lib/car/supervisor_node
/home/rhobtor/PHD/ARGOJ8_IA/install/car/lib/car/test_octomap
/home/rhobtor/PHD/ARGOJ8_IA/install/car/lib/car/test_vel
