[0.117s] Invoking command in '/home/rhobtor/PHD/ARGOJ8_IA/build/fixposition_sensor_pkg': CMAKE_PREFIX_PATH=${CMAKE_PREFIX_PATH}:/home/rhobtor/PHD/ARGOJ8_IA/install/car:/home/rhobtor/PHD/reactive/Reactive-Navegation/workspace_full_conected/install/car:/opt/ros/humble /opt/st/stm32cubeclt_1.18.0/CMake/bin/cmake --build /home/rhobtor/PHD/ARGOJ8_IA/build/fixposition_sensor_pkg -- -j16 -l16
[0.452s] [ 33%] Built target gazebo_ros_gps_sensor_mod
[0.452s] [ 66%] Built target gazebo_ros_fixposition_plugin
[0.452s] [100%] Built target gazebo_ros_imu_sensor_mod
[0.473s] Invoked command in '/home/rhobtor/PHD/ARGOJ8_IA/build/fixposition_sensor_pkg' returned '0': CMAKE_PREFIX_PATH=${CMAKE_PREFIX_PATH}:/home/rhobtor/PHD/ARGOJ8_IA/install/car:/home/rhobtor/PHD/reactive/Reactive-Navegation/workspace_full_conected/install/car:/opt/ros/humble /opt/st/stm32cubeclt_1.18.0/CMake/bin/cmake --build /home/rhobtor/PHD/ARGOJ8_IA/build/fixposition_sensor_pkg -- -j16 -l16
[0.491s] Invoking command in '/home/rhobtor/PHD/ARGOJ8_IA/build/fixposition_sensor_pkg': CMAKE_PREFIX_PATH=${CMAKE_PREFIX_PATH}:/home/rhobtor/PHD/ARGOJ8_IA/install/car:/home/rhobtor/PHD/reactive/Reactive-Navegation/workspace_full_conected/install/car:/opt/ros/humble /opt/st/stm32cubeclt_1.18.0/CMake/bin/cmake --install /home/rhobtor/PHD/ARGOJ8_IA/build/fixposition_sensor_pkg
[0.499s] -- Install configuration: ""
[0.502s] -- Execute custom install script
[0.503s] -- Up-to-date symlink: /home/rhobtor/PHD/ARGOJ8_IA/install/fixposition_sensor_pkg/share/fixposition_sensor_pkg/environment/library_path.sh
[0.504s] -- Up-to-date symlink: /home/rhobtor/PHD/ARGOJ8_IA/install/fixposition_sensor_pkg/share/fixposition_sensor_pkg/environment/library_path.dsv
[0.505s] -- Up-to-date symlink: /home/rhobtor/PHD/ARGOJ8_IA/install/fixposition_sensor_pkg/lib/libgazebo_ros_fixposition_plugin.so
[0.506s] -- Up-to-date symlink: /home/rhobtor/PHD/ARGOJ8_IA/install/fixposition_sensor_pkg/lib/libgazebo_ros_imu_sensor_mod.so
[0.506s] -- Up-to-date symlink: /home/rhobtor/PHD/ARGOJ8_IA/install/fixposition_sensor_pkg/lib/libgazebo_ros_gps_sensor_mod.so
[0.508s] -- Up-to-date symlink: /home/rhobtor/PHD/ARGOJ8_IA/install/fixposition_sensor_pkg/share/fixposition_sensor_pkg//urdf/fixposition_holder.xacro
[0.508s] -- Up-to-date symlink: /home/rhobtor/PHD/ARGOJ8_IA/install/fixposition_sensor_pkg/share/fixposition_sensor_pkg//urdf/fixposition_main.xacro
[0.508s] -- Up-to-date symlink: /home/rhobtor/PHD/ARGOJ8_IA/install/fixposition_sensor_pkg/share/fixposition_sensor_pkg//urdf/fixposition_sensor.xacro
[0.510s] -- Up-to-date symlink: /home/rhobtor/PHD/ARGOJ8_IA/install/fixposition_sensor_pkg/share/fixposition_sensor_pkg//meshes/Central_fixposition_feet.STL
[0.510s] -- Up-to-date symlink: /home/rhobtor/PHD/ARGOJ8_IA/install/fixposition_sensor_pkg/share/fixposition_sensor_pkg//meshes/Central_fixposition_holder.STL
[0.510s] -- Up-to-date symlink: /home/rhobtor/PHD/ARGOJ8_IA/install/fixposition_sensor_pkg/share/fixposition_sensor_pkg//meshes/Fix_position_left_antenna.STL
[0.511s] -- Up-to-date symlink: /home/rhobtor/PHD/ARGOJ8_IA/install/fixposition_sensor_pkg/share/fixposition_sensor_pkg//meshes/Fix_position_metal_frame.STL
[0.511s] -- Up-to-date symlink: /home/rhobtor/PHD/ARGOJ8_IA/install/fixposition_sensor_pkg/share/fixposition_sensor_pkg//meshes/Fixposion_base.STL
[0.511s] -- Up-to-date symlink: /home/rhobtor/PHD/ARGOJ8_IA/install/fixposition_sensor_pkg/share/fixposition_sensor_pkg//meshes/Fixposition_camera.STL
[0.511s] -- Up-to-date symlink: /home/rhobtor/PHD/ARGOJ8_IA/install/fixposition_sensor_pkg/share/fixposition_sensor_pkg//meshes/Fixposition_lower_case.STL
[0.512s] -- Up-to-date symlink: /home/rhobtor/PHD/ARGOJ8_IA/install/fixposition_sensor_pkg/share/fixposition_sensor_pkg//meshes/Fixposition_right_antenna.STL
[0.512s] -- Up-to-date symlink: /home/rhobtor/PHD/ARGOJ8_IA/install/fixposition_sensor_pkg/share/fixposition_sensor_pkg//meshes/Fixposition_upper_case.STL
[0.512s] -- Up-to-date symlink: /home/rhobtor/PHD/ARGOJ8_IA/install/fixposition_sensor_pkg/share/fixposition_sensor_pkg//meshes/Front_camera.STL
[0.513s] -- Up-to-date symlink: /home/rhobtor/PHD/ARGOJ8_IA/install/fixposition_sensor_pkg/share/fixposition_sensor_pkg//meshes/Left_fixposition_feet.STL
[0.513s] -- Up-to-date symlink: /home/rhobtor/PHD/ARGOJ8_IA/install/fixposition_sensor_pkg/share/fixposition_sensor_pkg//meshes/Left_fixposition_holder.STL
[0.514s] -- Up-to-date symlink: /home/rhobtor/PHD/ARGOJ8_IA/install/fixposition_sensor_pkg/share/fixposition_sensor_pkg//meshes/Right_fixposition_feet.STL
[0.514s] -- Up-to-date symlink: /home/rhobtor/PHD/ARGOJ8_IA/install/fixposition_sensor_pkg/share/fixposition_sensor_pkg//meshes/Right_fixposition_holder.STL
[0.514s] -- Up-to-date symlink: /home/rhobtor/PHD/ARGOJ8_IA/install/fixposition_sensor_pkg/share/ament_index/resource_index/package_run_dependencies/fixposition_sensor_pkg
[0.515s] -- Up-to-date symlink: /home/rhobtor/PHD/ARGOJ8_IA/install/fixposition_sensor_pkg/share/ament_index/resource_index/parent_prefix_path/fixposition_sensor_pkg
[0.515s] -- Up-to-date symlink: /home/rhobtor/PHD/ARGOJ8_IA/install/fixposition_sensor_pkg/share/fixposition_sensor_pkg/environment/ament_prefix_path.sh
[0.515s] -- Up-to-date symlink: /home/rhobtor/PHD/ARGOJ8_IA/install/fixposition_sensor_pkg/share/fixposition_sensor_pkg/environment/ament_prefix_path.dsv
[0.516s] -- Up-to-date symlink: /home/rhobtor/PHD/ARGOJ8_IA/install/fixposition_sensor_pkg/share/fixposition_sensor_pkg/environment/path.sh
[0.516s] -- Up-to-date symlink: /home/rhobtor/PHD/ARGOJ8_IA/install/fixposition_sensor_pkg/share/fixposition_sensor_pkg/environment/path.dsv
[0.517s] -- Up-to-date symlink: /home/rhobtor/PHD/ARGOJ8_IA/install/fixposition_sensor_pkg/share/fixposition_sensor_pkg/local_setup.bash
[0.517s] -- Up-to-date symlink: /home/rhobtor/PHD/ARGOJ8_IA/install/fixposition_sensor_pkg/share/fixposition_sensor_pkg/local_setup.sh
[0.518s] -- Up-to-date symlink: /home/rhobtor/PHD/ARGOJ8_IA/install/fixposition_sensor_pkg/share/fixposition_sensor_pkg/local_setup.zsh
[0.518s] -- Up-to-date symlink: /home/rhobtor/PHD/ARGOJ8_IA/install/fixposition_sensor_pkg/share/fixposition_sensor_pkg/local_setup.dsv
[0.518s] -- Symlinking: /home/rhobtor/PHD/ARGOJ8_IA/install/fixposition_sensor_pkg/share/fixposition_sensor_pkg/package.dsv
[0.527s] -- Up-to-date symlink: /home/rhobtor/PHD/ARGOJ8_IA/install/fixposition_sensor_pkg/share/ament_index/resource_index/packages/fixposition_sensor_pkg
[0.528s] -- Up-to-date symlink: /home/rhobtor/PHD/ARGOJ8_IA/install/fixposition_sensor_pkg/share/fixposition_sensor_pkg/cmake/ament_cmake_export_libraries-extras.cmake
[0.528s] -- Up-to-date symlink: /home/rhobtor/PHD/ARGOJ8_IA/install/fixposition_sensor_pkg/share/fixposition_sensor_pkg/cmake/fixposition_sensor_pkgConfig.cmake
[0.528s] -- Up-to-date symlink: /home/rhobtor/PHD/ARGOJ8_IA/install/fixposition_sensor_pkg/share/fixposition_sensor_pkg/cmake/fixposition_sensor_pkgConfig-version.cmake
[0.529s] -- Up-to-date symlink: /home/rhobtor/PHD/ARGOJ8_IA/install/fixposition_sensor_pkg/share/fixposition_sensor_pkg/package.xml
[0.533s] Invoked command in '/home/rhobtor/PHD/ARGOJ8_IA/build/fixposition_sensor_pkg' returned '0': CMAKE_PREFIX_PATH=${CMAKE_PREFIX_PATH}:/home/rhobtor/PHD/ARGOJ8_IA/install/car:/home/rhobtor/PHD/reactive/Reactive-Navegation/workspace_full_conected/install/car:/opt/ros/humble /opt/st/stm32cubeclt_1.18.0/CMake/bin/cmake --install /home/rhobtor/PHD/ARGOJ8_IA/build/fixposition_sensor_pkg
