[0.023s] Invoking command in '/home/rhobtor/PHD/ARGOJ8_IA/build/octomap_rviz_plugins': CMAKE_PREFIX_PATH=${CMAKE_PREFIX_PATH}:/home/rhobtor/PHD/ARGOJ8_IA/install/car:/home/rhobtor/PHD/reactive/Reactive-Navegation/workspace_full_conected/install/car:/opt/ros/humble /opt/st/stm32cubeclt_1.18.0/CMake/bin/cmake /home/rhobtor/PHD/ARGOJ8_IA/src/plugin_rviz -DAMENT_CMAKE_SYMLINK_INSTALL=1 -DCMAKE_INSTALL_PREFIX=/home/rhobtor/PHD/ARGOJ8_IA/install/octomap_rviz_plugins
[0.030s] -- Found ament_cmake_auto: 1.3.11 (/opt/ros/humble/share/ament_cmake_auto/cmake)
[0.200s] -- Override CMake install command with custom implementation using symlinks instead of copying resources
[0.338s] -- Found rosidl_generator_c: 3.1.6 (/opt/ros/humble/share/rosidl_generator_c/cmake)
[0.342s] -- Found rosidl_adapter: 3.1.6 (/opt/ros/humble/share/rosidl_adapter/cmake)
[0.351s] -- Found rosidl_generator_cpp: 3.1.6 (/opt/ros/humble/share/rosidl_generator_cpp/cmake)
[0.371s] -- Using all available rosidl_typesupport_c: rosidl_typesupport_fastrtps_c;rosidl_typesupport_introspection_c
[0.390s] -- Using all available rosidl_typesupport_cpp: rosidl_typesupport_fastrtps_cpp;rosidl_typesupport_introspection_cpp
[0.519s] -- Found rmw_implementation_cmake: 6.1.2 (/opt/ros/humble/share/rmw_implementation_cmake/cmake)
[0.522s] -- Found rmw_fastrtps_cpp: 6.2.7 (/opt/ros/humble/share/rmw_fastrtps_cpp/cmake)
[0.632s] -- Using RMW implementation 'rmw_fastrtps_cpp' as default
[0.685s] -- Setting assimp_DIR to: '/opt/ros/humble/share/rviz_assimp_vendor/cmake/../../../opt/rviz_assimp_vendor/lib/cmake/assimp-4.1'
[0.690s] -- Setting OGRE_DIR to: '/opt/ros/humble/share/rviz_ogre_vendor/cmake/../../../opt/rviz_ogre_vendor/lib/OGRE/cmake'
[0.691s] -- Found OGRE
[0.691s] --   static     : OFF
[0.691s] --   components : HLMS;MeshLodGenerator;Overlay;Paging;Property;RTShaderSystem;Terrain;Volume
[0.691s] --   plugins    : Plugin_BSPSceneManager;Plugin_OctreeSceneManager;Plugin_PCZSceneManager;Plugin_ParticleFX;RenderSystem_GL;RenderSystem_GL3Plus;Codec_STBI
[0.692s] --   media      : /opt/ros/humble/opt/rviz_ogre_vendor/share/OGRE/Media
[0.692s] -- OGRE_LIBRARIES: OgreHLMS;OgreMeshLodGenerator;OgreOverlay;OgrePaging;OgreProperty;OgreRTShaderSystem;OgreTerrain;OgreVolume;OgreMain
[0.692s] -- OGRE_LIBRARY_DIRS: /opt/ros/humble/opt/rviz_ogre_vendor/lib
[0.692s] -- OGRE_PLUGINS: Plugin_BSPSceneManager;Plugin_OctreeSceneManager;Plugin_PCZSceneManager;Plugin_ParticleFX;RenderSystem_GL;RenderSystem_GL3Plus;Codec_STBI
[0.692s] -- OGRE_PLUGIN_DIR: /opt/ros/humble/opt/rviz_ogre_vendor/lib/OGRE
[0.692s] -- rviz_ogre_vendor::OgreOverlay for IMPORTED_LOCATION_RELEASE: /opt/ros/humble/opt/rviz_ogre_vendor/lib/libOgreOverlay.so
[0.692s] -- rviz_ogre_vendor::OgreOverlay for IMPORTED_LOCATION_DEBUG: /opt/ros/humble/opt/rviz_ogre_vendor/lib/libOgreOverlay.so
[0.692s] -- rviz_ogre_vendor::OgreMain for IMPORTED_LOCATION_RELEASE: /opt/ros/humble/opt/rviz_ogre_vendor/lib/libOgreMain.so
[0.692s] -- rviz_ogre_vendor::OgreMain for IMPORTED_LOCATION_DEBUG: /opt/ros/humble/opt/rviz_ogre_vendor/lib/libOgreMain.so
[0.852s] -- library: /usr/lib/x86_64-linux-gnu/libcurl.so
[0.903s] -- Ensuring Eigen3 include directory is part of orocos-kdl CMake target
[1.123s] -- Found ament_lint_auto: 0.12.12 (/opt/ros/humble/share/ament_lint_auto/cmake)
[1.133s] -- Added test 'copyright' to check source files copyright and LICENSE
[1.134s] -- Added test 'cppcheck' to perform static code analysis on C / C++ code
[1.135s] -- Configured cppcheck include dirs: /home/rhobtor/PHD/ARGOJ8_IA/src/plugin_rviz/include
[1.135s] -- Configured cppcheck exclude dirs and/or files: 
[1.135s] -- Added test 'cpplint' to check C / C++ code against the Google style
[1.135s] -- Configured cpplint exclude dirs and/or files: 
[1.136s] -- Added test 'lint_cmake' to check CMake code style
[1.137s] -- Added test 'uncrustify' to check C / C++ code style
[1.137s] -- Configured uncrustify additional arguments: 
[1.137s] -- Added test 'xmllint' to check XML markup files
[1.139s] -- Configuring done (1.1s)
[1.164s] -- Generating done (0.0s)
[1.169s] -- Build files have been written to: /home/rhobtor/PHD/ARGOJ8_IA/build/octomap_rviz_plugins
[1.178s] Invoked command in '/home/rhobtor/PHD/ARGOJ8_IA/build/octomap_rviz_plugins' returned '0': CMAKE_PREFIX_PATH=${CMAKE_PREFIX_PATH}:/home/rhobtor/PHD/ARGOJ8_IA/install/car:/home/rhobtor/PHD/reactive/Reactive-Navegation/workspace_full_conected/install/car:/opt/ros/humble /opt/st/stm32cubeclt_1.18.0/CMake/bin/cmake /home/rhobtor/PHD/ARGOJ8_IA/src/plugin_rviz -DAMENT_CMAKE_SYMLINK_INSTALL=1 -DCMAKE_INSTALL_PREFIX=/home/rhobtor/PHD/ARGOJ8_IA/install/octomap_rviz_plugins
[1.180s] Invoking command in '/home/rhobtor/PHD/ARGOJ8_IA/build/octomap_rviz_plugins': CMAKE_PREFIX_PATH=${CMAKE_PREFIX_PATH}:/home/rhobtor/PHD/ARGOJ8_IA/install/car:/home/rhobtor/PHD/reactive/Reactive-Navegation/workspace_full_conected/install/car:/opt/ros/humble /opt/st/stm32cubeclt_1.18.0/CMake/bin/cmake --build /home/rhobtor/PHD/ARGOJ8_IA/build/octomap_rviz_plugins -- -j16 -l16
[1.211s] [  0%] Built target octomap_rviz_plugins_autogen_timestamp_deps
[1.238s] [ 10%] [34m[1mAutomatic MOC for target octomap_rviz_plugins[0m
[1.252s] [ 10%] Built target octomap_rviz_plugins_autogen
[1.295s] [100%] Built target octomap_rviz_plugins
[1.300s] Invoked command in '/home/rhobtor/PHD/ARGOJ8_IA/build/octomap_rviz_plugins' returned '0': CMAKE_PREFIX_PATH=${CMAKE_PREFIX_PATH}:/home/rhobtor/PHD/ARGOJ8_IA/install/car:/home/rhobtor/PHD/reactive/Reactive-Navegation/workspace_full_conected/install/car:/opt/ros/humble /opt/st/stm32cubeclt_1.18.0/CMake/bin/cmake --build /home/rhobtor/PHD/ARGOJ8_IA/build/octomap_rviz_plugins -- -j16 -l16
[1.305s] Invoking command in '/home/rhobtor/PHD/ARGOJ8_IA/build/octomap_rviz_plugins': CMAKE_PREFIX_PATH=${CMAKE_PREFIX_PATH}:/home/rhobtor/PHD/ARGOJ8_IA/install/car:/home/rhobtor/PHD/reactive/Reactive-Navegation/workspace_full_conected/install/car:/opt/ros/humble /opt/st/stm32cubeclt_1.18.0/CMake/bin/cmake --install /home/rhobtor/PHD/ARGOJ8_IA/build/octomap_rviz_plugins
[1.307s] -- Install configuration: ""
[1.308s] -- Execute custom install script
[1.308s] -- Up-to-date symlink: /home/rhobtor/PHD/ARGOJ8_IA/install/octomap_rviz_plugins/share/octomap_rviz_plugins//plugins_description.xml
[1.309s] -- Up-to-date symlink: /home/rhobtor/PHD/ARGOJ8_IA/install/octomap_rviz_plugins/include/octomap_rviz_plugins/occupancy_grid_display.hpp
[1.309s] -- Up-to-date symlink: /home/rhobtor/PHD/ARGOJ8_IA/install/octomap_rviz_plugins/include/octomap_rviz_plugins/occupancy_map_display.hpp
[1.309s] -- Up-to-date symlink: /home/rhobtor/PHD/ARGOJ8_IA/install/octomap_rviz_plugins/share/octomap_rviz_plugins/environment/library_path.sh
[1.309s] -- Up-to-date symlink: /home/rhobtor/PHD/ARGOJ8_IA/install/octomap_rviz_plugins/share/octomap_rviz_plugins/environment/library_path.dsv
[1.310s] -- Up-to-date symlink: /home/rhobtor/PHD/ARGOJ8_IA/install/octomap_rviz_plugins/lib/liboctomap_rviz_plugins.so
[1.310s] -- Up-to-date symlink: /home/rhobtor/PHD/ARGOJ8_IA/install/octomap_rviz_plugins/share/octomap_rviz_plugins/icons/classes/ColorOccupancyGrid.png
[1.311s] -- Up-to-date symlink: /home/rhobtor/PHD/ARGOJ8_IA/install/octomap_rviz_plugins/share/octomap_rviz_plugins/icons/classes/OccupancyGrid.png
[1.311s] -- Up-to-date symlink: /home/rhobtor/PHD/ARGOJ8_IA/install/octomap_rviz_plugins/share/octomap_rviz_plugins/icons/classes/OccupancyGridStamped.png
[1.311s] -- Up-to-date symlink: /home/rhobtor/PHD/ARGOJ8_IA/install/octomap_rviz_plugins/share/octomap_rviz_plugins/icons/classes/OccupancyMap.png
[1.311s] -- Up-to-date symlink: /home/rhobtor/PHD/ARGOJ8_IA/install/octomap_rviz_plugins/share/octomap_rviz_plugins/icons/classes/OccupancyMapStamped.png
[1.311s] -- Up-to-date symlink: /home/rhobtor/PHD/ARGOJ8_IA/install/octomap_rviz_plugins/share/ament_index/resource_index/package_run_dependencies/octomap_rviz_plugins
[1.311s] -- Up-to-date symlink: /home/rhobtor/PHD/ARGOJ8_IA/install/octomap_rviz_plugins/share/ament_index/resource_index/parent_prefix_path/octomap_rviz_plugins
[1.311s] -- Up-to-date symlink: /home/rhobtor/PHD/ARGOJ8_IA/install/octomap_rviz_plugins/share/octomap_rviz_plugins/environment/ament_prefix_path.sh
[1.312s] -- Up-to-date symlink: /home/rhobtor/PHD/ARGOJ8_IA/install/octomap_rviz_plugins/share/octomap_rviz_plugins/environment/ament_prefix_path.dsv
[1.312s] -- Up-to-date symlink: /home/rhobtor/PHD/ARGOJ8_IA/install/octomap_rviz_plugins/share/octomap_rviz_plugins/environment/path.sh
[1.312s] -- Up-to-date symlink: /home/rhobtor/PHD/ARGOJ8_IA/install/octomap_rviz_plugins/share/octomap_rviz_plugins/environment/path.dsv
[1.312s] -- Up-to-date symlink: /home/rhobtor/PHD/ARGOJ8_IA/install/octomap_rviz_plugins/share/octomap_rviz_plugins/local_setup.bash
[1.312s] -- Up-to-date symlink: /home/rhobtor/PHD/ARGOJ8_IA/install/octomap_rviz_plugins/share/octomap_rviz_plugins/local_setup.sh
[1.312s] -- Up-to-date symlink: /home/rhobtor/PHD/ARGOJ8_IA/install/octomap_rviz_plugins/share/octomap_rviz_plugins/local_setup.zsh
[1.312s] -- Up-to-date symlink: /home/rhobtor/PHD/ARGOJ8_IA/install/octomap_rviz_plugins/share/octomap_rviz_plugins/local_setup.dsv
[1.312s] -- Symlinking: /home/rhobtor/PHD/ARGOJ8_IA/install/octomap_rviz_plugins/share/octomap_rviz_plugins/package.dsv
[1.315s] -- Up-to-date symlink: /home/rhobtor/PHD/ARGOJ8_IA/install/octomap_rviz_plugins/share/ament_index/resource_index/packages/octomap_rviz_plugins
[1.315s] -- Up-to-date symlink: /home/rhobtor/PHD/ARGOJ8_IA/install/octomap_rviz_plugins/share/ament_index/resource_index/rviz_common__pluginlib__plugin/octomap_rviz_plugins
[1.315s] -- Up-to-date symlink: /home/rhobtor/PHD/ARGOJ8_IA/install/octomap_rviz_plugins/share/octomap_rviz_plugins/cmake/ament_cmake_export_dependencies-extras.cmake
[1.315s] -- Up-to-date symlink: /home/rhobtor/PHD/ARGOJ8_IA/install/octomap_rviz_plugins/share/octomap_rviz_plugins/cmake/ament_cmake_export_include_directories-extras.cmake
[1.315s] -- Up-to-date symlink: /home/rhobtor/PHD/ARGOJ8_IA/install/octomap_rviz_plugins/share/octomap_rviz_plugins/cmake/ament_cmake_export_libraries-extras.cmake
[1.315s] -- Up-to-date symlink: /home/rhobtor/PHD/ARGOJ8_IA/install/octomap_rviz_plugins/share/octomap_rviz_plugins/cmake/octomap_rviz_pluginsConfig.cmake
[1.315s] -- Up-to-date symlink: /home/rhobtor/PHD/ARGOJ8_IA/install/octomap_rviz_plugins/share/octomap_rviz_plugins/cmake/octomap_rviz_pluginsConfig-version.cmake
[1.316s] -- Up-to-date symlink: /home/rhobtor/PHD/ARGOJ8_IA/install/octomap_rviz_plugins/share/octomap_rviz_plugins/package.xml
[1.317s] Invoked command in '/home/rhobtor/PHD/ARGOJ8_IA/build/octomap_rviz_plugins' returned '0': CMAKE_PREFIX_PATH=${CMAKE_PREFIX_PATH}:/home/rhobtor/PHD/ARGOJ8_IA/install/car:/home/rhobtor/PHD/reactive/Reactive-Navegation/workspace_full_conected/install/car:/opt/ros/humble /opt/st/stm32cubeclt_1.18.0/CMake/bin/cmake --install /home/rhobtor/PHD/ARGOJ8_IA/build/octomap_rviz_plugins
