[0.059s] Invoking command in '/home/rhobtor/PHD/ARGOJ8_IA/build/argj801_ctl_platform_interfaces': CMAKE_PREFIX_PATH=${CMAKE_PREFIX_PATH}:/home/rhobtor/PHD/ARGOJ8_IA/install/car:/home/rhobtor/PHD/reactive/Reactive-Navegation/workspace_full_conected/install/car:/opt/ros/humble /opt/st/stm32cubeclt_1.18.0/CMake/bin/cmake --build /home/rhobtor/PHD/ARGOJ8_IA/build/argj801_ctl_platform_interfaces -- -j16 -l16
[0.147s] [  1%] Built target argj801_ctl_platform_interfaces__cpp
[0.154s] [ 12%] Built target argj801_ctl_platform_interfaces__rosidl_generator_c
[0.187s] [ 12%] Built target ament_cmake_python_symlink_argj801_ctl_platform_interfaces
[0.200s] [ 23%] Built target argj801_ctl_platform_interfaces__rosidl_typesupport_fastrtps_cpp
[0.204s] [ 34%] Built target argj801_ctl_platform_interfaces__rosidl_typesupport_introspection_cpp
[0.211s] [ 45%] Built target argj801_ctl_platform_interfaces__rosidl_typesupport_fastrtps_c
[0.231s] [ 56%] Built target argj801_ctl_platform_interfaces__rosidl_typesupport_c
[0.287s] [ 67%] Built target argj801_ctl_platform_interfaces__rosidl_typesupport_introspection_c
[0.292s] [ 78%] Built target argj801_ctl_platform_interfaces__rosidl_typesupport_cpp
[0.320s] [ 78%] Built target argj801_ctl_platform_interfaces
[0.337s] [ 80%] Built target argj801_ctl_platform_interfaces__py
[0.374s] [ 89%] Built target argj801_ctl_platform_interfaces__rosidl_generator_py
[0.427s] [ 92%] Built target argj801_ctl_platform_interfaces__rosidl_typesupport_fastrtps_c__pyext
[0.427s] [ 96%] Built target argj801_ctl_platform_interfaces__rosidl_typesupport_c__pyext
[0.427s] [100%] Built target argj801_ctl_platform_interfaces__rosidl_typesupport_introspection_c__pyext
[0.782s] running egg_info
[0.783s] writing argj801_ctl_platform_interfaces.egg-info/PKG-INFO
[0.783s] writing dependency_links to argj801_ctl_platform_interfaces.egg-info/dependency_links.txt
[0.784s] writing top-level names to argj801_ctl_platform_interfaces.egg-info/top_level.txt
[0.789s] reading manifest file 'argj801_ctl_platform_interfaces.egg-info/SOURCES.txt'
[0.789s] writing manifest file 'argj801_ctl_platform_interfaces.egg-info/SOURCES.txt'
[0.823s] [100%] Built target ament_cmake_python_build_argj801_ctl_platform_interfaces_egg
[1.126s] Invoked command in '/home/rhobtor/PHD/ARGOJ8_IA/build/argj801_ctl_platform_interfaces' returned '0': CMAKE_PREFIX_PATH=${CMAKE_PREFIX_PATH}:/home/rhobtor/PHD/ARGOJ8_IA/install/car:/home/rhobtor/PHD/reactive/Reactive-Navegation/workspace_full_conected/install/car:/opt/ros/humble /opt/st/stm32cubeclt_1.18.0/CMake/bin/cmake --build /home/rhobtor/PHD/ARGOJ8_IA/build/argj801_ctl_platform_interfaces -- -j16 -l16
[1.127s] Invoking command in '/home/rhobtor/PHD/ARGOJ8_IA/build/argj801_ctl_platform_interfaces': CMAKE_PREFIX_PATH=${CMAKE_PREFIX_PATH}:/home/rhobtor/PHD/ARGOJ8_IA/install/car:/home/rhobtor/PHD/reactive/Reactive-Navegation/workspace_full_conected/install/car:/opt/ros/humble /opt/st/stm32cubeclt_1.18.0/CMake/bin/cmake --install /home/rhobtor/PHD/ARGOJ8_IA/build/argj801_ctl_platform_interfaces
[1.134s] -- Install configuration: ""
[1.134s] -- Execute custom install script
[1.134s] -- Up-to-date symlink: /home/rhobtor/PHD/ARGOJ8_IA/install/argj801_ctl_platform_interfaces/share/ament_index/resource_index/rosidl_interfaces/argj801_ctl_platform_interfaces
[1.134s] -- Up-to-date symlink: /home/rhobtor/PHD/ARGOJ8_IA/install/argj801_ctl_platform_interfaces/include/argj801_ctl_platform_interfaces/argj801_ctl_platform_interfaces/msg/cmd_throttle_msg.h
[1.134s] -- Up-to-date symlink: /home/rhobtor/PHD/ARGOJ8_IA/install/argj801_ctl_platform_interfaces/include/argj801_ctl_platform_interfaces/argj801_ctl_platform_interfaces/msg/detail/cmd_throttle_msg__functions.h
[1.134s] -- Up-to-date symlink: /home/rhobtor/PHD/ARGOJ8_IA/install/argj801_ctl_platform_interfaces/include/argj801_ctl_platform_interfaces/argj801_ctl_platform_interfaces/msg/detail/cmd_throttle_msg__struct.h
[1.134s] -- Up-to-date symlink: /home/rhobtor/PHD/ARGOJ8_IA/install/argj801_ctl_platform_interfaces/include/argj801_ctl_platform_interfaces/argj801_ctl_platform_interfaces/msg/detail/cmd_throttle_msg__type_support.h
[1.135s] -- Up-to-date symlink: /home/rhobtor/PHD/ARGOJ8_IA/install/argj801_ctl_platform_interfaces/include/argj801_ctl_platform_interfaces/argj801_ctl_platform_interfaces/msg/rosidl_generator_c__visibility_control.h
[1.135s] -- Up-to-date symlink: /home/rhobtor/PHD/ARGOJ8_IA/install/argj801_ctl_platform_interfaces/include/argj801_ctl_platform_interfaces/argj801_ctl_platform_interfaces/srv/detail/emergency_stop__functions.h
[1.135s] -- Up-to-date symlink: /home/rhobtor/PHD/ARGOJ8_IA/install/argj801_ctl_platform_interfaces/include/argj801_ctl_platform_interfaces/argj801_ctl_platform_interfaces/srv/detail/emergency_stop__struct.h
[1.135s] -- Up-to-date symlink: /home/rhobtor/PHD/ARGOJ8_IA/install/argj801_ctl_platform_interfaces/include/argj801_ctl_platform_interfaces/argj801_ctl_platform_interfaces/srv/detail/emergency_stop__type_support.h
[1.137s] -- Up-to-date symlink: /home/rhobtor/PHD/ARGOJ8_IA/install/argj801_ctl_platform_interfaces/include/argj801_ctl_platform_interfaces/argj801_ctl_platform_interfaces/srv/detail/get_velocity__functions.h
[1.137s] -- Up-to-date symlink: /home/rhobtor/PHD/ARGOJ8_IA/install/argj801_ctl_platform_interfaces/include/argj801_ctl_platform_interfaces/argj801_ctl_platform_interfaces/srv/detail/get_velocity__struct.h
[1.137s] -- Up-to-date symlink: /home/rhobtor/PHD/ARGOJ8_IA/install/argj801_ctl_platform_interfaces/include/argj801_ctl_platform_interfaces/argj801_ctl_platform_interfaces/srv/detail/get_velocity__type_support.h
[1.137s] -- Up-to-date symlink: /home/rhobtor/PHD/ARGOJ8_IA/install/argj801_ctl_platform_interfaces/include/argj801_ctl_platform_interfaces/argj801_ctl_platform_interfaces/srv/detail/set_velocity__functions.h
[1.137s] -- Up-to-date symlink: /home/rhobtor/PHD/ARGOJ8_IA/install/argj801_ctl_platform_interfaces/include/argj801_ctl_platform_interfaces/argj801_ctl_platform_interfaces/srv/detail/set_velocity__struct.h
[1.138s] -- Up-to-date symlink: /home/rhobtor/PHD/ARGOJ8_IA/install/argj801_ctl_platform_interfaces/include/argj801_ctl_platform_interfaces/argj801_ctl_platform_interfaces/srv/detail/set_velocity__type_support.h
[1.138s] -- Up-to-date symlink: /home/rhobtor/PHD/ARGOJ8_IA/install/argj801_ctl_platform_interfaces/include/argj801_ctl_platform_interfaces/argj801_ctl_platform_interfaces/srv/emergency_stop.h
[1.138s] -- Up-to-date symlink: /home/rhobtor/PHD/ARGOJ8_IA/install/argj801_ctl_platform_interfaces/include/argj801_ctl_platform_interfaces/argj801_ctl_platform_interfaces/srv/get_velocity.h
[1.138s] -- Up-to-date symlink: /home/rhobtor/PHD/ARGOJ8_IA/install/argj801_ctl_platform_interfaces/include/argj801_ctl_platform_interfaces/argj801_ctl_platform_interfaces/srv/set_velocity.h
[1.138s] -- Up-to-date symlink: /home/rhobtor/PHD/ARGOJ8_IA/install/argj801_ctl_platform_interfaces/share/argj801_ctl_platform_interfaces/environment/library_path.sh
[1.138s] -- Up-to-date symlink: /home/rhobtor/PHD/ARGOJ8_IA/install/argj801_ctl_platform_interfaces/share/argj801_ctl_platform_interfaces/environment/library_path.dsv
[1.138s] -- Up-to-date symlink: /home/rhobtor/PHD/ARGOJ8_IA/install/argj801_ctl_platform_interfaces/include/argj801_ctl_platform_interfaces/argj801_ctl_platform_interfaces/msg/detail/cmd_throttle_msg__rosidl_typesupport_fastrtps_c.h
[1.140s] -- Up-to-date symlink: /home/rhobtor/PHD/ARGOJ8_IA/install/argj801_ctl_platform_interfaces/include/argj801_ctl_platform_interfaces/argj801_ctl_platform_interfaces/msg/rosidl_typesupport_fastrtps_c__visibility_control.h
[1.140s] -- Up-to-date symlink: /home/rhobtor/PHD/ARGOJ8_IA/install/argj801_ctl_platform_interfaces/include/argj801_ctl_platform_interfaces/argj801_ctl_platform_interfaces/srv/detail/emergency_stop__rosidl_typesupport_fastrtps_c.h
[1.140s] -- Up-to-date symlink: /home/rhobtor/PHD/ARGOJ8_IA/install/argj801_ctl_platform_interfaces/include/argj801_ctl_platform_interfaces/argj801_ctl_platform_interfaces/srv/detail/get_velocity__rosidl_typesupport_fastrtps_c.h
[1.141s] -- Up-to-date symlink: /home/rhobtor/PHD/ARGOJ8_IA/install/argj801_ctl_platform_interfaces/include/argj801_ctl_platform_interfaces/argj801_ctl_platform_interfaces/srv/detail/set_velocity__rosidl_typesupport_fastrtps_c.h
[1.141s] -- Up-to-date symlink: /home/rhobtor/PHD/ARGOJ8_IA/install/argj801_ctl_platform_interfaces/include/argj801_ctl_platform_interfaces/argj801_ctl_platform_interfaces/msg/detail/cmd_throttle_msg__rosidl_typesupport_introspection_c.h
[1.141s] -- Up-to-date symlink: /home/rhobtor/PHD/ARGOJ8_IA/install/argj801_ctl_platform_interfaces/include/argj801_ctl_platform_interfaces/argj801_ctl_platform_interfaces/msg/rosidl_typesupport_introspection_c__visibility_control.h
[1.141s] -- Up-to-date symlink: /home/rhobtor/PHD/ARGOJ8_IA/install/argj801_ctl_platform_interfaces/include/argj801_ctl_platform_interfaces/argj801_ctl_platform_interfaces/srv/detail/emergency_stop__rosidl_typesupport_introspection_c.h
[1.142s] -- Up-to-date symlink: /home/rhobtor/PHD/ARGOJ8_IA/install/argj801_ctl_platform_interfaces/include/argj801_ctl_platform_interfaces/argj801_ctl_platform_interfaces/srv/detail/get_velocity__rosidl_typesupport_introspection_c.h
[1.142s] -- Up-to-date symlink: /home/rhobtor/PHD/ARGOJ8_IA/install/argj801_ctl_platform_interfaces/include/argj801_ctl_platform_interfaces/argj801_ctl_platform_interfaces/srv/detail/set_velocity__rosidl_typesupport_introspection_c.h
[1.142s] -- Up-to-date symlink: /home/rhobtor/PHD/ARGOJ8_IA/install/argj801_ctl_platform_interfaces/include/argj801_ctl_platform_interfaces/argj801_ctl_platform_interfaces/msg/cmd_throttle_msg.hpp
[1.142s] -- Up-to-date symlink: /home/rhobtor/PHD/ARGOJ8_IA/install/argj801_ctl_platform_interfaces/include/argj801_ctl_platform_interfaces/argj801_ctl_platform_interfaces/msg/detail/cmd_throttle_msg__builder.hpp
[1.142s] -- Up-to-date symlink: /home/rhobtor/PHD/ARGOJ8_IA/install/argj801_ctl_platform_interfaces/include/argj801_ctl_platform_interfaces/argj801_ctl_platform_interfaces/msg/detail/cmd_throttle_msg__struct.hpp
[1.142s] -- Up-to-date symlink: /home/rhobtor/PHD/ARGOJ8_IA/install/argj801_ctl_platform_interfaces/include/argj801_ctl_platform_interfaces/argj801_ctl_platform_interfaces/msg/detail/cmd_throttle_msg__traits.hpp
[1.142s] -- Up-to-date symlink: /home/rhobtor/PHD/ARGOJ8_IA/install/argj801_ctl_platform_interfaces/include/argj801_ctl_platform_interfaces/argj801_ctl_platform_interfaces/msg/detail/cmd_throttle_msg__type_support.hpp
[1.142s] -- Up-to-date symlink: /home/rhobtor/PHD/ARGOJ8_IA/install/argj801_ctl_platform_interfaces/include/argj801_ctl_platform_interfaces/argj801_ctl_platform_interfaces/msg/rosidl_generator_cpp__visibility_control.hpp
[1.143s] -- Up-to-date symlink: /home/rhobtor/PHD/ARGOJ8_IA/install/argj801_ctl_platform_interfaces/include/argj801_ctl_platform_interfaces/argj801_ctl_platform_interfaces/srv/detail/emergency_stop__builder.hpp
[1.143s] -- Up-to-date symlink: /home/rhobtor/PHD/ARGOJ8_IA/install/argj801_ctl_platform_interfaces/include/argj801_ctl_platform_interfaces/argj801_ctl_platform_interfaces/srv/detail/emergency_stop__struct.hpp
[1.143s] -- Up-to-date symlink: /home/rhobtor/PHD/ARGOJ8_IA/install/argj801_ctl_platform_interfaces/include/argj801_ctl_platform_interfaces/argj801_ctl_platform_interfaces/srv/detail/emergency_stop__traits.hpp
[1.143s] -- Up-to-date symlink: /home/rhobtor/PHD/ARGOJ8_IA/install/argj801_ctl_platform_interfaces/include/argj801_ctl_platform_interfaces/argj801_ctl_platform_interfaces/srv/detail/emergency_stop__type_support.hpp
[1.143s] -- Up-to-date symlink: /home/rhobtor/PHD/ARGOJ8_IA/install/argj801_ctl_platform_interfaces/include/argj801_ctl_platform_interfaces/argj801_ctl_platform_interfaces/srv/detail/get_velocity__builder.hpp
[1.143s] -- Up-to-date symlink: /home/rhobtor/PHD/ARGOJ8_IA/install/argj801_ctl_platform_interfaces/include/argj801_ctl_platform_interfaces/argj801_ctl_platform_interfaces/srv/detail/get_velocity__struct.hpp
[1.143s] -- Up-to-date symlink: /home/rhobtor/PHD/ARGOJ8_IA/install/argj801_ctl_platform_interfaces/include/argj801_ctl_platform_interfaces/argj801_ctl_platform_interfaces/srv/detail/get_velocity__traits.hpp
[1.143s] -- Up-to-date symlink: /home/rhobtor/PHD/ARGOJ8_IA/install/argj801_ctl_platform_interfaces/include/argj801_ctl_platform_interfaces/argj801_ctl_platform_interfaces/srv/detail/get_velocity__type_support.hpp
[1.144s] -- Up-to-date symlink: /home/rhobtor/PHD/ARGOJ8_IA/install/argj801_ctl_platform_interfaces/include/argj801_ctl_platform_interfaces/argj801_ctl_platform_interfaces/srv/detail/set_velocity__builder.hpp
[1.144s] -- Up-to-date symlink: /home/rhobtor/PHD/ARGOJ8_IA/install/argj801_ctl_platform_interfaces/include/argj801_ctl_platform_interfaces/argj801_ctl_platform_interfaces/srv/detail/set_velocity__struct.hpp
[1.144s] -- Up-to-date symlink: /home/rhobtor/PHD/ARGOJ8_IA/install/argj801_ctl_platform_interfaces/include/argj801_ctl_platform_interfaces/argj801_ctl_platform_interfaces/srv/detail/set_velocity__traits.hpp
[1.144s] -- Up-to-date symlink: /home/rhobtor/PHD/ARGOJ8_IA/install/argj801_ctl_platform_interfaces/include/argj801_ctl_platform_interfaces/argj801_ctl_platform_interfaces/srv/detail/set_velocity__type_support.hpp
[1.144s] -- Up-to-date symlink: /home/rhobtor/PHD/ARGOJ8_IA/install/argj801_ctl_platform_interfaces/include/argj801_ctl_platform_interfaces/argj801_ctl_platform_interfaces/srv/emergency_stop.hpp
[1.144s] -- Up-to-date symlink: /home/rhobtor/PHD/ARGOJ8_IA/install/argj801_ctl_platform_interfaces/include/argj801_ctl_platform_interfaces/argj801_ctl_platform_interfaces/srv/get_velocity.hpp
[1.144s] -- Up-to-date symlink: /home/rhobtor/PHD/ARGOJ8_IA/install/argj801_ctl_platform_interfaces/include/argj801_ctl_platform_interfaces/argj801_ctl_platform_interfaces/srv/set_velocity.hpp
[1.144s] -- Up-to-date symlink: /home/rhobtor/PHD/ARGOJ8_IA/install/argj801_ctl_platform_interfaces/include/argj801_ctl_platform_interfaces/argj801_ctl_platform_interfaces/msg/detail/cmd_throttle_msg__rosidl_typesupport_fastrtps_cpp.hpp
[1.144s] -- Up-to-date symlink: /home/rhobtor/PHD/ARGOJ8_IA/install/argj801_ctl_platform_interfaces/include/argj801_ctl_platform_interfaces/argj801_ctl_platform_interfaces/msg/rosidl_typesupport_fastrtps_cpp__visibility_control.h
[1.145s] -- Up-to-date symlink: /home/rhobtor/PHD/ARGOJ8_IA/install/argj801_ctl_platform_interfaces/include/argj801_ctl_platform_interfaces/argj801_ctl_platform_interfaces/srv/detail/emergency_stop__rosidl_typesupport_fastrtps_cpp.hpp
[1.145s] -- Up-to-date symlink: /home/rhobtor/PHD/ARGOJ8_IA/install/argj801_ctl_platform_interfaces/include/argj801_ctl_platform_interfaces/argj801_ctl_platform_interfaces/srv/detail/get_velocity__rosidl_typesupport_fastrtps_cpp.hpp
[1.145s] -- Up-to-date symlink: /home/rhobtor/PHD/ARGOJ8_IA/install/argj801_ctl_platform_interfaces/include/argj801_ctl_platform_interfaces/argj801_ctl_platform_interfaces/srv/detail/set_velocity__rosidl_typesupport_fastrtps_cpp.hpp
[1.146s] -- Up-to-date symlink: /home/rhobtor/PHD/ARGOJ8_IA/install/argj801_ctl_platform_interfaces/include/argj801_ctl_platform_interfaces/argj801_ctl_platform_interfaces/msg/detail/cmd_throttle_msg__rosidl_typesupport_introspection_cpp.hpp
[1.146s] -- Up-to-date symlink: /home/rhobtor/PHD/ARGOJ8_IA/install/argj801_ctl_platform_interfaces/include/argj801_ctl_platform_interfaces/argj801_ctl_platform_interfaces/srv/detail/emergency_stop__rosidl_typesupport_introspection_cpp.hpp
[1.146s] -- Up-to-date symlink: /home/rhobtor/PHD/ARGOJ8_IA/install/argj801_ctl_platform_interfaces/include/argj801_ctl_platform_interfaces/argj801_ctl_platform_interfaces/srv/detail/get_velocity__rosidl_typesupport_introspection_cpp.hpp
[1.146s] -- Up-to-date symlink: /home/rhobtor/PHD/ARGOJ8_IA/install/argj801_ctl_platform_interfaces/include/argj801_ctl_platform_interfaces/argj801_ctl_platform_interfaces/srv/detail/set_velocity__rosidl_typesupport_introspection_cpp.hpp
[1.147s] -- Up-to-date symlink: /home/rhobtor/PHD/ARGOJ8_IA/install/argj801_ctl_platform_interfaces/share/argj801_ctl_platform_interfaces/environment/pythonpath.sh
[1.147s] -- Up-to-date symlink: /home/rhobtor/PHD/ARGOJ8_IA/install/argj801_ctl_platform_interfaces/share/argj801_ctl_platform_interfaces/environment/pythonpath.dsv
[1.147s] -- Up-to-date symlink: /home/rhobtor/PHD/ARGOJ8_IA/install/argj801_ctl_platform_interfaces/local/lib/python3.10/dist-packages/argj801_ctl_platform_interfaces-0.0.0-py3.10.egg-info/PKG-INFO
[1.147s] -- Up-to-date symlink: /home/rhobtor/PHD/ARGOJ8_IA/install/argj801_ctl_platform_interfaces/local/lib/python3.10/dist-packages/argj801_ctl_platform_interfaces-0.0.0-py3.10.egg-info/SOURCES.txt
[1.147s] -- Up-to-date symlink: /home/rhobtor/PHD/ARGOJ8_IA/install/argj801_ctl_platform_interfaces/local/lib/python3.10/dist-packages/argj801_ctl_platform_interfaces-0.0.0-py3.10.egg-info/dependency_links.txt
[1.147s] -- Up-to-date symlink: /home/rhobtor/PHD/ARGOJ8_IA/install/argj801_ctl_platform_interfaces/local/lib/python3.10/dist-packages/argj801_ctl_platform_interfaces-0.0.0-py3.10.egg-info/top_level.txt
[1.148s] -- Up-to-date symlink: /home/rhobtor/PHD/ARGOJ8_IA/install/argj801_ctl_platform_interfaces/local/lib/python3.10/dist-packages/argj801_ctl_platform_interfaces/__init__.py
[1.150s] -- Up-to-date symlink: /home/rhobtor/PHD/ARGOJ8_IA/install/argj801_ctl_platform_interfaces/local/lib/python3.10/dist-packages/argj801_ctl_platform_interfaces/_argj801_ctl_platform_interfaces_s.ep.rosidl_typesupport_c.c
[1.155s] -- Up-to-date symlink: /home/rhobtor/PHD/ARGOJ8_IA/install/argj801_ctl_platform_interfaces/local/lib/python3.10/dist-packages/argj801_ctl_platform_interfaces/_argj801_ctl_platform_interfaces_s.ep.rosidl_typesupport_fastrtps_c.c
[1.157s] -- Up-to-date symlink: /home/rhobtor/PHD/ARGOJ8_IA/install/argj801_ctl_platform_interfaces/local/lib/python3.10/dist-packages/argj801_ctl_platform_interfaces/_argj801_ctl_platform_interfaces_s.ep.rosidl_typesupport_introspection_c.c
[1.176s] -- Up-to-date symlink: /home/rhobtor/PHD/ARGOJ8_IA/install/argj801_ctl_platform_interfaces/local/lib/python3.10/dist-packages/argj801_ctl_platform_interfaces/argj801_ctl_platform_interfaces_s__rosidl_typesupport_c.cpython-310-x86_64-linux-gnu.so
[1.193s] -- Up-to-date symlink: /home/rhobtor/PHD/ARGOJ8_IA/install/argj801_ctl_platform_interfaces/local/lib/python3.10/dist-packages/argj801_ctl_platform_interfaces/argj801_ctl_platform_interfaces_s__rosidl_typesupport_fastrtps_c.cpython-310-x86_64-linux-gnu.so
[1.193s] -- Up-to-date symlink: /home/rhobtor/PHD/ARGOJ8_IA/install/argj801_ctl_platform_interfaces/local/lib/python3.10/dist-packages/argj801_ctl_platform_interfaces/argj801_ctl_platform_interfaces_s__rosidl_typesupport_introspection_c.cpython-310-x86_64-linux-gnu.so
[1.193s] -- Up-to-date symlink: /home/rhobtor/PHD/ARGOJ8_IA/install/argj801_ctl_platform_interfaces/local/lib/python3.10/dist-packages/argj801_ctl_platform_interfaces/libargj801_ctl_platform_interfaces__rosidl_generator_py.so
[1.193s] -- Up-to-date symlink: /home/rhobtor/PHD/ARGOJ8_IA/install/argj801_ctl_platform_interfaces/local/lib/python3.10/dist-packages/argj801_ctl_platform_interfaces/msg/__init__.py
[1.194s] -- Up-to-date symlink: /home/rhobtor/PHD/ARGOJ8_IA/install/argj801_ctl_platform_interfaces/local/lib/python3.10/dist-packages/argj801_ctl_platform_interfaces/msg/_cmd_throttle_msg.py
[1.194s] -- Up-to-date symlink: /home/rhobtor/PHD/ARGOJ8_IA/install/argj801_ctl_platform_interfaces/local/lib/python3.10/dist-packages/argj801_ctl_platform_interfaces/msg/_cmd_throttle_msg_s.c
[1.194s] -- Up-to-date symlink: /home/rhobtor/PHD/ARGOJ8_IA/install/argj801_ctl_platform_interfaces/local/lib/python3.10/dist-packages/argj801_ctl_platform_interfaces/srv/__init__.py
[1.194s] -- Up-to-date symlink: /home/rhobtor/PHD/ARGOJ8_IA/install/argj801_ctl_platform_interfaces/local/lib/python3.10/dist-packages/argj801_ctl_platform_interfaces/srv/_emergency_stop.py
[1.194s] -- Up-to-date symlink: /home/rhobtor/PHD/ARGOJ8_IA/install/argj801_ctl_platform_interfaces/local/lib/python3.10/dist-packages/argj801_ctl_platform_interfaces/srv/_emergency_stop_s.c
[1.194s] -- Up-to-date symlink: /home/rhobtor/PHD/ARGOJ8_IA/install/argj801_ctl_platform_interfaces/local/lib/python3.10/dist-packages/argj801_ctl_platform_interfaces/srv/_get_velocity.py
[1.194s] -- Up-to-date symlink: /home/rhobtor/PHD/ARGOJ8_IA/install/argj801_ctl_platform_interfaces/local/lib/python3.10/dist-packages/argj801_ctl_platform_interfaces/srv/_get_velocity_s.c
[1.194s] -- Up-to-date symlink: /home/rhobtor/PHD/ARGOJ8_IA/install/argj801_ctl_platform_interfaces/local/lib/python3.10/dist-packages/argj801_ctl_platform_interfaces/srv/_set_velocity.py
[1.194s] -- Up-to-date symlink: /home/rhobtor/PHD/ARGOJ8_IA/install/argj801_ctl_platform_interfaces/local/lib/python3.10/dist-packages/argj801_ctl_platform_interfaces/srv/_set_velocity_s.c
[1.194s] -- Up-to-date symlink: /home/rhobtor/PHD/ARGOJ8_IA/install/argj801_ctl_platform_interfaces/local/lib/python3.10/dist-packages/argj801_ctl_platform_interfaces/argj801_ctl_platform_interfaces_s__rosidl_typesupport_fastrtps_c.cpython-310-x86_64-linux-gnu.so
[1.194s] -- Up-to-date symlink: /home/rhobtor/PHD/ARGOJ8_IA/install/argj801_ctl_platform_interfaces/local/lib/python3.10/dist-packages/argj801_ctl_platform_interfaces/argj801_ctl_platform_interfaces_s__rosidl_typesupport_introspection_c.cpython-310-x86_64-linux-gnu.so
[1.194s] -- Up-to-date symlink: /home/rhobtor/PHD/ARGOJ8_IA/install/argj801_ctl_platform_interfaces/local/lib/python3.10/dist-packages/argj801_ctl_platform_interfaces/argj801_ctl_platform_interfaces_s__rosidl_typesupport_c.cpython-310-x86_64-linux-gnu.so
[1.194s] -- Up-to-date symlink: /home/rhobtor/PHD/ARGOJ8_IA/install/argj801_ctl_platform_interfaces/share/argj801_ctl_platform_interfaces/srv/SetVelocity.idl
[1.195s] -- Up-to-date symlink: /home/rhobtor/PHD/ARGOJ8_IA/install/argj801_ctl_platform_interfaces/share/argj801_ctl_platform_interfaces/srv/GetVelocity.idl
[1.195s] -- Up-to-date symlink: /home/rhobtor/PHD/ARGOJ8_IA/install/argj801_ctl_platform_interfaces/share/argj801_ctl_platform_interfaces/srv/EmergencyStop.idl
[1.196s] -- Up-to-date symlink: /home/rhobtor/PHD/ARGOJ8_IA/install/argj801_ctl_platform_interfaces/share/argj801_ctl_platform_interfaces/msg/CmdThrottleMsg.idl
[1.196s] -- Up-to-date symlink: /home/rhobtor/PHD/ARGOJ8_IA/install/argj801_ctl_platform_interfaces/share/argj801_ctl_platform_interfaces/srv/SetVelocity.srv
[1.196s] -- Up-to-date symlink: /home/rhobtor/PHD/ARGOJ8_IA/install/argj801_ctl_platform_interfaces/share/argj801_ctl_platform_interfaces/srv/SetVelocity_Request.msg
[1.197s] -- Up-to-date symlink: /home/rhobtor/PHD/ARGOJ8_IA/install/argj801_ctl_platform_interfaces/share/argj801_ctl_platform_interfaces/srv/SetVelocity_Response.msg
[1.197s] -- Up-to-date symlink: /home/rhobtor/PHD/ARGOJ8_IA/install/argj801_ctl_platform_interfaces/share/argj801_ctl_platform_interfaces/srv/GetVelocity.srv
[1.197s] -- Up-to-date symlink: /home/rhobtor/PHD/ARGOJ8_IA/install/argj801_ctl_platform_interfaces/share/argj801_ctl_platform_interfaces/srv/GetVelocity_Request.msg
[1.197s] -- Up-to-date symlink: /home/rhobtor/PHD/ARGOJ8_IA/install/argj801_ctl_platform_interfaces/share/argj801_ctl_platform_interfaces/srv/GetVelocity_Response.msg
[1.197s] -- Up-to-date symlink: /home/rhobtor/PHD/ARGOJ8_IA/install/argj801_ctl_platform_interfaces/share/argj801_ctl_platform_interfaces/srv/EmergencyStop.srv
[1.197s] -- Up-to-date symlink: /home/rhobtor/PHD/ARGOJ8_IA/install/argj801_ctl_platform_interfaces/share/argj801_ctl_platform_interfaces/srv/EmergencyStop_Request.msg
[1.197s] -- Up-to-date symlink: /home/rhobtor/PHD/ARGOJ8_IA/install/argj801_ctl_platform_interfaces/share/argj801_ctl_platform_interfaces/srv/EmergencyStop_Response.msg
[1.197s] -- Up-to-date symlink: /home/rhobtor/PHD/ARGOJ8_IA/install/argj801_ctl_platform_interfaces/share/argj801_ctl_platform_interfaces/msg/CmdThrottleMsg.msg
[1.197s] -- Up-to-date symlink: /home/rhobtor/PHD/ARGOJ8_IA/install/argj801_ctl_platform_interfaces/share/ament_index/resource_index/package_run_dependencies/argj801_ctl_platform_interfaces
[1.197s] -- Up-to-date symlink: /home/rhobtor/PHD/ARGOJ8_IA/install/argj801_ctl_platform_interfaces/share/ament_index/resource_index/parent_prefix_path/argj801_ctl_platform_interfaces
[1.197s] -- Up-to-date symlink: /home/rhobtor/PHD/ARGOJ8_IA/install/argj801_ctl_platform_interfaces/share/argj801_ctl_platform_interfaces/environment/ament_prefix_path.sh
[1.198s] -- Up-to-date symlink: /home/rhobtor/PHD/ARGOJ8_IA/install/argj801_ctl_platform_interfaces/share/argj801_ctl_platform_interfaces/environment/ament_prefix_path.dsv
[1.199s] -- Up-to-date symlink: /home/rhobtor/PHD/ARGOJ8_IA/install/argj801_ctl_platform_interfaces/share/argj801_ctl_platform_interfaces/environment/path.sh
[1.199s] -- Up-to-date symlink: /home/rhobtor/PHD/ARGOJ8_IA/install/argj801_ctl_platform_interfaces/share/argj801_ctl_platform_interfaces/environment/path.dsv
[1.199s] -- Up-to-date symlink: /home/rhobtor/PHD/ARGOJ8_IA/install/argj801_ctl_platform_interfaces/share/argj801_ctl_platform_interfaces/local_setup.bash
[1.199s] -- Up-to-date symlink: /home/rhobtor/PHD/ARGOJ8_IA/install/argj801_ctl_platform_interfaces/share/argj801_ctl_platform_interfaces/local_setup.sh
[1.199s] -- Up-to-date symlink: /home/rhobtor/PHD/ARGOJ8_IA/install/argj801_ctl_platform_interfaces/share/argj801_ctl_platform_interfaces/local_setup.zsh
[1.199s] -- Up-to-date symlink: /home/rhobtor/PHD/ARGOJ8_IA/install/argj801_ctl_platform_interfaces/share/argj801_ctl_platform_interfaces/local_setup.dsv
[1.199s] -- Symlinking: /home/rhobtor/PHD/ARGOJ8_IA/install/argj801_ctl_platform_interfaces/share/argj801_ctl_platform_interfaces/package.dsv
[1.201s] -- Up-to-date symlink: /home/rhobtor/PHD/ARGOJ8_IA/install/argj801_ctl_platform_interfaces/share/ament_index/resource_index/packages/argj801_ctl_platform_interfaces
[1.201s] -- Up-to-date symlink: /home/rhobtor/PHD/ARGOJ8_IA/install/argj801_ctl_platform_interfaces/share/argj801_ctl_platform_interfaces/cmake/rosidl_cmake-extras.cmake
[1.201s] -- Up-to-date symlink: /home/rhobtor/PHD/ARGOJ8_IA/install/argj801_ctl_platform_interfaces/share/argj801_ctl_platform_interfaces/cmake/ament_cmake_export_include_directories-extras.cmake
[1.201s] -- Up-to-date symlink: /home/rhobtor/PHD/ARGOJ8_IA/install/argj801_ctl_platform_interfaces/share/argj801_ctl_platform_interfaces/cmake/ament_cmake_export_libraries-extras.cmake
[1.201s] -- Up-to-date symlink: /home/rhobtor/PHD/ARGOJ8_IA/install/argj801_ctl_platform_interfaces/share/argj801_ctl_platform_interfaces/cmake/ament_cmake_export_targets-extras.cmake
[1.201s] -- Up-to-date symlink: /home/rhobtor/PHD/ARGOJ8_IA/install/argj801_ctl_platform_interfaces/share/argj801_ctl_platform_interfaces/cmake/rosidl_cmake_export_typesupport_targets-extras.cmake
[1.201s] -- Up-to-date symlink: /home/rhobtor/PHD/ARGOJ8_IA/install/argj801_ctl_platform_interfaces/share/argj801_ctl_platform_interfaces/cmake/ament_cmake_export_dependencies-extras.cmake
[1.201s] -- Up-to-date symlink: /home/rhobtor/PHD/ARGOJ8_IA/install/argj801_ctl_platform_interfaces/share/argj801_ctl_platform_interfaces/cmake/rosidl_cmake_export_typesupport_libraries-extras.cmake
[1.201s] -- Up-to-date symlink: /home/rhobtor/PHD/ARGOJ8_IA/install/argj801_ctl_platform_interfaces/share/argj801_ctl_platform_interfaces/cmake/argj801_ctl_platform_interfacesConfig.cmake
[1.201s] -- Up-to-date symlink: /home/rhobtor/PHD/ARGOJ8_IA/install/argj801_ctl_platform_interfaces/share/argj801_ctl_platform_interfaces/cmake/argj801_ctl_platform_interfacesConfig-version.cmake
[1.202s] -- Up-to-date symlink: /home/rhobtor/PHD/ARGOJ8_IA/install/argj801_ctl_platform_interfaces/share/argj801_ctl_platform_interfaces/package.xml
[1.202s] -- Up-to-date: /home/rhobtor/PHD/ARGOJ8_IA/install/argj801_ctl_platform_interfaces/lib/libargj801_ctl_platform_interfaces__rosidl_generator_c.so
[1.202s] -- Up-to-date: /home/rhobtor/PHD/ARGOJ8_IA/install/argj801_ctl_platform_interfaces/lib/libargj801_ctl_platform_interfaces__rosidl_typesupport_fastrtps_c.so
[1.202s] -- Up-to-date: /home/rhobtor/PHD/ARGOJ8_IA/install/argj801_ctl_platform_interfaces/lib/libargj801_ctl_platform_interfaces__rosidl_typesupport_introspection_c.so
[1.203s] -- Up-to-date: /home/rhobtor/PHD/ARGOJ8_IA/install/argj801_ctl_platform_interfaces/lib/libargj801_ctl_platform_interfaces__rosidl_typesupport_c.so
[1.203s] -- Up-to-date: /home/rhobtor/PHD/ARGOJ8_IA/install/argj801_ctl_platform_interfaces/lib/libargj801_ctl_platform_interfaces__rosidl_typesupport_fastrtps_cpp.so
[1.203s] -- Up-to-date: /home/rhobtor/PHD/ARGOJ8_IA/install/argj801_ctl_platform_interfaces/lib/libargj801_ctl_platform_interfaces__rosidl_typesupport_introspection_cpp.so
[1.203s] -- Up-to-date: /home/rhobtor/PHD/ARGOJ8_IA/install/argj801_ctl_platform_interfaces/lib/libargj801_ctl_platform_interfaces__rosidl_typesupport_cpp.so
[1.244s] Listing '/home/rhobtor/PHD/ARGOJ8_IA/install/argj801_ctl_platform_interfaces/local/lib/python3.10/dist-packages/argj801_ctl_platform_interfaces'...
[1.245s] Listing '/home/rhobtor/PHD/ARGOJ8_IA/install/argj801_ctl_platform_interfaces/local/lib/python3.10/dist-packages/argj801_ctl_platform_interfaces/msg'...
[1.245s] Listing '/home/rhobtor/PHD/ARGOJ8_IA/install/argj801_ctl_platform_interfaces/local/lib/python3.10/dist-packages/argj801_ctl_platform_interfaces/srv'...
[1.258s] -- Up-to-date: /home/rhobtor/PHD/ARGOJ8_IA/install/argj801_ctl_platform_interfaces/lib/libargj801_ctl_platform_interfaces__rosidl_generator_py.so
[1.258s] -- Up-to-date: /home/rhobtor/PHD/ARGOJ8_IA/install/argj801_ctl_platform_interfaces/share/argj801_ctl_platform_interfaces/cmake/export_argj801_ctl_platform_interfaces__rosidl_generator_cExport.cmake
[1.259s] -- Up-to-date: /home/rhobtor/PHD/ARGOJ8_IA/install/argj801_ctl_platform_interfaces/share/argj801_ctl_platform_interfaces/cmake/export_argj801_ctl_platform_interfaces__rosidl_generator_cExport-noconfig.cmake
[1.259s] -- Up-to-date: /home/rhobtor/PHD/ARGOJ8_IA/install/argj801_ctl_platform_interfaces/share/argj801_ctl_platform_interfaces/cmake/export_argj801_ctl_platform_interfaces__rosidl_typesupport_fastrtps_cExport.cmake
[1.259s] -- Up-to-date: /home/rhobtor/PHD/ARGOJ8_IA/install/argj801_ctl_platform_interfaces/share/argj801_ctl_platform_interfaces/cmake/export_argj801_ctl_platform_interfaces__rosidl_typesupport_fastrtps_cExport-noconfig.cmake
[1.259s] -- Up-to-date: /home/rhobtor/PHD/ARGOJ8_IA/install/argj801_ctl_platform_interfaces/share/argj801_ctl_platform_interfaces/cmake/argj801_ctl_platform_interfaces__rosidl_typesupport_introspection_cExport.cmake
[1.259s] -- Up-to-date: /home/rhobtor/PHD/ARGOJ8_IA/install/argj801_ctl_platform_interfaces/share/argj801_ctl_platform_interfaces/cmake/argj801_ctl_platform_interfaces__rosidl_typesupport_introspection_cExport-noconfig.cmake
[1.259s] -- Up-to-date: /home/rhobtor/PHD/ARGOJ8_IA/install/argj801_ctl_platform_interfaces/share/argj801_ctl_platform_interfaces/cmake/argj801_ctl_platform_interfaces__rosidl_typesupport_cExport.cmake
[1.260s] -- Up-to-date: /home/rhobtor/PHD/ARGOJ8_IA/install/argj801_ctl_platform_interfaces/share/argj801_ctl_platform_interfaces/cmake/argj801_ctl_platform_interfaces__rosidl_typesupport_cExport-noconfig.cmake
[1.260s] -- Up-to-date: /home/rhobtor/PHD/ARGOJ8_IA/install/argj801_ctl_platform_interfaces/share/argj801_ctl_platform_interfaces/cmake/export_argj801_ctl_platform_interfaces__rosidl_generator_cppExport.cmake
[1.260s] -- Up-to-date: /home/rhobtor/PHD/ARGOJ8_IA/install/argj801_ctl_platform_interfaces/share/argj801_ctl_platform_interfaces/cmake/export_argj801_ctl_platform_interfaces__rosidl_typesupport_fastrtps_cppExport.cmake
[1.260s] -- Up-to-date: /home/rhobtor/PHD/ARGOJ8_IA/install/argj801_ctl_platform_interfaces/share/argj801_ctl_platform_interfaces/cmake/export_argj801_ctl_platform_interfaces__rosidl_typesupport_fastrtps_cppExport-noconfig.cmake
[1.260s] -- Up-to-date: /home/rhobtor/PHD/ARGOJ8_IA/install/argj801_ctl_platform_interfaces/share/argj801_ctl_platform_interfaces/cmake/argj801_ctl_platform_interfaces__rosidl_typesupport_introspection_cppExport.cmake
[1.260s] -- Up-to-date: /home/rhobtor/PHD/ARGOJ8_IA/install/argj801_ctl_platform_interfaces/share/argj801_ctl_platform_interfaces/cmake/argj801_ctl_platform_interfaces__rosidl_typesupport_introspection_cppExport-noconfig.cmake
[1.260s] -- Up-to-date: /home/rhobtor/PHD/ARGOJ8_IA/install/argj801_ctl_platform_interfaces/share/argj801_ctl_platform_interfaces/cmake/argj801_ctl_platform_interfaces__rosidl_typesupport_cppExport.cmake
[1.265s] -- Up-to-date: /home/rhobtor/PHD/ARGOJ8_IA/install/argj801_ctl_platform_interfaces/share/argj801_ctl_platform_interfaces/cmake/argj801_ctl_platform_interfaces__rosidl_typesupport_cppExport-noconfig.cmake
[1.265s] -- Up-to-date: /home/rhobtor/PHD/ARGOJ8_IA/install/argj801_ctl_platform_interfaces/share/argj801_ctl_platform_interfaces/cmake/export_argj801_ctl_platform_interfaces__rosidl_generator_pyExport.cmake
[1.265s] -- Up-to-date: /home/rhobtor/PHD/ARGOJ8_IA/install/argj801_ctl_platform_interfaces/share/argj801_ctl_platform_interfaces/cmake/export_argj801_ctl_platform_interfaces__rosidl_generator_pyExport-noconfig.cmake
[1.280s] Invoked command in '/home/rhobtor/PHD/ARGOJ8_IA/build/argj801_ctl_platform_interfaces' returned '0': CMAKE_PREFIX_PATH=${CMAKE_PREFIX_PATH}:/home/rhobtor/PHD/ARGOJ8_IA/install/car:/home/rhobtor/PHD/reactive/Reactive-Navegation/workspace_full_conected/install/car:/opt/ros/humble /opt/st/stm32cubeclt_1.18.0/CMake/bin/cmake --install /home/rhobtor/PHD/ARGOJ8_IA/build/argj801_ctl_platform_interfaces
