[0.053s] Invoking command in '/home/rhobtor/PHD/ARGOJ8_IA/build/path_manager_interfaces': CMAKE_PREFIX_PATH=${CMAKE_PREFIX_PATH}:/home/rhobtor/PHD/ARGOJ8_IA/install/ntrip_client:/home/rhobtor/PHD/ARGOJ8_IA/install/car:/home/rhobtor/PHD/ARGOJ8_IA/install/android_ros2_server:/home/rhobtor/PHD/ARGOJ8_IA/install/GUI_pkg:/home/rhobtor/PHD/reactive/Reactive-Navegation/workspace_full_conected/install/car:/opt/ros/humble /opt/st/stm32cubeclt_1.18.0/CMake/bin/cmake --build /home/rhobtor/PHD/ARGOJ8_IA/build/path_manager_interfaces -- -j16 -l16
[0.688s] [  1%] Built target path_manager_interfaces__cpp
[0.689s] [  1%] Built target ament_cmake_python_copy_path_manager_interfaces
[0.689s] [ 12%] Built target path_manager_interfaces__rosidl_generator_c
[0.689s] [ 35%] Built target path_manager_interfaces__rosidl_typesupport_cpp
[0.689s] [ 35%] Built target path_manager_interfaces__rosidl_typesupport_introspection_cpp
[0.689s] [ 47%] Built target path_manager_interfaces__rosidl_typesupport_fastrtps_cpp
[0.689s] [ 58%] Built target path_manager_interfaces__rosidl_typesupport_fastrtps_c
[0.689s] [ 70%] Built target path_manager_interfaces__rosidl_typesupport_introspection_c
[0.689s] [ 81%] Built target path_manager_interfaces__rosidl_typesupport_c
[0.689s] [ 81%] Built target path_manager_interfaces
[0.689s] [ 82%] Built target path_manager_interfaces__py
[0.690s] [ 93%] Built target path_manager_interfaces__rosidl_generator_py
[0.690s] [ 95%] Built target path_manager_interfaces__rosidl_typesupport_fastrtps_c__pyext
[0.690s] [ 97%] Built target path_manager_interfaces__rosidl_typesupport_introspection_c__pyext
[0.690s] [100%] Built target path_manager_interfaces__rosidl_typesupport_c__pyext
[0.690s] running egg_info
[0.690s] writing path_manager_interfaces.egg-info/PKG-INFO
[0.690s] writing dependency_links to path_manager_interfaces.egg-info/dependency_links.txt
[0.690s] writing top-level names to path_manager_interfaces.egg-info/top_level.txt
[0.690s] reading manifest file 'path_manager_interfaces.egg-info/SOURCES.txt'
[0.690s] writing manifest file 'path_manager_interfaces.egg-info/SOURCES.txt'
[0.690s] [100%] Built target ament_cmake_python_build_path_manager_interfaces_egg
[0.722s] Invoked command in '/home/rhobtor/PHD/ARGOJ8_IA/build/path_manager_interfaces' returned '0': CMAKE_PREFIX_PATH=${CMAKE_PREFIX_PATH}:/home/rhobtor/PHD/ARGOJ8_IA/install/ntrip_client:/home/rhobtor/PHD/ARGOJ8_IA/install/car:/home/rhobtor/PHD/ARGOJ8_IA/install/android_ros2_server:/home/rhobtor/PHD/ARGOJ8_IA/install/GUI_pkg:/home/rhobtor/PHD/reactive/Reactive-Navegation/workspace_full_conected/install/car:/opt/ros/humble /opt/st/stm32cubeclt_1.18.0/CMake/bin/cmake --build /home/rhobtor/PHD/ARGOJ8_IA/build/path_manager_interfaces -- -j16 -l16
[0.724s] Invoking command in '/home/rhobtor/PHD/ARGOJ8_IA/build/path_manager_interfaces': CMAKE_PREFIX_PATH=${CMAKE_PREFIX_PATH}:/home/rhobtor/PHD/ARGOJ8_IA/install/ntrip_client:/home/rhobtor/PHD/ARGOJ8_IA/install/car:/home/rhobtor/PHD/ARGOJ8_IA/install/android_ros2_server:/home/rhobtor/PHD/ARGOJ8_IA/install/GUI_pkg:/home/rhobtor/PHD/reactive/Reactive-Navegation/workspace_full_conected/install/car:/opt/ros/humble /opt/st/stm32cubeclt_1.18.0/CMake/bin/cmake --install /home/rhobtor/PHD/ARGOJ8_IA/build/path_manager_interfaces
[0.809s] -- Install configuration: ""
[0.809s] -- Up-to-date: /home/rhobtor/PHD/ARGOJ8_IA/install/path_manager_interfaces/share/ament_index/resource_index/rosidl_interfaces/path_manager_interfaces
[0.810s] -- Up-to-date: /home/rhobtor/PHD/ARGOJ8_IA/install/path_manager_interfaces/include/path_manager_interfaces/path_manager_interfaces
[0.810s] -- Up-to-date: /home/rhobtor/PHD/ARGOJ8_IA/install/path_manager_interfaces/include/path_manager_interfaces/path_manager_interfaces/srv
[0.811s] -- Up-to-date: /home/rhobtor/PHD/ARGOJ8_IA/install/path_manager_interfaces/include/path_manager_interfaces/path_manager_interfaces/srv/plan_path.h
[0.812s] -- Up-to-date: /home/rhobtor/PHD/ARGOJ8_IA/install/path_manager_interfaces/include/path_manager_interfaces/path_manager_interfaces/srv/assist_emergency.h
[0.813s] -- Up-to-date: /home/rhobtor/PHD/ARGOJ8_IA/install/path_manager_interfaces/include/path_manager_interfaces/path_manager_interfaces/srv/robot_path.h
[0.813s] -- Up-to-date: /home/rhobtor/PHD/ARGOJ8_IA/install/path_manager_interfaces/include/path_manager_interfaces/path_manager_interfaces/srv/return_robot_path.h
[0.814s] -- Up-to-date: /home/rhobtor/PHD/ARGOJ8_IA/install/path_manager_interfaces/include/path_manager_interfaces/path_manager_interfaces/srv/get_ll_path.h
[0.814s] -- Up-to-date: /home/rhobtor/PHD/ARGOJ8_IA/install/path_manager_interfaces/include/path_manager_interfaces/path_manager_interfaces/srv/detail
[0.814s] -- Up-to-date: /home/rhobtor/PHD/ARGOJ8_IA/install/path_manager_interfaces/include/path_manager_interfaces/path_manager_interfaces/srv/detail/robot_path__functions.h
[0.814s] -- Up-to-date: /home/rhobtor/PHD/ARGOJ8_IA/install/path_manager_interfaces/include/path_manager_interfaces/path_manager_interfaces/srv/detail/read_path_from_file__functions.c
[0.814s] -- Up-to-date: /home/rhobtor/PHD/ARGOJ8_IA/install/path_manager_interfaces/include/path_manager_interfaces/path_manager_interfaces/srv/detail/return_robot_path__type_support.h
[0.814s] -- Up-to-date: /home/rhobtor/PHD/ARGOJ8_IA/install/path_manager_interfaces/include/path_manager_interfaces/path_manager_interfaces/srv/detail/write_path_to_file__functions.h
[0.814s] -- Up-to-date: /home/rhobtor/PHD/ARGOJ8_IA/install/path_manager_interfaces/include/path_manager_interfaces/path_manager_interfaces/srv/detail/plan_path__functions.c
[0.815s] -- Up-to-date: /home/rhobtor/PHD/ARGOJ8_IA/install/path_manager_interfaces/include/path_manager_interfaces/path_manager_interfaces/srv/detail/return_robot_path__struct.h
[0.815s] -- Up-to-date: /home/rhobtor/PHD/ARGOJ8_IA/install/path_manager_interfaces/include/path_manager_interfaces/path_manager_interfaces/srv/detail/get_fix_frame_path__functions.c
[0.815s] -- Up-to-date: /home/rhobtor/PHD/ARGOJ8_IA/install/path_manager_interfaces/include/path_manager_interfaces/path_manager_interfaces/srv/detail/assist_emergency__struct.h
[0.816s] -- Up-to-date: /home/rhobtor/PHD/ARGOJ8_IA/install/path_manager_interfaces/include/path_manager_interfaces/path_manager_interfaces/srv/detail/plan_path__type_support.h
[0.817s] -- Up-to-date: /home/rhobtor/PHD/ARGOJ8_IA/install/path_manager_interfaces/include/path_manager_interfaces/path_manager_interfaces/srv/detail/assist_emergency__functions.c
[0.818s] -- Up-to-date: /home/rhobtor/PHD/ARGOJ8_IA/install/path_manager_interfaces/include/path_manager_interfaces/path_manager_interfaces/srv/detail/read_path_from_file__type_support.h
[0.818s] -- Up-to-date: /home/rhobtor/PHD/ARGOJ8_IA/install/path_manager_interfaces/include/path_manager_interfaces/path_manager_interfaces/srv/detail/get_ll_path__functions.h
[0.819s] -- Up-to-date: /home/rhobtor/PHD/ARGOJ8_IA/install/path_manager_interfaces/include/path_manager_interfaces/path_manager_interfaces/srv/detail/get_ll_path__type_support.h
[0.819s] -- Up-to-date: /home/rhobtor/PHD/ARGOJ8_IA/install/path_manager_interfaces/include/path_manager_interfaces/path_manager_interfaces/srv/detail/assist_emergency__type_support.h
[0.819s] -- Up-to-date: /home/rhobtor/PHD/ARGOJ8_IA/install/path_manager_interfaces/include/path_manager_interfaces/path_manager_interfaces/srv/detail/write_path_to_file__functions.c
[0.829s] -- Up-to-date: /home/rhobtor/PHD/ARGOJ8_IA/install/path_manager_interfaces/include/path_manager_interfaces/path_manager_interfaces/srv/detail/robot_path__functions.c
[0.829s] -- Up-to-date: /home/rhobtor/PHD/ARGOJ8_IA/install/path_manager_interfaces/include/path_manager_interfaces/path_manager_interfaces/srv/detail/robot_path__type_support.h
[0.829s] -- Up-to-date: /home/rhobtor/PHD/ARGOJ8_IA/install/path_manager_interfaces/include/path_manager_interfaces/path_manager_interfaces/srv/detail/return_robot_path__functions.h
[0.829s] -- Up-to-date: /home/rhobtor/PHD/ARGOJ8_IA/install/path_manager_interfaces/include/path_manager_interfaces/path_manager_interfaces/srv/detail/get_fix_frame_path__functions.h
[0.829s] -- Up-to-date: /home/rhobtor/PHD/ARGOJ8_IA/install/path_manager_interfaces/include/path_manager_interfaces/path_manager_interfaces/srv/detail/read_path_from_file__struct.h
[0.829s] -- Up-to-date: /home/rhobtor/PHD/ARGOJ8_IA/install/path_manager_interfaces/include/path_manager_interfaces/path_manager_interfaces/srv/detail/plan_path__struct.h
[0.829s] -- Up-to-date: /home/rhobtor/PHD/ARGOJ8_IA/install/path_manager_interfaces/include/path_manager_interfaces/path_manager_interfaces/srv/detail/assist_emergency__functions.h
[0.829s] -- Up-to-date: /home/rhobtor/PHD/ARGOJ8_IA/install/path_manager_interfaces/include/path_manager_interfaces/path_manager_interfaces/srv/detail/write_path_to_file__struct.h
[0.829s] -- Up-to-date: /home/rhobtor/PHD/ARGOJ8_IA/install/path_manager_interfaces/include/path_manager_interfaces/path_manager_interfaces/srv/detail/get_fix_frame_path__struct.h
[0.830s] -- Up-to-date: /home/rhobtor/PHD/ARGOJ8_IA/install/path_manager_interfaces/include/path_manager_interfaces/path_manager_interfaces/srv/detail/get_ll_path__functions.c
[0.830s] -- Up-to-date: /home/rhobtor/PHD/ARGOJ8_IA/install/path_manager_interfaces/include/path_manager_interfaces/path_manager_interfaces/srv/detail/write_path_to_file__type_support.h
[0.830s] -- Up-to-date: /home/rhobtor/PHD/ARGOJ8_IA/install/path_manager_interfaces/include/path_manager_interfaces/path_manager_interfaces/srv/detail/return_robot_path__functions.c
[0.830s] -- Up-to-date: /home/rhobtor/PHD/ARGOJ8_IA/install/path_manager_interfaces/include/path_manager_interfaces/path_manager_interfaces/srv/detail/get_ll_path__struct.h
[0.830s] -- Up-to-date: /home/rhobtor/PHD/ARGOJ8_IA/install/path_manager_interfaces/include/path_manager_interfaces/path_manager_interfaces/srv/detail/robot_path__struct.h
[0.830s] -- Up-to-date: /home/rhobtor/PHD/ARGOJ8_IA/install/path_manager_interfaces/include/path_manager_interfaces/path_manager_interfaces/srv/detail/read_path_from_file__functions.h
[0.830s] -- Up-to-date: /home/rhobtor/PHD/ARGOJ8_IA/install/path_manager_interfaces/include/path_manager_interfaces/path_manager_interfaces/srv/detail/plan_path__functions.h
[0.830s] -- Up-to-date: /home/rhobtor/PHD/ARGOJ8_IA/install/path_manager_interfaces/include/path_manager_interfaces/path_manager_interfaces/srv/detail/get_fix_frame_path__type_support.h
[0.830s] -- Up-to-date: /home/rhobtor/PHD/ARGOJ8_IA/install/path_manager_interfaces/include/path_manager_interfaces/path_manager_interfaces/srv/get_fix_frame_path.h
[0.830s] -- Up-to-date: /home/rhobtor/PHD/ARGOJ8_IA/install/path_manager_interfaces/include/path_manager_interfaces/path_manager_interfaces/srv/write_path_to_file.h
[0.830s] -- Up-to-date: /home/rhobtor/PHD/ARGOJ8_IA/install/path_manager_interfaces/include/path_manager_interfaces/path_manager_interfaces/srv/read_path_from_file.h
[0.830s] -- Up-to-date: /home/rhobtor/PHD/ARGOJ8_IA/install/path_manager_interfaces/include/path_manager_interfaces/path_manager_interfaces/msg
[0.830s] -- Up-to-date: /home/rhobtor/PHD/ARGOJ8_IA/install/path_manager_interfaces/include/path_manager_interfaces/path_manager_interfaces/msg/rosidl_generator_c__visibility_control.h
[0.831s] -- Up-to-date: /home/rhobtor/PHD/ARGOJ8_IA/install/path_manager_interfaces/share/path_manager_interfaces/environment/library_path.sh
[0.831s] -- Up-to-date: /home/rhobtor/PHD/ARGOJ8_IA/install/path_manager_interfaces/share/path_manager_interfaces/environment/library_path.dsv
[0.831s] -- Up-to-date: /home/rhobtor/PHD/ARGOJ8_IA/install/path_manager_interfaces/lib/libpath_manager_interfaces__rosidl_generator_c.so
[0.831s] -- Up-to-date: /home/rhobtor/PHD/ARGOJ8_IA/install/path_manager_interfaces/include/path_manager_interfaces/path_manager_interfaces
[0.831s] -- Up-to-date: /home/rhobtor/PHD/ARGOJ8_IA/install/path_manager_interfaces/include/path_manager_interfaces/path_manager_interfaces/srv
[0.831s] -- Up-to-date: /home/rhobtor/PHD/ARGOJ8_IA/install/path_manager_interfaces/include/path_manager_interfaces/path_manager_interfaces/srv/detail
[0.831s] -- Up-to-date: /home/rhobtor/PHD/ARGOJ8_IA/install/path_manager_interfaces/include/path_manager_interfaces/path_manager_interfaces/srv/detail/get_fix_frame_path__rosidl_typesupport_fastrtps_c.h
[0.831s] -- Up-to-date: /home/rhobtor/PHD/ARGOJ8_IA/install/path_manager_interfaces/include/path_manager_interfaces/path_manager_interfaces/srv/detail/get_ll_path__rosidl_typesupport_fastrtps_c.h
[0.831s] -- Up-to-date: /home/rhobtor/PHD/ARGOJ8_IA/install/path_manager_interfaces/include/path_manager_interfaces/path_manager_interfaces/srv/detail/assist_emergency__rosidl_typesupport_fastrtps_c.h
[0.832s] -- Up-to-date: /home/rhobtor/PHD/ARGOJ8_IA/install/path_manager_interfaces/include/path_manager_interfaces/path_manager_interfaces/srv/detail/write_path_to_file__rosidl_typesupport_fastrtps_c.h
[0.832s] -- Up-to-date: /home/rhobtor/PHD/ARGOJ8_IA/install/path_manager_interfaces/include/path_manager_interfaces/path_manager_interfaces/srv/detail/return_robot_path__rosidl_typesupport_fastrtps_c.h
[0.832s] -- Up-to-date: /home/rhobtor/PHD/ARGOJ8_IA/install/path_manager_interfaces/include/path_manager_interfaces/path_manager_interfaces/srv/detail/robot_path__rosidl_typesupport_fastrtps_c.h
[0.832s] -- Up-to-date: /home/rhobtor/PHD/ARGOJ8_IA/install/path_manager_interfaces/include/path_manager_interfaces/path_manager_interfaces/srv/detail/plan_path__rosidl_typesupport_fastrtps_c.h
[0.832s] -- Up-to-date: /home/rhobtor/PHD/ARGOJ8_IA/install/path_manager_interfaces/include/path_manager_interfaces/path_manager_interfaces/srv/detail/read_path_from_file__rosidl_typesupport_fastrtps_c.h
[0.832s] -- Up-to-date: /home/rhobtor/PHD/ARGOJ8_IA/install/path_manager_interfaces/include/path_manager_interfaces/path_manager_interfaces/msg
[0.832s] -- Up-to-date: /home/rhobtor/PHD/ARGOJ8_IA/install/path_manager_interfaces/include/path_manager_interfaces/path_manager_interfaces/msg/rosidl_typesupport_fastrtps_c__visibility_control.h
[0.832s] -- Up-to-date: /home/rhobtor/PHD/ARGOJ8_IA/install/path_manager_interfaces/lib/libpath_manager_interfaces__rosidl_typesupport_fastrtps_c.so
[0.832s] -- Up-to-date: /home/rhobtor/PHD/ARGOJ8_IA/install/path_manager_interfaces/include/path_manager_interfaces/path_manager_interfaces
[0.832s] -- Up-to-date: /home/rhobtor/PHD/ARGOJ8_IA/install/path_manager_interfaces/include/path_manager_interfaces/path_manager_interfaces/srv
[0.832s] -- Up-to-date: /home/rhobtor/PHD/ARGOJ8_IA/install/path_manager_interfaces/include/path_manager_interfaces/path_manager_interfaces/srv/detail
[0.832s] -- Up-to-date: /home/rhobtor/PHD/ARGOJ8_IA/install/path_manager_interfaces/include/path_manager_interfaces/path_manager_interfaces/srv/detail/robot_path__rosidl_typesupport_introspection_c.h
[0.833s] -- Up-to-date: /home/rhobtor/PHD/ARGOJ8_IA/install/path_manager_interfaces/include/path_manager_interfaces/path_manager_interfaces/srv/detail/get_ll_path__type_support.c
[0.834s] -- Up-to-date: /home/rhobtor/PHD/ARGOJ8_IA/install/path_manager_interfaces/include/path_manager_interfaces/path_manager_interfaces/srv/detail/assist_emergency__rosidl_typesupport_introspection_c.h
[0.834s] -- Up-to-date: /home/rhobtor/PHD/ARGOJ8_IA/install/path_manager_interfaces/include/path_manager_interfaces/path_manager_interfaces/srv/detail/write_path_to_file__type_support.c
[0.835s] -- Up-to-date: /home/rhobtor/PHD/ARGOJ8_IA/install/path_manager_interfaces/include/path_manager_interfaces/path_manager_interfaces/srv/detail/read_path_from_file__type_support.c
[0.835s] -- Up-to-date: /home/rhobtor/PHD/ARGOJ8_IA/install/path_manager_interfaces/include/path_manager_interfaces/path_manager_interfaces/srv/detail/read_path_from_file__rosidl_typesupport_introspection_c.h
[0.835s] -- Up-to-date: /home/rhobtor/PHD/ARGOJ8_IA/install/path_manager_interfaces/include/path_manager_interfaces/path_manager_interfaces/srv/detail/return_robot_path__rosidl_typesupport_introspection_c.h
[0.841s] -- Up-to-date: /home/rhobtor/PHD/ARGOJ8_IA/install/path_manager_interfaces/include/path_manager_interfaces/path_manager_interfaces/srv/detail/get_fix_frame_path__rosidl_typesupport_introspection_c.h
[0.841s] -- Up-to-date: /home/rhobtor/PHD/ARGOJ8_IA/install/path_manager_interfaces/include/path_manager_interfaces/path_manager_interfaces/srv/detail/plan_path__rosidl_typesupport_introspection_c.h
[0.842s] -- Up-to-date: /home/rhobtor/PHD/ARGOJ8_IA/install/path_manager_interfaces/include/path_manager_interfaces/path_manager_interfaces/srv/detail/return_robot_path__type_support.c
[0.842s] -- Up-to-date: /home/rhobtor/PHD/ARGOJ8_IA/install/path_manager_interfaces/include/path_manager_interfaces/path_manager_interfaces/srv/detail/write_path_to_file__rosidl_typesupport_introspection_c.h
[0.842s] -- Up-to-date: /home/rhobtor/PHD/ARGOJ8_IA/install/path_manager_interfaces/include/path_manager_interfaces/path_manager_interfaces/srv/detail/get_ll_path__rosidl_typesupport_introspection_c.h
[0.842s] -- Up-to-date: /home/rhobtor/PHD/ARGOJ8_IA/install/path_manager_interfaces/include/path_manager_interfaces/path_manager_interfaces/srv/detail/robot_path__type_support.c
[0.842s] -- Up-to-date: /home/rhobtor/PHD/ARGOJ8_IA/install/path_manager_interfaces/include/path_manager_interfaces/path_manager_interfaces/srv/detail/plan_path__type_support.c
[0.842s] -- Up-to-date: /home/rhobtor/PHD/ARGOJ8_IA/install/path_manager_interfaces/include/path_manager_interfaces/path_manager_interfaces/srv/detail/get_fix_frame_path__type_support.c
[0.842s] -- Up-to-date: /home/rhobtor/PHD/ARGOJ8_IA/install/path_manager_interfaces/include/path_manager_interfaces/path_manager_interfaces/srv/detail/assist_emergency__type_support.c
[0.843s] -- Up-to-date: /home/rhobtor/PHD/ARGOJ8_IA/install/path_manager_interfaces/include/path_manager_interfaces/path_manager_interfaces/msg
[0.843s] -- Up-to-date: /home/rhobtor/PHD/ARGOJ8_IA/install/path_manager_interfaces/include/path_manager_interfaces/path_manager_interfaces/msg/rosidl_typesupport_introspection_c__visibility_control.h
[0.843s] -- Up-to-date: /home/rhobtor/PHD/ARGOJ8_IA/install/path_manager_interfaces/lib/libpath_manager_interfaces__rosidl_typesupport_introspection_c.so
[0.843s] -- Up-to-date: /home/rhobtor/PHD/ARGOJ8_IA/install/path_manager_interfaces/lib/libpath_manager_interfaces__rosidl_typesupport_c.so
[0.843s] -- Up-to-date: /home/rhobtor/PHD/ARGOJ8_IA/install/path_manager_interfaces/include/path_manager_interfaces/path_manager_interfaces
[0.843s] -- Up-to-date: /home/rhobtor/PHD/ARGOJ8_IA/install/path_manager_interfaces/include/path_manager_interfaces/path_manager_interfaces/srv
[0.843s] -- Up-to-date: /home/rhobtor/PHD/ARGOJ8_IA/install/path_manager_interfaces/include/path_manager_interfaces/path_manager_interfaces/srv/robot_path.hpp
[0.844s] -- Up-to-date: /home/rhobtor/PHD/ARGOJ8_IA/install/path_manager_interfaces/include/path_manager_interfaces/path_manager_interfaces/srv/get_fix_frame_path.hpp
[0.844s] -- Up-to-date: /home/rhobtor/PHD/ARGOJ8_IA/install/path_manager_interfaces/include/path_manager_interfaces/path_manager_interfaces/srv/write_path_to_file.hpp
[0.844s] -- Up-to-date: /home/rhobtor/PHD/ARGOJ8_IA/install/path_manager_interfaces/include/path_manager_interfaces/path_manager_interfaces/srv/detail
[0.844s] -- Up-to-date: /home/rhobtor/PHD/ARGOJ8_IA/install/path_manager_interfaces/include/path_manager_interfaces/path_manager_interfaces/srv/detail/read_path_from_file__type_support.hpp
[0.844s] -- Up-to-date: /home/rhobtor/PHD/ARGOJ8_IA/install/path_manager_interfaces/include/path_manager_interfaces/path_manager_interfaces/srv/detail/write_path_to_file__type_support.hpp
[0.844s] -- Up-to-date: /home/rhobtor/PHD/ARGOJ8_IA/install/path_manager_interfaces/include/path_manager_interfaces/path_manager_interfaces/srv/detail/return_robot_path__builder.hpp
[0.844s] -- Up-to-date: /home/rhobtor/PHD/ARGOJ8_IA/install/path_manager_interfaces/include/path_manager_interfaces/path_manager_interfaces/srv/detail/robot_path__type_support.hpp
[0.845s] -- Up-to-date: /home/rhobtor/PHD/ARGOJ8_IA/install/path_manager_interfaces/include/path_manager_interfaces/path_manager_interfaces/srv/detail/robot_path__struct.hpp
[0.845s] -- Up-to-date: /home/rhobtor/PHD/ARGOJ8_IA/install/path_manager_interfaces/include/path_manager_interfaces/path_manager_interfaces/srv/detail/write_path_to_file__builder.hpp
[0.845s] -- Up-to-date: /home/rhobtor/PHD/ARGOJ8_IA/install/path_manager_interfaces/include/path_manager_interfaces/path_manager_interfaces/srv/detail/get_ll_path__builder.hpp
[0.846s] -- Up-to-date: /home/rhobtor/PHD/ARGOJ8_IA/install/path_manager_interfaces/include/path_manager_interfaces/path_manager_interfaces/srv/detail/return_robot_path__traits.hpp
[0.846s] -- Up-to-date: /home/rhobtor/PHD/ARGOJ8_IA/install/path_manager_interfaces/include/path_manager_interfaces/path_manager_interfaces/srv/detail/read_path_from_file__struct.hpp
[0.846s] -- Up-to-date: /home/rhobtor/PHD/ARGOJ8_IA/install/path_manager_interfaces/include/path_manager_interfaces/path_manager_interfaces/srv/detail/plan_path__struct.hpp
[0.847s] -- Up-to-date: /home/rhobtor/PHD/ARGOJ8_IA/install/path_manager_interfaces/include/path_manager_interfaces/path_manager_interfaces/srv/detail/return_robot_path__type_support.hpp
[0.847s] -- Up-to-date: /home/rhobtor/PHD/ARGOJ8_IA/install/path_manager_interfaces/include/path_manager_interfaces/path_manager_interfaces/srv/detail/get_ll_path__struct.hpp
[0.847s] -- Up-to-date: /home/rhobtor/PHD/ARGOJ8_IA/install/path_manager_interfaces/include/path_manager_interfaces/path_manager_interfaces/srv/detail/get_fix_frame_path__type_support.hpp
[0.847s] -- Up-to-date: /home/rhobtor/PHD/ARGOJ8_IA/install/path_manager_interfaces/include/path_manager_interfaces/path_manager_interfaces/srv/detail/write_path_to_file__traits.hpp
[0.847s] -- Up-to-date: /home/rhobtor/PHD/ARGOJ8_IA/install/path_manager_interfaces/include/path_manager_interfaces/path_manager_interfaces/srv/detail/plan_path__builder.hpp
[0.847s] -- Up-to-date: /home/rhobtor/PHD/ARGOJ8_IA/install/path_manager_interfaces/include/path_manager_interfaces/path_manager_interfaces/srv/detail/get_fix_frame_path__struct.hpp
[0.847s] -- Up-to-date: /home/rhobtor/PHD/ARGOJ8_IA/install/path_manager_interfaces/include/path_manager_interfaces/path_manager_interfaces/srv/detail/assist_emergency__type_support.hpp
[0.848s] -- Up-to-date: /home/rhobtor/PHD/ARGOJ8_IA/install/path_manager_interfaces/include/path_manager_interfaces/path_manager_interfaces/srv/detail/get_ll_path__type_support.hpp
[0.848s] -- Up-to-date: /home/rhobtor/PHD/ARGOJ8_IA/install/path_manager_interfaces/include/path_manager_interfaces/path_manager_interfaces/srv/detail/return_robot_path__struct.hpp
[0.848s] -- Up-to-date: /home/rhobtor/PHD/ARGOJ8_IA/install/path_manager_interfaces/include/path_manager_interfaces/path_manager_interfaces/srv/detail/plan_path__traits.hpp
[0.848s] -- Up-to-date: /home/rhobtor/PHD/ARGOJ8_IA/install/path_manager_interfaces/include/path_manager_interfaces/path_manager_interfaces/srv/detail/get_fix_frame_path__builder.hpp
[0.848s] -- Up-to-date: /home/rhobtor/PHD/ARGOJ8_IA/install/path_manager_interfaces/include/path_manager_interfaces/path_manager_interfaces/srv/detail/plan_path__type_support.hpp
[0.848s] -- Up-to-date: /home/rhobtor/PHD/ARGOJ8_IA/install/path_manager_interfaces/include/path_manager_interfaces/path_manager_interfaces/srv/detail/assist_emergency__builder.hpp
[0.849s] -- Up-to-date: /home/rhobtor/PHD/ARGOJ8_IA/install/path_manager_interfaces/include/path_manager_interfaces/path_manager_interfaces/srv/detail/get_fix_frame_path__traits.hpp
[0.849s] -- Up-to-date: /home/rhobtor/PHD/ARGOJ8_IA/install/path_manager_interfaces/include/path_manager_interfaces/path_manager_interfaces/srv/detail/read_path_from_file__builder.hpp
[0.849s] -- Up-to-date: /home/rhobtor/PHD/ARGOJ8_IA/install/path_manager_interfaces/include/path_manager_interfaces/path_manager_interfaces/srv/detail/assist_emergency__struct.hpp
[0.849s] -- Up-to-date: /home/rhobtor/PHD/ARGOJ8_IA/install/path_manager_interfaces/include/path_manager_interfaces/path_manager_interfaces/srv/detail/assist_emergency__traits.hpp
[0.849s] -- Up-to-date: /home/rhobtor/PHD/ARGOJ8_IA/install/path_manager_interfaces/include/path_manager_interfaces/path_manager_interfaces/srv/detail/robot_path__traits.hpp
[0.850s] -- Up-to-date: /home/rhobtor/PHD/ARGOJ8_IA/install/path_manager_interfaces/include/path_manager_interfaces/path_manager_interfaces/srv/detail/write_path_to_file__struct.hpp
[0.856s] -- Up-to-date: /home/rhobtor/PHD/ARGOJ8_IA/install/path_manager_interfaces/include/path_manager_interfaces/path_manager_interfaces/srv/detail/robot_path__builder.hpp
[0.856s] -- Up-to-date: /home/rhobtor/PHD/ARGOJ8_IA/install/path_manager_interfaces/include/path_manager_interfaces/path_manager_interfaces/srv/detail/read_path_from_file__traits.hpp
[0.856s] -- Up-to-date: /home/rhobtor/PHD/ARGOJ8_IA/install/path_manager_interfaces/include/path_manager_interfaces/path_manager_interfaces/srv/detail/get_ll_path__traits.hpp
[0.856s] -- Up-to-date: /home/rhobtor/PHD/ARGOJ8_IA/install/path_manager_interfaces/include/path_manager_interfaces/path_manager_interfaces/srv/return_robot_path.hpp
[0.856s] -- Up-to-date: /home/rhobtor/PHD/ARGOJ8_IA/install/path_manager_interfaces/include/path_manager_interfaces/path_manager_interfaces/srv/plan_path.hpp
[0.856s] -- Up-to-date: /home/rhobtor/PHD/ARGOJ8_IA/install/path_manager_interfaces/include/path_manager_interfaces/path_manager_interfaces/srv/read_path_from_file.hpp
[0.856s] -- Up-to-date: /home/rhobtor/PHD/ARGOJ8_IA/install/path_manager_interfaces/include/path_manager_interfaces/path_manager_interfaces/srv/assist_emergency.hpp
[0.856s] -- Up-to-date: /home/rhobtor/PHD/ARGOJ8_IA/install/path_manager_interfaces/include/path_manager_interfaces/path_manager_interfaces/srv/get_ll_path.hpp
[0.856s] -- Up-to-date: /home/rhobtor/PHD/ARGOJ8_IA/install/path_manager_interfaces/include/path_manager_interfaces/path_manager_interfaces/msg
[0.856s] -- Up-to-date: /home/rhobtor/PHD/ARGOJ8_IA/install/path_manager_interfaces/include/path_manager_interfaces/path_manager_interfaces/msg/rosidl_generator_cpp__visibility_control.hpp
[0.856s] -- Up-to-date: /home/rhobtor/PHD/ARGOJ8_IA/install/path_manager_interfaces/include/path_manager_interfaces/path_manager_interfaces
[0.856s] -- Up-to-date: /home/rhobtor/PHD/ARGOJ8_IA/install/path_manager_interfaces/include/path_manager_interfaces/path_manager_interfaces/srv
[0.856s] -- Up-to-date: /home/rhobtor/PHD/ARGOJ8_IA/install/path_manager_interfaces/include/path_manager_interfaces/path_manager_interfaces/srv/detail
[0.857s] -- Up-to-date: /home/rhobtor/PHD/ARGOJ8_IA/install/path_manager_interfaces/include/path_manager_interfaces/path_manager_interfaces/srv/detail/robot_path__rosidl_typesupport_fastrtps_cpp.hpp
[0.857s] -- Up-to-date: /home/rhobtor/PHD/ARGOJ8_IA/install/path_manager_interfaces/include/path_manager_interfaces/path_manager_interfaces/srv/detail/plan_path__rosidl_typesupport_fastrtps_cpp.hpp
[0.857s] -- Up-to-date: /home/rhobtor/PHD/ARGOJ8_IA/install/path_manager_interfaces/include/path_manager_interfaces/path_manager_interfaces/srv/detail/write_path_to_file__rosidl_typesupport_fastrtps_cpp.hpp
[0.857s] -- Up-to-date: /home/rhobtor/PHD/ARGOJ8_IA/install/path_manager_interfaces/include/path_manager_interfaces/path_manager_interfaces/srv/detail/return_robot_path__rosidl_typesupport_fastrtps_cpp.hpp
[0.857s] -- Up-to-date: /home/rhobtor/PHD/ARGOJ8_IA/install/path_manager_interfaces/include/path_manager_interfaces/path_manager_interfaces/srv/detail/get_fix_frame_path__rosidl_typesupport_fastrtps_cpp.hpp
[0.857s] -- Up-to-date: /home/rhobtor/PHD/ARGOJ8_IA/install/path_manager_interfaces/include/path_manager_interfaces/path_manager_interfaces/srv/detail/get_ll_path__rosidl_typesupport_fastrtps_cpp.hpp
[0.857s] -- Up-to-date: /home/rhobtor/PHD/ARGOJ8_IA/install/path_manager_interfaces/include/path_manager_interfaces/path_manager_interfaces/srv/detail/dds_fastrtps
[0.857s] -- Up-to-date: /home/rhobtor/PHD/ARGOJ8_IA/install/path_manager_interfaces/include/path_manager_interfaces/path_manager_interfaces/srv/detail/read_path_from_file__rosidl_typesupport_fastrtps_cpp.hpp
[0.857s] -- Up-to-date: /home/rhobtor/PHD/ARGOJ8_IA/install/path_manager_interfaces/include/path_manager_interfaces/path_manager_interfaces/srv/detail/assist_emergency__rosidl_typesupport_fastrtps_cpp.hpp
[0.857s] -- Up-to-date: /home/rhobtor/PHD/ARGOJ8_IA/install/path_manager_interfaces/include/path_manager_interfaces/path_manager_interfaces/msg
[0.857s] -- Up-to-date: /home/rhobtor/PHD/ARGOJ8_IA/install/path_manager_interfaces/include/path_manager_interfaces/path_manager_interfaces/msg/rosidl_typesupport_fastrtps_cpp__visibility_control.h
[0.857s] -- Up-to-date: /home/rhobtor/PHD/ARGOJ8_IA/install/path_manager_interfaces/lib/libpath_manager_interfaces__rosidl_typesupport_fastrtps_cpp.so
[0.857s] -- Up-to-date: /home/rhobtor/PHD/ARGOJ8_IA/install/path_manager_interfaces/include/path_manager_interfaces/path_manager_interfaces
[0.858s] -- Up-to-date: /home/rhobtor/PHD/ARGOJ8_IA/install/path_manager_interfaces/include/path_manager_interfaces/path_manager_interfaces/srv
[0.858s] -- Up-to-date: /home/rhobtor/PHD/ARGOJ8_IA/install/path_manager_interfaces/include/path_manager_interfaces/path_manager_interfaces/srv/detail
[0.858s] -- Up-to-date: /home/rhobtor/PHD/ARGOJ8_IA/install/path_manager_interfaces/include/path_manager_interfaces/path_manager_interfaces/srv/detail/robot_path__rosidl_typesupport_introspection_cpp.hpp
[0.858s] -- Up-to-date: /home/rhobtor/PHD/ARGOJ8_IA/install/path_manager_interfaces/include/path_manager_interfaces/path_manager_interfaces/srv/detail/get_fix_frame_path__type_support.cpp
[0.858s] -- Up-to-date: /home/rhobtor/PHD/ARGOJ8_IA/install/path_manager_interfaces/include/path_manager_interfaces/path_manager_interfaces/srv/detail/get_fix_frame_path__rosidl_typesupport_introspection_cpp.hpp
[0.858s] -- Up-to-date: /home/rhobtor/PHD/ARGOJ8_IA/install/path_manager_interfaces/include/path_manager_interfaces/path_manager_interfaces/srv/detail/assist_emergency__type_support.cpp
[0.858s] -- Up-to-date: /home/rhobtor/PHD/ARGOJ8_IA/install/path_manager_interfaces/include/path_manager_interfaces/path_manager_interfaces/srv/detail/plan_path__type_support.cpp
[0.858s] -- Up-to-date: /home/rhobtor/PHD/ARGOJ8_IA/install/path_manager_interfaces/include/path_manager_interfaces/path_manager_interfaces/srv/detail/get_ll_path__type_support.cpp
[0.858s] -- Up-to-date: /home/rhobtor/PHD/ARGOJ8_IA/install/path_manager_interfaces/include/path_manager_interfaces/path_manager_interfaces/srv/detail/write_path_to_file__rosidl_typesupport_introspection_cpp.hpp
[0.858s] -- Up-to-date: /home/rhobtor/PHD/ARGOJ8_IA/install/path_manager_interfaces/include/path_manager_interfaces/path_manager_interfaces/srv/detail/return_robot_path__rosidl_typesupport_introspection_cpp.hpp
[0.858s] -- Up-to-date: /home/rhobtor/PHD/ARGOJ8_IA/install/path_manager_interfaces/include/path_manager_interfaces/path_manager_interfaces/srv/detail/read_path_from_file__rosidl_typesupport_introspection_cpp.hpp
[0.858s] -- Up-to-date: /home/rhobtor/PHD/ARGOJ8_IA/install/path_manager_interfaces/include/path_manager_interfaces/path_manager_interfaces/srv/detail/robot_path__type_support.cpp
[0.858s] -- Up-to-date: /home/rhobtor/PHD/ARGOJ8_IA/install/path_manager_interfaces/include/path_manager_interfaces/path_manager_interfaces/srv/detail/return_robot_path__type_support.cpp
[0.858s] -- Up-to-date: /home/rhobtor/PHD/ARGOJ8_IA/install/path_manager_interfaces/include/path_manager_interfaces/path_manager_interfaces/srv/detail/assist_emergency__rosidl_typesupport_introspection_cpp.hpp
[0.859s] -- Up-to-date: /home/rhobtor/PHD/ARGOJ8_IA/install/path_manager_interfaces/include/path_manager_interfaces/path_manager_interfaces/srv/detail/read_path_from_file__type_support.cpp
[0.859s] -- Up-to-date: /home/rhobtor/PHD/ARGOJ8_IA/install/path_manager_interfaces/include/path_manager_interfaces/path_manager_interfaces/srv/detail/write_path_to_file__type_support.cpp
[0.859s] -- Up-to-date: /home/rhobtor/PHD/ARGOJ8_IA/install/path_manager_interfaces/include/path_manager_interfaces/path_manager_interfaces/srv/detail/plan_path__rosidl_typesupport_introspection_cpp.hpp
[0.859s] -- Up-to-date: /home/rhobtor/PHD/ARGOJ8_IA/install/path_manager_interfaces/include/path_manager_interfaces/path_manager_interfaces/srv/detail/get_ll_path__rosidl_typesupport_introspection_cpp.hpp
[0.859s] -- Up-to-date: /home/rhobtor/PHD/ARGOJ8_IA/install/path_manager_interfaces/lib/libpath_manager_interfaces__rosidl_typesupport_introspection_cpp.so
[0.859s] -- Up-to-date: /home/rhobtor/PHD/ARGOJ8_IA/install/path_manager_interfaces/lib/libpath_manager_interfaces__rosidl_typesupport_cpp.so
[0.859s] -- Up-to-date: /home/rhobtor/PHD/ARGOJ8_IA/install/path_manager_interfaces/share/path_manager_interfaces/environment/pythonpath.sh
[0.859s] -- Up-to-date: /home/rhobtor/PHD/ARGOJ8_IA/install/path_manager_interfaces/share/path_manager_interfaces/environment/pythonpath.dsv
[0.859s] -- Up-to-date: /home/rhobtor/PHD/ARGOJ8_IA/install/path_manager_interfaces/local/lib/python3.10/dist-packages/path_manager_interfaces-0.0.0-py3.10.egg-info
[0.859s] -- Installing: /home/rhobtor/PHD/ARGOJ8_IA/install/path_manager_interfaces/local/lib/python3.10/dist-packages/path_manager_interfaces-0.0.0-py3.10.egg-info/top_level.txt
[0.859s] -- Installing: /home/rhobtor/PHD/ARGOJ8_IA/install/path_manager_interfaces/local/lib/python3.10/dist-packages/path_manager_interfaces-0.0.0-py3.10.egg-info/SOURCES.txt
[0.859s] -- Installing: /home/rhobtor/PHD/ARGOJ8_IA/install/path_manager_interfaces/local/lib/python3.10/dist-packages/path_manager_interfaces-0.0.0-py3.10.egg-info/PKG-INFO
[0.860s] -- Installing: /home/rhobtor/PHD/ARGOJ8_IA/install/path_manager_interfaces/local/lib/python3.10/dist-packages/path_manager_interfaces-0.0.0-py3.10.egg-info/dependency_links.txt
[0.860s] -- Up-to-date: /home/rhobtor/PHD/ARGOJ8_IA/install/path_manager_interfaces/local/lib/python3.10/dist-packages/path_manager_interfaces
[0.860s] -- Up-to-date: /home/rhobtor/PHD/ARGOJ8_IA/install/path_manager_interfaces/local/lib/python3.10/dist-packages/path_manager_interfaces/path_manager_interfaces_s__rosidl_typesupport_fastrtps_c.cpython-310-x86_64-linux-gnu.so
[0.860s] -- Up-to-date: /home/rhobtor/PHD/ARGOJ8_IA/install/path_manager_interfaces/local/lib/python3.10/dist-packages/path_manager_interfaces/srv
[0.860s] -- Up-to-date: /home/rhobtor/PHD/ARGOJ8_IA/install/path_manager_interfaces/local/lib/python3.10/dist-packages/path_manager_interfaces/srv/_get_ll_path.py
[0.860s] -- Up-to-date: /home/rhobtor/PHD/ARGOJ8_IA/install/path_manager_interfaces/local/lib/python3.10/dist-packages/path_manager_interfaces/srv/_read_path_from_file.py
[0.860s] -- Up-to-date: /home/rhobtor/PHD/ARGOJ8_IA/install/path_manager_interfaces/local/lib/python3.10/dist-packages/path_manager_interfaces/srv/_read_path_from_file_s.c
[0.860s] -- Up-to-date: /home/rhobtor/PHD/ARGOJ8_IA/install/path_manager_interfaces/local/lib/python3.10/dist-packages/path_manager_interfaces/srv/_get_ll_path_s.c
[0.860s] -- Up-to-date: /home/rhobtor/PHD/ARGOJ8_IA/install/path_manager_interfaces/local/lib/python3.10/dist-packages/path_manager_interfaces/srv/_return_robot_path_s.c
[0.860s] -- Up-to-date: /home/rhobtor/PHD/ARGOJ8_IA/install/path_manager_interfaces/local/lib/python3.10/dist-packages/path_manager_interfaces/srv/_robot_path_s.c
[0.860s] -- Up-to-date: /home/rhobtor/PHD/ARGOJ8_IA/install/path_manager_interfaces/local/lib/python3.10/dist-packages/path_manager_interfaces/srv/_write_path_to_file.py
[0.860s] -- Up-to-date: /home/rhobtor/PHD/ARGOJ8_IA/install/path_manager_interfaces/local/lib/python3.10/dist-packages/path_manager_interfaces/srv/_robot_path.py
[0.860s] -- Up-to-date: /home/rhobtor/PHD/ARGOJ8_IA/install/path_manager_interfaces/local/lib/python3.10/dist-packages/path_manager_interfaces/srv/_plan_path.py
[0.860s] -- Up-to-date: /home/rhobtor/PHD/ARGOJ8_IA/install/path_manager_interfaces/local/lib/python3.10/dist-packages/path_manager_interfaces/srv/_return_robot_path.py
[0.861s] -- Up-to-date: /home/rhobtor/PHD/ARGOJ8_IA/install/path_manager_interfaces/local/lib/python3.10/dist-packages/path_manager_interfaces/srv/_get_fix_frame_path_s.c
[0.861s] -- Up-to-date: /home/rhobtor/PHD/ARGOJ8_IA/install/path_manager_interfaces/local/lib/python3.10/dist-packages/path_manager_interfaces/srv/__init__.py
[0.861s] -- Up-to-date: /home/rhobtor/PHD/ARGOJ8_IA/install/path_manager_interfaces/local/lib/python3.10/dist-packages/path_manager_interfaces/srv/_write_path_to_file_s.c
[0.861s] -- Up-to-date: /home/rhobtor/PHD/ARGOJ8_IA/install/path_manager_interfaces/local/lib/python3.10/dist-packages/path_manager_interfaces/srv/_plan_path_s.c
[0.861s] -- Up-to-date: /home/rhobtor/PHD/ARGOJ8_IA/install/path_manager_interfaces/local/lib/python3.10/dist-packages/path_manager_interfaces/srv/_assist_emergency_s.c
[0.861s] -- Up-to-date: /home/rhobtor/PHD/ARGOJ8_IA/install/path_manager_interfaces/local/lib/python3.10/dist-packages/path_manager_interfaces/srv/_get_fix_frame_path.py
[0.861s] -- Up-to-date: /home/rhobtor/PHD/ARGOJ8_IA/install/path_manager_interfaces/local/lib/python3.10/dist-packages/path_manager_interfaces/srv/_assist_emergency.py
[0.861s] -- Up-to-date: /home/rhobtor/PHD/ARGOJ8_IA/install/path_manager_interfaces/local/lib/python3.10/dist-packages/path_manager_interfaces/libpath_manager_interfaces__rosidl_generator_py.so
[0.861s] -- Up-to-date: /home/rhobtor/PHD/ARGOJ8_IA/install/path_manager_interfaces/local/lib/python3.10/dist-packages/path_manager_interfaces/path_manager_interfaces_s__rosidl_typesupport_introspection_c.cpython-310-x86_64-linux-gnu.so
[0.861s] -- Up-to-date: /home/rhobtor/PHD/ARGOJ8_IA/install/path_manager_interfaces/local/lib/python3.10/dist-packages/path_manager_interfaces/_path_manager_interfaces_s.ep.rosidl_typesupport_fastrtps_c.c
[0.862s] -- Up-to-date: /home/rhobtor/PHD/ARGOJ8_IA/install/path_manager_interfaces/local/lib/python3.10/dist-packages/path_manager_interfaces/_path_manager_interfaces_s.ep.rosidl_typesupport_introspection_c.c
[0.862s] -- Up-to-date: /home/rhobtor/PHD/ARGOJ8_IA/install/path_manager_interfaces/local/lib/python3.10/dist-packages/path_manager_interfaces/__init__.py
[0.862s] -- Up-to-date: /home/rhobtor/PHD/ARGOJ8_IA/install/path_manager_interfaces/local/lib/python3.10/dist-packages/path_manager_interfaces/path_manager_interfaces_s__rosidl_typesupport_c.cpython-310-x86_64-linux-gnu.so
[0.862s] -- Up-to-date: /home/rhobtor/PHD/ARGOJ8_IA/install/path_manager_interfaces/local/lib/python3.10/dist-packages/path_manager_interfaces/_path_manager_interfaces_s.ep.rosidl_typesupport_c.c
[0.894s] Listing '/home/rhobtor/PHD/ARGOJ8_IA/install/path_manager_interfaces/local/lib/python3.10/dist-packages/path_manager_interfaces'...
[0.894s] Listing '/home/rhobtor/PHD/ARGOJ8_IA/install/path_manager_interfaces/local/lib/python3.10/dist-packages/path_manager_interfaces/srv'...
[0.896s] -- Up-to-date: /home/rhobtor/PHD/ARGOJ8_IA/install/path_manager_interfaces/local/lib/python3.10/dist-packages/path_manager_interfaces/path_manager_interfaces_s__rosidl_typesupport_fastrtps_c.cpython-310-x86_64-linux-gnu.so
[0.896s] -- Up-to-date: /home/rhobtor/PHD/ARGOJ8_IA/install/path_manager_interfaces/local/lib/python3.10/dist-packages/path_manager_interfaces/path_manager_interfaces_s__rosidl_typesupport_introspection_c.cpython-310-x86_64-linux-gnu.so
[0.896s] -- Up-to-date: /home/rhobtor/PHD/ARGOJ8_IA/install/path_manager_interfaces/local/lib/python3.10/dist-packages/path_manager_interfaces/path_manager_interfaces_s__rosidl_typesupport_c.cpython-310-x86_64-linux-gnu.so
[0.897s] -- Up-to-date: /home/rhobtor/PHD/ARGOJ8_IA/install/path_manager_interfaces/lib/libpath_manager_interfaces__rosidl_generator_py.so
[0.897s] -- Up-to-date: /home/rhobtor/PHD/ARGOJ8_IA/install/path_manager_interfaces/share/path_manager_interfaces/srv/WritePathToFile.idl
[0.897s] -- Up-to-date: /home/rhobtor/PHD/ARGOJ8_IA/install/path_manager_interfaces/share/path_manager_interfaces/srv/ReadPathFromFile.idl
[0.897s] -- Up-to-date: /home/rhobtor/PHD/ARGOJ8_IA/install/path_manager_interfaces/share/path_manager_interfaces/srv/ReturnRobotPath.idl
[0.897s] -- Up-to-date: /home/rhobtor/PHD/ARGOJ8_IA/install/path_manager_interfaces/share/path_manager_interfaces/srv/RobotPath.idl
[0.897s] -- Up-to-date: /home/rhobtor/PHD/ARGOJ8_IA/install/path_manager_interfaces/share/path_manager_interfaces/srv/GetFixFramePath.idl
[0.898s] -- Up-to-date: /home/rhobtor/PHD/ARGOJ8_IA/install/path_manager_interfaces/share/path_manager_interfaces/srv/GetLLPath.idl
[0.898s] -- Up-to-date: /home/rhobtor/PHD/ARGOJ8_IA/install/path_manager_interfaces/share/path_manager_interfaces/srv/PlanPath.idl
[0.898s] -- Up-to-date: /home/rhobtor/PHD/ARGOJ8_IA/install/path_manager_interfaces/share/path_manager_interfaces/srv/AssistEmergency.idl
[0.898s] -- Up-to-date: /home/rhobtor/PHD/ARGOJ8_IA/install/path_manager_interfaces/share/path_manager_interfaces/srv/WritePathToFile.srv
[0.899s] -- Up-to-date: /home/rhobtor/PHD/ARGOJ8_IA/install/path_manager_interfaces/share/path_manager_interfaces/srv/WritePathToFile_Request.msg
[0.899s] -- Up-to-date: /home/rhobtor/PHD/ARGOJ8_IA/install/path_manager_interfaces/share/path_manager_interfaces/srv/WritePathToFile_Response.msg
[0.899s] -- Up-to-date: /home/rhobtor/PHD/ARGOJ8_IA/install/path_manager_interfaces/share/path_manager_interfaces/srv/ReadPathFromFile.srv
[0.899s] -- Up-to-date: /home/rhobtor/PHD/ARGOJ8_IA/install/path_manager_interfaces/share/path_manager_interfaces/srv/ReadPathFromFile_Request.msg
[0.899s] -- Up-to-date: /home/rhobtor/PHD/ARGOJ8_IA/install/path_manager_interfaces/share/path_manager_interfaces/srv/ReadPathFromFile_Response.msg
[0.899s] -- Up-to-date: /home/rhobtor/PHD/ARGOJ8_IA/install/path_manager_interfaces/share/path_manager_interfaces/srv/ReturnRobotPath.srv
[0.899s] -- Up-to-date: /home/rhobtor/PHD/ARGOJ8_IA/install/path_manager_interfaces/share/path_manager_interfaces/srv/ReturnRobotPath_Request.msg
[0.899s] -- Up-to-date: /home/rhobtor/PHD/ARGOJ8_IA/install/path_manager_interfaces/share/path_manager_interfaces/srv/ReturnRobotPath_Response.msg
[0.899s] -- Up-to-date: /home/rhobtor/PHD/ARGOJ8_IA/install/path_manager_interfaces/share/path_manager_interfaces/srv/RobotPath.srv
[0.899s] -- Up-to-date: /home/rhobtor/PHD/ARGOJ8_IA/install/path_manager_interfaces/share/path_manager_interfaces/srv/RobotPath_Request.msg
[0.899s] -- Up-to-date: /home/rhobtor/PHD/ARGOJ8_IA/install/path_manager_interfaces/share/path_manager_interfaces/srv/RobotPath_Response.msg
[0.899s] -- Up-to-date: /home/rhobtor/PHD/ARGOJ8_IA/install/path_manager_interfaces/share/path_manager_interfaces/srv/GetFixFramePath.srv
[0.899s] -- Up-to-date: /home/rhobtor/PHD/ARGOJ8_IA/install/path_manager_interfaces/share/path_manager_interfaces/srv/GetFixFramePath_Request.msg
[0.899s] -- Up-to-date: /home/rhobtor/PHD/ARGOJ8_IA/install/path_manager_interfaces/share/path_manager_interfaces/srv/GetFixFramePath_Response.msg
[0.900s] -- Up-to-date: /home/rhobtor/PHD/ARGOJ8_IA/install/path_manager_interfaces/share/path_manager_interfaces/srv/GetLLPath.srv
[0.900s] -- Up-to-date: /home/rhobtor/PHD/ARGOJ8_IA/install/path_manager_interfaces/share/path_manager_interfaces/srv/GetLLPath_Request.msg
[0.900s] -- Up-to-date: /home/rhobtor/PHD/ARGOJ8_IA/install/path_manager_interfaces/share/path_manager_interfaces/srv/GetLLPath_Response.msg
[0.900s] -- Up-to-date: /home/rhobtor/PHD/ARGOJ8_IA/install/path_manager_interfaces/share/path_manager_interfaces/srv/PlanPath.srv
[0.900s] -- Up-to-date: /home/rhobtor/PHD/ARGOJ8_IA/install/path_manager_interfaces/share/path_manager_interfaces/srv/PlanPath_Request.msg
[0.900s] -- Up-to-date: /home/rhobtor/PHD/ARGOJ8_IA/install/path_manager_interfaces/share/path_manager_interfaces/srv/PlanPath_Response.msg
[0.900s] -- Up-to-date: /home/rhobtor/PHD/ARGOJ8_IA/install/path_manager_interfaces/share/path_manager_interfaces/srv/AssistEmergency.srv
[0.900s] -- Up-to-date: /home/rhobtor/PHD/ARGOJ8_IA/install/path_manager_interfaces/share/path_manager_interfaces/srv/AssistEmergency_Request.msg
[0.900s] -- Up-to-date: /home/rhobtor/PHD/ARGOJ8_IA/install/path_manager_interfaces/share/path_manager_interfaces/srv/AssistEmergency_Response.msg
[0.900s] -- Up-to-date: /home/rhobtor/PHD/ARGOJ8_IA/install/path_manager_interfaces/share/ament_index/resource_index/package_run_dependencies/path_manager_interfaces
[0.900s] -- Up-to-date: /home/rhobtor/PHD/ARGOJ8_IA/install/path_manager_interfaces/share/ament_index/resource_index/parent_prefix_path/path_manager_interfaces
[0.900s] -- Up-to-date: /home/rhobtor/PHD/ARGOJ8_IA/install/path_manager_interfaces/share/path_manager_interfaces/environment/ament_prefix_path.sh
[0.900s] -- Up-to-date: /home/rhobtor/PHD/ARGOJ8_IA/install/path_manager_interfaces/share/path_manager_interfaces/environment/ament_prefix_path.dsv
[0.901s] -- Up-to-date: /home/rhobtor/PHD/ARGOJ8_IA/install/path_manager_interfaces/share/path_manager_interfaces/environment/path.sh
[0.901s] -- Up-to-date: /home/rhobtor/PHD/ARGOJ8_IA/install/path_manager_interfaces/share/path_manager_interfaces/environment/path.dsv
[0.901s] -- Up-to-date: /home/rhobtor/PHD/ARGOJ8_IA/install/path_manager_interfaces/share/path_manager_interfaces/local_setup.bash
[0.901s] -- Up-to-date: /home/rhobtor/PHD/ARGOJ8_IA/install/path_manager_interfaces/share/path_manager_interfaces/local_setup.sh
[0.901s] -- Up-to-date: /home/rhobtor/PHD/ARGOJ8_IA/install/path_manager_interfaces/share/path_manager_interfaces/local_setup.zsh
[0.901s] -- Up-to-date: /home/rhobtor/PHD/ARGOJ8_IA/install/path_manager_interfaces/share/path_manager_interfaces/local_setup.dsv
[0.901s] -- Installing: /home/rhobtor/PHD/ARGOJ8_IA/install/path_manager_interfaces/share/path_manager_interfaces/package.dsv
[0.901s] -- Up-to-date: /home/rhobtor/PHD/ARGOJ8_IA/install/path_manager_interfaces/share/ament_index/resource_index/packages/path_manager_interfaces
[0.901s] -- Up-to-date: /home/rhobtor/PHD/ARGOJ8_IA/install/path_manager_interfaces/share/path_manager_interfaces/cmake/export_path_manager_interfaces__rosidl_generator_cExport.cmake
[0.901s] -- Up-to-date: /home/rhobtor/PHD/ARGOJ8_IA/install/path_manager_interfaces/share/path_manager_interfaces/cmake/export_path_manager_interfaces__rosidl_generator_cExport-noconfig.cmake
[0.902s] -- Up-to-date: /home/rhobtor/PHD/ARGOJ8_IA/install/path_manager_interfaces/share/path_manager_interfaces/cmake/export_path_manager_interfaces__rosidl_typesupport_fastrtps_cExport.cmake
[0.902s] -- Up-to-date: /home/rhobtor/PHD/ARGOJ8_IA/install/path_manager_interfaces/share/path_manager_interfaces/cmake/export_path_manager_interfaces__rosidl_typesupport_fastrtps_cExport-noconfig.cmake
[0.902s] -- Up-to-date: /home/rhobtor/PHD/ARGOJ8_IA/install/path_manager_interfaces/share/path_manager_interfaces/cmake/path_manager_interfaces__rosidl_typesupport_introspection_cExport.cmake
[0.902s] -- Up-to-date: /home/rhobtor/PHD/ARGOJ8_IA/install/path_manager_interfaces/share/path_manager_interfaces/cmake/path_manager_interfaces__rosidl_typesupport_introspection_cExport-noconfig.cmake
[0.902s] -- Up-to-date: /home/rhobtor/PHD/ARGOJ8_IA/install/path_manager_interfaces/share/path_manager_interfaces/cmake/path_manager_interfaces__rosidl_typesupport_cExport.cmake
[0.902s] -- Up-to-date: /home/rhobtor/PHD/ARGOJ8_IA/install/path_manager_interfaces/share/path_manager_interfaces/cmake/path_manager_interfaces__rosidl_typesupport_cExport-noconfig.cmake
[0.902s] -- Up-to-date: /home/rhobtor/PHD/ARGOJ8_IA/install/path_manager_interfaces/share/path_manager_interfaces/cmake/export_path_manager_interfaces__rosidl_generator_cppExport.cmake
[0.902s] -- Up-to-date: /home/rhobtor/PHD/ARGOJ8_IA/install/path_manager_interfaces/share/path_manager_interfaces/cmake/export_path_manager_interfaces__rosidl_typesupport_fastrtps_cppExport.cmake
[0.902s] -- Up-to-date: /home/rhobtor/PHD/ARGOJ8_IA/install/path_manager_interfaces/share/path_manager_interfaces/cmake/export_path_manager_interfaces__rosidl_typesupport_fastrtps_cppExport-noconfig.cmake
[0.902s] -- Up-to-date: /home/rhobtor/PHD/ARGOJ8_IA/install/path_manager_interfaces/share/path_manager_interfaces/cmake/path_manager_interfaces__rosidl_typesupport_introspection_cppExport.cmake
[0.902s] -- Up-to-date: /home/rhobtor/PHD/ARGOJ8_IA/install/path_manager_interfaces/share/path_manager_interfaces/cmake/path_manager_interfaces__rosidl_typesupport_introspection_cppExport-noconfig.cmake
[0.902s] -- Up-to-date: /home/rhobtor/PHD/ARGOJ8_IA/install/path_manager_interfaces/share/path_manager_interfaces/cmake/path_manager_interfaces__rosidl_typesupport_cppExport.cmake
[0.902s] -- Up-to-date: /home/rhobtor/PHD/ARGOJ8_IA/install/path_manager_interfaces/share/path_manager_interfaces/cmake/path_manager_interfaces__rosidl_typesupport_cppExport-noconfig.cmake
[0.902s] -- Up-to-date: /home/rhobtor/PHD/ARGOJ8_IA/install/path_manager_interfaces/share/path_manager_interfaces/cmake/export_path_manager_interfaces__rosidl_generator_pyExport.cmake
[0.903s] -- Up-to-date: /home/rhobtor/PHD/ARGOJ8_IA/install/path_manager_interfaces/share/path_manager_interfaces/cmake/export_path_manager_interfaces__rosidl_generator_pyExport-noconfig.cmake
[0.903s] -- Up-to-date: /home/rhobtor/PHD/ARGOJ8_IA/install/path_manager_interfaces/share/path_manager_interfaces/cmake/rosidl_cmake-extras.cmake
[0.903s] -- Up-to-date: /home/rhobtor/PHD/ARGOJ8_IA/install/path_manager_interfaces/share/path_manager_interfaces/cmake/ament_cmake_export_dependencies-extras.cmake
[0.903s] -- Up-to-date: /home/rhobtor/PHD/ARGOJ8_IA/install/path_manager_interfaces/share/path_manager_interfaces/cmake/ament_cmake_export_include_directories-extras.cmake
[0.903s] -- Up-to-date: /home/rhobtor/PHD/ARGOJ8_IA/install/path_manager_interfaces/share/path_manager_interfaces/cmake/ament_cmake_export_libraries-extras.cmake
[0.903s] -- Up-to-date: /home/rhobtor/PHD/ARGOJ8_IA/install/path_manager_interfaces/share/path_manager_interfaces/cmake/ament_cmake_export_targets-extras.cmake
[0.903s] -- Up-to-date: /home/rhobtor/PHD/ARGOJ8_IA/install/path_manager_interfaces/share/path_manager_interfaces/cmake/rosidl_cmake_export_typesupport_targets-extras.cmake
[0.903s] -- Up-to-date: /home/rhobtor/PHD/ARGOJ8_IA/install/path_manager_interfaces/share/path_manager_interfaces/cmake/rosidl_cmake_export_typesupport_libraries-extras.cmake
[0.903s] -- Up-to-date: /home/rhobtor/PHD/ARGOJ8_IA/install/path_manager_interfaces/share/path_manager_interfaces/cmake/path_manager_interfacesConfig.cmake
[0.903s] -- Up-to-date: /home/rhobtor/PHD/ARGOJ8_IA/install/path_manager_interfaces/share/path_manager_interfaces/cmake/path_manager_interfacesConfig-version.cmake
[0.903s] -- Up-to-date: /home/rhobtor/PHD/ARGOJ8_IA/install/path_manager_interfaces/share/path_manager_interfaces/package.xml
[1.014s] Invoked command in '/home/rhobtor/PHD/ARGOJ8_IA/build/path_manager_interfaces' returned '0': CMAKE_PREFIX_PATH=${CMAKE_PREFIX_PATH}:/home/rhobtor/PHD/ARGOJ8_IA/install/ntrip_client:/home/rhobtor/PHD/ARGOJ8_IA/install/car:/home/rhobtor/PHD/ARGOJ8_IA/install/android_ros2_server:/home/rhobtor/PHD/ARGOJ8_IA/install/GUI_pkg:/home/rhobtor/PHD/reactive/Reactive-Navegation/workspace_full_conected/install/car:/opt/ros/humble /opt/st/stm32cubeclt_1.18.0/CMake/bin/cmake --install /home/rhobtor/PHD/ARGOJ8_IA/build/path_manager_interfaces
