[0.602s] Invoking command in '/home/rhobtor/PHD/ARGOJ8_IA/build/car_cpp': AMENT_PREFIX_PATH=/home/rhobtor/PHD/ARGOJ8_IA/install/car_interfaces:${AMENT_PREFIX_PATH} CMAKE_PREFIX_PATH=/home/rhobtor/PHD/ARGOJ8_IA/install/car_interfaces:/home/rhobtor/PHD/reactive/Reactive-Navegation/workspace_full_conected/install/octomap_mapping:/home/rhobtor/PHD/reactive/Reactive-Navegation/workspace_full_conected/install/octomap_server:/home/rhobtor/PHD/reactive/Reactive-Navegation/workspace_full_conected/install/octomap_rviz_plugins:/home/rhobtor/PHD/reactive/Reactive-Navegation/workspace_full_conected/install/hector_gazebo_plugins:/home/rhobtor/PHD/reactive/Reactive-Navegation/workspace_full_conected/install/car_cpp:/home/rhobtor/PHD/reactive/Reactive-Navegation/workspace_full_conected/install/car_interfaces:/home/rhobtor/PHD/reactive/Reactive-Navegation/workspace_full_conected/install/car:/opt/ros/humble LD_LIBRARY_PATH=/home/rhobtor/PHD/ARGOJ8_IA/install/car_interfaces/lib:${LD_LIBRARY_PATH} PYTHONPATH=/home/rhobtor/PHD/ARGOJ8_IA/install/car_interfaces/local/lib/python3.10/dist-packages:${PYTHONPATH} /opt/st/stm32cubeclt_1.18.0/CMake/bin/cmake --build /home/rhobtor/PHD/ARGOJ8_IA/build/car_cpp -- -j16 -l16
[0.691s] [  9%] Built target navigation_nodes
[0.712s] [ 18%] Built target occupied_nodes_near_obstacles
[0.712s] [ 27%] Built target move_navigation_nodes_frontier
[0.712s] [ 36%] Built target frontier_values
[0.714s] [ 45%] Built target navigation_nodes_ground
[0.714s] [ 54%] Built target obstacles_in_2d
[0.714s] [ 63%] Built target check_goal
[0.716s] [ 72%] Built target filtered_navigation_nodes
[0.731s] [ 81%] Built target drive_plugin
[0.735s] [ 90%] Built target move_plugin
[0.753s] [100%] Built target joints_plugin
[1.095s] Invoked command in '/home/rhobtor/PHD/ARGOJ8_IA/build/car_cpp' returned '0': AMENT_PREFIX_PATH=/home/rhobtor/PHD/ARGOJ8_IA/install/car_interfaces:${AMENT_PREFIX_PATH} CMAKE_PREFIX_PATH=/home/rhobtor/PHD/ARGOJ8_IA/install/car_interfaces:/home/rhobtor/PHD/reactive/Reactive-Navegation/workspace_full_conected/install/octomap_mapping:/home/rhobtor/PHD/reactive/Reactive-Navegation/workspace_full_conected/install/octomap_server:/home/rhobtor/PHD/reactive/Reactive-Navegation/workspace_full_conected/install/octomap_rviz_plugins:/home/rhobtor/PHD/reactive/Reactive-Navegation/workspace_full_conected/install/hector_gazebo_plugins:/home/rhobtor/PHD/reactive/Reactive-Navegation/workspace_full_conected/install/car_cpp:/home/rhobtor/PHD/reactive/Reactive-Navegation/workspace_full_conected/install/car_interfaces:/home/rhobtor/PHD/reactive/Reactive-Navegation/workspace_full_conected/install/car:/opt/ros/humble LD_LIBRARY_PATH=/home/rhobtor/PHD/ARGOJ8_IA/install/car_interfaces/lib:${LD_LIBRARY_PATH} PYTHONPATH=/home/rhobtor/PHD/ARGOJ8_IA/install/car_interfaces/local/lib/python3.10/dist-packages:${PYTHONPATH} /opt/st/stm32cubeclt_1.18.0/CMake/bin/cmake --build /home/rhobtor/PHD/ARGOJ8_IA/build/car_cpp -- -j16 -l16
[1.095s] Invoking command in '/home/rhobtor/PHD/ARGOJ8_IA/build/car_cpp': AMENT_PREFIX_PATH=/home/rhobtor/PHD/ARGOJ8_IA/install/car_interfaces:${AMENT_PREFIX_PATH} CMAKE_PREFIX_PATH=/home/rhobtor/PHD/ARGOJ8_IA/install/car_interfaces:/home/rhobtor/PHD/reactive/Reactive-Navegation/workspace_full_conected/install/octomap_mapping:/home/rhobtor/PHD/reactive/Reactive-Navegation/workspace_full_conected/install/octomap_server:/home/rhobtor/PHD/reactive/Reactive-Navegation/workspace_full_conected/install/octomap_rviz_plugins:/home/rhobtor/PHD/reactive/Reactive-Navegation/workspace_full_conected/install/hector_gazebo_plugins:/home/rhobtor/PHD/reactive/Reactive-Navegation/workspace_full_conected/install/car_cpp:/home/rhobtor/PHD/reactive/Reactive-Navegation/workspace_full_conected/install/car_interfaces:/home/rhobtor/PHD/reactive/Reactive-Navegation/workspace_full_conected/install/car:/opt/ros/humble LD_LIBRARY_PATH=/home/rhobtor/PHD/ARGOJ8_IA/install/car_interfaces/lib:${LD_LIBRARY_PATH} PYTHONPATH=/home/rhobtor/PHD/ARGOJ8_IA/install/car_interfaces/local/lib/python3.10/dist-packages:${PYTHONPATH} /opt/st/stm32cubeclt_1.18.0/CMake/bin/cmake --install /home/rhobtor/PHD/ARGOJ8_IA/build/car_cpp
[1.120s] -- Install configuration: ""
[1.120s] -- Up-to-date: /home/rhobtor/PHD/ARGOJ8_IA/install/car_cpp/lib/car_cpp/navigation_nodes
[1.120s] -- Up-to-date: /home/rhobtor/PHD/ARGOJ8_IA/install/car_cpp/lib/car_cpp/navigation_nodes_ground
[1.120s] -- Up-to-date: /home/rhobtor/PHD/ARGOJ8_IA/install/car_cpp/lib/car_cpp/move_navigation_nodes_frontier
[1.121s] -- Up-to-date: /home/rhobtor/PHD/ARGOJ8_IA/install/car_cpp/lib/car_cpp/frontier_values
[1.121s] -- Up-to-date: /home/rhobtor/PHD/ARGOJ8_IA/install/car_cpp/lib/car_cpp/occupied_nodes_near_obstacles
[1.121s] -- Up-to-date: /home/rhobtor/PHD/ARGOJ8_IA/install/car_cpp/lib/car_cpp/obstacles_in_2d
[1.121s] -- Up-to-date: /home/rhobtor/PHD/ARGOJ8_IA/install/car_cpp/lib/car_cpp/check_goal
[1.121s] -- Up-to-date: /home/rhobtor/PHD/ARGOJ8_IA/install/car_cpp/lib/car_cpp/filtered_navigation_nodes
[1.121s] -- Up-to-date: /home/rhobtor/PHD/ARGOJ8_IA/install/car_cpp/lib/libmove_plugin.so
[1.121s] -- Up-to-date: /home/rhobtor/PHD/ARGOJ8_IA/install/car_cpp/lib/libdrive_plugin.so
[1.121s] -- Up-to-date: /home/rhobtor/PHD/ARGOJ8_IA/install/car_cpp/lib/libjoints_plugin.so
[1.121s] -- Up-to-date: /home/rhobtor/PHD/ARGOJ8_IA/install/car_cpp/include/
[1.122s] -- Up-to-date: /home/rhobtor/PHD/ARGOJ8_IA/install/car_cpp/include//utilities.hpp
[1.122s] -- Up-to-date: /home/rhobtor/PHD/ARGOJ8_IA/install/car_cpp/include//obstacle_detection.hpp
[1.122s] -- Up-to-date: /home/rhobtor/PHD/ARGOJ8_IA/install/car_cpp/include//visualization.hpp
[1.122s] -- Up-to-date: /home/rhobtor/PHD/ARGOJ8_IA/install/car_cpp/include//motion.hpp
[1.122s] -- Up-to-date: /home/rhobtor/PHD/ARGOJ8_IA/install/car_cpp/include//control_plugin.hpp
[1.122s] -- Up-to-date: /home/rhobtor/PHD/ARGOJ8_IA/install/car_cpp/include//move_ros.hpp
[1.122s] -- Up-to-date: /home/rhobtor/PHD/ARGOJ8_IA/install/car_cpp/include//odometria.hpp
[1.122s] -- Up-to-date: /home/rhobtor/PHD/ARGOJ8_IA/install/car_cpp/share/ament_index/resource_index/package_run_dependencies/car_cpp
[1.122s] -- Up-to-date: /home/rhobtor/PHD/ARGOJ8_IA/install/car_cpp/share/ament_index/resource_index/parent_prefix_path/car_cpp
[1.122s] -- Up-to-date: /home/rhobtor/PHD/ARGOJ8_IA/install/car_cpp/share/car_cpp/environment/ament_prefix_path.sh
[1.122s] -- Up-to-date: /home/rhobtor/PHD/ARGOJ8_IA/install/car_cpp/share/car_cpp/environment/ament_prefix_path.dsv
[1.122s] -- Up-to-date: /home/rhobtor/PHD/ARGOJ8_IA/install/car_cpp/share/car_cpp/environment/path.sh
[1.122s] -- Up-to-date: /home/rhobtor/PHD/ARGOJ8_IA/install/car_cpp/share/car_cpp/environment/path.dsv
[1.122s] -- Up-to-date: /home/rhobtor/PHD/ARGOJ8_IA/install/car_cpp/share/car_cpp/local_setup.bash
[1.122s] -- Up-to-date: /home/rhobtor/PHD/ARGOJ8_IA/install/car_cpp/share/car_cpp/local_setup.sh
[1.122s] -- Up-to-date: /home/rhobtor/PHD/ARGOJ8_IA/install/car_cpp/share/car_cpp/local_setup.zsh
[1.122s] -- Up-to-date: /home/rhobtor/PHD/ARGOJ8_IA/install/car_cpp/share/car_cpp/local_setup.dsv
[1.122s] -- Installing: /home/rhobtor/PHD/ARGOJ8_IA/install/car_cpp/share/car_cpp/package.dsv
[1.122s] -- Up-to-date: /home/rhobtor/PHD/ARGOJ8_IA/install/car_cpp/share/ament_index/resource_index/packages/car_cpp
[1.123s] -- Up-to-date: /home/rhobtor/PHD/ARGOJ8_IA/install/car_cpp/share/car_cpp/cmake/car_cppConfig.cmake
[1.123s] -- Up-to-date: /home/rhobtor/PHD/ARGOJ8_IA/install/car_cpp/share/car_cpp/cmake/car_cppConfig-version.cmake
[1.123s] -- Up-to-date: /home/rhobtor/PHD/ARGOJ8_IA/install/car_cpp/share/car_cpp/package.xml
[1.204s] Invoked command in '/home/rhobtor/PHD/ARGOJ8_IA/build/car_cpp' returned '0': AMENT_PREFIX_PATH=/home/rhobtor/PHD/ARGOJ8_IA/install/car_interfaces:${AMENT_PREFIX_PATH} CMAKE_PREFIX_PATH=/home/rhobtor/PHD/ARGOJ8_IA/install/car_interfaces:/home/rhobtor/PHD/reactive/Reactive-Navegation/workspace_full_conected/install/octomap_mapping:/home/rhobtor/PHD/reactive/Reactive-Navegation/workspace_full_conected/install/octomap_server:/home/rhobtor/PHD/reactive/Reactive-Navegation/workspace_full_conected/install/octomap_rviz_plugins:/home/rhobtor/PHD/reactive/Reactive-Navegation/workspace_full_conected/install/hector_gazebo_plugins:/home/rhobtor/PHD/reactive/Reactive-Navegation/workspace_full_conected/install/car_cpp:/home/rhobtor/PHD/reactive/Reactive-Navegation/workspace_full_conected/install/car_interfaces:/home/rhobtor/PHD/reactive/Reactive-Navegation/workspace_full_conected/install/car:/opt/ros/humble LD_LIBRARY_PATH=/home/rhobtor/PHD/ARGOJ8_IA/install/car_interfaces/lib:${LD_LIBRARY_PATH} PYTHONPATH=/home/rhobtor/PHD/ARGOJ8_IA/install/car_interfaces/local/lib/python3.10/dist-packages:${PYTHONPATH} /opt/st/stm32cubeclt_1.18.0/CMake/bin/cmake --install /home/rhobtor/PHD/ARGOJ8_IA/build/car_cpp
