[1.621s] Invoking command in '/home/rhobtor/PHD/ARGOJ8_IA/src/GUI_pkg': PYTHONPATH=/home/rhobtor/PHD/ARGOJ8_IA/build/GUI_pkg/prefix_override:/usr/lib/python3/dist-packages/colcon_core/task/python/colcon_distutils_commands:/home/rhobtor/PHD/ARGOJ8_IA/install/GUI_pkg/lib/python3.10/site-packages:${PYTHONPATH} /usr/bin/python3 -W ignore:setup.py install is deprecated -W ignore:easy_install command is deprecated setup.py egg_info --egg-base ../../build/GUI_pkg build --build-base /home/rhobtor/PHD/ARGOJ8_IA/build/GUI_pkg/build install --record /home/rhobtor/PHD/ARGOJ8_IA/build/GUI_pkg/install.log --single-version-externally-managed
[1.977s] running egg_info
[1.978s] writing ../../build/GUI_pkg/GUI_pkg.egg-info/PKG-INFO
[1.978s] writing dependency_links to ../../build/GUI_pkg/GUI_pkg.egg-info/dependency_links.txt
[1.978s] writing entry points to ../../build/GUI_pkg/GUI_pkg.egg-info/entry_points.txt
[1.978s] writing requirements to ../../build/GUI_pkg/GUI_pkg.egg-info/requires.txt
[1.979s] writing top-level names to ../../build/GUI_pkg/GUI_pkg.egg-info/top_level.txt
[1.979s] reading manifest file '../../build/GUI_pkg/GUI_pkg.egg-info/SOURCES.txt'
[1.981s] writing manifest file '../../build/GUI_pkg/GUI_pkg.egg-info/SOURCES.txt'
[1.982s] running build
[1.982s] running build_py
[1.982s] running install
[1.982s] running install_lib
[1.985s] byte-compiling /home/rhobtor/PHD/ARGOJ8_IA/install/GUI_pkg/lib/python3.10/site-packages/GUI_pkg/tabs.py to tabs.cpython-310.pyc
[1.999s] Sorry: IndentationError: unexpected indent (tabs.py, line 415)
[2.003s] running install_egg_info
[2.005s] removing '/home/rhobtor/PHD/ARGOJ8_IA/install/GUI_pkg/lib/python3.10/site-packages/GUI_pkg-0.0.0-py3.10.egg-info' (and everything under it)
[2.006s] Copying ../../build/GUI_pkg/GUI_pkg.egg-info to /home/rhobtor/PHD/ARGOJ8_IA/install/GUI_pkg/lib/python3.10/site-packages/GUI_pkg-0.0.0-py3.10.egg-info
[2.006s] running install_scripts
[2.047s] Installing gui_node script to /home/rhobtor/PHD/ARGOJ8_IA/install/GUI_pkg/lib/GUI_pkg
[2.047s] writing list of installed files to '/home/rhobtor/PHD/ARGOJ8_IA/build/GUI_pkg/install.log'
[2.455s] Invoked command in '/home/rhobtor/PHD/ARGOJ8_IA/src/GUI_pkg' returned '0': PYTHONPATH=/home/rhobtor/PHD/ARGOJ8_IA/build/GUI_pkg/prefix_override:/usr/lib/python3/dist-packages/colcon_core/task/python/colcon_distutils_commands:/home/rhobtor/PHD/ARGOJ8_IA/install/GUI_pkg/lib/python3.10/site-packages:${PYTHONPATH} /usr/bin/python3 -W ignore:setup.py install is deprecated -W ignore:easy_install command is deprecated setup.py egg_info --egg-base ../../build/GUI_pkg build --build-base /home/rhobtor/PHD/ARGOJ8_IA/build/GUI_pkg/build install --record /home/rhobtor/PHD/ARGOJ8_IA/build/GUI_pkg/install.log --single-version-externally-managed
