[0.155s] Invoking command in '/home/rhobtor/PHD/ARGOJ8_IA/build/ublox_serialization': CMAKE_PREFIX_PATH=${CMAKE_PREFIX_PATH}:/home/rhobtor/PHD/ARGOJ8_IA/install/ntrip_client:/home/rhobtor/PHD/ARGOJ8_IA/install/car:/home/rhobtor/PHD/ARGOJ8_IA/install/android_ros2_server:/home/rhobtor/PHD/ARGOJ8_IA/install/GUI_pkg:/home/rhobtor/PHD/reactive/Reactive-Navegation/workspace_full_conected/install/car:/opt/ros/humble /opt/st/stm32cubeclt_1.18.0/CMake/bin/cmake --build /home/rhobtor/PHD/ARGOJ8_IA/build/ublox_serialization -- -j16 -l16
[1.547s] Invoked command in '/home/rhobtor/PHD/ARGOJ8_IA/build/ublox_serialization' returned '0': CMAKE_PREFIX_PATH=${CMAKE_PREFIX_PATH}:/home/rhobtor/PHD/ARGOJ8_IA/install/ntrip_client:/home/rhobtor/PHD/ARGOJ8_IA/install/car:/home/rhobtor/PHD/ARGOJ8_IA/install/android_ros2_server:/home/rhobtor/PHD/ARGOJ8_IA/install/GUI_pkg:/home/rhobtor/PHD/reactive/Reactive-Navegation/workspace_full_conected/install/car:/opt/ros/humble /opt/st/stm32cubeclt_1.18.0/CMake/bin/cmake --build /home/rhobtor/PHD/ARGOJ8_IA/build/ublox_serialization -- -j16 -l16
[1.548s] Invoking command in '/home/rhobtor/PHD/ARGOJ8_IA/build/ublox_serialization': CMAKE_PREFIX_PATH=${CMAKE_PREFIX_PATH}:/home/rhobtor/PHD/ARGOJ8_IA/install/ntrip_client:/home/rhobtor/PHD/ARGOJ8_IA/install/car:/home/rhobtor/PHD/ARGOJ8_IA/install/android_ros2_server:/home/rhobtor/PHD/ARGOJ8_IA/install/GUI_pkg:/home/rhobtor/PHD/reactive/Reactive-Navegation/workspace_full_conected/install/car:/opt/ros/humble /opt/st/stm32cubeclt_1.18.0/CMake/bin/cmake --install /home/rhobtor/PHD/ARGOJ8_IA/build/ublox_serialization
[1.624s] -- Install configuration: ""
[1.625s] -- Up-to-date: /home/rhobtor/PHD/ARGOJ8_IA/install/ublox_serialization/include/ublox_serialization
[1.625s] -- Up-to-date: /home/rhobtor/PHD/ARGOJ8_IA/install/ublox_serialization/include/ublox_serialization/ublox_serialization
[1.625s] -- Up-to-date: /home/rhobtor/PHD/ARGOJ8_IA/install/ublox_serialization/include/ublox_serialization/ublox_serialization/serialization.hpp
[1.625s] -- Up-to-date: /home/rhobtor/PHD/ARGOJ8_IA/install/ublox_serialization/include/ublox_serialization/ublox_serialization/checksum.hpp
[1.625s] -- Up-to-date: /home/rhobtor/PHD/ARGOJ8_IA/install/ublox_serialization/share/ament_index/resource_index/package_run_dependencies/ublox_serialization
[1.625s] -- Up-to-date: /home/rhobtor/PHD/ARGOJ8_IA/install/ublox_serialization/share/ament_index/resource_index/parent_prefix_path/ublox_serialization
[1.625s] -- Up-to-date: /home/rhobtor/PHD/ARGOJ8_IA/install/ublox_serialization/share/ublox_serialization/environment/ament_prefix_path.sh
[1.625s] -- Up-to-date: /home/rhobtor/PHD/ARGOJ8_IA/install/ublox_serialization/share/ublox_serialization/environment/ament_prefix_path.dsv
[1.625s] -- Up-to-date: /home/rhobtor/PHD/ARGOJ8_IA/install/ublox_serialization/share/ublox_serialization/environment/path.sh
[1.625s] -- Up-to-date: /home/rhobtor/PHD/ARGOJ8_IA/install/ublox_serialization/share/ublox_serialization/environment/path.dsv
[1.625s] -- Up-to-date: /home/rhobtor/PHD/ARGOJ8_IA/install/ublox_serialization/share/ublox_serialization/local_setup.bash
[1.626s] -- Up-to-date: /home/rhobtor/PHD/ARGOJ8_IA/install/ublox_serialization/share/ublox_serialization/local_setup.sh
[1.626s] -- Up-to-date: /home/rhobtor/PHD/ARGOJ8_IA/install/ublox_serialization/share/ublox_serialization/local_setup.zsh
[1.626s] -- Up-to-date: /home/rhobtor/PHD/ARGOJ8_IA/install/ublox_serialization/share/ublox_serialization/local_setup.dsv
[1.626s] -- Installing: /home/rhobtor/PHD/ARGOJ8_IA/install/ublox_serialization/share/ublox_serialization/package.dsv
[1.626s] -- Up-to-date: /home/rhobtor/PHD/ARGOJ8_IA/install/ublox_serialization/share/ament_index/resource_index/packages/ublox_serialization
[1.626s] -- Up-to-date: /home/rhobtor/PHD/ARGOJ8_IA/install/ublox_serialization/share/ublox_serialization/cmake/export_ublox_serializationExport.cmake
[1.626s] -- Up-to-date: /home/rhobtor/PHD/ARGOJ8_IA/install/ublox_serialization/share/ublox_serialization/cmake/ament_cmake_export_include_directories-extras.cmake
[1.626s] -- Up-to-date: /home/rhobtor/PHD/ARGOJ8_IA/install/ublox_serialization/share/ublox_serialization/cmake/ament_cmake_export_targets-extras.cmake
[1.626s] -- Up-to-date: /home/rhobtor/PHD/ARGOJ8_IA/install/ublox_serialization/share/ublox_serialization/cmake/ublox_serializationConfig.cmake
[1.627s] -- Up-to-date: /home/rhobtor/PHD/ARGOJ8_IA/install/ublox_serialization/share/ublox_serialization/cmake/ublox_serializationConfig-version.cmake
[1.630s] -- Up-to-date: /home/rhobtor/PHD/ARGOJ8_IA/install/ublox_serialization/share/ublox_serialization/package.xml
[1.886s] Invoked command in '/home/rhobtor/PHD/ARGOJ8_IA/build/ublox_serialization' returned '0': CMAKE_PREFIX_PATH=${CMAKE_PREFIX_PATH}:/home/rhobtor/PHD/ARGOJ8_IA/install/ntrip_client:/home/rhobtor/PHD/ARGOJ8_IA/install/car:/home/rhobtor/PHD/ARGOJ8_IA/install/android_ros2_server:/home/rhobtor/PHD/ARGOJ8_IA/install/GUI_pkg:/home/rhobtor/PHD/reactive/Reactive-Navegation/workspace_full_conected/install/car:/opt/ros/humble /opt/st/stm32cubeclt_1.18.0/CMake/bin/cmake --install /home/rhobtor/PHD/ARGOJ8_IA/build/ublox_serialization
