[  7%] Built target occupied_nodes_near_obstacles
[ 23%] Built target move_navigation_nodes_frontier
[ 30%] Built target check_goal
[ 38%] Built target obstacles_in_2d
[ 46%] Built target navigation_nodes
[ 15%] Built target frontier_values
[ 53%] Built target navigation_nodes_ground
[ 61%] Built target slope_terrain
[ 69%] Built target filtered_navigation_nodes
[ 73%] [32mBuilding CXX object CMakeFiles/gridmap.dir/src/gridmap.cpp.o[0m
[ 80%] Built target joints_plugin
[ 88%] Built target drive_plugin
[ 96%] Built target move_plugin
[01m[K/home/rhobtor/PHD/ARGOJ8_IA/src/car_cpp/src/gridmap.cpp:145:10:[m[K [01;31m[Kfatal error: [m[Ktf2_ros/buffer.h: No such file or directory
  145 | #include [01;31m[K<tf2_ros/buffer.h>[m[K
      |          [01;31m[K^~~~~~~~~~~~~~~~~~[m[K
compilation terminated.
gmake[2]: *** [CMakeFiles/gridmap.dir/build.make:76: CMakeFiles/gridmap.dir/src/gridmap.cpp.o] Error 1
gmake[1]: *** [CMakeFiles/Makefile2:395: CMakeFiles/gridmap.dir/all] Error 2
gmake: *** [Makefile:146: all] Error 2
