[2.727s] Invoking command in '/home/rhobtor/PHD/ARGOJ8_IA/src/argo_drivers_pkgs/ntrip_client': PYTHONPATH=/home/rhobtor/PHD/ARGOJ8_IA/build/ntrip_client/prefix_override:/usr/lib/python3/dist-packages/colcon_core/task/python/colcon_distutils_commands:/home/rhobtor/PHD/ARGOJ8_IA/install/ntrip_client/lib/python3.10/site-packages:${PYTHONPATH} /usr/bin/python3 -W ignore:setup.py install is deprecated -W ignore:easy_install command is deprecated setup.py egg_info --egg-base ../../../build/ntrip_client build --build-base /home/rhobtor/PHD/ARGOJ8_IA/build/ntrip_client/build install --record /home/rhobtor/PHD/ARGOJ8_IA/build/ntrip_client/install.log --single-version-externally-managed install_data
[3.248s] running egg_info
[3.249s] writing ../../../build/ntrip_client/ntrip_client.egg-info/PKG-INFO
[3.249s] writing dependency_links to ../../../build/ntrip_client/ntrip_client.egg-info/dependency_links.txt
[3.249s] writing requirements to ../../../build/ntrip_client/ntrip_client.egg-info/requires.txt
[3.249s] writing top-level names to ../../../build/ntrip_client/ntrip_client.egg-info/top_level.txt
[3.254s] reading manifest file '../../../build/ntrip_client/ntrip_client.egg-info/SOURCES.txt'
[3.254s] adding license file 'LICENSE'
[3.255s] writing manifest file '../../../build/ntrip_client/ntrip_client.egg-info/SOURCES.txt'
[3.255s] running build
[3.255s] running build_py
[3.255s] running build_scripts
[3.256s] running install
[3.256s] running install_lib
[3.258s] running install_data
[3.258s] running install_egg_info
[3.262s] removing '/home/rhobtor/PHD/ARGOJ8_IA/install/ntrip_client/lib/python3.10/site-packages/ntrip_client-1.2.0-py3.10.egg-info' (and everything under it)
[3.263s] Copying ../../../build/ntrip_client/ntrip_client.egg-info to /home/rhobtor/PHD/ARGOJ8_IA/install/ntrip_client/lib/python3.10/site-packages/ntrip_client-1.2.0-py3.10.egg-info
[3.263s] running install_scripts
[3.300s] changing mode of /home/rhobtor/PHD/ARGOJ8_IA/install/ntrip_client/lib/ntrip_client/ntrip_ros.py to 775
[3.304s] writing list of installed files to '/home/rhobtor/PHD/ARGOJ8_IA/build/ntrip_client/install.log'
[3.375s] Invoked command in '/home/rhobtor/PHD/ARGOJ8_IA/src/argo_drivers_pkgs/ntrip_client' returned '0': PYTHONPATH=/home/rhobtor/PHD/ARGOJ8_IA/build/ntrip_client/prefix_override:/usr/lib/python3/dist-packages/colcon_core/task/python/colcon_distutils_commands:/home/rhobtor/PHD/ARGOJ8_IA/install/ntrip_client/lib/python3.10/site-packages:${PYTHONPATH} /usr/bin/python3 -W ignore:setup.py install is deprecated -W ignore:easy_install command is deprecated setup.py egg_info --egg-base ../../../build/ntrip_client build --build-base /home/rhobtor/PHD/ARGOJ8_IA/build/ntrip_client/build install --record /home/rhobtor/PHD/ARGOJ8_IA/build/ntrip_client/install.log --single-version-externally-managed install_data
