[0.887s] Invoking command in '/home/rhobtor/PHD/ARGOJ8_IA/build/joy_linux': CMAKE_PREFIX_PATH=${CMAKE_PREFIX_PATH}:/home/rhobtor/PHD/reactive/Reactive-Navegation/workspace_full_conected/install/car:/opt/ros/humble /opt/st/stm32cubeclt_1.18.0/CMake/bin/cmake /home/rhobtor/PHD/ARGOJ8_IA/src/j8_joystick/joy_linux -DCMAKE_INSTALL_PREFIX=/home/rhobtor/PHD/ARGOJ8_IA/install/joy_linux
[2.388s] -- The C compiler identification is GNU 11.4.0
[2.388s] -- The CXX compiler identification is GNU 11.4.0
[2.388s] -- Detecting C compiler ABI info
[2.388s] -- Detecting C compiler ABI info - done
[2.388s] -- Check for working C compiler: /usr/bin/cc - skipped
[2.388s] -- Detecting C compile features
[2.388s] -- Detecting C compile features - done
[2.389s] -- Detecting CXX compiler ABI info
[2.389s] -- Detecting CXX compiler ABI info - done
[2.389s] -- Check for working CXX compiler: /usr/bin/c++ - skipped
[2.389s] -- Detecting CXX compile features
[2.389s] -- Detecting CXX compile features - done
[2.389s] -- Found ament_cmake: 1.3.11 (/opt/ros/humble/share/ament_cmake/cmake)
[2.389s] -- Found Python3: /usr/bin/python3 (found version "3.10.12") found components: Interpreter 
[2.758s] -- Found diagnostic_msgs: 4.8.0 (/opt/ros/humble/share/diagnostic_msgs/cmake)
[2.843s] -- Found rosidl_generator_c: 3.1.6 (/opt/ros/humble/share/rosidl_generator_c/cmake)
[2.856s] -- Found rosidl_adapter: 3.1.6 (/opt/ros/humble/share/rosidl_adapter/cmake)
[2.877s] -- Found rosidl_generator_cpp: 3.1.6 (/opt/ros/humble/share/rosidl_generator_cpp/cmake)
[2.899s] -- Using all available rosidl_typesupport_c: rosidl_typesupport_fastrtps_c;rosidl_typesupport_introspection_c
[2.936s] -- Using all available rosidl_typesupport_cpp: rosidl_typesupport_fastrtps_cpp;rosidl_typesupport_introspection_cpp
[3.081s] -- Found diagnostic_updater: 4.0.3 (/opt/ros/humble/share/diagnostic_updater/cmake)
[3.163s] -- Found rmw_implementation_cmake: 6.1.2 (/opt/ros/humble/share/rmw_implementation_cmake/cmake)
[3.170s] -- Found rmw_fastrtps_cpp: 6.2.7 (/opt/ros/humble/share/rmw_fastrtps_cpp/cmake)
[3.307s] -- Found OpenSSL: /usr/lib/x86_64-linux-gnu/libcrypto.so (found version "3.0.2")  
[3.355s] -- Found FastRTPS: /opt/ros/humble/include  
[3.430s] -- Using RMW implementation 'rmw_fastrtps_cpp' as default
[3.447s] -- Performing Test CMAKE_HAVE_LIBC_PTHREAD
[3.536s] -- Performing Test CMAKE_HAVE_LIBC_PTHREAD - Success
[3.536s] -- Found Threads: TRUE  
[3.628s] -- Found sensor_msgs: 4.8.0 (/opt/ros/humble/share/sensor_msgs/cmake)
[3.686s] -- Looking for include file linux/joystick.h
[3.768s] -- Looking for include file linux/joystick.h - found
[3.775s] -- Found ament_lint_auto: 0.12.12 (/opt/ros/humble/share/ament_lint_auto/cmake)
[3.873s] -- Added test 'cppcheck' to perform static code analysis on C / C++ code
[3.873s] -- Configured cppcheck include dirs: /home/rhobtor/PHD/ARGOJ8_IA/src/j8_joystick/joy_linux/msg/cpp
[3.873s] -- Configured cppcheck exclude dirs and/or files: 
[3.876s] -- Added test 'cpplint' to check C / C++ code against the Google style
[3.876s] -- Configured cpplint exclude dirs and/or files: 
[3.877s] -- Added test 'lint_cmake' to check CMake code style
[3.879s] -- Added test 'uncrustify' to check C / C++ code style
[3.879s] -- Configured uncrustify additional arguments: 
[3.879s] -- Added test 'xmllint' to check XML markup files
[3.881s] -- Configuring done (3.0s)
[3.893s] -- Generating done (0.0s)
[3.898s] -- Build files have been written to: /home/rhobtor/PHD/ARGOJ8_IA/build/joy_linux
[3.910s] Invoked command in '/home/rhobtor/PHD/ARGOJ8_IA/build/joy_linux' returned '0': CMAKE_PREFIX_PATH=${CMAKE_PREFIX_PATH}:/home/rhobtor/PHD/reactive/Reactive-Navegation/workspace_full_conected/install/car:/opt/ros/humble /opt/st/stm32cubeclt_1.18.0/CMake/bin/cmake /home/rhobtor/PHD/ARGOJ8_IA/src/j8_joystick/joy_linux -DCMAKE_INSTALL_PREFIX=/home/rhobtor/PHD/ARGOJ8_IA/install/joy_linux
[3.922s] Invoking command in '/home/rhobtor/PHD/ARGOJ8_IA/build/joy_linux': CMAKE_PREFIX_PATH=${CMAKE_PREFIX_PATH}:/home/rhobtor/PHD/reactive/Reactive-Navegation/workspace_full_conected/install/car:/opt/ros/humble /opt/st/stm32cubeclt_1.18.0/CMake/bin/cmake --build /home/rhobtor/PHD/ARGOJ8_IA/build/joy_linux -- -j16 -l16
[3.940s] [ 50%] [32mBuilding CXX object CMakeFiles/joy_linux_node.dir/src/joy_linux_node.cpp.o[0m
[34.118s] [100%] [32m[1mLinking CXX executable joy_linux_node[0m
[35.078s] [100%] Built target joy_linux_node
[35.110s] Invoked command in '/home/rhobtor/PHD/ARGOJ8_IA/build/joy_linux' returned '0': CMAKE_PREFIX_PATH=${CMAKE_PREFIX_PATH}:/home/rhobtor/PHD/reactive/Reactive-Navegation/workspace_full_conected/install/car:/opt/ros/humble /opt/st/stm32cubeclt_1.18.0/CMake/bin/cmake --build /home/rhobtor/PHD/ARGOJ8_IA/build/joy_linux -- -j16 -l16
[35.115s] Invoking command in '/home/rhobtor/PHD/ARGOJ8_IA/build/joy_linux': CMAKE_PREFIX_PATH=${CMAKE_PREFIX_PATH}:/home/rhobtor/PHD/reactive/Reactive-Navegation/workspace_full_conected/install/car:/opt/ros/humble /opt/st/stm32cubeclt_1.18.0/CMake/bin/cmake --install /home/rhobtor/PHD/ARGOJ8_IA/build/joy_linux
[41.181s] -- Install configuration: ""
[41.182s] -- Installing: /home/rhobtor/PHD/ARGOJ8_IA/install/joy_linux/lib/joy_linux/joy_linux_node
[41.182s] -- Set non-toolchain portion of runtime path of "/home/rhobtor/PHD/ARGOJ8_IA/install/joy_linux/lib/joy_linux/joy_linux_node" to ""
[41.183s] -- Installing: /home/rhobtor/PHD/ARGOJ8_IA/install/joy_linux/share/ament_index/resource_index/package_run_dependencies/joy_linux
[41.196s] -- Installing: /home/rhobtor/PHD/ARGOJ8_IA/install/joy_linux/share/ament_index/resource_index/parent_prefix_path/joy_linux
[41.196s] -- Installing: /home/rhobtor/PHD/ARGOJ8_IA/install/joy_linux/share/joy_linux/environment/ament_prefix_path.sh
[41.205s] -- Installing: /home/rhobtor/PHD/ARGOJ8_IA/install/joy_linux/share/joy_linux/environment/ament_prefix_path.dsv
[41.206s] -- Installing: /home/rhobtor/PHD/ARGOJ8_IA/install/joy_linux/share/joy_linux/environment/path.sh
[41.207s] -- Installing: /home/rhobtor/PHD/ARGOJ8_IA/install/joy_linux/share/joy_linux/environment/path.dsv
[41.207s] -- Installing: /home/rhobtor/PHD/ARGOJ8_IA/install/joy_linux/share/joy_linux/local_setup.bash
[41.208s] -- Installing: /home/rhobtor/PHD/ARGOJ8_IA/install/joy_linux/share/joy_linux/local_setup.sh
[41.217s] -- Installing: /home/rhobtor/PHD/ARGOJ8_IA/install/joy_linux/share/joy_linux/local_setup.zsh
[41.227s] -- Installing: /home/rhobtor/PHD/ARGOJ8_IA/install/joy_linux/share/joy_linux/local_setup.dsv
[41.227s] -- Installing: /home/rhobtor/PHD/ARGOJ8_IA/install/joy_linux/share/joy_linux/package.dsv
[41.228s] -- Installing: /home/rhobtor/PHD/ARGOJ8_IA/install/joy_linux/share/ament_index/resource_index/packages/joy_linux
[41.228s] -- Installing: /home/rhobtor/PHD/ARGOJ8_IA/install/joy_linux/share/joy_linux/cmake/joy_linuxConfig.cmake
[41.237s] -- Installing: /home/rhobtor/PHD/ARGOJ8_IA/install/joy_linux/share/joy_linux/cmake/joy_linuxConfig-version.cmake
[41.238s] -- Installing: /home/rhobtor/PHD/ARGOJ8_IA/install/joy_linux/share/joy_linux/package.xml
[41.427s] Invoked command in '/home/rhobtor/PHD/ARGOJ8_IA/build/joy_linux' returned '0': CMAKE_PREFIX_PATH=${CMAKE_PREFIX_PATH}:/home/rhobtor/PHD/reactive/Reactive-Navegation/workspace_full_conected/install/car:/opt/ros/humble /opt/st/stm32cubeclt_1.18.0/CMake/bin/cmake --install /home/rhobtor/PHD/ARGOJ8_IA/build/joy_linux
