[0.027s] Invoking command in '/home/rhobtor/PHD/ARGOJ8_IA/build/fixposition_driver_lib': CMAKE_PREFIX_PATH=/home/rhobtor/PHD/ARGOJ8_IA/install/fixposition_gnss_tf:/home/rhobtor/PHD/reactive/Reactive-Navegation/workspace_full_conected/install/octomap_mapping:/home/rhobtor/PHD/reactive/Reactive-Navegation/workspace_full_conected/install/octomap_server:/home/rhobtor/PHD/reactive/Reactive-Navegation/workspace_full_conected/install/octomap_rviz_plugins:/home/rhobtor/PHD/reactive/Reactive-Navegation/workspace_full_conected/install/hector_gazebo_plugins:/home/rhobtor/PHD/reactive/Reactive-Navegation/workspace_full_conected/install/car_cpp:/home/rhobtor/PHD/reactive/Reactive-Navegation/workspace_full_conected/install/car_interfaces:/home/rhobtor/PHD/reactive/Reactive-Navegation/workspace_full_conected/install/car:/opt/ros/humble LD_LIBRARY_PATH=/home/rhobtor/PHD/ARGOJ8_IA/install/fixposition_gnss_tf/lib:${LD_LIBRARY_PATH} PKG_CONFIG_PATH=/home/rhobtor/PHD/ARGOJ8_IA/install/fixposition_gnss_tf/lib/x86_64-linux-gnu/pkgconfig:/home/rhobtor/PHD/ARGOJ8_IA/install/fixposition_gnss_tf/lib/pkgconfig /opt/st/stm32cubeclt_1.18.0/CMake/bin/cmake /home/rhobtor/PHD/ARGOJ8_IA/src/argo_drivers_pkgs/Fixposition_driver_pkg/fixposition_driver-main/fixposition_driver_lib -DCMAKE_INSTALL_PREFIX=/home/rhobtor/PHD/ARGOJ8_IA/install/fixposition_driver_lib
[0.736s] -- The CXX compiler identification is GNU 11.4.0
[0.736s] -- Detecting CXX compiler ABI info
[0.736s] -- Detecting CXX compiler ABI info - done
[0.736s] -- Check for working CXX compiler: /usr/bin/c++ - skipped
[0.736s] -- Detecting CXX compile features
[0.737s] -- Detecting CXX compile features - done
[0.737s] -- Found Boost: /usr/lib/x86_64-linux-gnu/cmake/Boost-1.74.0/BoostConfig.cmake (found suitable version "1.74.0", minimum required is "1.65.0")  
[0.737s] -- Configuring done (0.4s)
[0.737s] -- Generating done (0.0s)
[0.737s] -- Build files have been written to: /home/rhobtor/PHD/ARGOJ8_IA/build/fixposition_driver_lib
[0.746s] Invoked command in '/home/rhobtor/PHD/ARGOJ8_IA/build/fixposition_driver_lib' returned '0': CMAKE_PREFIX_PATH=/home/rhobtor/PHD/ARGOJ8_IA/install/fixposition_gnss_tf:/home/rhobtor/PHD/reactive/Reactive-Navegation/workspace_full_conected/install/octomap_mapping:/home/rhobtor/PHD/reactive/Reactive-Navegation/workspace_full_conected/install/octomap_server:/home/rhobtor/PHD/reactive/Reactive-Navegation/workspace_full_conected/install/octomap_rviz_plugins:/home/rhobtor/PHD/reactive/Reactive-Navegation/workspace_full_conected/install/hector_gazebo_plugins:/home/rhobtor/PHD/reactive/Reactive-Navegation/workspace_full_conected/install/car_cpp:/home/rhobtor/PHD/reactive/Reactive-Navegation/workspace_full_conected/install/car_interfaces:/home/rhobtor/PHD/reactive/Reactive-Navegation/workspace_full_conected/install/car:/opt/ros/humble LD_LIBRARY_PATH=/home/rhobtor/PHD/ARGOJ8_IA/install/fixposition_gnss_tf/lib:${LD_LIBRARY_PATH} PKG_CONFIG_PATH=/home/rhobtor/PHD/ARGOJ8_IA/install/fixposition_gnss_tf/lib/x86_64-linux-gnu/pkgconfig:/home/rhobtor/PHD/ARGOJ8_IA/install/fixposition_gnss_tf/lib/pkgconfig /opt/st/stm32cubeclt_1.18.0/CMake/bin/cmake /home/rhobtor/PHD/ARGOJ8_IA/src/argo_drivers_pkgs/Fixposition_driver_pkg/fixposition_driver-main/fixposition_driver_lib -DCMAKE_INSTALL_PREFIX=/home/rhobtor/PHD/ARGOJ8_IA/install/fixposition_driver_lib
[0.746s] Invoking command in '/home/rhobtor/PHD/ARGOJ8_IA/build/fixposition_driver_lib': CMAKE_PREFIX_PATH=/home/rhobtor/PHD/ARGOJ8_IA/install/fixposition_gnss_tf:/home/rhobtor/PHD/reactive/Reactive-Navegation/workspace_full_conected/install/octomap_mapping:/home/rhobtor/PHD/reactive/Reactive-Navegation/workspace_full_conected/install/octomap_server:/home/rhobtor/PHD/reactive/Reactive-Navegation/workspace_full_conected/install/octomap_rviz_plugins:/home/rhobtor/PHD/reactive/Reactive-Navegation/workspace_full_conected/install/hector_gazebo_plugins:/home/rhobtor/PHD/reactive/Reactive-Navegation/workspace_full_conected/install/car_cpp:/home/rhobtor/PHD/reactive/Reactive-Navegation/workspace_full_conected/install/car_interfaces:/home/rhobtor/PHD/reactive/Reactive-Navegation/workspace_full_conected/install/car:/opt/ros/humble LD_LIBRARY_PATH=/home/rhobtor/PHD/ARGOJ8_IA/install/fixposition_gnss_tf/lib:${LD_LIBRARY_PATH} PKG_CONFIG_PATH=/home/rhobtor/PHD/ARGOJ8_IA/install/fixposition_gnss_tf/lib/x86_64-linux-gnu/pkgconfig:/home/rhobtor/PHD/ARGOJ8_IA/install/fixposition_gnss_tf/lib/pkgconfig /opt/st/stm32cubeclt_1.18.0/CMake/bin/cmake --build /home/rhobtor/PHD/ARGOJ8_IA/build/fixposition_driver_lib -- -j16 -l16
[12.023s] [ 12%] [32mBuilding CXX object CMakeFiles/fixposition_driver_lib.dir/src/fixposition_driver.cpp.o[0m
[12.023s] [ 25%] [32mBuilding CXX object CMakeFiles/fixposition_driver_lib.dir/src/odometry.cpp.o[0m
[12.023s] [ 37%] [32mBuilding CXX object CMakeFiles/fixposition_driver_lib.dir/src/llh.cpp.o[0m
[12.023s] [ 50%] [32mBuilding CXX object CMakeFiles/fixposition_driver_lib.dir/src/imu.cpp.o[0m
[12.023s] [ 62%] [32mBuilding CXX object CMakeFiles/fixposition_driver_lib.dir/src/tf.cpp.o[0m
[12.023s] [ 75%] [32mBuilding CXX object CMakeFiles/fixposition_driver_lib.dir/src/helper.cpp.o[0m
[12.024s] [ 87%] [32mBuilding CXX object CMakeFiles/fixposition_driver_lib.dir/src/parser.cpp.o[0m
[18.773s] [01m[K/home/rhobtor/PHD/ARGOJ8_IA/src/argo_drivers_pkgs/Fixposition_driver_pkg/fixposition_driver-main/fixposition_driver_lib/src/fixposition_driver.cpp:[m[K In member function ‘[01m[Kvirtual void fixposition::FixpositionDriver::WsCallback(const std::vector<int>&)[m[K’:
[18.773s] [01m[K/home/rhobtor/PHD/ARGOJ8_IA/src/argo_drivers_pkgs/Fixposition_driver_pkg/fixposition_driver-main/fixposition_driver_lib/src/fixposition_driver.cpp:121:18:[m[K [01;35m[Kwarning: [m[Kignoring return value of ‘[01m[Kssize_t write(int, const void*, size_t)[m[K’ declared with attribute ‘[01m[Kwarn_unused_result[m[K’ [[01;35m[K]8;;https://gcc.gnu.org/onlinedocs/gcc/Warning-Options.html#index-Wunused-result-Wunused-result]8;;[m[K]
[18.773s]   121 |             [01;35m[Kwrite(this->client_fd_, &message[0], sizeof(message))[m[K;
[18.773s]       |             [01;35m[K~~~~~^~~~~~~~~~~~~~~~~~~~~~~~~~~~~~~~~~~~~~~~~~~~~~~~[m[K
[29.473s] [100%] [32m[1mLinking CXX shared library libfixposition_driver_lib.so[0m
[29.622s] [100%] Built target fixposition_driver_lib
[29.647s] Invoked command in '/home/rhobtor/PHD/ARGOJ8_IA/build/fixposition_driver_lib' returned '0': CMAKE_PREFIX_PATH=/home/rhobtor/PHD/ARGOJ8_IA/install/fixposition_gnss_tf:/home/rhobtor/PHD/reactive/Reactive-Navegation/workspace_full_conected/install/octomap_mapping:/home/rhobtor/PHD/reactive/Reactive-Navegation/workspace_full_conected/install/octomap_server:/home/rhobtor/PHD/reactive/Reactive-Navegation/workspace_full_conected/install/octomap_rviz_plugins:/home/rhobtor/PHD/reactive/Reactive-Navegation/workspace_full_conected/install/hector_gazebo_plugins:/home/rhobtor/PHD/reactive/Reactive-Navegation/workspace_full_conected/install/car_cpp:/home/rhobtor/PHD/reactive/Reactive-Navegation/workspace_full_conected/install/car_interfaces:/home/rhobtor/PHD/reactive/Reactive-Navegation/workspace_full_conected/install/car:/opt/ros/humble LD_LIBRARY_PATH=/home/rhobtor/PHD/ARGOJ8_IA/install/fixposition_gnss_tf/lib:${LD_LIBRARY_PATH} PKG_CONFIG_PATH=/home/rhobtor/PHD/ARGOJ8_IA/install/fixposition_gnss_tf/lib/x86_64-linux-gnu/pkgconfig:/home/rhobtor/PHD/ARGOJ8_IA/install/fixposition_gnss_tf/lib/pkgconfig /opt/st/stm32cubeclt_1.18.0/CMake/bin/cmake --build /home/rhobtor/PHD/ARGOJ8_IA/build/fixposition_driver_lib -- -j16 -l16
[29.648s] Invoking command in '/home/rhobtor/PHD/ARGOJ8_IA/build/fixposition_driver_lib': CMAKE_PREFIX_PATH=/home/rhobtor/PHD/ARGOJ8_IA/install/fixposition_gnss_tf:/home/rhobtor/PHD/reactive/Reactive-Navegation/workspace_full_conected/install/octomap_mapping:/home/rhobtor/PHD/reactive/Reactive-Navegation/workspace_full_conected/install/octomap_server:/home/rhobtor/PHD/reactive/Reactive-Navegation/workspace_full_conected/install/octomap_rviz_plugins:/home/rhobtor/PHD/reactive/Reactive-Navegation/workspace_full_conected/install/hector_gazebo_plugins:/home/rhobtor/PHD/reactive/Reactive-Navegation/workspace_full_conected/install/car_cpp:/home/rhobtor/PHD/reactive/Reactive-Navegation/workspace_full_conected/install/car_interfaces:/home/rhobtor/PHD/reactive/Reactive-Navegation/workspace_full_conected/install/car:/opt/ros/humble LD_LIBRARY_PATH=/home/rhobtor/PHD/ARGOJ8_IA/install/fixposition_gnss_tf/lib:${LD_LIBRARY_PATH} PKG_CONFIG_PATH=/home/rhobtor/PHD/ARGOJ8_IA/install/fixposition_gnss_tf/lib/x86_64-linux-gnu/pkgconfig:/home/rhobtor/PHD/ARGOJ8_IA/install/fixposition_gnss_tf/lib/pkgconfig /opt/st/stm32cubeclt_1.18.0/CMake/bin/cmake --install /home/rhobtor/PHD/ARGOJ8_IA/build/fixposition_driver_lib
[36.631s] -- Install configuration: "Release"
[36.632s] -- Installing: /home/rhobtor/PHD/ARGOJ8_IA/install/fixposition_driver_lib/./include
[36.633s] -- Installing: /home/rhobtor/PHD/ARGOJ8_IA/install/fixposition_driver_lib/./include/fixposition_driver_lib
[36.633s] -- Installing: /home/rhobtor/PHD/ARGOJ8_IA/install/fixposition_driver_lib/./include/fixposition_driver_lib/msg_data.hpp
[36.634s] -- Installing: /home/rhobtor/PHD/ARGOJ8_IA/install/fixposition_driver_lib/./include/fixposition_driver_lib/params.hpp
[36.649s] -- Installing: /home/rhobtor/PHD/ARGOJ8_IA/install/fixposition_driver_lib/./include/fixposition_driver_lib/parser.hpp
[36.650s] -- Installing: /home/rhobtor/PHD/ARGOJ8_IA/install/fixposition_driver_lib/./include/fixposition_driver_lib/rawdmi.hpp
[36.651s] -- Installing: /home/rhobtor/PHD/ARGOJ8_IA/install/fixposition_driver_lib/./include/fixposition_driver_lib/fixposition_driver.hpp
[36.651s] -- Installing: /home/rhobtor/PHD/ARGOJ8_IA/install/fixposition_driver_lib/./include/fixposition_driver_lib/nov_type.hpp
[36.652s] -- Installing: /home/rhobtor/PHD/ARGOJ8_IA/install/fixposition_driver_lib/./include/fixposition_driver_lib/helper.hpp
[36.666s] -- Installing: /home/rhobtor/PHD/ARGOJ8_IA/install/fixposition_driver_lib/./include/fixposition_driver_lib/time_conversions.hpp
[36.667s] -- Installing: /home/rhobtor/PHD/ARGOJ8_IA/install/fixposition_driver_lib/./include/fixposition_driver_lib/converter
[36.673s] -- Installing: /home/rhobtor/PHD/ARGOJ8_IA/install/fixposition_driver_lib/./include/fixposition_driver_lib/converter/odometry.hpp
[36.674s] -- Installing: /home/rhobtor/PHD/ARGOJ8_IA/install/fixposition_driver_lib/./include/fixposition_driver_lib/converter/imu.hpp
[36.674s] -- Installing: /home/rhobtor/PHD/ARGOJ8_IA/install/fixposition_driver_lib/./include/fixposition_driver_lib/converter/tf.hpp
[36.675s] -- Installing: /home/rhobtor/PHD/ARGOJ8_IA/install/fixposition_driver_lib/./include/fixposition_driver_lib/converter/llh.hpp
[36.676s] -- Installing: /home/rhobtor/PHD/ARGOJ8_IA/install/fixposition_driver_lib/./include/fixposition_driver_lib/converter/base_converter.hpp
[36.689s] -- Installing: /home/rhobtor/PHD/ARGOJ8_IA/install/fixposition_driver_lib/lib/libfixposition_driver_lib.so
[36.690s] -- Set non-toolchain portion of runtime path of "/home/rhobtor/PHD/ARGOJ8_IA/install/fixposition_driver_lib/lib/libfixposition_driver_lib.so" to ""
[36.696s] -- Up-to-date: /home/rhobtor/PHD/ARGOJ8_IA/install/fixposition_driver_lib/lib/libfixposition_driver_lib.so
[36.697s] -- Installing: /home/rhobtor/PHD/ARGOJ8_IA/install/fixposition_driver_lib/lib/cmake/fixposition_driver_lib/fixposition_driver_lib-targets.cmake
[36.698s] -- Installing: /home/rhobtor/PHD/ARGOJ8_IA/install/fixposition_driver_lib/lib/cmake/fixposition_driver_lib/fixposition_driver_lib-targets-release.cmake
[36.698s] -- Up-to-date: /home/rhobtor/PHD/ARGOJ8_IA/install/fixposition_driver_lib/include/fixposition_driver_lib
[36.720s] -- Up-to-date: /home/rhobtor/PHD/ARGOJ8_IA/install/fixposition_driver_lib/include/fixposition_driver_lib/msg_data.hpp
[36.721s] -- Up-to-date: /home/rhobtor/PHD/ARGOJ8_IA/install/fixposition_driver_lib/include/fixposition_driver_lib/params.hpp
[36.722s] -- Up-to-date: /home/rhobtor/PHD/ARGOJ8_IA/install/fixposition_driver_lib/include/fixposition_driver_lib/parser.hpp
[36.723s] -- Up-to-date: /home/rhobtor/PHD/ARGOJ8_IA/install/fixposition_driver_lib/include/fixposition_driver_lib/rawdmi.hpp
[36.723s] -- Up-to-date: /home/rhobtor/PHD/ARGOJ8_IA/install/fixposition_driver_lib/include/fixposition_driver_lib/fixposition_driver.hpp
[36.743s] -- Up-to-date: /home/rhobtor/PHD/ARGOJ8_IA/install/fixposition_driver_lib/include/fixposition_driver_lib/nov_type.hpp
[36.744s] -- Up-to-date: /home/rhobtor/PHD/ARGOJ8_IA/install/fixposition_driver_lib/include/fixposition_driver_lib/helper.hpp
[36.744s] -- Up-to-date: /home/rhobtor/PHD/ARGOJ8_IA/install/fixposition_driver_lib/include/fixposition_driver_lib/time_conversions.hpp
[36.748s] -- Up-to-date: /home/rhobtor/PHD/ARGOJ8_IA/install/fixposition_driver_lib/include/fixposition_driver_lib/converter
[36.752s] -- Up-to-date: /home/rhobtor/PHD/ARGOJ8_IA/install/fixposition_driver_lib/include/fixposition_driver_lib/converter/odometry.hpp
[36.761s] -- Up-to-date: /home/rhobtor/PHD/ARGOJ8_IA/install/fixposition_driver_lib/include/fixposition_driver_lib/converter/imu.hpp
[36.763s] -- Up-to-date: /home/rhobtor/PHD/ARGOJ8_IA/install/fixposition_driver_lib/include/fixposition_driver_lib/converter/tf.hpp
[36.768s] -- Up-to-date: /home/rhobtor/PHD/ARGOJ8_IA/install/fixposition_driver_lib/include/fixposition_driver_lib/converter/llh.hpp
[36.769s] -- Up-to-date: /home/rhobtor/PHD/ARGOJ8_IA/install/fixposition_driver_lib/include/fixposition_driver_lib/converter/base_converter.hpp
[36.773s] -- Installing: /home/rhobtor/PHD/ARGOJ8_IA/install/fixposition_driver_lib/share/fixposition_driver_lib/package.xml
[36.773s] -- Installing: /home/rhobtor/PHD/ARGOJ8_IA/install/fixposition_driver_lib/lib/cmake/fixposition_driver_lib/fixposition_driver_lib-config.cmake
[36.774s] -- Installing: /home/rhobtor/PHD/ARGOJ8_IA/install/fixposition_driver_lib/lib/cmake/fixposition_driver_lib/fixposition_driver_lib-config-version.cmake
[37.074s] Invoked command in '/home/rhobtor/PHD/ARGOJ8_IA/build/fixposition_driver_lib' returned '0': CMAKE_PREFIX_PATH=/home/rhobtor/PHD/ARGOJ8_IA/install/fixposition_gnss_tf:/home/rhobtor/PHD/reactive/Reactive-Navegation/workspace_full_conected/install/octomap_mapping:/home/rhobtor/PHD/reactive/Reactive-Navegation/workspace_full_conected/install/octomap_server:/home/rhobtor/PHD/reactive/Reactive-Navegation/workspace_full_conected/install/octomap_rviz_plugins:/home/rhobtor/PHD/reactive/Reactive-Navegation/workspace_full_conected/install/hector_gazebo_plugins:/home/rhobtor/PHD/reactive/Reactive-Navegation/workspace_full_conected/install/car_cpp:/home/rhobtor/PHD/reactive/Reactive-Navegation/workspace_full_conected/install/car_interfaces:/home/rhobtor/PHD/reactive/Reactive-Navegation/workspace_full_conected/install/car:/opt/ros/humble LD_LIBRARY_PATH=/home/rhobtor/PHD/ARGOJ8_IA/install/fixposition_gnss_tf/lib:${LD_LIBRARY_PATH} PKG_CONFIG_PATH=/home/rhobtor/PHD/ARGOJ8_IA/install/fixposition_gnss_tf/lib/x86_64-linux-gnu/pkgconfig:/home/rhobtor/PHD/ARGOJ8_IA/install/fixposition_gnss_tf/lib/pkgconfig /opt/st/stm32cubeclt_1.18.0/CMake/bin/cmake --install /home/rhobtor/PHD/ARGOJ8_IA/build/fixposition_driver_lib
