[0.066s] Invoking command in '/home/rhobtor/PHD/ARGOJ8_IA/build/argj801_sensors_msgs': CMAKE_PREFIX_PATH=${CMAKE_PREFIX_PATH}:/home/rhobtor/PHD/reactive/Reactive-Navegation/workspace_full_conected/install/car:/opt/ros/humble /opt/st/stm32cubeclt_1.18.0/CMake/bin/cmake /home/rhobtor/PHD/ARGOJ8_IA/src/argo_drivers_pkgs/argj801_sensors/argj801_sensors_msgs -DCMAKE_INSTALL_PREFIX=/home/rhobtor/PHD/ARGOJ8_IA/install/argj801_sensors_msgs
[0.818s] -- The C compiler identification is GNU 11.4.0
[0.818s] -- The CXX compiler identification is GNU 11.4.0
[0.818s] -- Detecting C compiler ABI info
[0.818s] -- Detecting C compiler ABI info - done
[0.818s] -- Check for working C compiler: /usr/bin/cc - skipped
[0.818s] -- Detecting C compile features
[0.819s] -- Detecting C compile features - done
[0.819s] -- Detecting CXX compiler ABI info
[0.819s] -- Detecting CXX compiler ABI info - done
[0.829s] -- Check for working CXX compiler: /usr/bin/c++ - skipped
[0.830s] -- Detecting CXX compile features
[0.831s] -- Detecting CXX compile features - done
[0.832s] -- Found ament_cmake: 1.3.11 (/opt/ros/humble/share/ament_cmake/cmake)
[0.959s] -- Found Python3: /usr/bin/python3 (found version "3.10.12") found components: Interpreter 
[1.212s] -- Found rosidl_default_runtime: 1.2.0 (/opt/ros/humble/share/rosidl_default_runtime/cmake)
[1.267s] -- Using all available rosidl_typesupport_c: rosidl_typesupport_fastrtps_c;rosidl_typesupport_introspection_c
[1.283s] -- Found rosidl_adapter: 3.1.6 (/opt/ros/humble/share/rosidl_adapter/cmake)
[1.340s] -- Using all available rosidl_typesupport_cpp: rosidl_typesupport_fastrtps_cpp;rosidl_typesupport_introspection_cpp
[1.398s] -- Found rosidl_default_generators: 1.2.0 (/opt/ros/humble/share/rosidl_default_generators/cmake)
[1.422s] -- Found std_msgs: 4.8.0 (/opt/ros/humble/share/std_msgs/cmake)
[2.413s] -- Found ament_cmake_ros: 0.10.0 (/opt/ros/humble/share/ament_cmake_ros/cmake)
[3.504s] -- Using all available rosidl_typesupport_c: rosidl_typesupport_fastrtps_c;rosidl_typesupport_introspection_c
[5.226s] -- Using all available rosidl_typesupport_cpp: rosidl_typesupport_fastrtps_cpp;rosidl_typesupport_introspection_cpp
[5.230s] [33mCMake Warning (dev) at /opt/ros/humble/share/rosidl_generator_py/cmake/rosidl_generator_py_generate_interfaces.cmake:20 (find_package):
[5.231s]   Policy CMP0148 is not set: The FindPythonInterp and FindPythonLibs modules
[5.231s]   are removed.  Run "cmake --help-policy CMP0148" for policy details.  Use
[5.231s]   the cmake_policy command to set the policy and suppress this warning.
[5.231s] 
[5.231s] Call Stack (most recent call first):
[5.231s]   /opt/ros/humble/share/ament_cmake_core/cmake/core/ament_execute_extensions.cmake:48 (include)
[5.231s]   /opt/ros/humble/share/rosidl_cmake/cmake/rosidl_generate_interfaces.cmake:286 (ament_execute_extensions)
[5.231s]   CMakeLists.txt:19 (rosidl_generate_interfaces)
[5.231s] This warning is for project developers.  Use -Wno-dev to suppress it.
[5.231s] [0m
[5.293s] -- Found PythonInterp: /usr/bin/python3 (found suitable version "3.10.12", minimum required is "3.6") 
[5.293s] -- Found python_cmake_module: 0.10.0 (/opt/ros/humble/share/python_cmake_module/cmake)
[5.295s] [33mCMake Warning (dev) at /opt/ros/humble/share/python_cmake_module/cmake/Modules/FindPythonExtra.cmake:52 (find_package):
[5.295s]   Policy CMP0148 is not set: The FindPythonInterp and FindPythonLibs modules
[5.295s]   are removed.  Run "cmake --help-policy CMP0148" for policy details.  Use
[5.295s]   the cmake_policy command to set the policy and suppress this warning.
[5.295s] 
[5.296s] Call Stack (most recent call first):
[5.296s]   /opt/ros/humble/share/rosidl_generator_py/cmake/rosidl_generator_py_generate_interfaces.cmake:23 (find_package)
[5.296s]   /opt/ros/humble/share/ament_cmake_core/cmake/core/ament_execute_extensions.cmake:48 (include)
[5.296s]   /opt/ros/humble/share/rosidl_cmake/cmake/rosidl_generate_interfaces.cmake:286 (ament_execute_extensions)
[5.296s]   CMakeLists.txt:19 (rosidl_generate_interfaces)
[5.296s] This warning is for project developers.  Use -Wno-dev to suppress it.
[5.296s] [0m
[5.329s] [33mCMake Warning (dev) at /opt/ros/humble/share/python_cmake_module/cmake/Modules/FindPythonExtra.cmake:140 (find_package):
[5.330s]   Policy CMP0148 is not set: The FindPythonInterp and FindPythonLibs modules
[5.331s]   are removed.  Run "cmake --help-policy CMP0148" for policy details.  Use
[5.331s]   the cmake_policy command to set the policy and suppress this warning.
[5.331s] 
[5.331s] Call Stack (most recent call first):
[5.331s]   /opt/ros/humble/share/rosidl_generator_py/cmake/rosidl_generator_py_generate_interfaces.cmake:23 (find_package)
[5.331s]   /opt/ros/humble/share/ament_cmake_core/cmake/core/ament_execute_extensions.cmake:48 (include)
[5.332s]   /opt/ros/humble/share/rosidl_cmake/cmake/rosidl_generate_interfaces.cmake:286 (ament_execute_extensions)
[5.332s]   CMakeLists.txt:19 (rosidl_generate_interfaces)
[5.332s] This warning is for project developers.  Use -Wno-dev to suppress it.
[5.332s] [0m
[5.349s] -- Found PythonLibs: /usr/lib/x86_64-linux-gnu/libpython3.10.so (found suitable version "3.10.12", minimum required is "3.5") 
[5.352s] -- Using PYTHON_EXECUTABLE: /usr/bin/python3
[5.353s] -- Using PYTHON_INCLUDE_DIRS: /usr/include/python3.10
[5.353s] -- Using PYTHON_LIBRARIES: /usr/lib/x86_64-linux-gnu/libpython3.10.so
[5.400s] -- Found PythonExtra: .so  
[5.618s] -- Configuring done (5.5s)
[5.712s] -- Generating done (0.1s)
[5.734s] -- Build files have been written to: /home/rhobtor/PHD/ARGOJ8_IA/build/argj801_sensors_msgs
[5.755s] Invoked command in '/home/rhobtor/PHD/ARGOJ8_IA/build/argj801_sensors_msgs' returned '0': CMAKE_PREFIX_PATH=${CMAKE_PREFIX_PATH}:/home/rhobtor/PHD/reactive/Reactive-Navegation/workspace_full_conected/install/car:/opt/ros/humble /opt/st/stm32cubeclt_1.18.0/CMake/bin/cmake /home/rhobtor/PHD/ARGOJ8_IA/src/argo_drivers_pkgs/argj801_sensors/argj801_sensors_msgs -DCMAKE_INSTALL_PREFIX=/home/rhobtor/PHD/ARGOJ8_IA/install/argj801_sensors_msgs
[5.757s] Invoking command in '/home/rhobtor/PHD/ARGOJ8_IA/build/argj801_sensors_msgs': CMAKE_PREFIX_PATH=${CMAKE_PREFIX_PATH}:/home/rhobtor/PHD/reactive/Reactive-Navegation/workspace_full_conected/install/car:/opt/ros/humble /opt/st/stm32cubeclt_1.18.0/CMake/bin/cmake --build /home/rhobtor/PHD/ARGOJ8_IA/build/argj801_sensors_msgs -- -j16 -l16
[17.907s] [  2%] [34m[1mGenerating C code for ROS interfaces[0m
[17.907s] [  2%] Built target ament_cmake_python_copy_argj801_sensors_msgs
[17.907s] [  5%] [34m[1mGenerating C++ code for ROS interfaces[0m
[17.907s] running egg_info
[17.907s] creating argj801_sensors_msgs.egg-info
[17.907s] writing argj801_sensors_msgs.egg-info/PKG-INFO
[17.907s] writing dependency_links to argj801_sensors_msgs.egg-info/dependency_links.txt
[17.907s] writing top-level names to argj801_sensors_msgs.egg-info/top_level.txt
[17.907s] writing manifest file 'argj801_sensors_msgs.egg-info/SOURCES.txt'
[17.908s] reading manifest file 'argj801_sensors_msgs.egg-info/SOURCES.txt'
[17.908s] writing manifest file 'argj801_sensors_msgs.egg-info/SOURCES.txt'
[17.908s] [  5%] Built target ament_cmake_python_build_argj801_sensors_msgs_egg
[17.908s] [  7%] [32mBuilding C object CMakeFiles/argj801_sensors_msgs__rosidl_generator_c.dir/rosidl_generator_c/argj801_sensors_msgs/msg/detail/motor_telemetry__functions.c.o[0m
[17.908s] [ 10%] [32mBuilding C object CMakeFiles/argj801_sensors_msgs__rosidl_generator_c.dir/rosidl_generator_c/argj801_sensors_msgs/msg/detail/odometer__functions.c.o[0m
[17.908s] [ 10%] Built target argj801_sensors_msgs__cpp
[17.908s] [ 12%] [34m[1mGenerating C++ type support dispatch for ROS interfaces[0m
[17.908s] [ 15%] [34m[1mGenerating C++ introspection for ROS interfaces[0m
[17.908s] [ 17%] [34m[1mGenerating C++ type support for eProsima Fast-RTPS[0m
[17.908s] [ 20%] [32m[1mLinking C shared library libargj801_sensors_msgs__rosidl_generator_c.so[0m
[17.908s] [ 20%] Built target argj801_sensors_msgs__rosidl_generator_c
[17.908s] [ 23%] [34m[1mGenerating C type support for eProsima Fast-RTPS[0m
[17.908s] [ 25%] [34m[1mGenerating C introspection for ROS interfaces[0m
[17.909s] [ 28%] [34m[1mGenerating C type support dispatch for ROS interfaces[0m
[17.909s] [ 30%] [32mBuilding CXX object CMakeFiles/argj801_sensors_msgs__rosidl_typesupport_c.dir/rosidl_typesupport_c/argj801_sensors_msgs/msg/motor_telemetry__type_support.cpp.o[0m
[17.909s] [ 33%] [32mBuilding CXX object CMakeFiles/argj801_sensors_msgs__rosidl_typesupport_c.dir/rosidl_typesupport_c/argj801_sensors_msgs/msg/odometer__type_support.cpp.o[0m
[17.909s] [ 35%] [32mBuilding CXX object CMakeFiles/argj801_sensors_msgs__rosidl_typesupport_fastrtps_c.dir/rosidl_typesupport_fastrtps_c/argj801_sensors_msgs/msg/detail/motor_telemetry__type_support_c.cpp.o[0m
[17.909s] [ 38%] [32mBuilding CXX object CMakeFiles/argj801_sensors_msgs__rosidl_typesupport_fastrtps_c.dir/rosidl_typesupport_fastrtps_c/argj801_sensors_msgs/msg/detail/odometer__type_support_c.cpp.o[0m
[17.909s] [ 41%] [32m[1mLinking CXX shared library libargj801_sensors_msgs__rosidl_typesupport_c.so[0m
[17.909s] [ 41%] Built target argj801_sensors_msgs__rosidl_typesupport_c
[17.909s] [ 43%] [32mBuilding CXX object CMakeFiles/argj801_sensors_msgs__rosidl_typesupport_cpp.dir/rosidl_typesupport_cpp/argj801_sensors_msgs/msg/motor_telemetry__type_support.cpp.o[0m
[17.909s] [ 46%] [32mBuilding CXX object CMakeFiles/argj801_sensors_msgs__rosidl_typesupport_cpp.dir/rosidl_typesupport_cpp/argj801_sensors_msgs/msg/odometer__type_support.cpp.o[0m
[17.909s] [ 48%] [32mBuilding CXX object CMakeFiles/argj801_sensors_msgs__rosidl_typesupport_introspection_cpp.dir/rosidl_typesupport_introspection_cpp/argj801_sensors_msgs/msg/detail/motor_telemetry__type_support.cpp.o[0m
[17.909s] [ 51%] [32mBuilding CXX object CMakeFiles/argj801_sensors_msgs__rosidl_typesupport_introspection_cpp.dir/rosidl_typesupport_introspection_cpp/argj801_sensors_msgs/msg/detail/odometer__type_support.cpp.o[0m
[17.909s] [ 53%] [32mBuilding C object CMakeFiles/argj801_sensors_msgs__rosidl_typesupport_introspection_c.dir/rosidl_typesupport_introspection_c/argj801_sensors_msgs/msg/detail/motor_telemetry__type_support.c.o[0m
[17.909s] [ 56%] [32mBuilding C object CMakeFiles/argj801_sensors_msgs__rosidl_typesupport_introspection_c.dir/rosidl_typesupport_introspection_c/argj801_sensors_msgs/msg/detail/odometer__type_support.c.o[0m
[17.910s] [ 58%] [32m[1mLinking C shared library libargj801_sensors_msgs__rosidl_typesupport_introspection_c.so[0m
[17.910s] [ 58%] Built target argj801_sensors_msgs__rosidl_typesupport_introspection_c
[17.910s] [ 61%] [32mBuilding CXX object CMakeFiles/argj801_sensors_msgs__rosidl_typesupport_fastrtps_cpp.dir/rosidl_typesupport_fastrtps_cpp/argj801_sensors_msgs/msg/detail/dds_fastrtps/motor_telemetry__type_support.cpp.o[0m
[17.910s] [ 64%] [32mBuilding CXX object CMakeFiles/argj801_sensors_msgs__rosidl_typesupport_fastrtps_cpp.dir/rosidl_typesupport_fastrtps_cpp/argj801_sensors_msgs/msg/detail/dds_fastrtps/odometer__type_support.cpp.o[0m
[17.910s] [ 66%] [32m[1mLinking CXX shared library libargj801_sensors_msgs__rosidl_typesupport_cpp.so[0m
[17.919s] [ 66%] Built target argj801_sensors_msgs__rosidl_typesupport_cpp
[17.919s] [ 69%] [32m[1mLinking CXX shared library libargj801_sensors_msgs__rosidl_typesupport_introspection_cpp.so[0m
[17.919s] [ 69%] Built target argj801_sensors_msgs__rosidl_typesupport_introspection_cpp
[17.920s] [ 71%] [32m[1mLinking CXX shared library libargj801_sensors_msgs__rosidl_typesupport_fastrtps_cpp.so[0m
[17.920s] [ 71%] Built target argj801_sensors_msgs__rosidl_typesupport_fastrtps_cpp
[17.920s] [ 74%] [32m[1mLinking CXX shared library libargj801_sensors_msgs__rosidl_typesupport_fastrtps_c.so[0m
[17.920s] [ 74%] Built target argj801_sensors_msgs__rosidl_typesupport_fastrtps_c
[17.920s] [ 74%] Built target argj801_sensors_msgs
[17.920s] [ 76%] [34m[1mGenerating Python code for ROS interfaces[0m
[17.920s] [ 76%] Built target argj801_sensors_msgs__py
[17.920s] [ 79%] [32mBuilding C object CMakeFiles/argj801_sensors_msgs__rosidl_generator_py.dir/rosidl_generator_py/argj801_sensors_msgs/msg/_motor_telemetry_s.c.o[0m
[17.920s] [ 82%] [32mBuilding C object CMakeFiles/argj801_sensors_msgs__rosidl_generator_py.dir/rosidl_generator_py/argj801_sensors_msgs/msg/_odometer_s.c.o[0m
[17.995s] [ 84%] [32m[1mLinking C shared library rosidl_generator_py/argj801_sensors_msgs/libargj801_sensors_msgs__rosidl_generator_py.so[0m
[18.098s] [ 84%] Built target argj801_sensors_msgs__rosidl_generator_py
[18.124s] [ 87%] [32mBuilding C object CMakeFiles/argj801_sensors_msgs__rosidl_typesupport_fastrtps_c__pyext.dir/rosidl_generator_py/argj801_sensors_msgs/_argj801_sensors_msgs_s.ep.rosidl_typesupport_fastrtps_c.c.o[0m
[18.425s] [ 89%] [32m[1mLinking C shared library rosidl_generator_py/argj801_sensors_msgs/argj801_sensors_msgs_s__rosidl_typesupport_fastrtps_c.cpython-310-x86_64-linux-gnu.so[0m
[18.549s] [ 89%] Built target argj801_sensors_msgs__rosidl_typesupport_fastrtps_c__pyext
[18.577s] [ 92%] [32mBuilding C object CMakeFiles/argj801_sensors_msgs__rosidl_typesupport_c__pyext.dir/rosidl_generator_py/argj801_sensors_msgs/_argj801_sensors_msgs_s.ep.rosidl_typesupport_c.c.o[0m
[18.804s] [ 94%] [32m[1mLinking C shared library rosidl_generator_py/argj801_sensors_msgs/argj801_sensors_msgs_s__rosidl_typesupport_c.cpython-310-x86_64-linux-gnu.so[0m
[18.882s] [ 94%] Built target argj801_sensors_msgs__rosidl_typesupport_c__pyext
[18.912s] [ 97%] [32mBuilding C object CMakeFiles/argj801_sensors_msgs__rosidl_typesupport_introspection_c__pyext.dir/rosidl_generator_py/argj801_sensors_msgs/_argj801_sensors_msgs_s.ep.rosidl_typesupport_introspection_c.c.o[0m
[19.155s] [100%] [32m[1mLinking C shared library rosidl_generator_py/argj801_sensors_msgs/argj801_sensors_msgs_s__rosidl_typesupport_introspection_c.cpython-310-x86_64-linux-gnu.so[0m
[19.273s] [100%] Built target argj801_sensors_msgs__rosidl_typesupport_introspection_c__pyext
[19.299s] Invoked command in '/home/rhobtor/PHD/ARGOJ8_IA/build/argj801_sensors_msgs' returned '0': CMAKE_PREFIX_PATH=${CMAKE_PREFIX_PATH}:/home/rhobtor/PHD/reactive/Reactive-Navegation/workspace_full_conected/install/car:/opt/ros/humble /opt/st/stm32cubeclt_1.18.0/CMake/bin/cmake --build /home/rhobtor/PHD/ARGOJ8_IA/build/argj801_sensors_msgs -- -j16 -l16
[19.300s] Invoking command in '/home/rhobtor/PHD/ARGOJ8_IA/build/argj801_sensors_msgs': CMAKE_PREFIX_PATH=${CMAKE_PREFIX_PATH}:/home/rhobtor/PHD/reactive/Reactive-Navegation/workspace_full_conected/install/car:/opt/ros/humble /opt/st/stm32cubeclt_1.18.0/CMake/bin/cmake --install /home/rhobtor/PHD/ARGOJ8_IA/build/argj801_sensors_msgs
[29.681s] -- Install configuration: ""
[29.682s] -- Installing: /home/rhobtor/PHD/ARGOJ8_IA/install/argj801_sensors_msgs/share/ament_index/resource_index/rosidl_interfaces/argj801_sensors_msgs
[29.682s] -- Installing: /home/rhobtor/PHD/ARGOJ8_IA/install/argj801_sensors_msgs/include/argj801_sensors_msgs/argj801_sensors_msgs
[29.682s] -- Installing: /home/rhobtor/PHD/ARGOJ8_IA/install/argj801_sensors_msgs/include/argj801_sensors_msgs/argj801_sensors_msgs/msg
[29.682s] -- Installing: /home/rhobtor/PHD/ARGOJ8_IA/install/argj801_sensors_msgs/include/argj801_sensors_msgs/argj801_sensors_msgs/msg/motor_telemetry.h
[29.682s] -- Installing: /home/rhobtor/PHD/ARGOJ8_IA/install/argj801_sensors_msgs/include/argj801_sensors_msgs/argj801_sensors_msgs/msg/rosidl_generator_c__visibility_control.h
[29.682s] -- Installing: /home/rhobtor/PHD/ARGOJ8_IA/install/argj801_sensors_msgs/include/argj801_sensors_msgs/argj801_sensors_msgs/msg/detail
[29.682s] -- Installing: /home/rhobtor/PHD/ARGOJ8_IA/install/argj801_sensors_msgs/include/argj801_sensors_msgs/argj801_sensors_msgs/msg/detail/odometer__functions.c
[29.682s] -- Installing: /home/rhobtor/PHD/ARGOJ8_IA/install/argj801_sensors_msgs/include/argj801_sensors_msgs/argj801_sensors_msgs/msg/detail/motor_telemetry__struct.h
[29.682s] -- Installing: /home/rhobtor/PHD/ARGOJ8_IA/install/argj801_sensors_msgs/include/argj801_sensors_msgs/argj801_sensors_msgs/msg/detail/motor_telemetry__functions.c
[29.682s] -- Installing: /home/rhobtor/PHD/ARGOJ8_IA/install/argj801_sensors_msgs/include/argj801_sensors_msgs/argj801_sensors_msgs/msg/detail/motor_telemetry__type_support.h
[29.682s] -- Installing: /home/rhobtor/PHD/ARGOJ8_IA/install/argj801_sensors_msgs/include/argj801_sensors_msgs/argj801_sensors_msgs/msg/detail/odometer__type_support.h
[29.682s] -- Installing: /home/rhobtor/PHD/ARGOJ8_IA/install/argj801_sensors_msgs/include/argj801_sensors_msgs/argj801_sensors_msgs/msg/detail/odometer__functions.h
[29.683s] -- Installing: /home/rhobtor/PHD/ARGOJ8_IA/install/argj801_sensors_msgs/include/argj801_sensors_msgs/argj801_sensors_msgs/msg/detail/motor_telemetry__functions.h
[29.683s] -- Installing: /home/rhobtor/PHD/ARGOJ8_IA/install/argj801_sensors_msgs/include/argj801_sensors_msgs/argj801_sensors_msgs/msg/detail/odometer__struct.h
[29.683s] -- Installing: /home/rhobtor/PHD/ARGOJ8_IA/install/argj801_sensors_msgs/include/argj801_sensors_msgs/argj801_sensors_msgs/msg/odometer.h
[29.683s] -- Installing: /home/rhobtor/PHD/ARGOJ8_IA/install/argj801_sensors_msgs/share/argj801_sensors_msgs/environment/library_path.sh
[29.683s] -- Installing: /home/rhobtor/PHD/ARGOJ8_IA/install/argj801_sensors_msgs/share/argj801_sensors_msgs/environment/library_path.dsv
[29.685s] -- Installing: /home/rhobtor/PHD/ARGOJ8_IA/install/argj801_sensors_msgs/lib/libargj801_sensors_msgs__rosidl_generator_c.so
[29.685s] -- Set non-toolchain portion of runtime path of "/home/rhobtor/PHD/ARGOJ8_IA/install/argj801_sensors_msgs/lib/libargj801_sensors_msgs__rosidl_generator_c.so" to ""
[29.685s] -- Up-to-date: /home/rhobtor/PHD/ARGOJ8_IA/install/argj801_sensors_msgs/include/argj801_sensors_msgs/argj801_sensors_msgs
[29.685s] -- Up-to-date: /home/rhobtor/PHD/ARGOJ8_IA/install/argj801_sensors_msgs/include/argj801_sensors_msgs/argj801_sensors_msgs/msg
[29.685s] -- Up-to-date: /home/rhobtor/PHD/ARGOJ8_IA/install/argj801_sensors_msgs/include/argj801_sensors_msgs/argj801_sensors_msgs/msg/detail
[29.686s] -- Installing: /home/rhobtor/PHD/ARGOJ8_IA/install/argj801_sensors_msgs/include/argj801_sensors_msgs/argj801_sensors_msgs/msg/detail/odometer__rosidl_typesupport_fastrtps_c.h
[29.686s] -- Installing: /home/rhobtor/PHD/ARGOJ8_IA/install/argj801_sensors_msgs/include/argj801_sensors_msgs/argj801_sensors_msgs/msg/detail/motor_telemetry__rosidl_typesupport_fastrtps_c.h
[29.686s] -- Installing: /home/rhobtor/PHD/ARGOJ8_IA/install/argj801_sensors_msgs/include/argj801_sensors_msgs/argj801_sensors_msgs/msg/rosidl_typesupport_fastrtps_c__visibility_control.h
[29.686s] -- Installing: /home/rhobtor/PHD/ARGOJ8_IA/install/argj801_sensors_msgs/lib/libargj801_sensors_msgs__rosidl_typesupport_fastrtps_c.so
[29.686s] -- Set non-toolchain portion of runtime path of "/home/rhobtor/PHD/ARGOJ8_IA/install/argj801_sensors_msgs/lib/libargj801_sensors_msgs__rosidl_typesupport_fastrtps_c.so" to ""
[29.686s] -- Up-to-date: /home/rhobtor/PHD/ARGOJ8_IA/install/argj801_sensors_msgs/include/argj801_sensors_msgs/argj801_sensors_msgs
[29.686s] -- Up-to-date: /home/rhobtor/PHD/ARGOJ8_IA/install/argj801_sensors_msgs/include/argj801_sensors_msgs/argj801_sensors_msgs/msg
[29.686s] -- Installing: /home/rhobtor/PHD/ARGOJ8_IA/install/argj801_sensors_msgs/include/argj801_sensors_msgs/argj801_sensors_msgs/msg/rosidl_typesupport_introspection_c__visibility_control.h
[29.687s] -- Up-to-date: /home/rhobtor/PHD/ARGOJ8_IA/install/argj801_sensors_msgs/include/argj801_sensors_msgs/argj801_sensors_msgs/msg/detail
[29.687s] -- Installing: /home/rhobtor/PHD/ARGOJ8_IA/install/argj801_sensors_msgs/include/argj801_sensors_msgs/argj801_sensors_msgs/msg/detail/motor_telemetry__type_support.c
[29.687s] -- Installing: /home/rhobtor/PHD/ARGOJ8_IA/install/argj801_sensors_msgs/include/argj801_sensors_msgs/argj801_sensors_msgs/msg/detail/motor_telemetry__rosidl_typesupport_introspection_c.h
[29.687s] -- Installing: /home/rhobtor/PHD/ARGOJ8_IA/install/argj801_sensors_msgs/include/argj801_sensors_msgs/argj801_sensors_msgs/msg/detail/odometer__rosidl_typesupport_introspection_c.h
[29.687s] -- Installing: /home/rhobtor/PHD/ARGOJ8_IA/install/argj801_sensors_msgs/include/argj801_sensors_msgs/argj801_sensors_msgs/msg/detail/odometer__type_support.c
[29.687s] -- Installing: /home/rhobtor/PHD/ARGOJ8_IA/install/argj801_sensors_msgs/lib/libargj801_sensors_msgs__rosidl_typesupport_introspection_c.so
[29.687s] -- Set non-toolchain portion of runtime path of "/home/rhobtor/PHD/ARGOJ8_IA/install/argj801_sensors_msgs/lib/libargj801_sensors_msgs__rosidl_typesupport_introspection_c.so" to ""
[29.687s] -- Installing: /home/rhobtor/PHD/ARGOJ8_IA/install/argj801_sensors_msgs/lib/libargj801_sensors_msgs__rosidl_typesupport_c.so
[29.687s] -- Set non-toolchain portion of runtime path of "/home/rhobtor/PHD/ARGOJ8_IA/install/argj801_sensors_msgs/lib/libargj801_sensors_msgs__rosidl_typesupport_c.so" to ""
[29.687s] -- Up-to-date: /home/rhobtor/PHD/ARGOJ8_IA/install/argj801_sensors_msgs/include/argj801_sensors_msgs/argj801_sensors_msgs
[29.687s] -- Up-to-date: /home/rhobtor/PHD/ARGOJ8_IA/install/argj801_sensors_msgs/include/argj801_sensors_msgs/argj801_sensors_msgs/msg
[29.688s] -- Installing: /home/rhobtor/PHD/ARGOJ8_IA/install/argj801_sensors_msgs/include/argj801_sensors_msgs/argj801_sensors_msgs/msg/rosidl_generator_cpp__visibility_control.hpp
[29.688s] -- Installing: /home/rhobtor/PHD/ARGOJ8_IA/install/argj801_sensors_msgs/include/argj801_sensors_msgs/argj801_sensors_msgs/msg/odometer.hpp
[29.688s] -- Up-to-date: /home/rhobtor/PHD/ARGOJ8_IA/install/argj801_sensors_msgs/include/argj801_sensors_msgs/argj801_sensors_msgs/msg/detail
[29.688s] -- Installing: /home/rhobtor/PHD/ARGOJ8_IA/install/argj801_sensors_msgs/include/argj801_sensors_msgs/argj801_sensors_msgs/msg/detail/odometer__builder.hpp
[29.688s] -- Installing: /home/rhobtor/PHD/ARGOJ8_IA/install/argj801_sensors_msgs/include/argj801_sensors_msgs/argj801_sensors_msgs/msg/detail/odometer__struct.hpp
[29.689s] -- Installing: /home/rhobtor/PHD/ARGOJ8_IA/install/argj801_sensors_msgs/include/argj801_sensors_msgs/argj801_sensors_msgs/msg/detail/motor_telemetry__builder.hpp
[29.692s] -- Installing: /home/rhobtor/PHD/ARGOJ8_IA/install/argj801_sensors_msgs/include/argj801_sensors_msgs/argj801_sensors_msgs/msg/detail/odometer__type_support.hpp
[29.708s] -- Installing: /home/rhobtor/PHD/ARGOJ8_IA/install/argj801_sensors_msgs/include/argj801_sensors_msgs/argj801_sensors_msgs/msg/detail/motor_telemetry__struct.hpp
[29.708s] -- Installing: /home/rhobtor/PHD/ARGOJ8_IA/install/argj801_sensors_msgs/include/argj801_sensors_msgs/argj801_sensors_msgs/msg/detail/motor_telemetry__type_support.hpp
[29.708s] -- Installing: /home/rhobtor/PHD/ARGOJ8_IA/install/argj801_sensors_msgs/include/argj801_sensors_msgs/argj801_sensors_msgs/msg/detail/motor_telemetry__traits.hpp
[29.708s] -- Installing: /home/rhobtor/PHD/ARGOJ8_IA/install/argj801_sensors_msgs/include/argj801_sensors_msgs/argj801_sensors_msgs/msg/detail/odometer__traits.hpp
[29.709s] -- Installing: /home/rhobtor/PHD/ARGOJ8_IA/install/argj801_sensors_msgs/include/argj801_sensors_msgs/argj801_sensors_msgs/msg/motor_telemetry.hpp
[29.709s] -- Up-to-date: /home/rhobtor/PHD/ARGOJ8_IA/install/argj801_sensors_msgs/include/argj801_sensors_msgs/argj801_sensors_msgs
[29.709s] -- Up-to-date: /home/rhobtor/PHD/ARGOJ8_IA/install/argj801_sensors_msgs/include/argj801_sensors_msgs/argj801_sensors_msgs/msg
[29.709s] -- Installing: /home/rhobtor/PHD/ARGOJ8_IA/install/argj801_sensors_msgs/include/argj801_sensors_msgs/argj801_sensors_msgs/msg/rosidl_typesupport_fastrtps_cpp__visibility_control.h
[29.709s] -- Up-to-date: /home/rhobtor/PHD/ARGOJ8_IA/install/argj801_sensors_msgs/include/argj801_sensors_msgs/argj801_sensors_msgs/msg/detail
[29.709s] -- Installing: /home/rhobtor/PHD/ARGOJ8_IA/install/argj801_sensors_msgs/include/argj801_sensors_msgs/argj801_sensors_msgs/msg/detail/motor_telemetry__rosidl_typesupport_fastrtps_cpp.hpp
[29.709s] -- Installing: /home/rhobtor/PHD/ARGOJ8_IA/install/argj801_sensors_msgs/include/argj801_sensors_msgs/argj801_sensors_msgs/msg/detail/dds_fastrtps
[29.709s] -- Installing: /home/rhobtor/PHD/ARGOJ8_IA/install/argj801_sensors_msgs/include/argj801_sensors_msgs/argj801_sensors_msgs/msg/detail/odometer__rosidl_typesupport_fastrtps_cpp.hpp
[29.709s] -- Installing: /home/rhobtor/PHD/ARGOJ8_IA/install/argj801_sensors_msgs/lib/libargj801_sensors_msgs__rosidl_typesupport_fastrtps_cpp.so
[29.709s] -- Set non-toolchain portion of runtime path of "/home/rhobtor/PHD/ARGOJ8_IA/install/argj801_sensors_msgs/lib/libargj801_sensors_msgs__rosidl_typesupport_fastrtps_cpp.so" to ""
[29.709s] -- Up-to-date: /home/rhobtor/PHD/ARGOJ8_IA/install/argj801_sensors_msgs/include/argj801_sensors_msgs/argj801_sensors_msgs
[29.709s] -- Up-to-date: /home/rhobtor/PHD/ARGOJ8_IA/install/argj801_sensors_msgs/include/argj801_sensors_msgs/argj801_sensors_msgs/msg
[29.709s] -- Up-to-date: /home/rhobtor/PHD/ARGOJ8_IA/install/argj801_sensors_msgs/include/argj801_sensors_msgs/argj801_sensors_msgs/msg/detail
[29.709s] -- Installing: /home/rhobtor/PHD/ARGOJ8_IA/install/argj801_sensors_msgs/include/argj801_sensors_msgs/argj801_sensors_msgs/msg/detail/odometer__type_support.cpp
[29.709s] -- Installing: /home/rhobtor/PHD/ARGOJ8_IA/install/argj801_sensors_msgs/include/argj801_sensors_msgs/argj801_sensors_msgs/msg/detail/odometer__rosidl_typesupport_introspection_cpp.hpp
[29.710s] -- Installing: /home/rhobtor/PHD/ARGOJ8_IA/install/argj801_sensors_msgs/include/argj801_sensors_msgs/argj801_sensors_msgs/msg/detail/motor_telemetry__rosidl_typesupport_introspection_cpp.hpp
[29.710s] -- Installing: /home/rhobtor/PHD/ARGOJ8_IA/install/argj801_sensors_msgs/include/argj801_sensors_msgs/argj801_sensors_msgs/msg/detail/motor_telemetry__type_support.cpp
[29.710s] -- Installing: /home/rhobtor/PHD/ARGOJ8_IA/install/argj801_sensors_msgs/lib/libargj801_sensors_msgs__rosidl_typesupport_introspection_cpp.so
[29.710s] -- Set non-toolchain portion of runtime path of "/home/rhobtor/PHD/ARGOJ8_IA/install/argj801_sensors_msgs/lib/libargj801_sensors_msgs__rosidl_typesupport_introspection_cpp.so" to ""
[29.710s] -- Installing: /home/rhobtor/PHD/ARGOJ8_IA/install/argj801_sensors_msgs/lib/libargj801_sensors_msgs__rosidl_typesupport_cpp.so
[29.710s] -- Set non-toolchain portion of runtime path of "/home/rhobtor/PHD/ARGOJ8_IA/install/argj801_sensors_msgs/lib/libargj801_sensors_msgs__rosidl_typesupport_cpp.so" to ""
[29.710s] -- Installing: /home/rhobtor/PHD/ARGOJ8_IA/install/argj801_sensors_msgs/share/argj801_sensors_msgs/environment/pythonpath.sh
[29.710s] -- Installing: /home/rhobtor/PHD/ARGOJ8_IA/install/argj801_sensors_msgs/share/argj801_sensors_msgs/environment/pythonpath.dsv
[29.710s] -- Installing: /home/rhobtor/PHD/ARGOJ8_IA/install/argj801_sensors_msgs/local/lib/python3.10/dist-packages/argj801_sensors_msgs-0.0.0-py3.10.egg-info
[29.710s] -- Installing: /home/rhobtor/PHD/ARGOJ8_IA/install/argj801_sensors_msgs/local/lib/python3.10/dist-packages/argj801_sensors_msgs-0.0.0-py3.10.egg-info/top_level.txt
[29.710s] -- Installing: /home/rhobtor/PHD/ARGOJ8_IA/install/argj801_sensors_msgs/local/lib/python3.10/dist-packages/argj801_sensors_msgs-0.0.0-py3.10.egg-info/SOURCES.txt
[29.710s] -- Installing: /home/rhobtor/PHD/ARGOJ8_IA/install/argj801_sensors_msgs/local/lib/python3.10/dist-packages/argj801_sensors_msgs-0.0.0-py3.10.egg-info/PKG-INFO
[29.710s] -- Installing: /home/rhobtor/PHD/ARGOJ8_IA/install/argj801_sensors_msgs/local/lib/python3.10/dist-packages/argj801_sensors_msgs-0.0.0-py3.10.egg-info/dependency_links.txt
[29.710s] -- Installing: /home/rhobtor/PHD/ARGOJ8_IA/install/argj801_sensors_msgs/local/lib/python3.10/dist-packages/argj801_sensors_msgs
[29.711s] -- Installing: /home/rhobtor/PHD/ARGOJ8_IA/install/argj801_sensors_msgs/local/lib/python3.10/dist-packages/argj801_sensors_msgs/_argj801_sensors_msgs_s.ep.rosidl_typesupport_introspection_c.c
[29.711s] -- Installing: /home/rhobtor/PHD/ARGOJ8_IA/install/argj801_sensors_msgs/local/lib/python3.10/dist-packages/argj801_sensors_msgs/argj801_sensors_msgs_s__rosidl_typesupport_c.cpython-310-x86_64-linux-gnu.so
[29.711s] -- Installing: /home/rhobtor/PHD/ARGOJ8_IA/install/argj801_sensors_msgs/local/lib/python3.10/dist-packages/argj801_sensors_msgs/argj801_sensors_msgs_s__rosidl_typesupport_fastrtps_c.cpython-310-x86_64-linux-gnu.so
[29.711s] -- Installing: /home/rhobtor/PHD/ARGOJ8_IA/install/argj801_sensors_msgs/local/lib/python3.10/dist-packages/argj801_sensors_msgs/libargj801_sensors_msgs__rosidl_generator_py.so
[29.711s] -- Installing: /home/rhobtor/PHD/ARGOJ8_IA/install/argj801_sensors_msgs/local/lib/python3.10/dist-packages/argj801_sensors_msgs/__init__.py
[29.711s] -- Installing: /home/rhobtor/PHD/ARGOJ8_IA/install/argj801_sensors_msgs/local/lib/python3.10/dist-packages/argj801_sensors_msgs/argj801_sensors_msgs_s__rosidl_typesupport_introspection_c.cpython-310-x86_64-linux-gnu.so
[29.711s] -- Installing: /home/rhobtor/PHD/ARGOJ8_IA/install/argj801_sensors_msgs/local/lib/python3.10/dist-packages/argj801_sensors_msgs/_argj801_sensors_msgs_s.ep.rosidl_typesupport_c.c
[29.711s] -- Installing: /home/rhobtor/PHD/ARGOJ8_IA/install/argj801_sensors_msgs/local/lib/python3.10/dist-packages/argj801_sensors_msgs/_argj801_sensors_msgs_s.ep.rosidl_typesupport_fastrtps_c.c
[29.711s] -- Installing: /home/rhobtor/PHD/ARGOJ8_IA/install/argj801_sensors_msgs/local/lib/python3.10/dist-packages/argj801_sensors_msgs/msg
[29.711s] -- Installing: /home/rhobtor/PHD/ARGOJ8_IA/install/argj801_sensors_msgs/local/lib/python3.10/dist-packages/argj801_sensors_msgs/msg/_motor_telemetry_s.c
[29.711s] -- Installing: /home/rhobtor/PHD/ARGOJ8_IA/install/argj801_sensors_msgs/local/lib/python3.10/dist-packages/argj801_sensors_msgs/msg/_motor_telemetry.py
[29.711s] -- Installing: /home/rhobtor/PHD/ARGOJ8_IA/install/argj801_sensors_msgs/local/lib/python3.10/dist-packages/argj801_sensors_msgs/msg/__init__.py
[29.711s] -- Installing: /home/rhobtor/PHD/ARGOJ8_IA/install/argj801_sensors_msgs/local/lib/python3.10/dist-packages/argj801_sensors_msgs/msg/_odometer_s.c
[29.711s] -- Installing: /home/rhobtor/PHD/ARGOJ8_IA/install/argj801_sensors_msgs/local/lib/python3.10/dist-packages/argj801_sensors_msgs/msg/_odometer.py
[29.712s] Listing '/home/rhobtor/PHD/ARGOJ8_IA/install/argj801_sensors_msgs/local/lib/python3.10/dist-packages/argj801_sensors_msgs'...
[29.712s] Compiling '/home/rhobtor/PHD/ARGOJ8_IA/install/argj801_sensors_msgs/local/lib/python3.10/dist-packages/argj801_sensors_msgs/__init__.py'...
[29.712s] Listing '/home/rhobtor/PHD/ARGOJ8_IA/install/argj801_sensors_msgs/local/lib/python3.10/dist-packages/argj801_sensors_msgs/msg'...
[29.712s] Compiling '/home/rhobtor/PHD/ARGOJ8_IA/install/argj801_sensors_msgs/local/lib/python3.10/dist-packages/argj801_sensors_msgs/msg/__init__.py'...
[29.712s] Compiling '/home/rhobtor/PHD/ARGOJ8_IA/install/argj801_sensors_msgs/local/lib/python3.10/dist-packages/argj801_sensors_msgs/msg/_motor_telemetry.py'...
[29.712s] Compiling '/home/rhobtor/PHD/ARGOJ8_IA/install/argj801_sensors_msgs/local/lib/python3.10/dist-packages/argj801_sensors_msgs/msg/_odometer.py'...
[29.716s] -- Installing: /home/rhobtor/PHD/ARGOJ8_IA/install/argj801_sensors_msgs/local/lib/python3.10/dist-packages/argj801_sensors_msgs/argj801_sensors_msgs_s__rosidl_typesupport_fastrtps_c.cpython-310-x86_64-linux-gnu.so
[29.716s] -- Set non-toolchain portion of runtime path of "/home/rhobtor/PHD/ARGOJ8_IA/install/argj801_sensors_msgs/local/lib/python3.10/dist-packages/argj801_sensors_msgs/argj801_sensors_msgs_s__rosidl_typesupport_fastrtps_c.cpython-310-x86_64-linux-gnu.so" to ""
[29.716s] -- Installing: /home/rhobtor/PHD/ARGOJ8_IA/install/argj801_sensors_msgs/local/lib/python3.10/dist-packages/argj801_sensors_msgs/argj801_sensors_msgs_s__rosidl_typesupport_introspection_c.cpython-310-x86_64-linux-gnu.so
[29.716s] -- Set non-toolchain portion of runtime path of "/home/rhobtor/PHD/ARGOJ8_IA/install/argj801_sensors_msgs/local/lib/python3.10/dist-packages/argj801_sensors_msgs/argj801_sensors_msgs_s__rosidl_typesupport_introspection_c.cpython-310-x86_64-linux-gnu.so" to ""
[29.716s] -- Installing: /home/rhobtor/PHD/ARGOJ8_IA/install/argj801_sensors_msgs/local/lib/python3.10/dist-packages/argj801_sensors_msgs/argj801_sensors_msgs_s__rosidl_typesupport_c.cpython-310-x86_64-linux-gnu.so
[29.717s] -- Set non-toolchain portion of runtime path of "/home/rhobtor/PHD/ARGOJ8_IA/install/argj801_sensors_msgs/local/lib/python3.10/dist-packages/argj801_sensors_msgs/argj801_sensors_msgs_s__rosidl_typesupport_c.cpython-310-x86_64-linux-gnu.so" to ""
[29.717s] -- Installing: /home/rhobtor/PHD/ARGOJ8_IA/install/argj801_sensors_msgs/lib/libargj801_sensors_msgs__rosidl_generator_py.so
[29.717s] -- Set non-toolchain portion of runtime path of "/home/rhobtor/PHD/ARGOJ8_IA/install/argj801_sensors_msgs/lib/libargj801_sensors_msgs__rosidl_generator_py.so" to ""
[29.717s] -- Installing: /home/rhobtor/PHD/ARGOJ8_IA/install/argj801_sensors_msgs/share/argj801_sensors_msgs/msg/MotorTelemetry.idl
[29.717s] -- Installing: /home/rhobtor/PHD/ARGOJ8_IA/install/argj801_sensors_msgs/share/argj801_sensors_msgs/msg/Odometer.idl
[29.717s] -- Installing: /home/rhobtor/PHD/ARGOJ8_IA/install/argj801_sensors_msgs/share/argj801_sensors_msgs/msg/MotorTelemetry.msg
[29.717s] -- Installing: /home/rhobtor/PHD/ARGOJ8_IA/install/argj801_sensors_msgs/share/argj801_sensors_msgs/msg/Odometer.msg
[29.717s] -- Installing: /home/rhobtor/PHD/ARGOJ8_IA/install/argj801_sensors_msgs/share/ament_index/resource_index/package_run_dependencies/argj801_sensors_msgs
[29.721s] -- Installing: /home/rhobtor/PHD/ARGOJ8_IA/install/argj801_sensors_msgs/share/ament_index/resource_index/parent_prefix_path/argj801_sensors_msgs
[29.721s] -- Installing: /home/rhobtor/PHD/ARGOJ8_IA/install/argj801_sensors_msgs/share/argj801_sensors_msgs/environment/ament_prefix_path.sh
[29.722s] -- Installing: /home/rhobtor/PHD/ARGOJ8_IA/install/argj801_sensors_msgs/share/argj801_sensors_msgs/environment/ament_prefix_path.dsv
[29.722s] -- Installing: /home/rhobtor/PHD/ARGOJ8_IA/install/argj801_sensors_msgs/share/argj801_sensors_msgs/environment/path.sh
[29.722s] -- Installing: /home/rhobtor/PHD/ARGOJ8_IA/install/argj801_sensors_msgs/share/argj801_sensors_msgs/environment/path.dsv
[29.722s] -- Installing: /home/rhobtor/PHD/ARGOJ8_IA/install/argj801_sensors_msgs/share/argj801_sensors_msgs/local_setup.bash
[29.722s] -- Installing: /home/rhobtor/PHD/ARGOJ8_IA/install/argj801_sensors_msgs/share/argj801_sensors_msgs/local_setup.sh
[29.722s] -- Installing: /home/rhobtor/PHD/ARGOJ8_IA/install/argj801_sensors_msgs/share/argj801_sensors_msgs/local_setup.zsh
[29.722s] -- Installing: /home/rhobtor/PHD/ARGOJ8_IA/install/argj801_sensors_msgs/share/argj801_sensors_msgs/local_setup.dsv
[29.722s] -- Installing: /home/rhobtor/PHD/ARGOJ8_IA/install/argj801_sensors_msgs/share/argj801_sensors_msgs/package.dsv
[29.722s] -- Installing: /home/rhobtor/PHD/ARGOJ8_IA/install/argj801_sensors_msgs/share/ament_index/resource_index/packages/argj801_sensors_msgs
[29.722s] -- Installing: /home/rhobtor/PHD/ARGOJ8_IA/install/argj801_sensors_msgs/share/argj801_sensors_msgs/cmake/export_argj801_sensors_msgs__rosidl_generator_cExport.cmake
[29.722s] -- Installing: /home/rhobtor/PHD/ARGOJ8_IA/install/argj801_sensors_msgs/share/argj801_sensors_msgs/cmake/export_argj801_sensors_msgs__rosidl_generator_cExport-noconfig.cmake
[29.722s] -- Installing: /home/rhobtor/PHD/ARGOJ8_IA/install/argj801_sensors_msgs/share/argj801_sensors_msgs/cmake/export_argj801_sensors_msgs__rosidl_typesupport_fastrtps_cExport.cmake
[29.722s] -- Installing: /home/rhobtor/PHD/ARGOJ8_IA/install/argj801_sensors_msgs/share/argj801_sensors_msgs/cmake/export_argj801_sensors_msgs__rosidl_typesupport_fastrtps_cExport-noconfig.cmake
[29.723s] -- Installing: /home/rhobtor/PHD/ARGOJ8_IA/install/argj801_sensors_msgs/share/argj801_sensors_msgs/cmake/argj801_sensors_msgs__rosidl_typesupport_introspection_cExport.cmake
[29.723s] -- Installing: /home/rhobtor/PHD/ARGOJ8_IA/install/argj801_sensors_msgs/share/argj801_sensors_msgs/cmake/argj801_sensors_msgs__rosidl_typesupport_introspection_cExport-noconfig.cmake
[29.723s] -- Installing: /home/rhobtor/PHD/ARGOJ8_IA/install/argj801_sensors_msgs/share/argj801_sensors_msgs/cmake/argj801_sensors_msgs__rosidl_typesupport_cExport.cmake
[29.723s] -- Installing: /home/rhobtor/PHD/ARGOJ8_IA/install/argj801_sensors_msgs/share/argj801_sensors_msgs/cmake/argj801_sensors_msgs__rosidl_typesupport_cExport-noconfig.cmake
[29.723s] -- Installing: /home/rhobtor/PHD/ARGOJ8_IA/install/argj801_sensors_msgs/share/argj801_sensors_msgs/cmake/export_argj801_sensors_msgs__rosidl_generator_cppExport.cmake
[29.723s] -- Installing: /home/rhobtor/PHD/ARGOJ8_IA/install/argj801_sensors_msgs/share/argj801_sensors_msgs/cmake/export_argj801_sensors_msgs__rosidl_typesupport_fastrtps_cppExport.cmake
[29.723s] -- Installing: /home/rhobtor/PHD/ARGOJ8_IA/install/argj801_sensors_msgs/share/argj801_sensors_msgs/cmake/export_argj801_sensors_msgs__rosidl_typesupport_fastrtps_cppExport-noconfig.cmake
[29.723s] -- Installing: /home/rhobtor/PHD/ARGOJ8_IA/install/argj801_sensors_msgs/share/argj801_sensors_msgs/cmake/argj801_sensors_msgs__rosidl_typesupport_introspection_cppExport.cmake
[29.723s] -- Installing: /home/rhobtor/PHD/ARGOJ8_IA/install/argj801_sensors_msgs/share/argj801_sensors_msgs/cmake/argj801_sensors_msgs__rosidl_typesupport_introspection_cppExport-noconfig.cmake
[29.723s] -- Installing: /home/rhobtor/PHD/ARGOJ8_IA/install/argj801_sensors_msgs/share/argj801_sensors_msgs/cmake/argj801_sensors_msgs__rosidl_typesupport_cppExport.cmake
[29.723s] -- Installing: /home/rhobtor/PHD/ARGOJ8_IA/install/argj801_sensors_msgs/share/argj801_sensors_msgs/cmake/argj801_sensors_msgs__rosidl_typesupport_cppExport-noconfig.cmake
[29.723s] -- Installing: /home/rhobtor/PHD/ARGOJ8_IA/install/argj801_sensors_msgs/share/argj801_sensors_msgs/cmake/export_argj801_sensors_msgs__rosidl_generator_pyExport.cmake
[29.723s] -- Installing: /home/rhobtor/PHD/ARGOJ8_IA/install/argj801_sensors_msgs/share/argj801_sensors_msgs/cmake/export_argj801_sensors_msgs__rosidl_generator_pyExport-noconfig.cmake
[29.723s] -- Installing: /home/rhobtor/PHD/ARGOJ8_IA/install/argj801_sensors_msgs/share/argj801_sensors_msgs/cmake/rosidl_cmake-extras.cmake
[29.723s] -- Installing: /home/rhobtor/PHD/ARGOJ8_IA/install/argj801_sensors_msgs/share/argj801_sensors_msgs/cmake/ament_cmake_export_dependencies-extras.cmake
[29.724s] -- Installing: /home/rhobtor/PHD/ARGOJ8_IA/install/argj801_sensors_msgs/share/argj801_sensors_msgs/cmake/ament_cmake_export_include_directories-extras.cmake
[29.724s] -- Installing: /home/rhobtor/PHD/ARGOJ8_IA/install/argj801_sensors_msgs/share/argj801_sensors_msgs/cmake/ament_cmake_export_libraries-extras.cmake
[29.724s] -- Installing: /home/rhobtor/PHD/ARGOJ8_IA/install/argj801_sensors_msgs/share/argj801_sensors_msgs/cmake/ament_cmake_export_targets-extras.cmake
[29.724s] -- Installing: /home/rhobtor/PHD/ARGOJ8_IA/install/argj801_sensors_msgs/share/argj801_sensors_msgs/cmake/rosidl_cmake_export_typesupport_targets-extras.cmake
[29.724s] -- Installing: /home/rhobtor/PHD/ARGOJ8_IA/install/argj801_sensors_msgs/share/argj801_sensors_msgs/cmake/rosidl_cmake_export_typesupport_libraries-extras.cmake
[29.728s] -- Installing: /home/rhobtor/PHD/ARGOJ8_IA/install/argj801_sensors_msgs/share/argj801_sensors_msgs/cmake/argj801_sensors_msgsConfig.cmake
[29.728s] -- Installing: /home/rhobtor/PHD/ARGOJ8_IA/install/argj801_sensors_msgs/share/argj801_sensors_msgs/cmake/argj801_sensors_msgsConfig-version.cmake
[29.728s] -- Installing: /home/rhobtor/PHD/ARGOJ8_IA/install/argj801_sensors_msgs/share/argj801_sensors_msgs/package.xml
[29.730s] Invoked command in '/home/rhobtor/PHD/ARGOJ8_IA/build/argj801_sensors_msgs' returned '0': CMAKE_PREFIX_PATH=${CMAKE_PREFIX_PATH}:/home/rhobtor/PHD/reactive/Reactive-Navegation/workspace_full_conected/install/car:/opt/ros/humble /opt/st/stm32cubeclt_1.18.0/CMake/bin/cmake --install /home/rhobtor/PHD/ARGOJ8_IA/build/argj801_sensors_msgs
