[0.044s] Invoking command in '/home/rhobtor/PHD/ARGOJ8_IA/build/j8_xacro_model': CMAKE_PREFIX_PATH=/home/rhobtor/PHD/ARGOJ8_IA/install/argj801_ctl_platform:/home/rhobtor/PHD/ARGOJ8_IA/install/argj801_ctl_platform_interfaces:/home/rhobtor/PHD/ARGOJ8_IA/install/octomap_mapping:/home/rhobtor/PHD/ARGOJ8_IA/install/octomap_server:/home/rhobtor/PHD/ARGOJ8_IA/install/octomap_rviz_plugins:/home/rhobtor/PHD/ARGOJ8_IA/install/j8_xacro_model:/home/rhobtor/PHD/ARGOJ8_IA/install/hector_gazebo_plugins:/home/rhobtor/PHD/ARGOJ8_IA/install/fixposition_sensor_pkg:/home/rhobtor/PHD/ARGOJ8_IA/install/car_cpp:/home/rhobtor/PHD/ARGOJ8_IA/install/car_interfaces:/home/rhobtor/packages/install/grid_map:/home/rhobtor/packages/install/grid_map_demos:/home/rhobtor/packages/install/grid_map_visualization:/home/rhobtor/packages/install/grid_map_sdf:/home/rhobtor/packages/install/grid_map_rviz_plugin:/home/rhobtor/packages/install/grid_map_pcl:/home/rhobtor/packages/install/grid_map_loader:/home/rhobtor/packages/install/grid_map_filters:/home/rhobtor/packages/install/grid_map_ros:/home/rhobtor/packages/install/grid_map_octomap:/home/rhobtor/packages/install/grid_map_msgs:/home/rhobtor/packages/install/grid_map_cv:/home/rhobtor/packages/install/grid_map_costmap_2d:/home/rhobtor/packages/install/grid_map_core:/home/rhobtor/packages/install/grid_map_cmake_helpers:/home/rhobtor/PHD/reactive/Reactive-Navegation/workspace_full_conected/install/octomap_mapping:/home/rhobtor/PHD/reactive/Reactive-Navegation/workspace_full_conected/install/octomap_server:/home/rhobtor/PHD/reactive/Reactive-Navegation/workspace_full_conected/install/octomap_rviz_plugins:/home/rhobtor/PHD/reactive/Reactive-Navegation/workspace_full_conected/install/hector_gazebo_plugins:/home/rhobtor/PHD/reactive/Reactive-Navegation/workspace_full_conected/install/car_cpp:/home/rhobtor/PHD/reactive/Reactive-Navegation/workspace_full_conected/install/car_interfaces:/home/rhobtor/PHD/ARGOJ8_IA/install/car:/home/rhobtor/PHD/reactive/Reactive-Navegation/workspace_full_conected/install/car:/opt/ros/humble LD_LIBRARY_PATH=/home/rhobtor/PHD/ARGOJ8_IA/install/argj801_ctl_platform_interfaces/lib:/home/rhobtor/PHD/ARGOJ8_IA/install/octomap_server/lib:/home/rhobtor/PHD/ARGOJ8_IA/install/octomap_rviz_plugins/lib:/home/rhobtor/PHD/ARGOJ8_IA/install/j8_xacro_model/lib:/home/rhobtor/PHD/ARGOJ8_IA/install/hector_gazebo_plugins/lib:/home/rhobtor/PHD/ARGOJ8_IA/install/fixposition_sensor_pkg/lib:/home/rhobtor/PHD/ARGOJ8_IA/install/car_cpp/lib:/home/rhobtor/PHD/ARGOJ8_IA/install/car_interfaces/lib:/home/rhobtor/packages/install/grid_map_demos/lib:/home/rhobtor/packages/install/grid_map_visualization/lib:/home/rhobtor/packages/install/grid_map_sdf/lib:/home/rhobtor/packages/install/grid_map_rviz_plugin/lib:/home/rhobtor/packages/install/grid_map_pcl/lib:/home/rhobtor/packages/install/grid_map_loader/lib:/home/rhobtor/packages/install/grid_map_filters/lib:/home/rhobtor/packages/install/grid_map_ros/lib:/home/rhobtor/packages/install/grid_map_octomap/lib:/home/rhobtor/packages/install/grid_map_msgs/lib:/home/rhobtor/packages/install/grid_map_cv/lib:/home/rhobtor/packages/install/grid_map_costmap_2d/lib:/home/rhobtor/packages/install/grid_map_core/lib:/home/rhobtor/PHD/reactive/Reactive-Navegation/workspace_full_conected/install/octomap_server/lib:/home/rhobtor/PHD/reactive/Reactive-Navegation/workspace_full_conected/install/octomap_rviz_plugins/lib:/home/rhobtor/PHD/reactive/Reactive-Navegation/workspace_full_conected/install/hector_gazebo_plugins/lib:/home/rhobtor/PHD/reactive/Reactive-Navegation/workspace_full_conected/install/car_cpp/lib:/home/rhobtor/PHD/reactive/Reactive-Navegation/workspace_full_conected/install/car_interfaces/lib:/usr/lib/x86_64-linux-gnu/gazebo-11/plugins:/opt/ros/humble/opt/rviz_ogre_vendor/lib:/opt/ros/humble/lib/x86_64-linux-gnu:/opt/ros/humble/lib /opt/st/stm32cubeclt_1.18.0/CMake/bin/cmake /home/rhobtor/PHD/ARGOJ8_IA/src/gazebo_sim_pkgs/j8_xacro_model -DAMENT_CMAKE_SYMLINK_INSTALL=1 -DCMAKE_INSTALL_PREFIX=/home/rhobtor/PHD/ARGOJ8_IA/install/j8_xacro_model
[0.210s] -- The C compiler identification is GNU 11.4.0
[0.407s] -- The CXX compiler identification is GNU 11.4.0
[0.455s] -- Detecting C compiler ABI info
[0.618s] -- Detecting C compiler ABI info - done
[0.661s] -- Check for working C compiler: /usr/bin/cc - skipped
[0.661s] -- Detecting C compile features
[0.668s] -- Detecting C compile features - done
[0.690s] -- Detecting CXX compiler ABI info
[0.921s] -- Detecting CXX compiler ABI info - done
[0.974s] -- Check for working CXX compiler: /usr/bin/c++ - skipped
[0.974s] -- Detecting CXX compile features
[0.975s] -- Detecting CXX compile features - done
[0.987s] -- Found ament_cmake: 1.3.11 (/opt/ros/humble/share/ament_cmake/cmake)
[1.783s] -- Found Python3: /usr/bin/python3 (found version "3.10.12") found components: Interpreter 
[2.444s] -- Override CMake install command with custom implementation using symlinks instead of copying resources
[2.998s] -- Found gazebo_dev: 3.9.0 (/opt/ros/humble/share/gazebo_dev/cmake)
[3.011s] -- Found PkgConfig: /usr/bin/pkg-config (found version "0.29.2") 
[3.023s] -- Checking for module 'bullet>=2.82'
[3.051s] --   Found bullet, version 3.05
[3.367s] -- Found fcl: /usr/include (found suitable version "0.7.0", minimum required is "0.5.0") 
[3.621s] -- Found assimp: /usr/include (found version "5.2.0") 
[3.664s] -- Found DART: /usr/include (Required is at least version "6.6") found components: dart 
[3.920s] -- Found Boost: /usr/lib/x86_64-linux-gnu/cmake/Boost-1.74.0/BoostConfig.cmake (found suitable version "1.74.0", minimum required is "1.40.0") found components: thread system filesystem program_options regex iostreams date_time 
[3.974s] -- Found Protobuf: /usr/lib/x86_64-linux-gnu/libprotobuf.so (found version "3.12.4") 
[4.046s] -- Looking for ignition-math6 -- found version 6.15.1
[4.123s] -- Searching for dependencies of ignition-math6
[4.139s] -- Looking for OGRE...
[4.150s] -- OGRE_PREFIX_WATCH changed.
[4.203s] -- Checking for module 'OGRE'
[4.243s] --   Found OGRE, version 1.9.0
[4.295s] -- Found Ogre Ghadamon (1.9.0)
[4.321s] -- Found OGRE: optimized;/usr/lib/x86_64-linux-gnu/libOgreMain.so;debug;/usr/lib/x86_64-linux-gnu/libOgreMain.so
[4.337s] -- Looking for OGRE_Paging...
[4.363s] -- Found OGRE_Paging: optimized;/usr/lib/x86_64-linux-gnu/libOgrePaging.so;debug;/usr/lib/x86_64-linux-gnu/libOgrePaging.so
[4.364s] -- Looking for OGRE_Terrain...
[4.384s] -- Found OGRE_Terrain: optimized;/usr/lib/x86_64-linux-gnu/libOgreTerrain.so;debug;/usr/lib/x86_64-linux-gnu/libOgreTerrain.so
[4.384s] -- Looking for OGRE_Property...
[4.405s] -- Found OGRE_Property: optimized;/usr/lib/x86_64-linux-gnu/libOgreProperty.so;debug;/usr/lib/x86_64-linux-gnu/libOgreProperty.so
[4.405s] -- Looking for OGRE_RTShaderSystem...
[4.428s] -- Found OGRE_RTShaderSystem: optimized;/usr/lib/x86_64-linux-gnu/libOgreRTShaderSystem.so;debug;/usr/lib/x86_64-linux-gnu/libOgreRTShaderSystem.so
[4.429s] -- Looking for OGRE_Volume...
[4.448s] -- Found OGRE_Volume: optimized;/usr/lib/x86_64-linux-gnu/libOgreVolume.so;debug;/usr/lib/x86_64-linux-gnu/libOgreVolume.so
[4.448s] -- Looking for OGRE_Overlay...
[4.471s] -- Found OGRE_Overlay: optimized;/usr/lib/x86_64-linux-gnu/libOgreOverlay.so;debug;/usr/lib/x86_64-linux-gnu/libOgreOverlay.so
[4.906s] -- Looking for ignition-math6 -- found version 6.15.1
[4.911s] -- Looking for ignition-transport8 -- found version 8.2.1
[4.912s] -- Searching for dependencies of ignition-transport8
[4.952s] -- Found Protobuf: /usr/lib/x86_64-linux-gnu/libprotobuf.so (found suitable version "3.12.4", minimum required is "3") 
[4.973s] -- Config-file not installed for ZeroMQ -- checking for pkg-config
[4.982s] -- Checking for module 'libzmq >= 4'
[5.005s] --   Found libzmq, version 4.3.4
[5.073s] -- Found ZeroMQ: TRUE (Required is at least version "4") 
[5.095s] -- Checking for module 'uuid'
[5.146s] --   Found uuid, version 2.37.2
[5.201s] -- Found UUID: TRUE  
[5.208s] -- Looking for ignition-msgs5 -- found version 5.8.1
[5.211s] -- Searching for dependencies of ignition-msgs5
[5.243s] -- Looking for ignition-math6 -- found version 6.15.1
[5.252s] -- Checking for module 'tinyxml2'
[5.292s] --   Found tinyxml2, version 9.0.0
[5.372s] -- Looking for ignition-msgs5 -- found version 5.8.1
[5.384s] -- Looking for ignition-common3 -- found version 3.14.0
[5.385s] -- Searching for dependencies of ignition-common3
[5.387s] -- Looking for dlfcn.h - found
[5.391s] -- Looking for libdl - found
[5.395s] -- Found DL: TRUE  
[5.433s] -- Found tinyobjloader: /usr/lib/x86_64-linux-gnu/cmake/tinyobjloader/tinyobjloader-config.cmake (found version "2.0.0") 
[5.434s] -- Searching for <ignition-common3> component [graphics]
[5.445s] -- Looking for ignition-common3-graphics -- found version 3.14.0
[5.448s] -- Searching for dependencies of ignition-common3-graphics
[5.448s] -- Looking for ignition-math6 -- found version 6.15.1
[5.455s] -- Looking for ignition-fuel_tools4 -- found version 4.4.0
[5.456s] -- Searching for dependencies of ignition-fuel_tools4
[5.852s] -- Found CURL: /usr/lib/x86_64-linux-gnu/libcurl.so (found version "7.81.0")  
[5.860s] [0mCMake Deprecation Warning at /usr/lib/x86_64-linux-gnu/cmake/jsoncpp/jsoncppConfig.cmake:2 (cmake_policy):
[5.861s]   Compatibility with CMake < 3.5 will be removed from a future version of
[5.861s]   CMake.
[5.861s] 
[5.861s]   Update the VERSION argument <min> value or use a ...<max> suffix to tell
[5.861s]   CMake that the project does not need compatibility with older versions.
[5.864s] Call Stack (most recent call first):
[5.865s]   /usr/share/cmake/ignition-cmake2/cmake2/FindJSONCPP.cmake:34 (find_package)
[5.865s]   /usr/lib/x86_64-linux-gnu/cmake/ignition-fuel_tools4/ignition-fuel_tools4-config.cmake:94 (find_package)
[5.865s]   /usr/lib/x86_64-linux-gnu/cmake/gazebo/gazebo-config.cmake:251 (find_package)
[5.865s]   /opt/ros/humble/share/gazebo_dev/cmake/gazebo_dev-extras.cmake:3 (find_package)
[5.865s]   /opt/ros/humble/share/gazebo_dev/cmake/gazebo_devConfig.cmake:41 (include)
[5.865s]   CMakeLists.txt:13 (find_package)
[5.865s] 
[5.865s] [0m
[5.885s] -- Checking for module 'jsoncpp'
[5.995s] --   Found jsoncpp, version 1.9.5
[6.161s] -- Found JSONCPP: TRUE  
[6.192s] -- Checking for module 'libzip'
[6.226s] --   Found libzip, version 1.7.3
[6.372s] -- Found ZIP: TRUE  
[6.376s] -- Looking for ignition-common3 -- found version 3.14.0
[6.377s] -- Looking for ignition-math6 -- found version 6.15.1
[6.379s] -- Looking for ignition-msgs5 -- found version 5.8.1
[6.391s] -- Gazebo version: 11.10
[6.391s] -- Checking for module 'tbb'
[6.477s] --   Found tbb, version 2021.5.0
[6.576s] -- Found gazebo_ros: 3.9.0 (/opt/ros/humble/share/gazebo_ros/cmake)
[6.699s] -- Found rosidl_generator_c: 3.1.6 (/opt/ros/humble/share/rosidl_generator_c/cmake)
[6.715s] -- Found rosidl_adapter: 3.1.6 (/opt/ros/humble/share/rosidl_adapter/cmake)
[6.739s] -- Found rosidl_generator_cpp: 3.1.6 (/opt/ros/humble/share/rosidl_generator_cpp/cmake)
[6.768s] -- Using all available rosidl_typesupport_c: rosidl_typesupport_fastrtps_c;rosidl_typesupport_introspection_c
[6.806s] -- Using all available rosidl_typesupport_cpp: rosidl_typesupport_fastrtps_cpp;rosidl_typesupport_introspection_cpp
[6.904s] -- Found rmw_implementation_cmake: 6.1.2 (/opt/ros/humble/share/rmw_implementation_cmake/cmake)
[6.912s] -- Found rmw_fastrtps_cpp: 6.2.7 (/opt/ros/humble/share/rmw_fastrtps_cpp/cmake)
[7.092s] -- Found OpenSSL: /usr/lib/x86_64-linux-gnu/libcrypto.so (found version "3.0.2")  
[7.144s] -- Found FastRTPS: /opt/ros/humble/include  
[7.226s] -- Using RMW implementation 'rmw_fastrtps_cpp' as default
[7.249s] -- Found Threads: TRUE  
[7.378s] -- Found geometry_msgs: 4.8.0 (/opt/ros/humble/share/geometry_msgs/cmake)
[7.411s] -- Found nav_msgs: 4.8.0 (/opt/ros/humble/share/nav_msgs/cmake)
[7.458s] -- Found tf2: 0.25.12 (/opt/ros/humble/share/tf2/cmake)
[7.483s] -- Found tf2_geometry_msgs: 0.25.12 (/opt/ros/humble/share/tf2_geometry_msgs/cmake)
[7.508s] -- Found eigen3_cmake_module: 0.1.1 (/opt/ros/humble/share/eigen3_cmake_module/cmake)
[7.510s] -- Found Eigen3: TRUE (found version "3.4.0") 
[7.511s] -- Ensuring Eigen3 include directory is part of orocos-kdl CMake target
[7.691s] -- Found sensor_msgs: 4.8.0 (/opt/ros/humble/share/sensor_msgs/cmake)
[7.721s] -- Found argj801_ctl_platform_interfaces: 0.0.0 (/home/rhobtor/PHD/ARGOJ8_IA/install/argj801_ctl_platform_interfaces/share/argj801_ctl_platform_interfaces/cmake)
[7.769s] -- Found ament_lint_auto: 0.12.12 (/opt/ros/humble/share/ament_lint_auto/cmake)
[7.903s] -- Added test 'cppcheck' to perform static code analysis on C / C++ code
[7.904s] -- Configured cppcheck include dirs: /home/rhobtor/PHD/ARGOJ8_IA/src/gazebo_sim_pkgs/j8_xacro_model/include;$<BUILD_INTERFACE:/home/rhobtor/PHD/ARGOJ8_IA/src/gazebo_sim_pkgs/j8_xacro_model/include>
[7.904s] -- Configured cppcheck exclude dirs and/or files: 
[7.906s] -- Added test 'flake8' to check Python code syntax and style conventions
[7.910s] -- Added test 'lint_cmake' to check CMake code style
[7.913s] -- Added test 'pep257' to check Python code against some of the docstring style conventions in PEP 257
[7.920s] -- Added test 'uncrustify' to check C / C++ code style
[7.921s] -- Configured uncrustify additional arguments: 
[7.924s] -- Added test 'xmllint' to check XML markup files
[7.930s] -- Configuring done (7.9s)
[7.976s] -- Generating done (0.0s)
[7.985s] -- Build files have been written to: /home/rhobtor/PHD/ARGOJ8_IA/build/j8_xacro_model
[8.007s] Invoked command in '/home/rhobtor/PHD/ARGOJ8_IA/build/j8_xacro_model' returned '0': CMAKE_PREFIX_PATH=/home/rhobtor/PHD/ARGOJ8_IA/install/argj801_ctl_platform:/home/rhobtor/PHD/ARGOJ8_IA/install/argj801_ctl_platform_interfaces:/home/rhobtor/PHD/ARGOJ8_IA/install/octomap_mapping:/home/rhobtor/PHD/ARGOJ8_IA/install/octomap_server:/home/rhobtor/PHD/ARGOJ8_IA/install/octomap_rviz_plugins:/home/rhobtor/PHD/ARGOJ8_IA/install/j8_xacro_model:/home/rhobtor/PHD/ARGOJ8_IA/install/hector_gazebo_plugins:/home/rhobtor/PHD/ARGOJ8_IA/install/fixposition_sensor_pkg:/home/rhobtor/PHD/ARGOJ8_IA/install/car_cpp:/home/rhobtor/PHD/ARGOJ8_IA/install/car_interfaces:/home/rhobtor/packages/install/grid_map:/home/rhobtor/packages/install/grid_map_demos:/home/rhobtor/packages/install/grid_map_visualization:/home/rhobtor/packages/install/grid_map_sdf:/home/rhobtor/packages/install/grid_map_rviz_plugin:/home/rhobtor/packages/install/grid_map_pcl:/home/rhobtor/packages/install/grid_map_loader:/home/rhobtor/packages/install/grid_map_filters:/home/rhobtor/packages/install/grid_map_ros:/home/rhobtor/packages/install/grid_map_octomap:/home/rhobtor/packages/install/grid_map_msgs:/home/rhobtor/packages/install/grid_map_cv:/home/rhobtor/packages/install/grid_map_costmap_2d:/home/rhobtor/packages/install/grid_map_core:/home/rhobtor/packages/install/grid_map_cmake_helpers:/home/rhobtor/PHD/reactive/Reactive-Navegation/workspace_full_conected/install/octomap_mapping:/home/rhobtor/PHD/reactive/Reactive-Navegation/workspace_full_conected/install/octomap_server:/home/rhobtor/PHD/reactive/Reactive-Navegation/workspace_full_conected/install/octomap_rviz_plugins:/home/rhobtor/PHD/reactive/Reactive-Navegation/workspace_full_conected/install/hector_gazebo_plugins:/home/rhobtor/PHD/reactive/Reactive-Navegation/workspace_full_conected/install/car_cpp:/home/rhobtor/PHD/reactive/Reactive-Navegation/workspace_full_conected/install/car_interfaces:/home/rhobtor/PHD/ARGOJ8_IA/install/car:/home/rhobtor/PHD/reactive/Reactive-Navegation/workspace_full_conected/install/car:/opt/ros/humble LD_LIBRARY_PATH=/home/rhobtor/PHD/ARGOJ8_IA/install/argj801_ctl_platform_interfaces/lib:/home/rhobtor/PHD/ARGOJ8_IA/install/octomap_server/lib:/home/rhobtor/PHD/ARGOJ8_IA/install/octomap_rviz_plugins/lib:/home/rhobtor/PHD/ARGOJ8_IA/install/j8_xacro_model/lib:/home/rhobtor/PHD/ARGOJ8_IA/install/hector_gazebo_plugins/lib:/home/rhobtor/PHD/ARGOJ8_IA/install/fixposition_sensor_pkg/lib:/home/rhobtor/PHD/ARGOJ8_IA/install/car_cpp/lib:/home/rhobtor/PHD/ARGOJ8_IA/install/car_interfaces/lib:/home/rhobtor/packages/install/grid_map_demos/lib:/home/rhobtor/packages/install/grid_map_visualization/lib:/home/rhobtor/packages/install/grid_map_sdf/lib:/home/rhobtor/packages/install/grid_map_rviz_plugin/lib:/home/rhobtor/packages/install/grid_map_pcl/lib:/home/rhobtor/packages/install/grid_map_loader/lib:/home/rhobtor/packages/install/grid_map_filters/lib:/home/rhobtor/packages/install/grid_map_ros/lib:/home/rhobtor/packages/install/grid_map_octomap/lib:/home/rhobtor/packages/install/grid_map_msgs/lib:/home/rhobtor/packages/install/grid_map_cv/lib:/home/rhobtor/packages/install/grid_map_costmap_2d/lib:/home/rhobtor/packages/install/grid_map_core/lib:/home/rhobtor/PHD/reactive/Reactive-Navegation/workspace_full_conected/install/octomap_server/lib:/home/rhobtor/PHD/reactive/Reactive-Navegation/workspace_full_conected/install/octomap_rviz_plugins/lib:/home/rhobtor/PHD/reactive/Reactive-Navegation/workspace_full_conected/install/hector_gazebo_plugins/lib:/home/rhobtor/PHD/reactive/Reactive-Navegation/workspace_full_conected/install/car_cpp/lib:/home/rhobtor/PHD/reactive/Reactive-Navegation/workspace_full_conected/install/car_interfaces/lib:/usr/lib/x86_64-linux-gnu/gazebo-11/plugins:/opt/ros/humble/opt/rviz_ogre_vendor/lib:/opt/ros/humble/lib/x86_64-linux-gnu:/opt/ros/humble/lib /opt/st/stm32cubeclt_1.18.0/CMake/bin/cmake /home/rhobtor/PHD/ARGOJ8_IA/src/gazebo_sim_pkgs/j8_xacro_model -DAMENT_CMAKE_SYMLINK_INSTALL=1 -DCMAKE_INSTALL_PREFIX=/home/rhobtor/PHD/ARGOJ8_IA/install/j8_xacro_model
[8.010s] Invoking command in '/home/rhobtor/PHD/ARGOJ8_IA/build/j8_xacro_model': CMAKE_PREFIX_PATH=/home/rhobtor/PHD/ARGOJ8_IA/install/argj801_ctl_platform:/home/rhobtor/PHD/ARGOJ8_IA/install/argj801_ctl_platform_interfaces:/home/rhobtor/PHD/ARGOJ8_IA/install/octomap_mapping:/home/rhobtor/PHD/ARGOJ8_IA/install/octomap_server:/home/rhobtor/PHD/ARGOJ8_IA/install/octomap_rviz_plugins:/home/rhobtor/PHD/ARGOJ8_IA/install/j8_xacro_model:/home/rhobtor/PHD/ARGOJ8_IA/install/hector_gazebo_plugins:/home/rhobtor/PHD/ARGOJ8_IA/install/fixposition_sensor_pkg:/home/rhobtor/PHD/ARGOJ8_IA/install/car_cpp:/home/rhobtor/PHD/ARGOJ8_IA/install/car_interfaces:/home/rhobtor/packages/install/grid_map:/home/rhobtor/packages/install/grid_map_demos:/home/rhobtor/packages/install/grid_map_visualization:/home/rhobtor/packages/install/grid_map_sdf:/home/rhobtor/packages/install/grid_map_rviz_plugin:/home/rhobtor/packages/install/grid_map_pcl:/home/rhobtor/packages/install/grid_map_loader:/home/rhobtor/packages/install/grid_map_filters:/home/rhobtor/packages/install/grid_map_ros:/home/rhobtor/packages/install/grid_map_octomap:/home/rhobtor/packages/install/grid_map_msgs:/home/rhobtor/packages/install/grid_map_cv:/home/rhobtor/packages/install/grid_map_costmap_2d:/home/rhobtor/packages/install/grid_map_core:/home/rhobtor/packages/install/grid_map_cmake_helpers:/home/rhobtor/PHD/reactive/Reactive-Navegation/workspace_full_conected/install/octomap_mapping:/home/rhobtor/PHD/reactive/Reactive-Navegation/workspace_full_conected/install/octomap_server:/home/rhobtor/PHD/reactive/Reactive-Navegation/workspace_full_conected/install/octomap_rviz_plugins:/home/rhobtor/PHD/reactive/Reactive-Navegation/workspace_full_conected/install/hector_gazebo_plugins:/home/rhobtor/PHD/reactive/Reactive-Navegation/workspace_full_conected/install/car_cpp:/home/rhobtor/PHD/reactive/Reactive-Navegation/workspace_full_conected/install/car_interfaces:/home/rhobtor/PHD/ARGOJ8_IA/install/car:/home/rhobtor/PHD/reactive/Reactive-Navegation/workspace_full_conected/install/car:/opt/ros/humble LD_LIBRARY_PATH=/home/rhobtor/PHD/ARGOJ8_IA/install/argj801_ctl_platform_interfaces/lib:/home/rhobtor/PHD/ARGOJ8_IA/install/octomap_server/lib:/home/rhobtor/PHD/ARGOJ8_IA/install/octomap_rviz_plugins/lib:/home/rhobtor/PHD/ARGOJ8_IA/install/j8_xacro_model/lib:/home/rhobtor/PHD/ARGOJ8_IA/install/hector_gazebo_plugins/lib:/home/rhobtor/PHD/ARGOJ8_IA/install/fixposition_sensor_pkg/lib:/home/rhobtor/PHD/ARGOJ8_IA/install/car_cpp/lib:/home/rhobtor/PHD/ARGOJ8_IA/install/car_interfaces/lib:/home/rhobtor/packages/install/grid_map_demos/lib:/home/rhobtor/packages/install/grid_map_visualization/lib:/home/rhobtor/packages/install/grid_map_sdf/lib:/home/rhobtor/packages/install/grid_map_rviz_plugin/lib:/home/rhobtor/packages/install/grid_map_pcl/lib:/home/rhobtor/packages/install/grid_map_loader/lib:/home/rhobtor/packages/install/grid_map_filters/lib:/home/rhobtor/packages/install/grid_map_ros/lib:/home/rhobtor/packages/install/grid_map_octomap/lib:/home/rhobtor/packages/install/grid_map_msgs/lib:/home/rhobtor/packages/install/grid_map_cv/lib:/home/rhobtor/packages/install/grid_map_costmap_2d/lib:/home/rhobtor/packages/install/grid_map_core/lib:/home/rhobtor/PHD/reactive/Reactive-Navegation/workspace_full_conected/install/octomap_server/lib:/home/rhobtor/PHD/reactive/Reactive-Navegation/workspace_full_conected/install/octomap_rviz_plugins/lib:/home/rhobtor/PHD/reactive/Reactive-Navegation/workspace_full_conected/install/hector_gazebo_plugins/lib:/home/rhobtor/PHD/reactive/Reactive-Navegation/workspace_full_conected/install/car_cpp/lib:/home/rhobtor/PHD/reactive/Reactive-Navegation/workspace_full_conected/install/car_interfaces/lib:/usr/lib/x86_64-linux-gnu/gazebo-11/plugins:/opt/ros/humble/opt/rviz_ogre_vendor/lib:/opt/ros/humble/lib/x86_64-linux-gnu:/opt/ros/humble/lib /opt/st/stm32cubeclt_1.18.0/CMake/bin/cmake --build /home/rhobtor/PHD/ARGOJ8_IA/build/j8_xacro_model -- -j16 -l16
[8.054s] [ 50%] [32mBuilding CXX object CMakeFiles/gazebo_ros_j8_wheels_plugin.dir/src/gazebo_ros_j8_wheels_speed.cpp.o[0m
[23.272s] [100%] [32m[1mLinking CXX shared library libgazebo_ros_j8_wheels_plugin.so[0m
[23.865s] [100%] Built target gazebo_ros_j8_wheels_plugin
[23.869s] Invoked command in '/home/rhobtor/PHD/ARGOJ8_IA/build/j8_xacro_model' returned '0': CMAKE_PREFIX_PATH=/home/rhobtor/PHD/ARGOJ8_IA/install/argj801_ctl_platform:/home/rhobtor/PHD/ARGOJ8_IA/install/argj801_ctl_platform_interfaces:/home/rhobtor/PHD/ARGOJ8_IA/install/octomap_mapping:/home/rhobtor/PHD/ARGOJ8_IA/install/octomap_server:/home/rhobtor/PHD/ARGOJ8_IA/install/octomap_rviz_plugins:/home/rhobtor/PHD/ARGOJ8_IA/install/j8_xacro_model:/home/rhobtor/PHD/ARGOJ8_IA/install/hector_gazebo_plugins:/home/rhobtor/PHD/ARGOJ8_IA/install/fixposition_sensor_pkg:/home/rhobtor/PHD/ARGOJ8_IA/install/car_cpp:/home/rhobtor/PHD/ARGOJ8_IA/install/car_interfaces:/home/rhobtor/packages/install/grid_map:/home/rhobtor/packages/install/grid_map_demos:/home/rhobtor/packages/install/grid_map_visualization:/home/rhobtor/packages/install/grid_map_sdf:/home/rhobtor/packages/install/grid_map_rviz_plugin:/home/rhobtor/packages/install/grid_map_pcl:/home/rhobtor/packages/install/grid_map_loader:/home/rhobtor/packages/install/grid_map_filters:/home/rhobtor/packages/install/grid_map_ros:/home/rhobtor/packages/install/grid_map_octomap:/home/rhobtor/packages/install/grid_map_msgs:/home/rhobtor/packages/install/grid_map_cv:/home/rhobtor/packages/install/grid_map_costmap_2d:/home/rhobtor/packages/install/grid_map_core:/home/rhobtor/packages/install/grid_map_cmake_helpers:/home/rhobtor/PHD/reactive/Reactive-Navegation/workspace_full_conected/install/octomap_mapping:/home/rhobtor/PHD/reactive/Reactive-Navegation/workspace_full_conected/install/octomap_server:/home/rhobtor/PHD/reactive/Reactive-Navegation/workspace_full_conected/install/octomap_rviz_plugins:/home/rhobtor/PHD/reactive/Reactive-Navegation/workspace_full_conected/install/hector_gazebo_plugins:/home/rhobtor/PHD/reactive/Reactive-Navegation/workspace_full_conected/install/car_cpp:/home/rhobtor/PHD/reactive/Reactive-Navegation/workspace_full_conected/install/car_interfaces:/home/rhobtor/PHD/ARGOJ8_IA/install/car:/home/rhobtor/PHD/reactive/Reactive-Navegation/workspace_full_conected/install/car:/opt/ros/humble LD_LIBRARY_PATH=/home/rhobtor/PHD/ARGOJ8_IA/install/argj801_ctl_platform_interfaces/lib:/home/rhobtor/PHD/ARGOJ8_IA/install/octomap_server/lib:/home/rhobtor/PHD/ARGOJ8_IA/install/octomap_rviz_plugins/lib:/home/rhobtor/PHD/ARGOJ8_IA/install/j8_xacro_model/lib:/home/rhobtor/PHD/ARGOJ8_IA/install/hector_gazebo_plugins/lib:/home/rhobtor/PHD/ARGOJ8_IA/install/fixposition_sensor_pkg/lib:/home/rhobtor/PHD/ARGOJ8_IA/install/car_cpp/lib:/home/rhobtor/PHD/ARGOJ8_IA/install/car_interfaces/lib:/home/rhobtor/packages/install/grid_map_demos/lib:/home/rhobtor/packages/install/grid_map_visualization/lib:/home/rhobtor/packages/install/grid_map_sdf/lib:/home/rhobtor/packages/install/grid_map_rviz_plugin/lib:/home/rhobtor/packages/install/grid_map_pcl/lib:/home/rhobtor/packages/install/grid_map_loader/lib:/home/rhobtor/packages/install/grid_map_filters/lib:/home/rhobtor/packages/install/grid_map_ros/lib:/home/rhobtor/packages/install/grid_map_octomap/lib:/home/rhobtor/packages/install/grid_map_msgs/lib:/home/rhobtor/packages/install/grid_map_cv/lib:/home/rhobtor/packages/install/grid_map_costmap_2d/lib:/home/rhobtor/packages/install/grid_map_core/lib:/home/rhobtor/PHD/reactive/Reactive-Navegation/workspace_full_conected/install/octomap_server/lib:/home/rhobtor/PHD/reactive/Reactive-Navegation/workspace_full_conected/install/octomap_rviz_plugins/lib:/home/rhobtor/PHD/reactive/Reactive-Navegation/workspace_full_conected/install/hector_gazebo_plugins/lib:/home/rhobtor/PHD/reactive/Reactive-Navegation/workspace_full_conected/install/car_cpp/lib:/home/rhobtor/PHD/reactive/Reactive-Navegation/workspace_full_conected/install/car_interfaces/lib:/usr/lib/x86_64-linux-gnu/gazebo-11/plugins:/opt/ros/humble/opt/rviz_ogre_vendor/lib:/opt/ros/humble/lib/x86_64-linux-gnu:/opt/ros/humble/lib /opt/st/stm32cubeclt_1.18.0/CMake/bin/cmake --build /home/rhobtor/PHD/ARGOJ8_IA/build/j8_xacro_model -- -j16 -l16
[23.870s] Invoking command in '/home/rhobtor/PHD/ARGOJ8_IA/build/j8_xacro_model': CMAKE_PREFIX_PATH=/home/rhobtor/PHD/ARGOJ8_IA/install/argj801_ctl_platform:/home/rhobtor/PHD/ARGOJ8_IA/install/argj801_ctl_platform_interfaces:/home/rhobtor/PHD/ARGOJ8_IA/install/octomap_mapping:/home/rhobtor/PHD/ARGOJ8_IA/install/octomap_server:/home/rhobtor/PHD/ARGOJ8_IA/install/octomap_rviz_plugins:/home/rhobtor/PHD/ARGOJ8_IA/install/j8_xacro_model:/home/rhobtor/PHD/ARGOJ8_IA/install/hector_gazebo_plugins:/home/rhobtor/PHD/ARGOJ8_IA/install/fixposition_sensor_pkg:/home/rhobtor/PHD/ARGOJ8_IA/install/car_cpp:/home/rhobtor/PHD/ARGOJ8_IA/install/car_interfaces:/home/rhobtor/packages/install/grid_map:/home/rhobtor/packages/install/grid_map_demos:/home/rhobtor/packages/install/grid_map_visualization:/home/rhobtor/packages/install/grid_map_sdf:/home/rhobtor/packages/install/grid_map_rviz_plugin:/home/rhobtor/packages/install/grid_map_pcl:/home/rhobtor/packages/install/grid_map_loader:/home/rhobtor/packages/install/grid_map_filters:/home/rhobtor/packages/install/grid_map_ros:/home/rhobtor/packages/install/grid_map_octomap:/home/rhobtor/packages/install/grid_map_msgs:/home/rhobtor/packages/install/grid_map_cv:/home/rhobtor/packages/install/grid_map_costmap_2d:/home/rhobtor/packages/install/grid_map_core:/home/rhobtor/packages/install/grid_map_cmake_helpers:/home/rhobtor/PHD/reactive/Reactive-Navegation/workspace_full_conected/install/octomap_mapping:/home/rhobtor/PHD/reactive/Reactive-Navegation/workspace_full_conected/install/octomap_server:/home/rhobtor/PHD/reactive/Reactive-Navegation/workspace_full_conected/install/octomap_rviz_plugins:/home/rhobtor/PHD/reactive/Reactive-Navegation/workspace_full_conected/install/hector_gazebo_plugins:/home/rhobtor/PHD/reactive/Reactive-Navegation/workspace_full_conected/install/car_cpp:/home/rhobtor/PHD/reactive/Reactive-Navegation/workspace_full_conected/install/car_interfaces:/home/rhobtor/PHD/ARGOJ8_IA/install/car:/home/rhobtor/PHD/reactive/Reactive-Navegation/workspace_full_conected/install/car:/opt/ros/humble LD_LIBRARY_PATH=/home/rhobtor/PHD/ARGOJ8_IA/install/argj801_ctl_platform_interfaces/lib:/home/rhobtor/PHD/ARGOJ8_IA/install/octomap_server/lib:/home/rhobtor/PHD/ARGOJ8_IA/install/octomap_rviz_plugins/lib:/home/rhobtor/PHD/ARGOJ8_IA/install/j8_xacro_model/lib:/home/rhobtor/PHD/ARGOJ8_IA/install/hector_gazebo_plugins/lib:/home/rhobtor/PHD/ARGOJ8_IA/install/fixposition_sensor_pkg/lib:/home/rhobtor/PHD/ARGOJ8_IA/install/car_cpp/lib:/home/rhobtor/PHD/ARGOJ8_IA/install/car_interfaces/lib:/home/rhobtor/packages/install/grid_map_demos/lib:/home/rhobtor/packages/install/grid_map_visualization/lib:/home/rhobtor/packages/install/grid_map_sdf/lib:/home/rhobtor/packages/install/grid_map_rviz_plugin/lib:/home/rhobtor/packages/install/grid_map_pcl/lib:/home/rhobtor/packages/install/grid_map_loader/lib:/home/rhobtor/packages/install/grid_map_filters/lib:/home/rhobtor/packages/install/grid_map_ros/lib:/home/rhobtor/packages/install/grid_map_octomap/lib:/home/rhobtor/packages/install/grid_map_msgs/lib:/home/rhobtor/packages/install/grid_map_cv/lib:/home/rhobtor/packages/install/grid_map_costmap_2d/lib:/home/rhobtor/packages/install/grid_map_core/lib:/home/rhobtor/PHD/reactive/Reactive-Navegation/workspace_full_conected/install/octomap_server/lib:/home/rhobtor/PHD/reactive/Reactive-Navegation/workspace_full_conected/install/octomap_rviz_plugins/lib:/home/rhobtor/PHD/reactive/Reactive-Navegation/workspace_full_conected/install/hector_gazebo_plugins/lib:/home/rhobtor/PHD/reactive/Reactive-Navegation/workspace_full_conected/install/car_cpp/lib:/home/rhobtor/PHD/reactive/Reactive-Navegation/workspace_full_conected/install/car_interfaces/lib:/usr/lib/x86_64-linux-gnu/gazebo-11/plugins:/opt/ros/humble/opt/rviz_ogre_vendor/lib:/opt/ros/humble/lib/x86_64-linux-gnu:/opt/ros/humble/lib /opt/st/stm32cubeclt_1.18.0/CMake/bin/cmake --install /home/rhobtor/PHD/ARGOJ8_IA/build/j8_xacro_model
[23.872s] -- Install configuration: ""
[23.873s] -- Execute custom install script
[23.873s] -- Symlinking: /home/rhobtor/PHD/ARGOJ8_IA/install/j8_xacro_model/share/j8_xacro_model/environment/library_path.sh
[23.876s] -- Symlinking: /home/rhobtor/PHD/ARGOJ8_IA/install/j8_xacro_model/share/j8_xacro_model/environment/library_path.dsv
[23.878s] -- Symlinking: /home/rhobtor/PHD/ARGOJ8_IA/install/j8_xacro_model/lib/libgazebo_ros_j8_wheels_plugin.so
[23.880s] -- Symlinking: /home/rhobtor/PHD/ARGOJ8_IA/install/j8_xacro_model/share/j8_xacro_model//launch/start_gazebo_j8.launch.py
[23.883s] -- Symlinking: /home/rhobtor/PHD/ARGOJ8_IA/install/j8_xacro_model/share/j8_xacro_model//worlds/empty_custom.world
[23.886s] -- Symlinking: /home/rhobtor/PHD/ARGOJ8_IA/install/j8_xacro_model/share/j8_xacro_model//urdf/argo_j8.xacro
[23.888s] -- Symlinking: /home/rhobtor/PHD/ARGOJ8_IA/install/j8_xacro_model/share/j8_xacro_model//urdf/camera.xacro
[23.891s] -- Symlinking: /home/rhobtor/PHD/ARGOJ8_IA/install/j8_xacro_model/share/j8_xacro_model//urdf/fixposition_holder.xacro
[23.894s] -- Symlinking: /home/rhobtor/PHD/ARGOJ8_IA/install/j8_xacro_model/share/j8_xacro_model//urdf/fixposition_sensor.xacro
[23.896s] -- Symlinking: /home/rhobtor/PHD/ARGOJ8_IA/install/j8_xacro_model/share/j8_xacro_model//urdf/gps.xacro
[23.898s] -- Symlinking: /home/rhobtor/PHD/ARGOJ8_IA/install/j8_xacro_model/share/j8_xacro_model//urdf/gps_holder.xacro
[23.901s] -- Symlinking: /home/rhobtor/PHD/ARGOJ8_IA/install/j8_xacro_model/share/j8_xacro_model//urdf/lidar.plugin.xacro
[23.903s] -- Symlinking: /home/rhobtor/PHD/ARGOJ8_IA/install/j8_xacro_model/share/j8_xacro_model//urdf/panel.xacro
[23.905s] -- Symlinking: /home/rhobtor/PHD/ARGOJ8_IA/install/j8_xacro_model/share/j8_xacro_model//urdf/set_color.xacro
[23.906s] -- Symlinking: /home/rhobtor/PHD/ARGOJ8_IA/install/j8_xacro_model/share/j8_xacro_model//urdf/sick_lidar.plugin.xacro
[23.908s] -- Symlinking: /home/rhobtor/PHD/ARGOJ8_IA/install/j8_xacro_model/share/j8_xacro_model//urdf/side_bar.xacro
[23.911s] -- Symlinking: /home/rhobtor/PHD/ARGOJ8_IA/install/j8_xacro_model/share/j8_xacro_model//urdf/test.urdf
[23.913s] -- Symlinking: /home/rhobtor/PHD/ARGOJ8_IA/install/j8_xacro_model/share/j8_xacro_model//urdf/wheel.urdf.xacro
[23.915s] -- Symlinking: /home/rhobtor/PHD/ARGOJ8_IA/install/j8_xacro_model/share/j8_xacro_model//meshes/Back_camera.STL
[23.917s] -- Symlinking: /home/rhobtor/PHD/ARGOJ8_IA/install/j8_xacro_model/share/j8_xacro_model//meshes/Bridge.STL
[23.920s] -- Symlinking: /home/rhobtor/PHD/ARGOJ8_IA/install/j8_xacro_model/share/j8_xacro_model//meshes/Bridge_panel_1.STL
[23.923s] -- Symlinking: /home/rhobtor/PHD/ARGOJ8_IA/install/j8_xacro_model/share/j8_xacro_model//meshes/Bridge_panel_2.STL
[23.925s] -- Symlinking: /home/rhobtor/PHD/ARGOJ8_IA/install/j8_xacro_model/share/j8_xacro_model//meshes/Bridge_panel_3.STL
[23.927s] -- Symlinking: /home/rhobtor/PHD/ARGOJ8_IA/install/j8_xacro_model/share/j8_xacro_model//meshes/Bridge_panel_4.STL
[23.929s] -- Symlinking: /home/rhobtor/PHD/ARGOJ8_IA/install/j8_xacro_model/share/j8_xacro_model//meshes/Central_fixposition_feet.STL
[23.931s] -- Symlinking: /home/rhobtor/PHD/ARGOJ8_IA/install/j8_xacro_model/share/j8_xacro_model//meshes/Central_fixposition_holder.STL
[23.933s] -- Symlinking: /home/rhobtor/PHD/ARGOJ8_IA/install/j8_xacro_model/share/j8_xacro_model//meshes/Fix_position_left_antenna.STL
[23.936s] -- Symlinking: /home/rhobtor/PHD/ARGOJ8_IA/install/j8_xacro_model/share/j8_xacro_model//meshes/Fix_position_metal_frame.STL
[23.938s] -- Symlinking: /home/rhobtor/PHD/ARGOJ8_IA/install/j8_xacro_model/share/j8_xacro_model//meshes/Fixposion_base.STL
[23.941s] -- Symlinking: /home/rhobtor/PHD/ARGOJ8_IA/install/j8_xacro_model/share/j8_xacro_model//meshes/Fixposition_camera.STL
[23.943s] -- Symlinking: /home/rhobtor/PHD/ARGOJ8_IA/install/j8_xacro_model/share/j8_xacro_model//meshes/Fixposition_lower_case.STL
[23.945s] -- Symlinking: /home/rhobtor/PHD/ARGOJ8_IA/install/j8_xacro_model/share/j8_xacro_model//meshes/Fixposition_right_antenna.STL
[23.948s] -- Symlinking: /home/rhobtor/PHD/ARGOJ8_IA/install/j8_xacro_model/share/j8_xacro_model//meshes/Fixposition_upper_case.STL
[23.951s] -- Symlinking: /home/rhobtor/PHD/ARGOJ8_IA/install/j8_xacro_model/share/j8_xacro_model//meshes/Front_camera.STL
[23.953s] -- Symlinking: /home/rhobtor/PHD/ARGOJ8_IA/install/j8_xacro_model/share/j8_xacro_model//meshes/J8_top.STL
[23.956s] -- Symlinking: /home/rhobtor/PHD/ARGOJ8_IA/install/j8_xacro_model/share/j8_xacro_model//meshes/Left_bar.STL
[23.959s] -- Symlinking: /home/rhobtor/PHD/ARGOJ8_IA/install/j8_xacro_model/share/j8_xacro_model//meshes/Left_fixposition_feet.STL
[23.961s] -- Symlinking: /home/rhobtor/PHD/ARGOJ8_IA/install/j8_xacro_model/share/j8_xacro_model//meshes/Left_fixposition_holder.STL
[23.964s] -- Symlinking: /home/rhobtor/PHD/ARGOJ8_IA/install/j8_xacro_model/share/j8_xacro_model//meshes/Left_gps.STL
[23.966s] -- Symlinking: /home/rhobtor/PHD/ARGOJ8_IA/install/j8_xacro_model/share/j8_xacro_model//meshes/Left_gps_holder.STL
[23.969s] -- Symlinking: /home/rhobtor/PHD/ARGOJ8_IA/install/j8_xacro_model/share/j8_xacro_model//meshes/Right_bar.STL
[23.971s] -- Symlinking: /home/rhobtor/PHD/ARGOJ8_IA/install/j8_xacro_model/share/j8_xacro_model//meshes/Right_fixposition_feet.STL
[23.973s] -- Symlinking: /home/rhobtor/PHD/ARGOJ8_IA/install/j8_xacro_model/share/j8_xacro_model//meshes/Right_fixposition_holder.STL
[23.976s] -- Symlinking: /home/rhobtor/PHD/ARGOJ8_IA/install/j8_xacro_model/share/j8_xacro_model//meshes/Right_gps.STL
[23.978s] -- Symlinking: /home/rhobtor/PHD/ARGOJ8_IA/install/j8_xacro_model/share/j8_xacro_model//meshes/Right_gps_holder.STL
[23.981s] -- Symlinking: /home/rhobtor/PHD/ARGOJ8_IA/install/j8_xacro_model/share/j8_xacro_model//meshes/Sick.STL
[23.983s] -- Symlinking: /home/rhobtor/PHD/ARGOJ8_IA/install/j8_xacro_model/share/j8_xacro_model//meshes/Suspension_1.STL
[23.986s] -- Symlinking: /home/rhobtor/PHD/ARGOJ8_IA/install/j8_xacro_model/share/j8_xacro_model//meshes/Suspension_2.STL
[23.988s] -- Symlinking: /home/rhobtor/PHD/ARGOJ8_IA/install/j8_xacro_model/share/j8_xacro_model//meshes/Suspension_3.STL
[23.990s] -- Symlinking: /home/rhobtor/PHD/ARGOJ8_IA/install/j8_xacro_model/share/j8_xacro_model//meshes/Suspension_4.STL
[23.993s] -- Symlinking: /home/rhobtor/PHD/ARGOJ8_IA/install/j8_xacro_model/share/j8_xacro_model//meshes/Suspension_5.STL
[23.996s] -- Symlinking: /home/rhobtor/PHD/ARGOJ8_IA/install/j8_xacro_model/share/j8_xacro_model//meshes/Suspension_6.STL
[23.999s] -- Symlinking: /home/rhobtor/PHD/ARGOJ8_IA/install/j8_xacro_model/share/j8_xacro_model//meshes/Suspension_7.STL
[24.001s] -- Symlinking: /home/rhobtor/PHD/ARGOJ8_IA/install/j8_xacro_model/share/j8_xacro_model//meshes/Suspension_8.STL
[24.003s] -- Symlinking: /home/rhobtor/PHD/ARGOJ8_IA/install/j8_xacro_model/share/j8_xacro_model//meshes/Velodyne.STL
[24.005s] -- Symlinking: /home/rhobtor/PHD/ARGOJ8_IA/install/j8_xacro_model/share/j8_xacro_model//meshes/Wheel1.STL
[24.007s] -- Symlinking: /home/rhobtor/PHD/ARGOJ8_IA/install/j8_xacro_model/share/j8_xacro_model//meshes/Wheel2.STL
[24.009s] -- Symlinking: /home/rhobtor/PHD/ARGOJ8_IA/install/j8_xacro_model/share/j8_xacro_model//meshes/Wheel3.STL
[24.011s] -- Symlinking: /home/rhobtor/PHD/ARGOJ8_IA/install/j8_xacro_model/share/j8_xacro_model//meshes/Wheel4.STL
[24.014s] -- Symlinking: /home/rhobtor/PHD/ARGOJ8_IA/install/j8_xacro_model/share/j8_xacro_model//meshes/Wheel5.STL
[24.017s] -- Symlinking: /home/rhobtor/PHD/ARGOJ8_IA/install/j8_xacro_model/share/j8_xacro_model//meshes/Wheel6.STL
[24.019s] -- Symlinking: /home/rhobtor/PHD/ARGOJ8_IA/install/j8_xacro_model/share/j8_xacro_model//meshes/Wheel7.STL
[24.021s] -- Symlinking: /home/rhobtor/PHD/ARGOJ8_IA/install/j8_xacro_model/share/j8_xacro_model//meshes/Wheel8.STL
[24.023s] -- Symlinking: /home/rhobtor/PHD/ARGOJ8_IA/install/j8_xacro_model/share/j8_xacro_model//meshes/Wheel_1.STL
[24.026s] -- Symlinking: /home/rhobtor/PHD/ARGOJ8_IA/install/j8_xacro_model/share/j8_xacro_model//meshes/Wheel_2.STL
[24.027s] -- Symlinking: /home/rhobtor/PHD/ARGOJ8_IA/install/j8_xacro_model/share/j8_xacro_model//meshes/Wheel_3.STL
[24.030s] -- Symlinking: /home/rhobtor/PHD/ARGOJ8_IA/install/j8_xacro_model/share/j8_xacro_model//meshes/Wheel_4.STL
[24.033s] -- Symlinking: /home/rhobtor/PHD/ARGOJ8_IA/install/j8_xacro_model/share/j8_xacro_model//meshes/Wheel_5.STL
[24.035s] -- Symlinking: /home/rhobtor/PHD/ARGOJ8_IA/install/j8_xacro_model/share/j8_xacro_model//meshes/Wheel_6.STL
[24.038s] -- Symlinking: /home/rhobtor/PHD/ARGOJ8_IA/install/j8_xacro_model/share/j8_xacro_model//meshes/Wheel_7.STL
[24.039s] -- Symlinking: /home/rhobtor/PHD/ARGOJ8_IA/install/j8_xacro_model/share/j8_xacro_model//meshes/Wheel_8.STL
[24.042s] -- Symlinking: /home/rhobtor/PHD/ARGOJ8_IA/install/j8_xacro_model/share/j8_xacro_model//meshes/base_link.STL
[24.045s] -- Symlinking: /home/rhobtor/PHD/ARGOJ8_IA/install/j8_xacro_model/share/ament_index/resource_index/package_run_dependencies/j8_xacro_model
[24.047s] -- Symlinking: /home/rhobtor/PHD/ARGOJ8_IA/install/j8_xacro_model/share/ament_index/resource_index/parent_prefix_path/j8_xacro_model
[24.049s] -- Symlinking: /home/rhobtor/PHD/ARGOJ8_IA/install/j8_xacro_model/share/j8_xacro_model/environment/ament_prefix_path.sh
[24.052s] -- Symlinking: /home/rhobtor/PHD/ARGOJ8_IA/install/j8_xacro_model/share/j8_xacro_model/environment/ament_prefix_path.dsv
[24.055s] -- Symlinking: /home/rhobtor/PHD/ARGOJ8_IA/install/j8_xacro_model/share/j8_xacro_model/environment/path.sh
[24.057s] -- Symlinking: /home/rhobtor/PHD/ARGOJ8_IA/install/j8_xacro_model/share/j8_xacro_model/environment/path.dsv
[24.060s] -- Symlinking: /home/rhobtor/PHD/ARGOJ8_IA/install/j8_xacro_model/share/j8_xacro_model/local_setup.bash
[24.062s] -- Symlinking: /home/rhobtor/PHD/ARGOJ8_IA/install/j8_xacro_model/share/j8_xacro_model/local_setup.sh
[24.065s] -- Symlinking: /home/rhobtor/PHD/ARGOJ8_IA/install/j8_xacro_model/share/j8_xacro_model/local_setup.zsh
[24.067s] -- Symlinking: /home/rhobtor/PHD/ARGOJ8_IA/install/j8_xacro_model/share/j8_xacro_model/local_setup.dsv
[24.069s] -- Symlinking: /home/rhobtor/PHD/ARGOJ8_IA/install/j8_xacro_model/share/j8_xacro_model/package.dsv
[24.072s] -- Symlinking: /home/rhobtor/PHD/ARGOJ8_IA/install/j8_xacro_model/share/ament_index/resource_index/packages/j8_xacro_model
[24.074s] -- Symlinking: /home/rhobtor/PHD/ARGOJ8_IA/install/j8_xacro_model/share/j8_xacro_model/cmake/ament_cmake_export_libraries-extras.cmake
[24.076s] -- Symlinking: /home/rhobtor/PHD/ARGOJ8_IA/install/j8_xacro_model/share/j8_xacro_model/cmake/j8_xacro_modelConfig.cmake
[24.079s] -- Symlinking: /home/rhobtor/PHD/ARGOJ8_IA/install/j8_xacro_model/share/j8_xacro_model/cmake/j8_xacro_modelConfig-version.cmake
[24.081s] -- Symlinking: /home/rhobtor/PHD/ARGOJ8_IA/install/j8_xacro_model/share/j8_xacro_model/package.xml
[24.085s] Invoked command in '/home/rhobtor/PHD/ARGOJ8_IA/build/j8_xacro_model' returned '0': CMAKE_PREFIX_PATH=/home/rhobtor/PHD/ARGOJ8_IA/install/argj801_ctl_platform:/home/rhobtor/PHD/ARGOJ8_IA/install/argj801_ctl_platform_interfaces:/home/rhobtor/PHD/ARGOJ8_IA/install/octomap_mapping:/home/rhobtor/PHD/ARGOJ8_IA/install/octomap_server:/home/rhobtor/PHD/ARGOJ8_IA/install/octomap_rviz_plugins:/home/rhobtor/PHD/ARGOJ8_IA/install/j8_xacro_model:/home/rhobtor/PHD/ARGOJ8_IA/install/hector_gazebo_plugins:/home/rhobtor/PHD/ARGOJ8_IA/install/fixposition_sensor_pkg:/home/rhobtor/PHD/ARGOJ8_IA/install/car_cpp:/home/rhobtor/PHD/ARGOJ8_IA/install/car_interfaces:/home/rhobtor/packages/install/grid_map:/home/rhobtor/packages/install/grid_map_demos:/home/rhobtor/packages/install/grid_map_visualization:/home/rhobtor/packages/install/grid_map_sdf:/home/rhobtor/packages/install/grid_map_rviz_plugin:/home/rhobtor/packages/install/grid_map_pcl:/home/rhobtor/packages/install/grid_map_loader:/home/rhobtor/packages/install/grid_map_filters:/home/rhobtor/packages/install/grid_map_ros:/home/rhobtor/packages/install/grid_map_octomap:/home/rhobtor/packages/install/grid_map_msgs:/home/rhobtor/packages/install/grid_map_cv:/home/rhobtor/packages/install/grid_map_costmap_2d:/home/rhobtor/packages/install/grid_map_core:/home/rhobtor/packages/install/grid_map_cmake_helpers:/home/rhobtor/PHD/reactive/Reactive-Navegation/workspace_full_conected/install/octomap_mapping:/home/rhobtor/PHD/reactive/Reactive-Navegation/workspace_full_conected/install/octomap_server:/home/rhobtor/PHD/reactive/Reactive-Navegation/workspace_full_conected/install/octomap_rviz_plugins:/home/rhobtor/PHD/reactive/Reactive-Navegation/workspace_full_conected/install/hector_gazebo_plugins:/home/rhobtor/PHD/reactive/Reactive-Navegation/workspace_full_conected/install/car_cpp:/home/rhobtor/PHD/reactive/Reactive-Navegation/workspace_full_conected/install/car_interfaces:/home/rhobtor/PHD/ARGOJ8_IA/install/car:/home/rhobtor/PHD/reactive/Reactive-Navegation/workspace_full_conected/install/car:/opt/ros/humble LD_LIBRARY_PATH=/home/rhobtor/PHD/ARGOJ8_IA/install/argj801_ctl_platform_interfaces/lib:/home/rhobtor/PHD/ARGOJ8_IA/install/octomap_server/lib:/home/rhobtor/PHD/ARGOJ8_IA/install/octomap_rviz_plugins/lib:/home/rhobtor/PHD/ARGOJ8_IA/install/j8_xacro_model/lib:/home/rhobtor/PHD/ARGOJ8_IA/install/hector_gazebo_plugins/lib:/home/rhobtor/PHD/ARGOJ8_IA/install/fixposition_sensor_pkg/lib:/home/rhobtor/PHD/ARGOJ8_IA/install/car_cpp/lib:/home/rhobtor/PHD/ARGOJ8_IA/install/car_interfaces/lib:/home/rhobtor/packages/install/grid_map_demos/lib:/home/rhobtor/packages/install/grid_map_visualization/lib:/home/rhobtor/packages/install/grid_map_sdf/lib:/home/rhobtor/packages/install/grid_map_rviz_plugin/lib:/home/rhobtor/packages/install/grid_map_pcl/lib:/home/rhobtor/packages/install/grid_map_loader/lib:/home/rhobtor/packages/install/grid_map_filters/lib:/home/rhobtor/packages/install/grid_map_ros/lib:/home/rhobtor/packages/install/grid_map_octomap/lib:/home/rhobtor/packages/install/grid_map_msgs/lib:/home/rhobtor/packages/install/grid_map_cv/lib:/home/rhobtor/packages/install/grid_map_costmap_2d/lib:/home/rhobtor/packages/install/grid_map_core/lib:/home/rhobtor/PHD/reactive/Reactive-Navegation/workspace_full_conected/install/octomap_server/lib:/home/rhobtor/PHD/reactive/Reactive-Navegation/workspace_full_conected/install/octomap_rviz_plugins/lib:/home/rhobtor/PHD/reactive/Reactive-Navegation/workspace_full_conected/install/hector_gazebo_plugins/lib:/home/rhobtor/PHD/reactive/Reactive-Navegation/workspace_full_conected/install/car_cpp/lib:/home/rhobtor/PHD/reactive/Reactive-Navegation/workspace_full_conected/install/car_interfaces/lib:/usr/lib/x86_64-linux-gnu/gazebo-11/plugins:/opt/ros/humble/opt/rviz_ogre_vendor/lib:/opt/ros/humble/lib/x86_64-linux-gnu:/opt/ros/humble/lib /opt/st/stm32cubeclt_1.18.0/CMake/bin/cmake --install /home/rhobtor/PHD/ARGOJ8_IA/build/j8_xacro_model
