[0.224s] Invoking command in '/home/rhobtor/PHD/ARGOJ8_IA/build/fixposition_driver_lib': CMAKE_PREFIX_PATH=/home/rhobtor/PHD/ARGOJ8_IA/install/fixposition_gnss_tf:/home/rhobtor/PHD/reactive/Reactive-Navegation/workspace_full_conected/install/octomap_mapping:/home/rhobtor/PHD/reactive/Reactive-Navegation/workspace_full_conected/install/octomap_server:/home/rhobtor/PHD/reactive/Reactive-Navegation/workspace_full_conected/install/octomap_rviz_plugins:/home/rhobtor/PHD/reactive/Reactive-Navegation/workspace_full_conected/install/hector_gazebo_plugins:/home/rhobtor/PHD/reactive/Reactive-Navegation/workspace_full_conected/install/car_cpp:/home/rhobtor/PHD/reactive/Reactive-Navegation/workspace_full_conected/install/car_interfaces:/home/rhobtor/PHD/reactive/Reactive-Navegation/workspace_full_conected/install/car:/opt/ros/humble LD_LIBRARY_PATH=/home/rhobtor/PHD/ARGOJ8_IA/install/fixposition_gnss_tf/lib:${LD_LIBRARY_PATH} PKG_CONFIG_PATH=/home/rhobtor/PHD/ARGOJ8_IA/install/fixposition_gnss_tf/lib/x86_64-linux-gnu/pkgconfig:/home/rhobtor/PHD/ARGOJ8_IA/install/fixposition_gnss_tf/lib/pkgconfig /opt/st/stm32cubeclt_1.18.0/CMake/bin/cmake --build /home/rhobtor/PHD/ARGOJ8_IA/build/fixposition_driver_lib -- -j16 -l16
[0.445s] [100%] Built target fixposition_driver_lib
[0.814s] Invoked command in '/home/rhobtor/PHD/ARGOJ8_IA/build/fixposition_driver_lib' returned '0': CMAKE_PREFIX_PATH=/home/rhobtor/PHD/ARGOJ8_IA/install/fixposition_gnss_tf:/home/rhobtor/PHD/reactive/Reactive-Navegation/workspace_full_conected/install/octomap_mapping:/home/rhobtor/PHD/reactive/Reactive-Navegation/workspace_full_conected/install/octomap_server:/home/rhobtor/PHD/reactive/Reactive-Navegation/workspace_full_conected/install/octomap_rviz_plugins:/home/rhobtor/PHD/reactive/Reactive-Navegation/workspace_full_conected/install/hector_gazebo_plugins:/home/rhobtor/PHD/reactive/Reactive-Navegation/workspace_full_conected/install/car_cpp:/home/rhobtor/PHD/reactive/Reactive-Navegation/workspace_full_conected/install/car_interfaces:/home/rhobtor/PHD/reactive/Reactive-Navegation/workspace_full_conected/install/car:/opt/ros/humble LD_LIBRARY_PATH=/home/rhobtor/PHD/ARGOJ8_IA/install/fixposition_gnss_tf/lib:${LD_LIBRARY_PATH} PKG_CONFIG_PATH=/home/rhobtor/PHD/ARGOJ8_IA/install/fixposition_gnss_tf/lib/x86_64-linux-gnu/pkgconfig:/home/rhobtor/PHD/ARGOJ8_IA/install/fixposition_gnss_tf/lib/pkgconfig /opt/st/stm32cubeclt_1.18.0/CMake/bin/cmake --build /home/rhobtor/PHD/ARGOJ8_IA/build/fixposition_driver_lib -- -j16 -l16
[0.822s] Invoking command in '/home/rhobtor/PHD/ARGOJ8_IA/build/fixposition_driver_lib': CMAKE_PREFIX_PATH=/home/rhobtor/PHD/ARGOJ8_IA/install/fixposition_gnss_tf:/home/rhobtor/PHD/reactive/Reactive-Navegation/workspace_full_conected/install/octomap_mapping:/home/rhobtor/PHD/reactive/Reactive-Navegation/workspace_full_conected/install/octomap_server:/home/rhobtor/PHD/reactive/Reactive-Navegation/workspace_full_conected/install/octomap_rviz_plugins:/home/rhobtor/PHD/reactive/Reactive-Navegation/workspace_full_conected/install/hector_gazebo_plugins:/home/rhobtor/PHD/reactive/Reactive-Navegation/workspace_full_conected/install/car_cpp:/home/rhobtor/PHD/reactive/Reactive-Navegation/workspace_full_conected/install/car_interfaces:/home/rhobtor/PHD/reactive/Reactive-Navegation/workspace_full_conected/install/car:/opt/ros/humble LD_LIBRARY_PATH=/home/rhobtor/PHD/ARGOJ8_IA/install/fixposition_gnss_tf/lib:${LD_LIBRARY_PATH} PKG_CONFIG_PATH=/home/rhobtor/PHD/ARGOJ8_IA/install/fixposition_gnss_tf/lib/x86_64-linux-gnu/pkgconfig:/home/rhobtor/PHD/ARGOJ8_IA/install/fixposition_gnss_tf/lib/pkgconfig /opt/st/stm32cubeclt_1.18.0/CMake/bin/cmake --install /home/rhobtor/PHD/ARGOJ8_IA/build/fixposition_driver_lib
[0.857s] -- Install configuration: "Release"
[0.857s] -- Up-to-date: /home/rhobtor/PHD/ARGOJ8_IA/install/fixposition_driver_lib/./include
[0.857s] -- Up-to-date: /home/rhobtor/PHD/ARGOJ8_IA/install/fixposition_driver_lib/./include/fixposition_driver_lib
[0.857s] -- Up-to-date: /home/rhobtor/PHD/ARGOJ8_IA/install/fixposition_driver_lib/./include/fixposition_driver_lib/msg_data.hpp
[0.857s] -- Up-to-date: /home/rhobtor/PHD/ARGOJ8_IA/install/fixposition_driver_lib/./include/fixposition_driver_lib/params.hpp
[0.857s] -- Up-to-date: /home/rhobtor/PHD/ARGOJ8_IA/install/fixposition_driver_lib/./include/fixposition_driver_lib/parser.hpp
[0.857s] -- Up-to-date: /home/rhobtor/PHD/ARGOJ8_IA/install/fixposition_driver_lib/./include/fixposition_driver_lib/rawdmi.hpp
[0.858s] -- Up-to-date: /home/rhobtor/PHD/ARGOJ8_IA/install/fixposition_driver_lib/./include/fixposition_driver_lib/fixposition_driver.hpp
[0.858s] -- Up-to-date: /home/rhobtor/PHD/ARGOJ8_IA/install/fixposition_driver_lib/./include/fixposition_driver_lib/nov_type.hpp
[0.858s] -- Up-to-date: /home/rhobtor/PHD/ARGOJ8_IA/install/fixposition_driver_lib/./include/fixposition_driver_lib/helper.hpp
[0.858s] -- Up-to-date: /home/rhobtor/PHD/ARGOJ8_IA/install/fixposition_driver_lib/./include/fixposition_driver_lib/time_conversions.hpp
[0.858s] -- Up-to-date: /home/rhobtor/PHD/ARGOJ8_IA/install/fixposition_driver_lib/./include/fixposition_driver_lib/converter
[0.858s] -- Up-to-date: /home/rhobtor/PHD/ARGOJ8_IA/install/fixposition_driver_lib/./include/fixposition_driver_lib/converter/odometry.hpp
[0.858s] -- Up-to-date: /home/rhobtor/PHD/ARGOJ8_IA/install/fixposition_driver_lib/./include/fixposition_driver_lib/converter/imu.hpp
[0.858s] -- Up-to-date: /home/rhobtor/PHD/ARGOJ8_IA/install/fixposition_driver_lib/./include/fixposition_driver_lib/converter/tf.hpp
[0.860s] -- Up-to-date: /home/rhobtor/PHD/ARGOJ8_IA/install/fixposition_driver_lib/./include/fixposition_driver_lib/converter/llh.hpp
[0.860s] -- Up-to-date: /home/rhobtor/PHD/ARGOJ8_IA/install/fixposition_driver_lib/./include/fixposition_driver_lib/converter/base_converter.hpp
[0.860s] -- Up-to-date: /home/rhobtor/PHD/ARGOJ8_IA/install/fixposition_driver_lib/lib/libfixposition_driver_lib.so
[0.860s] -- Up-to-date: /home/rhobtor/PHD/ARGOJ8_IA/install/fixposition_driver_lib/lib/libfixposition_driver_lib.so
[0.860s] -- Up-to-date: /home/rhobtor/PHD/ARGOJ8_IA/install/fixposition_driver_lib/lib/cmake/fixposition_driver_lib/fixposition_driver_lib-targets.cmake
[0.860s] -- Up-to-date: /home/rhobtor/PHD/ARGOJ8_IA/install/fixposition_driver_lib/lib/cmake/fixposition_driver_lib/fixposition_driver_lib-targets-release.cmake
[0.860s] -- Up-to-date: /home/rhobtor/PHD/ARGOJ8_IA/install/fixposition_driver_lib/include/fixposition_driver_lib
[0.860s] -- Up-to-date: /home/rhobtor/PHD/ARGOJ8_IA/install/fixposition_driver_lib/include/fixposition_driver_lib/msg_data.hpp
[0.860s] -- Up-to-date: /home/rhobtor/PHD/ARGOJ8_IA/install/fixposition_driver_lib/include/fixposition_driver_lib/params.hpp
[0.860s] -- Up-to-date: /home/rhobtor/PHD/ARGOJ8_IA/install/fixposition_driver_lib/include/fixposition_driver_lib/parser.hpp
[0.860s] -- Up-to-date: /home/rhobtor/PHD/ARGOJ8_IA/install/fixposition_driver_lib/include/fixposition_driver_lib/rawdmi.hpp
[0.860s] -- Up-to-date: /home/rhobtor/PHD/ARGOJ8_IA/install/fixposition_driver_lib/include/fixposition_driver_lib/fixposition_driver.hpp
[0.861s] -- Up-to-date: /home/rhobtor/PHD/ARGOJ8_IA/install/fixposition_driver_lib/include/fixposition_driver_lib/nov_type.hpp
[0.861s] -- Up-to-date: /home/rhobtor/PHD/ARGOJ8_IA/install/fixposition_driver_lib/include/fixposition_driver_lib/helper.hpp
[0.861s] -- Up-to-date: /home/rhobtor/PHD/ARGOJ8_IA/install/fixposition_driver_lib/include/fixposition_driver_lib/time_conversions.hpp
[0.861s] -- Up-to-date: /home/rhobtor/PHD/ARGOJ8_IA/install/fixposition_driver_lib/include/fixposition_driver_lib/converter
[0.861s] -- Up-to-date: /home/rhobtor/PHD/ARGOJ8_IA/install/fixposition_driver_lib/include/fixposition_driver_lib/converter/odometry.hpp
[0.861s] -- Up-to-date: /home/rhobtor/PHD/ARGOJ8_IA/install/fixposition_driver_lib/include/fixposition_driver_lib/converter/imu.hpp
[0.861s] -- Up-to-date: /home/rhobtor/PHD/ARGOJ8_IA/install/fixposition_driver_lib/include/fixposition_driver_lib/converter/tf.hpp
[0.861s] -- Up-to-date: /home/rhobtor/PHD/ARGOJ8_IA/install/fixposition_driver_lib/include/fixposition_driver_lib/converter/llh.hpp
[0.861s] -- Up-to-date: /home/rhobtor/PHD/ARGOJ8_IA/install/fixposition_driver_lib/include/fixposition_driver_lib/converter/base_converter.hpp
[0.861s] -- Up-to-date: /home/rhobtor/PHD/ARGOJ8_IA/install/fixposition_driver_lib/share/fixposition_driver_lib/package.xml
[0.861s] -- Up-to-date: /home/rhobtor/PHD/ARGOJ8_IA/install/fixposition_driver_lib/lib/cmake/fixposition_driver_lib/fixposition_driver_lib-config.cmake
[0.861s] -- Up-to-date: /home/rhobtor/PHD/ARGOJ8_IA/install/fixposition_driver_lib/lib/cmake/fixposition_driver_lib/fixposition_driver_lib-config-version.cmake
[1.148s] Invoked command in '/home/rhobtor/PHD/ARGOJ8_IA/build/fixposition_driver_lib' returned '0': CMAKE_PREFIX_PATH=/home/rhobtor/PHD/ARGOJ8_IA/install/fixposition_gnss_tf:/home/rhobtor/PHD/reactive/Reactive-Navegation/workspace_full_conected/install/octomap_mapping:/home/rhobtor/PHD/reactive/Reactive-Navegation/workspace_full_conected/install/octomap_server:/home/rhobtor/PHD/reactive/Reactive-Navegation/workspace_full_conected/install/octomap_rviz_plugins:/home/rhobtor/PHD/reactive/Reactive-Navegation/workspace_full_conected/install/hector_gazebo_plugins:/home/rhobtor/PHD/reactive/Reactive-Navegation/workspace_full_conected/install/car_cpp:/home/rhobtor/PHD/reactive/Reactive-Navegation/workspace_full_conected/install/car_interfaces:/home/rhobtor/PHD/reactive/Reactive-Navegation/workspace_full_conected/install/car:/opt/ros/humble LD_LIBRARY_PATH=/home/rhobtor/PHD/ARGOJ8_IA/install/fixposition_gnss_tf/lib:${LD_LIBRARY_PATH} PKG_CONFIG_PATH=/home/rhobtor/PHD/ARGOJ8_IA/install/fixposition_gnss_tf/lib/x86_64-linux-gnu/pkgconfig:/home/rhobtor/PHD/ARGOJ8_IA/install/fixposition_gnss_tf/lib/pkgconfig /opt/st/stm32cubeclt_1.18.0/CMake/bin/cmake --install /home/rhobtor/PHD/ARGOJ8_IA/build/fixposition_driver_lib
