[0.030s] Invoking command in '/home/rhobtor/PHD/ARGOJ8_IA/build/hector_gazebo_plugins': CMAKE_PREFIX_PATH=${CMAKE_PREFIX_PATH}:/home/rhobtor/PHD/ARGOJ8_IA/install/car:/home/rhobtor/PHD/reactive/Reactive-Navegation/workspace_full_conected/install/car:/opt/ros/humble /opt/st/stm32cubeclt_1.18.0/CMake/bin/cmake --build /home/rhobtor/PHD/ARGOJ8_IA/build/hector_gazebo_plugins -- -j16 -l16
[0.079s] [  2%] Built target hector_gazebo_plugins__cpp
[0.088s] [  2%] Built target ament_cmake_python_symlink_hector_gazebo_plugins
[0.096s] [ 10%] Built target hector_gazebo_plugins__rosidl_generator_c
[0.109s] [ 18%] Built target hector_gazebo_plugins__rosidl_typesupport_cpp
[0.137s] [ 26%] Built target hector_gazebo_plugins__rosidl_typesupport_fastrtps_cpp
[0.143s] [ 30%] Built target hector_gazebo_ros_magnetic
[0.148s] [ 34%] Built target hector_gazebo_ros_sonar
[0.149s] [ 42%] Built target hector_gazebo_plugins__rosidl_typesupport_introspection_cpp
[0.156s] [ 46%] Built target hector_gazebo_reset_plugin
[0.156s] [ 55%] Built target hector_gazebo_plugins__rosidl_typesupport_introspection_c
[0.156s] [ 63%] Built target hector_gazebo_plugins__rosidl_typesupport_fastrtps_c
[0.164s] [ 71%] Built target hector_gazebo_plugins__rosidl_typesupport_c
[0.186s] [ 71%] Built target hector_gazebo_plugins
[0.188s] [ 75%] Built target hector_gazebo_ros_gps
[0.192s] [ 79%] Built target hector_gazebo_ros_imu
[0.230s] [ 81%] Built target hector_gazebo_plugins__py
[0.233s] [ 87%] Built target hector_gazebo_plugins__rosidl_generator_py
[0.256s] [ 91%] Built target hector_gazebo_plugins__rosidl_typesupport_introspection_c__pyext
[0.256s] [ 95%] Built target hector_gazebo_plugins__rosidl_typesupport_fastrtps_c__pyext
[0.257s] [100%] Built target hector_gazebo_plugins__rosidl_typesupport_c__pyext
[0.809s] running egg_info
[0.810s] writing hector_gazebo_plugins.egg-info/PKG-INFO
[0.810s] writing dependency_links to hector_gazebo_plugins.egg-info/dependency_links.txt
[0.810s] writing top-level names to hector_gazebo_plugins.egg-info/top_level.txt
[0.813s] reading manifest file 'hector_gazebo_plugins.egg-info/SOURCES.txt'
[0.814s] writing manifest file 'hector_gazebo_plugins.egg-info/SOURCES.txt'
[0.837s] [100%] Built target ament_cmake_python_build_hector_gazebo_plugins_egg
[2.488s] Invoked command in '/home/rhobtor/PHD/ARGOJ8_IA/build/hector_gazebo_plugins' returned '0': CMAKE_PREFIX_PATH=${CMAKE_PREFIX_PATH}:/home/rhobtor/PHD/ARGOJ8_IA/install/car:/home/rhobtor/PHD/reactive/Reactive-Navegation/workspace_full_conected/install/car:/opt/ros/humble /opt/st/stm32cubeclt_1.18.0/CMake/bin/cmake --build /home/rhobtor/PHD/ARGOJ8_IA/build/hector_gazebo_plugins -- -j16 -l16
[2.490s] Invoking command in '/home/rhobtor/PHD/ARGOJ8_IA/build/hector_gazebo_plugins': CMAKE_PREFIX_PATH=${CMAKE_PREFIX_PATH}:/home/rhobtor/PHD/ARGOJ8_IA/install/car:/home/rhobtor/PHD/reactive/Reactive-Navegation/workspace_full_conected/install/car:/opt/ros/humble /opt/st/stm32cubeclt_1.18.0/CMake/bin/cmake --install /home/rhobtor/PHD/ARGOJ8_IA/build/hector_gazebo_plugins
[2.497s] -- Install configuration: ""
[2.497s] -- Execute custom install script
[2.497s] -- Up-to-date symlink: /home/rhobtor/PHD/ARGOJ8_IA/install/hector_gazebo_plugins/share/ament_index/resource_index/rosidl_interfaces/hector_gazebo_plugins
[2.497s] -- Up-to-date symlink: /home/rhobtor/PHD/ARGOJ8_IA/install/hector_gazebo_plugins/include/hector_gazebo_plugins/hector_gazebo_plugins/msg/rosidl_generator_c__visibility_control.h
[2.497s] -- Up-to-date symlink: /home/rhobtor/PHD/ARGOJ8_IA/install/hector_gazebo_plugins/include/hector_gazebo_plugins/hector_gazebo_plugins/srv/detail/set_bias__functions.h
[2.497s] -- Up-to-date symlink: /home/rhobtor/PHD/ARGOJ8_IA/install/hector_gazebo_plugins/include/hector_gazebo_plugins/hector_gazebo_plugins/srv/detail/set_bias__struct.h
[2.498s] -- Up-to-date symlink: /home/rhobtor/PHD/ARGOJ8_IA/install/hector_gazebo_plugins/include/hector_gazebo_plugins/hector_gazebo_plugins/srv/detail/set_bias__type_support.h
[2.498s] -- Up-to-date symlink: /home/rhobtor/PHD/ARGOJ8_IA/install/hector_gazebo_plugins/include/hector_gazebo_plugins/hector_gazebo_plugins/srv/detail/set_reference_geo_pose__functions.h
[2.498s] -- Up-to-date symlink: /home/rhobtor/PHD/ARGOJ8_IA/install/hector_gazebo_plugins/include/hector_gazebo_plugins/hector_gazebo_plugins/srv/detail/set_reference_geo_pose__struct.h
[2.498s] -- Up-to-date symlink: /home/rhobtor/PHD/ARGOJ8_IA/install/hector_gazebo_plugins/include/hector_gazebo_plugins/hector_gazebo_plugins/srv/detail/set_reference_geo_pose__type_support.h
[2.498s] -- Up-to-date symlink: /home/rhobtor/PHD/ARGOJ8_IA/install/hector_gazebo_plugins/include/hector_gazebo_plugins/hector_gazebo_plugins/srv/set_bias.h
[2.498s] -- Up-to-date symlink: /home/rhobtor/PHD/ARGOJ8_IA/install/hector_gazebo_plugins/include/hector_gazebo_plugins/hector_gazebo_plugins/srv/set_reference_geo_pose.h
[2.501s] -- Up-to-date symlink: /home/rhobtor/PHD/ARGOJ8_IA/install/hector_gazebo_plugins/share/hector_gazebo_plugins/environment/library_path.sh
[2.501s] -- Up-to-date symlink: /home/rhobtor/PHD/ARGOJ8_IA/install/hector_gazebo_plugins/share/hector_gazebo_plugins/environment/library_path.dsv
[2.501s] -- Up-to-date symlink: /home/rhobtor/PHD/ARGOJ8_IA/install/hector_gazebo_plugins/include/hector_gazebo_plugins/hector_gazebo_plugins/msg/rosidl_typesupport_fastrtps_c__visibility_control.h
[2.501s] -- Up-to-date symlink: /home/rhobtor/PHD/ARGOJ8_IA/install/hector_gazebo_plugins/include/hector_gazebo_plugins/hector_gazebo_plugins/srv/detail/set_bias__rosidl_typesupport_fastrtps_c.h
[2.502s] -- Up-to-date symlink: /home/rhobtor/PHD/ARGOJ8_IA/install/hector_gazebo_plugins/include/hector_gazebo_plugins/hector_gazebo_plugins/srv/detail/set_reference_geo_pose__rosidl_typesupport_fastrtps_c.h
[2.502s] -- Up-to-date symlink: /home/rhobtor/PHD/ARGOJ8_IA/install/hector_gazebo_plugins/include/hector_gazebo_plugins/hector_gazebo_plugins/msg/rosidl_generator_cpp__visibility_control.hpp
[2.502s] -- Up-to-date symlink: /home/rhobtor/PHD/ARGOJ8_IA/install/hector_gazebo_plugins/include/hector_gazebo_plugins/hector_gazebo_plugins/srv/detail/set_bias__builder.hpp
[2.502s] -- Up-to-date symlink: /home/rhobtor/PHD/ARGOJ8_IA/install/hector_gazebo_plugins/include/hector_gazebo_plugins/hector_gazebo_plugins/srv/detail/set_bias__struct.hpp
[2.502s] -- Up-to-date symlink: /home/rhobtor/PHD/ARGOJ8_IA/install/hector_gazebo_plugins/include/hector_gazebo_plugins/hector_gazebo_plugins/srv/detail/set_bias__traits.hpp
[2.502s] -- Up-to-date symlink: /home/rhobtor/PHD/ARGOJ8_IA/install/hector_gazebo_plugins/include/hector_gazebo_plugins/hector_gazebo_plugins/srv/detail/set_bias__type_support.hpp
[2.502s] -- Up-to-date symlink: /home/rhobtor/PHD/ARGOJ8_IA/install/hector_gazebo_plugins/include/hector_gazebo_plugins/hector_gazebo_plugins/srv/detail/set_reference_geo_pose__builder.hpp
[2.502s] -- Up-to-date symlink: /home/rhobtor/PHD/ARGOJ8_IA/install/hector_gazebo_plugins/include/hector_gazebo_plugins/hector_gazebo_plugins/srv/detail/set_reference_geo_pose__struct.hpp
[2.502s] -- Up-to-date symlink: /home/rhobtor/PHD/ARGOJ8_IA/install/hector_gazebo_plugins/include/hector_gazebo_plugins/hector_gazebo_plugins/srv/detail/set_reference_geo_pose__traits.hpp
[2.502s] -- Up-to-date symlink: /home/rhobtor/PHD/ARGOJ8_IA/install/hector_gazebo_plugins/include/hector_gazebo_plugins/hector_gazebo_plugins/srv/detail/set_reference_geo_pose__type_support.hpp
[2.502s] -- Up-to-date symlink: /home/rhobtor/PHD/ARGOJ8_IA/install/hector_gazebo_plugins/include/hector_gazebo_plugins/hector_gazebo_plugins/srv/set_bias.hpp
[2.502s] -- Up-to-date symlink: /home/rhobtor/PHD/ARGOJ8_IA/install/hector_gazebo_plugins/include/hector_gazebo_plugins/hector_gazebo_plugins/srv/set_reference_geo_pose.hpp
[2.503s] -- Up-to-date symlink: /home/rhobtor/PHD/ARGOJ8_IA/install/hector_gazebo_plugins/include/hector_gazebo_plugins/hector_gazebo_plugins/msg/rosidl_typesupport_fastrtps_cpp__visibility_control.h
[2.503s] -- Up-to-date symlink: /home/rhobtor/PHD/ARGOJ8_IA/install/hector_gazebo_plugins/include/hector_gazebo_plugins/hector_gazebo_plugins/srv/detail/set_bias__rosidl_typesupport_fastrtps_cpp.hpp
[2.503s] -- Up-to-date symlink: /home/rhobtor/PHD/ARGOJ8_IA/install/hector_gazebo_plugins/include/hector_gazebo_plugins/hector_gazebo_plugins/srv/detail/set_reference_geo_pose__rosidl_typesupport_fastrtps_cpp.hpp
[2.505s] -- Up-to-date symlink: /home/rhobtor/PHD/ARGOJ8_IA/install/hector_gazebo_plugins/include/hector_gazebo_plugins/hector_gazebo_plugins/msg/rosidl_typesupport_introspection_c__visibility_control.h
[2.506s] -- Up-to-date symlink: /home/rhobtor/PHD/ARGOJ8_IA/install/hector_gazebo_plugins/include/hector_gazebo_plugins/hector_gazebo_plugins/srv/detail/set_bias__rosidl_typesupport_introspection_c.h
[2.506s] -- Up-to-date symlink: /home/rhobtor/PHD/ARGOJ8_IA/install/hector_gazebo_plugins/include/hector_gazebo_plugins/hector_gazebo_plugins/srv/detail/set_reference_geo_pose__rosidl_typesupport_introspection_c.h
[2.506s] -- Up-to-date symlink: /home/rhobtor/PHD/ARGOJ8_IA/install/hector_gazebo_plugins/include/hector_gazebo_plugins/hector_gazebo_plugins/srv/detail/set_bias__rosidl_typesupport_introspection_cpp.hpp
[2.506s] -- Up-to-date symlink: /home/rhobtor/PHD/ARGOJ8_IA/install/hector_gazebo_plugins/include/hector_gazebo_plugins/hector_gazebo_plugins/srv/detail/set_reference_geo_pose__rosidl_typesupport_introspection_cpp.hpp
[2.506s] -- Up-to-date symlink: /home/rhobtor/PHD/ARGOJ8_IA/install/hector_gazebo_plugins/share/hector_gazebo_plugins/environment/pythonpath.sh
[2.506s] -- Up-to-date symlink: /home/rhobtor/PHD/ARGOJ8_IA/install/hector_gazebo_plugins/share/hector_gazebo_plugins/environment/pythonpath.dsv
[2.506s] -- Up-to-date symlink: /home/rhobtor/PHD/ARGOJ8_IA/install/hector_gazebo_plugins/local/lib/python3.10/dist-packages/hector_gazebo_plugins-0.5.4-py3.10.egg-info/PKG-INFO
[2.506s] -- Up-to-date symlink: /home/rhobtor/PHD/ARGOJ8_IA/install/hector_gazebo_plugins/local/lib/python3.10/dist-packages/hector_gazebo_plugins-0.5.4-py3.10.egg-info/SOURCES.txt
[2.506s] -- Up-to-date symlink: /home/rhobtor/PHD/ARGOJ8_IA/install/hector_gazebo_plugins/local/lib/python3.10/dist-packages/hector_gazebo_plugins-0.5.4-py3.10.egg-info/dependency_links.txt
[2.506s] -- Up-to-date symlink: /home/rhobtor/PHD/ARGOJ8_IA/install/hector_gazebo_plugins/local/lib/python3.10/dist-packages/hector_gazebo_plugins-0.5.4-py3.10.egg-info/top_level.txt
[2.507s] -- Up-to-date symlink: /home/rhobtor/PHD/ARGOJ8_IA/install/hector_gazebo_plugins/local/lib/python3.10/dist-packages/hector_gazebo_plugins/__init__.py
[2.508s] -- Up-to-date symlink: /home/rhobtor/PHD/ARGOJ8_IA/install/hector_gazebo_plugins/local/lib/python3.10/dist-packages/hector_gazebo_plugins/_hector_gazebo_plugins_s.ep.rosidl_typesupport_c.c
[2.508s] -- Up-to-date symlink: /home/rhobtor/PHD/ARGOJ8_IA/install/hector_gazebo_plugins/local/lib/python3.10/dist-packages/hector_gazebo_plugins/_hector_gazebo_plugins_s.ep.rosidl_typesupport_fastrtps_c.c
[2.508s] -- Up-to-date symlink: /home/rhobtor/PHD/ARGOJ8_IA/install/hector_gazebo_plugins/local/lib/python3.10/dist-packages/hector_gazebo_plugins/_hector_gazebo_plugins_s.ep.rosidl_typesupport_introspection_c.c
[2.508s] -- Up-to-date symlink: /home/rhobtor/PHD/ARGOJ8_IA/install/hector_gazebo_plugins/local/lib/python3.10/dist-packages/hector_gazebo_plugins/hector_gazebo_plugins_s__rosidl_typesupport_c.cpython-310-x86_64-linux-gnu.so
[2.508s] -- Up-to-date symlink: /home/rhobtor/PHD/ARGOJ8_IA/install/hector_gazebo_plugins/local/lib/python3.10/dist-packages/hector_gazebo_plugins/hector_gazebo_plugins_s__rosidl_typesupport_fastrtps_c.cpython-310-x86_64-linux-gnu.so
[2.508s] -- Up-to-date symlink: /home/rhobtor/PHD/ARGOJ8_IA/install/hector_gazebo_plugins/local/lib/python3.10/dist-packages/hector_gazebo_plugins/hector_gazebo_plugins_s__rosidl_typesupport_introspection_c.cpython-310-x86_64-linux-gnu.so
[2.508s] -- Up-to-date symlink: /home/rhobtor/PHD/ARGOJ8_IA/install/hector_gazebo_plugins/local/lib/python3.10/dist-packages/hector_gazebo_plugins/libhector_gazebo_plugins__rosidl_generator_py.so
[2.509s] -- Up-to-date symlink: /home/rhobtor/PHD/ARGOJ8_IA/install/hector_gazebo_plugins/local/lib/python3.10/dist-packages/hector_gazebo_plugins/srv/__init__.py
[2.509s] -- Up-to-date symlink: /home/rhobtor/PHD/ARGOJ8_IA/install/hector_gazebo_plugins/local/lib/python3.10/dist-packages/hector_gazebo_plugins/srv/_set_bias.py
[2.509s] -- Up-to-date symlink: /home/rhobtor/PHD/ARGOJ8_IA/install/hector_gazebo_plugins/local/lib/python3.10/dist-packages/hector_gazebo_plugins/srv/_set_bias_s.c
[2.509s] -- Up-to-date symlink: /home/rhobtor/PHD/ARGOJ8_IA/install/hector_gazebo_plugins/local/lib/python3.10/dist-packages/hector_gazebo_plugins/srv/_set_reference_geo_pose.py
[2.509s] -- Up-to-date symlink: /home/rhobtor/PHD/ARGOJ8_IA/install/hector_gazebo_plugins/local/lib/python3.10/dist-packages/hector_gazebo_plugins/srv/_set_reference_geo_pose_s.c
[2.509s] -- Up-to-date symlink: /home/rhobtor/PHD/ARGOJ8_IA/install/hector_gazebo_plugins/local/lib/python3.10/dist-packages/hector_gazebo_plugins/hector_gazebo_plugins_s__rosidl_typesupport_fastrtps_c.cpython-310-x86_64-linux-gnu.so
[2.510s] -- Up-to-date symlink: /home/rhobtor/PHD/ARGOJ8_IA/install/hector_gazebo_plugins/local/lib/python3.10/dist-packages/hector_gazebo_plugins/hector_gazebo_plugins_s__rosidl_typesupport_introspection_c.cpython-310-x86_64-linux-gnu.so
[2.510s] -- Up-to-date symlink: /home/rhobtor/PHD/ARGOJ8_IA/install/hector_gazebo_plugins/local/lib/python3.10/dist-packages/hector_gazebo_plugins/hector_gazebo_plugins_s__rosidl_typesupport_c.cpython-310-x86_64-linux-gnu.so
[2.510s] -- Up-to-date symlink: /home/rhobtor/PHD/ARGOJ8_IA/install/hector_gazebo_plugins/share/hector_gazebo_plugins/srv/SetBias.idl
[2.510s] -- Up-to-date symlink: /home/rhobtor/PHD/ARGOJ8_IA/install/hector_gazebo_plugins/share/hector_gazebo_plugins/srv/SetReferenceGeoPose.idl
[2.510s] -- Up-to-date symlink: /home/rhobtor/PHD/ARGOJ8_IA/install/hector_gazebo_plugins/share/hector_gazebo_plugins/srv/SetBias.srv
[2.510s] -- Up-to-date symlink: /home/rhobtor/PHD/ARGOJ8_IA/install/hector_gazebo_plugins/share/hector_gazebo_plugins/srv/SetBias_Request.msg
[2.511s] -- Up-to-date symlink: /home/rhobtor/PHD/ARGOJ8_IA/install/hector_gazebo_plugins/share/hector_gazebo_plugins/srv/SetBias_Response.msg
[2.511s] -- Up-to-date symlink: /home/rhobtor/PHD/ARGOJ8_IA/install/hector_gazebo_plugins/share/hector_gazebo_plugins/srv/SetReferenceGeoPose.srv
[2.511s] -- Up-to-date symlink: /home/rhobtor/PHD/ARGOJ8_IA/install/hector_gazebo_plugins/share/hector_gazebo_plugins/srv/SetReferenceGeoPose_Request.msg
[2.511s] -- Up-to-date symlink: /home/rhobtor/PHD/ARGOJ8_IA/install/hector_gazebo_plugins/share/hector_gazebo_plugins/srv/SetReferenceGeoPose_Response.msg
[2.511s] -- Up-to-date symlink: /home/rhobtor/PHD/ARGOJ8_IA/install/hector_gazebo_plugins/lib/libhector_gazebo_reset_plugin.so
[2.511s] -- Up-to-date symlink: /home/rhobtor/PHD/ARGOJ8_IA/install/hector_gazebo_plugins/lib/libhector_gazebo_ros_imu.so
[2.511s] -- Up-to-date symlink: /home/rhobtor/PHD/ARGOJ8_IA/install/hector_gazebo_plugins/lib/libhector_gazebo_ros_magnetic.so
[2.512s] -- Up-to-date symlink: /home/rhobtor/PHD/ARGOJ8_IA/install/hector_gazebo_plugins/lib/libhector_gazebo_ros_gps.so
[2.512s] -- Up-to-date symlink: /home/rhobtor/PHD/ARGOJ8_IA/install/hector_gazebo_plugins/lib/libhector_gazebo_ros_sonar.so
[2.512s] -- Up-to-date symlink: /home/rhobtor/PHD/ARGOJ8_IA/install/hector_gazebo_plugins/share/ament_index/resource_index/package_run_dependencies/hector_gazebo_plugins
[2.513s] -- Up-to-date symlink: /home/rhobtor/PHD/ARGOJ8_IA/install/hector_gazebo_plugins/share/ament_index/resource_index/parent_prefix_path/hector_gazebo_plugins
[2.513s] -- Up-to-date symlink: /home/rhobtor/PHD/ARGOJ8_IA/install/hector_gazebo_plugins/share/hector_gazebo_plugins/environment/ament_prefix_path.sh
[2.513s] -- Up-to-date symlink: /home/rhobtor/PHD/ARGOJ8_IA/install/hector_gazebo_plugins/share/hector_gazebo_plugins/environment/ament_prefix_path.dsv
[2.513s] -- Up-to-date symlink: /home/rhobtor/PHD/ARGOJ8_IA/install/hector_gazebo_plugins/share/hector_gazebo_plugins/environment/path.sh
[2.513s] -- Up-to-date symlink: /home/rhobtor/PHD/ARGOJ8_IA/install/hector_gazebo_plugins/share/hector_gazebo_plugins/environment/path.dsv
[2.513s] -- Up-to-date symlink: /home/rhobtor/PHD/ARGOJ8_IA/install/hector_gazebo_plugins/share/hector_gazebo_plugins/local_setup.bash
[2.513s] -- Up-to-date symlink: /home/rhobtor/PHD/ARGOJ8_IA/install/hector_gazebo_plugins/share/hector_gazebo_plugins/local_setup.sh
[2.513s] -- Up-to-date symlink: /home/rhobtor/PHD/ARGOJ8_IA/install/hector_gazebo_plugins/share/hector_gazebo_plugins/local_setup.zsh
[2.513s] -- Up-to-date symlink: /home/rhobtor/PHD/ARGOJ8_IA/install/hector_gazebo_plugins/share/hector_gazebo_plugins/local_setup.dsv
[2.514s] -- Symlinking: /home/rhobtor/PHD/ARGOJ8_IA/install/hector_gazebo_plugins/share/hector_gazebo_plugins/package.dsv
[2.518s] -- Up-to-date symlink: /home/rhobtor/PHD/ARGOJ8_IA/install/hector_gazebo_plugins/share/ament_index/resource_index/packages/hector_gazebo_plugins
[2.524s] -- Up-to-date symlink: /home/rhobtor/PHD/ARGOJ8_IA/install/hector_gazebo_plugins/share/hector_gazebo_plugins/cmake/rosidl_cmake-extras.cmake
[2.530s] -- Up-to-date symlink: /home/rhobtor/PHD/ARGOJ8_IA/install/hector_gazebo_plugins/share/hector_gazebo_plugins/cmake/ament_cmake_export_dependencies-extras.cmake
[2.530s] -- Up-to-date symlink: /home/rhobtor/PHD/ARGOJ8_IA/install/hector_gazebo_plugins/share/hector_gazebo_plugins/cmake/ament_cmake_export_include_directories-extras.cmake
[2.530s] -- Up-to-date symlink: /home/rhobtor/PHD/ARGOJ8_IA/install/hector_gazebo_plugins/share/hector_gazebo_plugins/cmake/ament_cmake_export_libraries-extras.cmake
[2.532s] -- Up-to-date symlink: /home/rhobtor/PHD/ARGOJ8_IA/install/hector_gazebo_plugins/share/hector_gazebo_plugins/cmake/ament_cmake_export_targets-extras.cmake
[2.532s] -- Up-to-date symlink: /home/rhobtor/PHD/ARGOJ8_IA/install/hector_gazebo_plugins/share/hector_gazebo_plugins/cmake/rosidl_cmake_export_typesupport_targets-extras.cmake
[2.532s] -- Up-to-date symlink: /home/rhobtor/PHD/ARGOJ8_IA/install/hector_gazebo_plugins/share/hector_gazebo_plugins/cmake/rosidl_cmake_export_typesupport_libraries-extras.cmake
[2.532s] -- Up-to-date symlink: /home/rhobtor/PHD/ARGOJ8_IA/install/hector_gazebo_plugins/share/hector_gazebo_plugins/cmake/hector_gazebo_pluginsConfig.cmake
[2.532s] -- Up-to-date symlink: /home/rhobtor/PHD/ARGOJ8_IA/install/hector_gazebo_plugins/share/hector_gazebo_plugins/cmake/hector_gazebo_pluginsConfig-version.cmake
[2.532s] -- Up-to-date symlink: /home/rhobtor/PHD/ARGOJ8_IA/install/hector_gazebo_plugins/share/hector_gazebo_plugins/package.xml
[2.532s] -- Up-to-date: /home/rhobtor/PHD/ARGOJ8_IA/install/hector_gazebo_plugins/lib/libhector_gazebo_plugins__rosidl_generator_c.so
[2.532s] -- Up-to-date: /home/rhobtor/PHD/ARGOJ8_IA/install/hector_gazebo_plugins/lib/libhector_gazebo_plugins__rosidl_typesupport_fastrtps_c.so
[2.532s] -- Up-to-date: /home/rhobtor/PHD/ARGOJ8_IA/install/hector_gazebo_plugins/lib/libhector_gazebo_plugins__rosidl_typesupport_fastrtps_cpp.so
[2.532s] -- Up-to-date: /home/rhobtor/PHD/ARGOJ8_IA/install/hector_gazebo_plugins/lib/libhector_gazebo_plugins__rosidl_typesupport_introspection_c.so
[2.533s] -- Up-to-date: /home/rhobtor/PHD/ARGOJ8_IA/install/hector_gazebo_plugins/lib/libhector_gazebo_plugins__rosidl_typesupport_c.so
[2.533s] -- Up-to-date: /home/rhobtor/PHD/ARGOJ8_IA/install/hector_gazebo_plugins/lib/libhector_gazebo_plugins__rosidl_typesupport_introspection_cpp.so
[2.533s] -- Up-to-date: /home/rhobtor/PHD/ARGOJ8_IA/install/hector_gazebo_plugins/lib/libhector_gazebo_plugins__rosidl_typesupport_cpp.so
[2.590s] Listing '/home/rhobtor/PHD/ARGOJ8_IA/install/hector_gazebo_plugins/local/lib/python3.10/dist-packages/hector_gazebo_plugins'...
[2.590s] Listing '/home/rhobtor/PHD/ARGOJ8_IA/install/hector_gazebo_plugins/local/lib/python3.10/dist-packages/hector_gazebo_plugins/srv'...
[2.597s] -- Up-to-date: /home/rhobtor/PHD/ARGOJ8_IA/install/hector_gazebo_plugins/lib/libhector_gazebo_plugins__rosidl_generator_py.so
[2.597s] -- Up-to-date: /home/rhobtor/PHD/ARGOJ8_IA/install/hector_gazebo_plugins/include
[2.597s] -- Up-to-date: /home/rhobtor/PHD/ARGOJ8_IA/install/hector_gazebo_plugins/include/update_timer.h
[2.597s] -- Up-to-date: /home/rhobtor/PHD/ARGOJ8_IA/install/hector_gazebo_plugins/include/gazebo_ros_imu.h
[2.597s] -- Up-to-date: /home/rhobtor/PHD/ARGOJ8_IA/install/hector_gazebo_plugins/include/sensor_model.h
[2.597s] -- Up-to-date: /home/rhobtor/PHD/ARGOJ8_IA/install/hector_gazebo_plugins/include/gazebo_ros_magnetic.h
[2.598s] -- Up-to-date: /home/rhobtor/PHD/ARGOJ8_IA/install/hector_gazebo_plugins/include/gnss_config.h
[2.598s] -- Up-to-date: /home/rhobtor/PHD/ARGOJ8_IA/install/hector_gazebo_plugins/include/diffdrive_plugin_multi_wheel.h
[2.598s] -- Up-to-date: /home/rhobtor/PHD/ARGOJ8_IA/install/hector_gazebo_plugins/include/reset_plugin.h
[2.598s] -- Up-to-date: /home/rhobtor/PHD/ARGOJ8_IA/install/hector_gazebo_plugins/include/servo_plugin.h
[2.598s] -- Up-to-date: /home/rhobtor/PHD/ARGOJ8_IA/install/hector_gazebo_plugins/include/gazebo_ros_gps.h
[2.598s] -- Up-to-date: /home/rhobtor/PHD/ARGOJ8_IA/install/hector_gazebo_plugins/include/gazebo_ros_force_based_move.h
[2.598s] -- Up-to-date: /home/rhobtor/PHD/ARGOJ8_IA/install/hector_gazebo_plugins/include/diffdrive_plugin_6w.h
[2.598s] -- Up-to-date: /home/rhobtor/PHD/ARGOJ8_IA/install/hector_gazebo_plugins/include/gazebo_ros_sonar.h
[2.598s] -- Up-to-date: /home/rhobtor/PHD/ARGOJ8_IA/install/hector_gazebo_plugins/share/hector_gazebo_plugins/cmake/export_hector_gazebo_plugins__rosidl_generator_cExport.cmake
[2.598s] -- Up-to-date: /home/rhobtor/PHD/ARGOJ8_IA/install/hector_gazebo_plugins/share/hector_gazebo_plugins/cmake/export_hector_gazebo_plugins__rosidl_generator_cExport-noconfig.cmake
[2.598s] -- Up-to-date: /home/rhobtor/PHD/ARGOJ8_IA/install/hector_gazebo_plugins/share/hector_gazebo_plugins/cmake/export_hector_gazebo_plugins__rosidl_typesupport_fastrtps_cExport.cmake
[2.598s] -- Up-to-date: /home/rhobtor/PHD/ARGOJ8_IA/install/hector_gazebo_plugins/share/hector_gazebo_plugins/cmake/export_hector_gazebo_plugins__rosidl_typesupport_fastrtps_cExport-noconfig.cmake
[2.598s] -- Up-to-date: /home/rhobtor/PHD/ARGOJ8_IA/install/hector_gazebo_plugins/share/hector_gazebo_plugins/cmake/export_hector_gazebo_plugins__rosidl_generator_cppExport.cmake
[2.598s] -- Up-to-date: /home/rhobtor/PHD/ARGOJ8_IA/install/hector_gazebo_plugins/share/hector_gazebo_plugins/cmake/export_hector_gazebo_plugins__rosidl_typesupport_fastrtps_cppExport.cmake
[2.598s] -- Up-to-date: /home/rhobtor/PHD/ARGOJ8_IA/install/hector_gazebo_plugins/share/hector_gazebo_plugins/cmake/export_hector_gazebo_plugins__rosidl_typesupport_fastrtps_cppExport-noconfig.cmake
[2.599s] -- Up-to-date: /home/rhobtor/PHD/ARGOJ8_IA/install/hector_gazebo_plugins/share/hector_gazebo_plugins/cmake/hector_gazebo_plugins__rosidl_typesupport_introspection_cExport.cmake
[2.600s] -- Up-to-date: /home/rhobtor/PHD/ARGOJ8_IA/install/hector_gazebo_plugins/share/hector_gazebo_plugins/cmake/hector_gazebo_plugins__rosidl_typesupport_introspection_cExport-noconfig.cmake
[2.600s] -- Up-to-date: /home/rhobtor/PHD/ARGOJ8_IA/install/hector_gazebo_plugins/share/hector_gazebo_plugins/cmake/hector_gazebo_plugins__rosidl_typesupport_cExport.cmake
[2.601s] -- Up-to-date: /home/rhobtor/PHD/ARGOJ8_IA/install/hector_gazebo_plugins/share/hector_gazebo_plugins/cmake/hector_gazebo_plugins__rosidl_typesupport_cExport-noconfig.cmake
[2.601s] -- Up-to-date: /home/rhobtor/PHD/ARGOJ8_IA/install/hector_gazebo_plugins/share/hector_gazebo_plugins/cmake/hector_gazebo_plugins__rosidl_typesupport_introspection_cppExport.cmake
[2.601s] -- Up-to-date: /home/rhobtor/PHD/ARGOJ8_IA/install/hector_gazebo_plugins/share/hector_gazebo_plugins/cmake/hector_gazebo_plugins__rosidl_typesupport_introspection_cppExport-noconfig.cmake
[2.601s] -- Up-to-date: /home/rhobtor/PHD/ARGOJ8_IA/install/hector_gazebo_plugins/share/hector_gazebo_plugins/cmake/hector_gazebo_plugins__rosidl_typesupport_cppExport.cmake
[2.601s] -- Up-to-date: /home/rhobtor/PHD/ARGOJ8_IA/install/hector_gazebo_plugins/share/hector_gazebo_plugins/cmake/hector_gazebo_plugins__rosidl_typesupport_cppExport-noconfig.cmake
[2.601s] -- Up-to-date: /home/rhobtor/PHD/ARGOJ8_IA/install/hector_gazebo_plugins/share/hector_gazebo_plugins/cmake/export_hector_gazebo_plugins__rosidl_generator_pyExport.cmake
[2.601s] -- Up-to-date: /home/rhobtor/PHD/ARGOJ8_IA/install/hector_gazebo_plugins/share/hector_gazebo_plugins/cmake/export_hector_gazebo_plugins__rosidl_generator_pyExport-noconfig.cmake
[2.603s] Invoked command in '/home/rhobtor/PHD/ARGOJ8_IA/build/hector_gazebo_plugins' returned '0': CMAKE_PREFIX_PATH=${CMAKE_PREFIX_PATH}:/home/rhobtor/PHD/ARGOJ8_IA/install/car:/home/rhobtor/PHD/reactive/Reactive-Navegation/workspace_full_conected/install/car:/opt/ros/humble /opt/st/stm32cubeclt_1.18.0/CMake/bin/cmake --install /home/rhobtor/PHD/ARGOJ8_IA/build/hector_gazebo_plugins
