[0.264s] Invoking command in '/home/rhobtor/PHD/ARGOJ8_IA/build/laser_segmentation': AMENT_PREFIX_PATH=/home/rhobtor/PHD/ARGOJ8_IA/install/slg_msgs:${AMENT_PREFIX_PATH} CMAKE_PREFIX_PATH=/home/rhobtor/PHD/ARGOJ8_IA/install/slg_msgs:/home/rhobtor/PHD/reactive/Reactive-Navegation/workspace_full_conected/install/octomap_mapping:/home/rhobtor/PHD/reactive/Reactive-Navegation/workspace_full_conected/install/octomap_server:/home/rhobtor/PHD/reactive/Reactive-Navegation/workspace_full_conected/install/octomap_rviz_plugins:/home/rhobtor/PHD/reactive/Reactive-Navegation/workspace_full_conected/install/hector_gazebo_plugins:/home/rhobtor/PHD/reactive/Reactive-Navegation/workspace_full_conected/install/car_cpp:/home/rhobtor/PHD/reactive/Reactive-Navegation/workspace_full_conected/install/car_interfaces:/home/rhobtor/PHD/reactive/Reactive-Navegation/workspace_full_conected/install/car:/opt/ros/humble LD_LIBRARY_PATH=/home/rhobtor/PHD/ARGOJ8_IA/install/slg_msgs/lib:${LD_LIBRARY_PATH} PYTHONPATH=/home/rhobtor/PHD/ARGOJ8_IA/install/slg_msgs/local/lib/python3.10/dist-packages:${PYTHONPATH} /opt/st/stm32cubeclt_1.18.0/CMake/bin/cmake --build /home/rhobtor/PHD/ARGOJ8_IA/build/laser_segmentation -- -j16 -l16
[0.329s] [ 11%] Built target gtest_main
[0.330s] [ 23%] Built target gtest
[0.330s] [ 52%] Built target laser_segmentation_component
[0.335s] [ 64%] Built target test_segmentations
[0.347s] [ 76%] Built target test_laser_segmentation
[0.347s] [ 88%] Built target test_integration
[0.357s] [100%] Built target laser_segmentation
[0.411s] Invoked command in '/home/rhobtor/PHD/ARGOJ8_IA/build/laser_segmentation' returned '0': AMENT_PREFIX_PATH=/home/rhobtor/PHD/ARGOJ8_IA/install/slg_msgs:${AMENT_PREFIX_PATH} CMAKE_PREFIX_PATH=/home/rhobtor/PHD/ARGOJ8_IA/install/slg_msgs:/home/rhobtor/PHD/reactive/Reactive-Navegation/workspace_full_conected/install/octomap_mapping:/home/rhobtor/PHD/reactive/Reactive-Navegation/workspace_full_conected/install/octomap_server:/home/rhobtor/PHD/reactive/Reactive-Navegation/workspace_full_conected/install/octomap_rviz_plugins:/home/rhobtor/PHD/reactive/Reactive-Navegation/workspace_full_conected/install/hector_gazebo_plugins:/home/rhobtor/PHD/reactive/Reactive-Navegation/workspace_full_conected/install/car_cpp:/home/rhobtor/PHD/reactive/Reactive-Navegation/workspace_full_conected/install/car_interfaces:/home/rhobtor/PHD/reactive/Reactive-Navegation/workspace_full_conected/install/car:/opt/ros/humble LD_LIBRARY_PATH=/home/rhobtor/PHD/ARGOJ8_IA/install/slg_msgs/lib:${LD_LIBRARY_PATH} PYTHONPATH=/home/rhobtor/PHD/ARGOJ8_IA/install/slg_msgs/local/lib/python3.10/dist-packages:${PYTHONPATH} /opt/st/stm32cubeclt_1.18.0/CMake/bin/cmake --build /home/rhobtor/PHD/ARGOJ8_IA/build/laser_segmentation -- -j16 -l16
[0.413s] Invoking command in '/home/rhobtor/PHD/ARGOJ8_IA/build/laser_segmentation': AMENT_PREFIX_PATH=/home/rhobtor/PHD/ARGOJ8_IA/install/slg_msgs:${AMENT_PREFIX_PATH} CMAKE_PREFIX_PATH=/home/rhobtor/PHD/ARGOJ8_IA/install/slg_msgs:/home/rhobtor/PHD/reactive/Reactive-Navegation/workspace_full_conected/install/octomap_mapping:/home/rhobtor/PHD/reactive/Reactive-Navegation/workspace_full_conected/install/octomap_server:/home/rhobtor/PHD/reactive/Reactive-Navegation/workspace_full_conected/install/octomap_rviz_plugins:/home/rhobtor/PHD/reactive/Reactive-Navegation/workspace_full_conected/install/hector_gazebo_plugins:/home/rhobtor/PHD/reactive/Reactive-Navegation/workspace_full_conected/install/car_cpp:/home/rhobtor/PHD/reactive/Reactive-Navegation/workspace_full_conected/install/car_interfaces:/home/rhobtor/PHD/reactive/Reactive-Navegation/workspace_full_conected/install/car:/opt/ros/humble LD_LIBRARY_PATH=/home/rhobtor/PHD/ARGOJ8_IA/install/slg_msgs/lib:${LD_LIBRARY_PATH} PYTHONPATH=/home/rhobtor/PHD/ARGOJ8_IA/install/slg_msgs/local/lib/python3.10/dist-packages:${PYTHONPATH} /opt/st/stm32cubeclt_1.18.0/CMake/bin/cmake --install /home/rhobtor/PHD/ARGOJ8_IA/build/laser_segmentation
[0.424s] -- Install configuration: "Release"
[0.424s] -- Up-to-date: /home/rhobtor/PHD/ARGOJ8_IA/install/laser_segmentation/lib/liblaser_segmentation_component.so
[0.425s] -- Up-to-date: /home/rhobtor/PHD/ARGOJ8_IA/install/laser_segmentation/lib/laser_segmentation/laser_segmentation
[0.425s] -- Up-to-date: /home/rhobtor/PHD/ARGOJ8_IA/install/laser_segmentation/include/laser_segmentation
[0.425s] -- Up-to-date: /home/rhobtor/PHD/ARGOJ8_IA/install/laser_segmentation/include/laser_segmentation/parameter_handler.hpp
[0.425s] -- Up-to-date: /home/rhobtor/PHD/ARGOJ8_IA/install/laser_segmentation/include/laser_segmentation/parula.hpp
[0.425s] -- Up-to-date: /home/rhobtor/PHD/ARGOJ8_IA/install/laser_segmentation/include/laser_segmentation/segmentation
[0.425s] -- Up-to-date: /home/rhobtor/PHD/ARGOJ8_IA/install/laser_segmentation/include/laser_segmentation/segmentation/segmentation.hpp
[0.425s] -- Up-to-date: /home/rhobtor/PHD/ARGOJ8_IA/install/laser_segmentation/include/laser_segmentation/segmentation/jump_distance.hpp
[0.425s] -- Up-to-date: /home/rhobtor/PHD/ARGOJ8_IA/install/laser_segmentation/include/laser_segmentation/segmentation/jump_distance_merge.hpp
[0.425s] -- Up-to-date: /home/rhobtor/PHD/ARGOJ8_IA/install/laser_segmentation/include/laser_segmentation/laser_segmentation.hpp
[0.425s] -- Up-to-date: /home/rhobtor/PHD/ARGOJ8_IA/install/laser_segmentation/share/laser_segmentation//launch
[0.425s] -- Up-to-date: /home/rhobtor/PHD/ARGOJ8_IA/install/laser_segmentation/share/laser_segmentation//launch/segmentation.launch.py
[0.426s] -- Up-to-date: /home/rhobtor/PHD/ARGOJ8_IA/install/laser_segmentation/share/laser_segmentation//params
[0.426s] -- Up-to-date: /home/rhobtor/PHD/ARGOJ8_IA/install/laser_segmentation/share/laser_segmentation//params/default_params.yml
[0.426s] -- Up-to-date: /home/rhobtor/PHD/ARGOJ8_IA/install/laser_segmentation/share/laser_segmentation//params/close_steps_detect.yml
[0.426s] -- Up-to-date: /home/rhobtor/PHD/ARGOJ8_IA/install/laser_segmentation/share/laser_segmentation/environment/library_path.sh
[0.426s] -- Up-to-date: /home/rhobtor/PHD/ARGOJ8_IA/install/laser_segmentation/share/laser_segmentation/environment/library_path.dsv
[0.426s] -- Up-to-date: /home/rhobtor/PHD/ARGOJ8_IA/install/laser_segmentation/share/ament_index/resource_index/package_run_dependencies/laser_segmentation
[0.426s] -- Up-to-date: /home/rhobtor/PHD/ARGOJ8_IA/install/laser_segmentation/share/ament_index/resource_index/parent_prefix_path/laser_segmentation
[0.426s] -- Up-to-date: /home/rhobtor/PHD/ARGOJ8_IA/install/laser_segmentation/share/laser_segmentation/environment/ament_prefix_path.sh
[0.427s] -- Up-to-date: /home/rhobtor/PHD/ARGOJ8_IA/install/laser_segmentation/share/laser_segmentation/environment/ament_prefix_path.dsv
[0.427s] -- Up-to-date: /home/rhobtor/PHD/ARGOJ8_IA/install/laser_segmentation/share/laser_segmentation/environment/path.sh
[0.427s] -- Up-to-date: /home/rhobtor/PHD/ARGOJ8_IA/install/laser_segmentation/share/laser_segmentation/environment/path.dsv
[0.427s] -- Up-to-date: /home/rhobtor/PHD/ARGOJ8_IA/install/laser_segmentation/share/laser_segmentation/local_setup.bash
[0.427s] -- Up-to-date: /home/rhobtor/PHD/ARGOJ8_IA/install/laser_segmentation/share/laser_segmentation/local_setup.sh
[0.427s] -- Up-to-date: /home/rhobtor/PHD/ARGOJ8_IA/install/laser_segmentation/share/laser_segmentation/local_setup.zsh
[0.427s] -- Up-to-date: /home/rhobtor/PHD/ARGOJ8_IA/install/laser_segmentation/share/laser_segmentation/local_setup.dsv
[0.427s] -- Installing: /home/rhobtor/PHD/ARGOJ8_IA/install/laser_segmentation/share/laser_segmentation/package.dsv
[0.427s] -- Up-to-date: /home/rhobtor/PHD/ARGOJ8_IA/install/laser_segmentation/share/ament_index/resource_index/packages/laser_segmentation
[0.427s] -- Up-to-date: /home/rhobtor/PHD/ARGOJ8_IA/install/laser_segmentation/share/ament_index/resource_index/rclcpp_components/laser_segmentation
[0.427s] -- Up-to-date: /home/rhobtor/PHD/ARGOJ8_IA/install/laser_segmentation/share/laser_segmentation/cmake/ament_cmake_export_include_directories-extras.cmake
[0.427s] -- Up-to-date: /home/rhobtor/PHD/ARGOJ8_IA/install/laser_segmentation/share/laser_segmentation/cmake/ament_cmake_export_libraries-extras.cmake
[0.428s] -- Up-to-date: /home/rhobtor/PHD/ARGOJ8_IA/install/laser_segmentation/share/laser_segmentation/cmake/ament_cmake_export_dependencies-extras.cmake
[0.428s] -- Up-to-date: /home/rhobtor/PHD/ARGOJ8_IA/install/laser_segmentation/share/laser_segmentation/cmake/laser_segmentationConfig.cmake
[0.428s] -- Up-to-date: /home/rhobtor/PHD/ARGOJ8_IA/install/laser_segmentation/share/laser_segmentation/cmake/laser_segmentationConfig-version.cmake
[0.428s] -- Up-to-date: /home/rhobtor/PHD/ARGOJ8_IA/install/laser_segmentation/share/laser_segmentation/package.xml
[0.441s] Invoked command in '/home/rhobtor/PHD/ARGOJ8_IA/build/laser_segmentation' returned '0': AMENT_PREFIX_PATH=/home/rhobtor/PHD/ARGOJ8_IA/install/slg_msgs:${AMENT_PREFIX_PATH} CMAKE_PREFIX_PATH=/home/rhobtor/PHD/ARGOJ8_IA/install/slg_msgs:/home/rhobtor/PHD/reactive/Reactive-Navegation/workspace_full_conected/install/octomap_mapping:/home/rhobtor/PHD/reactive/Reactive-Navegation/workspace_full_conected/install/octomap_server:/home/rhobtor/PHD/reactive/Reactive-Navegation/workspace_full_conected/install/octomap_rviz_plugins:/home/rhobtor/PHD/reactive/Reactive-Navegation/workspace_full_conected/install/hector_gazebo_plugins:/home/rhobtor/PHD/reactive/Reactive-Navegation/workspace_full_conected/install/car_cpp:/home/rhobtor/PHD/reactive/Reactive-Navegation/workspace_full_conected/install/car_interfaces:/home/rhobtor/PHD/reactive/Reactive-Navegation/workspace_full_conected/install/car:/opt/ros/humble LD_LIBRARY_PATH=/home/rhobtor/PHD/ARGOJ8_IA/install/slg_msgs/lib:${LD_LIBRARY_PATH} PYTHONPATH=/home/rhobtor/PHD/ARGOJ8_IA/install/slg_msgs/local/lib/python3.10/dist-packages:${PYTHONPATH} /opt/st/stm32cubeclt_1.18.0/CMake/bin/cmake --install /home/rhobtor/PHD/ARGOJ8_IA/build/laser_segmentation
