-- Found ament_cmake: 1.3.11 (/opt/ros/humble/share/ament_cmake/cmake)
-- Override CMake install command with custom implementation using symlinks instead of copying resources
-- Found ament_lint_auto: 0.12.12 (/opt/ros/humble/share/ament_lint_auto/cmake)
-- Added test 'copyright' to check source files copyright and LICENSE
-- Added test 'lint_cmake' to check CMake code style
-- Added test 'xmllint' to check XML markup files
-- Configuring done (0.5s)
-- Generating done (0.0s)
-- Build files have been written to: /home/rhobtor/PHD/ARGOJ8_IA/build/octomap_mapping
-- Install configuration: ""
-- Execute custom install script
-- Up-to-date symlink: /home/rhobtor/PHD/ARGOJ8_IA/install/octomap_mapping/share/ament_index/resource_index/package_run_dependencies/octomap_mapping
-- Up-to-date symlink: /home/rhobtor/PHD/ARGOJ8_IA/install/octomap_mapping/share/ament_index/resource_index/parent_prefix_path/octomap_mapping
-- Up-to-date symlink: /home/rhobtor/PHD/ARGOJ8_IA/install/octomap_mapping/share/octomap_mapping/environment/ament_prefix_path.sh
-- Up-to-date symlink: /home/rhobtor/PHD/ARGOJ8_IA/install/octomap_mapping/share/octomap_mapping/environment/ament_prefix_path.dsv
-- Up-to-date symlink: /home/rhobtor/PHD/ARGOJ8_IA/install/octomap_mapping/share/octomap_mapping/environment/path.sh
-- Up-to-date symlink: /home/rhobtor/PHD/ARGOJ8_IA/install/octomap_mapping/share/octomap_mapping/environment/path.dsv
-- Up-to-date symlink: /home/rhobtor/PHD/ARGOJ8_IA/install/octomap_mapping/share/octomap_mapping/local_setup.bash
-- Up-to-date symlink: /home/rhobtor/PHD/ARGOJ8_IA/install/octomap_mapping/share/octomap_mapping/local_setup.sh
-- Up-to-date symlink: /home/rhobtor/PHD/ARGOJ8_IA/install/octomap_mapping/share/octomap_mapping/local_setup.zsh
-- Up-to-date symlink: /home/rhobtor/PHD/ARGOJ8_IA/install/octomap_mapping/share/octomap_mapping/local_setup.dsv
-- Symlinking: /home/rhobtor/PHD/ARGOJ8_IA/install/octomap_mapping/share/octomap_mapping/package.dsv
-- Up-to-date symlink: /home/rhobtor/PHD/ARGOJ8_IA/install/octomap_mapping/share/ament_index/resource_index/packages/octomap_mapping
-- Up-to-date symlink: /home/rhobtor/PHD/ARGOJ8_IA/install/octomap_mapping/share/octomap_mapping/cmake/octomap_mappingConfig.cmake
-- Up-to-date symlink: /home/rhobtor/PHD/ARGOJ8_IA/install/octomap_mapping/share/octomap_mapping/cmake/octomap_mappingConfig-version.cmake
-- Up-to-date symlink: /home/rhobtor/PHD/ARGOJ8_IA/install/octomap_mapping/share/octomap_mapping/package.xml
