[1.309s] Invoking command in '/home/rhobtor/PHD/ARGOJ8_IA/src/argo_drivers_pkgs/ntrip_client': PYTHONPATH=/home/rhobtor/PHD/ARGOJ8_IA/build/ntrip_client/prefix_override:/usr/lib/python3/dist-packages/colcon_core/task/python/colcon_distutils_commands:/home/rhobtor/PHD/ARGOJ8_IA/install/ntrip_client/lib/python3.10/site-packages:${PYTHONPATH} /usr/bin/python3 -W ignore:setup.py install is deprecated -W ignore:easy_install command is deprecated setup.py egg_info --egg-base ../../../build/ntrip_client build --build-base /home/rhobtor/PHD/ARGOJ8_IA/build/ntrip_client/build install --record /home/rhobtor/PHD/ARGOJ8_IA/build/ntrip_client/install.log --single-version-externally-managed install_data
[1.609s] running egg_info
[1.610s] writing ../../../build/ntrip_client/ntrip_client.egg-info/PKG-INFO
[1.610s] writing dependency_links to ../../../build/ntrip_client/ntrip_client.egg-info/dependency_links.txt
[1.610s] writing requirements to ../../../build/ntrip_client/ntrip_client.egg-info/requires.txt
[1.610s] writing top-level names to ../../../build/ntrip_client/ntrip_client.egg-info/top_level.txt
[1.614s] reading manifest file '../../../build/ntrip_client/ntrip_client.egg-info/SOURCES.txt'
[1.614s] adding license file 'LICENSE'
[1.614s] writing manifest file '../../../build/ntrip_client/ntrip_client.egg-info/SOURCES.txt'
[1.615s] running build
[1.615s] running build_py
[1.615s] running build_scripts
[1.615s] running install
[1.615s] running install_lib
[1.617s] running install_data
[1.617s] running install_egg_info
[1.619s] removing '/home/rhobtor/PHD/ARGOJ8_IA/install/ntrip_client/lib/python3.10/site-packages/ntrip_client-1.2.0-py3.10.egg-info' (and everything under it)
[1.619s] Copying ../../../build/ntrip_client/ntrip_client.egg-info to /home/rhobtor/PHD/ARGOJ8_IA/install/ntrip_client/lib/python3.10/site-packages/ntrip_client-1.2.0-py3.10.egg-info
[1.620s] running install_scripts
[1.641s] changing mode of /home/rhobtor/PHD/ARGOJ8_IA/install/ntrip_client/lib/ntrip_client/ntrip_ros.py to 775
[1.641s] writing list of installed files to '/home/rhobtor/PHD/ARGOJ8_IA/build/ntrip_client/install.log'
[1.666s] Invoked command in '/home/rhobtor/PHD/ARGOJ8_IA/src/argo_drivers_pkgs/ntrip_client' returned '0': PYTHONPATH=/home/rhobtor/PHD/ARGOJ8_IA/build/ntrip_client/prefix_override:/usr/lib/python3/dist-packages/colcon_core/task/python/colcon_distutils_commands:/home/rhobtor/PHD/ARGOJ8_IA/install/ntrip_client/lib/python3.10/site-packages:${PYTHONPATH} /usr/bin/python3 -W ignore:setup.py install is deprecated -W ignore:easy_install command is deprecated setup.py egg_info --egg-base ../../../build/ntrip_client build --build-base /home/rhobtor/PHD/ARGOJ8_IA/build/ntrip_client/build install --record /home/rhobtor/PHD/ARGOJ8_IA/build/ntrip_client/install.log --single-version-externally-managed install_data
