[1.339s] Invoking command in '/home/rhobtor/PHD/ARGOJ8_IA/src/car_python': AMENT_PREFIX_PATH=/home/rhobtor/PHD/ARGOJ8_IA/install/car_interfaces:${AMENT_PREFIX_PATH} CMAKE_PREFIX_PATH=/home/rhobtor/PHD/ARGOJ8_IA/install/car_interfaces:${CMAKE_PREFIX_PATH} LD_LIBRARY_PATH=/home/rhobtor/PHD/ARGOJ8_IA/install/car_interfaces/lib:${LD_LIBRARY_PATH} PYTHONPATH=/home/rhobtor/PHD/ARGOJ8_IA/build/car/prefix_override:/usr/lib/python3/dist-packages/colcon_core/task/python/colcon_distutils_commands:/home/rhobtor/PHD/ARGOJ8_IA/install/car/lib/python3.10/site-packages:/home/rhobtor/PHD/ARGOJ8_IA/install/car_interfaces/local/lib/python3.10/dist-packages:${PYTHONPATH} /usr/bin/python3 -W ignore:setup.py install is deprecated -W ignore:easy_install command is deprecated setup.py egg_info --egg-base ../../build/car build --build-base /home/rhobtor/PHD/ARGOJ8_IA/build/car/build install --record /home/rhobtor/PHD/ARGOJ8_IA/build/car/install.log --single-version-externally-managed install_data
[8.479s] running egg_info
[8.479s] creating ../../build/car/car.egg-info
[8.479s] writing ../../build/car/car.egg-info/PKG-INFO
[8.480s] writing dependency_links to ../../build/car/car.egg-info/dependency_links.txt
[8.480s] writing entry points to ../../build/car/car.egg-info/entry_points.txt
[8.480s] writing requirements to ../../build/car/car.egg-info/requires.txt
[8.480s] writing top-level names to ../../build/car/car.egg-info/top_level.txt
[8.480s] writing manifest file '../../build/car/car.egg-info/SOURCES.txt'
[8.480s] reading manifest file '../../build/car/car.egg-info/SOURCES.txt'
[8.480s] writing manifest file '../../build/car/car.egg-info/SOURCES.txt'
[8.480s] running build
[8.480s] running build_py
[8.480s] creating /home/rhobtor/PHD/ARGOJ8_IA/build/car/build
[8.480s] creating /home/rhobtor/PHD/ARGOJ8_IA/build/car/build/lib
[8.481s] creating /home/rhobtor/PHD/ARGOJ8_IA/build/car/build/lib/car
[8.481s] copying car/keyboard_control.py -> /home/rhobtor/PHD/ARGOJ8_IA/build/car/build/lib/car
[8.488s] copying car/memory_map.py -> /home/rhobtor/PHD/ARGOJ8_IA/build/car/build/lib/car
[8.488s] copying car/path_ppo_cnn_lstm_full_model.py -> /home/rhobtor/PHD/ARGOJ8_IA/build/car/build/lib/car
[8.488s] copying car/movement_predictive.py -> /home/rhobtor/PHD/ARGOJ8_IA/build/car/build/lib/car
[8.488s] copying car/lidar_obstacle_detection.py -> /home/rhobtor/PHD/ARGOJ8_IA/build/car/build/lib/car
[8.488s] copying car/frontier_centroid.py -> /home/rhobtor/PHD/ARGOJ8_IA/build/car/build/lib/car
[8.488s] copying car/colision_zone.py -> /home/rhobtor/PHD/ARGOJ8_IA/build/car/build/lib/car
[8.488s] copying car/backup_model_ppo_cnn_lstm.py -> /home/rhobtor/PHD/ARGOJ8_IA/build/car/build/lib/car
[8.488s] copying car/inference_full_model.py -> /home/rhobtor/PHD/ARGOJ8_IA/build/car/build/lib/car
[8.488s] copying car/__init__.py -> /home/rhobtor/PHD/ARGOJ8_IA/build/car/build/lib/car
[8.489s] copying car/inference_training_mode_simple.py -> /home/rhobtor/PHD/ARGOJ8_IA/build/car/build/lib/car
[8.489s] copying car/joystick_control.py -> /home/rhobtor/PHD/ARGOJ8_IA/build/car/build/lib/car
[8.489s] copying car/planificador_script.py -> /home/rhobtor/PHD/ARGOJ8_IA/build/car/build/lib/car
[8.489s] copying car/points_goal.py -> /home/rhobtor/PHD/ARGOJ8_IA/build/car/build/lib/car
[8.489s] copying car/map_navegation.py -> /home/rhobtor/PHD/ARGOJ8_IA/build/car/build/lib/car
[8.489s] copying car/supervisor.py -> /home/rhobtor/PHD/ARGOJ8_IA/build/car/build/lib/car
[8.489s] copying car/costmap.py -> /home/rhobtor/PHD/ARGOJ8_IA/build/car/build/lib/car
[8.489s] copying car/path_ppo_cnn_lstm_training_init_mode.py -> /home/rhobtor/PHD/ARGOJ8_IA/build/car/build/lib/car
[8.489s] copying car/path_ppo_cnn_lstm_training_init_mode_simple.py -> /home/rhobtor/PHD/ARGOJ8_IA/build/car/build/lib/car
[8.489s] copying car/filter_points_cloud.py -> /home/rhobtor/PHD/ARGOJ8_IA/build/car/build/lib/car
[8.489s] running install
[8.489s] running install_lib
[8.489s] creating /home/rhobtor/PHD/ARGOJ8_IA/install/car/lib/python3.10/site-packages/car
[8.489s] copying /home/rhobtor/PHD/ARGOJ8_IA/build/car/build/lib/car/keyboard_control.py -> /home/rhobtor/PHD/ARGOJ8_IA/install/car/lib/python3.10/site-packages/car
[8.490s] copying /home/rhobtor/PHD/ARGOJ8_IA/build/car/build/lib/car/memory_map.py -> /home/rhobtor/PHD/ARGOJ8_IA/install/car/lib/python3.10/site-packages/car
[8.490s] copying /home/rhobtor/PHD/ARGOJ8_IA/build/car/build/lib/car/path_ppo_cnn_lstm_full_model.py -> /home/rhobtor/PHD/ARGOJ8_IA/install/car/lib/python3.10/site-packages/car
[8.490s] copying /home/rhobtor/PHD/ARGOJ8_IA/build/car/build/lib/car/movement_predictive.py -> /home/rhobtor/PHD/ARGOJ8_IA/install/car/lib/python3.10/site-packages/car
[8.490s] copying /home/rhobtor/PHD/ARGOJ8_IA/build/car/build/lib/car/lidar_obstacle_detection.py -> /home/rhobtor/PHD/ARGOJ8_IA/install/car/lib/python3.10/site-packages/car
[8.490s] copying /home/rhobtor/PHD/ARGOJ8_IA/build/car/build/lib/car/frontier_centroid.py -> /home/rhobtor/PHD/ARGOJ8_IA/install/car/lib/python3.10/site-packages/car
[8.490s] copying /home/rhobtor/PHD/ARGOJ8_IA/build/car/build/lib/car/colision_zone.py -> /home/rhobtor/PHD/ARGOJ8_IA/install/car/lib/python3.10/site-packages/car
[8.490s] copying /home/rhobtor/PHD/ARGOJ8_IA/build/car/build/lib/car/backup_model_ppo_cnn_lstm.py -> /home/rhobtor/PHD/ARGOJ8_IA/install/car/lib/python3.10/site-packages/car
[8.490s] copying /home/rhobtor/PHD/ARGOJ8_IA/build/car/build/lib/car/inference_full_model.py -> /home/rhobtor/PHD/ARGOJ8_IA/install/car/lib/python3.10/site-packages/car
[8.490s] copying /home/rhobtor/PHD/ARGOJ8_IA/build/car/build/lib/car/__init__.py -> /home/rhobtor/PHD/ARGOJ8_IA/install/car/lib/python3.10/site-packages/car
[8.490s] copying /home/rhobtor/PHD/ARGOJ8_IA/build/car/build/lib/car/inference_training_mode_simple.py -> /home/rhobtor/PHD/ARGOJ8_IA/install/car/lib/python3.10/site-packages/car
[8.490s] copying /home/rhobtor/PHD/ARGOJ8_IA/build/car/build/lib/car/joystick_control.py -> /home/rhobtor/PHD/ARGOJ8_IA/install/car/lib/python3.10/site-packages/car
[8.490s] copying /home/rhobtor/PHD/ARGOJ8_IA/build/car/build/lib/car/planificador_script.py -> /home/rhobtor/PHD/ARGOJ8_IA/install/car/lib/python3.10/site-packages/car
[8.490s] copying /home/rhobtor/PHD/ARGOJ8_IA/build/car/build/lib/car/points_goal.py -> /home/rhobtor/PHD/ARGOJ8_IA/install/car/lib/python3.10/site-packages/car
[8.491s] copying /home/rhobtor/PHD/ARGOJ8_IA/build/car/build/lib/car/map_navegation.py -> /home/rhobtor/PHD/ARGOJ8_IA/install/car/lib/python3.10/site-packages/car
[8.491s] copying /home/rhobtor/PHD/ARGOJ8_IA/build/car/build/lib/car/supervisor.py -> /home/rhobtor/PHD/ARGOJ8_IA/install/car/lib/python3.10/site-packages/car
[8.491s] copying /home/rhobtor/PHD/ARGOJ8_IA/build/car/build/lib/car/costmap.py -> /home/rhobtor/PHD/ARGOJ8_IA/install/car/lib/python3.10/site-packages/car
[8.492s] copying /home/rhobtor/PHD/ARGOJ8_IA/build/car/build/lib/car/path_ppo_cnn_lstm_training_init_mode.py -> /home/rhobtor/PHD/ARGOJ8_IA/install/car/lib/python3.10/site-packages/car
[8.492s] copying /home/rhobtor/PHD/ARGOJ8_IA/build/car/build/lib/car/path_ppo_cnn_lstm_training_init_mode_simple.py -> /home/rhobtor/PHD/ARGOJ8_IA/install/car/lib/python3.10/site-packages/car
[8.492s] copying /home/rhobtor/PHD/ARGOJ8_IA/build/car/build/lib/car/filter_points_cloud.py -> /home/rhobtor/PHD/ARGOJ8_IA/install/car/lib/python3.10/site-packages/car
[8.492s] byte-compiling /home/rhobtor/PHD/ARGOJ8_IA/install/car/lib/python3.10/site-packages/car/keyboard_control.py to keyboard_control.cpython-310.pyc
[8.492s] byte-compiling /home/rhobtor/PHD/ARGOJ8_IA/install/car/lib/python3.10/site-packages/car/memory_map.py to memory_map.cpython-310.pyc
[8.492s] byte-compiling /home/rhobtor/PHD/ARGOJ8_IA/install/car/lib/python3.10/site-packages/car/path_ppo_cnn_lstm_full_model.py to path_ppo_cnn_lstm_full_model.cpython-310.pyc
[8.492s] byte-compiling /home/rhobtor/PHD/ARGOJ8_IA/install/car/lib/python3.10/site-packages/car/movement_predictive.py to movement_predictive.cpython-310.pyc
[8.492s] byte-compiling /home/rhobtor/PHD/ARGOJ8_IA/install/car/lib/python3.10/site-packages/car/lidar_obstacle_detection.py to lidar_obstacle_detection.cpython-310.pyc
[8.492s] byte-compiling /home/rhobtor/PHD/ARGOJ8_IA/install/car/lib/python3.10/site-packages/car/frontier_centroid.py to frontier_centroid.cpython-310.pyc
[8.493s] byte-compiling /home/rhobtor/PHD/ARGOJ8_IA/install/car/lib/python3.10/site-packages/car/colision_zone.py to colision_zone.cpython-310.pyc
[8.493s] byte-compiling /home/rhobtor/PHD/ARGOJ8_IA/install/car/lib/python3.10/site-packages/car/backup_model_ppo_cnn_lstm.py to backup_model_ppo_cnn_lstm.cpython-310.pyc
[8.493s] byte-compiling /home/rhobtor/PHD/ARGOJ8_IA/install/car/lib/python3.10/site-packages/car/inference_full_model.py to inference_full_model.cpython-310.pyc
[8.497s] byte-compiling /home/rhobtor/PHD/ARGOJ8_IA/install/car/lib/python3.10/site-packages/car/__init__.py to __init__.cpython-310.pyc
[8.497s] byte-compiling /home/rhobtor/PHD/ARGOJ8_IA/install/car/lib/python3.10/site-packages/car/inference_training_mode_simple.py to inference_training_mode_simple.cpython-310.pyc
[8.497s] byte-compiling /home/rhobtor/PHD/ARGOJ8_IA/install/car/lib/python3.10/site-packages/car/joystick_control.py to joystick_control.cpython-310.pyc
[8.497s] byte-compiling /home/rhobtor/PHD/ARGOJ8_IA/install/car/lib/python3.10/site-packages/car/planificador_script.py to planificador_script.cpython-310.pyc
[8.497s] byte-compiling /home/rhobtor/PHD/ARGOJ8_IA/install/car/lib/python3.10/site-packages/car/points_goal.py to points_goal.cpython-310.pyc
[8.497s] byte-compiling /home/rhobtor/PHD/ARGOJ8_IA/install/car/lib/python3.10/site-packages/car/map_navegation.py to map_navegation.cpython-310.pyc
[8.497s] byte-compiling /home/rhobtor/PHD/ARGOJ8_IA/install/car/lib/python3.10/site-packages/car/supervisor.py to supervisor.cpython-310.pyc
[8.498s] byte-compiling /home/rhobtor/PHD/ARGOJ8_IA/install/car/lib/python3.10/site-packages/car/costmap.py to costmap.cpython-310.pyc
[8.498s] byte-compiling /home/rhobtor/PHD/ARGOJ8_IA/install/car/lib/python3.10/site-packages/car/path_ppo_cnn_lstm_training_init_mode.py to path_ppo_cnn_lstm_training_init_mode.cpython-310.pyc
[8.498s] byte-compiling /home/rhobtor/PHD/ARGOJ8_IA/install/car/lib/python3.10/site-packages/car/path_ppo_cnn_lstm_training_init_mode_simple.py to path_ppo_cnn_lstm_training_init_mode_simple.cpython-310.pyc
[8.498s] byte-compiling /home/rhobtor/PHD/ARGOJ8_IA/install/car/lib/python3.10/site-packages/car/filter_points_cloud.py to filter_points_cloud.cpython-310.pyc
[8.498s] running install_data
[8.498s] creating /home/rhobtor/PHD/ARGOJ8_IA/install/car/share/ament_index
[8.498s] creating /home/rhobtor/PHD/ARGOJ8_IA/install/car/share/ament_index/resource_index
[8.498s] creating /home/rhobtor/PHD/ARGOJ8_IA/install/car/share/ament_index/resource_index/packages
[8.498s] copying resource/car -> /home/rhobtor/PHD/ARGOJ8_IA/install/car/share/ament_index/resource_index/packages
[8.498s] copying package.xml -> /home/rhobtor/PHD/ARGOJ8_IA/install/car/share/car
[8.498s] creating /home/rhobtor/PHD/ARGOJ8_IA/install/car/share/car/launch
[8.498s] copying launch/gazebo.launch.py -> /home/rhobtor/PHD/ARGOJ8_IA/install/car/share/car/launch
[8.498s] copying launch/ekf.launch.py -> /home/rhobtor/PHD/ARGOJ8_IA/install/car/share/car/launch
[8.498s] copying launch/control.launch.py -> /home/rhobtor/PHD/ARGOJ8_IA/install/car/share/car/launch
[8.499s] copying launch/gazebo_mountain.launch.py -> /home/rhobtor/PHD/ARGOJ8_IA/install/car/share/car/launch
[8.499s] copying launch/gazebo_empty_world.launch.py -> /home/rhobtor/PHD/ARGOJ8_IA/install/car/share/car/launch
[8.499s] copying launch/gazebo_simple5.launch.py -> /home/rhobtor/PHD/ARGOJ8_IA/install/car/share/car/launch
[8.499s] copying launch/gazebo_simple2.launch.py -> /home/rhobtor/PHD/ARGOJ8_IA/install/car/share/car/launch
[8.499s] copying launch/gazebo_simple7.launch.py -> /home/rhobtor/PHD/ARGOJ8_IA/install/car/share/car/launch
[8.499s] copying launch/joystick.launch.py -> /home/rhobtor/PHD/ARGOJ8_IA/install/car/share/car/launch
[8.499s] copying launch/display.launch.py -> /home/rhobtor/PHD/ARGOJ8_IA/install/car/share/car/launch
[8.499s] copying launch/gazebo_simple8.launch.py -> /home/rhobtor/PHD/ARGOJ8_IA/install/car/share/car/launch
[8.499s] copying launch/rtamap_test.launch.py -> /home/rhobtor/PHD/ARGOJ8_IA/install/car/share/car/launch
[8.499s] copying launch/gazebo_simple_world.launch.py -> /home/rhobtor/PHD/ARGOJ8_IA/install/car/share/car/launch
[8.499s] copying launch/gazebo_simple9.launch.py -> /home/rhobtor/PHD/ARGOJ8_IA/install/car/share/car/launch
[8.499s] copying launch/object_move_gazebo.launch.py -> /home/rhobtor/PHD/ARGOJ8_IA/install/car/share/car/launch
[8.499s] copying launch/gazebo_simple3.launch.py -> /home/rhobtor/PHD/ARGOJ8_IA/install/car/share/car/launch
[8.500s] copying launch/gazebo_no_gui.launch.py -> /home/rhobtor/PHD/ARGOJ8_IA/install/car/share/car/launch
[8.500s] copying launch/gazebo_simple6.launch.py -> /home/rhobtor/PHD/ARGOJ8_IA/install/car/share/car/launch
[8.500s] copying launch/gazebo_simple4.launch.py -> /home/rhobtor/PHD/ARGOJ8_IA/install/car/share/car/launch
[8.500s] copying launch/control_with_gazebo.launch.py -> /home/rhobtor/PHD/ARGOJ8_IA/install/car/share/car/launch
[8.500s] creating /home/rhobtor/PHD/ARGOJ8_IA/install/car/share/car/urdf
[8.500s] copying urdf/object_movement.sdf -> /home/rhobtor/PHD/ARGOJ8_IA/install/car/share/car/urdf
[8.500s] copying urdf/materials.xacro -> /home/rhobtor/PHD/ARGOJ8_IA/install/car/share/car/urdf
[8.500s] copying urdf/car.xacro -> /home/rhobtor/PHD/ARGOJ8_IA/install/car/share/car/urdf
[8.500s] copying urdf/camara.plugin.xacro -> /home/rhobtor/PHD/ARGOJ8_IA/install/car/share/car/urdf
[8.500s] copying urdf/car.gazebo -> /home/rhobtor/PHD/ARGOJ8_IA/install/car/share/car/urdf
[8.500s] copying urdf/lidar.plugin.xacro -> /home/rhobtor/PHD/ARGOJ8_IA/install/car/share/car/urdf
[8.500s] copying urdf/control.plugin.xacro -> /home/rhobtor/PHD/ARGOJ8_IA/install/car/share/car/urdf
[8.501s] copying urdf/car.trans -> /home/rhobtor/PHD/ARGOJ8_IA/install/car/share/car/urdf
[8.501s] creating /home/rhobtor/PHD/ARGOJ8_IA/install/car/share/car/worlds
[8.501s] copying worlds/grass.world -> /home/rhobtor/PHD/ARGOJ8_IA/install/car/share/car/worlds
[8.501s] copying worlds/world_simple_object.world -> /home/rhobtor/PHD/ARGOJ8_IA/install/car/share/car/worlds
[8.501s] copying worlds/world_simple3.world -> /home/rhobtor/PHD/ARGOJ8_IA/install/car/share/car/worlds
[8.501s] copying worlds/world_simple9.world -> /home/rhobtor/PHD/ARGOJ8_IA/install/car/share/car/worlds
[8.501s] copying worlds/world_simple6.world -> /home/rhobtor/PHD/ARGOJ8_IA/install/car/share/car/worlds
[8.501s] copying worlds/map1_test.world -> /home/rhobtor/PHD/ARGOJ8_IA/install/car/share/car/worlds
[8.501s] copying worlds/world_simple8.world -> /home/rhobtor/PHD/ARGOJ8_IA/install/car/share/car/worlds
[8.501s] copying worlds/mountain.world -> /home/rhobtor/PHD/ARGOJ8_IA/install/car/share/car/worlds
[8.501s] copying worlds/empty.world -> /home/rhobtor/PHD/ARGOJ8_IA/install/car/share/car/worlds
[8.501s] copying worlds/obstacles_and_traps.world -> /home/rhobtor/PHD/ARGOJ8_IA/install/car/share/car/worlds
[8.501s] copying worlds/world_simple5.world -> /home/rhobtor/PHD/ARGOJ8_IA/install/car/share/car/worlds
[8.501s] copying worlds/obstacles.world -> /home/rhobtor/PHD/ARGOJ8_IA/install/car/share/car/worlds
[8.502s] copying worlds/world_simple7.world -> /home/rhobtor/PHD/ARGOJ8_IA/install/car/share/car/worlds
[8.502s] copying worlds/test.world -> /home/rhobtor/PHD/ARGOJ8_IA/install/car/share/car/worlds
[8.502s] copying worlds/heightmap_world.world -> /home/rhobtor/PHD/ARGOJ8_IA/install/car/share/car/worlds
[8.502s] copying worlds/world_simple2.world -> /home/rhobtor/PHD/ARGOJ8_IA/install/car/share/car/worlds
[8.502s] copying worlds/world_simple4.world -> /home/rhobtor/PHD/ARGOJ8_IA/install/car/share/car/worlds
[8.502s] creating /home/rhobtor/PHD/ARGOJ8_IA/install/car/share/car/meshes
[8.506s] copying meshes/tire.stl -> /home/rhobtor/PHD/ARGOJ8_IA/install/car/share/car/meshes
[8.506s] copying meshes/rim_front_right_1.stl -> /home/rhobtor/PHD/ARGOJ8_IA/install/car/share/car/meshes
[8.506s] copying meshes/tire_front_left_1.stl -> /home/rhobtor/PHD/ARGOJ8_IA/install/car/share/car/meshes
[8.506s] copying meshes/rim_back_right_1.stl -> /home/rhobtor/PHD/ARGOJ8_IA/install/car/share/car/meshes
[8.506s] copying meshes/direction_front_left_1.stl -> /home/rhobtor/PHD/ARGOJ8_IA/install/car/share/car/meshes
[8.506s] copying meshes/rim.stl -> /home/rhobtor/PHD/ARGOJ8_IA/install/car/share/car/meshes
[8.506s] copying meshes/Lidar.stl -> /home/rhobtor/PHD/ARGOJ8_IA/install/car/share/car/meshes
[8.506s] copying meshes/Camara.stl -> /home/rhobtor/PHD/ARGOJ8_IA/install/car/share/car/meshes
[8.506s] copying meshes/tire_front_right_1.stl -> /home/rhobtor/PHD/ARGOJ8_IA/install/car/share/car/meshes
[8.506s] copying meshes/base_link.stl -> /home/rhobtor/PHD/ARGOJ8_IA/install/car/share/car/meshes
[8.507s] copying meshes/tire_back_right_1.stl -> /home/rhobtor/PHD/ARGOJ8_IA/install/car/share/car/meshes
[8.507s] copying meshes/tire_back_left_1.stl -> /home/rhobtor/PHD/ARGOJ8_IA/install/car/share/car/meshes
[8.507s] copying meshes/suspension_front_left__1.stl -> /home/rhobtor/PHD/ARGOJ8_IA/install/car/share/car/meshes
[8.507s] copying meshes/direction_front_right_1.stl -> /home/rhobtor/PHD/ARGOJ8_IA/install/car/share/car/meshes
[8.507s] copying meshes/suspension_back_right_1.stl -> /home/rhobtor/PHD/ARGOJ8_IA/install/car/share/car/meshes
[8.507s] copying meshes/chasis_1.stl -> /home/rhobtor/PHD/ARGOJ8_IA/install/car/share/car/meshes
[8.507s] copying meshes/rim_front_left_1.stl -> /home/rhobtor/PHD/ARGOJ8_IA/install/car/share/car/meshes
[8.507s] copying meshes/direction_back_right_1.stl -> /home/rhobtor/PHD/ARGOJ8_IA/install/car/share/car/meshes
[8.507s] copying meshes/direction_back_left_1.stl -> /home/rhobtor/PHD/ARGOJ8_IA/install/car/share/car/meshes
[8.507s] copying meshes/rim_back_left_1.stl -> /home/rhobtor/PHD/ARGOJ8_IA/install/car/share/car/meshes
[8.507s] copying meshes/suspension_front_right_1.stl -> /home/rhobtor/PHD/ARGOJ8_IA/install/car/share/car/meshes
[8.507s] copying meshes/suspension_back_left_1.stl -> /home/rhobtor/PHD/ARGOJ8_IA/install/car/share/car/meshes
[8.508s] creating /home/rhobtor/PHD/ARGOJ8_IA/install/car/share/car/config
[8.508s] copying config/nav2.yaml -> /home/rhobtor/PHD/ARGOJ8_IA/install/car/share/car/config
[8.508s] copying config/ekf_params.yaml -> /home/rhobtor/PHD/ARGOJ8_IA/install/car/share/car/config
[8.508s] copying config/display.rviz -> /home/rhobtor/PHD/ARGOJ8_IA/install/car/share/car/config
[8.508s] copying config/mapper_params_online_async.yaml -> /home/rhobtor/PHD/ARGOJ8_IA/install/car/share/car/config
[8.508s] copying config/octomap.yaml -> /home/rhobtor/PHD/ARGOJ8_IA/install/car/share/car/config
[8.508s] creating /home/rhobtor/PHD/ARGOJ8_IA/install/car/lib/car
[8.508s] running install_egg_info
[8.508s] Copying ../../build/car/car.egg-info to /home/rhobtor/PHD/ARGOJ8_IA/install/car/lib/python3.10/site-packages/car-0.0.0-py3.10.egg-info
[8.508s] running install_scripts
[8.508s] Installing colision_zone script to /home/rhobtor/PHD/ARGOJ8_IA/install/car/lib/car
[8.509s] Installing filter_points_cloud script to /home/rhobtor/PHD/ARGOJ8_IA/install/car/lib/car
[8.509s] Installing frontier_centroid script to /home/rhobtor/PHD/ARGOJ8_IA/install/car/lib/car
[8.516s] Installing inference_full_model script to /home/rhobtor/PHD/ARGOJ8_IA/install/car/lib/car
[8.516s] Installing inference_training_mode_simple script to /home/rhobtor/PHD/ARGOJ8_IA/install/car/lib/car
[8.516s] Installing joystick_control script to /home/rhobtor/PHD/ARGOJ8_IA/install/car/lib/car
[8.516s] Installing keyboard_control script to /home/rhobtor/PHD/ARGOJ8_IA/install/car/lib/car
[8.516s] Installing lidar_detection script to /home/rhobtor/PHD/ARGOJ8_IA/install/car/lib/car
[8.516s] Installing map_navegation script to /home/rhobtor/PHD/ARGOJ8_IA/install/car/lib/car
[8.516s] Installing memory_map script to /home/rhobtor/PHD/ARGOJ8_IA/install/car/lib/car
[8.516s] Installing movement_predictive script to /home/rhobtor/PHD/ARGOJ8_IA/install/car/lib/car
[8.517s] Installing path_ppo_cnn_lstm_full_model script to /home/rhobtor/PHD/ARGOJ8_IA/install/car/lib/car
[8.517s] Installing path_ppo_cnn_lstm_training_init_mode script to /home/rhobtor/PHD/ARGOJ8_IA/install/car/lib/car
[8.517s] Installing path_ppo_cnn_lstm_training_init_mode_simple script to /home/rhobtor/PHD/ARGOJ8_IA/install/car/lib/car
[8.518s] Installing points_goal script to /home/rhobtor/PHD/ARGOJ8_IA/install/car/lib/car
[8.518s] Installing supervisor_node script to /home/rhobtor/PHD/ARGOJ8_IA/install/car/lib/car
[8.518s] writing list of installed files to '/home/rhobtor/PHD/ARGOJ8_IA/build/car/install.log'
[9.036s] Invoked command in '/home/rhobtor/PHD/ARGOJ8_IA/src/car_python' returned '0': AMENT_PREFIX_PATH=/home/rhobtor/PHD/ARGOJ8_IA/install/car_interfaces:${AMENT_PREFIX_PATH} CMAKE_PREFIX_PATH=/home/rhobtor/PHD/ARGOJ8_IA/install/car_interfaces:${CMAKE_PREFIX_PATH} LD_LIBRARY_PATH=/home/rhobtor/PHD/ARGOJ8_IA/install/car_interfaces/lib:${LD_LIBRARY_PATH} PYTHONPATH=/home/rhobtor/PHD/ARGOJ8_IA/build/car/prefix_override:/usr/lib/python3/dist-packages/colcon_core/task/python/colcon_distutils_commands:/home/rhobtor/PHD/ARGOJ8_IA/install/car/lib/python3.10/site-packages:/home/rhobtor/PHD/ARGOJ8_IA/install/car_interfaces/local/lib/python3.10/dist-packages:${PYTHONPATH} /usr/bin/python3 -W ignore:setup.py install is deprecated -W ignore:easy_install command is deprecated setup.py egg_info --egg-base ../../build/car build --build-base /home/rhobtor/PHD/ARGOJ8_IA/build/car/build install --record /home/rhobtor/PHD/ARGOJ8_IA/build/car/install.log --single-version-externally-managed install_data
