[0.021s] Invoking command in '/home/rhobtor/PHD/ARGOJ8_IA/build/argj801_ctl_platform_interfaces': CMAKE_PREFIX_PATH=${CMAKE_PREFIX_PATH}:/home/rhobtor/PHD/ARGOJ8_IA/install/car:/home/rhobtor/PHD/reactive/Reactive-Navegation/workspace_full_conected/install/car:/opt/ros/humble /opt/st/stm32cubeclt_1.18.0/CMake/bin/cmake /home/rhobtor/PHD/ARGOJ8_IA/src/argj801_ctl_platform/argj801_ctl_platform_interfaces -DAMENT_CMAKE_SYMLINK_INSTALL=1 -DCMAKE_INSTALL_PREFIX=/home/rhobtor/PHD/ARGOJ8_IA/install/argj801_ctl_platform_interfaces
[0.028s] -- Found ament_cmake: 1.3.11 (/opt/ros/humble/share/ament_cmake/cmake)
[0.191s] -- Override CMake install command with custom implementation using symlinks instead of copying resources
[0.200s] -- Found rosidl_default_runtime: 1.2.0 (/opt/ros/humble/share/rosidl_default_runtime/cmake)
[0.220s] -- Using all available rosidl_typesupport_c: rosidl_typesupport_fastrtps_c;rosidl_typesupport_introspection_c
[0.223s] -- Found rosidl_adapter: 3.1.6 (/opt/ros/humble/share/rosidl_adapter/cmake)
[0.244s] -- Using all available rosidl_typesupport_cpp: rosidl_typesupport_fastrtps_cpp;rosidl_typesupport_introspection_cpp
[0.266s] -- Found rosidl_default_generators: 1.2.0 (/opt/ros/humble/share/rosidl_default_generators/cmake)
[0.727s] -- Found ament_cmake_ros: 0.10.0 (/opt/ros/humble/share/ament_cmake_ros/cmake)
[1.126s] -- Using all available rosidl_typesupport_c: rosidl_typesupport_fastrtps_c;rosidl_typesupport_introspection_c
[1.648s] -- Using all available rosidl_typesupport_cpp: rosidl_typesupport_fastrtps_cpp;rosidl_typesupport_introspection_cpp
[1.650s] [33mCMake Warning (dev) at /opt/ros/humble/share/rosidl_generator_py/cmake/rosidl_generator_py_generate_interfaces.cmake:20 (find_package):
[1.650s]   Policy CMP0148 is not set: The FindPythonInterp and FindPythonLibs modules
[1.650s]   are removed.  Run "cmake --help-policy CMP0148" for policy details.  Use
[1.650s]   the cmake_policy command to set the policy and suppress this warning.
[1.650s] 
[1.650s] Call Stack (most recent call first):
[1.650s]   /opt/ros/humble/share/ament_cmake_core/cmake/core/ament_execute_extensions.cmake:48 (include)
[1.650s]   /opt/ros/humble/share/rosidl_cmake/cmake/rosidl_generate_interfaces.cmake:286 (ament_execute_extensions)
[1.651s]   CMakeLists.txt:17 (rosidl_generate_interfaces)
[1.651s] This warning is for project developers.  Use -Wno-dev to suppress it.
[1.651s] [0m
[1.671s] -- Found python_cmake_module: 0.10.0 (/opt/ros/humble/share/python_cmake_module/cmake)
[1.672s] [33mCMake Warning (dev) at /opt/ros/humble/share/python_cmake_module/cmake/Modules/FindPythonExtra.cmake:52 (find_package):
[1.672s]   Policy CMP0148 is not set: The FindPythonInterp and FindPythonLibs modules
[1.672s]   are removed.  Run "cmake --help-policy CMP0148" for policy details.  Use
[1.672s]   the cmake_policy command to set the policy and suppress this warning.
[1.672s] 
[1.672s] Call Stack (most recent call first):
[1.672s]   /opt/ros/humble/share/rosidl_generator_py/cmake/rosidl_generator_py_generate_interfaces.cmake:23 (find_package)
[1.672s]   /opt/ros/humble/share/ament_cmake_core/cmake/core/ament_execute_extensions.cmake:48 (include)
[1.672s]   /opt/ros/humble/share/rosidl_cmake/cmake/rosidl_generate_interfaces.cmake:286 (ament_execute_extensions)
[1.672s]   CMakeLists.txt:17 (rosidl_generate_interfaces)
[1.673s] This warning is for project developers.  Use -Wno-dev to suppress it.
[1.673s] [0m
[1.692s] [33mCMake Warning (dev) at /opt/ros/humble/share/python_cmake_module/cmake/Modules/FindPythonExtra.cmake:140 (find_package):
[1.692s]   Policy CMP0148 is not set: The FindPythonInterp and FindPythonLibs modules
[1.692s]   are removed.  Run "cmake --help-policy CMP0148" for policy details.  Use
[1.692s]   the cmake_policy command to set the policy and suppress this warning.
[1.692s] 
[1.692s] Call Stack (most recent call first):
[1.692s]   /opt/ros/humble/share/rosidl_generator_py/cmake/rosidl_generator_py_generate_interfaces.cmake:23 (find_package)
[1.692s]   /opt/ros/humble/share/ament_cmake_core/cmake/core/ament_execute_extensions.cmake:48 (include)
[1.692s]   /opt/ros/humble/share/rosidl_cmake/cmake/rosidl_generate_interfaces.cmake:286 (ament_execute_extensions)
[1.692s]   CMakeLists.txt:17 (rosidl_generate_interfaces)
[1.692s] This warning is for project developers.  Use -Wno-dev to suppress it.
[1.692s] [0m
[1.694s] -- Using PYTHON_EXECUTABLE: /usr/bin/python3
[1.694s] -- Using PYTHON_INCLUDE_DIRS: /usr/include/python3.10
[1.694s] -- Using PYTHON_LIBRARIES: /usr/lib/x86_64-linux-gnu/libpython3.10.so
[1.724s] -- Configuring done (1.7s)
[1.751s] -- Generating done (0.0s)
[1.760s] -- Build files have been written to: /home/rhobtor/PHD/ARGOJ8_IA/build/argj801_ctl_platform_interfaces
[1.763s] Invoked command in '/home/rhobtor/PHD/ARGOJ8_IA/build/argj801_ctl_platform_interfaces' returned '0': CMAKE_PREFIX_PATH=${CMAKE_PREFIX_PATH}:/home/rhobtor/PHD/ARGOJ8_IA/install/car:/home/rhobtor/PHD/reactive/Reactive-Navegation/workspace_full_conected/install/car:/opt/ros/humble /opt/st/stm32cubeclt_1.18.0/CMake/bin/cmake /home/rhobtor/PHD/ARGOJ8_IA/src/argj801_ctl_platform/argj801_ctl_platform_interfaces -DAMENT_CMAKE_SYMLINK_INSTALL=1 -DCMAKE_INSTALL_PREFIX=/home/rhobtor/PHD/ARGOJ8_IA/install/argj801_ctl_platform_interfaces
[1.765s] Invoking command in '/home/rhobtor/PHD/ARGOJ8_IA/build/argj801_ctl_platform_interfaces': CMAKE_PREFIX_PATH=${CMAKE_PREFIX_PATH}:/home/rhobtor/PHD/ARGOJ8_IA/install/car:/home/rhobtor/PHD/reactive/Reactive-Navegation/workspace_full_conected/install/car:/opt/ros/humble /opt/st/stm32cubeclt_1.18.0/CMake/bin/cmake --build /home/rhobtor/PHD/ARGOJ8_IA/build/argj801_ctl_platform_interfaces -- -j16 -l16
[1.788s] [  0%] Built target ament_cmake_python_symlink_argj801_ctl_platform_interfaces
[1.790s] [ 10%] Built target argj801_ctl_platform_interfaces__rosidl_generator_c
[1.790s] [ 12%] Built target argj801_ctl_platform_interfaces__cpp
[1.800s] [ 23%] Built target argj801_ctl_platform_interfaces__rosidl_typesupport_c
[1.801s] [ 34%] Built target argj801_ctl_platform_interfaces__rosidl_typesupport_introspection_c
[1.804s] [ 45%] Built target argj801_ctl_platform_interfaces__rosidl_typesupport_fastrtps_c
[1.815s] [ 56%] Built target argj801_ctl_platform_interfaces__rosidl_typesupport_cpp
[1.817s] [ 67%] Built target argj801_ctl_platform_interfaces__rosidl_typesupport_introspection_cpp
[1.820s] [ 78%] Built target argj801_ctl_platform_interfaces__rosidl_typesupport_fastrtps_cpp
[1.831s] [ 78%] Built target argj801_ctl_platform_interfaces
[1.844s] [ 80%] Built target argj801_ctl_platform_interfaces__py
[1.863s] [ 89%] Built target argj801_ctl_platform_interfaces__rosidl_generator_py
[1.875s] [ 92%] Built target argj801_ctl_platform_interfaces__rosidl_typesupport_c__pyext
[1.875s] [ 96%] Built target argj801_ctl_platform_interfaces__rosidl_typesupport_introspection_c__pyext
[1.878s] [100%] Built target argj801_ctl_platform_interfaces__rosidl_typesupport_fastrtps_c__pyext
[1.985s] running egg_info
[1.986s] writing argj801_ctl_platform_interfaces.egg-info/PKG-INFO
[1.986s] writing dependency_links to argj801_ctl_platform_interfaces.egg-info/dependency_links.txt
[1.986s] writing top-level names to argj801_ctl_platform_interfaces.egg-info/top_level.txt
[1.989s] reading manifest file 'argj801_ctl_platform_interfaces.egg-info/SOURCES.txt'
[1.989s] writing manifest file 'argj801_ctl_platform_interfaces.egg-info/SOURCES.txt'
[2.008s] [100%] Built target ament_cmake_python_build_argj801_ctl_platform_interfaces_egg
[2.014s] Invoked command in '/home/rhobtor/PHD/ARGOJ8_IA/build/argj801_ctl_platform_interfaces' returned '0': CMAKE_PREFIX_PATH=${CMAKE_PREFIX_PATH}:/home/rhobtor/PHD/ARGOJ8_IA/install/car:/home/rhobtor/PHD/reactive/Reactive-Navegation/workspace_full_conected/install/car:/opt/ros/humble /opt/st/stm32cubeclt_1.18.0/CMake/bin/cmake --build /home/rhobtor/PHD/ARGOJ8_IA/build/argj801_ctl_platform_interfaces -- -j16 -l16
[2.015s] Invoking command in '/home/rhobtor/PHD/ARGOJ8_IA/build/argj801_ctl_platform_interfaces': CMAKE_PREFIX_PATH=${CMAKE_PREFIX_PATH}:/home/rhobtor/PHD/ARGOJ8_IA/install/car:/home/rhobtor/PHD/reactive/Reactive-Navegation/workspace_full_conected/install/car:/opt/ros/humble /opt/st/stm32cubeclt_1.18.0/CMake/bin/cmake --install /home/rhobtor/PHD/ARGOJ8_IA/build/argj801_ctl_platform_interfaces
[2.018s] -- Install configuration: ""
[2.019s] -- Execute custom install script
[2.019s] -- Up-to-date symlink: /home/rhobtor/PHD/ARGOJ8_IA/install/argj801_ctl_platform_interfaces/share/ament_index/resource_index/rosidl_interfaces/argj801_ctl_platform_interfaces
[2.020s] -- Up-to-date symlink: /home/rhobtor/PHD/ARGOJ8_IA/install/argj801_ctl_platform_interfaces/include/argj801_ctl_platform_interfaces/argj801_ctl_platform_interfaces/msg/cmd_throttle_msg.h
[2.020s] -- Up-to-date symlink: /home/rhobtor/PHD/ARGOJ8_IA/install/argj801_ctl_platform_interfaces/include/argj801_ctl_platform_interfaces/argj801_ctl_platform_interfaces/msg/detail/cmd_throttle_msg__functions.h
[2.020s] -- Up-to-date symlink: /home/rhobtor/PHD/ARGOJ8_IA/install/argj801_ctl_platform_interfaces/include/argj801_ctl_platform_interfaces/argj801_ctl_platform_interfaces/msg/detail/cmd_throttle_msg__struct.h
[2.020s] -- Up-to-date symlink: /home/rhobtor/PHD/ARGOJ8_IA/install/argj801_ctl_platform_interfaces/include/argj801_ctl_platform_interfaces/argj801_ctl_platform_interfaces/msg/detail/cmd_throttle_msg__type_support.h
[2.020s] -- Up-to-date symlink: /home/rhobtor/PHD/ARGOJ8_IA/install/argj801_ctl_platform_interfaces/include/argj801_ctl_platform_interfaces/argj801_ctl_platform_interfaces/msg/rosidl_generator_c__visibility_control.h
[2.020s] -- Up-to-date symlink: /home/rhobtor/PHD/ARGOJ8_IA/install/argj801_ctl_platform_interfaces/include/argj801_ctl_platform_interfaces/argj801_ctl_platform_interfaces/srv/detail/emergency_stop__functions.h
[2.021s] -- Up-to-date symlink: /home/rhobtor/PHD/ARGOJ8_IA/install/argj801_ctl_platform_interfaces/include/argj801_ctl_platform_interfaces/argj801_ctl_platform_interfaces/srv/detail/emergency_stop__struct.h
[2.021s] -- Up-to-date symlink: /home/rhobtor/PHD/ARGOJ8_IA/install/argj801_ctl_platform_interfaces/include/argj801_ctl_platform_interfaces/argj801_ctl_platform_interfaces/srv/detail/emergency_stop__type_support.h
[2.021s] -- Up-to-date symlink: /home/rhobtor/PHD/ARGOJ8_IA/install/argj801_ctl_platform_interfaces/include/argj801_ctl_platform_interfaces/argj801_ctl_platform_interfaces/srv/detail/get_velocity__functions.h
[2.021s] -- Up-to-date symlink: /home/rhobtor/PHD/ARGOJ8_IA/install/argj801_ctl_platform_interfaces/include/argj801_ctl_platform_interfaces/argj801_ctl_platform_interfaces/srv/detail/get_velocity__struct.h
[2.021s] -- Up-to-date symlink: /home/rhobtor/PHD/ARGOJ8_IA/install/argj801_ctl_platform_interfaces/include/argj801_ctl_platform_interfaces/argj801_ctl_platform_interfaces/srv/detail/get_velocity__type_support.h
[2.021s] -- Up-to-date symlink: /home/rhobtor/PHD/ARGOJ8_IA/install/argj801_ctl_platform_interfaces/include/argj801_ctl_platform_interfaces/argj801_ctl_platform_interfaces/srv/detail/set_velocity__functions.h
[2.021s] -- Up-to-date symlink: /home/rhobtor/PHD/ARGOJ8_IA/install/argj801_ctl_platform_interfaces/include/argj801_ctl_platform_interfaces/argj801_ctl_platform_interfaces/srv/detail/set_velocity__struct.h
[2.021s] -- Up-to-date symlink: /home/rhobtor/PHD/ARGOJ8_IA/install/argj801_ctl_platform_interfaces/include/argj801_ctl_platform_interfaces/argj801_ctl_platform_interfaces/srv/detail/set_velocity__type_support.h
[2.021s] -- Up-to-date symlink: /home/rhobtor/PHD/ARGOJ8_IA/install/argj801_ctl_platform_interfaces/include/argj801_ctl_platform_interfaces/argj801_ctl_platform_interfaces/srv/emergency_stop.h
[2.021s] -- Up-to-date symlink: /home/rhobtor/PHD/ARGOJ8_IA/install/argj801_ctl_platform_interfaces/include/argj801_ctl_platform_interfaces/argj801_ctl_platform_interfaces/srv/get_velocity.h
[2.022s] -- Up-to-date symlink: /home/rhobtor/PHD/ARGOJ8_IA/install/argj801_ctl_platform_interfaces/include/argj801_ctl_platform_interfaces/argj801_ctl_platform_interfaces/srv/set_velocity.h
[2.022s] -- Up-to-date symlink: /home/rhobtor/PHD/ARGOJ8_IA/install/argj801_ctl_platform_interfaces/share/argj801_ctl_platform_interfaces/environment/library_path.sh
[2.022s] -- Up-to-date symlink: /home/rhobtor/PHD/ARGOJ8_IA/install/argj801_ctl_platform_interfaces/share/argj801_ctl_platform_interfaces/environment/library_path.dsv
[2.022s] -- Up-to-date symlink: /home/rhobtor/PHD/ARGOJ8_IA/install/argj801_ctl_platform_interfaces/include/argj801_ctl_platform_interfaces/argj801_ctl_platform_interfaces/msg/detail/cmd_throttle_msg__rosidl_typesupport_fastrtps_c.h
[2.022s] -- Up-to-date symlink: /home/rhobtor/PHD/ARGOJ8_IA/install/argj801_ctl_platform_interfaces/include/argj801_ctl_platform_interfaces/argj801_ctl_platform_interfaces/msg/rosidl_typesupport_fastrtps_c__visibility_control.h
[2.022s] -- Up-to-date symlink: /home/rhobtor/PHD/ARGOJ8_IA/install/argj801_ctl_platform_interfaces/include/argj801_ctl_platform_interfaces/argj801_ctl_platform_interfaces/srv/detail/emergency_stop__rosidl_typesupport_fastrtps_c.h
[2.022s] -- Up-to-date symlink: /home/rhobtor/PHD/ARGOJ8_IA/install/argj801_ctl_platform_interfaces/include/argj801_ctl_platform_interfaces/argj801_ctl_platform_interfaces/srv/detail/get_velocity__rosidl_typesupport_fastrtps_c.h
[2.022s] -- Up-to-date symlink: /home/rhobtor/PHD/ARGOJ8_IA/install/argj801_ctl_platform_interfaces/include/argj801_ctl_platform_interfaces/argj801_ctl_platform_interfaces/srv/detail/set_velocity__rosidl_typesupport_fastrtps_c.h
[2.022s] -- Up-to-date symlink: /home/rhobtor/PHD/ARGOJ8_IA/install/argj801_ctl_platform_interfaces/include/argj801_ctl_platform_interfaces/argj801_ctl_platform_interfaces/msg/detail/cmd_throttle_msg__rosidl_typesupport_introspection_c.h
[2.022s] -- Up-to-date symlink: /home/rhobtor/PHD/ARGOJ8_IA/install/argj801_ctl_platform_interfaces/include/argj801_ctl_platform_interfaces/argj801_ctl_platform_interfaces/msg/rosidl_typesupport_introspection_c__visibility_control.h
[2.022s] -- Up-to-date symlink: /home/rhobtor/PHD/ARGOJ8_IA/install/argj801_ctl_platform_interfaces/include/argj801_ctl_platform_interfaces/argj801_ctl_platform_interfaces/srv/detail/emergency_stop__rosidl_typesupport_introspection_c.h
[2.023s] -- Up-to-date symlink: /home/rhobtor/PHD/ARGOJ8_IA/install/argj801_ctl_platform_interfaces/include/argj801_ctl_platform_interfaces/argj801_ctl_platform_interfaces/srv/detail/get_velocity__rosidl_typesupport_introspection_c.h
[2.023s] -- Up-to-date symlink: /home/rhobtor/PHD/ARGOJ8_IA/install/argj801_ctl_platform_interfaces/include/argj801_ctl_platform_interfaces/argj801_ctl_platform_interfaces/srv/detail/set_velocity__rosidl_typesupport_introspection_c.h
[2.023s] -- Up-to-date symlink: /home/rhobtor/PHD/ARGOJ8_IA/install/argj801_ctl_platform_interfaces/include/argj801_ctl_platform_interfaces/argj801_ctl_platform_interfaces/msg/cmd_throttle_msg.hpp
[2.023s] -- Up-to-date symlink: /home/rhobtor/PHD/ARGOJ8_IA/install/argj801_ctl_platform_interfaces/include/argj801_ctl_platform_interfaces/argj801_ctl_platform_interfaces/msg/detail/cmd_throttle_msg__builder.hpp
[2.023s] -- Up-to-date symlink: /home/rhobtor/PHD/ARGOJ8_IA/install/argj801_ctl_platform_interfaces/include/argj801_ctl_platform_interfaces/argj801_ctl_platform_interfaces/msg/detail/cmd_throttle_msg__struct.hpp
[2.023s] -- Up-to-date symlink: /home/rhobtor/PHD/ARGOJ8_IA/install/argj801_ctl_platform_interfaces/include/argj801_ctl_platform_interfaces/argj801_ctl_platform_interfaces/msg/detail/cmd_throttle_msg__traits.hpp
[2.023s] -- Up-to-date symlink: /home/rhobtor/PHD/ARGOJ8_IA/install/argj801_ctl_platform_interfaces/include/argj801_ctl_platform_interfaces/argj801_ctl_platform_interfaces/msg/detail/cmd_throttle_msg__type_support.hpp
[2.024s] -- Up-to-date symlink: /home/rhobtor/PHD/ARGOJ8_IA/install/argj801_ctl_platform_interfaces/include/argj801_ctl_platform_interfaces/argj801_ctl_platform_interfaces/msg/rosidl_generator_cpp__visibility_control.hpp
[2.024s] -- Up-to-date symlink: /home/rhobtor/PHD/ARGOJ8_IA/install/argj801_ctl_platform_interfaces/include/argj801_ctl_platform_interfaces/argj801_ctl_platform_interfaces/srv/detail/emergency_stop__builder.hpp
[2.024s] -- Up-to-date symlink: /home/rhobtor/PHD/ARGOJ8_IA/install/argj801_ctl_platform_interfaces/include/argj801_ctl_platform_interfaces/argj801_ctl_platform_interfaces/srv/detail/emergency_stop__struct.hpp
[2.024s] -- Up-to-date symlink: /home/rhobtor/PHD/ARGOJ8_IA/install/argj801_ctl_platform_interfaces/include/argj801_ctl_platform_interfaces/argj801_ctl_platform_interfaces/srv/detail/emergency_stop__traits.hpp
[2.024s] -- Up-to-date symlink: /home/rhobtor/PHD/ARGOJ8_IA/install/argj801_ctl_platform_interfaces/include/argj801_ctl_platform_interfaces/argj801_ctl_platform_interfaces/srv/detail/emergency_stop__type_support.hpp
[2.024s] -- Up-to-date symlink: /home/rhobtor/PHD/ARGOJ8_IA/install/argj801_ctl_platform_interfaces/include/argj801_ctl_platform_interfaces/argj801_ctl_platform_interfaces/srv/detail/get_velocity__builder.hpp
[2.024s] -- Up-to-date symlink: /home/rhobtor/PHD/ARGOJ8_IA/install/argj801_ctl_platform_interfaces/include/argj801_ctl_platform_interfaces/argj801_ctl_platform_interfaces/srv/detail/get_velocity__struct.hpp
[2.024s] -- Up-to-date symlink: /home/rhobtor/PHD/ARGOJ8_IA/install/argj801_ctl_platform_interfaces/include/argj801_ctl_platform_interfaces/argj801_ctl_platform_interfaces/srv/detail/get_velocity__traits.hpp
[2.024s] -- Up-to-date symlink: /home/rhobtor/PHD/ARGOJ8_IA/install/argj801_ctl_platform_interfaces/include/argj801_ctl_platform_interfaces/argj801_ctl_platform_interfaces/srv/detail/get_velocity__type_support.hpp
[2.025s] -- Up-to-date symlink: /home/rhobtor/PHD/ARGOJ8_IA/install/argj801_ctl_platform_interfaces/include/argj801_ctl_platform_interfaces/argj801_ctl_platform_interfaces/srv/detail/set_velocity__builder.hpp
[2.025s] -- Up-to-date symlink: /home/rhobtor/PHD/ARGOJ8_IA/install/argj801_ctl_platform_interfaces/include/argj801_ctl_platform_interfaces/argj801_ctl_platform_interfaces/srv/detail/set_velocity__struct.hpp
[2.025s] -- Up-to-date symlink: /home/rhobtor/PHD/ARGOJ8_IA/install/argj801_ctl_platform_interfaces/include/argj801_ctl_platform_interfaces/argj801_ctl_platform_interfaces/srv/detail/set_velocity__traits.hpp
[2.025s] -- Up-to-date symlink: /home/rhobtor/PHD/ARGOJ8_IA/install/argj801_ctl_platform_interfaces/include/argj801_ctl_platform_interfaces/argj801_ctl_platform_interfaces/srv/detail/set_velocity__type_support.hpp
[2.025s] -- Up-to-date symlink: /home/rhobtor/PHD/ARGOJ8_IA/install/argj801_ctl_platform_interfaces/include/argj801_ctl_platform_interfaces/argj801_ctl_platform_interfaces/srv/emergency_stop.hpp
[2.025s] -- Up-to-date symlink: /home/rhobtor/PHD/ARGOJ8_IA/install/argj801_ctl_platform_interfaces/include/argj801_ctl_platform_interfaces/argj801_ctl_platform_interfaces/srv/get_velocity.hpp
[2.025s] -- Up-to-date symlink: /home/rhobtor/PHD/ARGOJ8_IA/install/argj801_ctl_platform_interfaces/include/argj801_ctl_platform_interfaces/argj801_ctl_platform_interfaces/srv/set_velocity.hpp
[2.025s] -- Up-to-date symlink: /home/rhobtor/PHD/ARGOJ8_IA/install/argj801_ctl_platform_interfaces/include/argj801_ctl_platform_interfaces/argj801_ctl_platform_interfaces/msg/detail/cmd_throttle_msg__rosidl_typesupport_fastrtps_cpp.hpp
[2.025s] -- Up-to-date symlink: /home/rhobtor/PHD/ARGOJ8_IA/install/argj801_ctl_platform_interfaces/include/argj801_ctl_platform_interfaces/argj801_ctl_platform_interfaces/msg/rosidl_typesupport_fastrtps_cpp__visibility_control.h
[2.025s] -- Up-to-date symlink: /home/rhobtor/PHD/ARGOJ8_IA/install/argj801_ctl_platform_interfaces/include/argj801_ctl_platform_interfaces/argj801_ctl_platform_interfaces/srv/detail/emergency_stop__rosidl_typesupport_fastrtps_cpp.hpp
[2.026s] -- Up-to-date symlink: /home/rhobtor/PHD/ARGOJ8_IA/install/argj801_ctl_platform_interfaces/include/argj801_ctl_platform_interfaces/argj801_ctl_platform_interfaces/srv/detail/get_velocity__rosidl_typesupport_fastrtps_cpp.hpp
[2.026s] -- Up-to-date symlink: /home/rhobtor/PHD/ARGOJ8_IA/install/argj801_ctl_platform_interfaces/include/argj801_ctl_platform_interfaces/argj801_ctl_platform_interfaces/srv/detail/set_velocity__rosidl_typesupport_fastrtps_cpp.hpp
[2.026s] -- Up-to-date symlink: /home/rhobtor/PHD/ARGOJ8_IA/install/argj801_ctl_platform_interfaces/include/argj801_ctl_platform_interfaces/argj801_ctl_platform_interfaces/msg/detail/cmd_throttle_msg__rosidl_typesupport_introspection_cpp.hpp
[2.026s] -- Up-to-date symlink: /home/rhobtor/PHD/ARGOJ8_IA/install/argj801_ctl_platform_interfaces/include/argj801_ctl_platform_interfaces/argj801_ctl_platform_interfaces/srv/detail/emergency_stop__rosidl_typesupport_introspection_cpp.hpp
[2.026s] -- Up-to-date symlink: /home/rhobtor/PHD/ARGOJ8_IA/install/argj801_ctl_platform_interfaces/include/argj801_ctl_platform_interfaces/argj801_ctl_platform_interfaces/srv/detail/get_velocity__rosidl_typesupport_introspection_cpp.hpp
[2.026s] -- Up-to-date symlink: /home/rhobtor/PHD/ARGOJ8_IA/install/argj801_ctl_platform_interfaces/include/argj801_ctl_platform_interfaces/argj801_ctl_platform_interfaces/srv/detail/set_velocity__rosidl_typesupport_introspection_cpp.hpp
[2.026s] -- Up-to-date symlink: /home/rhobtor/PHD/ARGOJ8_IA/install/argj801_ctl_platform_interfaces/share/argj801_ctl_platform_interfaces/environment/pythonpath.sh
[2.026s] -- Up-to-date symlink: /home/rhobtor/PHD/ARGOJ8_IA/install/argj801_ctl_platform_interfaces/share/argj801_ctl_platform_interfaces/environment/pythonpath.dsv
[2.026s] -- Up-to-date symlink: /home/rhobtor/PHD/ARGOJ8_IA/install/argj801_ctl_platform_interfaces/local/lib/python3.10/dist-packages/argj801_ctl_platform_interfaces-0.0.0-py3.10.egg-info/PKG-INFO
[2.026s] -- Up-to-date symlink: /home/rhobtor/PHD/ARGOJ8_IA/install/argj801_ctl_platform_interfaces/local/lib/python3.10/dist-packages/argj801_ctl_platform_interfaces-0.0.0-py3.10.egg-info/SOURCES.txt
[2.026s] -- Up-to-date symlink: /home/rhobtor/PHD/ARGOJ8_IA/install/argj801_ctl_platform_interfaces/local/lib/python3.10/dist-packages/argj801_ctl_platform_interfaces-0.0.0-py3.10.egg-info/dependency_links.txt
[2.027s] -- Up-to-date symlink: /home/rhobtor/PHD/ARGOJ8_IA/install/argj801_ctl_platform_interfaces/local/lib/python3.10/dist-packages/argj801_ctl_platform_interfaces-0.0.0-py3.10.egg-info/top_level.txt
[2.027s] -- Up-to-date symlink: /home/rhobtor/PHD/ARGOJ8_IA/install/argj801_ctl_platform_interfaces/local/lib/python3.10/dist-packages/argj801_ctl_platform_interfaces/__init__.py
[2.027s] -- Up-to-date symlink: /home/rhobtor/PHD/ARGOJ8_IA/install/argj801_ctl_platform_interfaces/local/lib/python3.10/dist-packages/argj801_ctl_platform_interfaces/_argj801_ctl_platform_interfaces_s.ep.rosidl_typesupport_c.c
[2.027s] -- Up-to-date symlink: /home/rhobtor/PHD/ARGOJ8_IA/install/argj801_ctl_platform_interfaces/local/lib/python3.10/dist-packages/argj801_ctl_platform_interfaces/_argj801_ctl_platform_interfaces_s.ep.rosidl_typesupport_fastrtps_c.c
[2.027s] -- Up-to-date symlink: /home/rhobtor/PHD/ARGOJ8_IA/install/argj801_ctl_platform_interfaces/local/lib/python3.10/dist-packages/argj801_ctl_platform_interfaces/_argj801_ctl_platform_interfaces_s.ep.rosidl_typesupport_introspection_c.c
[2.027s] -- Up-to-date symlink: /home/rhobtor/PHD/ARGOJ8_IA/install/argj801_ctl_platform_interfaces/local/lib/python3.10/dist-packages/argj801_ctl_platform_interfaces/argj801_ctl_platform_interfaces_s__rosidl_typesupport_c.cpython-310-x86_64-linux-gnu.so
[2.027s] -- Up-to-date symlink: /home/rhobtor/PHD/ARGOJ8_IA/install/argj801_ctl_platform_interfaces/local/lib/python3.10/dist-packages/argj801_ctl_platform_interfaces/argj801_ctl_platform_interfaces_s__rosidl_typesupport_fastrtps_c.cpython-310-x86_64-linux-gnu.so
[2.027s] -- Up-to-date symlink: /home/rhobtor/PHD/ARGOJ8_IA/install/argj801_ctl_platform_interfaces/local/lib/python3.10/dist-packages/argj801_ctl_platform_interfaces/argj801_ctl_platform_interfaces_s__rosidl_typesupport_introspection_c.cpython-310-x86_64-linux-gnu.so
[2.027s] -- Up-to-date symlink: /home/rhobtor/PHD/ARGOJ8_IA/install/argj801_ctl_platform_interfaces/local/lib/python3.10/dist-packages/argj801_ctl_platform_interfaces/libargj801_ctl_platform_interfaces__rosidl_generator_py.so
[2.027s] -- Up-to-date symlink: /home/rhobtor/PHD/ARGOJ8_IA/install/argj801_ctl_platform_interfaces/local/lib/python3.10/dist-packages/argj801_ctl_platform_interfaces/msg/__init__.py
[2.028s] -- Up-to-date symlink: /home/rhobtor/PHD/ARGOJ8_IA/install/argj801_ctl_platform_interfaces/local/lib/python3.10/dist-packages/argj801_ctl_platform_interfaces/msg/_cmd_throttle_msg.py
[2.028s] -- Up-to-date symlink: /home/rhobtor/PHD/ARGOJ8_IA/install/argj801_ctl_platform_interfaces/local/lib/python3.10/dist-packages/argj801_ctl_platform_interfaces/msg/_cmd_throttle_msg_s.c
[2.028s] -- Up-to-date symlink: /home/rhobtor/PHD/ARGOJ8_IA/install/argj801_ctl_platform_interfaces/local/lib/python3.10/dist-packages/argj801_ctl_platform_interfaces/srv/__init__.py
[2.028s] -- Up-to-date symlink: /home/rhobtor/PHD/ARGOJ8_IA/install/argj801_ctl_platform_interfaces/local/lib/python3.10/dist-packages/argj801_ctl_platform_interfaces/srv/_emergency_stop.py
[2.028s] -- Up-to-date symlink: /home/rhobtor/PHD/ARGOJ8_IA/install/argj801_ctl_platform_interfaces/local/lib/python3.10/dist-packages/argj801_ctl_platform_interfaces/srv/_emergency_stop_s.c
[2.028s] -- Up-to-date symlink: /home/rhobtor/PHD/ARGOJ8_IA/install/argj801_ctl_platform_interfaces/local/lib/python3.10/dist-packages/argj801_ctl_platform_interfaces/srv/_get_velocity.py
[2.028s] -- Up-to-date symlink: /home/rhobtor/PHD/ARGOJ8_IA/install/argj801_ctl_platform_interfaces/local/lib/python3.10/dist-packages/argj801_ctl_platform_interfaces/srv/_get_velocity_s.c
[2.028s] -- Up-to-date symlink: /home/rhobtor/PHD/ARGOJ8_IA/install/argj801_ctl_platform_interfaces/local/lib/python3.10/dist-packages/argj801_ctl_platform_interfaces/srv/_set_velocity.py
[2.028s] -- Up-to-date symlink: /home/rhobtor/PHD/ARGOJ8_IA/install/argj801_ctl_platform_interfaces/local/lib/python3.10/dist-packages/argj801_ctl_platform_interfaces/srv/_set_velocity_s.c
[2.028s] -- Up-to-date symlink: /home/rhobtor/PHD/ARGOJ8_IA/install/argj801_ctl_platform_interfaces/local/lib/python3.10/dist-packages/argj801_ctl_platform_interfaces/argj801_ctl_platform_interfaces_s__rosidl_typesupport_fastrtps_c.cpython-310-x86_64-linux-gnu.so
[2.028s] -- Up-to-date symlink: /home/rhobtor/PHD/ARGOJ8_IA/install/argj801_ctl_platform_interfaces/local/lib/python3.10/dist-packages/argj801_ctl_platform_interfaces/argj801_ctl_platform_interfaces_s__rosidl_typesupport_introspection_c.cpython-310-x86_64-linux-gnu.so
[2.029s] -- Up-to-date symlink: /home/rhobtor/PHD/ARGOJ8_IA/install/argj801_ctl_platform_interfaces/local/lib/python3.10/dist-packages/argj801_ctl_platform_interfaces/argj801_ctl_platform_interfaces_s__rosidl_typesupport_c.cpython-310-x86_64-linux-gnu.so
[2.029s] -- Up-to-date symlink: /home/rhobtor/PHD/ARGOJ8_IA/install/argj801_ctl_platform_interfaces/share/argj801_ctl_platform_interfaces/srv/SetVelocity.idl
[2.029s] -- Up-to-date symlink: /home/rhobtor/PHD/ARGOJ8_IA/install/argj801_ctl_platform_interfaces/share/argj801_ctl_platform_interfaces/srv/GetVelocity.idl
[2.029s] -- Up-to-date symlink: /home/rhobtor/PHD/ARGOJ8_IA/install/argj801_ctl_platform_interfaces/share/argj801_ctl_platform_interfaces/srv/EmergencyStop.idl
[2.029s] -- Up-to-date symlink: /home/rhobtor/PHD/ARGOJ8_IA/install/argj801_ctl_platform_interfaces/share/argj801_ctl_platform_interfaces/msg/CmdThrottleMsg.idl
[2.029s] -- Up-to-date symlink: /home/rhobtor/PHD/ARGOJ8_IA/install/argj801_ctl_platform_interfaces/share/argj801_ctl_platform_interfaces/srv/SetVelocity.srv
[2.029s] -- Up-to-date symlink: /home/rhobtor/PHD/ARGOJ8_IA/install/argj801_ctl_platform_interfaces/share/argj801_ctl_platform_interfaces/srv/SetVelocity_Request.msg
[2.029s] -- Up-to-date symlink: /home/rhobtor/PHD/ARGOJ8_IA/install/argj801_ctl_platform_interfaces/share/argj801_ctl_platform_interfaces/srv/SetVelocity_Response.msg
[2.029s] -- Up-to-date symlink: /home/rhobtor/PHD/ARGOJ8_IA/install/argj801_ctl_platform_interfaces/share/argj801_ctl_platform_interfaces/srv/GetVelocity.srv
[2.029s] -- Up-to-date symlink: /home/rhobtor/PHD/ARGOJ8_IA/install/argj801_ctl_platform_interfaces/share/argj801_ctl_platform_interfaces/srv/GetVelocity_Request.msg
[2.029s] -- Up-to-date symlink: /home/rhobtor/PHD/ARGOJ8_IA/install/argj801_ctl_platform_interfaces/share/argj801_ctl_platform_interfaces/srv/GetVelocity_Response.msg
[2.029s] -- Up-to-date symlink: /home/rhobtor/PHD/ARGOJ8_IA/install/argj801_ctl_platform_interfaces/share/argj801_ctl_platform_interfaces/srv/EmergencyStop.srv
[2.029s] -- Up-to-date symlink: /home/rhobtor/PHD/ARGOJ8_IA/install/argj801_ctl_platform_interfaces/share/argj801_ctl_platform_interfaces/srv/EmergencyStop_Request.msg
[2.029s] -- Up-to-date symlink: /home/rhobtor/PHD/ARGOJ8_IA/install/argj801_ctl_platform_interfaces/share/argj801_ctl_platform_interfaces/srv/EmergencyStop_Response.msg
[2.029s] -- Up-to-date symlink: /home/rhobtor/PHD/ARGOJ8_IA/install/argj801_ctl_platform_interfaces/share/argj801_ctl_platform_interfaces/msg/CmdThrottleMsg.msg
[2.029s] -- Up-to-date symlink: /home/rhobtor/PHD/ARGOJ8_IA/install/argj801_ctl_platform_interfaces/share/ament_index/resource_index/package_run_dependencies/argj801_ctl_platform_interfaces
[2.029s] -- Up-to-date symlink: /home/rhobtor/PHD/ARGOJ8_IA/install/argj801_ctl_platform_interfaces/share/ament_index/resource_index/parent_prefix_path/argj801_ctl_platform_interfaces
[2.029s] -- Up-to-date symlink: /home/rhobtor/PHD/ARGOJ8_IA/install/argj801_ctl_platform_interfaces/share/argj801_ctl_platform_interfaces/environment/ament_prefix_path.sh
[2.029s] -- Up-to-date symlink: /home/rhobtor/PHD/ARGOJ8_IA/install/argj801_ctl_platform_interfaces/share/argj801_ctl_platform_interfaces/environment/ament_prefix_path.dsv
[2.030s] -- Up-to-date symlink: /home/rhobtor/PHD/ARGOJ8_IA/install/argj801_ctl_platform_interfaces/share/argj801_ctl_platform_interfaces/environment/path.sh
[2.030s] -- Up-to-date symlink: /home/rhobtor/PHD/ARGOJ8_IA/install/argj801_ctl_platform_interfaces/share/argj801_ctl_platform_interfaces/environment/path.dsv
[2.030s] -- Up-to-date symlink: /home/rhobtor/PHD/ARGOJ8_IA/install/argj801_ctl_platform_interfaces/share/argj801_ctl_platform_interfaces/local_setup.bash
[2.030s] -- Up-to-date symlink: /home/rhobtor/PHD/ARGOJ8_IA/install/argj801_ctl_platform_interfaces/share/argj801_ctl_platform_interfaces/local_setup.sh
[2.030s] -- Up-to-date symlink: /home/rhobtor/PHD/ARGOJ8_IA/install/argj801_ctl_platform_interfaces/share/argj801_ctl_platform_interfaces/local_setup.zsh
[2.030s] -- Up-to-date symlink: /home/rhobtor/PHD/ARGOJ8_IA/install/argj801_ctl_platform_interfaces/share/argj801_ctl_platform_interfaces/local_setup.dsv
[2.030s] -- Symlinking: /home/rhobtor/PHD/ARGOJ8_IA/install/argj801_ctl_platform_interfaces/share/argj801_ctl_platform_interfaces/package.dsv
[2.033s] -- Up-to-date symlink: /home/rhobtor/PHD/ARGOJ8_IA/install/argj801_ctl_platform_interfaces/share/ament_index/resource_index/packages/argj801_ctl_platform_interfaces
[2.033s] -- Up-to-date symlink: /home/rhobtor/PHD/ARGOJ8_IA/install/argj801_ctl_platform_interfaces/share/argj801_ctl_platform_interfaces/cmake/rosidl_cmake-extras.cmake
[2.033s] -- Up-to-date symlink: /home/rhobtor/PHD/ARGOJ8_IA/install/argj801_ctl_platform_interfaces/share/argj801_ctl_platform_interfaces/cmake/ament_cmake_export_include_directories-extras.cmake
[2.033s] -- Up-to-date symlink: /home/rhobtor/PHD/ARGOJ8_IA/install/argj801_ctl_platform_interfaces/share/argj801_ctl_platform_interfaces/cmake/ament_cmake_export_libraries-extras.cmake
[2.033s] -- Up-to-date symlink: /home/rhobtor/PHD/ARGOJ8_IA/install/argj801_ctl_platform_interfaces/share/argj801_ctl_platform_interfaces/cmake/ament_cmake_export_targets-extras.cmake
[2.034s] -- Up-to-date symlink: /home/rhobtor/PHD/ARGOJ8_IA/install/argj801_ctl_platform_interfaces/share/argj801_ctl_platform_interfaces/cmake/rosidl_cmake_export_typesupport_targets-extras.cmake
[2.034s] -- Up-to-date symlink: /home/rhobtor/PHD/ARGOJ8_IA/install/argj801_ctl_platform_interfaces/share/argj801_ctl_platform_interfaces/cmake/ament_cmake_export_dependencies-extras.cmake
[2.034s] -- Up-to-date symlink: /home/rhobtor/PHD/ARGOJ8_IA/install/argj801_ctl_platform_interfaces/share/argj801_ctl_platform_interfaces/cmake/rosidl_cmake_export_typesupport_libraries-extras.cmake
[2.034s] -- Up-to-date symlink: /home/rhobtor/PHD/ARGOJ8_IA/install/argj801_ctl_platform_interfaces/share/argj801_ctl_platform_interfaces/cmake/argj801_ctl_platform_interfacesConfig.cmake
[2.034s] -- Up-to-date symlink: /home/rhobtor/PHD/ARGOJ8_IA/install/argj801_ctl_platform_interfaces/share/argj801_ctl_platform_interfaces/cmake/argj801_ctl_platform_interfacesConfig-version.cmake
[2.034s] -- Up-to-date symlink: /home/rhobtor/PHD/ARGOJ8_IA/install/argj801_ctl_platform_interfaces/share/argj801_ctl_platform_interfaces/package.xml
[2.035s] -- Up-to-date: /home/rhobtor/PHD/ARGOJ8_IA/install/argj801_ctl_platform_interfaces/lib/libargj801_ctl_platform_interfaces__rosidl_generator_c.so
[2.035s] -- Up-to-date: /home/rhobtor/PHD/ARGOJ8_IA/install/argj801_ctl_platform_interfaces/lib/libargj801_ctl_platform_interfaces__rosidl_typesupport_fastrtps_c.so
[2.035s] -- Up-to-date: /home/rhobtor/PHD/ARGOJ8_IA/install/argj801_ctl_platform_interfaces/lib/libargj801_ctl_platform_interfaces__rosidl_typesupport_introspection_c.so
[2.035s] -- Up-to-date: /home/rhobtor/PHD/ARGOJ8_IA/install/argj801_ctl_platform_interfaces/lib/libargj801_ctl_platform_interfaces__rosidl_typesupport_c.so
[2.036s] -- Up-to-date: /home/rhobtor/PHD/ARGOJ8_IA/install/argj801_ctl_platform_interfaces/lib/libargj801_ctl_platform_interfaces__rosidl_typesupport_fastrtps_cpp.so
[2.036s] -- Up-to-date: /home/rhobtor/PHD/ARGOJ8_IA/install/argj801_ctl_platform_interfaces/lib/libargj801_ctl_platform_interfaces__rosidl_typesupport_introspection_cpp.so
[2.036s] -- Up-to-date: /home/rhobtor/PHD/ARGOJ8_IA/install/argj801_ctl_platform_interfaces/lib/libargj801_ctl_platform_interfaces__rosidl_typesupport_cpp.so
[2.065s] Listing '/home/rhobtor/PHD/ARGOJ8_IA/install/argj801_ctl_platform_interfaces/local/lib/python3.10/dist-packages/argj801_ctl_platform_interfaces'...
[2.065s] Compiling '/home/rhobtor/PHD/ARGOJ8_IA/install/argj801_ctl_platform_interfaces/local/lib/python3.10/dist-packages/argj801_ctl_platform_interfaces/__init__.py'...
[2.065s] Listing '/home/rhobtor/PHD/ARGOJ8_IA/install/argj801_ctl_platform_interfaces/local/lib/python3.10/dist-packages/argj801_ctl_platform_interfaces/msg'...
[2.065s] Listing '/home/rhobtor/PHD/ARGOJ8_IA/install/argj801_ctl_platform_interfaces/local/lib/python3.10/dist-packages/argj801_ctl_platform_interfaces/srv'...
[2.069s] -- Up-to-date: /home/rhobtor/PHD/ARGOJ8_IA/install/argj801_ctl_platform_interfaces/lib/libargj801_ctl_platform_interfaces__rosidl_generator_py.so
[2.070s] -- Up-to-date: /home/rhobtor/PHD/ARGOJ8_IA/install/argj801_ctl_platform_interfaces/share/argj801_ctl_platform_interfaces/cmake/export_argj801_ctl_platform_interfaces__rosidl_generator_cExport.cmake
[2.070s] -- Up-to-date: /home/rhobtor/PHD/ARGOJ8_IA/install/argj801_ctl_platform_interfaces/share/argj801_ctl_platform_interfaces/cmake/export_argj801_ctl_platform_interfaces__rosidl_generator_cExport-noconfig.cmake
[2.070s] -- Up-to-date: /home/rhobtor/PHD/ARGOJ8_IA/install/argj801_ctl_platform_interfaces/share/argj801_ctl_platform_interfaces/cmake/export_argj801_ctl_platform_interfaces__rosidl_typesupport_fastrtps_cExport.cmake
[2.070s] -- Up-to-date: /home/rhobtor/PHD/ARGOJ8_IA/install/argj801_ctl_platform_interfaces/share/argj801_ctl_platform_interfaces/cmake/export_argj801_ctl_platform_interfaces__rosidl_typesupport_fastrtps_cExport-noconfig.cmake
[2.070s] -- Up-to-date: /home/rhobtor/PHD/ARGOJ8_IA/install/argj801_ctl_platform_interfaces/share/argj801_ctl_platform_interfaces/cmake/argj801_ctl_platform_interfaces__rosidl_typesupport_introspection_cExport.cmake
[2.070s] -- Up-to-date: /home/rhobtor/PHD/ARGOJ8_IA/install/argj801_ctl_platform_interfaces/share/argj801_ctl_platform_interfaces/cmake/argj801_ctl_platform_interfaces__rosidl_typesupport_introspection_cExport-noconfig.cmake
[2.070s] -- Up-to-date: /home/rhobtor/PHD/ARGOJ8_IA/install/argj801_ctl_platform_interfaces/share/argj801_ctl_platform_interfaces/cmake/argj801_ctl_platform_interfaces__rosidl_typesupport_cExport.cmake
[2.070s] -- Up-to-date: /home/rhobtor/PHD/ARGOJ8_IA/install/argj801_ctl_platform_interfaces/share/argj801_ctl_platform_interfaces/cmake/argj801_ctl_platform_interfaces__rosidl_typesupport_cExport-noconfig.cmake
[2.070s] -- Up-to-date: /home/rhobtor/PHD/ARGOJ8_IA/install/argj801_ctl_platform_interfaces/share/argj801_ctl_platform_interfaces/cmake/export_argj801_ctl_platform_interfaces__rosidl_generator_cppExport.cmake
[2.070s] -- Up-to-date: /home/rhobtor/PHD/ARGOJ8_IA/install/argj801_ctl_platform_interfaces/share/argj801_ctl_platform_interfaces/cmake/export_argj801_ctl_platform_interfaces__rosidl_typesupport_fastrtps_cppExport.cmake
[2.070s] -- Up-to-date: /home/rhobtor/PHD/ARGOJ8_IA/install/argj801_ctl_platform_interfaces/share/argj801_ctl_platform_interfaces/cmake/export_argj801_ctl_platform_interfaces__rosidl_typesupport_fastrtps_cppExport-noconfig.cmake
[2.070s] -- Up-to-date: /home/rhobtor/PHD/ARGOJ8_IA/install/argj801_ctl_platform_interfaces/share/argj801_ctl_platform_interfaces/cmake/argj801_ctl_platform_interfaces__rosidl_typesupport_introspection_cppExport.cmake
[2.070s] -- Up-to-date: /home/rhobtor/PHD/ARGOJ8_IA/install/argj801_ctl_platform_interfaces/share/argj801_ctl_platform_interfaces/cmake/argj801_ctl_platform_interfaces__rosidl_typesupport_introspection_cppExport-noconfig.cmake
[2.070s] -- Up-to-date: /home/rhobtor/PHD/ARGOJ8_IA/install/argj801_ctl_platform_interfaces/share/argj801_ctl_platform_interfaces/cmake/argj801_ctl_platform_interfaces__rosidl_typesupport_cppExport.cmake
[2.070s] -- Up-to-date: /home/rhobtor/PHD/ARGOJ8_IA/install/argj801_ctl_platform_interfaces/share/argj801_ctl_platform_interfaces/cmake/argj801_ctl_platform_interfaces__rosidl_typesupport_cppExport-noconfig.cmake
[2.070s] -- Up-to-date: /home/rhobtor/PHD/ARGOJ8_IA/install/argj801_ctl_platform_interfaces/share/argj801_ctl_platform_interfaces/cmake/export_argj801_ctl_platform_interfaces__rosidl_generator_pyExport.cmake
[2.070s] -- Up-to-date: /home/rhobtor/PHD/ARGOJ8_IA/install/argj801_ctl_platform_interfaces/share/argj801_ctl_platform_interfaces/cmake/export_argj801_ctl_platform_interfaces__rosidl_generator_pyExport-noconfig.cmake
[2.072s] Invoked command in '/home/rhobtor/PHD/ARGOJ8_IA/build/argj801_ctl_platform_interfaces' returned '0': CMAKE_PREFIX_PATH=${CMAKE_PREFIX_PATH}:/home/rhobtor/PHD/ARGOJ8_IA/install/car:/home/rhobtor/PHD/reactive/Reactive-Navegation/workspace_full_conected/install/car:/opt/ros/humble /opt/st/stm32cubeclt_1.18.0/CMake/bin/cmake --install /home/rhobtor/PHD/ARGOJ8_IA/build/argj801_ctl_platform_interfaces
