[0.197s] Invoking command in '/home/rhobtor/PHD/ARGOJ8_IA/build/path_manager_interfaces': CMAKE_PREFIX_PATH=${CMAKE_PREFIX_PATH}:/home/rhobtor/PHD/ARGOJ8_IA/install/ntrip_client:/home/rhobtor/PHD/ARGOJ8_IA/install/car:/home/rhobtor/PHD/ARGOJ8_IA/install/android_ros2_server:/home/rhobtor/PHD/ARGOJ8_IA/install/GUI_pkg:/home/rhobtor/PHD/reactive/Reactive-Navegation/workspace_full_conected/install/car:/opt/ros/humble /opt/st/stm32cubeclt_1.18.0/CMake/bin/cmake --build /home/rhobtor/PHD/ARGOJ8_IA/build/path_manager_interfaces -- -j16 -l16
[1.712s] [  1%] Built target path_manager_interfaces__cpp
[1.713s] [ 12%] Built target path_manager_interfaces__rosidl_generator_c
[1.713s] [ 12%] Built target ament_cmake_python_copy_path_manager_interfaces
[1.713s] [ 24%] Built target path_manager_interfaces__rosidl_typesupport_c
[1.713s] [ 39%] Built target path_manager_interfaces__rosidl_typesupport_cpp
[1.713s] [ 57%] Built target path_manager_interfaces__rosidl_typesupport_introspection_c
[1.713s] [ 58%] Built target path_manager_interfaces__rosidl_typesupport_introspection_cpp
[1.713s] [ 70%] Built target path_manager_interfaces__rosidl_typesupport_fastrtps_cpp
[1.714s] [ 81%] Built target path_manager_interfaces__rosidl_typesupport_fastrtps_c
[1.714s] [ 81%] Built target path_manager_interfaces
[1.714s] [ 82%] Built target path_manager_interfaces__py
[1.714s] [ 93%] Built target path_manager_interfaces__rosidl_generator_py
[1.714s] [ 95%] Built target path_manager_interfaces__rosidl_typesupport_fastrtps_c__pyext
[1.714s] [ 97%] Built target path_manager_interfaces__rosidl_typesupport_c__pyext
[1.715s] [100%] Built target path_manager_interfaces__rosidl_typesupport_introspection_c__pyext
[1.715s] running egg_info
[1.715s] writing path_manager_interfaces.egg-info/PKG-INFO
[1.715s] writing dependency_links to path_manager_interfaces.egg-info/dependency_links.txt
[1.715s] writing top-level names to path_manager_interfaces.egg-info/top_level.txt
[1.715s] reading manifest file 'path_manager_interfaces.egg-info/SOURCES.txt'
[1.716s] writing manifest file 'path_manager_interfaces.egg-info/SOURCES.txt'
[1.717s] [100%] Built target ament_cmake_python_build_path_manager_interfaces_egg
[1.773s] Invoked command in '/home/rhobtor/PHD/ARGOJ8_IA/build/path_manager_interfaces' returned '0': CMAKE_PREFIX_PATH=${CMAKE_PREFIX_PATH}:/home/rhobtor/PHD/ARGOJ8_IA/install/ntrip_client:/home/rhobtor/PHD/ARGOJ8_IA/install/car:/home/rhobtor/PHD/ARGOJ8_IA/install/android_ros2_server:/home/rhobtor/PHD/ARGOJ8_IA/install/GUI_pkg:/home/rhobtor/PHD/reactive/Reactive-Navegation/workspace_full_conected/install/car:/opt/ros/humble /opt/st/stm32cubeclt_1.18.0/CMake/bin/cmake --build /home/rhobtor/PHD/ARGOJ8_IA/build/path_manager_interfaces -- -j16 -l16
[1.774s] Invoking command in '/home/rhobtor/PHD/ARGOJ8_IA/build/path_manager_interfaces': CMAKE_PREFIX_PATH=${CMAKE_PREFIX_PATH}:/home/rhobtor/PHD/ARGOJ8_IA/install/ntrip_client:/home/rhobtor/PHD/ARGOJ8_IA/install/car:/home/rhobtor/PHD/ARGOJ8_IA/install/android_ros2_server:/home/rhobtor/PHD/ARGOJ8_IA/install/GUI_pkg:/home/rhobtor/PHD/reactive/Reactive-Navegation/workspace_full_conected/install/car:/opt/ros/humble /opt/st/stm32cubeclt_1.18.0/CMake/bin/cmake --install /home/rhobtor/PHD/ARGOJ8_IA/build/path_manager_interfaces
[1.866s] -- Install configuration: ""
[1.866s] -- Up-to-date: /home/rhobtor/PHD/ARGOJ8_IA/install/path_manager_interfaces/share/ament_index/resource_index/rosidl_interfaces/path_manager_interfaces
[1.871s] -- Up-to-date: /home/rhobtor/PHD/ARGOJ8_IA/install/path_manager_interfaces/include/path_manager_interfaces/path_manager_interfaces
[1.871s] -- Up-to-date: /home/rhobtor/PHD/ARGOJ8_IA/install/path_manager_interfaces/include/path_manager_interfaces/path_manager_interfaces/srv
[1.871s] -- Up-to-date: /home/rhobtor/PHD/ARGOJ8_IA/install/path_manager_interfaces/include/path_manager_interfaces/path_manager_interfaces/srv/plan_path.h
[1.871s] -- Up-to-date: /home/rhobtor/PHD/ARGOJ8_IA/install/path_manager_interfaces/include/path_manager_interfaces/path_manager_interfaces/srv/assist_emergency.h
[1.871s] -- Up-to-date: /home/rhobtor/PHD/ARGOJ8_IA/install/path_manager_interfaces/include/path_manager_interfaces/path_manager_interfaces/srv/robot_path.h
[1.871s] -- Up-to-date: /home/rhobtor/PHD/ARGOJ8_IA/install/path_manager_interfaces/include/path_manager_interfaces/path_manager_interfaces/srv/return_robot_path.h
[1.871s] -- Up-to-date: /home/rhobtor/PHD/ARGOJ8_IA/install/path_manager_interfaces/include/path_manager_interfaces/path_manager_interfaces/srv/get_ll_path.h
[1.871s] -- Up-to-date: /home/rhobtor/PHD/ARGOJ8_IA/install/path_manager_interfaces/include/path_manager_interfaces/path_manager_interfaces/srv/detail
[1.872s] -- Up-to-date: /home/rhobtor/PHD/ARGOJ8_IA/install/path_manager_interfaces/include/path_manager_interfaces/path_manager_interfaces/srv/detail/robot_path__functions.h
[1.872s] -- Up-to-date: /home/rhobtor/PHD/ARGOJ8_IA/install/path_manager_interfaces/include/path_manager_interfaces/path_manager_interfaces/srv/detail/read_path_from_file__functions.c
[1.872s] -- Up-to-date: /home/rhobtor/PHD/ARGOJ8_IA/install/path_manager_interfaces/include/path_manager_interfaces/path_manager_interfaces/srv/detail/return_robot_path__type_support.h
[1.872s] -- Up-to-date: /home/rhobtor/PHD/ARGOJ8_IA/install/path_manager_interfaces/include/path_manager_interfaces/path_manager_interfaces/srv/detail/write_path_to_file__functions.h
[1.872s] -- Up-to-date: /home/rhobtor/PHD/ARGOJ8_IA/install/path_manager_interfaces/include/path_manager_interfaces/path_manager_interfaces/srv/detail/plan_path__functions.c
[1.872s] -- Up-to-date: /home/rhobtor/PHD/ARGOJ8_IA/install/path_manager_interfaces/include/path_manager_interfaces/path_manager_interfaces/srv/detail/return_robot_path__struct.h
[1.872s] -- Up-to-date: /home/rhobtor/PHD/ARGOJ8_IA/install/path_manager_interfaces/include/path_manager_interfaces/path_manager_interfaces/srv/detail/get_fix_frame_path__functions.c
[1.872s] -- Up-to-date: /home/rhobtor/PHD/ARGOJ8_IA/install/path_manager_interfaces/include/path_manager_interfaces/path_manager_interfaces/srv/detail/assist_emergency__struct.h
[1.872s] -- Up-to-date: /home/rhobtor/PHD/ARGOJ8_IA/install/path_manager_interfaces/include/path_manager_interfaces/path_manager_interfaces/srv/detail/plan_path__type_support.h
[1.872s] -- Up-to-date: /home/rhobtor/PHD/ARGOJ8_IA/install/path_manager_interfaces/include/path_manager_interfaces/path_manager_interfaces/srv/detail/assist_emergency__functions.c
[1.873s] -- Up-to-date: /home/rhobtor/PHD/ARGOJ8_IA/install/path_manager_interfaces/include/path_manager_interfaces/path_manager_interfaces/srv/detail/read_path_from_file__type_support.h
[1.873s] -- Up-to-date: /home/rhobtor/PHD/ARGOJ8_IA/install/path_manager_interfaces/include/path_manager_interfaces/path_manager_interfaces/srv/detail/get_ll_path__functions.h
[1.873s] -- Up-to-date: /home/rhobtor/PHD/ARGOJ8_IA/install/path_manager_interfaces/include/path_manager_interfaces/path_manager_interfaces/srv/detail/get_ll_path__type_support.h
[1.873s] -- Up-to-date: /home/rhobtor/PHD/ARGOJ8_IA/install/path_manager_interfaces/include/path_manager_interfaces/path_manager_interfaces/srv/detail/assist_emergency__type_support.h
[1.873s] -- Up-to-date: /home/rhobtor/PHD/ARGOJ8_IA/install/path_manager_interfaces/include/path_manager_interfaces/path_manager_interfaces/srv/detail/write_path_to_file__functions.c
[1.908s] -- Up-to-date: /home/rhobtor/PHD/ARGOJ8_IA/install/path_manager_interfaces/include/path_manager_interfaces/path_manager_interfaces/srv/detail/robot_path__functions.c
[1.908s] -- Up-to-date: /home/rhobtor/PHD/ARGOJ8_IA/install/path_manager_interfaces/include/path_manager_interfaces/path_manager_interfaces/srv/detail/robot_path__type_support.h
[1.909s] -- Up-to-date: /home/rhobtor/PHD/ARGOJ8_IA/install/path_manager_interfaces/include/path_manager_interfaces/path_manager_interfaces/srv/detail/return_robot_path__functions.h
[1.909s] -- Up-to-date: /home/rhobtor/PHD/ARGOJ8_IA/install/path_manager_interfaces/include/path_manager_interfaces/path_manager_interfaces/srv/detail/get_fix_frame_path__functions.h
[1.909s] -- Up-to-date: /home/rhobtor/PHD/ARGOJ8_IA/install/path_manager_interfaces/include/path_manager_interfaces/path_manager_interfaces/srv/detail/read_path_from_file__struct.h
[1.909s] -- Up-to-date: /home/rhobtor/PHD/ARGOJ8_IA/install/path_manager_interfaces/include/path_manager_interfaces/path_manager_interfaces/srv/detail/plan_path__struct.h
[1.909s] -- Up-to-date: /home/rhobtor/PHD/ARGOJ8_IA/install/path_manager_interfaces/include/path_manager_interfaces/path_manager_interfaces/srv/detail/assist_emergency__functions.h
[1.909s] -- Up-to-date: /home/rhobtor/PHD/ARGOJ8_IA/install/path_manager_interfaces/include/path_manager_interfaces/path_manager_interfaces/srv/detail/write_path_to_file__struct.h
[1.911s] -- Up-to-date: /home/rhobtor/PHD/ARGOJ8_IA/install/path_manager_interfaces/include/path_manager_interfaces/path_manager_interfaces/srv/detail/get_fix_frame_path__struct.h
[1.911s] -- Up-to-date: /home/rhobtor/PHD/ARGOJ8_IA/install/path_manager_interfaces/include/path_manager_interfaces/path_manager_interfaces/srv/detail/get_ll_path__functions.c
[1.913s] -- Up-to-date: /home/rhobtor/PHD/ARGOJ8_IA/install/path_manager_interfaces/include/path_manager_interfaces/path_manager_interfaces/srv/detail/write_path_to_file__type_support.h
[1.917s] -- Up-to-date: /home/rhobtor/PHD/ARGOJ8_IA/install/path_manager_interfaces/include/path_manager_interfaces/path_manager_interfaces/srv/detail/return_robot_path__functions.c
[1.918s] -- Up-to-date: /home/rhobtor/PHD/ARGOJ8_IA/install/path_manager_interfaces/include/path_manager_interfaces/path_manager_interfaces/srv/detail/get_ll_path__struct.h
[1.920s] -- Up-to-date: /home/rhobtor/PHD/ARGOJ8_IA/install/path_manager_interfaces/include/path_manager_interfaces/path_manager_interfaces/srv/detail/robot_path__struct.h
[1.920s] -- Up-to-date: /home/rhobtor/PHD/ARGOJ8_IA/install/path_manager_interfaces/include/path_manager_interfaces/path_manager_interfaces/srv/detail/read_path_from_file__functions.h
[1.920s] -- Up-to-date: /home/rhobtor/PHD/ARGOJ8_IA/install/path_manager_interfaces/include/path_manager_interfaces/path_manager_interfaces/srv/detail/plan_path__functions.h
[1.920s] -- Up-to-date: /home/rhobtor/PHD/ARGOJ8_IA/install/path_manager_interfaces/include/path_manager_interfaces/path_manager_interfaces/srv/detail/get_fix_frame_path__type_support.h
[1.924s] -- Up-to-date: /home/rhobtor/PHD/ARGOJ8_IA/install/path_manager_interfaces/include/path_manager_interfaces/path_manager_interfaces/srv/get_fix_frame_path.h
[1.925s] -- Up-to-date: /home/rhobtor/PHD/ARGOJ8_IA/install/path_manager_interfaces/include/path_manager_interfaces/path_manager_interfaces/srv/write_path_to_file.h
[1.925s] -- Up-to-date: /home/rhobtor/PHD/ARGOJ8_IA/install/path_manager_interfaces/include/path_manager_interfaces/path_manager_interfaces/srv/read_path_from_file.h
[1.925s] -- Up-to-date: /home/rhobtor/PHD/ARGOJ8_IA/install/path_manager_interfaces/include/path_manager_interfaces/path_manager_interfaces/msg
[1.925s] -- Up-to-date: /home/rhobtor/PHD/ARGOJ8_IA/install/path_manager_interfaces/include/path_manager_interfaces/path_manager_interfaces/msg/rosidl_generator_c__visibility_control.h
[1.925s] -- Up-to-date: /home/rhobtor/PHD/ARGOJ8_IA/install/path_manager_interfaces/share/path_manager_interfaces/environment/library_path.sh
[1.925s] -- Up-to-date: /home/rhobtor/PHD/ARGOJ8_IA/install/path_manager_interfaces/share/path_manager_interfaces/environment/library_path.dsv
[1.925s] -- Up-to-date: /home/rhobtor/PHD/ARGOJ8_IA/install/path_manager_interfaces/lib/libpath_manager_interfaces__rosidl_generator_c.so
[1.925s] -- Up-to-date: /home/rhobtor/PHD/ARGOJ8_IA/install/path_manager_interfaces/include/path_manager_interfaces/path_manager_interfaces
[1.926s] -- Up-to-date: /home/rhobtor/PHD/ARGOJ8_IA/install/path_manager_interfaces/include/path_manager_interfaces/path_manager_interfaces/srv
[1.926s] -- Up-to-date: /home/rhobtor/PHD/ARGOJ8_IA/install/path_manager_interfaces/include/path_manager_interfaces/path_manager_interfaces/srv/detail
[1.926s] -- Up-to-date: /home/rhobtor/PHD/ARGOJ8_IA/install/path_manager_interfaces/include/path_manager_interfaces/path_manager_interfaces/srv/detail/get_fix_frame_path__rosidl_typesupport_fastrtps_c.h
[1.926s] -- Up-to-date: /home/rhobtor/PHD/ARGOJ8_IA/install/path_manager_interfaces/include/path_manager_interfaces/path_manager_interfaces/srv/detail/get_ll_path__rosidl_typesupport_fastrtps_c.h
[1.926s] -- Up-to-date: /home/rhobtor/PHD/ARGOJ8_IA/install/path_manager_interfaces/include/path_manager_interfaces/path_manager_interfaces/srv/detail/assist_emergency__rosidl_typesupport_fastrtps_c.h
[1.926s] -- Up-to-date: /home/rhobtor/PHD/ARGOJ8_IA/install/path_manager_interfaces/include/path_manager_interfaces/path_manager_interfaces/srv/detail/write_path_to_file__rosidl_typesupport_fastrtps_c.h
[1.927s] -- Up-to-date: /home/rhobtor/PHD/ARGOJ8_IA/install/path_manager_interfaces/include/path_manager_interfaces/path_manager_interfaces/srv/detail/return_robot_path__rosidl_typesupport_fastrtps_c.h
[1.927s] -- Up-to-date: /home/rhobtor/PHD/ARGOJ8_IA/install/path_manager_interfaces/include/path_manager_interfaces/path_manager_interfaces/srv/detail/robot_path__rosidl_typesupport_fastrtps_c.h
[1.927s] -- Up-to-date: /home/rhobtor/PHD/ARGOJ8_IA/install/path_manager_interfaces/include/path_manager_interfaces/path_manager_interfaces/srv/detail/plan_path__rosidl_typesupport_fastrtps_c.h
[1.927s] -- Up-to-date: /home/rhobtor/PHD/ARGOJ8_IA/install/path_manager_interfaces/include/path_manager_interfaces/path_manager_interfaces/srv/detail/read_path_from_file__rosidl_typesupport_fastrtps_c.h
[1.927s] -- Up-to-date: /home/rhobtor/PHD/ARGOJ8_IA/install/path_manager_interfaces/include/path_manager_interfaces/path_manager_interfaces/msg
[1.929s] -- Up-to-date: /home/rhobtor/PHD/ARGOJ8_IA/install/path_manager_interfaces/include/path_manager_interfaces/path_manager_interfaces/msg/rosidl_typesupport_fastrtps_c__visibility_control.h
[1.929s] -- Up-to-date: /home/rhobtor/PHD/ARGOJ8_IA/install/path_manager_interfaces/lib/libpath_manager_interfaces__rosidl_typesupport_fastrtps_c.so
[1.929s] -- Up-to-date: /home/rhobtor/PHD/ARGOJ8_IA/install/path_manager_interfaces/include/path_manager_interfaces/path_manager_interfaces
[1.930s] -- Up-to-date: /home/rhobtor/PHD/ARGOJ8_IA/install/path_manager_interfaces/include/path_manager_interfaces/path_manager_interfaces/srv
[1.930s] -- Up-to-date: /home/rhobtor/PHD/ARGOJ8_IA/install/path_manager_interfaces/include/path_manager_interfaces/path_manager_interfaces/srv/detail
[1.930s] -- Up-to-date: /home/rhobtor/PHD/ARGOJ8_IA/install/path_manager_interfaces/include/path_manager_interfaces/path_manager_interfaces/srv/detail/robot_path__rosidl_typesupport_introspection_c.h
[1.930s] -- Up-to-date: /home/rhobtor/PHD/ARGOJ8_IA/install/path_manager_interfaces/include/path_manager_interfaces/path_manager_interfaces/srv/detail/get_ll_path__type_support.c
[1.930s] -- Up-to-date: /home/rhobtor/PHD/ARGOJ8_IA/install/path_manager_interfaces/include/path_manager_interfaces/path_manager_interfaces/srv/detail/assist_emergency__rosidl_typesupport_introspection_c.h
[1.931s] -- Up-to-date: /home/rhobtor/PHD/ARGOJ8_IA/install/path_manager_interfaces/include/path_manager_interfaces/path_manager_interfaces/srv/detail/write_path_to_file__type_support.c
[1.931s] -- Up-to-date: /home/rhobtor/PHD/ARGOJ8_IA/install/path_manager_interfaces/include/path_manager_interfaces/path_manager_interfaces/srv/detail/read_path_from_file__type_support.c
[1.931s] -- Up-to-date: /home/rhobtor/PHD/ARGOJ8_IA/install/path_manager_interfaces/include/path_manager_interfaces/path_manager_interfaces/srv/detail/read_path_from_file__rosidl_typesupport_introspection_c.h
[1.931s] -- Up-to-date: /home/rhobtor/PHD/ARGOJ8_IA/install/path_manager_interfaces/include/path_manager_interfaces/path_manager_interfaces/srv/detail/return_robot_path__rosidl_typesupport_introspection_c.h
[1.956s] -- Up-to-date: /home/rhobtor/PHD/ARGOJ8_IA/install/path_manager_interfaces/include/path_manager_interfaces/path_manager_interfaces/srv/detail/get_fix_frame_path__rosidl_typesupport_introspection_c.h
[1.956s] -- Up-to-date: /home/rhobtor/PHD/ARGOJ8_IA/install/path_manager_interfaces/include/path_manager_interfaces/path_manager_interfaces/srv/detail/plan_path__rosidl_typesupport_introspection_c.h
[1.956s] -- Up-to-date: /home/rhobtor/PHD/ARGOJ8_IA/install/path_manager_interfaces/include/path_manager_interfaces/path_manager_interfaces/srv/detail/return_robot_path__type_support.c
[1.956s] -- Up-to-date: /home/rhobtor/PHD/ARGOJ8_IA/install/path_manager_interfaces/include/path_manager_interfaces/path_manager_interfaces/srv/detail/write_path_to_file__rosidl_typesupport_introspection_c.h
[1.956s] -- Up-to-date: /home/rhobtor/PHD/ARGOJ8_IA/install/path_manager_interfaces/include/path_manager_interfaces/path_manager_interfaces/srv/detail/get_ll_path__rosidl_typesupport_introspection_c.h
[1.956s] -- Up-to-date: /home/rhobtor/PHD/ARGOJ8_IA/install/path_manager_interfaces/include/path_manager_interfaces/path_manager_interfaces/srv/detail/robot_path__type_support.c
[1.956s] -- Up-to-date: /home/rhobtor/PHD/ARGOJ8_IA/install/path_manager_interfaces/include/path_manager_interfaces/path_manager_interfaces/srv/detail/plan_path__type_support.c
[1.956s] -- Up-to-date: /home/rhobtor/PHD/ARGOJ8_IA/install/path_manager_interfaces/include/path_manager_interfaces/path_manager_interfaces/srv/detail/get_fix_frame_path__type_support.c
[1.957s] -- Up-to-date: /home/rhobtor/PHD/ARGOJ8_IA/install/path_manager_interfaces/include/path_manager_interfaces/path_manager_interfaces/srv/detail/assist_emergency__type_support.c
[1.957s] -- Up-to-date: /home/rhobtor/PHD/ARGOJ8_IA/install/path_manager_interfaces/include/path_manager_interfaces/path_manager_interfaces/msg
[1.957s] -- Up-to-date: /home/rhobtor/PHD/ARGOJ8_IA/install/path_manager_interfaces/include/path_manager_interfaces/path_manager_interfaces/msg/rosidl_typesupport_introspection_c__visibility_control.h
[1.957s] -- Up-to-date: /home/rhobtor/PHD/ARGOJ8_IA/install/path_manager_interfaces/lib/libpath_manager_interfaces__rosidl_typesupport_introspection_c.so
[1.958s] -- Up-to-date: /home/rhobtor/PHD/ARGOJ8_IA/install/path_manager_interfaces/lib/libpath_manager_interfaces__rosidl_typesupport_c.so
[1.958s] -- Up-to-date: /home/rhobtor/PHD/ARGOJ8_IA/install/path_manager_interfaces/include/path_manager_interfaces/path_manager_interfaces
[1.960s] -- Up-to-date: /home/rhobtor/PHD/ARGOJ8_IA/install/path_manager_interfaces/include/path_manager_interfaces/path_manager_interfaces/srv
[1.961s] -- Up-to-date: /home/rhobtor/PHD/ARGOJ8_IA/install/path_manager_interfaces/include/path_manager_interfaces/path_manager_interfaces/srv/robot_path.hpp
[1.961s] -- Up-to-date: /home/rhobtor/PHD/ARGOJ8_IA/install/path_manager_interfaces/include/path_manager_interfaces/path_manager_interfaces/srv/get_fix_frame_path.hpp
[1.961s] -- Up-to-date: /home/rhobtor/PHD/ARGOJ8_IA/install/path_manager_interfaces/include/path_manager_interfaces/path_manager_interfaces/srv/write_path_to_file.hpp
[1.964s] -- Up-to-date: /home/rhobtor/PHD/ARGOJ8_IA/install/path_manager_interfaces/include/path_manager_interfaces/path_manager_interfaces/srv/detail
[1.964s] -- Up-to-date: /home/rhobtor/PHD/ARGOJ8_IA/install/path_manager_interfaces/include/path_manager_interfaces/path_manager_interfaces/srv/detail/read_path_from_file__type_support.hpp
[1.964s] -- Up-to-date: /home/rhobtor/PHD/ARGOJ8_IA/install/path_manager_interfaces/include/path_manager_interfaces/path_manager_interfaces/srv/detail/write_path_to_file__type_support.hpp
[1.964s] -- Up-to-date: /home/rhobtor/PHD/ARGOJ8_IA/install/path_manager_interfaces/include/path_manager_interfaces/path_manager_interfaces/srv/detail/return_robot_path__builder.hpp
[1.964s] -- Up-to-date: /home/rhobtor/PHD/ARGOJ8_IA/install/path_manager_interfaces/include/path_manager_interfaces/path_manager_interfaces/srv/detail/robot_path__type_support.hpp
[1.964s] -- Up-to-date: /home/rhobtor/PHD/ARGOJ8_IA/install/path_manager_interfaces/include/path_manager_interfaces/path_manager_interfaces/srv/detail/robot_path__struct.hpp
[1.965s] -- Up-to-date: /home/rhobtor/PHD/ARGOJ8_IA/install/path_manager_interfaces/include/path_manager_interfaces/path_manager_interfaces/srv/detail/write_path_to_file__builder.hpp
[1.979s] -- Up-to-date: /home/rhobtor/PHD/ARGOJ8_IA/install/path_manager_interfaces/include/path_manager_interfaces/path_manager_interfaces/srv/detail/get_ll_path__builder.hpp
[1.980s] -- Up-to-date: /home/rhobtor/PHD/ARGOJ8_IA/install/path_manager_interfaces/include/path_manager_interfaces/path_manager_interfaces/srv/detail/return_robot_path__traits.hpp
[1.980s] -- Up-to-date: /home/rhobtor/PHD/ARGOJ8_IA/install/path_manager_interfaces/include/path_manager_interfaces/path_manager_interfaces/srv/detail/read_path_from_file__struct.hpp
[1.981s] -- Up-to-date: /home/rhobtor/PHD/ARGOJ8_IA/install/path_manager_interfaces/include/path_manager_interfaces/path_manager_interfaces/srv/detail/plan_path__struct.hpp
[1.981s] -- Up-to-date: /home/rhobtor/PHD/ARGOJ8_IA/install/path_manager_interfaces/include/path_manager_interfaces/path_manager_interfaces/srv/detail/return_robot_path__type_support.hpp
[1.981s] -- Up-to-date: /home/rhobtor/PHD/ARGOJ8_IA/install/path_manager_interfaces/include/path_manager_interfaces/path_manager_interfaces/srv/detail/get_ll_path__struct.hpp
[1.982s] -- Up-to-date: /home/rhobtor/PHD/ARGOJ8_IA/install/path_manager_interfaces/include/path_manager_interfaces/path_manager_interfaces/srv/detail/get_fix_frame_path__type_support.hpp
[1.984s] -- Up-to-date: /home/rhobtor/PHD/ARGOJ8_IA/install/path_manager_interfaces/include/path_manager_interfaces/path_manager_interfaces/srv/detail/write_path_to_file__traits.hpp
[1.985s] -- Up-to-date: /home/rhobtor/PHD/ARGOJ8_IA/install/path_manager_interfaces/include/path_manager_interfaces/path_manager_interfaces/srv/detail/plan_path__builder.hpp
[1.985s] -- Up-to-date: /home/rhobtor/PHD/ARGOJ8_IA/install/path_manager_interfaces/include/path_manager_interfaces/path_manager_interfaces/srv/detail/get_fix_frame_path__struct.hpp
[1.985s] -- Up-to-date: /home/rhobtor/PHD/ARGOJ8_IA/install/path_manager_interfaces/include/path_manager_interfaces/path_manager_interfaces/srv/detail/assist_emergency__type_support.hpp
[1.985s] -- Up-to-date: /home/rhobtor/PHD/ARGOJ8_IA/install/path_manager_interfaces/include/path_manager_interfaces/path_manager_interfaces/srv/detail/get_ll_path__type_support.hpp
[1.986s] -- Up-to-date: /home/rhobtor/PHD/ARGOJ8_IA/install/path_manager_interfaces/include/path_manager_interfaces/path_manager_interfaces/srv/detail/return_robot_path__struct.hpp
[1.986s] -- Up-to-date: /home/rhobtor/PHD/ARGOJ8_IA/install/path_manager_interfaces/include/path_manager_interfaces/path_manager_interfaces/srv/detail/plan_path__traits.hpp
[1.986s] -- Up-to-date: /home/rhobtor/PHD/ARGOJ8_IA/install/path_manager_interfaces/include/path_manager_interfaces/path_manager_interfaces/srv/detail/get_fix_frame_path__builder.hpp
[1.986s] -- Up-to-date: /home/rhobtor/PHD/ARGOJ8_IA/install/path_manager_interfaces/include/path_manager_interfaces/path_manager_interfaces/srv/detail/plan_path__type_support.hpp
[1.987s] -- Up-to-date: /home/rhobtor/PHD/ARGOJ8_IA/install/path_manager_interfaces/include/path_manager_interfaces/path_manager_interfaces/srv/detail/assist_emergency__builder.hpp
[1.987s] -- Up-to-date: /home/rhobtor/PHD/ARGOJ8_IA/install/path_manager_interfaces/include/path_manager_interfaces/path_manager_interfaces/srv/detail/get_fix_frame_path__traits.hpp
[1.987s] -- Up-to-date: /home/rhobtor/PHD/ARGOJ8_IA/install/path_manager_interfaces/include/path_manager_interfaces/path_manager_interfaces/srv/detail/read_path_from_file__builder.hpp
[1.987s] -- Up-to-date: /home/rhobtor/PHD/ARGOJ8_IA/install/path_manager_interfaces/include/path_manager_interfaces/path_manager_interfaces/srv/detail/assist_emergency__struct.hpp
[1.987s] -- Up-to-date: /home/rhobtor/PHD/ARGOJ8_IA/install/path_manager_interfaces/include/path_manager_interfaces/path_manager_interfaces/srv/detail/assist_emergency__traits.hpp
[1.988s] -- Up-to-date: /home/rhobtor/PHD/ARGOJ8_IA/install/path_manager_interfaces/include/path_manager_interfaces/path_manager_interfaces/srv/detail/robot_path__traits.hpp
[1.988s] -- Up-to-date: /home/rhobtor/PHD/ARGOJ8_IA/install/path_manager_interfaces/include/path_manager_interfaces/path_manager_interfaces/srv/detail/write_path_to_file__struct.hpp
[1.992s] -- Up-to-date: /home/rhobtor/PHD/ARGOJ8_IA/install/path_manager_interfaces/include/path_manager_interfaces/path_manager_interfaces/srv/detail/robot_path__builder.hpp
[1.992s] -- Up-to-date: /home/rhobtor/PHD/ARGOJ8_IA/install/path_manager_interfaces/include/path_manager_interfaces/path_manager_interfaces/srv/detail/read_path_from_file__traits.hpp
[1.992s] -- Up-to-date: /home/rhobtor/PHD/ARGOJ8_IA/install/path_manager_interfaces/include/path_manager_interfaces/path_manager_interfaces/srv/detail/get_ll_path__traits.hpp
[1.993s] -- Up-to-date: /home/rhobtor/PHD/ARGOJ8_IA/install/path_manager_interfaces/include/path_manager_interfaces/path_manager_interfaces/srv/return_robot_path.hpp
[1.993s] -- Up-to-date: /home/rhobtor/PHD/ARGOJ8_IA/install/path_manager_interfaces/include/path_manager_interfaces/path_manager_interfaces/srv/plan_path.hpp
[1.993s] -- Up-to-date: /home/rhobtor/PHD/ARGOJ8_IA/install/path_manager_interfaces/include/path_manager_interfaces/path_manager_interfaces/srv/read_path_from_file.hpp
[1.993s] -- Up-to-date: /home/rhobtor/PHD/ARGOJ8_IA/install/path_manager_interfaces/include/path_manager_interfaces/path_manager_interfaces/srv/assist_emergency.hpp
[1.993s] -- Up-to-date: /home/rhobtor/PHD/ARGOJ8_IA/install/path_manager_interfaces/include/path_manager_interfaces/path_manager_interfaces/srv/get_ll_path.hpp
[1.994s] -- Up-to-date: /home/rhobtor/PHD/ARGOJ8_IA/install/path_manager_interfaces/include/path_manager_interfaces/path_manager_interfaces/msg
[1.995s] -- Up-to-date: /home/rhobtor/PHD/ARGOJ8_IA/install/path_manager_interfaces/include/path_manager_interfaces/path_manager_interfaces/msg/rosidl_generator_cpp__visibility_control.hpp
[1.996s] -- Up-to-date: /home/rhobtor/PHD/ARGOJ8_IA/install/path_manager_interfaces/include/path_manager_interfaces/path_manager_interfaces
[1.996s] -- Up-to-date: /home/rhobtor/PHD/ARGOJ8_IA/install/path_manager_interfaces/include/path_manager_interfaces/path_manager_interfaces/srv
[1.998s] -- Up-to-date: /home/rhobtor/PHD/ARGOJ8_IA/install/path_manager_interfaces/include/path_manager_interfaces/path_manager_interfaces/srv/detail
[1.998s] -- Up-to-date: /home/rhobtor/PHD/ARGOJ8_IA/install/path_manager_interfaces/include/path_manager_interfaces/path_manager_interfaces/srv/detail/robot_path__rosidl_typesupport_fastrtps_cpp.hpp
[2.000s] -- Up-to-date: /home/rhobtor/PHD/ARGOJ8_IA/install/path_manager_interfaces/include/path_manager_interfaces/path_manager_interfaces/srv/detail/plan_path__rosidl_typesupport_fastrtps_cpp.hpp
[2.001s] -- Up-to-date: /home/rhobtor/PHD/ARGOJ8_IA/install/path_manager_interfaces/include/path_manager_interfaces/path_manager_interfaces/srv/detail/write_path_to_file__rosidl_typesupport_fastrtps_cpp.hpp
[2.002s] -- Up-to-date: /home/rhobtor/PHD/ARGOJ8_IA/install/path_manager_interfaces/include/path_manager_interfaces/path_manager_interfaces/srv/detail/return_robot_path__rosidl_typesupport_fastrtps_cpp.hpp
[2.002s] -- Up-to-date: /home/rhobtor/PHD/ARGOJ8_IA/install/path_manager_interfaces/include/path_manager_interfaces/path_manager_interfaces/srv/detail/get_fix_frame_path__rosidl_typesupport_fastrtps_cpp.hpp
[2.002s] -- Up-to-date: /home/rhobtor/PHD/ARGOJ8_IA/install/path_manager_interfaces/include/path_manager_interfaces/path_manager_interfaces/srv/detail/get_ll_path__rosidl_typesupport_fastrtps_cpp.hpp
[2.003s] -- Up-to-date: /home/rhobtor/PHD/ARGOJ8_IA/install/path_manager_interfaces/include/path_manager_interfaces/path_manager_interfaces/srv/detail/dds_fastrtps
[2.003s] -- Up-to-date: /home/rhobtor/PHD/ARGOJ8_IA/install/path_manager_interfaces/include/path_manager_interfaces/path_manager_interfaces/srv/detail/read_path_from_file__rosidl_typesupport_fastrtps_cpp.hpp
[2.004s] -- Up-to-date: /home/rhobtor/PHD/ARGOJ8_IA/install/path_manager_interfaces/include/path_manager_interfaces/path_manager_interfaces/srv/detail/assist_emergency__rosidl_typesupport_fastrtps_cpp.hpp
[2.004s] -- Up-to-date: /home/rhobtor/PHD/ARGOJ8_IA/install/path_manager_interfaces/include/path_manager_interfaces/path_manager_interfaces/msg
[2.004s] -- Up-to-date: /home/rhobtor/PHD/ARGOJ8_IA/install/path_manager_interfaces/include/path_manager_interfaces/path_manager_interfaces/msg/rosidl_typesupport_fastrtps_cpp__visibility_control.h
[2.005s] -- Up-to-date: /home/rhobtor/PHD/ARGOJ8_IA/install/path_manager_interfaces/lib/libpath_manager_interfaces__rosidl_typesupport_fastrtps_cpp.so
[2.007s] -- Up-to-date: /home/rhobtor/PHD/ARGOJ8_IA/install/path_manager_interfaces/include/path_manager_interfaces/path_manager_interfaces
[2.008s] -- Up-to-date: /home/rhobtor/PHD/ARGOJ8_IA/install/path_manager_interfaces/include/path_manager_interfaces/path_manager_interfaces/srv
[2.008s] -- Up-to-date: /home/rhobtor/PHD/ARGOJ8_IA/install/path_manager_interfaces/include/path_manager_interfaces/path_manager_interfaces/srv/detail
[2.008s] -- Up-to-date: /home/rhobtor/PHD/ARGOJ8_IA/install/path_manager_interfaces/include/path_manager_interfaces/path_manager_interfaces/srv/detail/robot_path__rosidl_typesupport_introspection_cpp.hpp
[2.008s] -- Up-to-date: /home/rhobtor/PHD/ARGOJ8_IA/install/path_manager_interfaces/include/path_manager_interfaces/path_manager_interfaces/srv/detail/get_fix_frame_path__type_support.cpp
[2.008s] -- Up-to-date: /home/rhobtor/PHD/ARGOJ8_IA/install/path_manager_interfaces/include/path_manager_interfaces/path_manager_interfaces/srv/detail/get_fix_frame_path__rosidl_typesupport_introspection_cpp.hpp
[2.008s] -- Up-to-date: /home/rhobtor/PHD/ARGOJ8_IA/install/path_manager_interfaces/include/path_manager_interfaces/path_manager_interfaces/srv/detail/assist_emergency__type_support.cpp
[2.008s] -- Up-to-date: /home/rhobtor/PHD/ARGOJ8_IA/install/path_manager_interfaces/include/path_manager_interfaces/path_manager_interfaces/srv/detail/plan_path__type_support.cpp
[2.009s] -- Up-to-date: /home/rhobtor/PHD/ARGOJ8_IA/install/path_manager_interfaces/include/path_manager_interfaces/path_manager_interfaces/srv/detail/get_ll_path__type_support.cpp
[2.009s] -- Up-to-date: /home/rhobtor/PHD/ARGOJ8_IA/install/path_manager_interfaces/include/path_manager_interfaces/path_manager_interfaces/srv/detail/write_path_to_file__rosidl_typesupport_introspection_cpp.hpp
[2.010s] -- Up-to-date: /home/rhobtor/PHD/ARGOJ8_IA/install/path_manager_interfaces/include/path_manager_interfaces/path_manager_interfaces/srv/detail/return_robot_path__rosidl_typesupport_introspection_cpp.hpp
[2.010s] -- Up-to-date: /home/rhobtor/PHD/ARGOJ8_IA/install/path_manager_interfaces/include/path_manager_interfaces/path_manager_interfaces/srv/detail/read_path_from_file__rosidl_typesupport_introspection_cpp.hpp
[2.010s] -- Up-to-date: /home/rhobtor/PHD/ARGOJ8_IA/install/path_manager_interfaces/include/path_manager_interfaces/path_manager_interfaces/srv/detail/robot_path__type_support.cpp
[2.010s] -- Up-to-date: /home/rhobtor/PHD/ARGOJ8_IA/install/path_manager_interfaces/include/path_manager_interfaces/path_manager_interfaces/srv/detail/return_robot_path__type_support.cpp
[2.010s] -- Up-to-date: /home/rhobtor/PHD/ARGOJ8_IA/install/path_manager_interfaces/include/path_manager_interfaces/path_manager_interfaces/srv/detail/assist_emergency__rosidl_typesupport_introspection_cpp.hpp
[2.010s] -- Up-to-date: /home/rhobtor/PHD/ARGOJ8_IA/install/path_manager_interfaces/include/path_manager_interfaces/path_manager_interfaces/srv/detail/read_path_from_file__type_support.cpp
[2.010s] -- Up-to-date: /home/rhobtor/PHD/ARGOJ8_IA/install/path_manager_interfaces/include/path_manager_interfaces/path_manager_interfaces/srv/detail/write_path_to_file__type_support.cpp
[2.011s] -- Up-to-date: /home/rhobtor/PHD/ARGOJ8_IA/install/path_manager_interfaces/include/path_manager_interfaces/path_manager_interfaces/srv/detail/plan_path__rosidl_typesupport_introspection_cpp.hpp
[2.011s] -- Up-to-date: /home/rhobtor/PHD/ARGOJ8_IA/install/path_manager_interfaces/include/path_manager_interfaces/path_manager_interfaces/srv/detail/get_ll_path__rosidl_typesupport_introspection_cpp.hpp
[2.011s] -- Up-to-date: /home/rhobtor/PHD/ARGOJ8_IA/install/path_manager_interfaces/lib/libpath_manager_interfaces__rosidl_typesupport_introspection_cpp.so
[2.011s] -- Up-to-date: /home/rhobtor/PHD/ARGOJ8_IA/install/path_manager_interfaces/lib/libpath_manager_interfaces__rosidl_typesupport_cpp.so
[2.011s] -- Up-to-date: /home/rhobtor/PHD/ARGOJ8_IA/install/path_manager_interfaces/share/path_manager_interfaces/environment/pythonpath.sh
[2.012s] -- Up-to-date: /home/rhobtor/PHD/ARGOJ8_IA/install/path_manager_interfaces/share/path_manager_interfaces/environment/pythonpath.dsv
[2.012s] -- Up-to-date: /home/rhobtor/PHD/ARGOJ8_IA/install/path_manager_interfaces/local/lib/python3.10/dist-packages/path_manager_interfaces-0.0.0-py3.10.egg-info
[2.014s] -- Installing: /home/rhobtor/PHD/ARGOJ8_IA/install/path_manager_interfaces/local/lib/python3.10/dist-packages/path_manager_interfaces-0.0.0-py3.10.egg-info/top_level.txt
[2.014s] -- Installing: /home/rhobtor/PHD/ARGOJ8_IA/install/path_manager_interfaces/local/lib/python3.10/dist-packages/path_manager_interfaces-0.0.0-py3.10.egg-info/SOURCES.txt
[2.015s] -- Installing: /home/rhobtor/PHD/ARGOJ8_IA/install/path_manager_interfaces/local/lib/python3.10/dist-packages/path_manager_interfaces-0.0.0-py3.10.egg-info/PKG-INFO
[2.015s] -- Installing: /home/rhobtor/PHD/ARGOJ8_IA/install/path_manager_interfaces/local/lib/python3.10/dist-packages/path_manager_interfaces-0.0.0-py3.10.egg-info/dependency_links.txt
[2.015s] -- Up-to-date: /home/rhobtor/PHD/ARGOJ8_IA/install/path_manager_interfaces/local/lib/python3.10/dist-packages/path_manager_interfaces
[2.015s] -- Up-to-date: /home/rhobtor/PHD/ARGOJ8_IA/install/path_manager_interfaces/local/lib/python3.10/dist-packages/path_manager_interfaces/path_manager_interfaces_s__rosidl_typesupport_fastrtps_c.cpython-310-x86_64-linux-gnu.so
[2.015s] -- Up-to-date: /home/rhobtor/PHD/ARGOJ8_IA/install/path_manager_interfaces/local/lib/python3.10/dist-packages/path_manager_interfaces/srv
[2.015s] -- Up-to-date: /home/rhobtor/PHD/ARGOJ8_IA/install/path_manager_interfaces/local/lib/python3.10/dist-packages/path_manager_interfaces/srv/_get_ll_path.py
[2.016s] -- Up-to-date: /home/rhobtor/PHD/ARGOJ8_IA/install/path_manager_interfaces/local/lib/python3.10/dist-packages/path_manager_interfaces/srv/_read_path_from_file.py
[2.016s] -- Up-to-date: /home/rhobtor/PHD/ARGOJ8_IA/install/path_manager_interfaces/local/lib/python3.10/dist-packages/path_manager_interfaces/srv/_read_path_from_file_s.c
[2.016s] -- Up-to-date: /home/rhobtor/PHD/ARGOJ8_IA/install/path_manager_interfaces/local/lib/python3.10/dist-packages/path_manager_interfaces/srv/_get_ll_path_s.c
[2.016s] -- Up-to-date: /home/rhobtor/PHD/ARGOJ8_IA/install/path_manager_interfaces/local/lib/python3.10/dist-packages/path_manager_interfaces/srv/_return_robot_path_s.c
[2.016s] -- Up-to-date: /home/rhobtor/PHD/ARGOJ8_IA/install/path_manager_interfaces/local/lib/python3.10/dist-packages/path_manager_interfaces/srv/_robot_path_s.c
[2.017s] -- Up-to-date: /home/rhobtor/PHD/ARGOJ8_IA/install/path_manager_interfaces/local/lib/python3.10/dist-packages/path_manager_interfaces/srv/_write_path_to_file.py
[2.017s] -- Up-to-date: /home/rhobtor/PHD/ARGOJ8_IA/install/path_manager_interfaces/local/lib/python3.10/dist-packages/path_manager_interfaces/srv/_robot_path.py
[2.017s] -- Up-to-date: /home/rhobtor/PHD/ARGOJ8_IA/install/path_manager_interfaces/local/lib/python3.10/dist-packages/path_manager_interfaces/srv/_plan_path.py
[2.019s] -- Up-to-date: /home/rhobtor/PHD/ARGOJ8_IA/install/path_manager_interfaces/local/lib/python3.10/dist-packages/path_manager_interfaces/srv/_return_robot_path.py
[2.019s] -- Up-to-date: /home/rhobtor/PHD/ARGOJ8_IA/install/path_manager_interfaces/local/lib/python3.10/dist-packages/path_manager_interfaces/srv/_get_fix_frame_path_s.c
[2.020s] -- Up-to-date: /home/rhobtor/PHD/ARGOJ8_IA/install/path_manager_interfaces/local/lib/python3.10/dist-packages/path_manager_interfaces/srv/__init__.py
[2.020s] -- Up-to-date: /home/rhobtor/PHD/ARGOJ8_IA/install/path_manager_interfaces/local/lib/python3.10/dist-packages/path_manager_interfaces/srv/_write_path_to_file_s.c
[2.021s] -- Up-to-date: /home/rhobtor/PHD/ARGOJ8_IA/install/path_manager_interfaces/local/lib/python3.10/dist-packages/path_manager_interfaces/srv/_plan_path_s.c
[2.021s] -- Up-to-date: /home/rhobtor/PHD/ARGOJ8_IA/install/path_manager_interfaces/local/lib/python3.10/dist-packages/path_manager_interfaces/srv/_assist_emergency_s.c
[2.022s] -- Up-to-date: /home/rhobtor/PHD/ARGOJ8_IA/install/path_manager_interfaces/local/lib/python3.10/dist-packages/path_manager_interfaces/srv/_get_fix_frame_path.py
[2.022s] -- Up-to-date: /home/rhobtor/PHD/ARGOJ8_IA/install/path_manager_interfaces/local/lib/python3.10/dist-packages/path_manager_interfaces/srv/_assist_emergency.py
[2.022s] -- Up-to-date: /home/rhobtor/PHD/ARGOJ8_IA/install/path_manager_interfaces/local/lib/python3.10/dist-packages/path_manager_interfaces/libpath_manager_interfaces__rosidl_generator_py.so
[2.022s] -- Up-to-date: /home/rhobtor/PHD/ARGOJ8_IA/install/path_manager_interfaces/local/lib/python3.10/dist-packages/path_manager_interfaces/path_manager_interfaces_s__rosidl_typesupport_introspection_c.cpython-310-x86_64-linux-gnu.so
[2.022s] -- Up-to-date: /home/rhobtor/PHD/ARGOJ8_IA/install/path_manager_interfaces/local/lib/python3.10/dist-packages/path_manager_interfaces/_path_manager_interfaces_s.ep.rosidl_typesupport_fastrtps_c.c
[2.022s] -- Up-to-date: /home/rhobtor/PHD/ARGOJ8_IA/install/path_manager_interfaces/local/lib/python3.10/dist-packages/path_manager_interfaces/_path_manager_interfaces_s.ep.rosidl_typesupport_introspection_c.c
[2.023s] -- Up-to-date: /home/rhobtor/PHD/ARGOJ8_IA/install/path_manager_interfaces/local/lib/python3.10/dist-packages/path_manager_interfaces/__init__.py
[2.023s] -- Up-to-date: /home/rhobtor/PHD/ARGOJ8_IA/install/path_manager_interfaces/local/lib/python3.10/dist-packages/path_manager_interfaces/path_manager_interfaces_s__rosidl_typesupport_c.cpython-310-x86_64-linux-gnu.so
[2.023s] -- Up-to-date: /home/rhobtor/PHD/ARGOJ8_IA/install/path_manager_interfaces/local/lib/python3.10/dist-packages/path_manager_interfaces/_path_manager_interfaces_s.ep.rosidl_typesupport_c.c
[2.119s] Listing '/home/rhobtor/PHD/ARGOJ8_IA/install/path_manager_interfaces/local/lib/python3.10/dist-packages/path_manager_interfaces'...
[2.120s] Listing '/home/rhobtor/PHD/ARGOJ8_IA/install/path_manager_interfaces/local/lib/python3.10/dist-packages/path_manager_interfaces/srv'...
[2.121s] -- Up-to-date: /home/rhobtor/PHD/ARGOJ8_IA/install/path_manager_interfaces/local/lib/python3.10/dist-packages/path_manager_interfaces/path_manager_interfaces_s__rosidl_typesupport_fastrtps_c.cpython-310-x86_64-linux-gnu.so
[2.122s] -- Up-to-date: /home/rhobtor/PHD/ARGOJ8_IA/install/path_manager_interfaces/local/lib/python3.10/dist-packages/path_manager_interfaces/path_manager_interfaces_s__rosidl_typesupport_introspection_c.cpython-310-x86_64-linux-gnu.so
[2.127s] -- Up-to-date: /home/rhobtor/PHD/ARGOJ8_IA/install/path_manager_interfaces/local/lib/python3.10/dist-packages/path_manager_interfaces/path_manager_interfaces_s__rosidl_typesupport_c.cpython-310-x86_64-linux-gnu.so
[2.128s] -- Up-to-date: /home/rhobtor/PHD/ARGOJ8_IA/install/path_manager_interfaces/lib/libpath_manager_interfaces__rosidl_generator_py.so
[2.128s] -- Up-to-date: /home/rhobtor/PHD/ARGOJ8_IA/install/path_manager_interfaces/share/path_manager_interfaces/srv/WritePathToFile.idl
[2.128s] -- Up-to-date: /home/rhobtor/PHD/ARGOJ8_IA/install/path_manager_interfaces/share/path_manager_interfaces/srv/ReadPathFromFile.idl
[2.128s] -- Up-to-date: /home/rhobtor/PHD/ARGOJ8_IA/install/path_manager_interfaces/share/path_manager_interfaces/srv/ReturnRobotPath.idl
[2.128s] -- Up-to-date: /home/rhobtor/PHD/ARGOJ8_IA/install/path_manager_interfaces/share/path_manager_interfaces/srv/RobotPath.idl
[2.129s] -- Up-to-date: /home/rhobtor/PHD/ARGOJ8_IA/install/path_manager_interfaces/share/path_manager_interfaces/srv/GetFixFramePath.idl
[2.129s] -- Up-to-date: /home/rhobtor/PHD/ARGOJ8_IA/install/path_manager_interfaces/share/path_manager_interfaces/srv/GetLLPath.idl
[2.129s] -- Up-to-date: /home/rhobtor/PHD/ARGOJ8_IA/install/path_manager_interfaces/share/path_manager_interfaces/srv/PlanPath.idl
[2.129s] -- Up-to-date: /home/rhobtor/PHD/ARGOJ8_IA/install/path_manager_interfaces/share/path_manager_interfaces/srv/AssistEmergency.idl
[2.129s] -- Up-to-date: /home/rhobtor/PHD/ARGOJ8_IA/install/path_manager_interfaces/share/path_manager_interfaces/srv/WritePathToFile.srv
[2.129s] -- Up-to-date: /home/rhobtor/PHD/ARGOJ8_IA/install/path_manager_interfaces/share/path_manager_interfaces/srv/WritePathToFile_Request.msg
[2.129s] -- Up-to-date: /home/rhobtor/PHD/ARGOJ8_IA/install/path_manager_interfaces/share/path_manager_interfaces/srv/WritePathToFile_Response.msg
[2.129s] -- Up-to-date: /home/rhobtor/PHD/ARGOJ8_IA/install/path_manager_interfaces/share/path_manager_interfaces/srv/ReadPathFromFile.srv
[2.129s] -- Up-to-date: /home/rhobtor/PHD/ARGOJ8_IA/install/path_manager_interfaces/share/path_manager_interfaces/srv/ReadPathFromFile_Request.msg
[2.129s] -- Up-to-date: /home/rhobtor/PHD/ARGOJ8_IA/install/path_manager_interfaces/share/path_manager_interfaces/srv/ReadPathFromFile_Response.msg
[2.129s] -- Up-to-date: /home/rhobtor/PHD/ARGOJ8_IA/install/path_manager_interfaces/share/path_manager_interfaces/srv/ReturnRobotPath.srv
[2.130s] -- Up-to-date: /home/rhobtor/PHD/ARGOJ8_IA/install/path_manager_interfaces/share/path_manager_interfaces/srv/ReturnRobotPath_Request.msg
[2.130s] -- Up-to-date: /home/rhobtor/PHD/ARGOJ8_IA/install/path_manager_interfaces/share/path_manager_interfaces/srv/ReturnRobotPath_Response.msg
[2.130s] -- Up-to-date: /home/rhobtor/PHD/ARGOJ8_IA/install/path_manager_interfaces/share/path_manager_interfaces/srv/RobotPath.srv
[2.130s] -- Up-to-date: /home/rhobtor/PHD/ARGOJ8_IA/install/path_manager_interfaces/share/path_manager_interfaces/srv/RobotPath_Request.msg
[2.130s] -- Up-to-date: /home/rhobtor/PHD/ARGOJ8_IA/install/path_manager_interfaces/share/path_manager_interfaces/srv/RobotPath_Response.msg
[2.134s] -- Up-to-date: /home/rhobtor/PHD/ARGOJ8_IA/install/path_manager_interfaces/share/path_manager_interfaces/srv/GetFixFramePath.srv
[2.134s] -- Up-to-date: /home/rhobtor/PHD/ARGOJ8_IA/install/path_manager_interfaces/share/path_manager_interfaces/srv/GetFixFramePath_Request.msg
[2.134s] -- Up-to-date: /home/rhobtor/PHD/ARGOJ8_IA/install/path_manager_interfaces/share/path_manager_interfaces/srv/GetFixFramePath_Response.msg
[2.134s] -- Up-to-date: /home/rhobtor/PHD/ARGOJ8_IA/install/path_manager_interfaces/share/path_manager_interfaces/srv/GetLLPath.srv
[2.134s] -- Up-to-date: /home/rhobtor/PHD/ARGOJ8_IA/install/path_manager_interfaces/share/path_manager_interfaces/srv/GetLLPath_Request.msg
[2.134s] -- Up-to-date: /home/rhobtor/PHD/ARGOJ8_IA/install/path_manager_interfaces/share/path_manager_interfaces/srv/GetLLPath_Response.msg
[2.134s] -- Up-to-date: /home/rhobtor/PHD/ARGOJ8_IA/install/path_manager_interfaces/share/path_manager_interfaces/srv/PlanPath.srv
[2.134s] -- Up-to-date: /home/rhobtor/PHD/ARGOJ8_IA/install/path_manager_interfaces/share/path_manager_interfaces/srv/PlanPath_Request.msg
[2.134s] -- Up-to-date: /home/rhobtor/PHD/ARGOJ8_IA/install/path_manager_interfaces/share/path_manager_interfaces/srv/PlanPath_Response.msg
[2.135s] -- Up-to-date: /home/rhobtor/PHD/ARGOJ8_IA/install/path_manager_interfaces/share/path_manager_interfaces/srv/AssistEmergency.srv
[2.135s] -- Up-to-date: /home/rhobtor/PHD/ARGOJ8_IA/install/path_manager_interfaces/share/path_manager_interfaces/srv/AssistEmergency_Request.msg
[2.135s] -- Up-to-date: /home/rhobtor/PHD/ARGOJ8_IA/install/path_manager_interfaces/share/path_manager_interfaces/srv/AssistEmergency_Response.msg
[2.135s] -- Up-to-date: /home/rhobtor/PHD/ARGOJ8_IA/install/path_manager_interfaces/share/ament_index/resource_index/package_run_dependencies/path_manager_interfaces
[2.135s] -- Up-to-date: /home/rhobtor/PHD/ARGOJ8_IA/install/path_manager_interfaces/share/ament_index/resource_index/parent_prefix_path/path_manager_interfaces
[2.135s] -- Up-to-date: /home/rhobtor/PHD/ARGOJ8_IA/install/path_manager_interfaces/share/path_manager_interfaces/environment/ament_prefix_path.sh
[2.136s] -- Up-to-date: /home/rhobtor/PHD/ARGOJ8_IA/install/path_manager_interfaces/share/path_manager_interfaces/environment/ament_prefix_path.dsv
[2.136s] -- Up-to-date: /home/rhobtor/PHD/ARGOJ8_IA/install/path_manager_interfaces/share/path_manager_interfaces/environment/path.sh
[2.136s] -- Up-to-date: /home/rhobtor/PHD/ARGOJ8_IA/install/path_manager_interfaces/share/path_manager_interfaces/environment/path.dsv
[2.136s] -- Up-to-date: /home/rhobtor/PHD/ARGOJ8_IA/install/path_manager_interfaces/share/path_manager_interfaces/local_setup.bash
[2.136s] -- Up-to-date: /home/rhobtor/PHD/ARGOJ8_IA/install/path_manager_interfaces/share/path_manager_interfaces/local_setup.sh
[2.136s] -- Up-to-date: /home/rhobtor/PHD/ARGOJ8_IA/install/path_manager_interfaces/share/path_manager_interfaces/local_setup.zsh
[2.136s] -- Up-to-date: /home/rhobtor/PHD/ARGOJ8_IA/install/path_manager_interfaces/share/path_manager_interfaces/local_setup.dsv
[2.137s] -- Installing: /home/rhobtor/PHD/ARGOJ8_IA/install/path_manager_interfaces/share/path_manager_interfaces/package.dsv
[2.137s] -- Up-to-date: /home/rhobtor/PHD/ARGOJ8_IA/install/path_manager_interfaces/share/ament_index/resource_index/packages/path_manager_interfaces
[2.137s] -- Up-to-date: /home/rhobtor/PHD/ARGOJ8_IA/install/path_manager_interfaces/share/path_manager_interfaces/cmake/export_path_manager_interfaces__rosidl_generator_cExport.cmake
[2.137s] -- Up-to-date: /home/rhobtor/PHD/ARGOJ8_IA/install/path_manager_interfaces/share/path_manager_interfaces/cmake/export_path_manager_interfaces__rosidl_generator_cExport-noconfig.cmake
[2.137s] -- Up-to-date: /home/rhobtor/PHD/ARGOJ8_IA/install/path_manager_interfaces/share/path_manager_interfaces/cmake/export_path_manager_interfaces__rosidl_typesupport_fastrtps_cExport.cmake
[2.137s] -- Up-to-date: /home/rhobtor/PHD/ARGOJ8_IA/install/path_manager_interfaces/share/path_manager_interfaces/cmake/export_path_manager_interfaces__rosidl_typesupport_fastrtps_cExport-noconfig.cmake
[2.137s] -- Up-to-date: /home/rhobtor/PHD/ARGOJ8_IA/install/path_manager_interfaces/share/path_manager_interfaces/cmake/path_manager_interfaces__rosidl_typesupport_introspection_cExport.cmake
[2.137s] -- Up-to-date: /home/rhobtor/PHD/ARGOJ8_IA/install/path_manager_interfaces/share/path_manager_interfaces/cmake/path_manager_interfaces__rosidl_typesupport_introspection_cExport-noconfig.cmake
[2.137s] -- Up-to-date: /home/rhobtor/PHD/ARGOJ8_IA/install/path_manager_interfaces/share/path_manager_interfaces/cmake/path_manager_interfaces__rosidl_typesupport_cExport.cmake
[2.137s] -- Up-to-date: /home/rhobtor/PHD/ARGOJ8_IA/install/path_manager_interfaces/share/path_manager_interfaces/cmake/path_manager_interfaces__rosidl_typesupport_cExport-noconfig.cmake
[2.137s] -- Up-to-date: /home/rhobtor/PHD/ARGOJ8_IA/install/path_manager_interfaces/share/path_manager_interfaces/cmake/export_path_manager_interfaces__rosidl_generator_cppExport.cmake
[2.138s] -- Up-to-date: /home/rhobtor/PHD/ARGOJ8_IA/install/path_manager_interfaces/share/path_manager_interfaces/cmake/export_path_manager_interfaces__rosidl_typesupport_fastrtps_cppExport.cmake
[2.138s] -- Up-to-date: /home/rhobtor/PHD/ARGOJ8_IA/install/path_manager_interfaces/share/path_manager_interfaces/cmake/export_path_manager_interfaces__rosidl_typesupport_fastrtps_cppExport-noconfig.cmake
[2.138s] -- Up-to-date: /home/rhobtor/PHD/ARGOJ8_IA/install/path_manager_interfaces/share/path_manager_interfaces/cmake/path_manager_interfaces__rosidl_typesupport_introspection_cppExport.cmake
[2.138s] -- Up-to-date: /home/rhobtor/PHD/ARGOJ8_IA/install/path_manager_interfaces/share/path_manager_interfaces/cmake/path_manager_interfaces__rosidl_typesupport_introspection_cppExport-noconfig.cmake
[2.138s] -- Up-to-date: /home/rhobtor/PHD/ARGOJ8_IA/install/path_manager_interfaces/share/path_manager_interfaces/cmake/path_manager_interfaces__rosidl_typesupport_cppExport.cmake
[2.138s] -- Up-to-date: /home/rhobtor/PHD/ARGOJ8_IA/install/path_manager_interfaces/share/path_manager_interfaces/cmake/path_manager_interfaces__rosidl_typesupport_cppExport-noconfig.cmake
[2.138s] -- Up-to-date: /home/rhobtor/PHD/ARGOJ8_IA/install/path_manager_interfaces/share/path_manager_interfaces/cmake/export_path_manager_interfaces__rosidl_generator_pyExport.cmake
[2.138s] -- Up-to-date: /home/rhobtor/PHD/ARGOJ8_IA/install/path_manager_interfaces/share/path_manager_interfaces/cmake/export_path_manager_interfaces__rosidl_generator_pyExport-noconfig.cmake
[2.138s] -- Up-to-date: /home/rhobtor/PHD/ARGOJ8_IA/install/path_manager_interfaces/share/path_manager_interfaces/cmake/rosidl_cmake-extras.cmake
[2.138s] -- Up-to-date: /home/rhobtor/PHD/ARGOJ8_IA/install/path_manager_interfaces/share/path_manager_interfaces/cmake/ament_cmake_export_dependencies-extras.cmake
[2.138s] -- Up-to-date: /home/rhobtor/PHD/ARGOJ8_IA/install/path_manager_interfaces/share/path_manager_interfaces/cmake/ament_cmake_export_include_directories-extras.cmake
[2.138s] -- Up-to-date: /home/rhobtor/PHD/ARGOJ8_IA/install/path_manager_interfaces/share/path_manager_interfaces/cmake/ament_cmake_export_libraries-extras.cmake
[2.138s] -- Up-to-date: /home/rhobtor/PHD/ARGOJ8_IA/install/path_manager_interfaces/share/path_manager_interfaces/cmake/ament_cmake_export_targets-extras.cmake
[2.139s] -- Up-to-date: /home/rhobtor/PHD/ARGOJ8_IA/install/path_manager_interfaces/share/path_manager_interfaces/cmake/rosidl_cmake_export_typesupport_targets-extras.cmake
[2.139s] -- Up-to-date: /home/rhobtor/PHD/ARGOJ8_IA/install/path_manager_interfaces/share/path_manager_interfaces/cmake/rosidl_cmake_export_typesupport_libraries-extras.cmake
[2.139s] -- Up-to-date: /home/rhobtor/PHD/ARGOJ8_IA/install/path_manager_interfaces/share/path_manager_interfaces/cmake/path_manager_interfacesConfig.cmake
[2.139s] -- Up-to-date: /home/rhobtor/PHD/ARGOJ8_IA/install/path_manager_interfaces/share/path_manager_interfaces/cmake/path_manager_interfacesConfig-version.cmake
[2.139s] -- Up-to-date: /home/rhobtor/PHD/ARGOJ8_IA/install/path_manager_interfaces/share/path_manager_interfaces/package.xml
[2.419s] Invoked command in '/home/rhobtor/PHD/ARGOJ8_IA/build/path_manager_interfaces' returned '0': CMAKE_PREFIX_PATH=${CMAKE_PREFIX_PATH}:/home/rhobtor/PHD/ARGOJ8_IA/install/ntrip_client:/home/rhobtor/PHD/ARGOJ8_IA/install/car:/home/rhobtor/PHD/ARGOJ8_IA/install/android_ros2_server:/home/rhobtor/PHD/ARGOJ8_IA/install/GUI_pkg:/home/rhobtor/PHD/reactive/Reactive-Navegation/workspace_full_conected/install/car:/opt/ros/humble /opt/st/stm32cubeclt_1.18.0/CMake/bin/cmake --install /home/rhobtor/PHD/ARGOJ8_IA/build/path_manager_interfaces
