[0.069s] Invoking command in '/home/rhobtor/PHD/ARGOJ8_IA/build/slg_msgs': CMAKE_PREFIX_PATH=${CMAKE_PREFIX_PATH}:/home/rhobtor/PHD/reactive/Reactive-Navegation/workspace_full_conected/install/car:/opt/ros/humble /opt/st/stm32cubeclt_1.18.0/CMake/bin/cmake /home/rhobtor/PHD/ARGOJ8_IA/src/lidar_process_pkgs/slg_msgs -DCMAKE_INSTALL_PREFIX=/home/rhobtor/PHD/ARGOJ8_IA/install/slg_msgs
[0.889s] -- The C compiler identification is GNU 11.4.0
[0.890s] -- The CXX compiler identification is GNU 11.4.0
[0.907s] -- Detecting C compiler ABI info
[0.907s] -- Detecting C compiler ABI info - done
[0.908s] -- Check for working C compiler: /usr/bin/cc - skipped
[0.908s] -- Detecting C compile features
[0.908s] -- Detecting C compile features - done
[0.908s] -- Detecting CXX compiler ABI info
[0.908s] -- Detecting CXX compiler ABI info - done
[0.908s] -- Check for working CXX compiler: /usr/bin/c++ - skipped
[0.908s] -- Detecting CXX compile features
[0.908s] -- Detecting CXX compile features - done
[0.908s] -- Setting build type to Release as none was specified.
[0.908s] -- Found ament_cmake: 1.3.11 (/opt/ros/humble/share/ament_cmake/cmake)
[0.967s] -- Found Python3: /usr/bin/python3 (found version "3.10.12") found components: Interpreter 
[1.155s] -- Found rosidl_default_generators: 1.2.0 (/opt/ros/humble/share/rosidl_default_generators/cmake)
[1.160s] -- Using all available rosidl_typesupport_c: rosidl_typesupport_fastrtps_c;rosidl_typesupport_introspection_c
[1.176s] -- Found rosidl_adapter: 3.1.6 (/opt/ros/humble/share/rosidl_adapter/cmake)
[1.288s] -- Using all available rosidl_typesupport_cpp: rosidl_typesupport_fastrtps_cpp;rosidl_typesupport_introspection_cpp
[1.364s] -- Found std_msgs: 4.8.0 (/opt/ros/humble/share/std_msgs/cmake)
[1.442s] -- Found geometry_msgs: 4.8.0 (/opt/ros/humble/share/geometry_msgs/cmake)
[2.373s] -- Found ament_cmake_ros: 0.10.0 (/opt/ros/humble/share/ament_cmake_ros/cmake)
[3.599s] -- Using all available rosidl_typesupport_c: rosidl_typesupport_fastrtps_c;rosidl_typesupport_introspection_c
[7.187s] -- Using all available rosidl_typesupport_cpp: rosidl_typesupport_fastrtps_cpp;rosidl_typesupport_introspection_cpp
[7.270s] [33mCMake Warning (dev) at /opt/ros/humble/share/rosidl_generator_py/cmake/rosidl_generator_py_generate_interfaces.cmake:20 (find_package):
[7.270s]   Policy CMP0148 is not set: The FindPythonInterp and FindPythonLibs modules
[7.270s]   are removed.  Run "cmake --help-policy CMP0148" for policy details.  Use
[7.271s]   the cmake_policy command to set the policy and suppress this warning.
[7.271s] 
[7.271s] Call Stack (most recent call first):
[7.271s]   /opt/ros/humble/share/ament_cmake_core/cmake/core/ament_execute_extensions.cmake:48 (include)
[7.274s]   /opt/ros/humble/share/rosidl_cmake/cmake/rosidl_generate_interfaces.cmake:286 (ament_execute_extensions)
[7.274s]   CMakeLists.txt:65 (rosidl_generate_interfaces)
[7.274s] This warning is for project developers.  Use -Wno-dev to suppress it.
[7.274s] [0m
[7.364s] -- Found PythonInterp: /usr/bin/python3 (found suitable version "3.10.12", minimum required is "3.6") 
[7.370s] -- Found python_cmake_module: 0.10.0 (/opt/ros/humble/share/python_cmake_module/cmake)
[7.371s] [33mCMake Warning (dev) at /opt/ros/humble/share/python_cmake_module/cmake/Modules/FindPythonExtra.cmake:52 (find_package):
[7.371s]   Policy CMP0148 is not set: The FindPythonInterp and FindPythonLibs modules
[7.371s]   are removed.  Run "cmake --help-policy CMP0148" for policy details.  Use
[7.371s]   the cmake_policy command to set the policy and suppress this warning.
[7.372s] 
[7.372s] Call Stack (most recent call first):
[7.372s]   /opt/ros/humble/share/rosidl_generator_py/cmake/rosidl_generator_py_generate_interfaces.cmake:23 (find_package)
[7.375s]   /opt/ros/humble/share/ament_cmake_core/cmake/core/ament_execute_extensions.cmake:48 (include)
[7.375s]   /opt/ros/humble/share/rosidl_cmake/cmake/rosidl_generate_interfaces.cmake:286 (ament_execute_extensions)
[7.375s]   CMakeLists.txt:65 (rosidl_generate_interfaces)
[7.375s] This warning is for project developers.  Use -Wno-dev to suppress it.
[7.375s] [0m
[7.417s] [33mCMake Warning (dev) at /opt/ros/humble/share/python_cmake_module/cmake/Modules/FindPythonExtra.cmake:140 (find_package):
[7.418s]   Policy CMP0148 is not set: The FindPythonInterp and FindPythonLibs modules
[7.420s]   are removed.  Run "cmake --help-policy CMP0148" for policy details.  Use
[7.423s]   the cmake_policy command to set the policy and suppress this warning.
[7.423s] 
[7.423s] Call Stack (most recent call first):
[7.423s]   /opt/ros/humble/share/rosidl_generator_py/cmake/rosidl_generator_py_generate_interfaces.cmake:23 (find_package)
[7.423s]   /opt/ros/humble/share/ament_cmake_core/cmake/core/ament_execute_extensions.cmake:48 (include)
[7.423s]   /opt/ros/humble/share/rosidl_cmake/cmake/rosidl_generate_interfaces.cmake:286 (ament_execute_extensions)
[7.423s]   CMakeLists.txt:65 (rosidl_generate_interfaces)
[7.423s] This warning is for project developers.  Use -Wno-dev to suppress it.
[7.423s] [0m
[7.435s] -- Found PythonLibs: /usr/lib/x86_64-linux-gnu/libpython3.10.so (found suitable version "3.10.12", minimum required is "3.5") 
[7.436s] -- Using PYTHON_EXECUTABLE: /usr/bin/python3
[7.436s] -- Using PYTHON_INCLUDE_DIRS: /usr/include/python3.10
[7.437s] -- Using PYTHON_LIBRARIES: /usr/lib/x86_64-linux-gnu/libpython3.10.so
[7.486s] -- Found PythonExtra: .so  
[7.723s] -- Found ament_lint_auto: 0.12.12 (/opt/ros/humble/share/ament_lint_auto/cmake)
[7.817s] -- Found gtest sources under '/opt/ros/humble/src/gtest_vendor': C++ tests using 'Google Test' will be built
[7.828s] -- Performing Test CMAKE_HAVE_LIBC_PTHREAD
[8.058s] -- Performing Test CMAKE_HAVE_LIBC_PTHREAD - Success
[8.079s] -- Found Threads: TRUE  
[8.169s] -- Added test 'cppcheck' to perform static code analysis on C / C++ code
[8.187s] -- Configured cppcheck include dirs: /home/rhobtor/PHD/ARGOJ8_IA/src/lidar_process_pkgs/slg_msgs/include;$<BUILD_INTERFACE:/home/rhobtor/PHD/ARGOJ8_IA/src/lidar_process_pkgs/slg_msgs/include>
[8.187s] -- Configured cppcheck exclude dirs and/or files: 
[8.191s] -- Added test 'cpplint' to check C / C++ code against the Google style
[8.191s] -- Configured cpplint exclude dirs and/or files: 
[8.219s] -- Added test 'lint_cmake' to check CMake code style
[8.235s] -- Added test 'uncrustify' to check C / C++ code style
[8.235s] -- Configured uncrustify additional arguments: 
[8.235s] -- Added test 'xmllint' to check XML markup files
[8.264s] -- Configuring done (8.2s)
[8.674s] -- Generating done (0.3s)
[8.833s] -- Build files have been written to: /home/rhobtor/PHD/ARGOJ8_IA/build/slg_msgs
[8.894s] Invoked command in '/home/rhobtor/PHD/ARGOJ8_IA/build/slg_msgs' returned '0': CMAKE_PREFIX_PATH=${CMAKE_PREFIX_PATH}:/home/rhobtor/PHD/reactive/Reactive-Navegation/workspace_full_conected/install/car:/opt/ros/humble /opt/st/stm32cubeclt_1.18.0/CMake/bin/cmake /home/rhobtor/PHD/ARGOJ8_IA/src/lidar_process_pkgs/slg_msgs -DCMAKE_INSTALL_PREFIX=/home/rhobtor/PHD/ARGOJ8_IA/install/slg_msgs
[8.895s] Invoking command in '/home/rhobtor/PHD/ARGOJ8_IA/build/slg_msgs': CMAKE_PREFIX_PATH=${CMAKE_PREFIX_PATH}:/home/rhobtor/PHD/reactive/Reactive-Navegation/workspace_full_conected/install/car:/opt/ros/humble /opt/st/stm32cubeclt_1.18.0/CMake/bin/cmake --build /home/rhobtor/PHD/ARGOJ8_IA/build/slg_msgs -- -j16 -l16
[20.248s] [  2%] [34m[1mGenerating C++ code for ROS interfaces[0m
[20.248s] [  4%] [34m[1mGenerating C code for ROS interfaces[0m
[20.248s] [  6%] [32mBuilding CXX object gtest/CMakeFiles/gtest.dir/src/gtest-all.cc.o[0m
[20.249s] [  8%] [32mBuilding CXX object gtest/CMakeFiles/gtest_main.dir/src/gtest_main.cc.o[0m
[20.249s] [  8%] Built target ament_cmake_python_copy_slg_msgs
[20.249s] running egg_info
[20.249s] creating slg_msgs.egg-info
[20.249s] writing slg_msgs.egg-info/PKG-INFO
[20.249s] writing dependency_links to slg_msgs.egg-info/dependency_links.txt
[20.249s] writing top-level names to slg_msgs.egg-info/top_level.txt
[20.249s] writing manifest file 'slg_msgs.egg-info/SOURCES.txt'
[20.249s] reading manifest file 'slg_msgs.egg-info/SOURCES.txt'
[20.249s] writing manifest file 'slg_msgs.egg-info/SOURCES.txt'
[20.249s] [  8%] Built target ament_cmake_python_build_slg_msgs_egg
[20.249s] [  8%] Built target slg_msgs__cpp
[20.250s] [ 10%] [34m[1mGenerating C++ type support dispatch for ROS interfaces[0m
[20.250s] [ 12%] [32mBuilding C object CMakeFiles/slg_msgs__rosidl_generator_c.dir/rosidl_generator_c/slg_msgs/msg/detail/segment_array__functions.c.o[0m
[20.250s] [ 14%] [34m[1mGenerating C++ type support for eProsima Fast-RTPS[0m
[20.250s] [ 16%] [32mBuilding C object CMakeFiles/slg_msgs__rosidl_generator_c.dir/rosidl_generator_c/slg_msgs/msg/detail/segment__functions.c.o[0m
[20.250s] [ 18%] [32m[1mLinking C shared library libslg_msgs__rosidl_generator_c.so[0m
[20.250s] [ 18%] Built target slg_msgs__rosidl_generator_c
[20.250s] [ 20%] [34m[1mGenerating C++ introspection for ROS interfaces[0m
[20.250s] [ 22%] [34m[1mGenerating C type support for eProsima Fast-RTPS[0m
[20.250s] [ 24%] [32m[1mLinking CXX static library libgtest_main.a[0m
[20.250s] [ 24%] Built target gtest_main
[20.250s] [ 26%] [34m[1mGenerating C type support dispatch for ROS interfaces[0m
[20.250s] [ 28%] [34m[1mGenerating C introspection for ROS interfaces[0m
[20.251s] [ 30%] [32mBuilding CXX object CMakeFiles/slg_msgs__rosidl_typesupport_cpp.dir/rosidl_typesupport_cpp/slg_msgs/msg/segment__type_support.cpp.o[0m
[20.251s] [ 32%] [32mBuilding CXX object CMakeFiles/slg_msgs__rosidl_typesupport_cpp.dir/rosidl_typesupport_cpp/slg_msgs/msg/segment_array__type_support.cpp.o[0m
[20.251s] [ 34%] [32mBuilding CXX object CMakeFiles/slg_msgs__rosidl_typesupport_introspection_cpp.dir/rosidl_typesupport_introspection_cpp/slg_msgs/msg/detail/segment__type_support.cpp.o[0m
[20.251s] [ 36%] [32mBuilding CXX object CMakeFiles/slg_msgs__rosidl_typesupport_introspection_cpp.dir/rosidl_typesupport_introspection_cpp/slg_msgs/msg/detail/segment_array__type_support.cpp.o[0m
[20.251s] [ 38%] [32mBuilding CXX object CMakeFiles/slg_msgs__rosidl_typesupport_fastrtps_cpp.dir/rosidl_typesupport_fastrtps_cpp/slg_msgs/msg/detail/dds_fastrtps/segment__type_support.cpp.o[0m
[20.251s] [ 40%] [32mBuilding CXX object CMakeFiles/slg_msgs__rosidl_typesupport_fastrtps_cpp.dir/rosidl_typesupport_fastrtps_cpp/slg_msgs/msg/detail/dds_fastrtps/segment_array__type_support.cpp.o[0m
[20.251s] [ 42%] [32mBuilding CXX object CMakeFiles/slg_msgs__rosidl_typesupport_fastrtps_c.dir/rosidl_typesupport_fastrtps_c/slg_msgs/msg/detail/segment__type_support_c.cpp.o[0m
[20.256s] [ 46%] [32mBuilding CXX object CMakeFiles/slg_msgs__rosidl_typesupport_c.dir/rosidl_typesupport_c/slg_msgs/msg/segment_array__type_support.cpp.o[0m
[20.257s] [ 46%] [32mBuilding CXX object CMakeFiles/slg_msgs__rosidl_typesupport_c.dir/rosidl_typesupport_c/slg_msgs/msg/segment__type_support.cpp.o[0m
[20.257s] [ 48%] [32mBuilding CXX object CMakeFiles/slg_msgs__rosidl_typesupport_fastrtps_c.dir/rosidl_typesupport_fastrtps_c/slg_msgs/msg/detail/segment_array__type_support_c.cpp.o[0m
[20.257s] [ 51%] [32m[1mLinking CXX shared library libslg_msgs__rosidl_typesupport_cpp.so[0m
[20.257s] [ 51%] Built target slg_msgs__rosidl_typesupport_cpp
[20.257s] [ 53%] [32m[1mLinking CXX shared library libslg_msgs__rosidl_typesupport_c.so[0m
[20.259s] [ 55%] [32mBuilding C object CMakeFiles/slg_msgs__rosidl_typesupport_introspection_c.dir/rosidl_typesupport_introspection_c/slg_msgs/msg/detail/segment__type_support.c.o[0m
[20.259s] [ 57%] [32mBuilding C object CMakeFiles/slg_msgs__rosidl_typesupport_introspection_c.dir/rosidl_typesupport_introspection_c/slg_msgs/msg/detail/segment_array__type_support.c.o[0m
[20.259s] [ 57%] Built target slg_msgs__rosidl_typesupport_c
[20.259s] [ 59%] [32m[1mLinking C shared library libslg_msgs__rosidl_typesupport_introspection_c.so[0m
[20.259s] [ 59%] Built target slg_msgs__rosidl_typesupport_introspection_c
[20.259s] [ 61%] [32m[1mLinking CXX shared library libslg_msgs__rosidl_typesupport_introspection_cpp.so[0m
[20.259s] [ 63%] [32m[1mLinking CXX shared library libslg_msgs__rosidl_typesupport_fastrtps_cpp.so[0m
[20.259s] [ 63%] Built target slg_msgs__rosidl_typesupport_introspection_cpp
[20.259s] [ 63%] Built target slg_msgs__rosidl_typesupport_fastrtps_cpp
[20.259s] [ 65%] [32m[1mLinking CXX shared library libslg_msgs__rosidl_typesupport_fastrtps_c.so[0m
[20.260s] [ 65%] Built target slg_msgs__rosidl_typesupport_fastrtps_c
[39.385s] [ 67%] [32m[1mLinking CXX static library libgtest.a[0m
[39.435s] [ 67%] Built target gtest
[39.458s] [ 67%] Built target slg_msgs
[39.483s] [ 69%] [32mBuilding CXX object test/CMakeFiles/test_segment2d.dir/test_segment2d.cpp.o[0m
[44.803s] [ 71%] [32m[1mLinking CXX executable test_segment2d[0m
[45.019s] [ 71%] Built target test_segment2d
[45.045s] [ 73%] [34m[1mGenerating Python code for ROS interfaces[0m
[46.797s] [ 73%] Built target slg_msgs__py
[46.827s] [ 75%] [32mBuilding CXX object test/CMakeFiles/test_polygon.dir/test_polygon.cpp.o[0m
[51.550s] [ 77%] [32m[1mLinking CXX executable test_polygon[0m
[51.687s] [ 77%] Built target test_polygon
[51.699s] [ 79%] [32mBuilding C object CMakeFiles/slg_msgs__rosidl_generator_py.dir/rosidl_generator_py/slg_msgs/msg/_segment_s.c.o[0m
[51.924s] [ 81%] [32mBuilding C object CMakeFiles/slg_msgs__rosidl_generator_py.dir/rosidl_generator_py/slg_msgs/msg/_segment_array_s.c.o[0m
[52.121s] [ 83%] [32m[1mLinking C shared library rosidl_generator_py/slg_msgs/libslg_msgs__rosidl_generator_py.so[0m
[52.176s] [ 83%] Built target slg_msgs__rosidl_generator_py
[52.188s] [ 85%] [32mBuilding CXX object test/CMakeFiles/test_point2d.dir/test_point2d.cpp.o[0m
[54.925s] [ 87%] [32m[1mLinking CXX executable test_point2d[0m
[55.058s] [ 87%] Built target test_point2d
[55.071s] [ 89%] [32mBuilding C object CMakeFiles/slg_msgs__rosidl_typesupport_c__pyext.dir/rosidl_generator_py/slg_msgs/_slg_msgs_s.ep.rosidl_typesupport_c.c.o[0m
[55.284s] [ 91%] [32m[1mLinking C shared library rosidl_generator_py/slg_msgs/slg_msgs_s__rosidl_typesupport_c.cpython-310-x86_64-linux-gnu.so[0m
[55.337s] [ 91%] Built target slg_msgs__rosidl_typesupport_c__pyext
[55.356s] [ 93%] [32mBuilding C object CMakeFiles/slg_msgs__rosidl_typesupport_introspection_c__pyext.dir/rosidl_generator_py/slg_msgs/_slg_msgs_s.ep.rosidl_typesupport_introspection_c.c.o[0m
[55.570s] [ 95%] [32m[1mLinking C shared library rosidl_generator_py/slg_msgs/slg_msgs_s__rosidl_typesupport_introspection_c.cpython-310-x86_64-linux-gnu.so[0m
[55.622s] [ 95%] Built target slg_msgs__rosidl_typesupport_introspection_c__pyext
[55.627s] [ 97%] [32mBuilding C object CMakeFiles/slg_msgs__rosidl_typesupport_fastrtps_c__pyext.dir/rosidl_generator_py/slg_msgs/_slg_msgs_s.ep.rosidl_typesupport_fastrtps_c.c.o[0m
[55.835s] [100%] [32m[1mLinking C shared library rosidl_generator_py/slg_msgs/slg_msgs_s__rosidl_typesupport_fastrtps_c.cpython-310-x86_64-linux-gnu.so[0m
[55.898s] [100%] Built target slg_msgs__rosidl_typesupport_fastrtps_c__pyext
[55.969s] Invoked command in '/home/rhobtor/PHD/ARGOJ8_IA/build/slg_msgs' returned '0': CMAKE_PREFIX_PATH=${CMAKE_PREFIX_PATH}:/home/rhobtor/PHD/reactive/Reactive-Navegation/workspace_full_conected/install/car:/opt/ros/humble /opt/st/stm32cubeclt_1.18.0/CMake/bin/cmake --build /home/rhobtor/PHD/ARGOJ8_IA/build/slg_msgs -- -j16 -l16
[55.970s] Invoking command in '/home/rhobtor/PHD/ARGOJ8_IA/build/slg_msgs': CMAKE_PREFIX_PATH=${CMAKE_PREFIX_PATH}:/home/rhobtor/PHD/reactive/Reactive-Navegation/workspace_full_conected/install/car:/opt/ros/humble /opt/st/stm32cubeclt_1.18.0/CMake/bin/cmake --install /home/rhobtor/PHD/ARGOJ8_IA/build/slg_msgs
[65.809s] -- Install configuration: "Release"
[65.809s] -- Installing: /home/rhobtor/PHD/ARGOJ8_IA/install/slg_msgs/share/ament_index/resource_index/rosidl_interfaces/slg_msgs
[65.809s] -- Installing: /home/rhobtor/PHD/ARGOJ8_IA/install/slg_msgs/include/slg_msgs/slg_msgs
[65.810s] -- Installing: /home/rhobtor/PHD/ARGOJ8_IA/install/slg_msgs/include/slg_msgs/slg_msgs/msg
[65.811s] -- Installing: /home/rhobtor/PHD/ARGOJ8_IA/install/slg_msgs/include/slg_msgs/slg_msgs/msg/segment_array.h
[65.812s] -- Installing: /home/rhobtor/PHD/ARGOJ8_IA/install/slg_msgs/include/slg_msgs/slg_msgs/msg/segment.h
[65.812s] -- Installing: /home/rhobtor/PHD/ARGOJ8_IA/install/slg_msgs/include/slg_msgs/slg_msgs/msg/rosidl_generator_c__visibility_control.h
[65.812s] -- Installing: /home/rhobtor/PHD/ARGOJ8_IA/install/slg_msgs/include/slg_msgs/slg_msgs/msg/detail
[65.813s] -- Installing: /home/rhobtor/PHD/ARGOJ8_IA/install/slg_msgs/include/slg_msgs/slg_msgs/msg/detail/segment__functions.c
[65.813s] -- Installing: /home/rhobtor/PHD/ARGOJ8_IA/install/slg_msgs/include/slg_msgs/slg_msgs/msg/detail/segment__type_support.h
[65.813s] -- Installing: /home/rhobtor/PHD/ARGOJ8_IA/install/slg_msgs/include/slg_msgs/slg_msgs/msg/detail/segment_array__functions.h
[65.813s] -- Installing: /home/rhobtor/PHD/ARGOJ8_IA/install/slg_msgs/include/slg_msgs/slg_msgs/msg/detail/segment_array__functions.c
[65.813s] -- Installing: /home/rhobtor/PHD/ARGOJ8_IA/install/slg_msgs/include/slg_msgs/slg_msgs/msg/detail/segment_array__type_support.h
[65.813s] -- Installing: /home/rhobtor/PHD/ARGOJ8_IA/install/slg_msgs/include/slg_msgs/slg_msgs/msg/detail/segment__struct.h
[65.813s] -- Installing: /home/rhobtor/PHD/ARGOJ8_IA/install/slg_msgs/include/slg_msgs/slg_msgs/msg/detail/segment__functions.h
[65.813s] -- Installing: /home/rhobtor/PHD/ARGOJ8_IA/install/slg_msgs/include/slg_msgs/slg_msgs/msg/detail/segment_array__struct.h
[65.813s] -- Installing: /home/rhobtor/PHD/ARGOJ8_IA/install/slg_msgs/share/slg_msgs/environment/library_path.sh
[65.813s] -- Installing: /home/rhobtor/PHD/ARGOJ8_IA/install/slg_msgs/share/slg_msgs/environment/library_path.dsv
[65.813s] -- Installing: /home/rhobtor/PHD/ARGOJ8_IA/install/slg_msgs/lib/libslg_msgs__rosidl_generator_c.so
[65.814s] -- Set non-toolchain portion of runtime path of "/home/rhobtor/PHD/ARGOJ8_IA/install/slg_msgs/lib/libslg_msgs__rosidl_generator_c.so" to ""
[65.814s] -- Up-to-date: /home/rhobtor/PHD/ARGOJ8_IA/install/slg_msgs/include/slg_msgs/slg_msgs
[65.814s] -- Up-to-date: /home/rhobtor/PHD/ARGOJ8_IA/install/slg_msgs/include/slg_msgs/slg_msgs/msg
[65.814s] -- Up-to-date: /home/rhobtor/PHD/ARGOJ8_IA/install/slg_msgs/include/slg_msgs/slg_msgs/msg/detail
[65.814s] -- Installing: /home/rhobtor/PHD/ARGOJ8_IA/install/slg_msgs/include/slg_msgs/slg_msgs/msg/detail/segment_array__rosidl_typesupport_fastrtps_c.h
[65.814s] -- Installing: /home/rhobtor/PHD/ARGOJ8_IA/install/slg_msgs/include/slg_msgs/slg_msgs/msg/detail/segment__rosidl_typesupport_fastrtps_c.h
[65.814s] -- Installing: /home/rhobtor/PHD/ARGOJ8_IA/install/slg_msgs/include/slg_msgs/slg_msgs/msg/rosidl_typesupport_fastrtps_c__visibility_control.h
[65.814s] -- Installing: /home/rhobtor/PHD/ARGOJ8_IA/install/slg_msgs/lib/libslg_msgs__rosidl_typesupport_fastrtps_c.so
[65.814s] -- Set non-toolchain portion of runtime path of "/home/rhobtor/PHD/ARGOJ8_IA/install/slg_msgs/lib/libslg_msgs__rosidl_typesupport_fastrtps_c.so" to ""
[65.814s] -- Up-to-date: /home/rhobtor/PHD/ARGOJ8_IA/install/slg_msgs/include/slg_msgs/slg_msgs
[65.815s] -- Up-to-date: /home/rhobtor/PHD/ARGOJ8_IA/install/slg_msgs/include/slg_msgs/slg_msgs/msg
[65.815s] -- Installing: /home/rhobtor/PHD/ARGOJ8_IA/install/slg_msgs/include/slg_msgs/slg_msgs/msg/rosidl_typesupport_introspection_c__visibility_control.h
[65.815s] -- Up-to-date: /home/rhobtor/PHD/ARGOJ8_IA/install/slg_msgs/include/slg_msgs/slg_msgs/msg/detail
[65.815s] -- Installing: /home/rhobtor/PHD/ARGOJ8_IA/install/slg_msgs/include/slg_msgs/slg_msgs/msg/detail/segment__type_support.c
[65.815s] -- Installing: /home/rhobtor/PHD/ARGOJ8_IA/install/slg_msgs/include/slg_msgs/slg_msgs/msg/detail/segment_array__type_support.c
[65.816s] -- Installing: /home/rhobtor/PHD/ARGOJ8_IA/install/slg_msgs/include/slg_msgs/slg_msgs/msg/detail/segment_array__rosidl_typesupport_introspection_c.h
[65.817s] -- Installing: /home/rhobtor/PHD/ARGOJ8_IA/install/slg_msgs/include/slg_msgs/slg_msgs/msg/detail/segment__rosidl_typesupport_introspection_c.h
[65.817s] -- Installing: /home/rhobtor/PHD/ARGOJ8_IA/install/slg_msgs/lib/libslg_msgs__rosidl_typesupport_introspection_c.so
[65.817s] -- Set non-toolchain portion of runtime path of "/home/rhobtor/PHD/ARGOJ8_IA/install/slg_msgs/lib/libslg_msgs__rosidl_typesupport_introspection_c.so" to ""
[65.818s] -- Installing: /home/rhobtor/PHD/ARGOJ8_IA/install/slg_msgs/lib/libslg_msgs__rosidl_typesupport_c.so
[65.818s] -- Set non-toolchain portion of runtime path of "/home/rhobtor/PHD/ARGOJ8_IA/install/slg_msgs/lib/libslg_msgs__rosidl_typesupport_c.so" to ""
[65.818s] -- Up-to-date: /home/rhobtor/PHD/ARGOJ8_IA/install/slg_msgs/include/slg_msgs/slg_msgs
[65.818s] -- Up-to-date: /home/rhobtor/PHD/ARGOJ8_IA/install/slg_msgs/include/slg_msgs/slg_msgs/msg
[65.818s] -- Installing: /home/rhobtor/PHD/ARGOJ8_IA/install/slg_msgs/include/slg_msgs/slg_msgs/msg/rosidl_generator_cpp__visibility_control.hpp
[65.818s] -- Installing: /home/rhobtor/PHD/ARGOJ8_IA/install/slg_msgs/include/slg_msgs/slg_msgs/msg/segment_array.hpp
[65.818s] -- Up-to-date: /home/rhobtor/PHD/ARGOJ8_IA/install/slg_msgs/include/slg_msgs/slg_msgs/msg/detail
[65.818s] -- Installing: /home/rhobtor/PHD/ARGOJ8_IA/install/slg_msgs/include/slg_msgs/slg_msgs/msg/detail/segment_array__type_support.hpp
[65.818s] -- Installing: /home/rhobtor/PHD/ARGOJ8_IA/install/slg_msgs/include/slg_msgs/slg_msgs/msg/detail/segment__struct.hpp
[65.818s] -- Installing: /home/rhobtor/PHD/ARGOJ8_IA/install/slg_msgs/include/slg_msgs/slg_msgs/msg/detail/segment_array__builder.hpp
[65.819s] -- Installing: /home/rhobtor/PHD/ARGOJ8_IA/install/slg_msgs/include/slg_msgs/slg_msgs/msg/detail/segment__builder.hpp
[65.819s] -- Installing: /home/rhobtor/PHD/ARGOJ8_IA/install/slg_msgs/include/slg_msgs/slg_msgs/msg/detail/segment_array__struct.hpp
[65.819s] -- Installing: /home/rhobtor/PHD/ARGOJ8_IA/install/slg_msgs/include/slg_msgs/slg_msgs/msg/detail/segment__type_support.hpp
[65.819s] -- Installing: /home/rhobtor/PHD/ARGOJ8_IA/install/slg_msgs/include/slg_msgs/slg_msgs/msg/detail/segment_array__traits.hpp
[65.819s] -- Installing: /home/rhobtor/PHD/ARGOJ8_IA/install/slg_msgs/include/slg_msgs/slg_msgs/msg/detail/segment__traits.hpp
[65.819s] -- Installing: /home/rhobtor/PHD/ARGOJ8_IA/install/slg_msgs/include/slg_msgs/slg_msgs/msg/segment.hpp
[65.819s] -- Up-to-date: /home/rhobtor/PHD/ARGOJ8_IA/install/slg_msgs/include/slg_msgs/slg_msgs
[65.819s] -- Up-to-date: /home/rhobtor/PHD/ARGOJ8_IA/install/slg_msgs/include/slg_msgs/slg_msgs/msg
[65.819s] -- Installing: /home/rhobtor/PHD/ARGOJ8_IA/install/slg_msgs/include/slg_msgs/slg_msgs/msg/rosidl_typesupport_fastrtps_cpp__visibility_control.h
[65.819s] -- Up-to-date: /home/rhobtor/PHD/ARGOJ8_IA/install/slg_msgs/include/slg_msgs/slg_msgs/msg/detail
[65.819s] -- Installing: /home/rhobtor/PHD/ARGOJ8_IA/install/slg_msgs/include/slg_msgs/slg_msgs/msg/detail/segment_array__rosidl_typesupport_fastrtps_cpp.hpp
[65.820s] -- Installing: /home/rhobtor/PHD/ARGOJ8_IA/install/slg_msgs/include/slg_msgs/slg_msgs/msg/detail/segment__rosidl_typesupport_fastrtps_cpp.hpp
[65.820s] -- Installing: /home/rhobtor/PHD/ARGOJ8_IA/install/slg_msgs/include/slg_msgs/slg_msgs/msg/detail/dds_fastrtps
[65.820s] -- Installing: /home/rhobtor/PHD/ARGOJ8_IA/install/slg_msgs/lib/libslg_msgs__rosidl_typesupport_fastrtps_cpp.so
[65.820s] -- Set non-toolchain portion of runtime path of "/home/rhobtor/PHD/ARGOJ8_IA/install/slg_msgs/lib/libslg_msgs__rosidl_typesupport_fastrtps_cpp.so" to ""
[65.820s] -- Up-to-date: /home/rhobtor/PHD/ARGOJ8_IA/install/slg_msgs/include/slg_msgs/slg_msgs
[65.820s] -- Up-to-date: /home/rhobtor/PHD/ARGOJ8_IA/install/slg_msgs/include/slg_msgs/slg_msgs/msg
[65.820s] -- Up-to-date: /home/rhobtor/PHD/ARGOJ8_IA/install/slg_msgs/include/slg_msgs/slg_msgs/msg/detail
[65.820s] -- Installing: /home/rhobtor/PHD/ARGOJ8_IA/install/slg_msgs/include/slg_msgs/slg_msgs/msg/detail/segment_array__type_support.cpp
[65.820s] -- Installing: /home/rhobtor/PHD/ARGOJ8_IA/install/slg_msgs/include/slg_msgs/slg_msgs/msg/detail/segment__rosidl_typesupport_introspection_cpp.hpp
[65.821s] -- Installing: /home/rhobtor/PHD/ARGOJ8_IA/install/slg_msgs/include/slg_msgs/slg_msgs/msg/detail/segment_array__rosidl_typesupport_introspection_cpp.hpp
[65.821s] -- Installing: /home/rhobtor/PHD/ARGOJ8_IA/install/slg_msgs/include/slg_msgs/slg_msgs/msg/detail/segment__type_support.cpp
[65.821s] -- Installing: /home/rhobtor/PHD/ARGOJ8_IA/install/slg_msgs/lib/libslg_msgs__rosidl_typesupport_introspection_cpp.so
[65.821s] -- Set non-toolchain portion of runtime path of "/home/rhobtor/PHD/ARGOJ8_IA/install/slg_msgs/lib/libslg_msgs__rosidl_typesupport_introspection_cpp.so" to ""
[65.821s] -- Installing: /home/rhobtor/PHD/ARGOJ8_IA/install/slg_msgs/lib/libslg_msgs__rosidl_typesupport_cpp.so
[65.821s] -- Set non-toolchain portion of runtime path of "/home/rhobtor/PHD/ARGOJ8_IA/install/slg_msgs/lib/libslg_msgs__rosidl_typesupport_cpp.so" to ""
[65.821s] -- Installing: /home/rhobtor/PHD/ARGOJ8_IA/install/slg_msgs/share/slg_msgs/environment/pythonpath.sh
[65.821s] -- Installing: /home/rhobtor/PHD/ARGOJ8_IA/install/slg_msgs/share/slg_msgs/environment/pythonpath.dsv
[65.822s] -- Installing: /home/rhobtor/PHD/ARGOJ8_IA/install/slg_msgs/local/lib/python3.10/dist-packages/slg_msgs-3.8.0-py3.10.egg-info
[65.822s] -- Installing: /home/rhobtor/PHD/ARGOJ8_IA/install/slg_msgs/local/lib/python3.10/dist-packages/slg_msgs-3.8.0-py3.10.egg-info/top_level.txt
[65.822s] -- Installing: /home/rhobtor/PHD/ARGOJ8_IA/install/slg_msgs/local/lib/python3.10/dist-packages/slg_msgs-3.8.0-py3.10.egg-info/SOURCES.txt
[65.822s] -- Installing: /home/rhobtor/PHD/ARGOJ8_IA/install/slg_msgs/local/lib/python3.10/dist-packages/slg_msgs-3.8.0-py3.10.egg-info/PKG-INFO
[65.822s] -- Installing: /home/rhobtor/PHD/ARGOJ8_IA/install/slg_msgs/local/lib/python3.10/dist-packages/slg_msgs-3.8.0-py3.10.egg-info/dependency_links.txt
[65.822s] -- Installing: /home/rhobtor/PHD/ARGOJ8_IA/install/slg_msgs/local/lib/python3.10/dist-packages/slg_msgs
[65.822s] -- Installing: /home/rhobtor/PHD/ARGOJ8_IA/install/slg_msgs/local/lib/python3.10/dist-packages/slg_msgs/slg_msgs_s__rosidl_typesupport_introspection_c.cpython-310-x86_64-linux-gnu.so
[65.822s] -- Installing: /home/rhobtor/PHD/ARGOJ8_IA/install/slg_msgs/local/lib/python3.10/dist-packages/slg_msgs/_slg_msgs_s.ep.rosidl_typesupport_fastrtps_c.c
[65.822s] -- Installing: /home/rhobtor/PHD/ARGOJ8_IA/install/slg_msgs/local/lib/python3.10/dist-packages/slg_msgs/_slg_msgs_s.ep.rosidl_typesupport_c.c
[65.822s] -- Installing: /home/rhobtor/PHD/ARGOJ8_IA/install/slg_msgs/local/lib/python3.10/dist-packages/slg_msgs/_slg_msgs_s.ep.rosidl_typesupport_introspection_c.c
[65.823s] -- Installing: /home/rhobtor/PHD/ARGOJ8_IA/install/slg_msgs/local/lib/python3.10/dist-packages/slg_msgs/__init__.py
[65.823s] -- Installing: /home/rhobtor/PHD/ARGOJ8_IA/install/slg_msgs/local/lib/python3.10/dist-packages/slg_msgs/slg_msgs_s__rosidl_typesupport_fastrtps_c.cpython-310-x86_64-linux-gnu.so
[65.823s] -- Installing: /home/rhobtor/PHD/ARGOJ8_IA/install/slg_msgs/local/lib/python3.10/dist-packages/slg_msgs/slg_msgs_s__rosidl_typesupport_c.cpython-310-x86_64-linux-gnu.so
[65.823s] -- Installing: /home/rhobtor/PHD/ARGOJ8_IA/install/slg_msgs/local/lib/python3.10/dist-packages/slg_msgs/msg
[65.823s] -- Installing: /home/rhobtor/PHD/ARGOJ8_IA/install/slg_msgs/local/lib/python3.10/dist-packages/slg_msgs/msg/_segment_array_s.c
[65.823s] -- Installing: /home/rhobtor/PHD/ARGOJ8_IA/install/slg_msgs/local/lib/python3.10/dist-packages/slg_msgs/msg/__init__.py
[65.823s] -- Installing: /home/rhobtor/PHD/ARGOJ8_IA/install/slg_msgs/local/lib/python3.10/dist-packages/slg_msgs/msg/_segment_array.py
[65.823s] -- Installing: /home/rhobtor/PHD/ARGOJ8_IA/install/slg_msgs/local/lib/python3.10/dist-packages/slg_msgs/msg/_segment_s.c
[65.823s] -- Installing: /home/rhobtor/PHD/ARGOJ8_IA/install/slg_msgs/local/lib/python3.10/dist-packages/slg_msgs/msg/_segment.py
[65.823s] -- Installing: /home/rhobtor/PHD/ARGOJ8_IA/install/slg_msgs/local/lib/python3.10/dist-packages/slg_msgs/libslg_msgs__rosidl_generator_py.so
[65.823s] Listing '/home/rhobtor/PHD/ARGOJ8_IA/install/slg_msgs/local/lib/python3.10/dist-packages/slg_msgs'...
[65.823s] Compiling '/home/rhobtor/PHD/ARGOJ8_IA/install/slg_msgs/local/lib/python3.10/dist-packages/slg_msgs/__init__.py'...
[65.824s] Listing '/home/rhobtor/PHD/ARGOJ8_IA/install/slg_msgs/local/lib/python3.10/dist-packages/slg_msgs/msg'...
[65.824s] Compiling '/home/rhobtor/PHD/ARGOJ8_IA/install/slg_msgs/local/lib/python3.10/dist-packages/slg_msgs/msg/__init__.py'...
[65.826s] Compiling '/home/rhobtor/PHD/ARGOJ8_IA/install/slg_msgs/local/lib/python3.10/dist-packages/slg_msgs/msg/_segment.py'...
[65.826s] Compiling '/home/rhobtor/PHD/ARGOJ8_IA/install/slg_msgs/local/lib/python3.10/dist-packages/slg_msgs/msg/_segment_array.py'...
[65.826s] -- Installing: /home/rhobtor/PHD/ARGOJ8_IA/install/slg_msgs/local/lib/python3.10/dist-packages/slg_msgs/slg_msgs_s__rosidl_typesupport_fastrtps_c.cpython-310-x86_64-linux-gnu.so
[65.826s] -- Set non-toolchain portion of runtime path of "/home/rhobtor/PHD/ARGOJ8_IA/install/slg_msgs/local/lib/python3.10/dist-packages/slg_msgs/slg_msgs_s__rosidl_typesupport_fastrtps_c.cpython-310-x86_64-linux-gnu.so" to ""
[65.826s] -- Installing: /home/rhobtor/PHD/ARGOJ8_IA/install/slg_msgs/local/lib/python3.10/dist-packages/slg_msgs/slg_msgs_s__rosidl_typesupport_introspection_c.cpython-310-x86_64-linux-gnu.so
[65.826s] -- Set non-toolchain portion of runtime path of "/home/rhobtor/PHD/ARGOJ8_IA/install/slg_msgs/local/lib/python3.10/dist-packages/slg_msgs/slg_msgs_s__rosidl_typesupport_introspection_c.cpython-310-x86_64-linux-gnu.so" to ""
[65.826s] -- Installing: /home/rhobtor/PHD/ARGOJ8_IA/install/slg_msgs/local/lib/python3.10/dist-packages/slg_msgs/slg_msgs_s__rosidl_typesupport_c.cpython-310-x86_64-linux-gnu.so
[65.827s] -- Set non-toolchain portion of runtime path of "/home/rhobtor/PHD/ARGOJ8_IA/install/slg_msgs/local/lib/python3.10/dist-packages/slg_msgs/slg_msgs_s__rosidl_typesupport_c.cpython-310-x86_64-linux-gnu.so" to ""
[65.827s] -- Installing: /home/rhobtor/PHD/ARGOJ8_IA/install/slg_msgs/lib/libslg_msgs__rosidl_generator_py.so
[65.827s] -- Set non-toolchain portion of runtime path of "/home/rhobtor/PHD/ARGOJ8_IA/install/slg_msgs/lib/libslg_msgs__rosidl_generator_py.so" to ""
[65.827s] -- Installing: /home/rhobtor/PHD/ARGOJ8_IA/install/slg_msgs/share/slg_msgs/msg/Segment.idl
[65.827s] -- Installing: /home/rhobtor/PHD/ARGOJ8_IA/install/slg_msgs/share/slg_msgs/msg/SegmentArray.idl
[65.827s] -- Installing: /home/rhobtor/PHD/ARGOJ8_IA/install/slg_msgs/share/slg_msgs/msg/Segment.msg
[65.827s] -- Installing: /home/rhobtor/PHD/ARGOJ8_IA/install/slg_msgs/share/slg_msgs/msg/SegmentArray.msg
[65.827s] -- Up-to-date: /home/rhobtor/PHD/ARGOJ8_IA/install/slg_msgs/include/slg_msgs
[65.827s] -- Installing: /home/rhobtor/PHD/ARGOJ8_IA/install/slg_msgs/include/slg_msgs/segment2D.hpp
[65.827s] -- Installing: /home/rhobtor/PHD/ARGOJ8_IA/install/slg_msgs/include/slg_msgs/polygon.hpp
[65.827s] -- Installing: /home/rhobtor/PHD/ARGOJ8_IA/install/slg_msgs/include/slg_msgs/point2D.hpp
[65.828s] -- Installing: /home/rhobtor/PHD/ARGOJ8_IA/install/slg_msgs/share/ament_index/resource_index/package_run_dependencies/slg_msgs
[65.828s] -- Installing: /home/rhobtor/PHD/ARGOJ8_IA/install/slg_msgs/share/ament_index/resource_index/parent_prefix_path/slg_msgs
[65.828s] -- Installing: /home/rhobtor/PHD/ARGOJ8_IA/install/slg_msgs/share/slg_msgs/environment/ament_prefix_path.sh
[65.828s] -- Installing: /home/rhobtor/PHD/ARGOJ8_IA/install/slg_msgs/share/slg_msgs/environment/ament_prefix_path.dsv
[65.829s] -- Installing: /home/rhobtor/PHD/ARGOJ8_IA/install/slg_msgs/share/slg_msgs/environment/path.sh
[65.829s] -- Installing: /home/rhobtor/PHD/ARGOJ8_IA/install/slg_msgs/share/slg_msgs/environment/path.dsv
[65.829s] -- Installing: /home/rhobtor/PHD/ARGOJ8_IA/install/slg_msgs/share/slg_msgs/local_setup.bash
[65.829s] -- Installing: /home/rhobtor/PHD/ARGOJ8_IA/install/slg_msgs/share/slg_msgs/local_setup.sh
[65.829s] -- Installing: /home/rhobtor/PHD/ARGOJ8_IA/install/slg_msgs/share/slg_msgs/local_setup.zsh
[65.829s] -- Installing: /home/rhobtor/PHD/ARGOJ8_IA/install/slg_msgs/share/slg_msgs/local_setup.dsv
[65.829s] -- Installing: /home/rhobtor/PHD/ARGOJ8_IA/install/slg_msgs/share/slg_msgs/package.dsv
[65.829s] -- Installing: /home/rhobtor/PHD/ARGOJ8_IA/install/slg_msgs/share/ament_index/resource_index/packages/slg_msgs
[65.830s] -- Installing: /home/rhobtor/PHD/ARGOJ8_IA/install/slg_msgs/share/slg_msgs/cmake/export_slg_msgs__rosidl_generator_cExport.cmake
[65.830s] -- Installing: /home/rhobtor/PHD/ARGOJ8_IA/install/slg_msgs/share/slg_msgs/cmake/export_slg_msgs__rosidl_generator_cExport-release.cmake
[65.830s] -- Installing: /home/rhobtor/PHD/ARGOJ8_IA/install/slg_msgs/share/slg_msgs/cmake/export_slg_msgs__rosidl_typesupport_fastrtps_cExport.cmake
[65.830s] -- Installing: /home/rhobtor/PHD/ARGOJ8_IA/install/slg_msgs/share/slg_msgs/cmake/export_slg_msgs__rosidl_typesupport_fastrtps_cExport-release.cmake
[65.830s] -- Installing: /home/rhobtor/PHD/ARGOJ8_IA/install/slg_msgs/share/slg_msgs/cmake/slg_msgs__rosidl_typesupport_introspection_cExport.cmake
[65.830s] -- Installing: /home/rhobtor/PHD/ARGOJ8_IA/install/slg_msgs/share/slg_msgs/cmake/slg_msgs__rosidl_typesupport_introspection_cExport-release.cmake
[65.830s] -- Installing: /home/rhobtor/PHD/ARGOJ8_IA/install/slg_msgs/share/slg_msgs/cmake/slg_msgs__rosidl_typesupport_cExport.cmake
[65.830s] -- Installing: /home/rhobtor/PHD/ARGOJ8_IA/install/slg_msgs/share/slg_msgs/cmake/slg_msgs__rosidl_typesupport_cExport-release.cmake
[65.830s] -- Installing: /home/rhobtor/PHD/ARGOJ8_IA/install/slg_msgs/share/slg_msgs/cmake/export_slg_msgs__rosidl_generator_cppExport.cmake
[65.831s] -- Installing: /home/rhobtor/PHD/ARGOJ8_IA/install/slg_msgs/share/slg_msgs/cmake/export_slg_msgs__rosidl_typesupport_fastrtps_cppExport.cmake
[65.831s] -- Installing: /home/rhobtor/PHD/ARGOJ8_IA/install/slg_msgs/share/slg_msgs/cmake/export_slg_msgs__rosidl_typesupport_fastrtps_cppExport-release.cmake
[65.831s] -- Installing: /home/rhobtor/PHD/ARGOJ8_IA/install/slg_msgs/share/slg_msgs/cmake/slg_msgs__rosidl_typesupport_introspection_cppExport.cmake
[65.831s] -- Installing: /home/rhobtor/PHD/ARGOJ8_IA/install/slg_msgs/share/slg_msgs/cmake/slg_msgs__rosidl_typesupport_introspection_cppExport-release.cmake
[65.831s] -- Installing: /home/rhobtor/PHD/ARGOJ8_IA/install/slg_msgs/share/slg_msgs/cmake/slg_msgs__rosidl_typesupport_cppExport.cmake
[65.831s] -- Installing: /home/rhobtor/PHD/ARGOJ8_IA/install/slg_msgs/share/slg_msgs/cmake/slg_msgs__rosidl_typesupport_cppExport-release.cmake
[65.831s] -- Installing: /home/rhobtor/PHD/ARGOJ8_IA/install/slg_msgs/share/slg_msgs/cmake/export_slg_msgs__rosidl_generator_pyExport.cmake
[65.831s] -- Installing: /home/rhobtor/PHD/ARGOJ8_IA/install/slg_msgs/share/slg_msgs/cmake/export_slg_msgs__rosidl_generator_pyExport-release.cmake
[65.831s] -- Installing: /home/rhobtor/PHD/ARGOJ8_IA/install/slg_msgs/share/slg_msgs/cmake/export_slg_msgsExport.cmake
[65.831s] -- Installing: /home/rhobtor/PHD/ARGOJ8_IA/install/slg_msgs/share/slg_msgs/cmake/rosidl_cmake-extras.cmake
[65.831s] -- Installing: /home/rhobtor/PHD/ARGOJ8_IA/install/slg_msgs/share/slg_msgs/cmake/ament_cmake_export_dependencies-extras.cmake
[65.832s] -- Installing: /home/rhobtor/PHD/ARGOJ8_IA/install/slg_msgs/share/slg_msgs/cmake/ament_cmake_export_include_directories-extras.cmake
[65.832s] -- Installing: /home/rhobtor/PHD/ARGOJ8_IA/install/slg_msgs/share/slg_msgs/cmake/ament_cmake_export_libraries-extras.cmake
[65.832s] -- Installing: /home/rhobtor/PHD/ARGOJ8_IA/install/slg_msgs/share/slg_msgs/cmake/ament_cmake_export_targets-extras.cmake
[65.832s] -- Installing: /home/rhobtor/PHD/ARGOJ8_IA/install/slg_msgs/share/slg_msgs/cmake/rosidl_cmake_export_typesupport_targets-extras.cmake
[65.832s] -- Installing: /home/rhobtor/PHD/ARGOJ8_IA/install/slg_msgs/share/slg_msgs/cmake/rosidl_cmake_export_typesupport_libraries-extras.cmake
[65.833s] -- Installing: /home/rhobtor/PHD/ARGOJ8_IA/install/slg_msgs/share/slg_msgs/cmake/slg_msgsConfig.cmake
[65.833s] -- Installing: /home/rhobtor/PHD/ARGOJ8_IA/install/slg_msgs/share/slg_msgs/cmake/slg_msgsConfig-version.cmake
[65.833s] -- Installing: /home/rhobtor/PHD/ARGOJ8_IA/install/slg_msgs/share/slg_msgs/package.xml
[65.838s] Invoked command in '/home/rhobtor/PHD/ARGOJ8_IA/build/slg_msgs' returned '0': CMAKE_PREFIX_PATH=${CMAKE_PREFIX_PATH}:/home/rhobtor/PHD/reactive/Reactive-Navegation/workspace_full_conected/install/car:/opt/ros/humble /opt/st/stm32cubeclt_1.18.0/CMake/bin/cmake --install /home/rhobtor/PHD/ARGOJ8_IA/build/slg_msgs
