[0.566s] Invoking command in '/home/rhobtor/PHD/ARGOJ8_IA/build/joy': AMENT_PREFIX_PATH=/home/rhobtor/PHD/ARGOJ8_IA/install/sdl2_vendor:${AMENT_PREFIX_PATH} CMAKE_PREFIX_PATH=/home/rhobtor/PHD/ARGOJ8_IA/install/sdl2_vendor:/home/rhobtor/PHD/reactive/Reactive-Navegation/workspace_full_conected/install/octomap_mapping:/home/rhobtor/PHD/reactive/Reactive-Navegation/workspace_full_conected/install/octomap_server:/home/rhobtor/PHD/reactive/Reactive-Navegation/workspace_full_conected/install/octomap_rviz_plugins:/home/rhobtor/PHD/reactive/Reactive-Navegation/workspace_full_conected/install/hector_gazebo_plugins:/home/rhobtor/PHD/reactive/Reactive-Navegation/workspace_full_conected/install/car_cpp:/home/rhobtor/PHD/reactive/Reactive-Navegation/workspace_full_conected/install/car_interfaces:/home/rhobtor/PHD/reactive/Reactive-Navegation/workspace_full_conected/install/car:/opt/ros/humble /opt/st/stm32cubeclt_1.18.0/CMake/bin/cmake --build /home/rhobtor/PHD/ARGOJ8_IA/build/joy -- -j16 -l16
[0.596s] [ 33%] Built target joy_enumerate_devices
[0.599s] [ 66%] Built target joy_node
[0.600s] [100%] Built target joy
[0.828s] Invoked command in '/home/rhobtor/PHD/ARGOJ8_IA/build/joy' returned '0': AMENT_PREFIX_PATH=/home/rhobtor/PHD/ARGOJ8_IA/install/sdl2_vendor:${AMENT_PREFIX_PATH} CMAKE_PREFIX_PATH=/home/rhobtor/PHD/ARGOJ8_IA/install/sdl2_vendor:/home/rhobtor/PHD/reactive/Reactive-Navegation/workspace_full_conected/install/octomap_mapping:/home/rhobtor/PHD/reactive/Reactive-Navegation/workspace_full_conected/install/octomap_server:/home/rhobtor/PHD/reactive/Reactive-Navegation/workspace_full_conected/install/octomap_rviz_plugins:/home/rhobtor/PHD/reactive/Reactive-Navegation/workspace_full_conected/install/hector_gazebo_plugins:/home/rhobtor/PHD/reactive/Reactive-Navegation/workspace_full_conected/install/car_cpp:/home/rhobtor/PHD/reactive/Reactive-Navegation/workspace_full_conected/install/car_interfaces:/home/rhobtor/PHD/reactive/Reactive-Navegation/workspace_full_conected/install/car:/opt/ros/humble /opt/st/stm32cubeclt_1.18.0/CMake/bin/cmake --build /home/rhobtor/PHD/ARGOJ8_IA/build/joy -- -j16 -l16
[0.834s] Invoking command in '/home/rhobtor/PHD/ARGOJ8_IA/build/joy': AMENT_PREFIX_PATH=/home/rhobtor/PHD/ARGOJ8_IA/install/sdl2_vendor:${AMENT_PREFIX_PATH} CMAKE_PREFIX_PATH=/home/rhobtor/PHD/ARGOJ8_IA/install/sdl2_vendor:/home/rhobtor/PHD/reactive/Reactive-Navegation/workspace_full_conected/install/octomap_mapping:/home/rhobtor/PHD/reactive/Reactive-Navegation/workspace_full_conected/install/octomap_server:/home/rhobtor/PHD/reactive/Reactive-Navegation/workspace_full_conected/install/octomap_rviz_plugins:/home/rhobtor/PHD/reactive/Reactive-Navegation/workspace_full_conected/install/hector_gazebo_plugins:/home/rhobtor/PHD/reactive/Reactive-Navegation/workspace_full_conected/install/car_cpp:/home/rhobtor/PHD/reactive/Reactive-Navegation/workspace_full_conected/install/car_interfaces:/home/rhobtor/PHD/reactive/Reactive-Navegation/workspace_full_conected/install/car:/opt/ros/humble /opt/st/stm32cubeclt_1.18.0/CMake/bin/cmake --install /home/rhobtor/PHD/ARGOJ8_IA/build/joy
[0.870s] -- Install configuration: ""
[0.870s] -- Up-to-date: /home/rhobtor/PHD/ARGOJ8_IA/install/joy/lib/libjoy.so
[0.871s] -- Up-to-date: /home/rhobtor/PHD/ARGOJ8_IA/install/joy/lib/joy/joy_node
[0.871s] -- Up-to-date: /home/rhobtor/PHD/ARGOJ8_IA/install/joy/lib/joy/joy_enumerate_devices
[0.871s] -- Up-to-date: /home/rhobtor/PHD/ARGOJ8_IA/install/joy/include/joy
[0.871s] -- Up-to-date: /home/rhobtor/PHD/ARGOJ8_IA/install/joy/include/joy/joy
[0.871s] -- Up-to-date: /home/rhobtor/PHD/ARGOJ8_IA/install/joy/include/joy/joy/joy.hpp
[0.871s] -- Up-to-date: /home/rhobtor/PHD/ARGOJ8_IA/install/joy/share/joy/config
[0.872s] -- Up-to-date: /home/rhobtor/PHD/ARGOJ8_IA/install/joy/share/joy/config/joy-params.yaml
[0.872s] -- Up-to-date: /home/rhobtor/PHD/ARGOJ8_IA/install/joy/share/joy/launch
[0.872s] -- Up-to-date: /home/rhobtor/PHD/ARGOJ8_IA/install/joy/share/joy/launch/joy-launch_test.py
[0.872s] -- Up-to-date: /home/rhobtor/PHD/ARGOJ8_IA/install/joy/share/joy/launch/joy-composed-launch.py
[0.873s] -- Up-to-date: /home/rhobtor/PHD/ARGOJ8_IA/install/joy/share/ament_index/resource_index/package_run_dependencies/joy
[0.873s] -- Up-to-date: /home/rhobtor/PHD/ARGOJ8_IA/install/joy/share/ament_index/resource_index/parent_prefix_path/joy
[0.873s] -- Up-to-date: /home/rhobtor/PHD/ARGOJ8_IA/install/joy/share/joy/environment/ament_prefix_path.sh
[0.874s] -- Up-to-date: /home/rhobtor/PHD/ARGOJ8_IA/install/joy/share/joy/environment/ament_prefix_path.dsv
[0.874s] -- Up-to-date: /home/rhobtor/PHD/ARGOJ8_IA/install/joy/share/joy/environment/path.sh
[0.874s] -- Up-to-date: /home/rhobtor/PHD/ARGOJ8_IA/install/joy/share/joy/environment/path.dsv
[0.875s] -- Up-to-date: /home/rhobtor/PHD/ARGOJ8_IA/install/joy/share/joy/local_setup.bash
[0.875s] -- Up-to-date: /home/rhobtor/PHD/ARGOJ8_IA/install/joy/share/joy/local_setup.sh
[0.876s] -- Up-to-date: /home/rhobtor/PHD/ARGOJ8_IA/install/joy/share/joy/local_setup.zsh
[0.876s] -- Up-to-date: /home/rhobtor/PHD/ARGOJ8_IA/install/joy/share/joy/local_setup.dsv
[0.876s] -- Installing: /home/rhobtor/PHD/ARGOJ8_IA/install/joy/share/joy/package.dsv
[0.876s] -- Up-to-date: /home/rhobtor/PHD/ARGOJ8_IA/install/joy/share/ament_index/resource_index/packages/joy
[0.878s] -- Up-to-date: /home/rhobtor/PHD/ARGOJ8_IA/install/joy/share/ament_index/resource_index/rclcpp_components/joy
[0.878s] -- Up-to-date: /home/rhobtor/PHD/ARGOJ8_IA/install/joy/share/joy/cmake/export_joyExport.cmake
[0.879s] -- Up-to-date: /home/rhobtor/PHD/ARGOJ8_IA/install/joy/share/joy/cmake/export_joyExport-noconfig.cmake
[0.879s] -- Up-to-date: /home/rhobtor/PHD/ARGOJ8_IA/install/joy/share/joy/cmake/ament_cmake_export_targets-extras.cmake
[0.879s] -- Up-to-date: /home/rhobtor/PHD/ARGOJ8_IA/install/joy/share/joy/cmake/ament_cmake_export_dependencies-extras.cmake
[0.880s] -- Up-to-date: /home/rhobtor/PHD/ARGOJ8_IA/install/joy/share/joy/cmake/joyConfig.cmake
[0.880s] -- Up-to-date: /home/rhobtor/PHD/ARGOJ8_IA/install/joy/share/joy/cmake/joyConfig-version.cmake
[0.880s] -- Up-to-date: /home/rhobtor/PHD/ARGOJ8_IA/install/joy/share/joy/package.xml
[0.955s] Invoked command in '/home/rhobtor/PHD/ARGOJ8_IA/build/joy' returned '0': AMENT_PREFIX_PATH=/home/rhobtor/PHD/ARGOJ8_IA/install/sdl2_vendor:${AMENT_PREFIX_PATH} CMAKE_PREFIX_PATH=/home/rhobtor/PHD/ARGOJ8_IA/install/sdl2_vendor:/home/rhobtor/PHD/reactive/Reactive-Navegation/workspace_full_conected/install/octomap_mapping:/home/rhobtor/PHD/reactive/Reactive-Navegation/workspace_full_conected/install/octomap_server:/home/rhobtor/PHD/reactive/Reactive-Navegation/workspace_full_conected/install/octomap_rviz_plugins:/home/rhobtor/PHD/reactive/Reactive-Navegation/workspace_full_conected/install/hector_gazebo_plugins:/home/rhobtor/PHD/reactive/Reactive-Navegation/workspace_full_conected/install/car_cpp:/home/rhobtor/PHD/reactive/Reactive-Navegation/workspace_full_conected/install/car_interfaces:/home/rhobtor/PHD/reactive/Reactive-Navegation/workspace_full_conected/install/car:/opt/ros/humble /opt/st/stm32cubeclt_1.18.0/CMake/bin/cmake --install /home/rhobtor/PHD/ARGOJ8_IA/build/joy
