[0.566s] Invoking command in '/home/rhobtor/PHD/ARGOJ8_IA/build/octomap_rviz_plugins': CMAKE_PREFIX_PATH=${CMAKE_PREFIX_PATH}:/home/rhobtor/PHD/reactive/Reactive-Navegation/workspace_full_conected/install/car:/opt/ros/humble /opt/st/stm32cubeclt_1.18.0/CMake/bin/cmake --build /home/rhobtor/PHD/ARGOJ8_IA/build/octomap_rviz_plugins -- -j16 -l16
[0.611s] [  0%] Built target octomap_rviz_plugins_autogen_timestamp_deps
[0.660s] [ 10%] Built target octomap_rviz_plugins_autogen
[0.760s] [100%] Built target octomap_rviz_plugins
[1.253s] Invoked command in '/home/rhobtor/PHD/ARGOJ8_IA/build/octomap_rviz_plugins' returned '0': CMAKE_PREFIX_PATH=${CMAKE_PREFIX_PATH}:/home/rhobtor/PHD/reactive/Reactive-Navegation/workspace_full_conected/install/car:/opt/ros/humble /opt/st/stm32cubeclt_1.18.0/CMake/bin/cmake --build /home/rhobtor/PHD/ARGOJ8_IA/build/octomap_rviz_plugins -- -j16 -l16
[1.255s] Invoking command in '/home/rhobtor/PHD/ARGOJ8_IA/build/octomap_rviz_plugins': CMAKE_PREFIX_PATH=${CMAKE_PREFIX_PATH}:/home/rhobtor/PHD/reactive/Reactive-Navegation/workspace_full_conected/install/car:/opt/ros/humble /opt/st/stm32cubeclt_1.18.0/CMake/bin/cmake --install /home/rhobtor/PHD/ARGOJ8_IA/build/octomap_rviz_plugins
[1.315s] -- Install configuration: ""
[1.315s] -- Up-to-date: /home/rhobtor/PHD/ARGOJ8_IA/install/octomap_rviz_plugins/share/octomap_rviz_plugins/plugins_description.xml
[1.315s] -- Up-to-date: /home/rhobtor/PHD/ARGOJ8_IA/install/octomap_rviz_plugins/include
[1.315s] -- Up-to-date: /home/rhobtor/PHD/ARGOJ8_IA/install/octomap_rviz_plugins/include/octomap_rviz_plugins
[1.316s] -- Up-to-date: /home/rhobtor/PHD/ARGOJ8_IA/install/octomap_rviz_plugins/include/octomap_rviz_plugins/occupancy_map_display.hpp
[1.316s] -- Up-to-date: /home/rhobtor/PHD/ARGOJ8_IA/install/octomap_rviz_plugins/include/octomap_rviz_plugins/occupancy_grid_display.hpp
[1.316s] -- Up-to-date: /home/rhobtor/PHD/ARGOJ8_IA/install/octomap_rviz_plugins/share/octomap_rviz_plugins/environment/library_path.sh
[1.316s] -- Up-to-date: /home/rhobtor/PHD/ARGOJ8_IA/install/octomap_rviz_plugins/share/octomap_rviz_plugins/environment/library_path.dsv
[1.316s] -- Up-to-date: /home/rhobtor/PHD/ARGOJ8_IA/install/octomap_rviz_plugins/lib/liboctomap_rviz_plugins.so
[1.316s] -- Up-to-date: /home/rhobtor/PHD/ARGOJ8_IA/install/octomap_rviz_plugins/share/octomap_rviz_plugins/icons
[1.316s] -- Up-to-date: /home/rhobtor/PHD/ARGOJ8_IA/install/octomap_rviz_plugins/share/octomap_rviz_plugins/icons/classes
[1.317s] -- Up-to-date: /home/rhobtor/PHD/ARGOJ8_IA/install/octomap_rviz_plugins/share/octomap_rviz_plugins/icons/classes/OccupancyGrid.png
[1.317s] -- Up-to-date: /home/rhobtor/PHD/ARGOJ8_IA/install/octomap_rviz_plugins/share/octomap_rviz_plugins/icons/classes/OccupancyGridStamped.png
[1.317s] -- Up-to-date: /home/rhobtor/PHD/ARGOJ8_IA/install/octomap_rviz_plugins/share/octomap_rviz_plugins/icons/classes/OccupancyMap.png
[1.317s] -- Up-to-date: /home/rhobtor/PHD/ARGOJ8_IA/install/octomap_rviz_plugins/share/octomap_rviz_plugins/icons/classes/ColorOccupancyGrid.png
[1.317s] -- Up-to-date: /home/rhobtor/PHD/ARGOJ8_IA/install/octomap_rviz_plugins/share/octomap_rviz_plugins/icons/classes/OccupancyMapStamped.png
[1.317s] -- Up-to-date: /home/rhobtor/PHD/ARGOJ8_IA/install/octomap_rviz_plugins/share/ament_index/resource_index/package_run_dependencies/octomap_rviz_plugins
[1.317s] -- Up-to-date: /home/rhobtor/PHD/ARGOJ8_IA/install/octomap_rviz_plugins/share/ament_index/resource_index/parent_prefix_path/octomap_rviz_plugins
[1.317s] -- Up-to-date: /home/rhobtor/PHD/ARGOJ8_IA/install/octomap_rviz_plugins/share/octomap_rviz_plugins/environment/ament_prefix_path.sh
[1.318s] -- Up-to-date: /home/rhobtor/PHD/ARGOJ8_IA/install/octomap_rviz_plugins/share/octomap_rviz_plugins/environment/ament_prefix_path.dsv
[1.318s] -- Up-to-date: /home/rhobtor/PHD/ARGOJ8_IA/install/octomap_rviz_plugins/share/octomap_rviz_plugins/environment/path.sh
[1.318s] -- Up-to-date: /home/rhobtor/PHD/ARGOJ8_IA/install/octomap_rviz_plugins/share/octomap_rviz_plugins/environment/path.dsv
[1.318s] -- Up-to-date: /home/rhobtor/PHD/ARGOJ8_IA/install/octomap_rviz_plugins/share/octomap_rviz_plugins/local_setup.bash
[1.318s] -- Up-to-date: /home/rhobtor/PHD/ARGOJ8_IA/install/octomap_rviz_plugins/share/octomap_rviz_plugins/local_setup.sh
[1.318s] -- Up-to-date: /home/rhobtor/PHD/ARGOJ8_IA/install/octomap_rviz_plugins/share/octomap_rviz_plugins/local_setup.zsh
[1.318s] -- Up-to-date: /home/rhobtor/PHD/ARGOJ8_IA/install/octomap_rviz_plugins/share/octomap_rviz_plugins/local_setup.dsv
[1.318s] -- Installing: /home/rhobtor/PHD/ARGOJ8_IA/install/octomap_rviz_plugins/share/octomap_rviz_plugins/package.dsv
[1.318s] -- Up-to-date: /home/rhobtor/PHD/ARGOJ8_IA/install/octomap_rviz_plugins/share/ament_index/resource_index/packages/octomap_rviz_plugins
[1.318s] -- Up-to-date: /home/rhobtor/PHD/ARGOJ8_IA/install/octomap_rviz_plugins/share/ament_index/resource_index/rviz_common__pluginlib__plugin/octomap_rviz_plugins
[1.318s] -- Up-to-date: /home/rhobtor/PHD/ARGOJ8_IA/install/octomap_rviz_plugins/share/octomap_rviz_plugins/cmake/ament_cmake_export_dependencies-extras.cmake
[1.318s] -- Up-to-date: /home/rhobtor/PHD/ARGOJ8_IA/install/octomap_rviz_plugins/share/octomap_rviz_plugins/cmake/ament_cmake_export_include_directories-extras.cmake
[1.321s] -- Up-to-date: /home/rhobtor/PHD/ARGOJ8_IA/install/octomap_rviz_plugins/share/octomap_rviz_plugins/cmake/ament_cmake_export_libraries-extras.cmake
[1.322s] -- Up-to-date: /home/rhobtor/PHD/ARGOJ8_IA/install/octomap_rviz_plugins/share/octomap_rviz_plugins/cmake/octomap_rviz_pluginsConfig.cmake
[1.322s] -- Up-to-date: /home/rhobtor/PHD/ARGOJ8_IA/install/octomap_rviz_plugins/share/octomap_rviz_plugins/cmake/octomap_rviz_pluginsConfig-version.cmake
[1.322s] -- Up-to-date: /home/rhobtor/PHD/ARGOJ8_IA/install/octomap_rviz_plugins/share/octomap_rviz_plugins/package.xml
[1.561s] Invoked command in '/home/rhobtor/PHD/ARGOJ8_IA/build/octomap_rviz_plugins' returned '0': CMAKE_PREFIX_PATH=${CMAKE_PREFIX_PATH}:/home/rhobtor/PHD/reactive/Reactive-Navegation/workspace_full_conected/install/car:/opt/ros/humble /opt/st/stm32cubeclt_1.18.0/CMake/bin/cmake --install /home/rhobtor/PHD/ARGOJ8_IA/build/octomap_rviz_plugins
