[0.326s] Invoking command in '/home/rhobtor/PHD/ARGOJ8_IA/build/fixposition_driver_ros2': CMAKE_PREFIX_PATH=/home/rhobtor/PHD/ARGOJ8_IA/install/fixposition_driver_lib:/home/rhobtor/PHD/ARGOJ8_IA/install/fixposition_gnss_tf:/home/rhobtor/PHD/ARGOJ8_IA/install/wiimote_msgs:/home/rhobtor/PHD/ARGOJ8_IA/install/ublox:/home/rhobtor/PHD/ARGOJ8_IA/install/ublox_gps:/home/rhobtor/PHD/ARGOJ8_IA/install/security_check:/home/rhobtor/PHD/ARGOJ8_IA/install/ctl_mission:/home/rhobtor/PHD/ARGOJ8_IA/install/ublox_msgs:/home/rhobtor/PHD/ARGOJ8_IA/install/ublox_serialization:/home/rhobtor/PHD/ARGOJ8_IA/install/spacenav:/home/rhobtor/PHD/ARGOJ8_IA/install/laser_segmentation:/home/rhobtor/PHD/ARGOJ8_IA/install/slg_msgs:/home/rhobtor/PHD/ARGOJ8_IA/install/security_check_interfaces:/home/rhobtor/PHD/ARGOJ8_IA/install/joy:/home/rhobtor/PHD/ARGOJ8_IA/install/sdl2_vendor:/home/rhobtor/PHD/ARGOJ8_IA/install/path_manager:/home/rhobtor/PHD/ARGOJ8_IA/install/path_manager_interfaces:/home/rhobtor/PHD/ARGOJ8_IA/install/octomap_mapping:/home/rhobtor/PHD/ARGOJ8_IA/install/octomap_server:/home/rhobtor/PHD/ARGOJ8_IA/install/octomap_rviz_plugins:/home/rhobtor/PHD/ARGOJ8_IA/install/joy_linux:/home/rhobtor/PHD/ARGOJ8_IA/install/j8_xacro_model:/home/rhobtor/PHD/ARGOJ8_IA/install/hector_gazebo_plugins:/home/rhobtor/PHD/ARGOJ8_IA/install/fixposition_sensor_pkg:/home/rhobtor/PHD/ARGOJ8_IA/install/fixposition_odometry_converter_ros2:/home/rhobtor/PHD/ARGOJ8_IA/install/fixposition_driver_ros2:/home/rhobtor/PHD/ARGOJ8_IA/install/ctl_mission_interfaces:/home/rhobtor/PHD/ARGOJ8_IA/install/car_cpp:/home/rhobtor/PHD/ARGOJ8_IA/install/car_interfaces:/home/rhobtor/PHD/ARGOJ8_IA/install/argj801_setup:/home/rhobtor/PHD/ARGOJ8_IA/install/argj801_sensors:/home/rhobtor/PHD/ARGOJ8_IA/install/argj801_sensors_msgs:/home/rhobtor/PHD/ARGOJ8_IA/install/argj801_ctl_platform:/home/rhobtor/PHD/ARGOJ8_IA/install/argj801_ctl_platform_interfaces:/home/rhobtor/PHD/reactive/Reactive-Navegation/workspace_full_conected/install/octomap_mapping:/home/rhobtor/PHD/reactive/Reactive-Navegation/workspace_full_conected/install/octomap_server:/home/rhobtor/PHD/reactive/Reactive-Navegation/workspace_full_conected/install/octomap_rviz_plugins:/home/rhobtor/PHD/reactive/Reactive-Navegation/workspace_full_conected/install/hector_gazebo_plugins:/home/rhobtor/PHD/reactive/Reactive-Navegation/workspace_full_conected/install/car_cpp:/home/rhobtor/PHD/reactive/Reactive-Navegation/workspace_full_conected/install/car_interfaces:/home/rhobtor/PHD/ARGOJ8_IA/install/ntrip_client:/home/rhobtor/PHD/ARGOJ8_IA/install/car:/home/rhobtor/PHD/ARGOJ8_IA/install/android_ros2_server:/home/rhobtor/PHD/ARGOJ8_IA/install/GUI_pkg:/home/rhobtor/PHD/reactive/Reactive-Navegation/workspace_full_conected/install/car:/opt/ros/humble LD_LIBRARY_PATH=/home/rhobtor/PHD/ARGOJ8_IA/install/fixposition_driver_lib/lib:/home/rhobtor/PHD/ARGOJ8_IA/install/fixposition_gnss_tf/lib:/home/rhobtor/PHD/ARGOJ8_IA/install/wiimote_msgs/lib:/home/rhobtor/PHD/ARGOJ8_IA/install/ublox_gps/lib:/home/rhobtor/PHD/ARGOJ8_IA/install/ublox_msgs/lib:/home/rhobtor/PHD/ARGOJ8_IA/install/spacenav/lib:/home/rhobtor/PHD/ARGOJ8_IA/install/laser_segmentation/lib:/home/rhobtor/PHD/ARGOJ8_IA/install/slg_msgs/lib:/home/rhobtor/PHD/ARGOJ8_IA/install/security_check_interfaces/lib:/home/rhobtor/PHD/ARGOJ8_IA/install/joy/lib:/home/rhobtor/PHD/ARGOJ8_IA/install/path_manager_interfaces/lib:/home/rhobtor/PHD/ARGOJ8_IA/install/octomap_server/lib:/home/rhobtor/PHD/ARGOJ8_IA/install/octomap_rviz_plugins/lib:/home/rhobtor/PHD/ARGOJ8_IA/install/j8_xacro_model/lib:/home/rhobtor/PHD/ARGOJ8_IA/install/hector_gazebo_plugins/lib:/home/rhobtor/PHD/ARGOJ8_IA/install/fixposition_sensor_pkg/lib:/home/rhobtor/PHD/ARGOJ8_IA/install/fixposition_odometry_converter_ros2/lib:/home/rhobtor/PHD/ARGOJ8_IA/install/fixposition_driver_ros2/lib:/home/rhobtor/PHD/ARGOJ8_IA/install/ctl_mission_interfaces/lib:/home/rhobtor/PHD/ARGOJ8_IA/install/car_cpp/lib:/home/rhobtor/PHD/ARGOJ8_IA/install/car_interfaces/lib:/home/rhobtor/PHD/ARGOJ8_IA/install/argj801_sensors_msgs/lib:/home/rhobtor/PHD/ARGOJ8_IA/install/argj801_ctl_platform_interfaces/lib:/home/rhobtor/PHD/reactive/Reactive-Navegation/workspace_full_conected/install/octomap_server/lib:/home/rhobtor/PHD/reactive/Reactive-Navegation/workspace_full_conected/install/octomap_rviz_plugins/lib:/home/rhobtor/PHD/reactive/Reactive-Navegation/workspace_full_conected/install/hector_gazebo_plugins/lib:/home/rhobtor/PHD/reactive/Reactive-Navegation/workspace_full_conected/install/car_cpp/lib:/home/rhobtor/PHD/reactive/Reactive-Navegation/workspace_full_conected/install/car_interfaces/lib:/usr/lib/x86_64-linux-gnu/gazebo-11/plugins:/opt/ros/humble/opt/rviz_ogre_vendor/lib:/opt/ros/humble/lib/x86_64-linux-gnu:/opt/ros/humble/lib /opt/st/stm32cubeclt_1.18.0/CMake/bin/cmake --build /home/rhobtor/PHD/ARGOJ8_IA/build/fixposition_driver_ros2 -- -j16 -l16
[0.458s] [  2%] Built target fixposition_driver_ros2__cpp
[0.458s] [ 11%] Built target fixposition_driver_ros2__rosidl_generator_c
[0.458s] [ 11%] Built target ament_cmake_python_copy_fixposition_driver_ros2
[0.458s] [ 20%] Built target fixposition_driver_ros2__rosidl_typesupport_cpp
[0.458s] [ 30%] Built target fixposition_driver_ros2__rosidl_typesupport_fastrtps_cpp
[0.458s] [ 46%] Built target fixposition_driver_ros2__rosidl_typesupport_introspection_cpp
[0.459s] [ 48%] Built target fixposition_driver_ros2__rosidl_typesupport_introspection_c
[0.459s] [ 58%] Built target fixposition_driver_ros2__rosidl_typesupport_fastrtps_c
[0.459s] [ 67%] Built target fixposition_driver_ros2__rosidl_typesupport_c
[0.459s] [ 67%] Built target fixposition_driver_ros2
[0.459s] [ 69%] Built target fixposition_driver_ros2__py
[0.470s] [ 79%] Built target fixposition_driver_ros2_exec
[0.484s] [ 86%] Built target fixposition_driver_ros2__rosidl_generator_py
[0.509s] [ 90%] Built target fixposition_driver_ros2__rosidl_typesupport_c__pyext
[0.509s] [ 95%] Built target fixposition_driver_ros2__rosidl_typesupport_introspection_c__pyext
[0.513s] [100%] Built target fixposition_driver_ros2__rosidl_typesupport_fastrtps_c__pyext
[0.928s] running egg_info
[0.930s] writing fixposition_driver_ros2.egg-info/PKG-INFO
[0.930s] writing dependency_links to fixposition_driver_ros2.egg-info/dependency_links.txt
[0.931s] writing top-level names to fixposition_driver_ros2.egg-info/top_level.txt
[0.935s] reading manifest file 'fixposition_driver_ros2.egg-info/SOURCES.txt'
[0.936s] writing manifest file 'fixposition_driver_ros2.egg-info/SOURCES.txt'
[0.976s] [100%] Built target ament_cmake_python_build_fixposition_driver_ros2_egg
[0.985s] Invoked command in '/home/rhobtor/PHD/ARGOJ8_IA/build/fixposition_driver_ros2' returned '0': CMAKE_PREFIX_PATH=/home/rhobtor/PHD/ARGOJ8_IA/install/fixposition_driver_lib:/home/rhobtor/PHD/ARGOJ8_IA/install/fixposition_gnss_tf:/home/rhobtor/PHD/ARGOJ8_IA/install/wiimote_msgs:/home/rhobtor/PHD/ARGOJ8_IA/install/ublox:/home/rhobtor/PHD/ARGOJ8_IA/install/ublox_gps:/home/rhobtor/PHD/ARGOJ8_IA/install/security_check:/home/rhobtor/PHD/ARGOJ8_IA/install/ctl_mission:/home/rhobtor/PHD/ARGOJ8_IA/install/ublox_msgs:/home/rhobtor/PHD/ARGOJ8_IA/install/ublox_serialization:/home/rhobtor/PHD/ARGOJ8_IA/install/spacenav:/home/rhobtor/PHD/ARGOJ8_IA/install/laser_segmentation:/home/rhobtor/PHD/ARGOJ8_IA/install/slg_msgs:/home/rhobtor/PHD/ARGOJ8_IA/install/security_check_interfaces:/home/rhobtor/PHD/ARGOJ8_IA/install/joy:/home/rhobtor/PHD/ARGOJ8_IA/install/sdl2_vendor:/home/rhobtor/PHD/ARGOJ8_IA/install/path_manager:/home/rhobtor/PHD/ARGOJ8_IA/install/path_manager_interfaces:/home/rhobtor/PHD/ARGOJ8_IA/install/octomap_mapping:/home/rhobtor/PHD/ARGOJ8_IA/install/octomap_server:/home/rhobtor/PHD/ARGOJ8_IA/install/octomap_rviz_plugins:/home/rhobtor/PHD/ARGOJ8_IA/install/joy_linux:/home/rhobtor/PHD/ARGOJ8_IA/install/j8_xacro_model:/home/rhobtor/PHD/ARGOJ8_IA/install/hector_gazebo_plugins:/home/rhobtor/PHD/ARGOJ8_IA/install/fixposition_sensor_pkg:/home/rhobtor/PHD/ARGOJ8_IA/install/fixposition_odometry_converter_ros2:/home/rhobtor/PHD/ARGOJ8_IA/install/fixposition_driver_ros2:/home/rhobtor/PHD/ARGOJ8_IA/install/ctl_mission_interfaces:/home/rhobtor/PHD/ARGOJ8_IA/install/car_cpp:/home/rhobtor/PHD/ARGOJ8_IA/install/car_interfaces:/home/rhobtor/PHD/ARGOJ8_IA/install/argj801_setup:/home/rhobtor/PHD/ARGOJ8_IA/install/argj801_sensors:/home/rhobtor/PHD/ARGOJ8_IA/install/argj801_sensors_msgs:/home/rhobtor/PHD/ARGOJ8_IA/install/argj801_ctl_platform:/home/rhobtor/PHD/ARGOJ8_IA/install/argj801_ctl_platform_interfaces:/home/rhobtor/PHD/reactive/Reactive-Navegation/workspace_full_conected/install/octomap_mapping:/home/rhobtor/PHD/reactive/Reactive-Navegation/workspace_full_conected/install/octomap_server:/home/rhobtor/PHD/reactive/Reactive-Navegation/workspace_full_conected/install/octomap_rviz_plugins:/home/rhobtor/PHD/reactive/Reactive-Navegation/workspace_full_conected/install/hector_gazebo_plugins:/home/rhobtor/PHD/reactive/Reactive-Navegation/workspace_full_conected/install/car_cpp:/home/rhobtor/PHD/reactive/Reactive-Navegation/workspace_full_conected/install/car_interfaces:/home/rhobtor/PHD/ARGOJ8_IA/install/ntrip_client:/home/rhobtor/PHD/ARGOJ8_IA/install/car:/home/rhobtor/PHD/ARGOJ8_IA/install/android_ros2_server:/home/rhobtor/PHD/ARGOJ8_IA/install/GUI_pkg:/home/rhobtor/PHD/reactive/Reactive-Navegation/workspace_full_conected/install/car:/opt/ros/humble LD_LIBRARY_PATH=/home/rhobtor/PHD/ARGOJ8_IA/install/fixposition_driver_lib/lib:/home/rhobtor/PHD/ARGOJ8_IA/install/fixposition_gnss_tf/lib:/home/rhobtor/PHD/ARGOJ8_IA/install/wiimote_msgs/lib:/home/rhobtor/PHD/ARGOJ8_IA/install/ublox_gps/lib:/home/rhobtor/PHD/ARGOJ8_IA/install/ublox_msgs/lib:/home/rhobtor/PHD/ARGOJ8_IA/install/spacenav/lib:/home/rhobtor/PHD/ARGOJ8_IA/install/laser_segmentation/lib:/home/rhobtor/PHD/ARGOJ8_IA/install/slg_msgs/lib:/home/rhobtor/PHD/ARGOJ8_IA/install/security_check_interfaces/lib:/home/rhobtor/PHD/ARGOJ8_IA/install/joy/lib:/home/rhobtor/PHD/ARGOJ8_IA/install/path_manager_interfaces/lib:/home/rhobtor/PHD/ARGOJ8_IA/install/octomap_server/lib:/home/rhobtor/PHD/ARGOJ8_IA/install/octomap_rviz_plugins/lib:/home/rhobtor/PHD/ARGOJ8_IA/install/j8_xacro_model/lib:/home/rhobtor/PHD/ARGOJ8_IA/install/hector_gazebo_plugins/lib:/home/rhobtor/PHD/ARGOJ8_IA/install/fixposition_sensor_pkg/lib:/home/rhobtor/PHD/ARGOJ8_IA/install/fixposition_odometry_converter_ros2/lib:/home/rhobtor/PHD/ARGOJ8_IA/install/fixposition_driver_ros2/lib:/home/rhobtor/PHD/ARGOJ8_IA/install/ctl_mission_interfaces/lib:/home/rhobtor/PHD/ARGOJ8_IA/install/car_cpp/lib:/home/rhobtor/PHD/ARGOJ8_IA/install/car_interfaces/lib:/home/rhobtor/PHD/ARGOJ8_IA/install/argj801_sensors_msgs/lib:/home/rhobtor/PHD/ARGOJ8_IA/install/argj801_ctl_platform_interfaces/lib:/home/rhobtor/PHD/reactive/Reactive-Navegation/workspace_full_conected/install/octomap_server/lib:/home/rhobtor/PHD/reactive/Reactive-Navegation/workspace_full_conected/install/octomap_rviz_plugins/lib:/home/rhobtor/PHD/reactive/Reactive-Navegation/workspace_full_conected/install/hector_gazebo_plugins/lib:/home/rhobtor/PHD/reactive/Reactive-Navegation/workspace_full_conected/install/car_cpp/lib:/home/rhobtor/PHD/reactive/Reactive-Navegation/workspace_full_conected/install/car_interfaces/lib:/usr/lib/x86_64-linux-gnu/gazebo-11/plugins:/opt/ros/humble/opt/rviz_ogre_vendor/lib:/opt/ros/humble/lib/x86_64-linux-gnu:/opt/ros/humble/lib /opt/st/stm32cubeclt_1.18.0/CMake/bin/cmake --build /home/rhobtor/PHD/ARGOJ8_IA/build/fixposition_driver_ros2 -- -j16 -l16
[0.990s] Invoking command in '/home/rhobtor/PHD/ARGOJ8_IA/build/fixposition_driver_ros2': CMAKE_PREFIX_PATH=/home/rhobtor/PHD/ARGOJ8_IA/install/fixposition_driver_lib:/home/rhobtor/PHD/ARGOJ8_IA/install/fixposition_gnss_tf:/home/rhobtor/PHD/ARGOJ8_IA/install/wiimote_msgs:/home/rhobtor/PHD/ARGOJ8_IA/install/ublox:/home/rhobtor/PHD/ARGOJ8_IA/install/ublox_gps:/home/rhobtor/PHD/ARGOJ8_IA/install/security_check:/home/rhobtor/PHD/ARGOJ8_IA/install/ctl_mission:/home/rhobtor/PHD/ARGOJ8_IA/install/ublox_msgs:/home/rhobtor/PHD/ARGOJ8_IA/install/ublox_serialization:/home/rhobtor/PHD/ARGOJ8_IA/install/spacenav:/home/rhobtor/PHD/ARGOJ8_IA/install/laser_segmentation:/home/rhobtor/PHD/ARGOJ8_IA/install/slg_msgs:/home/rhobtor/PHD/ARGOJ8_IA/install/security_check_interfaces:/home/rhobtor/PHD/ARGOJ8_IA/install/joy:/home/rhobtor/PHD/ARGOJ8_IA/install/sdl2_vendor:/home/rhobtor/PHD/ARGOJ8_IA/install/path_manager:/home/rhobtor/PHD/ARGOJ8_IA/install/path_manager_interfaces:/home/rhobtor/PHD/ARGOJ8_IA/install/octomap_mapping:/home/rhobtor/PHD/ARGOJ8_IA/install/octomap_server:/home/rhobtor/PHD/ARGOJ8_IA/install/octomap_rviz_plugins:/home/rhobtor/PHD/ARGOJ8_IA/install/joy_linux:/home/rhobtor/PHD/ARGOJ8_IA/install/j8_xacro_model:/home/rhobtor/PHD/ARGOJ8_IA/install/hector_gazebo_plugins:/home/rhobtor/PHD/ARGOJ8_IA/install/fixposition_sensor_pkg:/home/rhobtor/PHD/ARGOJ8_IA/install/fixposition_odometry_converter_ros2:/home/rhobtor/PHD/ARGOJ8_IA/install/fixposition_driver_ros2:/home/rhobtor/PHD/ARGOJ8_IA/install/ctl_mission_interfaces:/home/rhobtor/PHD/ARGOJ8_IA/install/car_cpp:/home/rhobtor/PHD/ARGOJ8_IA/install/car_interfaces:/home/rhobtor/PHD/ARGOJ8_IA/install/argj801_setup:/home/rhobtor/PHD/ARGOJ8_IA/install/argj801_sensors:/home/rhobtor/PHD/ARGOJ8_IA/install/argj801_sensors_msgs:/home/rhobtor/PHD/ARGOJ8_IA/install/argj801_ctl_platform:/home/rhobtor/PHD/ARGOJ8_IA/install/argj801_ctl_platform_interfaces:/home/rhobtor/PHD/reactive/Reactive-Navegation/workspace_full_conected/install/octomap_mapping:/home/rhobtor/PHD/reactive/Reactive-Navegation/workspace_full_conected/install/octomap_server:/home/rhobtor/PHD/reactive/Reactive-Navegation/workspace_full_conected/install/octomap_rviz_plugins:/home/rhobtor/PHD/reactive/Reactive-Navegation/workspace_full_conected/install/hector_gazebo_plugins:/home/rhobtor/PHD/reactive/Reactive-Navegation/workspace_full_conected/install/car_cpp:/home/rhobtor/PHD/reactive/Reactive-Navegation/workspace_full_conected/install/car_interfaces:/home/rhobtor/PHD/ARGOJ8_IA/install/ntrip_client:/home/rhobtor/PHD/ARGOJ8_IA/install/car:/home/rhobtor/PHD/ARGOJ8_IA/install/android_ros2_server:/home/rhobtor/PHD/ARGOJ8_IA/install/GUI_pkg:/home/rhobtor/PHD/reactive/Reactive-Navegation/workspace_full_conected/install/car:/opt/ros/humble LD_LIBRARY_PATH=/home/rhobtor/PHD/ARGOJ8_IA/install/fixposition_driver_lib/lib:/home/rhobtor/PHD/ARGOJ8_IA/install/fixposition_gnss_tf/lib:/home/rhobtor/PHD/ARGOJ8_IA/install/wiimote_msgs/lib:/home/rhobtor/PHD/ARGOJ8_IA/install/ublox_gps/lib:/home/rhobtor/PHD/ARGOJ8_IA/install/ublox_msgs/lib:/home/rhobtor/PHD/ARGOJ8_IA/install/spacenav/lib:/home/rhobtor/PHD/ARGOJ8_IA/install/laser_segmentation/lib:/home/rhobtor/PHD/ARGOJ8_IA/install/slg_msgs/lib:/home/rhobtor/PHD/ARGOJ8_IA/install/security_check_interfaces/lib:/home/rhobtor/PHD/ARGOJ8_IA/install/joy/lib:/home/rhobtor/PHD/ARGOJ8_IA/install/path_manager_interfaces/lib:/home/rhobtor/PHD/ARGOJ8_IA/install/octomap_server/lib:/home/rhobtor/PHD/ARGOJ8_IA/install/octomap_rviz_plugins/lib:/home/rhobtor/PHD/ARGOJ8_IA/install/j8_xacro_model/lib:/home/rhobtor/PHD/ARGOJ8_IA/install/hector_gazebo_plugins/lib:/home/rhobtor/PHD/ARGOJ8_IA/install/fixposition_sensor_pkg/lib:/home/rhobtor/PHD/ARGOJ8_IA/install/fixposition_odometry_converter_ros2/lib:/home/rhobtor/PHD/ARGOJ8_IA/install/fixposition_driver_ros2/lib:/home/rhobtor/PHD/ARGOJ8_IA/install/ctl_mission_interfaces/lib:/home/rhobtor/PHD/ARGOJ8_IA/install/car_cpp/lib:/home/rhobtor/PHD/ARGOJ8_IA/install/car_interfaces/lib:/home/rhobtor/PHD/ARGOJ8_IA/install/argj801_sensors_msgs/lib:/home/rhobtor/PHD/ARGOJ8_IA/install/argj801_ctl_platform_interfaces/lib:/home/rhobtor/PHD/reactive/Reactive-Navegation/workspace_full_conected/install/octomap_server/lib:/home/rhobtor/PHD/reactive/Reactive-Navegation/workspace_full_conected/install/octomap_rviz_plugins/lib:/home/rhobtor/PHD/reactive/Reactive-Navegation/workspace_full_conected/install/hector_gazebo_plugins/lib:/home/rhobtor/PHD/reactive/Reactive-Navegation/workspace_full_conected/install/car_cpp/lib:/home/rhobtor/PHD/reactive/Reactive-Navegation/workspace_full_conected/install/car_interfaces/lib:/usr/lib/x86_64-linux-gnu/gazebo-11/plugins:/opt/ros/humble/opt/rviz_ogre_vendor/lib:/opt/ros/humble/lib/x86_64-linux-gnu:/opt/ros/humble/lib /opt/st/stm32cubeclt_1.18.0/CMake/bin/cmake --install /home/rhobtor/PHD/ARGOJ8_IA/build/fixposition_driver_ros2
[0.995s] -- Install configuration: "Release"
[0.995s] -- Up-to-date: /home/rhobtor/PHD/ARGOJ8_IA/install/fixposition_driver_ros2/share/ament_index/resource_index/rosidl_interfaces/fixposition_driver_ros2
[0.996s] -- Up-to-date: /home/rhobtor/PHD/ARGOJ8_IA/install/fixposition_driver_ros2/include/fixposition_driver_ros2/fixposition_driver_ros2
[0.996s] -- Up-to-date: /home/rhobtor/PHD/ARGOJ8_IA/install/fixposition_driver_ros2/include/fixposition_driver_ros2/fixposition_driver_ros2/msg
[0.996s] -- Up-to-date: /home/rhobtor/PHD/ARGOJ8_IA/install/fixposition_driver_ros2/include/fixposition_driver_ros2/fixposition_driver_ros2/msg/vrtk.h
[0.996s] -- Up-to-date: /home/rhobtor/PHD/ARGOJ8_IA/install/fixposition_driver_ros2/include/fixposition_driver_ros2/fixposition_driver_ros2/msg/rosidl_generator_c__visibility_control.h
[0.996s] -- Up-to-date: /home/rhobtor/PHD/ARGOJ8_IA/install/fixposition_driver_ros2/include/fixposition_driver_ros2/fixposition_driver_ros2/msg/detail
[0.996s] -- Up-to-date: /home/rhobtor/PHD/ARGOJ8_IA/install/fixposition_driver_ros2/include/fixposition_driver_ros2/fixposition_driver_ros2/msg/detail/speed__functions.c
[0.996s] -- Up-to-date: /home/rhobtor/PHD/ARGOJ8_IA/install/fixposition_driver_ros2/include/fixposition_driver_ros2/fixposition_driver_ros2/msg/detail/vrtk__functions.h
[0.996s] -- Up-to-date: /home/rhobtor/PHD/ARGOJ8_IA/install/fixposition_driver_ros2/include/fixposition_driver_ros2/fixposition_driver_ros2/msg/detail/vrtk__type_support.h
[0.996s] -- Up-to-date: /home/rhobtor/PHD/ARGOJ8_IA/install/fixposition_driver_ros2/include/fixposition_driver_ros2/fixposition_driver_ros2/msg/detail/speed__functions.h
[0.997s] -- Up-to-date: /home/rhobtor/PHD/ARGOJ8_IA/install/fixposition_driver_ros2/include/fixposition_driver_ros2/fixposition_driver_ros2/msg/detail/vrtk__struct.h
[0.997s] -- Up-to-date: /home/rhobtor/PHD/ARGOJ8_IA/install/fixposition_driver_ros2/include/fixposition_driver_ros2/fixposition_driver_ros2/msg/detail/speed__struct.h
[0.997s] -- Up-to-date: /home/rhobtor/PHD/ARGOJ8_IA/install/fixposition_driver_ros2/include/fixposition_driver_ros2/fixposition_driver_ros2/msg/detail/speed__type_support.h
[0.997s] -- Up-to-date: /home/rhobtor/PHD/ARGOJ8_IA/install/fixposition_driver_ros2/include/fixposition_driver_ros2/fixposition_driver_ros2/msg/detail/vrtk__functions.c
[0.997s] -- Up-to-date: /home/rhobtor/PHD/ARGOJ8_IA/install/fixposition_driver_ros2/include/fixposition_driver_ros2/fixposition_driver_ros2/msg/speed.h
[0.997s] -- Up-to-date: /home/rhobtor/PHD/ARGOJ8_IA/install/fixposition_driver_ros2/share/fixposition_driver_ros2/environment/library_path.sh
[0.997s] -- Up-to-date: /home/rhobtor/PHD/ARGOJ8_IA/install/fixposition_driver_ros2/share/fixposition_driver_ros2/environment/library_path.dsv
[0.997s] -- Up-to-date: /home/rhobtor/PHD/ARGOJ8_IA/install/fixposition_driver_ros2/lib/libfixposition_driver_ros2__rosidl_generator_c.so
[0.997s] -- Up-to-date: /home/rhobtor/PHD/ARGOJ8_IA/install/fixposition_driver_ros2/include/fixposition_driver_ros2/fixposition_driver_ros2
[0.998s] -- Up-to-date: /home/rhobtor/PHD/ARGOJ8_IA/install/fixposition_driver_ros2/include/fixposition_driver_ros2/fixposition_driver_ros2/msg
[0.998s] -- Up-to-date: /home/rhobtor/PHD/ARGOJ8_IA/install/fixposition_driver_ros2/include/fixposition_driver_ros2/fixposition_driver_ros2/msg/detail
[0.998s] -- Up-to-date: /home/rhobtor/PHD/ARGOJ8_IA/install/fixposition_driver_ros2/include/fixposition_driver_ros2/fixposition_driver_ros2/msg/detail/vrtk__rosidl_typesupport_fastrtps_c.h
[0.998s] -- Up-to-date: /home/rhobtor/PHD/ARGOJ8_IA/install/fixposition_driver_ros2/include/fixposition_driver_ros2/fixposition_driver_ros2/msg/detail/speed__rosidl_typesupport_fastrtps_c.h
[0.998s] -- Up-to-date: /home/rhobtor/PHD/ARGOJ8_IA/install/fixposition_driver_ros2/include/fixposition_driver_ros2/fixposition_driver_ros2/msg/rosidl_typesupport_fastrtps_c__visibility_control.h
[0.998s] -- Up-to-date: /home/rhobtor/PHD/ARGOJ8_IA/install/fixposition_driver_ros2/lib/libfixposition_driver_ros2__rosidl_typesupport_fastrtps_c.so
[0.998s] -- Up-to-date: /home/rhobtor/PHD/ARGOJ8_IA/install/fixposition_driver_ros2/include/fixposition_driver_ros2/fixposition_driver_ros2
[0.998s] -- Up-to-date: /home/rhobtor/PHD/ARGOJ8_IA/install/fixposition_driver_ros2/include/fixposition_driver_ros2/fixposition_driver_ros2/msg
[0.998s] -- Up-to-date: /home/rhobtor/PHD/ARGOJ8_IA/install/fixposition_driver_ros2/include/fixposition_driver_ros2/fixposition_driver_ros2/msg/rosidl_generator_cpp__visibility_control.hpp
[0.998s] -- Up-to-date: /home/rhobtor/PHD/ARGOJ8_IA/install/fixposition_driver_ros2/include/fixposition_driver_ros2/fixposition_driver_ros2/msg/vrtk.hpp
[0.998s] -- Up-to-date: /home/rhobtor/PHD/ARGOJ8_IA/install/fixposition_driver_ros2/include/fixposition_driver_ros2/fixposition_driver_ros2/msg/detail
[0.998s] -- Up-to-date: /home/rhobtor/PHD/ARGOJ8_IA/install/fixposition_driver_ros2/include/fixposition_driver_ros2/fixposition_driver_ros2/msg/detail/vrtk__type_support.hpp
[0.999s] -- Up-to-date: /home/rhobtor/PHD/ARGOJ8_IA/install/fixposition_driver_ros2/include/fixposition_driver_ros2/fixposition_driver_ros2/msg/detail/speed__builder.hpp
[0.999s] -- Up-to-date: /home/rhobtor/PHD/ARGOJ8_IA/install/fixposition_driver_ros2/include/fixposition_driver_ros2/fixposition_driver_ros2/msg/detail/speed__struct.hpp
[0.999s] -- Up-to-date: /home/rhobtor/PHD/ARGOJ8_IA/install/fixposition_driver_ros2/include/fixposition_driver_ros2/fixposition_driver_ros2/msg/detail/speed__traits.hpp
[0.999s] -- Up-to-date: /home/rhobtor/PHD/ARGOJ8_IA/install/fixposition_driver_ros2/include/fixposition_driver_ros2/fixposition_driver_ros2/msg/detail/vrtk__builder.hpp
[0.999s] -- Up-to-date: /home/rhobtor/PHD/ARGOJ8_IA/install/fixposition_driver_ros2/include/fixposition_driver_ros2/fixposition_driver_ros2/msg/detail/vrtk__traits.hpp
[0.999s] -- Up-to-date: /home/rhobtor/PHD/ARGOJ8_IA/install/fixposition_driver_ros2/include/fixposition_driver_ros2/fixposition_driver_ros2/msg/detail/vrtk__struct.hpp
[0.999s] -- Up-to-date: /home/rhobtor/PHD/ARGOJ8_IA/install/fixposition_driver_ros2/include/fixposition_driver_ros2/fixposition_driver_ros2/msg/detail/speed__type_support.hpp
[0.999s] -- Up-to-date: /home/rhobtor/PHD/ARGOJ8_IA/install/fixposition_driver_ros2/include/fixposition_driver_ros2/fixposition_driver_ros2/msg/speed.hpp
[0.999s] -- Up-to-date: /home/rhobtor/PHD/ARGOJ8_IA/install/fixposition_driver_ros2/include/fixposition_driver_ros2/fixposition_driver_ros2
[0.999s] -- Up-to-date: /home/rhobtor/PHD/ARGOJ8_IA/install/fixposition_driver_ros2/include/fixposition_driver_ros2/fixposition_driver_ros2/msg
[1.000s] -- Up-to-date: /home/rhobtor/PHD/ARGOJ8_IA/install/fixposition_driver_ros2/include/fixposition_driver_ros2/fixposition_driver_ros2/msg/rosidl_typesupport_fastrtps_cpp__visibility_control.h
[1.000s] -- Up-to-date: /home/rhobtor/PHD/ARGOJ8_IA/install/fixposition_driver_ros2/include/fixposition_driver_ros2/fixposition_driver_ros2/msg/detail
[1.000s] -- Up-to-date: /home/rhobtor/PHD/ARGOJ8_IA/install/fixposition_driver_ros2/include/fixposition_driver_ros2/fixposition_driver_ros2/msg/detail/dds_fastrtps
[1.000s] -- Up-to-date: /home/rhobtor/PHD/ARGOJ8_IA/install/fixposition_driver_ros2/include/fixposition_driver_ros2/fixposition_driver_ros2/msg/detail/vrtk__rosidl_typesupport_fastrtps_cpp.hpp
[1.000s] -- Up-to-date: /home/rhobtor/PHD/ARGOJ8_IA/install/fixposition_driver_ros2/include/fixposition_driver_ros2/fixposition_driver_ros2/msg/detail/speed__rosidl_typesupport_fastrtps_cpp.hpp
[1.000s] -- Up-to-date: /home/rhobtor/PHD/ARGOJ8_IA/install/fixposition_driver_ros2/lib/libfixposition_driver_ros2__rosidl_typesupport_fastrtps_cpp.so
[1.000s] -- Up-to-date: /home/rhobtor/PHD/ARGOJ8_IA/install/fixposition_driver_ros2/include/fixposition_driver_ros2/fixposition_driver_ros2
[1.000s] -- Up-to-date: /home/rhobtor/PHD/ARGOJ8_IA/install/fixposition_driver_ros2/include/fixposition_driver_ros2/fixposition_driver_ros2/msg
[1.000s] -- Up-to-date: /home/rhobtor/PHD/ARGOJ8_IA/install/fixposition_driver_ros2/include/fixposition_driver_ros2/fixposition_driver_ros2/msg/rosidl_typesupport_introspection_c__visibility_control.h
[1.001s] -- Up-to-date: /home/rhobtor/PHD/ARGOJ8_IA/install/fixposition_driver_ros2/include/fixposition_driver_ros2/fixposition_driver_ros2/msg/detail
[1.001s] -- Up-to-date: /home/rhobtor/PHD/ARGOJ8_IA/install/fixposition_driver_ros2/include/fixposition_driver_ros2/fixposition_driver_ros2/msg/detail/vrtk__rosidl_typesupport_introspection_c.h
[1.001s] -- Up-to-date: /home/rhobtor/PHD/ARGOJ8_IA/install/fixposition_driver_ros2/include/fixposition_driver_ros2/fixposition_driver_ros2/msg/detail/speed__type_support.c
[1.002s] -- Up-to-date: /home/rhobtor/PHD/ARGOJ8_IA/install/fixposition_driver_ros2/include/fixposition_driver_ros2/fixposition_driver_ros2/msg/detail/speed__rosidl_typesupport_introspection_c.h
[1.002s] -- Up-to-date: /home/rhobtor/PHD/ARGOJ8_IA/install/fixposition_driver_ros2/include/fixposition_driver_ros2/fixposition_driver_ros2/msg/detail/vrtk__type_support.c
[1.002s] -- Up-to-date: /home/rhobtor/PHD/ARGOJ8_IA/install/fixposition_driver_ros2/lib/libfixposition_driver_ros2__rosidl_typesupport_introspection_c.so
[1.002s] -- Up-to-date: /home/rhobtor/PHD/ARGOJ8_IA/install/fixposition_driver_ros2/lib/libfixposition_driver_ros2__rosidl_typesupport_c.so
[1.003s] -- Up-to-date: /home/rhobtor/PHD/ARGOJ8_IA/install/fixposition_driver_ros2/include/fixposition_driver_ros2/fixposition_driver_ros2
[1.003s] -- Up-to-date: /home/rhobtor/PHD/ARGOJ8_IA/install/fixposition_driver_ros2/include/fixposition_driver_ros2/fixposition_driver_ros2/msg
[1.003s] -- Up-to-date: /home/rhobtor/PHD/ARGOJ8_IA/install/fixposition_driver_ros2/include/fixposition_driver_ros2/fixposition_driver_ros2/msg/detail
[1.003s] -- Up-to-date: /home/rhobtor/PHD/ARGOJ8_IA/install/fixposition_driver_ros2/include/fixposition_driver_ros2/fixposition_driver_ros2/msg/detail/speed__type_support.cpp
[1.003s] -- Up-to-date: /home/rhobtor/PHD/ARGOJ8_IA/install/fixposition_driver_ros2/include/fixposition_driver_ros2/fixposition_driver_ros2/msg/detail/vrtk__type_support.cpp
[1.004s] -- Up-to-date: /home/rhobtor/PHD/ARGOJ8_IA/install/fixposition_driver_ros2/include/fixposition_driver_ros2/fixposition_driver_ros2/msg/detail/vrtk__rosidl_typesupport_introspection_cpp.hpp
[1.004s] -- Up-to-date: /home/rhobtor/PHD/ARGOJ8_IA/install/fixposition_driver_ros2/include/fixposition_driver_ros2/fixposition_driver_ros2/msg/detail/speed__rosidl_typesupport_introspection_cpp.hpp
[1.004s] -- Up-to-date: /home/rhobtor/PHD/ARGOJ8_IA/install/fixposition_driver_ros2/lib/libfixposition_driver_ros2__rosidl_typesupport_introspection_cpp.so
[1.004s] -- Up-to-date: /home/rhobtor/PHD/ARGOJ8_IA/install/fixposition_driver_ros2/lib/libfixposition_driver_ros2__rosidl_typesupport_cpp.so
[1.004s] -- Up-to-date: /home/rhobtor/PHD/ARGOJ8_IA/install/fixposition_driver_ros2/share/fixposition_driver_ros2/environment/pythonpath.sh
[1.004s] -- Up-to-date: /home/rhobtor/PHD/ARGOJ8_IA/install/fixposition_driver_ros2/share/fixposition_driver_ros2/environment/pythonpath.dsv
[1.004s] -- Up-to-date: /home/rhobtor/PHD/ARGOJ8_IA/install/fixposition_driver_ros2/local/lib/python3.10/dist-packages/fixposition_driver_ros2-5.0.0-py3.10.egg-info
[1.004s] -- Installing: /home/rhobtor/PHD/ARGOJ8_IA/install/fixposition_driver_ros2/local/lib/python3.10/dist-packages/fixposition_driver_ros2-5.0.0-py3.10.egg-info/top_level.txt
[1.004s] -- Installing: /home/rhobtor/PHD/ARGOJ8_IA/install/fixposition_driver_ros2/local/lib/python3.10/dist-packages/fixposition_driver_ros2-5.0.0-py3.10.egg-info/SOURCES.txt
[1.005s] -- Installing: /home/rhobtor/PHD/ARGOJ8_IA/install/fixposition_driver_ros2/local/lib/python3.10/dist-packages/fixposition_driver_ros2-5.0.0-py3.10.egg-info/PKG-INFO
[1.005s] -- Installing: /home/rhobtor/PHD/ARGOJ8_IA/install/fixposition_driver_ros2/local/lib/python3.10/dist-packages/fixposition_driver_ros2-5.0.0-py3.10.egg-info/dependency_links.txt
[1.005s] -- Up-to-date: /home/rhobtor/PHD/ARGOJ8_IA/install/fixposition_driver_ros2/local/lib/python3.10/dist-packages/fixposition_driver_ros2
[1.005s] -- Up-to-date: /home/rhobtor/PHD/ARGOJ8_IA/install/fixposition_driver_ros2/local/lib/python3.10/dist-packages/fixposition_driver_ros2/fixposition_driver_ros2_s__rosidl_typesupport_fastrtps_c.cpython-310-x86_64-linux-gnu.so
[1.005s] -- Up-to-date: /home/rhobtor/PHD/ARGOJ8_IA/install/fixposition_driver_ros2/local/lib/python3.10/dist-packages/fixposition_driver_ros2/_fixposition_driver_ros2_s.ep.rosidl_typesupport_fastrtps_c.c
[1.005s] -- Up-to-date: /home/rhobtor/PHD/ARGOJ8_IA/install/fixposition_driver_ros2/local/lib/python3.10/dist-packages/fixposition_driver_ros2/_fixposition_driver_ros2_s.ep.rosidl_typesupport_c.c
[1.005s] -- Up-to-date: /home/rhobtor/PHD/ARGOJ8_IA/install/fixposition_driver_ros2/local/lib/python3.10/dist-packages/fixposition_driver_ros2/fixposition_driver_ros2_s__rosidl_typesupport_c.cpython-310-x86_64-linux-gnu.so
[1.005s] -- Up-to-date: /home/rhobtor/PHD/ARGOJ8_IA/install/fixposition_driver_ros2/local/lib/python3.10/dist-packages/fixposition_driver_ros2/__init__.py
[1.005s] -- Up-to-date: /home/rhobtor/PHD/ARGOJ8_IA/install/fixposition_driver_ros2/local/lib/python3.10/dist-packages/fixposition_driver_ros2/libfixposition_driver_ros2__rosidl_generator_py.so
[1.006s] -- Up-to-date: /home/rhobtor/PHD/ARGOJ8_IA/install/fixposition_driver_ros2/local/lib/python3.10/dist-packages/fixposition_driver_ros2/fixposition_driver_ros2_s__rosidl_typesupport_introspection_c.cpython-310-x86_64-linux-gnu.so
[1.006s] -- Up-to-date: /home/rhobtor/PHD/ARGOJ8_IA/install/fixposition_driver_ros2/local/lib/python3.10/dist-packages/fixposition_driver_ros2/_fixposition_driver_ros2_s.ep.rosidl_typesupport_introspection_c.c
[1.006s] -- Up-to-date: /home/rhobtor/PHD/ARGOJ8_IA/install/fixposition_driver_ros2/local/lib/python3.10/dist-packages/fixposition_driver_ros2/msg
[1.006s] -- Up-to-date: /home/rhobtor/PHD/ARGOJ8_IA/install/fixposition_driver_ros2/local/lib/python3.10/dist-packages/fixposition_driver_ros2/msg/_speed.py
[1.006s] -- Up-to-date: /home/rhobtor/PHD/ARGOJ8_IA/install/fixposition_driver_ros2/local/lib/python3.10/dist-packages/fixposition_driver_ros2/msg/_vrtk.py
[1.006s] -- Up-to-date: /home/rhobtor/PHD/ARGOJ8_IA/install/fixposition_driver_ros2/local/lib/python3.10/dist-packages/fixposition_driver_ros2/msg/__init__.py
[1.006s] -- Up-to-date: /home/rhobtor/PHD/ARGOJ8_IA/install/fixposition_driver_ros2/local/lib/python3.10/dist-packages/fixposition_driver_ros2/msg/_vrtk_s.c
[1.006s] -- Up-to-date: /home/rhobtor/PHD/ARGOJ8_IA/install/fixposition_driver_ros2/local/lib/python3.10/dist-packages/fixposition_driver_ros2/msg/_speed_s.c
[1.080s] Listing '/home/rhobtor/PHD/ARGOJ8_IA/install/fixposition_driver_ros2/local/lib/python3.10/dist-packages/fixposition_driver_ros2'...
[1.080s] Listing '/home/rhobtor/PHD/ARGOJ8_IA/install/fixposition_driver_ros2/local/lib/python3.10/dist-packages/fixposition_driver_ros2/msg'...
[1.089s] -- Up-to-date: /home/rhobtor/PHD/ARGOJ8_IA/install/fixposition_driver_ros2/local/lib/python3.10/dist-packages/fixposition_driver_ros2/fixposition_driver_ros2_s__rosidl_typesupport_fastrtps_c.cpython-310-x86_64-linux-gnu.so
[1.090s] -- Up-to-date: /home/rhobtor/PHD/ARGOJ8_IA/install/fixposition_driver_ros2/local/lib/python3.10/dist-packages/fixposition_driver_ros2/fixposition_driver_ros2_s__rosidl_typesupport_introspection_c.cpython-310-x86_64-linux-gnu.so
[1.090s] -- Up-to-date: /home/rhobtor/PHD/ARGOJ8_IA/install/fixposition_driver_ros2/local/lib/python3.10/dist-packages/fixposition_driver_ros2/fixposition_driver_ros2_s__rosidl_typesupport_c.cpython-310-x86_64-linux-gnu.so
[1.091s] -- Up-to-date: /home/rhobtor/PHD/ARGOJ8_IA/install/fixposition_driver_ros2/lib/libfixposition_driver_ros2__rosidl_generator_py.so
[1.092s] -- Up-to-date: /home/rhobtor/PHD/ARGOJ8_IA/install/fixposition_driver_ros2/share/fixposition_driver_ros2/msg/VRTK.idl
[1.092s] -- Up-to-date: /home/rhobtor/PHD/ARGOJ8_IA/install/fixposition_driver_ros2/share/fixposition_driver_ros2/msg/Speed.idl
[1.092s] -- Up-to-date: /home/rhobtor/PHD/ARGOJ8_IA/install/fixposition_driver_ros2/share/fixposition_driver_ros2/msg/VRTK.msg
[1.092s] -- Up-to-date: /home/rhobtor/PHD/ARGOJ8_IA/install/fixposition_driver_ros2/share/fixposition_driver_ros2/msg/Speed.msg
[1.092s] -- Up-to-date: /home/rhobtor/PHD/ARGOJ8_IA/install/fixposition_driver_ros2/.
[1.093s] -- Up-to-date: /home/rhobtor/PHD/ARGOJ8_IA/install/fixposition_driver_ros2/./fixposition_driver_ros2
[1.093s] -- Up-to-date: /home/rhobtor/PHD/ARGOJ8_IA/install/fixposition_driver_ros2/./fixposition_driver_ros2/params.hpp
[1.093s] -- Up-to-date: /home/rhobtor/PHD/ARGOJ8_IA/install/fixposition_driver_ros2/./fixposition_driver_ros2/data_to_ros2.hpp
[1.094s] -- Up-to-date: /home/rhobtor/PHD/ARGOJ8_IA/install/fixposition_driver_ros2/./fixposition_driver_ros2/fixposition_driver_node.hpp
[1.094s] -- Up-to-date: /home/rhobtor/PHD/ARGOJ8_IA/install/fixposition_driver_ros2/lib/fixposition_driver_ros2/fixposition_driver_ros2_exec
[1.094s] -- Up-to-date: /home/rhobtor/PHD/ARGOJ8_IA/install/fixposition_driver_ros2/share/fixposition_driver_ros2//launch
[1.095s] -- Up-to-date: /home/rhobtor/PHD/ARGOJ8_IA/install/fixposition_driver_ros2/share/fixposition_driver_ros2//launch/tcp.launch
[1.095s] -- Up-to-date: /home/rhobtor/PHD/ARGOJ8_IA/install/fixposition_driver_ros2/share/fixposition_driver_ros2//launch/tcp.yaml
[1.095s] -- Up-to-date: /home/rhobtor/PHD/ARGOJ8_IA/install/fixposition_driver_ros2/share/fixposition_driver_ros2//launch/serial.launch
[1.095s] -- Up-to-date: /home/rhobtor/PHD/ARGOJ8_IA/install/fixposition_driver_ros2/share/fixposition_driver_ros2//launch/serial.yaml
[1.096s] -- Up-to-date: /home/rhobtor/PHD/ARGOJ8_IA/install/fixposition_driver_ros2/share/ament_index/resource_index/package_run_dependencies/fixposition_driver_ros2
[1.096s] -- Up-to-date: /home/rhobtor/PHD/ARGOJ8_IA/install/fixposition_driver_ros2/share/ament_index/resource_index/parent_prefix_path/fixposition_driver_ros2
[1.096s] -- Up-to-date: /home/rhobtor/PHD/ARGOJ8_IA/install/fixposition_driver_ros2/share/fixposition_driver_ros2/environment/ament_prefix_path.sh
[1.096s] -- Up-to-date: /home/rhobtor/PHD/ARGOJ8_IA/install/fixposition_driver_ros2/share/fixposition_driver_ros2/environment/ament_prefix_path.dsv
[1.096s] -- Up-to-date: /home/rhobtor/PHD/ARGOJ8_IA/install/fixposition_driver_ros2/share/fixposition_driver_ros2/environment/path.sh
[1.097s] -- Up-to-date: /home/rhobtor/PHD/ARGOJ8_IA/install/fixposition_driver_ros2/share/fixposition_driver_ros2/environment/path.dsv
[1.097s] -- Up-to-date: /home/rhobtor/PHD/ARGOJ8_IA/install/fixposition_driver_ros2/share/fixposition_driver_ros2/local_setup.bash
[1.097s] -- Up-to-date: /home/rhobtor/PHD/ARGOJ8_IA/install/fixposition_driver_ros2/share/fixposition_driver_ros2/local_setup.sh
[1.097s] -- Up-to-date: /home/rhobtor/PHD/ARGOJ8_IA/install/fixposition_driver_ros2/share/fixposition_driver_ros2/local_setup.zsh
[1.097s] -- Up-to-date: /home/rhobtor/PHD/ARGOJ8_IA/install/fixposition_driver_ros2/share/fixposition_driver_ros2/local_setup.dsv
[1.097s] -- Installing: /home/rhobtor/PHD/ARGOJ8_IA/install/fixposition_driver_ros2/share/fixposition_driver_ros2/package.dsv
[1.098s] -- Up-to-date: /home/rhobtor/PHD/ARGOJ8_IA/install/fixposition_driver_ros2/share/ament_index/resource_index/packages/fixposition_driver_ros2
[1.098s] -- Up-to-date: /home/rhobtor/PHD/ARGOJ8_IA/install/fixposition_driver_ros2/share/fixposition_driver_ros2/cmake/export_fixposition_driver_ros2__rosidl_generator_cExport.cmake
[1.099s] -- Up-to-date: /home/rhobtor/PHD/ARGOJ8_IA/install/fixposition_driver_ros2/share/fixposition_driver_ros2/cmake/export_fixposition_driver_ros2__rosidl_generator_cExport-release.cmake
[1.099s] -- Up-to-date: /home/rhobtor/PHD/ARGOJ8_IA/install/fixposition_driver_ros2/share/fixposition_driver_ros2/cmake/export_fixposition_driver_ros2__rosidl_typesupport_fastrtps_cExport.cmake
[1.099s] -- Up-to-date: /home/rhobtor/PHD/ARGOJ8_IA/install/fixposition_driver_ros2/share/fixposition_driver_ros2/cmake/export_fixposition_driver_ros2__rosidl_typesupport_fastrtps_cExport-release.cmake
[1.100s] -- Up-to-date: /home/rhobtor/PHD/ARGOJ8_IA/install/fixposition_driver_ros2/share/fixposition_driver_ros2/cmake/export_fixposition_driver_ros2__rosidl_generator_cppExport.cmake
[1.100s] -- Up-to-date: /home/rhobtor/PHD/ARGOJ8_IA/install/fixposition_driver_ros2/share/fixposition_driver_ros2/cmake/export_fixposition_driver_ros2__rosidl_typesupport_fastrtps_cppExport.cmake
[1.100s] -- Up-to-date: /home/rhobtor/PHD/ARGOJ8_IA/install/fixposition_driver_ros2/share/fixposition_driver_ros2/cmake/export_fixposition_driver_ros2__rosidl_typesupport_fastrtps_cppExport-release.cmake
[1.100s] -- Up-to-date: /home/rhobtor/PHD/ARGOJ8_IA/install/fixposition_driver_ros2/share/fixposition_driver_ros2/cmake/fixposition_driver_ros2__rosidl_typesupport_introspection_cExport.cmake
[1.100s] -- Up-to-date: /home/rhobtor/PHD/ARGOJ8_IA/install/fixposition_driver_ros2/share/fixposition_driver_ros2/cmake/fixposition_driver_ros2__rosidl_typesupport_introspection_cExport-release.cmake
[1.101s] -- Up-to-date: /home/rhobtor/PHD/ARGOJ8_IA/install/fixposition_driver_ros2/share/fixposition_driver_ros2/cmake/fixposition_driver_ros2__rosidl_typesupport_cExport.cmake
[1.101s] -- Up-to-date: /home/rhobtor/PHD/ARGOJ8_IA/install/fixposition_driver_ros2/share/fixposition_driver_ros2/cmake/fixposition_driver_ros2__rosidl_typesupport_cExport-release.cmake
[1.101s] -- Up-to-date: /home/rhobtor/PHD/ARGOJ8_IA/install/fixposition_driver_ros2/share/fixposition_driver_ros2/cmake/fixposition_driver_ros2__rosidl_typesupport_introspection_cppExport.cmake
[1.101s] -- Up-to-date: /home/rhobtor/PHD/ARGOJ8_IA/install/fixposition_driver_ros2/share/fixposition_driver_ros2/cmake/fixposition_driver_ros2__rosidl_typesupport_introspection_cppExport-release.cmake
[1.101s] -- Up-to-date: /home/rhobtor/PHD/ARGOJ8_IA/install/fixposition_driver_ros2/share/fixposition_driver_ros2/cmake/fixposition_driver_ros2__rosidl_typesupport_cppExport.cmake
[1.101s] -- Up-to-date: /home/rhobtor/PHD/ARGOJ8_IA/install/fixposition_driver_ros2/share/fixposition_driver_ros2/cmake/fixposition_driver_ros2__rosidl_typesupport_cppExport-release.cmake
[1.101s] -- Up-to-date: /home/rhobtor/PHD/ARGOJ8_IA/install/fixposition_driver_ros2/share/fixposition_driver_ros2/cmake/export_fixposition_driver_ros2__rosidl_generator_pyExport.cmake
[1.102s] -- Up-to-date: /home/rhobtor/PHD/ARGOJ8_IA/install/fixposition_driver_ros2/share/fixposition_driver_ros2/cmake/export_fixposition_driver_ros2__rosidl_generator_pyExport-release.cmake
[1.104s] -- Up-to-date: /home/rhobtor/PHD/ARGOJ8_IA/install/fixposition_driver_ros2/share/fixposition_driver_ros2/cmake/rosidl_cmake-extras.cmake
[1.105s] -- Up-to-date: /home/rhobtor/PHD/ARGOJ8_IA/install/fixposition_driver_ros2/share/fixposition_driver_ros2/cmake/ament_cmake_export_dependencies-extras.cmake
[1.105s] -- Up-to-date: /home/rhobtor/PHD/ARGOJ8_IA/install/fixposition_driver_ros2/share/fixposition_driver_ros2/cmake/ament_cmake_export_include_directories-extras.cmake
[1.105s] -- Up-to-date: /home/rhobtor/PHD/ARGOJ8_IA/install/fixposition_driver_ros2/share/fixposition_driver_ros2/cmake/ament_cmake_export_libraries-extras.cmake
[1.105s] -- Up-to-date: /home/rhobtor/PHD/ARGOJ8_IA/install/fixposition_driver_ros2/share/fixposition_driver_ros2/cmake/ament_cmake_export_targets-extras.cmake
[1.106s] -- Up-to-date: /home/rhobtor/PHD/ARGOJ8_IA/install/fixposition_driver_ros2/share/fixposition_driver_ros2/cmake/rosidl_cmake_export_typesupport_targets-extras.cmake
[1.106s] -- Up-to-date: /home/rhobtor/PHD/ARGOJ8_IA/install/fixposition_driver_ros2/share/fixposition_driver_ros2/cmake/rosidl_cmake_export_typesupport_libraries-extras.cmake
[1.106s] -- Up-to-date: /home/rhobtor/PHD/ARGOJ8_IA/install/fixposition_driver_ros2/share/fixposition_driver_ros2/cmake/fixposition_driver_ros2Config.cmake
[1.106s] -- Up-to-date: /home/rhobtor/PHD/ARGOJ8_IA/install/fixposition_driver_ros2/share/fixposition_driver_ros2/cmake/fixposition_driver_ros2Config-version.cmake
[1.107s] -- Up-to-date: /home/rhobtor/PHD/ARGOJ8_IA/install/fixposition_driver_ros2/share/fixposition_driver_ros2/package.xml
[1.107s] Invoked command in '/home/rhobtor/PHD/ARGOJ8_IA/build/fixposition_driver_ros2' returned '0': CMAKE_PREFIX_PATH=/home/rhobtor/PHD/ARGOJ8_IA/install/fixposition_driver_lib:/home/rhobtor/PHD/ARGOJ8_IA/install/fixposition_gnss_tf:/home/rhobtor/PHD/ARGOJ8_IA/install/wiimote_msgs:/home/rhobtor/PHD/ARGOJ8_IA/install/ublox:/home/rhobtor/PHD/ARGOJ8_IA/install/ublox_gps:/home/rhobtor/PHD/ARGOJ8_IA/install/security_check:/home/rhobtor/PHD/ARGOJ8_IA/install/ctl_mission:/home/rhobtor/PHD/ARGOJ8_IA/install/ublox_msgs:/home/rhobtor/PHD/ARGOJ8_IA/install/ublox_serialization:/home/rhobtor/PHD/ARGOJ8_IA/install/spacenav:/home/rhobtor/PHD/ARGOJ8_IA/install/laser_segmentation:/home/rhobtor/PHD/ARGOJ8_IA/install/slg_msgs:/home/rhobtor/PHD/ARGOJ8_IA/install/security_check_interfaces:/home/rhobtor/PHD/ARGOJ8_IA/install/joy:/home/rhobtor/PHD/ARGOJ8_IA/install/sdl2_vendor:/home/rhobtor/PHD/ARGOJ8_IA/install/path_manager:/home/rhobtor/PHD/ARGOJ8_IA/install/path_manager_interfaces:/home/rhobtor/PHD/ARGOJ8_IA/install/octomap_mapping:/home/rhobtor/PHD/ARGOJ8_IA/install/octomap_server:/home/rhobtor/PHD/ARGOJ8_IA/install/octomap_rviz_plugins:/home/rhobtor/PHD/ARGOJ8_IA/install/joy_linux:/home/rhobtor/PHD/ARGOJ8_IA/install/j8_xacro_model:/home/rhobtor/PHD/ARGOJ8_IA/install/hector_gazebo_plugins:/home/rhobtor/PHD/ARGOJ8_IA/install/fixposition_sensor_pkg:/home/rhobtor/PHD/ARGOJ8_IA/install/fixposition_odometry_converter_ros2:/home/rhobtor/PHD/ARGOJ8_IA/install/fixposition_driver_ros2:/home/rhobtor/PHD/ARGOJ8_IA/install/ctl_mission_interfaces:/home/rhobtor/PHD/ARGOJ8_IA/install/car_cpp:/home/rhobtor/PHD/ARGOJ8_IA/install/car_interfaces:/home/rhobtor/PHD/ARGOJ8_IA/install/argj801_setup:/home/rhobtor/PHD/ARGOJ8_IA/install/argj801_sensors:/home/rhobtor/PHD/ARGOJ8_IA/install/argj801_sensors_msgs:/home/rhobtor/PHD/ARGOJ8_IA/install/argj801_ctl_platform:/home/rhobtor/PHD/ARGOJ8_IA/install/argj801_ctl_platform_interfaces:/home/rhobtor/PHD/reactive/Reactive-Navegation/workspace_full_conected/install/octomap_mapping:/home/rhobtor/PHD/reactive/Reactive-Navegation/workspace_full_conected/install/octomap_server:/home/rhobtor/PHD/reactive/Reactive-Navegation/workspace_full_conected/install/octomap_rviz_plugins:/home/rhobtor/PHD/reactive/Reactive-Navegation/workspace_full_conected/install/hector_gazebo_plugins:/home/rhobtor/PHD/reactive/Reactive-Navegation/workspace_full_conected/install/car_cpp:/home/rhobtor/PHD/reactive/Reactive-Navegation/workspace_full_conected/install/car_interfaces:/home/rhobtor/PHD/ARGOJ8_IA/install/ntrip_client:/home/rhobtor/PHD/ARGOJ8_IA/install/car:/home/rhobtor/PHD/ARGOJ8_IA/install/android_ros2_server:/home/rhobtor/PHD/ARGOJ8_IA/install/GUI_pkg:/home/rhobtor/PHD/reactive/Reactive-Navegation/workspace_full_conected/install/car:/opt/ros/humble LD_LIBRARY_PATH=/home/rhobtor/PHD/ARGOJ8_IA/install/fixposition_driver_lib/lib:/home/rhobtor/PHD/ARGOJ8_IA/install/fixposition_gnss_tf/lib:/home/rhobtor/PHD/ARGOJ8_IA/install/wiimote_msgs/lib:/home/rhobtor/PHD/ARGOJ8_IA/install/ublox_gps/lib:/home/rhobtor/PHD/ARGOJ8_IA/install/ublox_msgs/lib:/home/rhobtor/PHD/ARGOJ8_IA/install/spacenav/lib:/home/rhobtor/PHD/ARGOJ8_IA/install/laser_segmentation/lib:/home/rhobtor/PHD/ARGOJ8_IA/install/slg_msgs/lib:/home/rhobtor/PHD/ARGOJ8_IA/install/security_check_interfaces/lib:/home/rhobtor/PHD/ARGOJ8_IA/install/joy/lib:/home/rhobtor/PHD/ARGOJ8_IA/install/path_manager_interfaces/lib:/home/rhobtor/PHD/ARGOJ8_IA/install/octomap_server/lib:/home/rhobtor/PHD/ARGOJ8_IA/install/octomap_rviz_plugins/lib:/home/rhobtor/PHD/ARGOJ8_IA/install/j8_xacro_model/lib:/home/rhobtor/PHD/ARGOJ8_IA/install/hector_gazebo_plugins/lib:/home/rhobtor/PHD/ARGOJ8_IA/install/fixposition_sensor_pkg/lib:/home/rhobtor/PHD/ARGOJ8_IA/install/fixposition_odometry_converter_ros2/lib:/home/rhobtor/PHD/ARGOJ8_IA/install/fixposition_driver_ros2/lib:/home/rhobtor/PHD/ARGOJ8_IA/install/ctl_mission_interfaces/lib:/home/rhobtor/PHD/ARGOJ8_IA/install/car_cpp/lib:/home/rhobtor/PHD/ARGOJ8_IA/install/car_interfaces/lib:/home/rhobtor/PHD/ARGOJ8_IA/install/argj801_sensors_msgs/lib:/home/rhobtor/PHD/ARGOJ8_IA/install/argj801_ctl_platform_interfaces/lib:/home/rhobtor/PHD/reactive/Reactive-Navegation/workspace_full_conected/install/octomap_server/lib:/home/rhobtor/PHD/reactive/Reactive-Navegation/workspace_full_conected/install/octomap_rviz_plugins/lib:/home/rhobtor/PHD/reactive/Reactive-Navegation/workspace_full_conected/install/hector_gazebo_plugins/lib:/home/rhobtor/PHD/reactive/Reactive-Navegation/workspace_full_conected/install/car_cpp/lib:/home/rhobtor/PHD/reactive/Reactive-Navegation/workspace_full_conected/install/car_interfaces/lib:/usr/lib/x86_64-linux-gnu/gazebo-11/plugins:/opt/ros/humble/opt/rviz_ogre_vendor/lib:/opt/ros/humble/lib/x86_64-linux-gnu:/opt/ros/humble/lib /opt/st/stm32cubeclt_1.18.0/CMake/bin/cmake --install /home/rhobtor/PHD/ARGOJ8_IA/build/fixposition_driver_ros2
