[0.037s] Invoking command in '/home/rhobtor/PHD/ARGOJ8_IA/build/argj801_ctl_platform_interfaces': CMAKE_PREFIX_PATH=${CMAKE_PREFIX_PATH}:/home/rhobtor/PHD/ARGOJ8_IA/install/car:/home/rhobtor/PHD/reactive/Reactive-Navegation/workspace_full_conected/install/car:/opt/ros/humble /opt/st/stm32cubeclt_1.18.0/CMake/bin/cmake --build /home/rhobtor/PHD/ARGOJ8_IA/build/argj801_ctl_platform_interfaces -- -j16 -l16
[0.075s] [  1%] Built target argj801_ctl_platform_interfaces__cpp
[0.082s] [ 12%] Built target argj801_ctl_platform_interfaces__rosidl_generator_c
[0.093s] [ 12%] Built target ament_cmake_python_copy_argj801_ctl_platform_interfaces
[0.122s] [ 23%] Built target argj801_ctl_platform_interfaces__rosidl_typesupport_cpp
[0.137s] [ 34%] Built target argj801_ctl_platform_interfaces__rosidl_typesupport_fastrtps_cpp
[0.140s] [ 45%] Built target argj801_ctl_platform_interfaces__rosidl_typesupport_fastrtps_c
[0.142s] [ 56%] Built target argj801_ctl_platform_interfaces__rosidl_typesupport_introspection_c
[0.148s] [ 67%] Built target argj801_ctl_platform_interfaces__rosidl_typesupport_c
[0.153s] [ 78%] Built target argj801_ctl_platform_interfaces__rosidl_typesupport_introspection_cpp
[0.173s] [ 78%] Built target argj801_ctl_platform_interfaces
[0.191s] [ 80%] Built target argj801_ctl_platform_interfaces__py
[0.213s] [ 89%] Built target argj801_ctl_platform_interfaces__rosidl_generator_py
[0.239s] [ 92%] Built target argj801_ctl_platform_interfaces__rosidl_typesupport_introspection_c__pyext
[0.239s] [ 96%] Built target argj801_ctl_platform_interfaces__rosidl_typesupport_fastrtps_c__pyext
[0.240s] [100%] Built target argj801_ctl_platform_interfaces__rosidl_typesupport_c__pyext
[0.478s] running egg_info
[0.479s] writing argj801_ctl_platform_interfaces.egg-info/PKG-INFO
[0.480s] writing dependency_links to argj801_ctl_platform_interfaces.egg-info/dependency_links.txt
[0.480s] writing top-level names to argj801_ctl_platform_interfaces.egg-info/top_level.txt
[0.484s] reading manifest file 'argj801_ctl_platform_interfaces.egg-info/SOURCES.txt'
[0.485s] writing manifest file 'argj801_ctl_platform_interfaces.egg-info/SOURCES.txt'
[0.513s] [100%] Built target ament_cmake_python_build_argj801_ctl_platform_interfaces_egg
[0.526s] Invoked command in '/home/rhobtor/PHD/ARGOJ8_IA/build/argj801_ctl_platform_interfaces' returned '0': CMAKE_PREFIX_PATH=${CMAKE_PREFIX_PATH}:/home/rhobtor/PHD/ARGOJ8_IA/install/car:/home/rhobtor/PHD/reactive/Reactive-Navegation/workspace_full_conected/install/car:/opt/ros/humble /opt/st/stm32cubeclt_1.18.0/CMake/bin/cmake --build /home/rhobtor/PHD/ARGOJ8_IA/build/argj801_ctl_platform_interfaces -- -j16 -l16
[0.529s] Invoking command in '/home/rhobtor/PHD/ARGOJ8_IA/build/argj801_ctl_platform_interfaces': CMAKE_PREFIX_PATH=${CMAKE_PREFIX_PATH}:/home/rhobtor/PHD/ARGOJ8_IA/install/car:/home/rhobtor/PHD/reactive/Reactive-Navegation/workspace_full_conected/install/car:/opt/ros/humble /opt/st/stm32cubeclt_1.18.0/CMake/bin/cmake --install /home/rhobtor/PHD/ARGOJ8_IA/build/argj801_ctl_platform_interfaces
[0.538s] -- Install configuration: ""
[0.538s] -- Up-to-date: /home/rhobtor/PHD/ARGOJ8_IA/install/argj801_ctl_platform_interfaces/share/ament_index/resource_index/rosidl_interfaces/argj801_ctl_platform_interfaces
[0.538s] -- Up-to-date: /home/rhobtor/PHD/ARGOJ8_IA/install/argj801_ctl_platform_interfaces/include/argj801_ctl_platform_interfaces/argj801_ctl_platform_interfaces
[0.538s] -- Up-to-date: /home/rhobtor/PHD/ARGOJ8_IA/install/argj801_ctl_platform_interfaces/include/argj801_ctl_platform_interfaces/argj801_ctl_platform_interfaces/srv
[0.538s] -- Up-to-date: /home/rhobtor/PHD/ARGOJ8_IA/install/argj801_ctl_platform_interfaces/include/argj801_ctl_platform_interfaces/argj801_ctl_platform_interfaces/srv/detail
[0.538s] -- Up-to-date: /home/rhobtor/PHD/ARGOJ8_IA/install/argj801_ctl_platform_interfaces/include/argj801_ctl_platform_interfaces/argj801_ctl_platform_interfaces/srv/detail/set_velocity__type_support.h
[0.538s] -- Up-to-date: /home/rhobtor/PHD/ARGOJ8_IA/install/argj801_ctl_platform_interfaces/include/argj801_ctl_platform_interfaces/argj801_ctl_platform_interfaces/srv/detail/get_velocity__type_support.h
[0.539s] -- Up-to-date: /home/rhobtor/PHD/ARGOJ8_IA/install/argj801_ctl_platform_interfaces/include/argj801_ctl_platform_interfaces/argj801_ctl_platform_interfaces/srv/detail/emergency_stop__functions.h
[0.539s] -- Up-to-date: /home/rhobtor/PHD/ARGOJ8_IA/install/argj801_ctl_platform_interfaces/include/argj801_ctl_platform_interfaces/argj801_ctl_platform_interfaces/srv/detail/emergency_stop__functions.c
[0.539s] -- Up-to-date: /home/rhobtor/PHD/ARGOJ8_IA/install/argj801_ctl_platform_interfaces/include/argj801_ctl_platform_interfaces/argj801_ctl_platform_interfaces/srv/detail/set_velocity__struct.h
[0.539s] -- Up-to-date: /home/rhobtor/PHD/ARGOJ8_IA/install/argj801_ctl_platform_interfaces/include/argj801_ctl_platform_interfaces/argj801_ctl_platform_interfaces/srv/detail/set_velocity__functions.c
[0.539s] -- Up-to-date: /home/rhobtor/PHD/ARGOJ8_IA/install/argj801_ctl_platform_interfaces/include/argj801_ctl_platform_interfaces/argj801_ctl_platform_interfaces/srv/detail/emergency_stop__type_support.h
[0.539s] -- Up-to-date: /home/rhobtor/PHD/ARGOJ8_IA/install/argj801_ctl_platform_interfaces/include/argj801_ctl_platform_interfaces/argj801_ctl_platform_interfaces/srv/detail/get_velocity__struct.h
[0.539s] -- Up-to-date: /home/rhobtor/PHD/ARGOJ8_IA/install/argj801_ctl_platform_interfaces/include/argj801_ctl_platform_interfaces/argj801_ctl_platform_interfaces/srv/detail/set_velocity__functions.h
[0.540s] -- Up-to-date: /home/rhobtor/PHD/ARGOJ8_IA/install/argj801_ctl_platform_interfaces/include/argj801_ctl_platform_interfaces/argj801_ctl_platform_interfaces/srv/detail/get_velocity__functions.h
[0.540s] -- Up-to-date: /home/rhobtor/PHD/ARGOJ8_IA/install/argj801_ctl_platform_interfaces/include/argj801_ctl_platform_interfaces/argj801_ctl_platform_interfaces/srv/detail/get_velocity__functions.c
[0.540s] -- Up-to-date: /home/rhobtor/PHD/ARGOJ8_IA/install/argj801_ctl_platform_interfaces/include/argj801_ctl_platform_interfaces/argj801_ctl_platform_interfaces/srv/detail/emergency_stop__struct.h
[0.540s] -- Up-to-date: /home/rhobtor/PHD/ARGOJ8_IA/install/argj801_ctl_platform_interfaces/include/argj801_ctl_platform_interfaces/argj801_ctl_platform_interfaces/srv/set_velocity.h
[0.540s] -- Up-to-date: /home/rhobtor/PHD/ARGOJ8_IA/install/argj801_ctl_platform_interfaces/include/argj801_ctl_platform_interfaces/argj801_ctl_platform_interfaces/srv/emergency_stop.h
[0.540s] -- Up-to-date: /home/rhobtor/PHD/ARGOJ8_IA/install/argj801_ctl_platform_interfaces/include/argj801_ctl_platform_interfaces/argj801_ctl_platform_interfaces/srv/get_velocity.h
[0.540s] -- Up-to-date: /home/rhobtor/PHD/ARGOJ8_IA/install/argj801_ctl_platform_interfaces/include/argj801_ctl_platform_interfaces/argj801_ctl_platform_interfaces/msg
[0.540s] -- Up-to-date: /home/rhobtor/PHD/ARGOJ8_IA/install/argj801_ctl_platform_interfaces/include/argj801_ctl_platform_interfaces/argj801_ctl_platform_interfaces/msg/rosidl_generator_c__visibility_control.h
[0.540s] -- Up-to-date: /home/rhobtor/PHD/ARGOJ8_IA/install/argj801_ctl_platform_interfaces/include/argj801_ctl_platform_interfaces/argj801_ctl_platform_interfaces/msg/cmd_throttle_msg.h
[0.542s] -- Up-to-date: /home/rhobtor/PHD/ARGOJ8_IA/install/argj801_ctl_platform_interfaces/include/argj801_ctl_platform_interfaces/argj801_ctl_platform_interfaces/msg/detail
[0.542s] -- Up-to-date: /home/rhobtor/PHD/ARGOJ8_IA/install/argj801_ctl_platform_interfaces/include/argj801_ctl_platform_interfaces/argj801_ctl_platform_interfaces/msg/detail/cmd_throttle_msg__struct.h
[0.542s] -- Up-to-date: /home/rhobtor/PHD/ARGOJ8_IA/install/argj801_ctl_platform_interfaces/include/argj801_ctl_platform_interfaces/argj801_ctl_platform_interfaces/msg/detail/cmd_throttle_msg__functions.h
[0.542s] -- Up-to-date: /home/rhobtor/PHD/ARGOJ8_IA/install/argj801_ctl_platform_interfaces/include/argj801_ctl_platform_interfaces/argj801_ctl_platform_interfaces/msg/detail/cmd_throttle_msg__type_support.h
[0.542s] -- Up-to-date: /home/rhobtor/PHD/ARGOJ8_IA/install/argj801_ctl_platform_interfaces/include/argj801_ctl_platform_interfaces/argj801_ctl_platform_interfaces/msg/detail/cmd_throttle_msg__functions.c
[0.543s] -- Up-to-date: /home/rhobtor/PHD/ARGOJ8_IA/install/argj801_ctl_platform_interfaces/share/argj801_ctl_platform_interfaces/environment/library_path.sh
[0.543s] -- Up-to-date: /home/rhobtor/PHD/ARGOJ8_IA/install/argj801_ctl_platform_interfaces/share/argj801_ctl_platform_interfaces/environment/library_path.dsv
[0.543s] -- Up-to-date: /home/rhobtor/PHD/ARGOJ8_IA/install/argj801_ctl_platform_interfaces/lib/libargj801_ctl_platform_interfaces__rosidl_generator_c.so
[0.544s] -- Up-to-date: /home/rhobtor/PHD/ARGOJ8_IA/install/argj801_ctl_platform_interfaces/include/argj801_ctl_platform_interfaces/argj801_ctl_platform_interfaces
[0.544s] -- Up-to-date: /home/rhobtor/PHD/ARGOJ8_IA/install/argj801_ctl_platform_interfaces/include/argj801_ctl_platform_interfaces/argj801_ctl_platform_interfaces/srv
[0.544s] -- Up-to-date: /home/rhobtor/PHD/ARGOJ8_IA/install/argj801_ctl_platform_interfaces/include/argj801_ctl_platform_interfaces/argj801_ctl_platform_interfaces/srv/detail
[0.544s] -- Up-to-date: /home/rhobtor/PHD/ARGOJ8_IA/install/argj801_ctl_platform_interfaces/include/argj801_ctl_platform_interfaces/argj801_ctl_platform_interfaces/srv/detail/emergency_stop__rosidl_typesupport_fastrtps_c.h
[0.544s] -- Up-to-date: /home/rhobtor/PHD/ARGOJ8_IA/install/argj801_ctl_platform_interfaces/include/argj801_ctl_platform_interfaces/argj801_ctl_platform_interfaces/srv/detail/get_velocity__rosidl_typesupport_fastrtps_c.h
[0.544s] -- Up-to-date: /home/rhobtor/PHD/ARGOJ8_IA/install/argj801_ctl_platform_interfaces/include/argj801_ctl_platform_interfaces/argj801_ctl_platform_interfaces/srv/detail/set_velocity__rosidl_typesupport_fastrtps_c.h
[0.544s] -- Up-to-date: /home/rhobtor/PHD/ARGOJ8_IA/install/argj801_ctl_platform_interfaces/include/argj801_ctl_platform_interfaces/argj801_ctl_platform_interfaces/msg
[0.544s] -- Up-to-date: /home/rhobtor/PHD/ARGOJ8_IA/install/argj801_ctl_platform_interfaces/include/argj801_ctl_platform_interfaces/argj801_ctl_platform_interfaces/msg/detail
[0.544s] -- Up-to-date: /home/rhobtor/PHD/ARGOJ8_IA/install/argj801_ctl_platform_interfaces/include/argj801_ctl_platform_interfaces/argj801_ctl_platform_interfaces/msg/detail/cmd_throttle_msg__rosidl_typesupport_fastrtps_c.h
[0.544s] -- Up-to-date: /home/rhobtor/PHD/ARGOJ8_IA/install/argj801_ctl_platform_interfaces/include/argj801_ctl_platform_interfaces/argj801_ctl_platform_interfaces/msg/rosidl_typesupport_fastrtps_c__visibility_control.h
[0.544s] -- Up-to-date: /home/rhobtor/PHD/ARGOJ8_IA/install/argj801_ctl_platform_interfaces/lib/libargj801_ctl_platform_interfaces__rosidl_typesupport_fastrtps_c.so
[0.545s] -- Up-to-date: /home/rhobtor/PHD/ARGOJ8_IA/install/argj801_ctl_platform_interfaces/include/argj801_ctl_platform_interfaces/argj801_ctl_platform_interfaces
[0.545s] -- Up-to-date: /home/rhobtor/PHD/ARGOJ8_IA/install/argj801_ctl_platform_interfaces/include/argj801_ctl_platform_interfaces/argj801_ctl_platform_interfaces/srv
[0.545s] -- Up-to-date: /home/rhobtor/PHD/ARGOJ8_IA/install/argj801_ctl_platform_interfaces/include/argj801_ctl_platform_interfaces/argj801_ctl_platform_interfaces/srv/detail
[0.545s] -- Up-to-date: /home/rhobtor/PHD/ARGOJ8_IA/install/argj801_ctl_platform_interfaces/include/argj801_ctl_platform_interfaces/argj801_ctl_platform_interfaces/srv/detail/set_velocity__rosidl_typesupport_introspection_c.h
[0.545s] -- Up-to-date: /home/rhobtor/PHD/ARGOJ8_IA/install/argj801_ctl_platform_interfaces/include/argj801_ctl_platform_interfaces/argj801_ctl_platform_interfaces/srv/detail/set_velocity__type_support.c
[0.545s] -- Up-to-date: /home/rhobtor/PHD/ARGOJ8_IA/install/argj801_ctl_platform_interfaces/include/argj801_ctl_platform_interfaces/argj801_ctl_platform_interfaces/srv/detail/emergency_stop__rosidl_typesupport_introspection_c.h
[0.545s] -- Up-to-date: /home/rhobtor/PHD/ARGOJ8_IA/install/argj801_ctl_platform_interfaces/include/argj801_ctl_platform_interfaces/argj801_ctl_platform_interfaces/srv/detail/emergency_stop__type_support.c
[0.546s] -- Up-to-date: /home/rhobtor/PHD/ARGOJ8_IA/install/argj801_ctl_platform_interfaces/include/argj801_ctl_platform_interfaces/argj801_ctl_platform_interfaces/srv/detail/get_velocity__type_support.c
[0.546s] -- Up-to-date: /home/rhobtor/PHD/ARGOJ8_IA/install/argj801_ctl_platform_interfaces/include/argj801_ctl_platform_interfaces/argj801_ctl_platform_interfaces/srv/detail/get_velocity__rosidl_typesupport_introspection_c.h
[0.546s] -- Up-to-date: /home/rhobtor/PHD/ARGOJ8_IA/install/argj801_ctl_platform_interfaces/include/argj801_ctl_platform_interfaces/argj801_ctl_platform_interfaces/msg
[0.546s] -- Up-to-date: /home/rhobtor/PHD/ARGOJ8_IA/install/argj801_ctl_platform_interfaces/include/argj801_ctl_platform_interfaces/argj801_ctl_platform_interfaces/msg/rosidl_typesupport_introspection_c__visibility_control.h
[0.546s] -- Up-to-date: /home/rhobtor/PHD/ARGOJ8_IA/install/argj801_ctl_platform_interfaces/include/argj801_ctl_platform_interfaces/argj801_ctl_platform_interfaces/msg/detail
[0.546s] -- Up-to-date: /home/rhobtor/PHD/ARGOJ8_IA/install/argj801_ctl_platform_interfaces/include/argj801_ctl_platform_interfaces/argj801_ctl_platform_interfaces/msg/detail/cmd_throttle_msg__rosidl_typesupport_introspection_c.h
[0.546s] -- Up-to-date: /home/rhobtor/PHD/ARGOJ8_IA/install/argj801_ctl_platform_interfaces/include/argj801_ctl_platform_interfaces/argj801_ctl_platform_interfaces/msg/detail/cmd_throttle_msg__type_support.c
[0.546s] -- Up-to-date: /home/rhobtor/PHD/ARGOJ8_IA/install/argj801_ctl_platform_interfaces/lib/libargj801_ctl_platform_interfaces__rosidl_typesupport_introspection_c.so
[0.546s] -- Up-to-date: /home/rhobtor/PHD/ARGOJ8_IA/install/argj801_ctl_platform_interfaces/lib/libargj801_ctl_platform_interfaces__rosidl_typesupport_c.so
[0.546s] -- Up-to-date: /home/rhobtor/PHD/ARGOJ8_IA/install/argj801_ctl_platform_interfaces/include/argj801_ctl_platform_interfaces/argj801_ctl_platform_interfaces
[0.546s] -- Up-to-date: /home/rhobtor/PHD/ARGOJ8_IA/install/argj801_ctl_platform_interfaces/include/argj801_ctl_platform_interfaces/argj801_ctl_platform_interfaces/srv
[0.546s] -- Up-to-date: /home/rhobtor/PHD/ARGOJ8_IA/install/argj801_ctl_platform_interfaces/include/argj801_ctl_platform_interfaces/argj801_ctl_platform_interfaces/srv/get_velocity.hpp
[0.546s] -- Up-to-date: /home/rhobtor/PHD/ARGOJ8_IA/install/argj801_ctl_platform_interfaces/include/argj801_ctl_platform_interfaces/argj801_ctl_platform_interfaces/srv/detail
[0.546s] -- Up-to-date: /home/rhobtor/PHD/ARGOJ8_IA/install/argj801_ctl_platform_interfaces/include/argj801_ctl_platform_interfaces/argj801_ctl_platform_interfaces/srv/detail/set_velocity__struct.hpp
[0.546s] -- Up-to-date: /home/rhobtor/PHD/ARGOJ8_IA/install/argj801_ctl_platform_interfaces/include/argj801_ctl_platform_interfaces/argj801_ctl_platform_interfaces/srv/detail/set_velocity__builder.hpp
[0.546s] -- Up-to-date: /home/rhobtor/PHD/ARGOJ8_IA/install/argj801_ctl_platform_interfaces/include/argj801_ctl_platform_interfaces/argj801_ctl_platform_interfaces/srv/detail/set_velocity__type_support.hpp
[0.546s] -- Up-to-date: /home/rhobtor/PHD/ARGOJ8_IA/install/argj801_ctl_platform_interfaces/include/argj801_ctl_platform_interfaces/argj801_ctl_platform_interfaces/srv/detail/get_velocity__type_support.hpp
[0.546s] -- Up-to-date: /home/rhobtor/PHD/ARGOJ8_IA/install/argj801_ctl_platform_interfaces/include/argj801_ctl_platform_interfaces/argj801_ctl_platform_interfaces/srv/detail/emergency_stop__builder.hpp
[0.546s] -- Up-to-date: /home/rhobtor/PHD/ARGOJ8_IA/install/argj801_ctl_platform_interfaces/include/argj801_ctl_platform_interfaces/argj801_ctl_platform_interfaces/srv/detail/set_velocity__traits.hpp
[0.547s] -- Up-to-date: /home/rhobtor/PHD/ARGOJ8_IA/install/argj801_ctl_platform_interfaces/include/argj801_ctl_platform_interfaces/argj801_ctl_platform_interfaces/srv/detail/emergency_stop__struct.hpp
[0.547s] -- Up-to-date: /home/rhobtor/PHD/ARGOJ8_IA/install/argj801_ctl_platform_interfaces/include/argj801_ctl_platform_interfaces/argj801_ctl_platform_interfaces/srv/detail/get_velocity__traits.hpp
[0.547s] -- Up-to-date: /home/rhobtor/PHD/ARGOJ8_IA/install/argj801_ctl_platform_interfaces/include/argj801_ctl_platform_interfaces/argj801_ctl_platform_interfaces/srv/detail/get_velocity__builder.hpp
[0.547s] -- Up-to-date: /home/rhobtor/PHD/ARGOJ8_IA/install/argj801_ctl_platform_interfaces/include/argj801_ctl_platform_interfaces/argj801_ctl_platform_interfaces/srv/detail/emergency_stop__type_support.hpp
[0.547s] -- Up-to-date: /home/rhobtor/PHD/ARGOJ8_IA/install/argj801_ctl_platform_interfaces/include/argj801_ctl_platform_interfaces/argj801_ctl_platform_interfaces/srv/detail/get_velocity__struct.hpp
[0.547s] -- Up-to-date: /home/rhobtor/PHD/ARGOJ8_IA/install/argj801_ctl_platform_interfaces/include/argj801_ctl_platform_interfaces/argj801_ctl_platform_interfaces/srv/detail/emergency_stop__traits.hpp
[0.547s] -- Up-to-date: /home/rhobtor/PHD/ARGOJ8_IA/install/argj801_ctl_platform_interfaces/include/argj801_ctl_platform_interfaces/argj801_ctl_platform_interfaces/srv/emergency_stop.hpp
[0.547s] -- Up-to-date: /home/rhobtor/PHD/ARGOJ8_IA/install/argj801_ctl_platform_interfaces/include/argj801_ctl_platform_interfaces/argj801_ctl_platform_interfaces/srv/set_velocity.hpp
[0.547s] -- Up-to-date: /home/rhobtor/PHD/ARGOJ8_IA/install/argj801_ctl_platform_interfaces/include/argj801_ctl_platform_interfaces/argj801_ctl_platform_interfaces/msg
[0.547s] -- Up-to-date: /home/rhobtor/PHD/ARGOJ8_IA/install/argj801_ctl_platform_interfaces/include/argj801_ctl_platform_interfaces/argj801_ctl_platform_interfaces/msg/rosidl_generator_cpp__visibility_control.hpp
[0.547s] -- Up-to-date: /home/rhobtor/PHD/ARGOJ8_IA/install/argj801_ctl_platform_interfaces/include/argj801_ctl_platform_interfaces/argj801_ctl_platform_interfaces/msg/detail
[0.547s] -- Up-to-date: /home/rhobtor/PHD/ARGOJ8_IA/install/argj801_ctl_platform_interfaces/include/argj801_ctl_platform_interfaces/argj801_ctl_platform_interfaces/msg/detail/cmd_throttle_msg__type_support.hpp
[0.547s] -- Up-to-date: /home/rhobtor/PHD/ARGOJ8_IA/install/argj801_ctl_platform_interfaces/include/argj801_ctl_platform_interfaces/argj801_ctl_platform_interfaces/msg/detail/cmd_throttle_msg__builder.hpp
[0.547s] -- Up-to-date: /home/rhobtor/PHD/ARGOJ8_IA/install/argj801_ctl_platform_interfaces/include/argj801_ctl_platform_interfaces/argj801_ctl_platform_interfaces/msg/detail/cmd_throttle_msg__struct.hpp
[0.547s] -- Up-to-date: /home/rhobtor/PHD/ARGOJ8_IA/install/argj801_ctl_platform_interfaces/include/argj801_ctl_platform_interfaces/argj801_ctl_platform_interfaces/msg/detail/cmd_throttle_msg__traits.hpp
[0.547s] -- Up-to-date: /home/rhobtor/PHD/ARGOJ8_IA/install/argj801_ctl_platform_interfaces/include/argj801_ctl_platform_interfaces/argj801_ctl_platform_interfaces/msg/cmd_throttle_msg.hpp
[0.548s] -- Up-to-date: /home/rhobtor/PHD/ARGOJ8_IA/install/argj801_ctl_platform_interfaces/include/argj801_ctl_platform_interfaces/argj801_ctl_platform_interfaces
[0.548s] -- Up-to-date: /home/rhobtor/PHD/ARGOJ8_IA/install/argj801_ctl_platform_interfaces/include/argj801_ctl_platform_interfaces/argj801_ctl_platform_interfaces/srv
[0.548s] -- Up-to-date: /home/rhobtor/PHD/ARGOJ8_IA/install/argj801_ctl_platform_interfaces/include/argj801_ctl_platform_interfaces/argj801_ctl_platform_interfaces/srv/detail
[0.548s] -- Up-to-date: /home/rhobtor/PHD/ARGOJ8_IA/install/argj801_ctl_platform_interfaces/include/argj801_ctl_platform_interfaces/argj801_ctl_platform_interfaces/srv/detail/set_velocity__rosidl_typesupport_fastrtps_cpp.hpp
[0.548s] -- Up-to-date: /home/rhobtor/PHD/ARGOJ8_IA/install/argj801_ctl_platform_interfaces/include/argj801_ctl_platform_interfaces/argj801_ctl_platform_interfaces/srv/detail/get_velocity__rosidl_typesupport_fastrtps_cpp.hpp
[0.548s] -- Up-to-date: /home/rhobtor/PHD/ARGOJ8_IA/install/argj801_ctl_platform_interfaces/include/argj801_ctl_platform_interfaces/argj801_ctl_platform_interfaces/srv/detail/dds_fastrtps
[0.548s] -- Up-to-date: /home/rhobtor/PHD/ARGOJ8_IA/install/argj801_ctl_platform_interfaces/include/argj801_ctl_platform_interfaces/argj801_ctl_platform_interfaces/srv/detail/emergency_stop__rosidl_typesupport_fastrtps_cpp.hpp
[0.548s] -- Up-to-date: /home/rhobtor/PHD/ARGOJ8_IA/install/argj801_ctl_platform_interfaces/include/argj801_ctl_platform_interfaces/argj801_ctl_platform_interfaces/msg
[0.548s] -- Up-to-date: /home/rhobtor/PHD/ARGOJ8_IA/install/argj801_ctl_platform_interfaces/include/argj801_ctl_platform_interfaces/argj801_ctl_platform_interfaces/msg/rosidl_typesupport_fastrtps_cpp__visibility_control.h
[0.548s] -- Up-to-date: /home/rhobtor/PHD/ARGOJ8_IA/install/argj801_ctl_platform_interfaces/include/argj801_ctl_platform_interfaces/argj801_ctl_platform_interfaces/msg/detail
[0.548s] -- Up-to-date: /home/rhobtor/PHD/ARGOJ8_IA/install/argj801_ctl_platform_interfaces/include/argj801_ctl_platform_interfaces/argj801_ctl_platform_interfaces/msg/detail/dds_fastrtps
[0.548s] -- Up-to-date: /home/rhobtor/PHD/ARGOJ8_IA/install/argj801_ctl_platform_interfaces/include/argj801_ctl_platform_interfaces/argj801_ctl_platform_interfaces/msg/detail/cmd_throttle_msg__rosidl_typesupport_fastrtps_cpp.hpp
[0.548s] -- Up-to-date: /home/rhobtor/PHD/ARGOJ8_IA/install/argj801_ctl_platform_interfaces/lib/libargj801_ctl_platform_interfaces__rosidl_typesupport_fastrtps_cpp.so
[0.548s] -- Up-to-date: /home/rhobtor/PHD/ARGOJ8_IA/install/argj801_ctl_platform_interfaces/include/argj801_ctl_platform_interfaces/argj801_ctl_platform_interfaces
[0.548s] -- Up-to-date: /home/rhobtor/PHD/ARGOJ8_IA/install/argj801_ctl_platform_interfaces/include/argj801_ctl_platform_interfaces/argj801_ctl_platform_interfaces/srv
[0.548s] -- Up-to-date: /home/rhobtor/PHD/ARGOJ8_IA/install/argj801_ctl_platform_interfaces/include/argj801_ctl_platform_interfaces/argj801_ctl_platform_interfaces/srv/detail
[0.548s] -- Up-to-date: /home/rhobtor/PHD/ARGOJ8_IA/install/argj801_ctl_platform_interfaces/include/argj801_ctl_platform_interfaces/argj801_ctl_platform_interfaces/srv/detail/emergency_stop__rosidl_typesupport_introspection_cpp.hpp
[0.548s] -- Up-to-date: /home/rhobtor/PHD/ARGOJ8_IA/install/argj801_ctl_platform_interfaces/include/argj801_ctl_platform_interfaces/argj801_ctl_platform_interfaces/srv/detail/set_velocity__type_support.cpp
[0.548s] -- Up-to-date: /home/rhobtor/PHD/ARGOJ8_IA/install/argj801_ctl_platform_interfaces/include/argj801_ctl_platform_interfaces/argj801_ctl_platform_interfaces/srv/detail/set_velocity__rosidl_typesupport_introspection_cpp.hpp
[0.548s] -- Up-to-date: /home/rhobtor/PHD/ARGOJ8_IA/install/argj801_ctl_platform_interfaces/include/argj801_ctl_platform_interfaces/argj801_ctl_platform_interfaces/srv/detail/get_velocity__type_support.cpp
[0.548s] -- Up-to-date: /home/rhobtor/PHD/ARGOJ8_IA/install/argj801_ctl_platform_interfaces/include/argj801_ctl_platform_interfaces/argj801_ctl_platform_interfaces/srv/detail/emergency_stop__type_support.cpp
[0.549s] -- Up-to-date: /home/rhobtor/PHD/ARGOJ8_IA/install/argj801_ctl_platform_interfaces/include/argj801_ctl_platform_interfaces/argj801_ctl_platform_interfaces/srv/detail/get_velocity__rosidl_typesupport_introspection_cpp.hpp
[0.549s] -- Up-to-date: /home/rhobtor/PHD/ARGOJ8_IA/install/argj801_ctl_platform_interfaces/include/argj801_ctl_platform_interfaces/argj801_ctl_platform_interfaces/msg
[0.549s] -- Up-to-date: /home/rhobtor/PHD/ARGOJ8_IA/install/argj801_ctl_platform_interfaces/include/argj801_ctl_platform_interfaces/argj801_ctl_platform_interfaces/msg/detail
[0.549s] -- Up-to-date: /home/rhobtor/PHD/ARGOJ8_IA/install/argj801_ctl_platform_interfaces/include/argj801_ctl_platform_interfaces/argj801_ctl_platform_interfaces/msg/detail/cmd_throttle_msg__type_support.cpp
[0.549s] -- Up-to-date: /home/rhobtor/PHD/ARGOJ8_IA/install/argj801_ctl_platform_interfaces/include/argj801_ctl_platform_interfaces/argj801_ctl_platform_interfaces/msg/detail/cmd_throttle_msg__rosidl_typesupport_introspection_cpp.hpp
[0.549s] -- Up-to-date: /home/rhobtor/PHD/ARGOJ8_IA/install/argj801_ctl_platform_interfaces/lib/libargj801_ctl_platform_interfaces__rosidl_typesupport_introspection_cpp.so
[0.549s] -- Up-to-date: /home/rhobtor/PHD/ARGOJ8_IA/install/argj801_ctl_platform_interfaces/lib/libargj801_ctl_platform_interfaces__rosidl_typesupport_cpp.so
[0.549s] -- Up-to-date: /home/rhobtor/PHD/ARGOJ8_IA/install/argj801_ctl_platform_interfaces/share/argj801_ctl_platform_interfaces/environment/pythonpath.sh
[0.549s] -- Up-to-date: /home/rhobtor/PHD/ARGOJ8_IA/install/argj801_ctl_platform_interfaces/share/argj801_ctl_platform_interfaces/environment/pythonpath.dsv
[0.549s] -- Up-to-date: /home/rhobtor/PHD/ARGOJ8_IA/install/argj801_ctl_platform_interfaces/local/lib/python3.10/dist-packages/argj801_ctl_platform_interfaces-0.0.0-py3.10.egg-info
[0.549s] -- Installing: /home/rhobtor/PHD/ARGOJ8_IA/install/argj801_ctl_platform_interfaces/local/lib/python3.10/dist-packages/argj801_ctl_platform_interfaces-0.0.0-py3.10.egg-info/top_level.txt
[0.550s] -- Installing: /home/rhobtor/PHD/ARGOJ8_IA/install/argj801_ctl_platform_interfaces/local/lib/python3.10/dist-packages/argj801_ctl_platform_interfaces-0.0.0-py3.10.egg-info/SOURCES.txt
[0.551s] -- Installing: /home/rhobtor/PHD/ARGOJ8_IA/install/argj801_ctl_platform_interfaces/local/lib/python3.10/dist-packages/argj801_ctl_platform_interfaces-0.0.0-py3.10.egg-info/PKG-INFO
[0.551s] -- Installing: /home/rhobtor/PHD/ARGOJ8_IA/install/argj801_ctl_platform_interfaces/local/lib/python3.10/dist-packages/argj801_ctl_platform_interfaces-0.0.0-py3.10.egg-info/dependency_links.txt
[0.551s] -- Up-to-date: /home/rhobtor/PHD/ARGOJ8_IA/install/argj801_ctl_platform_interfaces/local/lib/python3.10/dist-packages/argj801_ctl_platform_interfaces
[0.551s] -- Up-to-date: /home/rhobtor/PHD/ARGOJ8_IA/install/argj801_ctl_platform_interfaces/local/lib/python3.10/dist-packages/argj801_ctl_platform_interfaces/_argj801_ctl_platform_interfaces_s.ep.rosidl_typesupport_fastrtps_c.c
[0.551s] -- Up-to-date: /home/rhobtor/PHD/ARGOJ8_IA/install/argj801_ctl_platform_interfaces/local/lib/python3.10/dist-packages/argj801_ctl_platform_interfaces/srv
[0.551s] -- Up-to-date: /home/rhobtor/PHD/ARGOJ8_IA/install/argj801_ctl_platform_interfaces/local/lib/python3.10/dist-packages/argj801_ctl_platform_interfaces/srv/_emergency_stop_s.c
[0.551s] -- Up-to-date: /home/rhobtor/PHD/ARGOJ8_IA/install/argj801_ctl_platform_interfaces/local/lib/python3.10/dist-packages/argj801_ctl_platform_interfaces/srv/_get_velocity.py
[0.551s] -- Up-to-date: /home/rhobtor/PHD/ARGOJ8_IA/install/argj801_ctl_platform_interfaces/local/lib/python3.10/dist-packages/argj801_ctl_platform_interfaces/srv/_emergency_stop.py
[0.551s] -- Up-to-date: /home/rhobtor/PHD/ARGOJ8_IA/install/argj801_ctl_platform_interfaces/local/lib/python3.10/dist-packages/argj801_ctl_platform_interfaces/srv/_set_velocity.py
[0.551s] -- Up-to-date: /home/rhobtor/PHD/ARGOJ8_IA/install/argj801_ctl_platform_interfaces/local/lib/python3.10/dist-packages/argj801_ctl_platform_interfaces/srv/_set_velocity_s.c
[0.551s] -- Up-to-date: /home/rhobtor/PHD/ARGOJ8_IA/install/argj801_ctl_platform_interfaces/local/lib/python3.10/dist-packages/argj801_ctl_platform_interfaces/srv/__init__.py
[0.551s] -- Up-to-date: /home/rhobtor/PHD/ARGOJ8_IA/install/argj801_ctl_platform_interfaces/local/lib/python3.10/dist-packages/argj801_ctl_platform_interfaces/srv/_get_velocity_s.c
[0.551s] -- Up-to-date: /home/rhobtor/PHD/ARGOJ8_IA/install/argj801_ctl_platform_interfaces/local/lib/python3.10/dist-packages/argj801_ctl_platform_interfaces/libargj801_ctl_platform_interfaces__rosidl_generator_py.so
[0.551s] -- Up-to-date: /home/rhobtor/PHD/ARGOJ8_IA/install/argj801_ctl_platform_interfaces/local/lib/python3.10/dist-packages/argj801_ctl_platform_interfaces/_argj801_ctl_platform_interfaces_s.ep.rosidl_typesupport_introspection_c.c
[0.551s] -- Up-to-date: /home/rhobtor/PHD/ARGOJ8_IA/install/argj801_ctl_platform_interfaces/local/lib/python3.10/dist-packages/argj801_ctl_platform_interfaces/argj801_ctl_platform_interfaces_s__rosidl_typesupport_c.cpython-310-x86_64-linux-gnu.so
[0.551s] -- Up-to-date: /home/rhobtor/PHD/ARGOJ8_IA/install/argj801_ctl_platform_interfaces/local/lib/python3.10/dist-packages/argj801_ctl_platform_interfaces/argj801_ctl_platform_interfaces_s__rosidl_typesupport_introspection_c.cpython-310-x86_64-linux-gnu.so
[0.551s] -- Up-to-date: /home/rhobtor/PHD/ARGOJ8_IA/install/argj801_ctl_platform_interfaces/local/lib/python3.10/dist-packages/argj801_ctl_platform_interfaces/__init__.py
[0.551s] -- Up-to-date: /home/rhobtor/PHD/ARGOJ8_IA/install/argj801_ctl_platform_interfaces/local/lib/python3.10/dist-packages/argj801_ctl_platform_interfaces/argj801_ctl_platform_interfaces_s__rosidl_typesupport_fastrtps_c.cpython-310-x86_64-linux-gnu.so
[0.551s] -- Up-to-date: /home/rhobtor/PHD/ARGOJ8_IA/install/argj801_ctl_platform_interfaces/local/lib/python3.10/dist-packages/argj801_ctl_platform_interfaces/_argj801_ctl_platform_interfaces_s.ep.rosidl_typesupport_c.c
[0.551s] -- Up-to-date: /home/rhobtor/PHD/ARGOJ8_IA/install/argj801_ctl_platform_interfaces/local/lib/python3.10/dist-packages/argj801_ctl_platform_interfaces/msg
[0.551s] -- Up-to-date: /home/rhobtor/PHD/ARGOJ8_IA/install/argj801_ctl_platform_interfaces/local/lib/python3.10/dist-packages/argj801_ctl_platform_interfaces/msg/_cmd_throttle_msg.py
[0.551s] -- Up-to-date: /home/rhobtor/PHD/ARGOJ8_IA/install/argj801_ctl_platform_interfaces/local/lib/python3.10/dist-packages/argj801_ctl_platform_interfaces/msg/__init__.py
[0.552s] -- Up-to-date: /home/rhobtor/PHD/ARGOJ8_IA/install/argj801_ctl_platform_interfaces/local/lib/python3.10/dist-packages/argj801_ctl_platform_interfaces/msg/_cmd_throttle_msg_s.c
[0.585s] Listing '/home/rhobtor/PHD/ARGOJ8_IA/install/argj801_ctl_platform_interfaces/local/lib/python3.10/dist-packages/argj801_ctl_platform_interfaces'...
[0.585s] Listing '/home/rhobtor/PHD/ARGOJ8_IA/install/argj801_ctl_platform_interfaces/local/lib/python3.10/dist-packages/argj801_ctl_platform_interfaces/msg'...
[0.585s] Listing '/home/rhobtor/PHD/ARGOJ8_IA/install/argj801_ctl_platform_interfaces/local/lib/python3.10/dist-packages/argj801_ctl_platform_interfaces/srv'...
[0.590s] -- Up-to-date: /home/rhobtor/PHD/ARGOJ8_IA/install/argj801_ctl_platform_interfaces/local/lib/python3.10/dist-packages/argj801_ctl_platform_interfaces/argj801_ctl_platform_interfaces_s__rosidl_typesupport_fastrtps_c.cpython-310-x86_64-linux-gnu.so
[0.591s] -- Up-to-date: /home/rhobtor/PHD/ARGOJ8_IA/install/argj801_ctl_platform_interfaces/local/lib/python3.10/dist-packages/argj801_ctl_platform_interfaces/argj801_ctl_platform_interfaces_s__rosidl_typesupport_introspection_c.cpython-310-x86_64-linux-gnu.so
[0.593s] -- Up-to-date: /home/rhobtor/PHD/ARGOJ8_IA/install/argj801_ctl_platform_interfaces/local/lib/python3.10/dist-packages/argj801_ctl_platform_interfaces/argj801_ctl_platform_interfaces_s__rosidl_typesupport_c.cpython-310-x86_64-linux-gnu.so
[0.595s] -- Up-to-date: /home/rhobtor/PHD/ARGOJ8_IA/install/argj801_ctl_platform_interfaces/lib/libargj801_ctl_platform_interfaces__rosidl_generator_py.so
[0.595s] -- Up-to-date: /home/rhobtor/PHD/ARGOJ8_IA/install/argj801_ctl_platform_interfaces/share/argj801_ctl_platform_interfaces/srv/SetVelocity.idl
[0.596s] -- Up-to-date: /home/rhobtor/PHD/ARGOJ8_IA/install/argj801_ctl_platform_interfaces/share/argj801_ctl_platform_interfaces/srv/GetVelocity.idl
[0.597s] -- Up-to-date: /home/rhobtor/PHD/ARGOJ8_IA/install/argj801_ctl_platform_interfaces/share/argj801_ctl_platform_interfaces/srv/EmergencyStop.idl
[0.597s] -- Up-to-date: /home/rhobtor/PHD/ARGOJ8_IA/install/argj801_ctl_platform_interfaces/share/argj801_ctl_platform_interfaces/msg/CmdThrottleMsg.idl
[0.598s] -- Up-to-date: /home/rhobtor/PHD/ARGOJ8_IA/install/argj801_ctl_platform_interfaces/share/argj801_ctl_platform_interfaces/srv/SetVelocity.srv
[0.599s] -- Up-to-date: /home/rhobtor/PHD/ARGOJ8_IA/install/argj801_ctl_platform_interfaces/share/argj801_ctl_platform_interfaces/srv/SetVelocity_Request.msg
[0.599s] -- Up-to-date: /home/rhobtor/PHD/ARGOJ8_IA/install/argj801_ctl_platform_interfaces/share/argj801_ctl_platform_interfaces/srv/SetVelocity_Response.msg
[0.599s] -- Up-to-date: /home/rhobtor/PHD/ARGOJ8_IA/install/argj801_ctl_platform_interfaces/share/argj801_ctl_platform_interfaces/srv/GetVelocity.srv
[0.600s] -- Up-to-date: /home/rhobtor/PHD/ARGOJ8_IA/install/argj801_ctl_platform_interfaces/share/argj801_ctl_platform_interfaces/srv/GetVelocity_Request.msg
[0.600s] -- Up-to-date: /home/rhobtor/PHD/ARGOJ8_IA/install/argj801_ctl_platform_interfaces/share/argj801_ctl_platform_interfaces/srv/GetVelocity_Response.msg
[0.600s] -- Up-to-date: /home/rhobtor/PHD/ARGOJ8_IA/install/argj801_ctl_platform_interfaces/share/argj801_ctl_platform_interfaces/srv/EmergencyStop.srv
[0.601s] -- Up-to-date: /home/rhobtor/PHD/ARGOJ8_IA/install/argj801_ctl_platform_interfaces/share/argj801_ctl_platform_interfaces/srv/EmergencyStop_Request.msg
[0.601s] -- Up-to-date: /home/rhobtor/PHD/ARGOJ8_IA/install/argj801_ctl_platform_interfaces/share/argj801_ctl_platform_interfaces/srv/EmergencyStop_Response.msg
[0.602s] -- Up-to-date: /home/rhobtor/PHD/ARGOJ8_IA/install/argj801_ctl_platform_interfaces/share/argj801_ctl_platform_interfaces/msg/CmdThrottleMsg.msg
[0.602s] -- Up-to-date: /home/rhobtor/PHD/ARGOJ8_IA/install/argj801_ctl_platform_interfaces/share/ament_index/resource_index/package_run_dependencies/argj801_ctl_platform_interfaces
[0.603s] -- Up-to-date: /home/rhobtor/PHD/ARGOJ8_IA/install/argj801_ctl_platform_interfaces/share/ament_index/resource_index/parent_prefix_path/argj801_ctl_platform_interfaces
[0.603s] -- Up-to-date: /home/rhobtor/PHD/ARGOJ8_IA/install/argj801_ctl_platform_interfaces/share/argj801_ctl_platform_interfaces/environment/ament_prefix_path.sh
[0.603s] -- Up-to-date: /home/rhobtor/PHD/ARGOJ8_IA/install/argj801_ctl_platform_interfaces/share/argj801_ctl_platform_interfaces/environment/ament_prefix_path.dsv
[0.603s] -- Up-to-date: /home/rhobtor/PHD/ARGOJ8_IA/install/argj801_ctl_platform_interfaces/share/argj801_ctl_platform_interfaces/environment/path.sh
[0.604s] -- Up-to-date: /home/rhobtor/PHD/ARGOJ8_IA/install/argj801_ctl_platform_interfaces/share/argj801_ctl_platform_interfaces/environment/path.dsv
[0.605s] -- Up-to-date: /home/rhobtor/PHD/ARGOJ8_IA/install/argj801_ctl_platform_interfaces/share/argj801_ctl_platform_interfaces/local_setup.bash
[0.606s] -- Up-to-date: /home/rhobtor/PHD/ARGOJ8_IA/install/argj801_ctl_platform_interfaces/share/argj801_ctl_platform_interfaces/local_setup.sh
[0.607s] -- Up-to-date: /home/rhobtor/PHD/ARGOJ8_IA/install/argj801_ctl_platform_interfaces/share/argj801_ctl_platform_interfaces/local_setup.zsh
[0.608s] -- Up-to-date: /home/rhobtor/PHD/ARGOJ8_IA/install/argj801_ctl_platform_interfaces/share/argj801_ctl_platform_interfaces/local_setup.dsv
[0.608s] -- Installing: /home/rhobtor/PHD/ARGOJ8_IA/install/argj801_ctl_platform_interfaces/share/argj801_ctl_platform_interfaces/package.dsv
[0.611s] -- Up-to-date: /home/rhobtor/PHD/ARGOJ8_IA/install/argj801_ctl_platform_interfaces/share/ament_index/resource_index/packages/argj801_ctl_platform_interfaces
[0.613s] -- Up-to-date: /home/rhobtor/PHD/ARGOJ8_IA/install/argj801_ctl_platform_interfaces/share/argj801_ctl_platform_interfaces/cmake/export_argj801_ctl_platform_interfaces__rosidl_generator_cExport.cmake
[0.615s] -- Up-to-date: /home/rhobtor/PHD/ARGOJ8_IA/install/argj801_ctl_platform_interfaces/share/argj801_ctl_platform_interfaces/cmake/export_argj801_ctl_platform_interfaces__rosidl_generator_cExport-noconfig.cmake
[0.615s] -- Up-to-date: /home/rhobtor/PHD/ARGOJ8_IA/install/argj801_ctl_platform_interfaces/share/argj801_ctl_platform_interfaces/cmake/export_argj801_ctl_platform_interfaces__rosidl_typesupport_fastrtps_cExport.cmake
[0.615s] -- Up-to-date: /home/rhobtor/PHD/ARGOJ8_IA/install/argj801_ctl_platform_interfaces/share/argj801_ctl_platform_interfaces/cmake/export_argj801_ctl_platform_interfaces__rosidl_typesupport_fastrtps_cExport-noconfig.cmake
[0.617s] -- Up-to-date: /home/rhobtor/PHD/ARGOJ8_IA/install/argj801_ctl_platform_interfaces/share/argj801_ctl_platform_interfaces/cmake/argj801_ctl_platform_interfaces__rosidl_typesupport_introspection_cExport.cmake
[0.617s] -- Up-to-date: /home/rhobtor/PHD/ARGOJ8_IA/install/argj801_ctl_platform_interfaces/share/argj801_ctl_platform_interfaces/cmake/argj801_ctl_platform_interfaces__rosidl_typesupport_introspection_cExport-noconfig.cmake
[0.618s] -- Up-to-date: /home/rhobtor/PHD/ARGOJ8_IA/install/argj801_ctl_platform_interfaces/share/argj801_ctl_platform_interfaces/cmake/argj801_ctl_platform_interfaces__rosidl_typesupport_cExport.cmake
[0.619s] -- Up-to-date: /home/rhobtor/PHD/ARGOJ8_IA/install/argj801_ctl_platform_interfaces/share/argj801_ctl_platform_interfaces/cmake/argj801_ctl_platform_interfaces__rosidl_typesupport_cExport-noconfig.cmake
[0.619s] -- Up-to-date: /home/rhobtor/PHD/ARGOJ8_IA/install/argj801_ctl_platform_interfaces/share/argj801_ctl_platform_interfaces/cmake/export_argj801_ctl_platform_interfaces__rosidl_generator_cppExport.cmake
[0.619s] -- Up-to-date: /home/rhobtor/PHD/ARGOJ8_IA/install/argj801_ctl_platform_interfaces/share/argj801_ctl_platform_interfaces/cmake/export_argj801_ctl_platform_interfaces__rosidl_typesupport_fastrtps_cppExport.cmake
[0.619s] -- Up-to-date: /home/rhobtor/PHD/ARGOJ8_IA/install/argj801_ctl_platform_interfaces/share/argj801_ctl_platform_interfaces/cmake/export_argj801_ctl_platform_interfaces__rosidl_typesupport_fastrtps_cppExport-noconfig.cmake
[0.620s] -- Up-to-date: /home/rhobtor/PHD/ARGOJ8_IA/install/argj801_ctl_platform_interfaces/share/argj801_ctl_platform_interfaces/cmake/argj801_ctl_platform_interfaces__rosidl_typesupport_introspection_cppExport.cmake
[0.620s] -- Up-to-date: /home/rhobtor/PHD/ARGOJ8_IA/install/argj801_ctl_platform_interfaces/share/argj801_ctl_platform_interfaces/cmake/argj801_ctl_platform_interfaces__rosidl_typesupport_introspection_cppExport-noconfig.cmake
[0.620s] -- Up-to-date: /home/rhobtor/PHD/ARGOJ8_IA/install/argj801_ctl_platform_interfaces/share/argj801_ctl_platform_interfaces/cmake/argj801_ctl_platform_interfaces__rosidl_typesupport_cppExport.cmake
[0.621s] -- Up-to-date: /home/rhobtor/PHD/ARGOJ8_IA/install/argj801_ctl_platform_interfaces/share/argj801_ctl_platform_interfaces/cmake/argj801_ctl_platform_interfaces__rosidl_typesupport_cppExport-noconfig.cmake
[0.621s] -- Up-to-date: /home/rhobtor/PHD/ARGOJ8_IA/install/argj801_ctl_platform_interfaces/share/argj801_ctl_platform_interfaces/cmake/export_argj801_ctl_platform_interfaces__rosidl_generator_pyExport.cmake
[0.621s] -- Up-to-date: /home/rhobtor/PHD/ARGOJ8_IA/install/argj801_ctl_platform_interfaces/share/argj801_ctl_platform_interfaces/cmake/export_argj801_ctl_platform_interfaces__rosidl_generator_pyExport-noconfig.cmake
[0.622s] -- Up-to-date: /home/rhobtor/PHD/ARGOJ8_IA/install/argj801_ctl_platform_interfaces/share/argj801_ctl_platform_interfaces/cmake/rosidl_cmake-extras.cmake
[0.622s] -- Up-to-date: /home/rhobtor/PHD/ARGOJ8_IA/install/argj801_ctl_platform_interfaces/share/argj801_ctl_platform_interfaces/cmake/ament_cmake_export_include_directories-extras.cmake
[0.622s] -- Up-to-date: /home/rhobtor/PHD/ARGOJ8_IA/install/argj801_ctl_platform_interfaces/share/argj801_ctl_platform_interfaces/cmake/ament_cmake_export_libraries-extras.cmake
[0.623s] -- Up-to-date: /home/rhobtor/PHD/ARGOJ8_IA/install/argj801_ctl_platform_interfaces/share/argj801_ctl_platform_interfaces/cmake/ament_cmake_export_targets-extras.cmake
[0.623s] -- Up-to-date: /home/rhobtor/PHD/ARGOJ8_IA/install/argj801_ctl_platform_interfaces/share/argj801_ctl_platform_interfaces/cmake/rosidl_cmake_export_typesupport_targets-extras.cmake
[0.624s] -- Up-to-date: /home/rhobtor/PHD/ARGOJ8_IA/install/argj801_ctl_platform_interfaces/share/argj801_ctl_platform_interfaces/cmake/ament_cmake_export_dependencies-extras.cmake
[0.625s] -- Up-to-date: /home/rhobtor/PHD/ARGOJ8_IA/install/argj801_ctl_platform_interfaces/share/argj801_ctl_platform_interfaces/cmake/rosidl_cmake_export_typesupport_libraries-extras.cmake
[0.625s] -- Up-to-date: /home/rhobtor/PHD/ARGOJ8_IA/install/argj801_ctl_platform_interfaces/share/argj801_ctl_platform_interfaces/cmake/argj801_ctl_platform_interfacesConfig.cmake
[0.625s] -- Up-to-date: /home/rhobtor/PHD/ARGOJ8_IA/install/argj801_ctl_platform_interfaces/share/argj801_ctl_platform_interfaces/cmake/argj801_ctl_platform_interfacesConfig-version.cmake
[0.625s] -- Up-to-date: /home/rhobtor/PHD/ARGOJ8_IA/install/argj801_ctl_platform_interfaces/share/argj801_ctl_platform_interfaces/package.xml
[0.688s] Invoked command in '/home/rhobtor/PHD/ARGOJ8_IA/build/argj801_ctl_platform_interfaces' returned '0': CMAKE_PREFIX_PATH=${CMAKE_PREFIX_PATH}:/home/rhobtor/PHD/ARGOJ8_IA/install/car:/home/rhobtor/PHD/reactive/Reactive-Navegation/workspace_full_conected/install/car:/opt/ros/humble /opt/st/stm32cubeclt_1.18.0/CMake/bin/cmake --install /home/rhobtor/PHD/ARGOJ8_IA/build/argj801_ctl_platform_interfaces
