[0.078s] Invoking command in '/home/rhobtor/PHD/ARGOJ8_IA/build/car_interfaces': CMAKE_PREFIX_PATH=${CMAKE_PREFIX_PATH}:/home/rhobtor/PHD/ARGOJ8_IA/install/car:/home/rhobtor/PHD/reactive/Reactive-Navegation/workspace_full_conected/install/car:/opt/ros/humble /opt/st/stm32cubeclt_1.18.0/CMake/bin/cmake --build /home/rhobtor/PHD/ARGOJ8_IA/build/car_interfaces -- -j16 -l16
[0.123s] [  3%] Built target car_interfaces__cpp
[0.123s] [  3%] Built target ament_cmake_python_symlink_car_interfaces
[0.131s] [ 12%] Built target car_interfaces__rosidl_generator_c
[0.153s] [ 22%] Built target car_interfaces__rosidl_typesupport_fastrtps_cpp
[0.166s] [ 32%] Built target car_interfaces__rosidl_typesupport_introspection_cpp
[0.173s] [ 41%] Built target car_interfaces__rosidl_typesupport_fastrtps_c
[0.175s] [ 51%] Built target car_interfaces__rosidl_typesupport_cpp
[0.195s] [ 61%] Built target car_interfaces__rosidl_typesupport_introspection_c
[0.201s] [ 70%] Built target car_interfaces__rosidl_typesupport_c
[0.228s] [ 70%] Built target car_interfaces
[0.260s] [ 74%] Built target car_interfaces__py
[0.286s] [ 80%] Built target car_interfaces__rosidl_generator_py
[0.314s] [ 87%] Built target car_interfaces__rosidl_typesupport_introspection_c__pyext
[0.316s] [ 93%] Built target car_interfaces__rosidl_typesupport_fastrtps_c__pyext
[0.316s] [100%] Built target car_interfaces__rosidl_typesupport_c__pyext
[0.501s] running egg_info
[0.504s] writing car_interfaces.egg-info/PKG-INFO
[0.505s] writing dependency_links to car_interfaces.egg-info/dependency_links.txt
[0.506s] writing top-level names to car_interfaces.egg-info/top_level.txt
[0.517s] reading manifest file 'car_interfaces.egg-info/SOURCES.txt'
[0.520s] writing manifest file 'car_interfaces.egg-info/SOURCES.txt'
[0.600s] [100%] Built target ament_cmake_python_build_car_interfaces_egg
[0.606s] Invoked command in '/home/rhobtor/PHD/ARGOJ8_IA/build/car_interfaces' returned '0': CMAKE_PREFIX_PATH=${CMAKE_PREFIX_PATH}:/home/rhobtor/PHD/ARGOJ8_IA/install/car:/home/rhobtor/PHD/reactive/Reactive-Navegation/workspace_full_conected/install/car:/opt/ros/humble /opt/st/stm32cubeclt_1.18.0/CMake/bin/cmake --build /home/rhobtor/PHD/ARGOJ8_IA/build/car_interfaces -- -j16 -l16
[0.610s] Invoking command in '/home/rhobtor/PHD/ARGOJ8_IA/build/car_interfaces': CMAKE_PREFIX_PATH=${CMAKE_PREFIX_PATH}:/home/rhobtor/PHD/ARGOJ8_IA/install/car:/home/rhobtor/PHD/reactive/Reactive-Navegation/workspace_full_conected/install/car:/opt/ros/humble /opt/st/stm32cubeclt_1.18.0/CMake/bin/cmake --install /home/rhobtor/PHD/ARGOJ8_IA/build/car_interfaces
[0.615s] -- Install configuration: ""
[0.616s] -- Execute custom install script
[0.616s] -- Up-to-date symlink: /home/rhobtor/PHD/ARGOJ8_IA/install/car_interfaces/share/ament_index/resource_index/rosidl_interfaces/car_interfaces
[0.616s] -- Up-to-date symlink: /home/rhobtor/PHD/ARGOJ8_IA/install/car_interfaces/include/car_interfaces/car_interfaces/msg/detail/graph__functions.h
[0.617s] -- Up-to-date symlink: /home/rhobtor/PHD/ARGOJ8_IA/install/car_interfaces/include/car_interfaces/car_interfaces/msg/detail/graph__struct.h
[0.617s] -- Up-to-date symlink: /home/rhobtor/PHD/ARGOJ8_IA/install/car_interfaces/include/car_interfaces/car_interfaces/msg/detail/graph__type_support.h
[0.617s] -- Up-to-date symlink: /home/rhobtor/PHD/ARGOJ8_IA/install/car_interfaces/include/car_interfaces/car_interfaces/msg/graph.h
[0.617s] -- Up-to-date symlink: /home/rhobtor/PHD/ARGOJ8_IA/install/car_interfaces/include/car_interfaces/car_interfaces/msg/rosidl_generator_c__visibility_control.h
[0.617s] -- Up-to-date symlink: /home/rhobtor/PHD/ARGOJ8_IA/install/car_interfaces/share/car_interfaces/environment/library_path.sh
[0.617s] -- Up-to-date symlink: /home/rhobtor/PHD/ARGOJ8_IA/install/car_interfaces/share/car_interfaces/environment/library_path.dsv
[0.617s] -- Up-to-date symlink: /home/rhobtor/PHD/ARGOJ8_IA/install/car_interfaces/include/car_interfaces/car_interfaces/msg/detail/graph__rosidl_typesupport_fastrtps_c.h
[0.617s] -- Up-to-date symlink: /home/rhobtor/PHD/ARGOJ8_IA/install/car_interfaces/include/car_interfaces/car_interfaces/msg/rosidl_typesupport_fastrtps_c__visibility_control.h
[0.617s] -- Up-to-date symlink: /home/rhobtor/PHD/ARGOJ8_IA/install/car_interfaces/include/car_interfaces/car_interfaces/msg/detail/graph__builder.hpp
[0.617s] -- Up-to-date symlink: /home/rhobtor/PHD/ARGOJ8_IA/install/car_interfaces/include/car_interfaces/car_interfaces/msg/detail/graph__struct.hpp
[0.617s] -- Up-to-date symlink: /home/rhobtor/PHD/ARGOJ8_IA/install/car_interfaces/include/car_interfaces/car_interfaces/msg/detail/graph__traits.hpp
[0.618s] -- Up-to-date symlink: /home/rhobtor/PHD/ARGOJ8_IA/install/car_interfaces/include/car_interfaces/car_interfaces/msg/detail/graph__type_support.hpp
[0.618s] -- Up-to-date symlink: /home/rhobtor/PHD/ARGOJ8_IA/install/car_interfaces/include/car_interfaces/car_interfaces/msg/graph.hpp
[0.618s] -- Up-to-date symlink: /home/rhobtor/PHD/ARGOJ8_IA/install/car_interfaces/include/car_interfaces/car_interfaces/msg/rosidl_generator_cpp__visibility_control.hpp
[0.618s] -- Up-to-date symlink: /home/rhobtor/PHD/ARGOJ8_IA/install/car_interfaces/include/car_interfaces/car_interfaces/msg/detail/graph__rosidl_typesupport_fastrtps_cpp.hpp
[0.618s] -- Up-to-date symlink: /home/rhobtor/PHD/ARGOJ8_IA/install/car_interfaces/include/car_interfaces/car_interfaces/msg/rosidl_typesupport_fastrtps_cpp__visibility_control.h
[0.619s] -- Up-to-date symlink: /home/rhobtor/PHD/ARGOJ8_IA/install/car_interfaces/include/car_interfaces/car_interfaces/msg/detail/graph__rosidl_typesupport_introspection_c.h
[0.619s] -- Up-to-date symlink: /home/rhobtor/PHD/ARGOJ8_IA/install/car_interfaces/include/car_interfaces/car_interfaces/msg/rosidl_typesupport_introspection_c__visibility_control.h
[0.619s] -- Up-to-date symlink: /home/rhobtor/PHD/ARGOJ8_IA/install/car_interfaces/include/car_interfaces/car_interfaces/msg/detail/graph__rosidl_typesupport_introspection_cpp.hpp
[0.619s] -- Up-to-date symlink: /home/rhobtor/PHD/ARGOJ8_IA/install/car_interfaces/share/car_interfaces/environment/pythonpath.sh
[0.619s] -- Up-to-date symlink: /home/rhobtor/PHD/ARGOJ8_IA/install/car_interfaces/share/car_interfaces/environment/pythonpath.dsv
[0.620s] -- Up-to-date symlink: /home/rhobtor/PHD/ARGOJ8_IA/install/car_interfaces/local/lib/python3.10/dist-packages/car_interfaces-0.0.0-py3.10.egg-info/PKG-INFO
[0.620s] -- Up-to-date symlink: /home/rhobtor/PHD/ARGOJ8_IA/install/car_interfaces/local/lib/python3.10/dist-packages/car_interfaces-0.0.0-py3.10.egg-info/SOURCES.txt
[0.620s] -- Up-to-date symlink: /home/rhobtor/PHD/ARGOJ8_IA/install/car_interfaces/local/lib/python3.10/dist-packages/car_interfaces-0.0.0-py3.10.egg-info/dependency_links.txt
[0.620s] -- Up-to-date symlink: /home/rhobtor/PHD/ARGOJ8_IA/install/car_interfaces/local/lib/python3.10/dist-packages/car_interfaces-0.0.0-py3.10.egg-info/top_level.txt
[0.620s] -- Up-to-date symlink: /home/rhobtor/PHD/ARGOJ8_IA/install/car_interfaces/local/lib/python3.10/dist-packages/car_interfaces/__init__.py
[0.621s] -- Up-to-date symlink: /home/rhobtor/PHD/ARGOJ8_IA/install/car_interfaces/local/lib/python3.10/dist-packages/car_interfaces/_car_interfaces_s.ep.rosidl_typesupport_c.c
[0.621s] -- Up-to-date symlink: /home/rhobtor/PHD/ARGOJ8_IA/install/car_interfaces/local/lib/python3.10/dist-packages/car_interfaces/_car_interfaces_s.ep.rosidl_typesupport_fastrtps_c.c
[0.621s] -- Up-to-date symlink: /home/rhobtor/PHD/ARGOJ8_IA/install/car_interfaces/local/lib/python3.10/dist-packages/car_interfaces/_car_interfaces_s.ep.rosidl_typesupport_introspection_c.c
[0.621s] -- Up-to-date symlink: /home/rhobtor/PHD/ARGOJ8_IA/install/car_interfaces/local/lib/python3.10/dist-packages/car_interfaces/car_interfaces_s__rosidl_typesupport_c.cpython-310-x86_64-linux-gnu.so
[0.621s] -- Up-to-date symlink: /home/rhobtor/PHD/ARGOJ8_IA/install/car_interfaces/local/lib/python3.10/dist-packages/car_interfaces/car_interfaces_s__rosidl_typesupport_fastrtps_c.cpython-310-x86_64-linux-gnu.so
[0.622s] -- Up-to-date symlink: /home/rhobtor/PHD/ARGOJ8_IA/install/car_interfaces/local/lib/python3.10/dist-packages/car_interfaces/car_interfaces_s__rosidl_typesupport_introspection_c.cpython-310-x86_64-linux-gnu.so
[0.622s] -- Up-to-date symlink: /home/rhobtor/PHD/ARGOJ8_IA/install/car_interfaces/local/lib/python3.10/dist-packages/car_interfaces/libcar_interfaces__rosidl_generator_py.so
[0.622s] -- Up-to-date symlink: /home/rhobtor/PHD/ARGOJ8_IA/install/car_interfaces/local/lib/python3.10/dist-packages/car_interfaces/msg/__init__.py
[0.622s] -- Up-to-date symlink: /home/rhobtor/PHD/ARGOJ8_IA/install/car_interfaces/local/lib/python3.10/dist-packages/car_interfaces/msg/_graph.py
[0.622s] -- Up-to-date symlink: /home/rhobtor/PHD/ARGOJ8_IA/install/car_interfaces/local/lib/python3.10/dist-packages/car_interfaces/msg/_graph_s.c
[0.623s] -- Up-to-date symlink: /home/rhobtor/PHD/ARGOJ8_IA/install/car_interfaces/local/lib/python3.10/dist-packages/car_interfaces/car_interfaces_s__rosidl_typesupport_fastrtps_c.cpython-310-x86_64-linux-gnu.so
[0.623s] -- Up-to-date symlink: /home/rhobtor/PHD/ARGOJ8_IA/install/car_interfaces/local/lib/python3.10/dist-packages/car_interfaces/car_interfaces_s__rosidl_typesupport_introspection_c.cpython-310-x86_64-linux-gnu.so
[0.624s] -- Up-to-date symlink: /home/rhobtor/PHD/ARGOJ8_IA/install/car_interfaces/local/lib/python3.10/dist-packages/car_interfaces/car_interfaces_s__rosidl_typesupport_c.cpython-310-x86_64-linux-gnu.so
[0.624s] -- Up-to-date symlink: /home/rhobtor/PHD/ARGOJ8_IA/install/car_interfaces/share/car_interfaces/msg/Graph.idl
[0.624s] -- Up-to-date symlink: /home/rhobtor/PHD/ARGOJ8_IA/install/car_interfaces/share/car_interfaces/msg/Graph.msg
[0.624s] -- Up-to-date symlink: /home/rhobtor/PHD/ARGOJ8_IA/install/car_interfaces/share/ament_index/resource_index/package_run_dependencies/car_interfaces
[0.624s] -- Up-to-date symlink: /home/rhobtor/PHD/ARGOJ8_IA/install/car_interfaces/share/ament_index/resource_index/parent_prefix_path/car_interfaces
[0.625s] -- Up-to-date symlink: /home/rhobtor/PHD/ARGOJ8_IA/install/car_interfaces/share/car_interfaces/environment/ament_prefix_path.sh
[0.625s] -- Up-to-date symlink: /home/rhobtor/PHD/ARGOJ8_IA/install/car_interfaces/share/car_interfaces/environment/ament_prefix_path.dsv
[0.625s] -- Up-to-date symlink: /home/rhobtor/PHD/ARGOJ8_IA/install/car_interfaces/share/car_interfaces/environment/path.sh
[0.625s] -- Up-to-date symlink: /home/rhobtor/PHD/ARGOJ8_IA/install/car_interfaces/share/car_interfaces/environment/path.dsv
[0.625s] -- Up-to-date symlink: /home/rhobtor/PHD/ARGOJ8_IA/install/car_interfaces/share/car_interfaces/local_setup.bash
[0.625s] -- Up-to-date symlink: /home/rhobtor/PHD/ARGOJ8_IA/install/car_interfaces/share/car_interfaces/local_setup.sh
[0.625s] -- Up-to-date symlink: /home/rhobtor/PHD/ARGOJ8_IA/install/car_interfaces/share/car_interfaces/local_setup.zsh
[0.626s] -- Up-to-date symlink: /home/rhobtor/PHD/ARGOJ8_IA/install/car_interfaces/share/car_interfaces/local_setup.dsv
[0.626s] -- Symlinking: /home/rhobtor/PHD/ARGOJ8_IA/install/car_interfaces/share/car_interfaces/package.dsv
[0.628s] -- Up-to-date symlink: /home/rhobtor/PHD/ARGOJ8_IA/install/car_interfaces/share/ament_index/resource_index/packages/car_interfaces
[0.628s] -- Up-to-date symlink: /home/rhobtor/PHD/ARGOJ8_IA/install/car_interfaces/share/car_interfaces/cmake/rosidl_cmake-extras.cmake
[0.628s] -- Up-to-date symlink: /home/rhobtor/PHD/ARGOJ8_IA/install/car_interfaces/share/car_interfaces/cmake/ament_cmake_export_dependencies-extras.cmake
[0.629s] -- Up-to-date symlink: /home/rhobtor/PHD/ARGOJ8_IA/install/car_interfaces/share/car_interfaces/cmake/ament_cmake_export_include_directories-extras.cmake
[0.629s] -- Up-to-date symlink: /home/rhobtor/PHD/ARGOJ8_IA/install/car_interfaces/share/car_interfaces/cmake/ament_cmake_export_libraries-extras.cmake
[0.629s] -- Up-to-date symlink: /home/rhobtor/PHD/ARGOJ8_IA/install/car_interfaces/share/car_interfaces/cmake/ament_cmake_export_targets-extras.cmake
[0.629s] -- Up-to-date symlink: /home/rhobtor/PHD/ARGOJ8_IA/install/car_interfaces/share/car_interfaces/cmake/rosidl_cmake_export_typesupport_targets-extras.cmake
[0.629s] -- Up-to-date symlink: /home/rhobtor/PHD/ARGOJ8_IA/install/car_interfaces/share/car_interfaces/cmake/rosidl_cmake_export_typesupport_libraries-extras.cmake
[0.629s] -- Up-to-date symlink: /home/rhobtor/PHD/ARGOJ8_IA/install/car_interfaces/share/car_interfaces/cmake/car_interfacesConfig.cmake
[0.629s] -- Up-to-date symlink: /home/rhobtor/PHD/ARGOJ8_IA/install/car_interfaces/share/car_interfaces/cmake/car_interfacesConfig-version.cmake
[0.630s] -- Up-to-date symlink: /home/rhobtor/PHD/ARGOJ8_IA/install/car_interfaces/share/car_interfaces/package.xml
[0.630s] -- Up-to-date: /home/rhobtor/PHD/ARGOJ8_IA/install/car_interfaces/lib/libcar_interfaces__rosidl_generator_c.so
[0.632s] -- Up-to-date: /home/rhobtor/PHD/ARGOJ8_IA/install/car_interfaces/lib/libcar_interfaces__rosidl_typesupport_fastrtps_c.so
[0.632s] -- Up-to-date: /home/rhobtor/PHD/ARGOJ8_IA/install/car_interfaces/lib/libcar_interfaces__rosidl_typesupport_fastrtps_cpp.so
[0.632s] -- Up-to-date: /home/rhobtor/PHD/ARGOJ8_IA/install/car_interfaces/lib/libcar_interfaces__rosidl_typesupport_introspection_c.so
[0.632s] -- Up-to-date: /home/rhobtor/PHD/ARGOJ8_IA/install/car_interfaces/lib/libcar_interfaces__rosidl_typesupport_c.so
[0.632s] -- Up-to-date: /home/rhobtor/PHD/ARGOJ8_IA/install/car_interfaces/lib/libcar_interfaces__rosidl_typesupport_introspection_cpp.so
[0.632s] -- Up-to-date: /home/rhobtor/PHD/ARGOJ8_IA/install/car_interfaces/lib/libcar_interfaces__rosidl_typesupport_cpp.so
[0.685s] Listing '/home/rhobtor/PHD/ARGOJ8_IA/install/car_interfaces/local/lib/python3.10/dist-packages/car_interfaces'...
[0.685s] Listing '/home/rhobtor/PHD/ARGOJ8_IA/install/car_interfaces/local/lib/python3.10/dist-packages/car_interfaces/msg'...
[0.691s] -- Up-to-date: /home/rhobtor/PHD/ARGOJ8_IA/install/car_interfaces/lib/libcar_interfaces__rosidl_generator_py.so
[0.692s] -- Up-to-date: /home/rhobtor/PHD/ARGOJ8_IA/install/car_interfaces/share/car_interfaces/cmake/export_car_interfaces__rosidl_generator_cExport.cmake
[0.693s] -- Up-to-date: /home/rhobtor/PHD/ARGOJ8_IA/install/car_interfaces/share/car_interfaces/cmake/export_car_interfaces__rosidl_generator_cExport-noconfig.cmake
[0.693s] -- Up-to-date: /home/rhobtor/PHD/ARGOJ8_IA/install/car_interfaces/share/car_interfaces/cmake/export_car_interfaces__rosidl_typesupport_fastrtps_cExport.cmake
[0.693s] -- Up-to-date: /home/rhobtor/PHD/ARGOJ8_IA/install/car_interfaces/share/car_interfaces/cmake/export_car_interfaces__rosidl_typesupport_fastrtps_cExport-noconfig.cmake
[0.693s] -- Up-to-date: /home/rhobtor/PHD/ARGOJ8_IA/install/car_interfaces/share/car_interfaces/cmake/export_car_interfaces__rosidl_generator_cppExport.cmake
[0.693s] -- Up-to-date: /home/rhobtor/PHD/ARGOJ8_IA/install/car_interfaces/share/car_interfaces/cmake/export_car_interfaces__rosidl_typesupport_fastrtps_cppExport.cmake
[0.693s] -- Up-to-date: /home/rhobtor/PHD/ARGOJ8_IA/install/car_interfaces/share/car_interfaces/cmake/export_car_interfaces__rosidl_typesupport_fastrtps_cppExport-noconfig.cmake
[0.693s] -- Up-to-date: /home/rhobtor/PHD/ARGOJ8_IA/install/car_interfaces/share/car_interfaces/cmake/car_interfaces__rosidl_typesupport_introspection_cExport.cmake
[0.693s] -- Up-to-date: /home/rhobtor/PHD/ARGOJ8_IA/install/car_interfaces/share/car_interfaces/cmake/car_interfaces__rosidl_typesupport_introspection_cExport-noconfig.cmake
[0.693s] -- Up-to-date: /home/rhobtor/PHD/ARGOJ8_IA/install/car_interfaces/share/car_interfaces/cmake/car_interfaces__rosidl_typesupport_cExport.cmake
[0.693s] -- Up-to-date: /home/rhobtor/PHD/ARGOJ8_IA/install/car_interfaces/share/car_interfaces/cmake/car_interfaces__rosidl_typesupport_cExport-noconfig.cmake
[0.693s] -- Up-to-date: /home/rhobtor/PHD/ARGOJ8_IA/install/car_interfaces/share/car_interfaces/cmake/car_interfaces__rosidl_typesupport_introspection_cppExport.cmake
[0.694s] -- Up-to-date: /home/rhobtor/PHD/ARGOJ8_IA/install/car_interfaces/share/car_interfaces/cmake/car_interfaces__rosidl_typesupport_introspection_cppExport-noconfig.cmake
[0.694s] -- Up-to-date: /home/rhobtor/PHD/ARGOJ8_IA/install/car_interfaces/share/car_interfaces/cmake/car_interfaces__rosidl_typesupport_cppExport.cmake
[0.694s] -- Up-to-date: /home/rhobtor/PHD/ARGOJ8_IA/install/car_interfaces/share/car_interfaces/cmake/car_interfaces__rosidl_typesupport_cppExport-noconfig.cmake
[0.694s] -- Up-to-date: /home/rhobtor/PHD/ARGOJ8_IA/install/car_interfaces/share/car_interfaces/cmake/export_car_interfaces__rosidl_generator_pyExport.cmake
[0.694s] -- Up-to-date: /home/rhobtor/PHD/ARGOJ8_IA/install/car_interfaces/share/car_interfaces/cmake/export_car_interfaces__rosidl_generator_pyExport-noconfig.cmake
[0.705s] Invoked command in '/home/rhobtor/PHD/ARGOJ8_IA/build/car_interfaces' returned '0': CMAKE_PREFIX_PATH=${CMAKE_PREFIX_PATH}:/home/rhobtor/PHD/ARGOJ8_IA/install/car:/home/rhobtor/PHD/reactive/Reactive-Navegation/workspace_full_conected/install/car:/opt/ros/humble /opt/st/stm32cubeclt_1.18.0/CMake/bin/cmake --install /home/rhobtor/PHD/ARGOJ8_IA/build/car_interfaces
