[0.722s] Invoking command in '/home/rhobtor/PHD/ARGOJ8_IA/build/argj801_setup': CMAKE_PREFIX_PATH=${CMAKE_PREFIX_PATH}:/home/rhobtor/PHD/reactive/Reactive-Navegation/workspace_full_conected/install/car:/opt/ros/humble /opt/st/stm32cubeclt_1.18.0/CMake/bin/cmake --build /home/rhobtor/PHD/ARGOJ8_IA/build/argj801_setup -- -j16 -l16
[0.783s] Invoked command in '/home/rhobtor/PHD/ARGOJ8_IA/build/argj801_setup' returned '0': CMAKE_PREFIX_PATH=${CMAKE_PREFIX_PATH}:/home/rhobtor/PHD/reactive/Reactive-Navegation/workspace_full_conected/install/car:/opt/ros/humble /opt/st/stm32cubeclt_1.18.0/CMake/bin/cmake --build /home/rhobtor/PHD/ARGOJ8_IA/build/argj801_setup -- -j16 -l16
[0.855s] Invoking command in '/home/rhobtor/PHD/ARGOJ8_IA/build/argj801_setup': CMAKE_PREFIX_PATH=${CMAKE_PREFIX_PATH}:/home/rhobtor/PHD/reactive/Reactive-Navegation/workspace_full_conected/install/car:/opt/ros/humble /opt/st/stm32cubeclt_1.18.0/CMake/bin/cmake --install /home/rhobtor/PHD/ARGOJ8_IA/build/argj801_setup
[0.909s] -- Install configuration: ""
[0.909s] -- Up-to-date: /home/rhobtor/PHD/ARGOJ8_IA/install/argj801_setup/share/argj801_setup//launch
[0.909s] -- Up-to-date: /home/rhobtor/PHD/ARGOJ8_IA/install/argj801_setup/share/argj801_setup//launch/README.md
[0.910s] -- Up-to-date: /home/rhobtor/PHD/ARGOJ8_IA/install/argj801_setup/share/argj801_setup//launch/J8_launch.py
[0.910s] -- Up-to-date: /home/rhobtor/PHD/ARGOJ8_IA/install/argj801_setup/share/argj801_setup//config
[0.910s] -- Up-to-date: /home/rhobtor/PHD/ARGOJ8_IA/install/argj801_setup/share/argj801_setup//config/README.md
[0.910s] -- Up-to-date: /home/rhobtor/PHD/ARGOJ8_IA/install/argj801_setup/share/argj801_setup//config/J8_params.yaml
[0.910s] -- Up-to-date: /home/rhobtor/PHD/ARGOJ8_IA/install/argj801_setup/share/ament_index/resource_index/package_run_dependencies/argj801_setup
[0.910s] -- Up-to-date: /home/rhobtor/PHD/ARGOJ8_IA/install/argj801_setup/share/ament_index/resource_index/parent_prefix_path/argj801_setup
[0.910s] -- Up-to-date: /home/rhobtor/PHD/ARGOJ8_IA/install/argj801_setup/share/argj801_setup/environment/ament_prefix_path.sh
[0.910s] -- Up-to-date: /home/rhobtor/PHD/ARGOJ8_IA/install/argj801_setup/share/argj801_setup/environment/ament_prefix_path.dsv
[0.910s] -- Up-to-date: /home/rhobtor/PHD/ARGOJ8_IA/install/argj801_setup/share/argj801_setup/environment/path.sh
[0.910s] -- Up-to-date: /home/rhobtor/PHD/ARGOJ8_IA/install/argj801_setup/share/argj801_setup/environment/path.dsv
[0.910s] -- Up-to-date: /home/rhobtor/PHD/ARGOJ8_IA/install/argj801_setup/share/argj801_setup/local_setup.bash
[0.910s] -- Up-to-date: /home/rhobtor/PHD/ARGOJ8_IA/install/argj801_setup/share/argj801_setup/local_setup.sh
[0.910s] -- Up-to-date: /home/rhobtor/PHD/ARGOJ8_IA/install/argj801_setup/share/argj801_setup/local_setup.zsh
[0.910s] -- Up-to-date: /home/rhobtor/PHD/ARGOJ8_IA/install/argj801_setup/share/argj801_setup/local_setup.dsv
[0.910s] -- Installing: /home/rhobtor/PHD/ARGOJ8_IA/install/argj801_setup/share/argj801_setup/package.dsv
[0.910s] -- Up-to-date: /home/rhobtor/PHD/ARGOJ8_IA/install/argj801_setup/share/ament_index/resource_index/packages/argj801_setup
[0.910s] -- Up-to-date: /home/rhobtor/PHD/ARGOJ8_IA/install/argj801_setup/share/argj801_setup/cmake/argj801_setupConfig.cmake
[0.910s] -- Up-to-date: /home/rhobtor/PHD/ARGOJ8_IA/install/argj801_setup/share/argj801_setup/cmake/argj801_setupConfig-version.cmake
[0.910s] -- Up-to-date: /home/rhobtor/PHD/ARGOJ8_IA/install/argj801_setup/share/argj801_setup/package.xml
[1.001s] Invoked command in '/home/rhobtor/PHD/ARGOJ8_IA/build/argj801_setup' returned '0': CMAKE_PREFIX_PATH=${CMAKE_PREFIX_PATH}:/home/rhobtor/PHD/reactive/Reactive-Navegation/workspace_full_conected/install/car:/opt/ros/humble /opt/st/stm32cubeclt_1.18.0/CMake/bin/cmake --install /home/rhobtor/PHD/ARGOJ8_IA/build/argj801_setup
