[1.000s] Invoking command in '/home/rhobtor/PHD/ARGOJ8_IA/src/car_python': CMAKE_PREFIX_PATH=/home/rhobtor/PHD/ARGOJ8_IA/install/car_interfaces:/home/rhobtor/PHD/ARGOJ8_IA/install/octomap_mapping:/home/rhobtor/PHD/ARGOJ8_IA/install/octomap_server:/home/rhobtor/PHD/ARGOJ8_IA/install/octomap_rviz_plugins:/home/rhobtor/PHD/ARGOJ8_IA/install/j8_xacro_model:/home/rhobtor/PHD/ARGOJ8_IA/install/hector_gazebo_plugins:/home/rhobtor/PHD/ARGOJ8_IA/install/fixposition_sensor_pkg:/home/rhobtor/PHD/ARGOJ8_IA/install/car_cpp:/home/rhobtor/PHD/ARGOJ8_IA/install/argj801_ctl_platform:/home/rhobtor/PHD/ARGOJ8_IA/install/argj801_ctl_platform_interfaces:/home/rhobtor/packages/install/grid_map:/home/rhobtor/packages/install/grid_map_demos:/home/rhobtor/packages/install/grid_map_visualization:/home/rhobtor/packages/install/grid_map_sdf:/home/rhobtor/packages/install/grid_map_rviz_plugin:/home/rhobtor/packages/install/grid_map_pcl:/home/rhobtor/packages/install/grid_map_loader:/home/rhobtor/packages/install/grid_map_filters:/home/rhobtor/packages/install/grid_map_ros:/home/rhobtor/packages/install/grid_map_octomap:/home/rhobtor/packages/install/grid_map_msgs:/home/rhobtor/packages/install/grid_map_cv:/home/rhobtor/packages/install/grid_map_costmap_2d:/home/rhobtor/packages/install/grid_map_core:/home/rhobtor/packages/install/grid_map_cmake_helpers:/home/rhobtor/PHD/reactive/Reactive-Navegation/workspace_full_conected/install/octomap_mapping:/home/rhobtor/PHD/reactive/Reactive-Navegation/workspace_full_conected/install/octomap_server:/home/rhobtor/PHD/reactive/Reactive-Navegation/workspace_full_conected/install/octomap_rviz_plugins:/home/rhobtor/PHD/reactive/Reactive-Navegation/workspace_full_conected/install/hector_gazebo_plugins:/home/rhobtor/PHD/reactive/Reactive-Navegation/workspace_full_conected/install/car_cpp:/home/rhobtor/PHD/reactive/Reactive-Navegation/workspace_full_conected/install/car_interfaces LD_LIBRARY_PATH=/home/rhobtor/PHD/ARGOJ8_IA/install/car_interfaces/lib:/home/rhobtor/PHD/ARGOJ8_IA/install/octomap_server/lib:/home/rhobtor/PHD/ARGOJ8_IA/install/octomap_rviz_plugins/lib:/home/rhobtor/PHD/ARGOJ8_IA/install/j8_xacro_model/lib:/home/rhobtor/PHD/ARGOJ8_IA/install/hector_gazebo_plugins/lib:/home/rhobtor/PHD/ARGOJ8_IA/install/fixposition_sensor_pkg/lib:/home/rhobtor/PHD/ARGOJ8_IA/install/car_cpp/lib:/home/rhobtor/PHD/ARGOJ8_IA/install/argj801_ctl_platform_interfaces/lib:/home/rhobtor/packages/install/grid_map_demos/lib:/home/rhobtor/packages/install/grid_map_visualization/lib:/home/rhobtor/packages/install/grid_map_sdf/lib:/home/rhobtor/packages/install/grid_map_rviz_plugin/lib:/home/rhobtor/packages/install/grid_map_pcl/lib:/home/rhobtor/packages/install/grid_map_loader/lib:/home/rhobtor/packages/install/grid_map_filters/lib:/home/rhobtor/packages/install/grid_map_ros/lib:/home/rhobtor/packages/install/grid_map_octomap/lib:/home/rhobtor/packages/install/grid_map_msgs/lib:/home/rhobtor/packages/install/grid_map_cv/lib:/home/rhobtor/packages/install/grid_map_costmap_2d/lib:/home/rhobtor/packages/install/grid_map_core/lib:/home/rhobtor/PHD/reactive/Reactive-Navegation/workspace_full_conected/install/octomap_server/lib:/home/rhobtor/PHD/reactive/Reactive-Navegation/workspace_full_conected/install/octomap_rviz_plugins/lib:/home/rhobtor/PHD/reactive/Reactive-Navegation/workspace_full_conected/install/hector_gazebo_plugins/lib:/home/rhobtor/PHD/reactive/Reactive-Navegation/workspace_full_conected/install/car_cpp/lib:/home/rhobtor/PHD/reactive/Reactive-Navegation/workspace_full_conected/install/car_interfaces/lib:/usr/lib/x86_64-linux-gnu/gazebo-11/plugins:/opt/ros/humble/opt/rviz_ogre_vendor/lib:/opt/ros/humble/lib/x86_64-linux-gnu:/opt/ros/humble/lib PYTHONPATH=/home/rhobtor/PHD/ARGOJ8_IA/build/car/prefix_override:/usr/lib/python3/dist-packages/colcon_core/task/python/colcon_distutils_commands:/home/rhobtor/PHD/ARGOJ8_IA/install/car/lib/python3.10/site-packages:${PYTHONPATH} /usr/bin/python3 -W ignore:setup.py install is deprecated -W ignore:easy_install command is deprecated setup.py egg_info --egg-base ../../build/car build --build-base /home/rhobtor/PHD/ARGOJ8_IA/build/car/build install --record /home/rhobtor/PHD/ARGOJ8_IA/build/car/install.log --single-version-externally-managed install_data
[1.356s] running egg_info
[1.358s] writing ../../build/car/car.egg-info/PKG-INFO
[1.358s] writing dependency_links to ../../build/car/car.egg-info/dependency_links.txt
[1.359s] writing entry points to ../../build/car/car.egg-info/entry_points.txt
[1.360s] writing requirements to ../../build/car/car.egg-info/requires.txt
[1.361s] writing top-level names to ../../build/car/car.egg-info/top_level.txt
[1.365s] reading manifest file '../../build/car/car.egg-info/SOURCES.txt'
[1.367s] writing manifest file '../../build/car/car.egg-info/SOURCES.txt'
[1.368s] running build
[1.369s] running build_py
[1.370s] copying car/j8_test_ppo.py -> /home/rhobtor/PHD/ARGOJ8_IA/build/car/build/lib/car
[1.370s] running install
[1.371s] running install_lib
[1.371s] copying /home/rhobtor/PHD/ARGOJ8_IA/build/car/build/lib/car/j8_test_ppo.py -> /home/rhobtor/PHD/ARGOJ8_IA/install/car/lib/python3.10/site-packages/car
[1.372s] byte-compiling /home/rhobtor/PHD/ARGOJ8_IA/install/car/lib/python3.10/site-packages/car/j8_test_ppo.py to j8_test_ppo.cpython-310.pyc
[1.374s] running install_data
[1.376s] running install_egg_info
[1.378s] removing '/home/rhobtor/PHD/ARGOJ8_IA/install/car/lib/python3.10/site-packages/car-0.0.0-py3.10.egg-info' (and everything under it)
[1.379s] Copying ../../build/car/car.egg-info to /home/rhobtor/PHD/ARGOJ8_IA/install/car/lib/python3.10/site-packages/car-0.0.0-py3.10.egg-info
[1.379s] running install_scripts
[1.405s] Installing colision_zone script to /home/rhobtor/PHD/ARGOJ8_IA/install/car/lib/car
[1.405s] Installing filter_points_cloud script to /home/rhobtor/PHD/ARGOJ8_IA/install/car/lib/car
[1.405s] Installing frontier_centroid script to /home/rhobtor/PHD/ARGOJ8_IA/install/car/lib/car
[1.405s] Installing inference_full_model script to /home/rhobtor/PHD/ARGOJ8_IA/install/car/lib/car
[1.405s] Installing inference_training_mode_simple script to /home/rhobtor/PHD/ARGOJ8_IA/install/car/lib/car
[1.406s] Installing j8_test_ppo script to /home/rhobtor/PHD/ARGOJ8_IA/install/car/lib/car
[1.407s] Installing joystick_control script to /home/rhobtor/PHD/ARGOJ8_IA/install/car/lib/car
[1.407s] Installing keyboard_control script to /home/rhobtor/PHD/ARGOJ8_IA/install/car/lib/car
[1.407s] Installing lidar_detection script to /home/rhobtor/PHD/ARGOJ8_IA/install/car/lib/car
[1.407s] Installing map_navegation script to /home/rhobtor/PHD/ARGOJ8_IA/install/car/lib/car
[1.407s] Installing map_navegation_test script to /home/rhobtor/PHD/ARGOJ8_IA/install/car/lib/car
[1.407s] Installing memory_map script to /home/rhobtor/PHD/ARGOJ8_IA/install/car/lib/car
[1.407s] Installing movement_predictive script to /home/rhobtor/PHD/ARGOJ8_IA/install/car/lib/car
[1.407s] Installing path_ppo_cnn_lstm_full_model script to /home/rhobtor/PHD/ARGOJ8_IA/install/car/lib/car
[1.407s] Installing path_ppo_cnn_lstm_training_init_mode script to /home/rhobtor/PHD/ARGOJ8_IA/install/car/lib/car
[1.407s] Installing path_ppo_cnn_lstm_training_init_mode_j8 script to /home/rhobtor/PHD/ARGOJ8_IA/install/car/lib/car
[1.407s] Installing path_ppo_cnn_lstm_training_init_mode_simple script to /home/rhobtor/PHD/ARGOJ8_IA/install/car/lib/car
[1.407s] Installing points_goal script to /home/rhobtor/PHD/ARGOJ8_IA/install/car/lib/car
[1.407s] Installing points_goal_old script to /home/rhobtor/PHD/ARGOJ8_IA/install/car/lib/car
[1.408s] Installing supervisor_node script to /home/rhobtor/PHD/ARGOJ8_IA/install/car/lib/car
[1.408s] Installing test_octomap script to /home/rhobtor/PHD/ARGOJ8_IA/install/car/lib/car
[1.408s] Installing test_vel script to /home/rhobtor/PHD/ARGOJ8_IA/install/car/lib/car
[1.408s] writing list of installed files to '/home/rhobtor/PHD/ARGOJ8_IA/build/car/install.log'
[1.436s] Invoked command in '/home/rhobtor/PHD/ARGOJ8_IA/src/car_python' returned '0': CMAKE_PREFIX_PATH=/home/rhobtor/PHD/ARGOJ8_IA/install/car_interfaces:/home/rhobtor/PHD/ARGOJ8_IA/install/octomap_mapping:/home/rhobtor/PHD/ARGOJ8_IA/install/octomap_server:/home/rhobtor/PHD/ARGOJ8_IA/install/octomap_rviz_plugins:/home/rhobtor/PHD/ARGOJ8_IA/install/j8_xacro_model:/home/rhobtor/PHD/ARGOJ8_IA/install/hector_gazebo_plugins:/home/rhobtor/PHD/ARGOJ8_IA/install/fixposition_sensor_pkg:/home/rhobtor/PHD/ARGOJ8_IA/install/car_cpp:/home/rhobtor/PHD/ARGOJ8_IA/install/argj801_ctl_platform:/home/rhobtor/PHD/ARGOJ8_IA/install/argj801_ctl_platform_interfaces:/home/rhobtor/packages/install/grid_map:/home/rhobtor/packages/install/grid_map_demos:/home/rhobtor/packages/install/grid_map_visualization:/home/rhobtor/packages/install/grid_map_sdf:/home/rhobtor/packages/install/grid_map_rviz_plugin:/home/rhobtor/packages/install/grid_map_pcl:/home/rhobtor/packages/install/grid_map_loader:/home/rhobtor/packages/install/grid_map_filters:/home/rhobtor/packages/install/grid_map_ros:/home/rhobtor/packages/install/grid_map_octomap:/home/rhobtor/packages/install/grid_map_msgs:/home/rhobtor/packages/install/grid_map_cv:/home/rhobtor/packages/install/grid_map_costmap_2d:/home/rhobtor/packages/install/grid_map_core:/home/rhobtor/packages/install/grid_map_cmake_helpers:/home/rhobtor/PHD/reactive/Reactive-Navegation/workspace_full_conected/install/octomap_mapping:/home/rhobtor/PHD/reactive/Reactive-Navegation/workspace_full_conected/install/octomap_server:/home/rhobtor/PHD/reactive/Reactive-Navegation/workspace_full_conected/install/octomap_rviz_plugins:/home/rhobtor/PHD/reactive/Reactive-Navegation/workspace_full_conected/install/hector_gazebo_plugins:/home/rhobtor/PHD/reactive/Reactive-Navegation/workspace_full_conected/install/car_cpp:/home/rhobtor/PHD/reactive/Reactive-Navegation/workspace_full_conected/install/car_interfaces LD_LIBRARY_PATH=/home/rhobtor/PHD/ARGOJ8_IA/install/car_interfaces/lib:/home/rhobtor/PHD/ARGOJ8_IA/install/octomap_server/lib:/home/rhobtor/PHD/ARGOJ8_IA/install/octomap_rviz_plugins/lib:/home/rhobtor/PHD/ARGOJ8_IA/install/j8_xacro_model/lib:/home/rhobtor/PHD/ARGOJ8_IA/install/hector_gazebo_plugins/lib:/home/rhobtor/PHD/ARGOJ8_IA/install/fixposition_sensor_pkg/lib:/home/rhobtor/PHD/ARGOJ8_IA/install/car_cpp/lib:/home/rhobtor/PHD/ARGOJ8_IA/install/argj801_ctl_platform_interfaces/lib:/home/rhobtor/packages/install/grid_map_demos/lib:/home/rhobtor/packages/install/grid_map_visualization/lib:/home/rhobtor/packages/install/grid_map_sdf/lib:/home/rhobtor/packages/install/grid_map_rviz_plugin/lib:/home/rhobtor/packages/install/grid_map_pcl/lib:/home/rhobtor/packages/install/grid_map_loader/lib:/home/rhobtor/packages/install/grid_map_filters/lib:/home/rhobtor/packages/install/grid_map_ros/lib:/home/rhobtor/packages/install/grid_map_octomap/lib:/home/rhobtor/packages/install/grid_map_msgs/lib:/home/rhobtor/packages/install/grid_map_cv/lib:/home/rhobtor/packages/install/grid_map_costmap_2d/lib:/home/rhobtor/packages/install/grid_map_core/lib:/home/rhobtor/PHD/reactive/Reactive-Navegation/workspace_full_conected/install/octomap_server/lib:/home/rhobtor/PHD/reactive/Reactive-Navegation/workspace_full_conected/install/octomap_rviz_plugins/lib:/home/rhobtor/PHD/reactive/Reactive-Navegation/workspace_full_conected/install/hector_gazebo_plugins/lib:/home/rhobtor/PHD/reactive/Reactive-Navegation/workspace_full_conected/install/car_cpp/lib:/home/rhobtor/PHD/reactive/Reactive-Navegation/workspace_full_conected/install/car_interfaces/lib:/usr/lib/x86_64-linux-gnu/gazebo-11/plugins:/opt/ros/humble/opt/rviz_ogre_vendor/lib:/opt/ros/humble/lib/x86_64-linux-gnu:/opt/ros/humble/lib PYTHONPATH=/home/rhobtor/PHD/ARGOJ8_IA/build/car/prefix_override:/usr/lib/python3/dist-packages/colcon_core/task/python/colcon_distutils_commands:/home/rhobtor/PHD/ARGOJ8_IA/install/car/lib/python3.10/site-packages:${PYTHONPATH} /usr/bin/python3 -W ignore:setup.py install is deprecated -W ignore:easy_install command is deprecated setup.py egg_info --egg-base ../../build/car build --build-base /home/rhobtor/PHD/ARGOJ8_IA/build/car/build install --record /home/rhobtor/PHD/ARGOJ8_IA/build/car/install.log --single-version-externally-managed install_data
