[0.045s] Invoking command in '/home/rhobtor/PHD/ARGOJ8_IA/build/octomap_rviz_plugins': CMAKE_PREFIX_PATH=${CMAKE_PREFIX_PATH}:/home/rhobtor/PHD/ARGOJ8_IA/install/car:/home/rhobtor/PHD/reactive/Reactive-Navegation/workspace_full_conected/install/car:/opt/ros/humble /opt/st/stm32cubeclt_1.18.0/CMake/bin/cmake --build /home/rhobtor/PHD/ARGOJ8_IA/build/octomap_rviz_plugins -- -j16 -l16
[0.099s] [  0%] Built target octomap_rviz_plugins_autogen_timestamp_deps
[0.186s] [ 10%] Built target octomap_rviz_plugins_autogen
[0.305s] [100%] Built target octomap_rviz_plugins
[0.321s] Invoked command in '/home/rhobtor/PHD/ARGOJ8_IA/build/octomap_rviz_plugins' returned '0': CMAKE_PREFIX_PATH=${CMAKE_PREFIX_PATH}:/home/rhobtor/PHD/ARGOJ8_IA/install/car:/home/rhobtor/PHD/reactive/Reactive-Navegation/workspace_full_conected/install/car:/opt/ros/humble /opt/st/stm32cubeclt_1.18.0/CMake/bin/cmake --build /home/rhobtor/PHD/ARGOJ8_IA/build/octomap_rviz_plugins -- -j16 -l16
[0.324s] Invoking command in '/home/rhobtor/PHD/ARGOJ8_IA/build/octomap_rviz_plugins': CMAKE_PREFIX_PATH=${CMAKE_PREFIX_PATH}:/home/rhobtor/PHD/ARGOJ8_IA/install/car:/home/rhobtor/PHD/reactive/Reactive-Navegation/workspace_full_conected/install/car:/opt/ros/humble /opt/st/stm32cubeclt_1.18.0/CMake/bin/cmake --install /home/rhobtor/PHD/ARGOJ8_IA/build/octomap_rviz_plugins
[0.336s] -- Install configuration: ""
[0.336s] -- Execute custom install script
[0.336s] -- Up-to-date symlink: /home/rhobtor/PHD/ARGOJ8_IA/install/octomap_rviz_plugins/share/octomap_rviz_plugins//plugins_description.xml
[0.337s] -- Up-to-date symlink: /home/rhobtor/PHD/ARGOJ8_IA/install/octomap_rviz_plugins/include/octomap_rviz_plugins/occupancy_grid_display.hpp
[0.337s] -- Up-to-date symlink: /home/rhobtor/PHD/ARGOJ8_IA/install/octomap_rviz_plugins/include/octomap_rviz_plugins/occupancy_map_display.hpp
[0.338s] -- Up-to-date symlink: /home/rhobtor/PHD/ARGOJ8_IA/install/octomap_rviz_plugins/share/octomap_rviz_plugins/environment/library_path.sh
[0.339s] -- Up-to-date symlink: /home/rhobtor/PHD/ARGOJ8_IA/install/octomap_rviz_plugins/share/octomap_rviz_plugins/environment/library_path.dsv
[0.340s] -- Up-to-date symlink: /home/rhobtor/PHD/ARGOJ8_IA/install/octomap_rviz_plugins/lib/liboctomap_rviz_plugins.so
[0.346s] -- Up-to-date symlink: /home/rhobtor/PHD/ARGOJ8_IA/install/octomap_rviz_plugins/share/octomap_rviz_plugins/icons/classes/ColorOccupancyGrid.png
[0.346s] -- Up-to-date symlink: /home/rhobtor/PHD/ARGOJ8_IA/install/octomap_rviz_plugins/share/octomap_rviz_plugins/icons/classes/OccupancyGrid.png
[0.348s] -- Up-to-date symlink: /home/rhobtor/PHD/ARGOJ8_IA/install/octomap_rviz_plugins/share/octomap_rviz_plugins/icons/classes/OccupancyGridStamped.png
[0.348s] -- Up-to-date symlink: /home/rhobtor/PHD/ARGOJ8_IA/install/octomap_rviz_plugins/share/octomap_rviz_plugins/icons/classes/OccupancyMap.png
[0.349s] -- Up-to-date symlink: /home/rhobtor/PHD/ARGOJ8_IA/install/octomap_rviz_plugins/share/octomap_rviz_plugins/icons/classes/OccupancyMapStamped.png
[0.353s] -- Up-to-date symlink: /home/rhobtor/PHD/ARGOJ8_IA/install/octomap_rviz_plugins/share/ament_index/resource_index/package_run_dependencies/octomap_rviz_plugins
[0.354s] -- Up-to-date symlink: /home/rhobtor/PHD/ARGOJ8_IA/install/octomap_rviz_plugins/share/ament_index/resource_index/parent_prefix_path/octomap_rviz_plugins
[0.357s] -- Up-to-date symlink: /home/rhobtor/PHD/ARGOJ8_IA/install/octomap_rviz_plugins/share/octomap_rviz_plugins/environment/ament_prefix_path.sh
[0.359s] -- Up-to-date symlink: /home/rhobtor/PHD/ARGOJ8_IA/install/octomap_rviz_plugins/share/octomap_rviz_plugins/environment/ament_prefix_path.dsv
[0.359s] -- Up-to-date symlink: /home/rhobtor/PHD/ARGOJ8_IA/install/octomap_rviz_plugins/share/octomap_rviz_plugins/environment/path.sh
[0.360s] -- Up-to-date symlink: /home/rhobtor/PHD/ARGOJ8_IA/install/octomap_rviz_plugins/share/octomap_rviz_plugins/environment/path.dsv
[0.361s] -- Up-to-date symlink: /home/rhobtor/PHD/ARGOJ8_IA/install/octomap_rviz_plugins/share/octomap_rviz_plugins/local_setup.bash
[0.367s] -- Up-to-date symlink: /home/rhobtor/PHD/ARGOJ8_IA/install/octomap_rviz_plugins/share/octomap_rviz_plugins/local_setup.sh
[0.379s] -- Up-to-date symlink: /home/rhobtor/PHD/ARGOJ8_IA/install/octomap_rviz_plugins/share/octomap_rviz_plugins/local_setup.zsh
[0.380s] -- Up-to-date symlink: /home/rhobtor/PHD/ARGOJ8_IA/install/octomap_rviz_plugins/share/octomap_rviz_plugins/local_setup.dsv
[0.381s] -- Symlinking: /home/rhobtor/PHD/ARGOJ8_IA/install/octomap_rviz_plugins/share/octomap_rviz_plugins/package.dsv
[0.393s] -- Up-to-date symlink: /home/rhobtor/PHD/ARGOJ8_IA/install/octomap_rviz_plugins/share/ament_index/resource_index/packages/octomap_rviz_plugins
[0.394s] -- Up-to-date symlink: /home/rhobtor/PHD/ARGOJ8_IA/install/octomap_rviz_plugins/share/ament_index/resource_index/rviz_common__pluginlib__plugin/octomap_rviz_plugins
[0.395s] -- Up-to-date symlink: /home/rhobtor/PHD/ARGOJ8_IA/install/octomap_rviz_plugins/share/octomap_rviz_plugins/cmake/ament_cmake_export_dependencies-extras.cmake
[0.412s] -- Up-to-date symlink: /home/rhobtor/PHD/ARGOJ8_IA/install/octomap_rviz_plugins/share/octomap_rviz_plugins/cmake/ament_cmake_export_include_directories-extras.cmake
[0.413s] -- Up-to-date symlink: /home/rhobtor/PHD/ARGOJ8_IA/install/octomap_rviz_plugins/share/octomap_rviz_plugins/cmake/ament_cmake_export_libraries-extras.cmake
[0.413s] -- Up-to-date symlink: /home/rhobtor/PHD/ARGOJ8_IA/install/octomap_rviz_plugins/share/octomap_rviz_plugins/cmake/octomap_rviz_pluginsConfig.cmake
[0.414s] -- Up-to-date symlink: /home/rhobtor/PHD/ARGOJ8_IA/install/octomap_rviz_plugins/share/octomap_rviz_plugins/cmake/octomap_rviz_pluginsConfig-version.cmake
[0.415s] -- Up-to-date symlink: /home/rhobtor/PHD/ARGOJ8_IA/install/octomap_rviz_plugins/share/octomap_rviz_plugins/package.xml
[0.422s] Invoked command in '/home/rhobtor/PHD/ARGOJ8_IA/build/octomap_rviz_plugins' returned '0': CMAKE_PREFIX_PATH=${CMAKE_PREFIX_PATH}:/home/rhobtor/PHD/ARGOJ8_IA/install/car:/home/rhobtor/PHD/reactive/Reactive-Navegation/workspace_full_conected/install/car:/opt/ros/humble /opt/st/stm32cubeclt_1.18.0/CMake/bin/cmake --install /home/rhobtor/PHD/ARGOJ8_IA/build/octomap_rviz_plugins
