[0.055s] Invoking command in '/home/rhobtor/PHD/ARGOJ8_IA/build/argj801_sensors_msgs': CMAKE_PREFIX_PATH=${CMAKE_PREFIX_PATH}:/home/rhobtor/PHD/ARGOJ8_IA/install/ntrip_client:/home/rhobtor/PHD/ARGOJ8_IA/install/car:/home/rhobtor/PHD/ARGOJ8_IA/install/android_ros2_server:/home/rhobtor/PHD/ARGOJ8_IA/install/GUI_pkg:/home/rhobtor/PHD/reactive/Reactive-Navegation/workspace_full_conected/install/car:/opt/ros/humble /opt/st/stm32cubeclt_1.18.0/CMake/bin/cmake --build /home/rhobtor/PHD/ARGOJ8_IA/build/argj801_sensors_msgs -- -j16 -l16
[0.743s] [ 10%] Built target argj801_sensors_msgs__rosidl_generator_c
[0.744s] [ 12%] Built target argj801_sensors_msgs__cpp
[0.745s] [ 12%] Built target ament_cmake_python_copy_argj801_sensors_msgs
[0.745s] [ 23%] Built target argj801_sensors_msgs__rosidl_typesupport_introspection_c
[0.745s] [ 33%] Built target argj801_sensors_msgs__rosidl_typesupport_c
[0.746s] [ 43%] Built target argj801_sensors_msgs__rosidl_typesupport_fastrtps_cpp
[0.746s] [ 53%] Built target argj801_sensors_msgs__rosidl_typesupport_fastrtps_c
[0.746s] [ 64%] Built target argj801_sensors_msgs__rosidl_typesupport_introspection_cpp
[0.746s] [ 74%] Built target argj801_sensors_msgs__rosidl_typesupport_cpp
[0.746s] [ 74%] Built target argj801_sensors_msgs
[0.746s] [ 76%] Built target argj801_sensors_msgs__py
[0.746s] [ 84%] Built target argj801_sensors_msgs__rosidl_generator_py
[0.746s] [ 89%] Built target argj801_sensors_msgs__rosidl_typesupport_fastrtps_c__pyext
[0.746s] [ 94%] Built target argj801_sensors_msgs__rosidl_typesupport_introspection_c__pyext
[0.746s] [100%] Built target argj801_sensors_msgs__rosidl_typesupport_c__pyext
[0.746s] running egg_info
[0.746s] writing argj801_sensors_msgs.egg-info/PKG-INFO
[0.747s] writing dependency_links to argj801_sensors_msgs.egg-info/dependency_links.txt
[0.747s] writing top-level names to argj801_sensors_msgs.egg-info/top_level.txt
[0.747s] reading manifest file 'argj801_sensors_msgs.egg-info/SOURCES.txt'
[0.747s] writing manifest file 'argj801_sensors_msgs.egg-info/SOURCES.txt'
[0.747s] [100%] Built target ament_cmake_python_build_argj801_sensors_msgs_egg
[0.777s] Invoked command in '/home/rhobtor/PHD/ARGOJ8_IA/build/argj801_sensors_msgs' returned '0': CMAKE_PREFIX_PATH=${CMAKE_PREFIX_PATH}:/home/rhobtor/PHD/ARGOJ8_IA/install/ntrip_client:/home/rhobtor/PHD/ARGOJ8_IA/install/car:/home/rhobtor/PHD/ARGOJ8_IA/install/android_ros2_server:/home/rhobtor/PHD/ARGOJ8_IA/install/GUI_pkg:/home/rhobtor/PHD/reactive/Reactive-Navegation/workspace_full_conected/install/car:/opt/ros/humble /opt/st/stm32cubeclt_1.18.0/CMake/bin/cmake --build /home/rhobtor/PHD/ARGOJ8_IA/build/argj801_sensors_msgs -- -j16 -l16
[0.778s] Invoking command in '/home/rhobtor/PHD/ARGOJ8_IA/build/argj801_sensors_msgs': CMAKE_PREFIX_PATH=${CMAKE_PREFIX_PATH}:/home/rhobtor/PHD/ARGOJ8_IA/install/ntrip_client:/home/rhobtor/PHD/ARGOJ8_IA/install/car:/home/rhobtor/PHD/ARGOJ8_IA/install/android_ros2_server:/home/rhobtor/PHD/ARGOJ8_IA/install/GUI_pkg:/home/rhobtor/PHD/reactive/Reactive-Navegation/workspace_full_conected/install/car:/opt/ros/humble /opt/st/stm32cubeclt_1.18.0/CMake/bin/cmake --install /home/rhobtor/PHD/ARGOJ8_IA/build/argj801_sensors_msgs
[0.895s] -- Install configuration: ""
[0.896s] -- Up-to-date: /home/rhobtor/PHD/ARGOJ8_IA/install/argj801_sensors_msgs/share/ament_index/resource_index/rosidl_interfaces/argj801_sensors_msgs
[0.896s] -- Up-to-date: /home/rhobtor/PHD/ARGOJ8_IA/install/argj801_sensors_msgs/include/argj801_sensors_msgs/argj801_sensors_msgs
[0.896s] -- Up-to-date: /home/rhobtor/PHD/ARGOJ8_IA/install/argj801_sensors_msgs/include/argj801_sensors_msgs/argj801_sensors_msgs/msg
[0.896s] -- Up-to-date: /home/rhobtor/PHD/ARGOJ8_IA/install/argj801_sensors_msgs/include/argj801_sensors_msgs/argj801_sensors_msgs/msg/motor_telemetry.h
[0.896s] -- Up-to-date: /home/rhobtor/PHD/ARGOJ8_IA/install/argj801_sensors_msgs/include/argj801_sensors_msgs/argj801_sensors_msgs/msg/rosidl_generator_c__visibility_control.h
[0.896s] -- Up-to-date: /home/rhobtor/PHD/ARGOJ8_IA/install/argj801_sensors_msgs/include/argj801_sensors_msgs/argj801_sensors_msgs/msg/detail
[0.896s] -- Up-to-date: /home/rhobtor/PHD/ARGOJ8_IA/install/argj801_sensors_msgs/include/argj801_sensors_msgs/argj801_sensors_msgs/msg/detail/odometer__functions.c
[0.896s] -- Up-to-date: /home/rhobtor/PHD/ARGOJ8_IA/install/argj801_sensors_msgs/include/argj801_sensors_msgs/argj801_sensors_msgs/msg/detail/motor_telemetry__struct.h
[0.896s] -- Up-to-date: /home/rhobtor/PHD/ARGOJ8_IA/install/argj801_sensors_msgs/include/argj801_sensors_msgs/argj801_sensors_msgs/msg/detail/motor_telemetry__functions.c
[0.896s] -- Up-to-date: /home/rhobtor/PHD/ARGOJ8_IA/install/argj801_sensors_msgs/include/argj801_sensors_msgs/argj801_sensors_msgs/msg/detail/motor_telemetry__type_support.h
[0.896s] -- Up-to-date: /home/rhobtor/PHD/ARGOJ8_IA/install/argj801_sensors_msgs/include/argj801_sensors_msgs/argj801_sensors_msgs/msg/detail/odometer__type_support.h
[0.896s] -- Up-to-date: /home/rhobtor/PHD/ARGOJ8_IA/install/argj801_sensors_msgs/include/argj801_sensors_msgs/argj801_sensors_msgs/msg/detail/odometer__functions.h
[0.896s] -- Up-to-date: /home/rhobtor/PHD/ARGOJ8_IA/install/argj801_sensors_msgs/include/argj801_sensors_msgs/argj801_sensors_msgs/msg/detail/motor_telemetry__functions.h
[0.896s] -- Up-to-date: /home/rhobtor/PHD/ARGOJ8_IA/install/argj801_sensors_msgs/include/argj801_sensors_msgs/argj801_sensors_msgs/msg/detail/odometer__struct.h
[0.896s] -- Up-to-date: /home/rhobtor/PHD/ARGOJ8_IA/install/argj801_sensors_msgs/include/argj801_sensors_msgs/argj801_sensors_msgs/msg/odometer.h
[0.896s] -- Up-to-date: /home/rhobtor/PHD/ARGOJ8_IA/install/argj801_sensors_msgs/share/argj801_sensors_msgs/environment/library_path.sh
[0.896s] -- Up-to-date: /home/rhobtor/PHD/ARGOJ8_IA/install/argj801_sensors_msgs/share/argj801_sensors_msgs/environment/library_path.dsv
[0.896s] -- Up-to-date: /home/rhobtor/PHD/ARGOJ8_IA/install/argj801_sensors_msgs/lib/libargj801_sensors_msgs__rosidl_generator_c.so
[0.897s] -- Up-to-date: /home/rhobtor/PHD/ARGOJ8_IA/install/argj801_sensors_msgs/include/argj801_sensors_msgs/argj801_sensors_msgs
[0.897s] -- Up-to-date: /home/rhobtor/PHD/ARGOJ8_IA/install/argj801_sensors_msgs/include/argj801_sensors_msgs/argj801_sensors_msgs/msg
[0.897s] -- Up-to-date: /home/rhobtor/PHD/ARGOJ8_IA/install/argj801_sensors_msgs/include/argj801_sensors_msgs/argj801_sensors_msgs/msg/detail
[0.897s] -- Up-to-date: /home/rhobtor/PHD/ARGOJ8_IA/install/argj801_sensors_msgs/include/argj801_sensors_msgs/argj801_sensors_msgs/msg/detail/odometer__rosidl_typesupport_fastrtps_c.h
[0.897s] -- Up-to-date: /home/rhobtor/PHD/ARGOJ8_IA/install/argj801_sensors_msgs/include/argj801_sensors_msgs/argj801_sensors_msgs/msg/detail/motor_telemetry__rosidl_typesupport_fastrtps_c.h
[0.897s] -- Up-to-date: /home/rhobtor/PHD/ARGOJ8_IA/install/argj801_sensors_msgs/include/argj801_sensors_msgs/argj801_sensors_msgs/msg/rosidl_typesupport_fastrtps_c__visibility_control.h
[0.897s] -- Up-to-date: /home/rhobtor/PHD/ARGOJ8_IA/install/argj801_sensors_msgs/lib/libargj801_sensors_msgs__rosidl_typesupport_fastrtps_c.so
[0.897s] -- Up-to-date: /home/rhobtor/PHD/ARGOJ8_IA/install/argj801_sensors_msgs/include/argj801_sensors_msgs/argj801_sensors_msgs
[0.897s] -- Up-to-date: /home/rhobtor/PHD/ARGOJ8_IA/install/argj801_sensors_msgs/include/argj801_sensors_msgs/argj801_sensors_msgs/msg
[0.897s] -- Up-to-date: /home/rhobtor/PHD/ARGOJ8_IA/install/argj801_sensors_msgs/include/argj801_sensors_msgs/argj801_sensors_msgs/msg/rosidl_typesupport_introspection_c__visibility_control.h
[0.897s] -- Up-to-date: /home/rhobtor/PHD/ARGOJ8_IA/install/argj801_sensors_msgs/include/argj801_sensors_msgs/argj801_sensors_msgs/msg/detail
[0.897s] -- Up-to-date: /home/rhobtor/PHD/ARGOJ8_IA/install/argj801_sensors_msgs/include/argj801_sensors_msgs/argj801_sensors_msgs/msg/detail/motor_telemetry__type_support.c
[0.897s] -- Up-to-date: /home/rhobtor/PHD/ARGOJ8_IA/install/argj801_sensors_msgs/include/argj801_sensors_msgs/argj801_sensors_msgs/msg/detail/motor_telemetry__rosidl_typesupport_introspection_c.h
[0.897s] -- Up-to-date: /home/rhobtor/PHD/ARGOJ8_IA/install/argj801_sensors_msgs/include/argj801_sensors_msgs/argj801_sensors_msgs/msg/detail/odometer__rosidl_typesupport_introspection_c.h
[0.897s] -- Up-to-date: /home/rhobtor/PHD/ARGOJ8_IA/install/argj801_sensors_msgs/include/argj801_sensors_msgs/argj801_sensors_msgs/msg/detail/odometer__type_support.c
[0.897s] -- Up-to-date: /home/rhobtor/PHD/ARGOJ8_IA/install/argj801_sensors_msgs/lib/libargj801_sensors_msgs__rosidl_typesupport_introspection_c.so
[0.897s] -- Up-to-date: /home/rhobtor/PHD/ARGOJ8_IA/install/argj801_sensors_msgs/lib/libargj801_sensors_msgs__rosidl_typesupport_c.so
[0.897s] -- Up-to-date: /home/rhobtor/PHD/ARGOJ8_IA/install/argj801_sensors_msgs/include/argj801_sensors_msgs/argj801_sensors_msgs
[0.897s] -- Up-to-date: /home/rhobtor/PHD/ARGOJ8_IA/install/argj801_sensors_msgs/include/argj801_sensors_msgs/argj801_sensors_msgs/msg
[0.897s] -- Up-to-date: /home/rhobtor/PHD/ARGOJ8_IA/install/argj801_sensors_msgs/include/argj801_sensors_msgs/argj801_sensors_msgs/msg/rosidl_generator_cpp__visibility_control.hpp
[0.898s] -- Up-to-date: /home/rhobtor/PHD/ARGOJ8_IA/install/argj801_sensors_msgs/include/argj801_sensors_msgs/argj801_sensors_msgs/msg/odometer.hpp
[0.898s] -- Up-to-date: /home/rhobtor/PHD/ARGOJ8_IA/install/argj801_sensors_msgs/include/argj801_sensors_msgs/argj801_sensors_msgs/msg/detail
[0.898s] -- Up-to-date: /home/rhobtor/PHD/ARGOJ8_IA/install/argj801_sensors_msgs/include/argj801_sensors_msgs/argj801_sensors_msgs/msg/detail/odometer__builder.hpp
[0.898s] -- Up-to-date: /home/rhobtor/PHD/ARGOJ8_IA/install/argj801_sensors_msgs/include/argj801_sensors_msgs/argj801_sensors_msgs/msg/detail/odometer__struct.hpp
[0.898s] -- Up-to-date: /home/rhobtor/PHD/ARGOJ8_IA/install/argj801_sensors_msgs/include/argj801_sensors_msgs/argj801_sensors_msgs/msg/detail/motor_telemetry__builder.hpp
[0.898s] -- Up-to-date: /home/rhobtor/PHD/ARGOJ8_IA/install/argj801_sensors_msgs/include/argj801_sensors_msgs/argj801_sensors_msgs/msg/detail/odometer__type_support.hpp
[0.898s] -- Up-to-date: /home/rhobtor/PHD/ARGOJ8_IA/install/argj801_sensors_msgs/include/argj801_sensors_msgs/argj801_sensors_msgs/msg/detail/motor_telemetry__struct.hpp
[0.898s] -- Up-to-date: /home/rhobtor/PHD/ARGOJ8_IA/install/argj801_sensors_msgs/include/argj801_sensors_msgs/argj801_sensors_msgs/msg/detail/motor_telemetry__type_support.hpp
[0.898s] -- Up-to-date: /home/rhobtor/PHD/ARGOJ8_IA/install/argj801_sensors_msgs/include/argj801_sensors_msgs/argj801_sensors_msgs/msg/detail/motor_telemetry__traits.hpp
[0.898s] -- Up-to-date: /home/rhobtor/PHD/ARGOJ8_IA/install/argj801_sensors_msgs/include/argj801_sensors_msgs/argj801_sensors_msgs/msg/detail/odometer__traits.hpp
[0.898s] -- Up-to-date: /home/rhobtor/PHD/ARGOJ8_IA/install/argj801_sensors_msgs/include/argj801_sensors_msgs/argj801_sensors_msgs/msg/motor_telemetry.hpp
[0.898s] -- Up-to-date: /home/rhobtor/PHD/ARGOJ8_IA/install/argj801_sensors_msgs/include/argj801_sensors_msgs/argj801_sensors_msgs
[0.898s] -- Up-to-date: /home/rhobtor/PHD/ARGOJ8_IA/install/argj801_sensors_msgs/include/argj801_sensors_msgs/argj801_sensors_msgs/msg
[0.898s] -- Up-to-date: /home/rhobtor/PHD/ARGOJ8_IA/install/argj801_sensors_msgs/include/argj801_sensors_msgs/argj801_sensors_msgs/msg/rosidl_typesupport_fastrtps_cpp__visibility_control.h
[0.898s] -- Up-to-date: /home/rhobtor/PHD/ARGOJ8_IA/install/argj801_sensors_msgs/include/argj801_sensors_msgs/argj801_sensors_msgs/msg/detail
[0.898s] -- Up-to-date: /home/rhobtor/PHD/ARGOJ8_IA/install/argj801_sensors_msgs/include/argj801_sensors_msgs/argj801_sensors_msgs/msg/detail/motor_telemetry__rosidl_typesupport_fastrtps_cpp.hpp
[0.899s] -- Up-to-date: /home/rhobtor/PHD/ARGOJ8_IA/install/argj801_sensors_msgs/include/argj801_sensors_msgs/argj801_sensors_msgs/msg/detail/dds_fastrtps
[0.899s] -- Up-to-date: /home/rhobtor/PHD/ARGOJ8_IA/install/argj801_sensors_msgs/include/argj801_sensors_msgs/argj801_sensors_msgs/msg/detail/odometer__rosidl_typesupport_fastrtps_cpp.hpp
[0.899s] -- Up-to-date: /home/rhobtor/PHD/ARGOJ8_IA/install/argj801_sensors_msgs/lib/libargj801_sensors_msgs__rosidl_typesupport_fastrtps_cpp.so
[0.899s] -- Up-to-date: /home/rhobtor/PHD/ARGOJ8_IA/install/argj801_sensors_msgs/include/argj801_sensors_msgs/argj801_sensors_msgs
[0.899s] -- Up-to-date: /home/rhobtor/PHD/ARGOJ8_IA/install/argj801_sensors_msgs/include/argj801_sensors_msgs/argj801_sensors_msgs/msg
[0.900s] -- Up-to-date: /home/rhobtor/PHD/ARGOJ8_IA/install/argj801_sensors_msgs/include/argj801_sensors_msgs/argj801_sensors_msgs/msg/detail
[0.900s] -- Up-to-date: /home/rhobtor/PHD/ARGOJ8_IA/install/argj801_sensors_msgs/include/argj801_sensors_msgs/argj801_sensors_msgs/msg/detail/odometer__type_support.cpp
[0.900s] -- Up-to-date: /home/rhobtor/PHD/ARGOJ8_IA/install/argj801_sensors_msgs/include/argj801_sensors_msgs/argj801_sensors_msgs/msg/detail/odometer__rosidl_typesupport_introspection_cpp.hpp
[0.900s] -- Up-to-date: /home/rhobtor/PHD/ARGOJ8_IA/install/argj801_sensors_msgs/include/argj801_sensors_msgs/argj801_sensors_msgs/msg/detail/motor_telemetry__rosidl_typesupport_introspection_cpp.hpp
[0.900s] -- Up-to-date: /home/rhobtor/PHD/ARGOJ8_IA/install/argj801_sensors_msgs/include/argj801_sensors_msgs/argj801_sensors_msgs/msg/detail/motor_telemetry__type_support.cpp
[0.900s] -- Up-to-date: /home/rhobtor/PHD/ARGOJ8_IA/install/argj801_sensors_msgs/lib/libargj801_sensors_msgs__rosidl_typesupport_introspection_cpp.so
[0.900s] -- Up-to-date: /home/rhobtor/PHD/ARGOJ8_IA/install/argj801_sensors_msgs/lib/libargj801_sensors_msgs__rosidl_typesupport_cpp.so
[0.900s] -- Up-to-date: /home/rhobtor/PHD/ARGOJ8_IA/install/argj801_sensors_msgs/share/argj801_sensors_msgs/environment/pythonpath.sh
[0.900s] -- Up-to-date: /home/rhobtor/PHD/ARGOJ8_IA/install/argj801_sensors_msgs/share/argj801_sensors_msgs/environment/pythonpath.dsv
[0.900s] -- Up-to-date: /home/rhobtor/PHD/ARGOJ8_IA/install/argj801_sensors_msgs/local/lib/python3.10/dist-packages/argj801_sensors_msgs-0.0.0-py3.10.egg-info
[0.900s] -- Installing: /home/rhobtor/PHD/ARGOJ8_IA/install/argj801_sensors_msgs/local/lib/python3.10/dist-packages/argj801_sensors_msgs-0.0.0-py3.10.egg-info/top_level.txt
[0.900s] -- Installing: /home/rhobtor/PHD/ARGOJ8_IA/install/argj801_sensors_msgs/local/lib/python3.10/dist-packages/argj801_sensors_msgs-0.0.0-py3.10.egg-info/SOURCES.txt
[0.900s] -- Installing: /home/rhobtor/PHD/ARGOJ8_IA/install/argj801_sensors_msgs/local/lib/python3.10/dist-packages/argj801_sensors_msgs-0.0.0-py3.10.egg-info/PKG-INFO
[0.900s] -- Installing: /home/rhobtor/PHD/ARGOJ8_IA/install/argj801_sensors_msgs/local/lib/python3.10/dist-packages/argj801_sensors_msgs-0.0.0-py3.10.egg-info/dependency_links.txt
[0.900s] -- Up-to-date: /home/rhobtor/PHD/ARGOJ8_IA/install/argj801_sensors_msgs/local/lib/python3.10/dist-packages/argj801_sensors_msgs
[0.900s] -- Up-to-date: /home/rhobtor/PHD/ARGOJ8_IA/install/argj801_sensors_msgs/local/lib/python3.10/dist-packages/argj801_sensors_msgs/_argj801_sensors_msgs_s.ep.rosidl_typesupport_introspection_c.c
[0.900s] -- Up-to-date: /home/rhobtor/PHD/ARGOJ8_IA/install/argj801_sensors_msgs/local/lib/python3.10/dist-packages/argj801_sensors_msgs/argj801_sensors_msgs_s__rosidl_typesupport_c.cpython-310-x86_64-linux-gnu.so
[0.900s] -- Up-to-date: /home/rhobtor/PHD/ARGOJ8_IA/install/argj801_sensors_msgs/local/lib/python3.10/dist-packages/argj801_sensors_msgs/argj801_sensors_msgs_s__rosidl_typesupport_fastrtps_c.cpython-310-x86_64-linux-gnu.so
[0.900s] -- Up-to-date: /home/rhobtor/PHD/ARGOJ8_IA/install/argj801_sensors_msgs/local/lib/python3.10/dist-packages/argj801_sensors_msgs/libargj801_sensors_msgs__rosidl_generator_py.so
[0.900s] -- Up-to-date: /home/rhobtor/PHD/ARGOJ8_IA/install/argj801_sensors_msgs/local/lib/python3.10/dist-packages/argj801_sensors_msgs/__init__.py
[0.901s] -- Up-to-date: /home/rhobtor/PHD/ARGOJ8_IA/install/argj801_sensors_msgs/local/lib/python3.10/dist-packages/argj801_sensors_msgs/argj801_sensors_msgs_s__rosidl_typesupport_introspection_c.cpython-310-x86_64-linux-gnu.so
[0.901s] -- Up-to-date: /home/rhobtor/PHD/ARGOJ8_IA/install/argj801_sensors_msgs/local/lib/python3.10/dist-packages/argj801_sensors_msgs/_argj801_sensors_msgs_s.ep.rosidl_typesupport_c.c
[0.901s] -- Up-to-date: /home/rhobtor/PHD/ARGOJ8_IA/install/argj801_sensors_msgs/local/lib/python3.10/dist-packages/argj801_sensors_msgs/_argj801_sensors_msgs_s.ep.rosidl_typesupport_fastrtps_c.c
[0.901s] -- Up-to-date: /home/rhobtor/PHD/ARGOJ8_IA/install/argj801_sensors_msgs/local/lib/python3.10/dist-packages/argj801_sensors_msgs/msg
[0.901s] -- Up-to-date: /home/rhobtor/PHD/ARGOJ8_IA/install/argj801_sensors_msgs/local/lib/python3.10/dist-packages/argj801_sensors_msgs/msg/_motor_telemetry_s.c
[0.901s] -- Up-to-date: /home/rhobtor/PHD/ARGOJ8_IA/install/argj801_sensors_msgs/local/lib/python3.10/dist-packages/argj801_sensors_msgs/msg/_motor_telemetry.py
[0.901s] -- Up-to-date: /home/rhobtor/PHD/ARGOJ8_IA/install/argj801_sensors_msgs/local/lib/python3.10/dist-packages/argj801_sensors_msgs/msg/__init__.py
[0.901s] -- Up-to-date: /home/rhobtor/PHD/ARGOJ8_IA/install/argj801_sensors_msgs/local/lib/python3.10/dist-packages/argj801_sensors_msgs/msg/_odometer_s.c
[0.901s] -- Up-to-date: /home/rhobtor/PHD/ARGOJ8_IA/install/argj801_sensors_msgs/local/lib/python3.10/dist-packages/argj801_sensors_msgs/msg/_odometer.py
[0.910s] Listing '/home/rhobtor/PHD/ARGOJ8_IA/install/argj801_sensors_msgs/local/lib/python3.10/dist-packages/argj801_sensors_msgs'...
[0.910s] Listing '/home/rhobtor/PHD/ARGOJ8_IA/install/argj801_sensors_msgs/local/lib/python3.10/dist-packages/argj801_sensors_msgs/msg'...
[0.919s] -- Up-to-date: /home/rhobtor/PHD/ARGOJ8_IA/install/argj801_sensors_msgs/local/lib/python3.10/dist-packages/argj801_sensors_msgs/argj801_sensors_msgs_s__rosidl_typesupport_fastrtps_c.cpython-310-x86_64-linux-gnu.so
[0.919s] -- Up-to-date: /home/rhobtor/PHD/ARGOJ8_IA/install/argj801_sensors_msgs/local/lib/python3.10/dist-packages/argj801_sensors_msgs/argj801_sensors_msgs_s__rosidl_typesupport_introspection_c.cpython-310-x86_64-linux-gnu.so
[0.919s] -- Up-to-date: /home/rhobtor/PHD/ARGOJ8_IA/install/argj801_sensors_msgs/local/lib/python3.10/dist-packages/argj801_sensors_msgs/argj801_sensors_msgs_s__rosidl_typesupport_c.cpython-310-x86_64-linux-gnu.so
[0.919s] -- Up-to-date: /home/rhobtor/PHD/ARGOJ8_IA/install/argj801_sensors_msgs/lib/libargj801_sensors_msgs__rosidl_generator_py.so
[0.919s] -- Up-to-date: /home/rhobtor/PHD/ARGOJ8_IA/install/argj801_sensors_msgs/share/argj801_sensors_msgs/msg/MotorTelemetry.idl
[0.919s] -- Up-to-date: /home/rhobtor/PHD/ARGOJ8_IA/install/argj801_sensors_msgs/share/argj801_sensors_msgs/msg/Odometer.idl
[0.920s] -- Up-to-date: /home/rhobtor/PHD/ARGOJ8_IA/install/argj801_sensors_msgs/share/argj801_sensors_msgs/msg/MotorTelemetry.msg
[0.920s] -- Up-to-date: /home/rhobtor/PHD/ARGOJ8_IA/install/argj801_sensors_msgs/share/argj801_sensors_msgs/msg/Odometer.msg
[0.920s] -- Up-to-date: /home/rhobtor/PHD/ARGOJ8_IA/install/argj801_sensors_msgs/share/ament_index/resource_index/package_run_dependencies/argj801_sensors_msgs
[0.920s] -- Up-to-date: /home/rhobtor/PHD/ARGOJ8_IA/install/argj801_sensors_msgs/share/ament_index/resource_index/parent_prefix_path/argj801_sensors_msgs
[0.920s] -- Up-to-date: /home/rhobtor/PHD/ARGOJ8_IA/install/argj801_sensors_msgs/share/argj801_sensors_msgs/environment/ament_prefix_path.sh
[0.920s] -- Up-to-date: /home/rhobtor/PHD/ARGOJ8_IA/install/argj801_sensors_msgs/share/argj801_sensors_msgs/environment/ament_prefix_path.dsv
[0.920s] -- Up-to-date: /home/rhobtor/PHD/ARGOJ8_IA/install/argj801_sensors_msgs/share/argj801_sensors_msgs/environment/path.sh
[0.920s] -- Up-to-date: /home/rhobtor/PHD/ARGOJ8_IA/install/argj801_sensors_msgs/share/argj801_sensors_msgs/environment/path.dsv
[0.920s] -- Up-to-date: /home/rhobtor/PHD/ARGOJ8_IA/install/argj801_sensors_msgs/share/argj801_sensors_msgs/local_setup.bash
[0.920s] -- Up-to-date: /home/rhobtor/PHD/ARGOJ8_IA/install/argj801_sensors_msgs/share/argj801_sensors_msgs/local_setup.sh
[0.920s] -- Up-to-date: /home/rhobtor/PHD/ARGOJ8_IA/install/argj801_sensors_msgs/share/argj801_sensors_msgs/local_setup.zsh
[0.921s] -- Up-to-date: /home/rhobtor/PHD/ARGOJ8_IA/install/argj801_sensors_msgs/share/argj801_sensors_msgs/local_setup.dsv
[0.921s] -- Installing: /home/rhobtor/PHD/ARGOJ8_IA/install/argj801_sensors_msgs/share/argj801_sensors_msgs/package.dsv
[0.921s] -- Up-to-date: /home/rhobtor/PHD/ARGOJ8_IA/install/argj801_sensors_msgs/share/ament_index/resource_index/packages/argj801_sensors_msgs
[0.921s] -- Up-to-date: /home/rhobtor/PHD/ARGOJ8_IA/install/argj801_sensors_msgs/share/argj801_sensors_msgs/cmake/export_argj801_sensors_msgs__rosidl_generator_cExport.cmake
[0.921s] -- Up-to-date: /home/rhobtor/PHD/ARGOJ8_IA/install/argj801_sensors_msgs/share/argj801_sensors_msgs/cmake/export_argj801_sensors_msgs__rosidl_generator_cExport-noconfig.cmake
[0.921s] -- Up-to-date: /home/rhobtor/PHD/ARGOJ8_IA/install/argj801_sensors_msgs/share/argj801_sensors_msgs/cmake/export_argj801_sensors_msgs__rosidl_typesupport_fastrtps_cExport.cmake
[0.921s] -- Up-to-date: /home/rhobtor/PHD/ARGOJ8_IA/install/argj801_sensors_msgs/share/argj801_sensors_msgs/cmake/export_argj801_sensors_msgs__rosidl_typesupport_fastrtps_cExport-noconfig.cmake
[0.922s] -- Up-to-date: /home/rhobtor/PHD/ARGOJ8_IA/install/argj801_sensors_msgs/share/argj801_sensors_msgs/cmake/argj801_sensors_msgs__rosidl_typesupport_introspection_cExport.cmake
[0.922s] -- Up-to-date: /home/rhobtor/PHD/ARGOJ8_IA/install/argj801_sensors_msgs/share/argj801_sensors_msgs/cmake/argj801_sensors_msgs__rosidl_typesupport_introspection_cExport-noconfig.cmake
[0.922s] -- Up-to-date: /home/rhobtor/PHD/ARGOJ8_IA/install/argj801_sensors_msgs/share/argj801_sensors_msgs/cmake/argj801_sensors_msgs__rosidl_typesupport_cExport.cmake
[0.922s] -- Up-to-date: /home/rhobtor/PHD/ARGOJ8_IA/install/argj801_sensors_msgs/share/argj801_sensors_msgs/cmake/argj801_sensors_msgs__rosidl_typesupport_cExport-noconfig.cmake
[0.922s] -- Up-to-date: /home/rhobtor/PHD/ARGOJ8_IA/install/argj801_sensors_msgs/share/argj801_sensors_msgs/cmake/export_argj801_sensors_msgs__rosidl_generator_cppExport.cmake
[0.922s] -- Up-to-date: /home/rhobtor/PHD/ARGOJ8_IA/install/argj801_sensors_msgs/share/argj801_sensors_msgs/cmake/export_argj801_sensors_msgs__rosidl_typesupport_fastrtps_cppExport.cmake
[0.922s] -- Up-to-date: /home/rhobtor/PHD/ARGOJ8_IA/install/argj801_sensors_msgs/share/argj801_sensors_msgs/cmake/export_argj801_sensors_msgs__rosidl_typesupport_fastrtps_cppExport-noconfig.cmake
[0.922s] -- Up-to-date: /home/rhobtor/PHD/ARGOJ8_IA/install/argj801_sensors_msgs/share/argj801_sensors_msgs/cmake/argj801_sensors_msgs__rosidl_typesupport_introspection_cppExport.cmake
[0.923s] -- Up-to-date: /home/rhobtor/PHD/ARGOJ8_IA/install/argj801_sensors_msgs/share/argj801_sensors_msgs/cmake/argj801_sensors_msgs__rosidl_typesupport_introspection_cppExport-noconfig.cmake
[0.923s] -- Up-to-date: /home/rhobtor/PHD/ARGOJ8_IA/install/argj801_sensors_msgs/share/argj801_sensors_msgs/cmake/argj801_sensors_msgs__rosidl_typesupport_cppExport.cmake
[0.923s] -- Up-to-date: /home/rhobtor/PHD/ARGOJ8_IA/install/argj801_sensors_msgs/share/argj801_sensors_msgs/cmake/argj801_sensors_msgs__rosidl_typesupport_cppExport-noconfig.cmake
[0.923s] -- Up-to-date: /home/rhobtor/PHD/ARGOJ8_IA/install/argj801_sensors_msgs/share/argj801_sensors_msgs/cmake/export_argj801_sensors_msgs__rosidl_generator_pyExport.cmake
[0.923s] -- Up-to-date: /home/rhobtor/PHD/ARGOJ8_IA/install/argj801_sensors_msgs/share/argj801_sensors_msgs/cmake/export_argj801_sensors_msgs__rosidl_generator_pyExport-noconfig.cmake
[0.923s] -- Up-to-date: /home/rhobtor/PHD/ARGOJ8_IA/install/argj801_sensors_msgs/share/argj801_sensors_msgs/cmake/rosidl_cmake-extras.cmake
[0.923s] -- Up-to-date: /home/rhobtor/PHD/ARGOJ8_IA/install/argj801_sensors_msgs/share/argj801_sensors_msgs/cmake/ament_cmake_export_dependencies-extras.cmake
[0.923s] -- Up-to-date: /home/rhobtor/PHD/ARGOJ8_IA/install/argj801_sensors_msgs/share/argj801_sensors_msgs/cmake/ament_cmake_export_include_directories-extras.cmake
[0.923s] -- Up-to-date: /home/rhobtor/PHD/ARGOJ8_IA/install/argj801_sensors_msgs/share/argj801_sensors_msgs/cmake/ament_cmake_export_libraries-extras.cmake
[0.923s] -- Up-to-date: /home/rhobtor/PHD/ARGOJ8_IA/install/argj801_sensors_msgs/share/argj801_sensors_msgs/cmake/ament_cmake_export_targets-extras.cmake
[0.924s] -- Up-to-date: /home/rhobtor/PHD/ARGOJ8_IA/install/argj801_sensors_msgs/share/argj801_sensors_msgs/cmake/rosidl_cmake_export_typesupport_targets-extras.cmake
[0.924s] -- Up-to-date: /home/rhobtor/PHD/ARGOJ8_IA/install/argj801_sensors_msgs/share/argj801_sensors_msgs/cmake/rosidl_cmake_export_typesupport_libraries-extras.cmake
[0.924s] -- Up-to-date: /home/rhobtor/PHD/ARGOJ8_IA/install/argj801_sensors_msgs/share/argj801_sensors_msgs/cmake/argj801_sensors_msgsConfig.cmake
[0.924s] -- Up-to-date: /home/rhobtor/PHD/ARGOJ8_IA/install/argj801_sensors_msgs/share/argj801_sensors_msgs/cmake/argj801_sensors_msgsConfig-version.cmake
[0.924s] -- Up-to-date: /home/rhobtor/PHD/ARGOJ8_IA/install/argj801_sensors_msgs/share/argj801_sensors_msgs/package.xml
[1.074s] Invoked command in '/home/rhobtor/PHD/ARGOJ8_IA/build/argj801_sensors_msgs' returned '0': CMAKE_PREFIX_PATH=${CMAKE_PREFIX_PATH}:/home/rhobtor/PHD/ARGOJ8_IA/install/ntrip_client:/home/rhobtor/PHD/ARGOJ8_IA/install/car:/home/rhobtor/PHD/ARGOJ8_IA/install/android_ros2_server:/home/rhobtor/PHD/ARGOJ8_IA/install/GUI_pkg:/home/rhobtor/PHD/reactive/Reactive-Navegation/workspace_full_conected/install/car:/opt/ros/humble /opt/st/stm32cubeclt_1.18.0/CMake/bin/cmake --install /home/rhobtor/PHD/ARGOJ8_IA/build/argj801_sensors_msgs
