[0.401s] Invoking command in '/home/rhobtor/PHD/ARGOJ8_IA/build/octomap_server': AMENT_PREFIX_PATH=/home/rhobtor/PHD/ARGOJ8_IA/install/car_interfaces:${AMENT_PREFIX_PATH} CMAKE_PREFIX_PATH=/home/rhobtor/PHD/ARGOJ8_IA/install/car_interfaces:/home/rhobtor/PHD/reactive/Reactive-Navegation/workspace_full_conected/install/octomap_mapping:/home/rhobtor/PHD/reactive/Reactive-Navegation/workspace_full_conected/install/octomap_server:/home/rhobtor/PHD/reactive/Reactive-Navegation/workspace_full_conected/install/octomap_rviz_plugins:/home/rhobtor/PHD/reactive/Reactive-Navegation/workspace_full_conected/install/hector_gazebo_plugins:/home/rhobtor/PHD/reactive/Reactive-Navegation/workspace_full_conected/install/car_cpp:/home/rhobtor/PHD/reactive/Reactive-Navegation/workspace_full_conected/install/car_interfaces:/home/rhobtor/PHD/reactive/Reactive-Navegation/workspace_full_conected/install/car:/opt/ros/humble LD_LIBRARY_PATH=/home/rhobtor/PHD/ARGOJ8_IA/install/car_interfaces/lib:${LD_LIBRARY_PATH} PYTHONPATH=/home/rhobtor/PHD/ARGOJ8_IA/install/car_interfaces/local/lib/python3.10/dist-packages:${PYTHONPATH} /opt/st/stm32cubeclt_1.18.0/CMake/bin/cmake --build /home/rhobtor/PHD/ARGOJ8_IA/build/octomap_server -- -j16 -l16
[0.770s] [  7%] Built target octomap_server_static
[0.770s] [ 15%] Built target octomap_server_static_node
[0.770s] [ 23%] Built target octomap_server_node
[0.770s] [ 30%] Built target octomap_server_multilayer_node
[0.770s] [ 38%] Built target tracking_octomap_server_node
[0.771s] [ 46%] Built target color_octomap_server_node
[0.771s] [ 53%] Built target octomap_saver_node
[0.771s] [ 61%] Built target octomap_server
[0.771s] [ 73%] Built target octomap_server_multilayer
[0.771s] [ 84%] Built target tracking_octomap_server
[0.771s] [ 92%] Built target color_octomap_server
[0.771s] [100%] Built target octomap_saver
[0.841s] Invoked command in '/home/rhobtor/PHD/ARGOJ8_IA/build/octomap_server' returned '0': AMENT_PREFIX_PATH=/home/rhobtor/PHD/ARGOJ8_IA/install/car_interfaces:${AMENT_PREFIX_PATH} CMAKE_PREFIX_PATH=/home/rhobtor/PHD/ARGOJ8_IA/install/car_interfaces:/home/rhobtor/PHD/reactive/Reactive-Navegation/workspace_full_conected/install/octomap_mapping:/home/rhobtor/PHD/reactive/Reactive-Navegation/workspace_full_conected/install/octomap_server:/home/rhobtor/PHD/reactive/Reactive-Navegation/workspace_full_conected/install/octomap_rviz_plugins:/home/rhobtor/PHD/reactive/Reactive-Navegation/workspace_full_conected/install/hector_gazebo_plugins:/home/rhobtor/PHD/reactive/Reactive-Navegation/workspace_full_conected/install/car_cpp:/home/rhobtor/PHD/reactive/Reactive-Navegation/workspace_full_conected/install/car_interfaces:/home/rhobtor/PHD/reactive/Reactive-Navegation/workspace_full_conected/install/car:/opt/ros/humble LD_LIBRARY_PATH=/home/rhobtor/PHD/ARGOJ8_IA/install/car_interfaces/lib:${LD_LIBRARY_PATH} PYTHONPATH=/home/rhobtor/PHD/ARGOJ8_IA/install/car_interfaces/local/lib/python3.10/dist-packages:${PYTHONPATH} /opt/st/stm32cubeclt_1.18.0/CMake/bin/cmake --build /home/rhobtor/PHD/ARGOJ8_IA/build/octomap_server -- -j16 -l16
[0.843s] Invoking command in '/home/rhobtor/PHD/ARGOJ8_IA/build/octomap_server': AMENT_PREFIX_PATH=/home/rhobtor/PHD/ARGOJ8_IA/install/car_interfaces:${AMENT_PREFIX_PATH} CMAKE_PREFIX_PATH=/home/rhobtor/PHD/ARGOJ8_IA/install/car_interfaces:/home/rhobtor/PHD/reactive/Reactive-Navegation/workspace_full_conected/install/octomap_mapping:/home/rhobtor/PHD/reactive/Reactive-Navegation/workspace_full_conected/install/octomap_server:/home/rhobtor/PHD/reactive/Reactive-Navegation/workspace_full_conected/install/octomap_rviz_plugins:/home/rhobtor/PHD/reactive/Reactive-Navegation/workspace_full_conected/install/hector_gazebo_plugins:/home/rhobtor/PHD/reactive/Reactive-Navegation/workspace_full_conected/install/car_cpp:/home/rhobtor/PHD/reactive/Reactive-Navegation/workspace_full_conected/install/car_interfaces:/home/rhobtor/PHD/reactive/Reactive-Navegation/workspace_full_conected/install/car:/opt/ros/humble LD_LIBRARY_PATH=/home/rhobtor/PHD/ARGOJ8_IA/install/car_interfaces/lib:${LD_LIBRARY_PATH} PYTHONPATH=/home/rhobtor/PHD/ARGOJ8_IA/install/car_interfaces/local/lib/python3.10/dist-packages:${PYTHONPATH} /opt/st/stm32cubeclt_1.18.0/CMake/bin/cmake --install /home/rhobtor/PHD/ARGOJ8_IA/build/octomap_server
[0.911s] -- Install configuration: ""
[0.912s] -- Up-to-date: /home/rhobtor/PHD/ARGOJ8_IA/install/octomap_server/lib/octomap_server/octomap_server_static_node
[0.913s] -- Up-to-date: /home/rhobtor/PHD/ARGOJ8_IA/install/octomap_server/lib/octomap_server/octomap_server_node
[0.913s] -- Up-to-date: /home/rhobtor/PHD/ARGOJ8_IA/install/octomap_server/lib/octomap_server/octomap_server_multilayer_node
[0.914s] -- Up-to-date: /home/rhobtor/PHD/ARGOJ8_IA/install/octomap_server/lib/octomap_server/tracking_octomap_server_node
[0.915s] -- Up-to-date: /home/rhobtor/PHD/ARGOJ8_IA/install/octomap_server/lib/octomap_server/color_octomap_server_node
[0.915s] -- Up-to-date: /home/rhobtor/PHD/ARGOJ8_IA/install/octomap_server/lib/octomap_server/octomap_saver_node
[0.916s] -- Up-to-date: /home/rhobtor/PHD/ARGOJ8_IA/install/octomap_server/include
[0.916s] -- Up-to-date: /home/rhobtor/PHD/ARGOJ8_IA/install/octomap_server/include/octomap_server
[0.917s] -- Up-to-date: /home/rhobtor/PHD/ARGOJ8_IA/install/octomap_server/include/octomap_server/octomap_server.hpp
[0.917s] -- Up-to-date: /home/rhobtor/PHD/ARGOJ8_IA/install/octomap_server/include/octomap_server/tracking_octomap_server.hpp
[0.918s] -- Up-to-date: /home/rhobtor/PHD/ARGOJ8_IA/install/octomap_server/include/octomap_server/octomap_server_multilayer.hpp
[0.919s] -- Up-to-date: /home/rhobtor/PHD/ARGOJ8_IA/install/octomap_server/include/octomap_server/octomap_server_static.hpp
[0.920s] -- Up-to-date: /home/rhobtor/PHD/ARGOJ8_IA/install/octomap_server/share/octomap_server/environment/library_path.sh
[0.920s] -- Up-to-date: /home/rhobtor/PHD/ARGOJ8_IA/install/octomap_server/share/octomap_server/environment/library_path.dsv
[0.922s] -- Up-to-date: /home/rhobtor/PHD/ARGOJ8_IA/install/octomap_server/lib/liboctomap_server_static.so
[0.924s] -- Up-to-date: /home/rhobtor/PHD/ARGOJ8_IA/install/octomap_server/lib/liboctomap_server.so
[0.925s] -- Up-to-date: /home/rhobtor/PHD/ARGOJ8_IA/install/octomap_server/lib/liboctomap_server_multilayer.so
[0.925s] -- Up-to-date: /home/rhobtor/PHD/ARGOJ8_IA/install/octomap_server/lib/libtracking_octomap_server.so
[0.925s] -- Up-to-date: /home/rhobtor/PHD/ARGOJ8_IA/install/octomap_server/lib/libcolor_octomap_server.so
[0.925s] -- Up-to-date: /home/rhobtor/PHD/ARGOJ8_IA/install/octomap_server/lib/liboctomap_saver.so
[0.925s] -- Up-to-date: /home/rhobtor/PHD/ARGOJ8_IA/install/octomap_server/share/octomap_server/launch
[0.925s] -- Up-to-date: /home/rhobtor/PHD/ARGOJ8_IA/install/octomap_server/share/octomap_server/launch/octomap_mapping.launch.xml
[0.925s] -- Up-to-date: /home/rhobtor/PHD/ARGOJ8_IA/install/octomap_server/share/octomap_server/launch/octomap_tracking_server.launch.xml
[0.925s] -- Up-to-date: /home/rhobtor/PHD/ARGOJ8_IA/install/octomap_server/share/octomap_server/launch/octomap_tracking_client.launch.xml
[0.926s] -- Up-to-date: /home/rhobtor/PHD/ARGOJ8_IA/install/octomap_server/share/octomap_server/params
[0.926s] -- Up-to-date: /home/rhobtor/PHD/ARGOJ8_IA/install/octomap_server/share/octomap_server/params/default.yaml
[0.926s] -- Up-to-date: /home/rhobtor/PHD/ARGOJ8_IA/install/octomap_server/share/ament_index/resource_index/package_run_dependencies/octomap_server
[0.926s] -- Up-to-date: /home/rhobtor/PHD/ARGOJ8_IA/install/octomap_server/share/ament_index/resource_index/parent_prefix_path/octomap_server
[0.926s] -- Up-to-date: /home/rhobtor/PHD/ARGOJ8_IA/install/octomap_server/share/octomap_server/environment/ament_prefix_path.sh
[0.926s] -- Up-to-date: /home/rhobtor/PHD/ARGOJ8_IA/install/octomap_server/share/octomap_server/environment/ament_prefix_path.dsv
[0.926s] -- Up-to-date: /home/rhobtor/PHD/ARGOJ8_IA/install/octomap_server/share/octomap_server/environment/path.sh
[0.926s] -- Up-to-date: /home/rhobtor/PHD/ARGOJ8_IA/install/octomap_server/share/octomap_server/environment/path.dsv
[0.926s] -- Up-to-date: /home/rhobtor/PHD/ARGOJ8_IA/install/octomap_server/share/octomap_server/local_setup.bash
[0.926s] -- Up-to-date: /home/rhobtor/PHD/ARGOJ8_IA/install/octomap_server/share/octomap_server/local_setup.sh
[0.927s] -- Up-to-date: /home/rhobtor/PHD/ARGOJ8_IA/install/octomap_server/share/octomap_server/local_setup.zsh
[0.927s] -- Up-to-date: /home/rhobtor/PHD/ARGOJ8_IA/install/octomap_server/share/octomap_server/local_setup.dsv
[0.927s] -- Installing: /home/rhobtor/PHD/ARGOJ8_IA/install/octomap_server/share/octomap_server/package.dsv
[0.927s] -- Up-to-date: /home/rhobtor/PHD/ARGOJ8_IA/install/octomap_server/share/ament_index/resource_index/packages/octomap_server
[0.927s] -- Up-to-date: /home/rhobtor/PHD/ARGOJ8_IA/install/octomap_server/share/ament_index/resource_index/rclcpp_components/octomap_server
[0.927s] -- Up-to-date: /home/rhobtor/PHD/ARGOJ8_IA/install/octomap_server/share/octomap_server/cmake/ament_cmake_export_dependencies-extras.cmake
[0.927s] -- Up-to-date: /home/rhobtor/PHD/ARGOJ8_IA/install/octomap_server/share/octomap_server/cmake/ament_cmake_export_include_directories-extras.cmake
[0.927s] -- Up-to-date: /home/rhobtor/PHD/ARGOJ8_IA/install/octomap_server/share/octomap_server/cmake/ament_cmake_export_libraries-extras.cmake
[0.927s] -- Up-to-date: /home/rhobtor/PHD/ARGOJ8_IA/install/octomap_server/share/octomap_server/cmake/octomap_serverConfig.cmake
[0.927s] -- Up-to-date: /home/rhobtor/PHD/ARGOJ8_IA/install/octomap_server/share/octomap_server/cmake/octomap_serverConfig-version.cmake
[0.927s] -- Up-to-date: /home/rhobtor/PHD/ARGOJ8_IA/install/octomap_server/share/octomap_server/package.xml
[0.928s] -- Up-to-date: /home/rhobtor/PHD/ARGOJ8_IA/install/octomap_server/lib/octomap_server/octomap_eraser_cli.py
[1.123s] Invoked command in '/home/rhobtor/PHD/ARGOJ8_IA/build/octomap_server' returned '0': AMENT_PREFIX_PATH=/home/rhobtor/PHD/ARGOJ8_IA/install/car_interfaces:${AMENT_PREFIX_PATH} CMAKE_PREFIX_PATH=/home/rhobtor/PHD/ARGOJ8_IA/install/car_interfaces:/home/rhobtor/PHD/reactive/Reactive-Navegation/workspace_full_conected/install/octomap_mapping:/home/rhobtor/PHD/reactive/Reactive-Navegation/workspace_full_conected/install/octomap_server:/home/rhobtor/PHD/reactive/Reactive-Navegation/workspace_full_conected/install/octomap_rviz_plugins:/home/rhobtor/PHD/reactive/Reactive-Navegation/workspace_full_conected/install/hector_gazebo_plugins:/home/rhobtor/PHD/reactive/Reactive-Navegation/workspace_full_conected/install/car_cpp:/home/rhobtor/PHD/reactive/Reactive-Navegation/workspace_full_conected/install/car_interfaces:/home/rhobtor/PHD/reactive/Reactive-Navegation/workspace_full_conected/install/car:/opt/ros/humble LD_LIBRARY_PATH=/home/rhobtor/PHD/ARGOJ8_IA/install/car_interfaces/lib:${LD_LIBRARY_PATH} PYTHONPATH=/home/rhobtor/PHD/ARGOJ8_IA/install/car_interfaces/local/lib/python3.10/dist-packages:${PYTHONPATH} /opt/st/stm32cubeclt_1.18.0/CMake/bin/cmake --install /home/rhobtor/PHD/ARGOJ8_IA/build/octomap_server
