[1.662s] Invoking command in '/home/rhobtor/PHD/ARGOJ8_IA/src/android_ros2_server': PYTHONPATH=/home/rhobtor/PHD/ARGOJ8_IA/build/android_ros2_server/prefix_override:/usr/lib/python3/dist-packages/colcon_core/task/python/colcon_distutils_commands:/home/rhobtor/PHD/ARGOJ8_IA/install/android_ros2_server/lib/python3.10/site-packages:${PYTHONPATH} /usr/bin/python3 -W ignore:setup.py install is deprecated -W ignore:easy_install command is deprecated setup.py egg_info --egg-base ../../build/android_ros2_server build --build-base /home/rhobtor/PHD/ARGOJ8_IA/build/android_ros2_server/build install --record /home/rhobtor/PHD/ARGOJ8_IA/build/android_ros2_server/install.log --single-version-externally-managed install_data
[2.119s] running egg_info
[2.121s] writing ../../build/android_ros2_server/android_ros2_server.egg-info/PKG-INFO
[2.121s] writing dependency_links to ../../build/android_ros2_server/android_ros2_server.egg-info/dependency_links.txt
[2.122s] writing entry points to ../../build/android_ros2_server/android_ros2_server.egg-info/entry_points.txt
[2.122s] writing requirements to ../../build/android_ros2_server/android_ros2_server.egg-info/requires.txt
[2.122s] writing top-level names to ../../build/android_ros2_server/android_ros2_server.egg-info/top_level.txt
[2.124s] reading manifest file '../../build/android_ros2_server/android_ros2_server.egg-info/SOURCES.txt'
[2.126s] writing manifest file '../../build/android_ros2_server/android_ros2_server.egg-info/SOURCES.txt'
[2.126s] running build
[2.126s] running build_py
[2.127s] running install
[2.127s] running install_lib
[2.129s] running install_data
[2.129s] running install_egg_info
[2.132s] removing '/home/rhobtor/PHD/ARGOJ8_IA/install/android_ros2_server/lib/python3.10/site-packages/android_ros2_server-0.0.0-py3.10.egg-info' (and everything under it)
[2.133s] Copying ../../build/android_ros2_server/android_ros2_server.egg-info to /home/rhobtor/PHD/ARGOJ8_IA/install/android_ros2_server/lib/python3.10/site-packages/android_ros2_server-0.0.0-py3.10.egg-info
[2.134s] running install_scripts
[2.170s] Installing tcp_server_node script to /home/rhobtor/PHD/ARGOJ8_IA/install/android_ros2_server/lib/android_ros2_server
[2.171s] writing list of installed files to '/home/rhobtor/PHD/ARGOJ8_IA/build/android_ros2_server/install.log'
[2.227s] Invoked command in '/home/rhobtor/PHD/ARGOJ8_IA/src/android_ros2_server' returned '0': PYTHONPATH=/home/rhobtor/PHD/ARGOJ8_IA/build/android_ros2_server/prefix_override:/usr/lib/python3/dist-packages/colcon_core/task/python/colcon_distutils_commands:/home/rhobtor/PHD/ARGOJ8_IA/install/android_ros2_server/lib/python3.10/site-packages:${PYTHONPATH} /usr/bin/python3 -W ignore:setup.py install is deprecated -W ignore:easy_install command is deprecated setup.py egg_info --egg-base ../../build/android_ros2_server build --build-base /home/rhobtor/PHD/ARGOJ8_IA/build/android_ros2_server/build install --record /home/rhobtor/PHD/ARGOJ8_IA/build/android_ros2_server/install.log --single-version-externally-managed install_data
